<?xml version="1.0" encoding="UTF-8"?>
<testsuite xmlns:xsi="http://www.w3.org/2001/XMLSchema-instance" xsi:noNamespaceSchemaLocation="https://maven.apache.org/surefire/maven-failsafe-plugin/xsd/failsafe-test-report-3.0.xsd" version="3.0" name="CucumberTestSuite" time="466.76" tests="20" errors="0" skipped="0" failures="0">
  <properties>
    <property name="java.specification.version" value="15"/>
    <property name="webdriver.chrome.driver" value="C:\Users\ponda\Documents\Final_Project\Final_Web\src\test\resources\webdriver\chromedriver.exe"/>
    <property name="sun.cpu.isalist" value="amd64"/>
    <property name="sun.jnu.encoding" value="Cp1252"/>
    <property name="java.class.path" value="C:\Users\ponda\Documents\Final_Project\Final_Web\target\test-classes;C:\Users\ponda\.m2\repository\net\serenity-bdd\serenity-core\3.2.1\serenity-core-3.2.1.jar;C:\Users\ponda\.m2\repository\net\serenity-bdd\serenity-model\3.2.1\serenity-model-3.2.1.jar;C:\Users\ponda\.m2\repository\org\apache\commons\commons-text\1.9\commons-text-1.9.jar;C:\Users\ponda\.m2\repository\commons-net\commons-net\3.8.0\commons-net-3.8.0.jar;C:\Users\ponda\.m2\repository\com\google\guava\guava\31.1-jre\guava-31.1-jre.jar;C:\Users\ponda\.m2\repository\com\google\guava\failureaccess\1.0.1\failureaccess-1.0.1.jar;C:\Users\ponda\.m2\repository\com\google\guava\listenablefuture\9999.0-empty-to-avoid-conflict-with-guava\listenablefuture-9999.0-empty-to-avoid-conflict-with-guava.jar;C:\Users\ponda\.m2\repository\com\google\code\findbugs\jsr305\3.0.2\jsr305-3.0.2.jar;C:\Users\ponda\.m2\repository\org\checkerframework\checker-qual\3.12.0\checker-qual-3.12.0.jar;C:\Users\ponda\.m2\repository\com\google\errorprone\error_prone_annotations\2.11.0\error_prone_annotations-2.11.0.jar;C:\Users\ponda\.m2\repository\com\google\j2objc\j2objc-annotations\1.3\j2objc-annotations-1.3.jar;C:\Users\ponda\.m2\repository\com\google\inject\guice\5.1.0\guice-5.1.0.jar;C:\Users\ponda\.m2\repository\javax\inject\javax.inject\1\javax.inject-1.jar;C:\Users\ponda\.m2\repository\aopalliance\aopalliance\1.0\aopalliance-1.0.jar;C:\Users\ponda\.m2\repository\org\jsoup\jsoup\1.14.3\jsoup-1.14.3.jar;C:\Users\ponda\.m2\repository\com\thoughtworks\xstream\xstream\1.4.19\xstream-1.4.19.jar;C:\Users\ponda\.m2\repository\io\github\x-stream\mxparser\1.2.2\mxparser-1.2.2.jar;C:\Users\ponda\.m2\repository\xmlpull\xmlpull\1.1.3.1\xmlpull-1.1.3.1.jar;C:\Users\ponda\.m2\repository\io\cucumber\cucumber-java\7.2.3\cucumber-java-7.2.3.jar;C:\Users\ponda\.m2\repository\com\typesafe\config\1.4.2\config-1.4.2.jar;C:\Users\ponda\.m2\repository\org\imgscalr\imgscalr-lib\4.2\imgscalr-lib-4.2.jar;C:\Users\ponda\.m2\repository\org\awaitility\awaitility\4.2.0\awaitility-4.2.0.jar;C:\Users\ponda\.m2\repository\org\freemarker\freemarker\2.3.31\freemarker-2.3.31.jar;C:\Users\ponda\.m2\repository\io\github\classgraph\classgraph\4.8.138\classgraph-4.8.138.jar;C:\Users\ponda\.m2\repository\net\sourceforge\jexcelapi\jxl\2.6.12\jxl-2.6.12.jar;C:\Users\ponda\.m2\repository\net\bytebuddy\byte-buddy\1.12.8\byte-buddy-1.12.8.jar;C:\Users\ponda\.m2\repository\net\bytebuddy\byte-buddy-agent\1.12.8\byte-buddy-agent-1.12.8.jar;C:\Users\ponda\.m2\repository\org\objenesis\objenesis\3.1\objenesis-3.1.jar;C:\Users\ponda\.m2\repository\net\serenity-bdd\serenity-reports\3.2.1\serenity-reports-3.2.1.jar;C:\Users\ponda\.m2\repository\net\serenity-bdd\serenity-stats\3.2.1\serenity-stats-3.2.1.jar;C:\Users\ponda\.m2\repository\net\serenity-bdd\serenity-reports-configuration\3.2.1\serenity-reports-configuration-3.2.1.jar;C:\Users\ponda\.m2\repository\com\vladsch\flexmark\flexmark-all\0.34.30\flexmark-all-0.34.30.jar;C:\Users\ponda\.m2\repository\com\vladsch\flexmark\flexmark\0.34.30\flexmark-0.34.30.jar;C:\Users\ponda\.m2\repository\com\vladsch\flexmark\flexmark-ext-abbreviation\0.34.30\flexmark-ext-abbreviation-0.34.30.jar;C:\Users\ponda\.m2\repository\com\vladsch\flexmark\flexmark-ext-admonition\0.34.30\flexmark-ext-admonition-0.34.30.jar;C:\Users\ponda\.m2\repository\com\vladsch\flexmark\flexmark-ext-anchorlink\0.34.30\flexmark-ext-anchorlink-0.34.30.jar;C:\Users\ponda\.m2\repository\com\vladsch\flexmark\flexmark-ext-aside\0.34.30\flexmark-ext-aside-0.34.30.jar;C:\Users\ponda\.m2\repository\com\vladsch\flexmark\flexmark-ext-attributes\0.34.30\flexmark-ext-attributes-0.34.30.jar;C:\Users\ponda\.m2\repository\com\vladsch\flexmark\flexmark-ext-autolink\0.34.30\flexmark-ext-autolink-0.34.30.jar;C:\Users\ponda\.m2\repository\org\nibor\autolink\autolink\0.6.0\autolink-0.6.0.jar;C:\Users\ponda\.m2\repository\com\vladsch\flexmark\flexmark-ext-definition\0.34.30\flexmark-ext-definition-0.34.30.jar;C:\Users\ponda\.m2\repository\com\vladsch\flexmark\flexmark-ext-emoji\0.34.30\flexmark-ext-emoji-0.34.30.jar;C:\Users\ponda\.m2\repository\com\vladsch\flexmark\flexmark-ext-enumerated-reference\0.34.30\flexmark-ext-enumerated-reference-0.34.30.jar;C:\Users\ponda\.m2\repository\com\vladsch\flexmark\flexmark-ext-escaped-character\0.34.30\flexmark-ext-escaped-character-0.34.30.jar;C:\Users\ponda\.m2\repository\com\vladsch\flexmark\flexmark-ext-footnotes\0.34.30\flexmark-ext-footnotes-0.34.30.jar;C:\Users\ponda\.m2\repository\com\vladsch\flexmark\flexmark-ext-gfm-issues\0.34.30\flexmark-ext-gfm-issues-0.34.30.jar;C:\Users\ponda\.m2\repository\com\vladsch\flexmark\flexmark-ext-gfm-strikethrough\0.34.30\flexmark-ext-gfm-strikethrough-0.34.30.jar;C:\Users\ponda\.m2\repository\com\vladsch\flexmark\flexmark-ext-gfm-tables\0.34.30\flexmark-ext-gfm-tables-0.34.30.jar;C:\Users\ponda\.m2\repository\com\vladsch\flexmark\flexmark-ext-gfm-tasklist\0.34.30\flexmark-ext-gfm-tasklist-0.34.30.jar;C:\Users\ponda\.m2\repository\com\vladsch\flexmark\flexmark-ext-gfm-users\0.34.30\flexmark-ext-gfm-users-0.34.30.jar;C:\Users\ponda\.m2\repository\com\vladsch\flexmark\flexmark-ext-gitlab\0.34.30\flexmark-ext-gitlab-0.34.30.jar;C:\Users\ponda\.m2\repository\com\vladsch\flexmark\flexmark-ext-jekyll-front-matter\0.34.30\flexmark-ext-jekyll-front-matter-0.34.30.jar;C:\Users\ponda\.m2\repository\com\vladsch\flexmark\flexmark-ext-jekyll-tag\0.34.30\flexmark-ext-jekyll-tag-0.34.30.jar;C:\Users\ponda\.m2\repository\com\vladsch\flexmark\flexmark-ext-media-tags\0.34.30\flexmark-ext-media-tags-0.34.30.jar;C:\Users\ponda\.m2\repository\com\vladsch\flexmark\flexmark-test-util\0.34.30\flexmark-test-util-0.34.30.jar;C:\Users\ponda\.m2\repository\com\vladsch\flexmark\flexmark-ext-ins\0.34.30\flexmark-ext-ins-0.34.30.jar;C:\Users\ponda\.m2\repository\com\vladsch\flexmark\flexmark-ext-xwiki-macros\0.34.30\flexmark-ext-xwiki-macros-0.34.30.jar;C:\Users\ponda\.m2\repository\com\vladsch\flexmark\flexmark-ext-superscript\0.34.30\flexmark-ext-superscript-0.34.30.jar;C:\Users\ponda\.m2\repository\com\vladsch\flexmark\flexmark-ext-tables\0.34.30\flexmark-ext-tables-0.34.30.jar;C:\Users\ponda\.m2\repository\com\vladsch\flexmark\flexmark-ext-toc\0.34.30\flexmark-ext-toc-0.34.30.jar;C:\Users\ponda\.m2\repository\com\vladsch\flexmark\flexmark-ext-typographic\0.34.30\flexmark-ext-typographic-0.34.30.jar;C:\Users\ponda\.m2\repository\com\vladsch\flexmark\flexmark-ext-wikilink\0.34.30\flexmark-ext-wikilink-0.34.30.jar;C:\Users\ponda\.m2\repository\com\vladsch\flexmark\flexmark-ext-yaml-front-matter\0.34.30\flexmark-ext-yaml-front-matter-0.34.30.jar;C:\Users\ponda\.m2\repository\com\vladsch\flexmark\flexmark-ext-youtube-embedded\0.34.30\flexmark-ext-youtube-embedded-0.34.30.jar;C:\Users\ponda\.m2\repository\com\vladsch\flexmark\flexmark-formatter\0.34.30\flexmark-formatter-0.34.30.jar;C:\Users\ponda\.m2\repository\com\vladsch\flexmark\flexmark-html-parser\0.34.30\flexmark-html-parser-0.34.30.jar;C:\Users\ponda\.m2\repository\com\vladsch\flexmark\flexmark-jira-converter\0.34.30\flexmark-jira-converter-0.34.30.jar;C:\Users\ponda\.m2\repository\com\vladsch\flexmark\flexmark-pdf-converter\0.34.30\flexmark-pdf-converter-0.34.30.jar;C:\Users\ponda\.m2\repository\com\openhtmltopdf\openhtmltopdf-core\0.0.1-RC13\openhtmltopdf-core-0.0.1-RC13.jar;C:\Users\ponda\.m2\repository\com\openhtmltopdf\openhtmltopdf-pdfbox\0.0.1-RC13\openhtmltopdf-pdfbox-0.0.1-RC13.jar;C:\Users\ponda\.m2\repository\org\apache\pdfbox\pdfbox\2.0.8\pdfbox-2.0.8.jar;C:\Users\ponda\.m2\repository\org\apache\pdfbox\fontbox\2.0.8\fontbox-2.0.8.jar;C:\Users\ponda\.m2\repository\commons-logging\commons-logging\1.2\commons-logging-1.2.jar;C:\Users\ponda\.m2\repository\org\apache\pdfbox\xmpbox\2.0.8\xmpbox-2.0.8.jar;C:\Users\ponda\.m2\repository\de\rototor\pdfbox\graphics2d\0.12\graphics2d-0.12.jar;C:\Users\ponda\.m2\repository\com\openhtmltopdf\openhtmltopdf-rtl-support\0.0.1-RC13\openhtmltopdf-rtl-support-0.0.1-RC13.jar;C:\Users\ponda\.m2\repository\com\ibm\icu\icu4j\59.1\icu4j-59.1.jar;C:\Users\ponda\.m2\repository\com\openhtmltopdf\openhtmltopdf-jsoup-dom-converter\0.0.1-RC13\openhtmltopdf-jsoup-dom-converter-0.0.1-RC13.jar;C:\Users\ponda\.m2\repository\com\vladsch\flexmark\flexmark-profile-pegdown\0.34.30\flexmark-profile-pegdown-0.34.30.jar;C:\Users\ponda\.m2\repository\com\vladsch\flexmark\flexmark-util\0.34.30\flexmark-util-0.34.30.jar;C:\Users\ponda\.m2\repository\com\vladsch\flexmark\flexmark-youtrack-converter\0.34.30\flexmark-youtrack-converter-0.34.30.jar;C:\Users\ponda\.m2\repository\es\nitaur\markdown\txtmark\0.16\txtmark-0.16.jar;C:\Users\ponda\.m2\repository\net\serenity-bdd\serenity-report-resources\3.2.1\serenity-report-resources-3.2.1.jar;C:\Users\ponda\.m2\repository\com\google\code\gson\gson\2.9.0\gson-2.9.0.jar;C:\Users\ponda\.m2\repository\com\fasterxml\jackson\core\jackson-core\2.13.2\jackson-core-2.13.2.jar;C:\Users\ponda\.m2\repository\com\fasterxml\jackson\core\jackson-databind\2.13.2\jackson-databind-2.13.2.jar;C:\Users\ponda\.m2\repository\com\fasterxml\jackson\core\jackson-annotations\2.13.2\jackson-annotations-2.13.2.jar;C:\Users\ponda\.m2\repository\commons-codec\commons-codec\1.15\commons-codec-1.15.jar;C:\Users\ponda\.m2\repository\commons-io\commons-io\2.11.0\commons-io-2.11.0.jar;C:\Users\ponda\.m2\repository\org\seleniumhq\selenium\selenium-java\4.1.2\selenium-java-4.1.2.jar;C:\Users\ponda\.m2\repository\org\seleniumhq\selenium\selenium-devtools-v85\4.1.2\selenium-devtools-v85-4.1.2.jar;C:\Users\ponda\.m2\repository\org\seleniumhq\selenium\selenium-devtools-v95\4.1.2\selenium-devtools-v95-4.1.2.jar;C:\Users\ponda\.m2\repository\org\seleniumhq\selenium\selenium-devtools-v96\4.1.2\selenium-devtools-v96-4.1.2.jar;C:\Users\ponda\.m2\repository\org\seleniumhq\selenium\selenium-devtools-v97\4.1.2\selenium-devtools-v97-4.1.2.jar;C:\Users\ponda\.m2\repository\org\seleniumhq\selenium\selenium-firefox-xpi-driver\4.1.2\selenium-firefox-xpi-driver-4.1.2.jar;C:\Users\ponda\.m2\repository\org\seleniumhq\selenium\selenium-opera-driver\4.1.2\selenium-opera-driver-4.1.2.jar;C:\Users\ponda\.m2\repository\org\seleniumhq\selenium\selenium-remote-driver\4.1.2\selenium-remote-driver-4.1.2.jar;C:\Users\ponda\.m2\repository\com\beust\jcommander\1.82\jcommander-1.82.jar;C:\Users\ponda\.m2\repository\io\netty\netty-buffer\4.1.73.Final\netty-buffer-4.1.73.Final.jar;C:\Users\ponda\.m2\repository\io\netty\netty-codec-http\4.1.73.Final\netty-codec-http-4.1.73.Final.jar;C:\Users\ponda\.m2\repository\io\netty\netty-codec\4.1.73.Final\netty-codec-4.1.73.Final.jar;C:\Users\ponda\.m2\repository\io\netty\netty-handler\4.1.73.Final\netty-handler-4.1.73.Final.jar;C:\Users\ponda\.m2\repository\io\netty\netty-tcnative-classes\2.0.46.Final\netty-tcnative-classes-2.0.46.Final.jar;C:\Users\ponda\.m2\repository\io\netty\netty-common\4.1.73.Final\netty-common-4.1.73.Final.jar;C:\Users\ponda\.m2\repository\io\netty\netty-transport-classes-epoll\4.1.73.Final\netty-transport-classes-epoll-4.1.73.Final.jar;C:\Users\ponda\.m2\repository\io\netty\netty-transport-classes-kqueue\4.1.73.Final\netty-transport-classes-kqueue-4.1.73.Final.jar;C:\Users\ponda\.m2\repository\io\netty\netty-transport-native-epoll\4.1.73.Final\netty-transport-native-epoll-4.1.73.Final.jar;C:\Users\ponda\.m2\repository\io\netty\netty-transport-native-kqueue\4.1.73.Final\netty-transport-native-kqueue-4.1.73.Final.jar;C:\Users\ponda\.m2\repository\io\netty\netty-transport-native-unix-common\4.1.73.Final\netty-transport-native-unix-common-4.1.73.Final.jar;C:\Users\ponda\.m2\repository\io\netty\netty-transport\4.1.73.Final\netty-transport-4.1.73.Final.jar;C:\Users\ponda\.m2\repository\io\netty\netty-resolver\4.1.73.Final\netty-resolver-4.1.73.Final.jar;C:\Users\ponda\.m2\repository\io\opentelemetry\opentelemetry-api\1.10.1\opentelemetry-api-1.10.1.jar;C:\Users\ponda\.m2\repository\io\opentelemetry\opentelemetry-context\1.10.1\opentelemetry-context-1.10.1.jar;C:\Users\ponda\.m2\repository\io\opentelemetry\opentelemetry-exporter-logging\1.10.1\opentelemetry-exporter-logging-1.10.1.jar;C:\Users\ponda\.m2\repository\io\opentelemetry\opentelemetry-sdk-metrics\1.10.1-alpha\opentelemetry-sdk-metrics-1.10.1-alpha.jar;C:\Users\ponda\.m2\repository\io\opentelemetry\opentelemetry-sdk-logs\1.10.1-alpha\opentelemetry-sdk-logs-1.10.1-alpha.jar;C:\Users\ponda\.m2\repository\io\opentelemetry\opentelemetry-sdk-common\1.10.1\opentelemetry-sdk-common-1.10.1.jar;C:\Users\ponda\.m2\repository\io\opentelemetry\opentelemetry-sdk-extension-autoconfigure-spi\1.10.1\opentelemetry-sdk-extension-autoconfigure-spi-1.10.1.jar;C:\Users\ponda\.m2\repository\io\opentelemetry\opentelemetry-sdk-extension-autoconfigure\1.10.1-alpha\opentelemetry-sdk-extension-autoconfigure-1.10.1-alpha.jar;C:\Users\ponda\.m2\repository\io\opentelemetry\opentelemetry-sdk-trace\1.10.1\opentelemetry-sdk-trace-1.10.1.jar;C:\Users\ponda\.m2\repository\io\opentelemetry\opentelemetry-sdk\1.10.1\opentelemetry-sdk-1.10.1.jar;C:\Users\ponda\.m2\repository\io\opentelemetry\opentelemetry-semconv\1.10.1-alpha\opentelemetry-semconv-1.10.1-alpha.jar;C:\Users\ponda\.m2\repository\io\ous\jtoml\2.0.0\jtoml-2.0.0.jar;C:\Users\ponda\.m2\repository\org\apache\commons\commons-exec\1.3\commons-exec-1.3.jar;C:\Users\ponda\.m2\repository\org\asynchttpclient\async-http-client\2.12.3\async-http-client-2.12.3.jar;C:\Users\ponda\.m2\repository\org\asynchttpclient\async-http-client-netty-utils\2.12.3\async-http-client-netty-utils-2.12.3.jar;C:\Users\ponda\.m2\repository\io\netty\netty-codec-socks\4.1.60.Final\netty-codec-socks-4.1.60.Final.jar;C:\Users\ponda\.m2\repository\io\netty\netty-handler-proxy\4.1.60.Final\netty-handler-proxy-4.1.60.Final.jar;C:\Users\ponda\.m2\repository\io\netty\netty-transport-native-epoll\4.1.60.Final\netty-transport-native-epoll-4.1.60.Final-linux-x86_64.jar;C:\Users\ponda\.m2\repository\io\netty\netty-transport-native-kqueue\4.1.60.Final\netty-transport-native-kqueue-4.1.60.Final-osx-x86_64.jar;C:\Users\ponda\.m2\repository\org\reactivestreams\reactive-streams\1.0.3\reactive-streams-1.0.3.jar;C:\Users\ponda\.m2\repository\com\typesafe\netty\netty-reactive-streams\2.0.4\netty-reactive-streams-2.0.4.jar;C:\Users\ponda\.m2\repository\org\seleniumhq\selenium\selenium-http\4.1.2\selenium-http-4.1.2.jar;C:\Users\ponda\.m2\repository\net\jodah\failsafe\2.4.4\failsafe-2.4.4.jar;C:\Users\ponda\.m2\repository\org\seleniumhq\selenium\selenium-safari-driver\4.1.2\selenium-safari-driver-4.1.2.jar;C:\Users\ponda\.m2\repository\org\seleniumhq\selenium\selenium-api\4.1.2\selenium-api-4.1.2.jar;C:\Users\ponda\.m2\repository\org\seleniumhq\selenium\selenium-support\4.1.2\selenium-support-4.1.2.jar;C:\Users\ponda\.m2\repository\com\google\auto\service\auto-service-annotations\1.0.1\auto-service-annotations-1.0.1.jar;C:\Users\ponda\.m2\repository\com\google\auto\service\auto-service\1.0.1\auto-service-1.0.1.jar;C:\Users\ponda\.m2\repository\com\google\auto\auto-common\1.2\auto-common-1.2.jar;C:\Users\ponda\.m2\repository\org\seleniumhq\selenium\selenium-json\4.1.2\selenium-json-4.1.2.jar;C:\Users\ponda\.m2\repository\org\seleniumhq\selenium\selenium-chrome-driver\4.1.2\selenium-chrome-driver-4.1.2.jar;C:\Users\ponda\.m2\repository\org\seleniumhq\selenium\selenium-chromium-driver\4.1.2\selenium-chromium-driver-4.1.2.jar;C:\Users\ponda\.m2\repository\org\seleniumhq\selenium\selenium-firefox-driver\4.1.2\selenium-firefox-driver-4.1.2.jar;C:\Users\ponda\.m2\repository\org\seleniumhq\selenium\selenium-edge-driver\4.1.2\selenium-edge-driver-4.1.2.jar;C:\Users\ponda\.m2\repository\org\seleniumhq\selenium\selenium-ie-driver\4.1.2\selenium-ie-driver-4.1.2.jar;C:\Users\ponda\.m2\repository\org\projectlombok\lombok\1.18.20\lombok-1.18.20.jar;C:\Users\ponda\.m2\repository\io\appium\java-client\8.0.0\java-client-8.0.0.jar;C:\Users\ponda\.m2\repository\commons-validator\commons-validator\1.7\commons-validator-1.7.jar;C:\Users\ponda\.m2\repository\commons-digester\commons-digester\2.1\commons-digester-2.1.jar;C:\Users\ponda\.m2\repository\org\aspectj\aspectjweaver\1.9.8\aspectjweaver-1.9.8.jar;C:\Users\ponda\.m2\repository\org\codehaus\groovy\groovy\3.0.10\groovy-3.0.10.jar;C:\Users\ponda\.m2\repository\net\sf\opencsv\opencsv\2.0\opencsv-2.0.jar;C:\Users\ponda\.m2\repository\commons-beanutils\commons-beanutils\1.9.4\commons-beanutils-1.9.4.jar;C:\Users\ponda\.m2\repository\org\apache\commons\commons-lang3\3.12.0\commons-lang3-3.12.0.jar;C:\Users\ponda\.m2\repository\commons-collections\commons-collections\3.2.2\commons-collections-3.2.2.jar;C:\Users\ponda\.m2\repository\org\fluentlenium\fluentlenium-core\0.10.2\fluentlenium-core-0.10.2.jar;C:\Users\ponda\.m2\repository\io\github\bonigarcia\webdrivermanager\5.1.0\webdrivermanager-5.1.0.jar;C:\Users\ponda\.m2\repository\com\github\docker-java\docker-java\3.2.13\docker-java-3.2.13.jar;C:\Users\ponda\.m2\repository\com\github\docker-java\docker-java-core\3.2.13\docker-java-core-3.2.13.jar;C:\Users\ponda\.m2\repository\com\github\docker-java\docker-java-api\3.2.13\docker-java-api-3.2.13.jar;C:\Users\ponda\.m2\repository\org\apache\commons\commons-compress\1.21\commons-compress-1.21.jar;C:\Users\ponda\.m2\repository\org\bouncycastle\bcpkix-jdk15on\1.64\bcpkix-jdk15on-1.64.jar;C:\Users\ponda\.m2\repository\org\bouncycastle\bcprov-jdk15on\1.64\bcprov-jdk15on-1.64.jar;C:\Users\ponda\.m2\repository\org\slf4j\jcl-over-slf4j\1.7.30\jcl-over-slf4j-1.7.30.jar;C:\Users\ponda\.m2\repository\com\github\docker-java\docker-java-transport-httpclient5\3.2.13\docker-java-transport-httpclient5-3.2.13.jar;C:\Users\ponda\.m2\repository\com\github\docker-java\docker-java-transport\3.2.13\docker-java-transport-3.2.13.jar;C:\Users\ponda\.m2\repository\org\apache\httpcomponents\client5\httpclient5\5.0.3\httpclient5-5.0.3.jar;C:\Users\ponda\.m2\repository\org\apache\httpcomponents\core5\httpcore5\5.0.2\httpcore5-5.0.2.jar;C:\Users\ponda\.m2\repository\net\java\dev\jna\jna\5.8.0\jna-5.8.0.jar;C:\Users\ponda\.m2\repository\org\brotli\dec\0.1.2\dec-0.1.2.jar;C:\Users\ponda\.m2\repository\com\jhlabs\filters\2.0.235\filters-2.0.235.jar;C:\Users\ponda\.m2\repository\com\paulhammant\ngwebdriver\1.1.6\ngwebdriver-1.1.6.jar;C:\Users\ponda\.m2\repository\joda-time\joda-time\2.8.2\joda-time-2.8.2.jar;C:\Users\ponda\.m2\repository\org\hamcrest\hamcrest\2.2\hamcrest-2.2.jar;C:\Users\ponda\.m2\repository\com\google\jimfs\jimfs\1.2\jimfs-1.2.jar;C:\Users\ponda\.m2\repository\org\mockito\mockito-core\3.3.3\mockito-core-3.3.3.jar;C:\Users\ponda\.m2\repository\javax\xml\bind\jaxb-api\2.3.1\jaxb-api-2.3.1.jar;C:\Users\ponda\.m2\repository\javax\activation\javax.activation-api\1.2.0\javax.activation-api-1.2.0.jar;C:\Users\ponda\.m2\repository\com\sun\xml\bind\jaxb-core\2.3.0.1\jaxb-core-2.3.0.1.jar;C:\Users\ponda\.m2\repository\com\sun\xml\bind\jaxb-impl\2.3.3\jaxb-impl-2.3.3.jar;C:\Users\ponda\.m2\repository\jakarta\xml\bind\jakarta.xml.bind-api\2.3.3\jakarta.xml.bind-api-2.3.3.jar;C:\Users\ponda\.m2\repository\com\sun\activation\jakarta.activation\1.2.2\jakarta.activation-1.2.2.jar;C:\Users\ponda\.m2\repository\javax\activation\activation\1.1.1\activation-1.1.1.jar;C:\Users\ponda\.m2\repository\net\serenity-bdd\serenity-cucumber\3.2.1\serenity-cucumber-3.2.1.jar;C:\Users\ponda\.m2\repository\io\cucumber\cucumber-core\7.2.3\cucumber-core-7.2.3.jar;C:\Users\ponda\.m2\repository\io\cucumber\cucumber-gherkin\7.2.3\cucumber-gherkin-7.2.3.jar;C:\Users\ponda\.m2\repository\io\cucumber\cucumber-gherkin-messages\7.2.3\cucumber-gherkin-messages-7.2.3.jar;C:\Users\ponda\.m2\repository\io\cucumber\messages\17.1.1\messages-17.1.1.jar;C:\Users\ponda\.m2\repository\io\cucumber\tag-expressions\4.1.0\tag-expressions-4.1.0.jar;C:\Users\ponda\.m2\repository\io\cucumber\cucumber-expressions\15.0.1\cucumber-expressions-15.0.1.jar;C:\Users\ponda\.m2\repository\io\cucumber\datatable\7.2.3\datatable-7.2.3.jar;C:\Users\ponda\.m2\repository\io\cucumber\cucumber-plugin\7.2.3\cucumber-plugin-7.2.3.jar;C:\Users\ponda\.m2\repository\io\cucumber\docstring\7.2.3\docstring-7.2.3.jar;C:\Users\ponda\.m2\repository\io\cucumber\html-formatter\17.0.0\html-formatter-17.0.0.jar;C:\Users\ponda\.m2\repository\io\cucumber\ci-environment\8.1.0\ci-environment-8.1.0.jar;C:\Users\ponda\.m2\repository\io\cucumber\cucumber-junit\7.2.3\cucumber-junit-7.2.3.jar;C:\Users\ponda\.m2\repository\org\apache\commons\commons-csv\1.5\commons-csv-1.5.jar;C:\Users\ponda\.m2\repository\net\serenity-bdd\serenity-screenplay\3.2.1\serenity-screenplay-3.2.1.jar;C:\Users\ponda\.m2\repository\net\serenity-bdd\serenity-screenplay-webdriver\3.2.1\serenity-screenplay-webdriver-3.2.1.jar;C:\Users\ponda\.m2\repository\net\serenity-bdd\serenity-ensure\3.2.1\serenity-ensure-3.2.1.jar;C:\Users\ponda\.m2\repository\net\serenity-bdd\serenity-junit\3.2.1\serenity-junit-3.2.1.jar;C:\Users\ponda\.m2\repository\org\jetbrains\kotlin\kotlin-stdlib\1.6.0\kotlin-stdlib-1.6.0.jar;C:\Users\ponda\.m2\repository\org\jetbrains\annotations\13.0\annotations-13.0.jar;C:\Users\ponda\.m2\repository\org\jetbrains\kotlin\kotlin-stdlib-common\1.6.0\kotlin-stdlib-common-1.6.0.jar;C:\Users\ponda\.m2\repository\org\junit\platform\junit-platform-launcher\1.8.1\junit-platform-launcher-1.8.1.jar;C:\Users\ponda\.m2\repository\org\junit\platform\junit-platform-engine\1.8.1\junit-platform-engine-1.8.1.jar;C:\Users\ponda\.m2\repository\org\opentest4j\opentest4j\1.2.0\opentest4j-1.2.0.jar;C:\Users\ponda\.m2\repository\org\junit\platform\junit-platform-commons\1.8.1\junit-platform-commons-1.8.1.jar;C:\Users\ponda\.m2\repository\org\apiguardian\apiguardian-api\1.1.2\apiguardian-api-1.1.2.jar;C:\Users\ponda\.m2\repository\org\junit\jupiter\junit-jupiter-engine\5.8.2\junit-jupiter-engine-5.8.2.jar;C:\Users\ponda\.m2\repository\org\junit\jupiter\junit-jupiter-api\5.8.2\junit-jupiter-api-5.8.2.jar;C:\Users\ponda\.m2\repository\org\junit\vintage\junit-vintage-engine\5.8.2\junit-vintage-engine-5.8.2.jar;C:\Users\ponda\.m2\repository\junit\junit\4.13.2\junit-4.13.2.jar;C:\Users\ponda\.m2\repository\org\hamcrest\hamcrest-core\1.3\hamcrest-core-1.3.jar;C:\Users\ponda\.m2\repository\ch\qos\logback\logback-classic\1.2.10\logback-classic-1.2.10.jar;C:\Users\ponda\.m2\repository\ch\qos\logback\logback-core\1.2.10\logback-core-1.2.10.jar;C:\Users\ponda\.m2\repository\org\slf4j\slf4j-api\1.7.32\slf4j-api-1.7.32.jar;C:\Users\ponda\.m2\repository\org\assertj\assertj-core\3.6.2\assertj-core-3.6.2.jar;"/>
    <property name="java.vm.vendor" value="Oracle Corporation"/>
    <property name="sun.arch.data.model" value="64"/>
    <property name="user.variant" value=""/>
    <property name="java.vendor.url" value="https://java.oracle.com/"/>
    <property name="user.timezone" value="Asia/Jakarta"/>
    <property name="log4j2.formatMsgNoLookups" value="true"/>
    <property name="os.name" value="Windows 10"/>
    <property name="java.vm.specification.version" value="15"/>
    <property name="sun.java.launcher" value="SUN_STANDARD"/>
    <property name="user.country" value="ID"/>
    <property name="sun.boot.library.path" value="C:\Program Files\Java\jdk-15.0.2\bin"/>
    <property name="sun.java.command" value="org.apache.maven.surefire.booter.ForkedBooter C:\Users\ponda\AppData\Local\Temp\surefire10913280311873238779 2022-05-18T15-49-50_373-jvmRun1 surefire14794025708398746875tmp surefire_07907416327714064870tmp"/>
    <property name="jdk.debug" value="release"/>
    <property name="surefire.test.class.path" value="C:\Users\ponda\Documents\Final_Project\Final_Web\target\test-classes;C:\Users\ponda\.m2\repository\net\serenity-bdd\serenity-core\3.2.1\serenity-core-3.2.1.jar;C:\Users\ponda\.m2\repository\net\serenity-bdd\serenity-model\3.2.1\serenity-model-3.2.1.jar;C:\Users\ponda\.m2\repository\org\apache\commons\commons-text\1.9\commons-text-1.9.jar;C:\Users\ponda\.m2\repository\commons-net\commons-net\3.8.0\commons-net-3.8.0.jar;C:\Users\ponda\.m2\repository\com\google\guava\guava\31.1-jre\guava-31.1-jre.jar;C:\Users\ponda\.m2\repository\com\google\guava\failureaccess\1.0.1\failureaccess-1.0.1.jar;C:\Users\ponda\.m2\repository\com\google\guava\listenablefuture\9999.0-empty-to-avoid-conflict-with-guava\listenablefuture-9999.0-empty-to-avoid-conflict-with-guava.jar;C:\Users\ponda\.m2\repository\com\google\code\findbugs\jsr305\3.0.2\jsr305-3.0.2.jar;C:\Users\ponda\.m2\repository\org\checkerframework\checker-qual\3.12.0\checker-qual-3.12.0.jar;C:\Users\ponda\.m2\repository\com\google\errorprone\error_prone_annotations\2.11.0\error_prone_annotations-2.11.0.jar;C:\Users\ponda\.m2\repository\com\google\j2objc\j2objc-annotations\1.3\j2objc-annotations-1.3.jar;C:\Users\ponda\.m2\repository\com\google\inject\guice\5.1.0\guice-5.1.0.jar;C:\Users\ponda\.m2\repository\javax\inject\javax.inject\1\javax.inject-1.jar;C:\Users\ponda\.m2\repository\aopalliance\aopalliance\1.0\aopalliance-1.0.jar;C:\Users\ponda\.m2\repository\org\jsoup\jsoup\1.14.3\jsoup-1.14.3.jar;C:\Users\ponda\.m2\repository\com\thoughtworks\xstream\xstream\1.4.19\xstream-1.4.19.jar;C:\Users\ponda\.m2\repository\io\github\x-stream\mxparser\1.2.2\mxparser-1.2.2.jar;C:\Users\ponda\.m2\repository\xmlpull\xmlpull\1.1.3.1\xmlpull-1.1.3.1.jar;C:\Users\ponda\.m2\repository\io\cucumber\cucumber-java\7.2.3\cucumber-java-7.2.3.jar;C:\Users\ponda\.m2\repository\com\typesafe\config\1.4.2\config-1.4.2.jar;C:\Users\ponda\.m2\repository\org\imgscalr\imgscalr-lib\4.2\imgscalr-lib-4.2.jar;C:\Users\ponda\.m2\repository\org\awaitility\awaitility\4.2.0\awaitility-4.2.0.jar;C:\Users\ponda\.m2\repository\org\freemarker\freemarker\2.3.31\freemarker-2.3.31.jar;C:\Users\ponda\.m2\repository\io\github\classgraph\classgraph\4.8.138\classgraph-4.8.138.jar;C:\Users\ponda\.m2\repository\net\sourceforge\jexcelapi\jxl\2.6.12\jxl-2.6.12.jar;C:\Users\ponda\.m2\repository\net\bytebuddy\byte-buddy\1.12.8\byte-buddy-1.12.8.jar;C:\Users\ponda\.m2\repository\net\bytebuddy\byte-buddy-agent\1.12.8\byte-buddy-agent-1.12.8.jar;C:\Users\ponda\.m2\repository\org\objenesis\objenesis\3.1\objenesis-3.1.jar;C:\Users\ponda\.m2\repository\net\serenity-bdd\serenity-reports\3.2.1\serenity-reports-3.2.1.jar;C:\Users\ponda\.m2\repository\net\serenity-bdd\serenity-stats\3.2.1\serenity-stats-3.2.1.jar;C:\Users\ponda\.m2\repository\net\serenity-bdd\serenity-reports-configuration\3.2.1\serenity-reports-configuration-3.2.1.jar;C:\Users\ponda\.m2\repository\com\vladsch\flexmark\flexmark-all\0.34.30\flexmark-all-0.34.30.jar;C:\Users\ponda\.m2\repository\com\vladsch\flexmark\flexmark\0.34.30\flexmark-0.34.30.jar;C:\Users\ponda\.m2\repository\com\vladsch\flexmark\flexmark-ext-abbreviation\0.34.30\flexmark-ext-abbreviation-0.34.30.jar;C:\Users\ponda\.m2\repository\com\vladsch\flexmark\flexmark-ext-admonition\0.34.30\flexmark-ext-admonition-0.34.30.jar;C:\Users\ponda\.m2\repository\com\vladsch\flexmark\flexmark-ext-anchorlink\0.34.30\flexmark-ext-anchorlink-0.34.30.jar;C:\Users\ponda\.m2\repository\com\vladsch\flexmark\flexmark-ext-aside\0.34.30\flexmark-ext-aside-0.34.30.jar;C:\Users\ponda\.m2\repository\com\vladsch\flexmark\flexmark-ext-attributes\0.34.30\flexmark-ext-attributes-0.34.30.jar;C:\Users\ponda\.m2\repository\com\vladsch\flexmark\flexmark-ext-autolink\0.34.30\flexmark-ext-autolink-0.34.30.jar;C:\Users\ponda\.m2\repository\org\nibor\autolink\autolink\0.6.0\autolink-0.6.0.jar;C:\Users\ponda\.m2\repository\com\vladsch\flexmark\flexmark-ext-definition\0.34.30\flexmark-ext-definition-0.34.30.jar;C:\Users\ponda\.m2\repository\com\vladsch\flexmark\flexmark-ext-emoji\0.34.30\flexmark-ext-emoji-0.34.30.jar;C:\Users\ponda\.m2\repository\com\vladsch\flexmark\flexmark-ext-enumerated-reference\0.34.30\flexmark-ext-enumerated-reference-0.34.30.jar;C:\Users\ponda\.m2\repository\com\vladsch\flexmark\flexmark-ext-escaped-character\0.34.30\flexmark-ext-escaped-character-0.34.30.jar;C:\Users\ponda\.m2\repository\com\vladsch\flexmark\flexmark-ext-footnotes\0.34.30\flexmark-ext-footnotes-0.34.30.jar;C:\Users\ponda\.m2\repository\com\vladsch\flexmark\flexmark-ext-gfm-issues\0.34.30\flexmark-ext-gfm-issues-0.34.30.jar;C:\Users\ponda\.m2\repository\com\vladsch\flexmark\flexmark-ext-gfm-strikethrough\0.34.30\flexmark-ext-gfm-strikethrough-0.34.30.jar;C:\Users\ponda\.m2\repository\com\vladsch\flexmark\flexmark-ext-gfm-tables\0.34.30\flexmark-ext-gfm-tables-0.34.30.jar;C:\Users\ponda\.m2\repository\com\vladsch\flexmark\flexmark-ext-gfm-tasklist\0.34.30\flexmark-ext-gfm-tasklist-0.34.30.jar;C:\Users\ponda\.m2\repository\com\vladsch\flexmark\flexmark-ext-gfm-users\0.34.30\flexmark-ext-gfm-users-0.34.30.jar;C:\Users\ponda\.m2\repository\com\vladsch\flexmark\flexmark-ext-gitlab\0.34.30\flexmark-ext-gitlab-0.34.30.jar;C:\Users\ponda\.m2\repository\com\vladsch\flexmark\flexmark-ext-jekyll-front-matter\0.34.30\flexmark-ext-jekyll-front-matter-0.34.30.jar;C:\Users\ponda\.m2\repository\com\vladsch\flexmark\flexmark-ext-jekyll-tag\0.34.30\flexmark-ext-jekyll-tag-0.34.30.jar;C:\Users\ponda\.m2\repository\com\vladsch\flexmark\flexmark-ext-media-tags\0.34.30\flexmark-ext-media-tags-0.34.30.jar;C:\Users\ponda\.m2\repository\com\vladsch\flexmark\flexmark-test-util\0.34.30\flexmark-test-util-0.34.30.jar;C:\Users\ponda\.m2\repository\com\vladsch\flexmark\flexmark-ext-ins\0.34.30\flexmark-ext-ins-0.34.30.jar;C:\Users\ponda\.m2\repository\com\vladsch\flexmark\flexmark-ext-xwiki-macros\0.34.30\flexmark-ext-xwiki-macros-0.34.30.jar;C:\Users\ponda\.m2\repository\com\vladsch\flexmark\flexmark-ext-superscript\0.34.30\flexmark-ext-superscript-0.34.30.jar;C:\Users\ponda\.m2\repository\com\vladsch\flexmark\flexmark-ext-tables\0.34.30\flexmark-ext-tables-0.34.30.jar;C:\Users\ponda\.m2\repository\com\vladsch\flexmark\flexmark-ext-toc\0.34.30\flexmark-ext-toc-0.34.30.jar;C:\Users\ponda\.m2\repository\com\vladsch\flexmark\flexmark-ext-typographic\0.34.30\flexmark-ext-typographic-0.34.30.jar;C:\Users\ponda\.m2\repository\com\vladsch\flexmark\flexmark-ext-wikilink\0.34.30\flexmark-ext-wikilink-0.34.30.jar;C:\Users\ponda\.m2\repository\com\vladsch\flexmark\flexmark-ext-yaml-front-matter\0.34.30\flexmark-ext-yaml-front-matter-0.34.30.jar;C:\Users\ponda\.m2\repository\com\vladsch\flexmark\flexmark-ext-youtube-embedded\0.34.30\flexmark-ext-youtube-embedded-0.34.30.jar;C:\Users\ponda\.m2\repository\com\vladsch\flexmark\flexmark-formatter\0.34.30\flexmark-formatter-0.34.30.jar;C:\Users\ponda\.m2\repository\com\vladsch\flexmark\flexmark-html-parser\0.34.30\flexmark-html-parser-0.34.30.jar;C:\Users\ponda\.m2\repository\com\vladsch\flexmark\flexmark-jira-converter\0.34.30\flexmark-jira-converter-0.34.30.jar;C:\Users\ponda\.m2\repository\com\vladsch\flexmark\flexmark-pdf-converter\0.34.30\flexmark-pdf-converter-0.34.30.jar;C:\Users\ponda\.m2\repository\com\openhtmltopdf\openhtmltopdf-core\0.0.1-RC13\openhtmltopdf-core-0.0.1-RC13.jar;C:\Users\ponda\.m2\repository\com\openhtmltopdf\openhtmltopdf-pdfbox\0.0.1-RC13\openhtmltopdf-pdfbox-0.0.1-RC13.jar;C:\Users\ponda\.m2\repository\org\apache\pdfbox\pdfbox\2.0.8\pdfbox-2.0.8.jar;C:\Users\ponda\.m2\repository\org\apache\pdfbox\fontbox\2.0.8\fontbox-2.0.8.jar;C:\Users\ponda\.m2\repository\commons-logging\commons-logging\1.2\commons-logging-1.2.jar;C:\Users\ponda\.m2\repository\org\apache\pdfbox\xmpbox\2.0.8\xmpbox-2.0.8.jar;C:\Users\ponda\.m2\repository\de\rototor\pdfbox\graphics2d\0.12\graphics2d-0.12.jar;C:\Users\ponda\.m2\repository\com\openhtmltopdf\openhtmltopdf-rtl-support\0.0.1-RC13\openhtmltopdf-rtl-support-0.0.1-RC13.jar;C:\Users\ponda\.m2\repository\com\ibm\icu\icu4j\59.1\icu4j-59.1.jar;C:\Users\ponda\.m2\repository\com\openhtmltopdf\openhtmltopdf-jsoup-dom-converter\0.0.1-RC13\openhtmltopdf-jsoup-dom-converter-0.0.1-RC13.jar;C:\Users\ponda\.m2\repository\com\vladsch\flexmark\flexmark-profile-pegdown\0.34.30\flexmark-profile-pegdown-0.34.30.jar;C:\Users\ponda\.m2\repository\com\vladsch\flexmark\flexmark-util\0.34.30\flexmark-util-0.34.30.jar;C:\Users\ponda\.m2\repository\com\vladsch\flexmark\flexmark-youtrack-converter\0.34.30\flexmark-youtrack-converter-0.34.30.jar;C:\Users\ponda\.m2\repository\es\nitaur\markdown\txtmark\0.16\txtmark-0.16.jar;C:\Users\ponda\.m2\repository\net\serenity-bdd\serenity-report-resources\3.2.1\serenity-report-resources-3.2.1.jar;C:\Users\ponda\.m2\repository\com\google\code\gson\gson\2.9.0\gson-2.9.0.jar;C:\Users\ponda\.m2\repository\com\fasterxml\jackson\core\jackson-core\2.13.2\jackson-core-2.13.2.jar;C:\Users\ponda\.m2\repository\com\fasterxml\jackson\core\jackson-databind\2.13.2\jackson-databind-2.13.2.jar;C:\Users\ponda\.m2\repository\com\fasterxml\jackson\core\jackson-annotations\2.13.2\jackson-annotations-2.13.2.jar;C:\Users\ponda\.m2\repository\commons-codec\commons-codec\1.15\commons-codec-1.15.jar;C:\Users\ponda\.m2\repository\commons-io\commons-io\2.11.0\commons-io-2.11.0.jar;C:\Users\ponda\.m2\repository\org\seleniumhq\selenium\selenium-java\4.1.2\selenium-java-4.1.2.jar;C:\Users\ponda\.m2\repository\org\seleniumhq\selenium\selenium-devtools-v85\4.1.2\selenium-devtools-v85-4.1.2.jar;C:\Users\ponda\.m2\repository\org\seleniumhq\selenium\selenium-devtools-v95\4.1.2\selenium-devtools-v95-4.1.2.jar;C:\Users\ponda\.m2\repository\org\seleniumhq\selenium\selenium-devtools-v96\4.1.2\selenium-devtools-v96-4.1.2.jar;C:\Users\ponda\.m2\repository\org\seleniumhq\selenium\selenium-devtools-v97\4.1.2\selenium-devtools-v97-4.1.2.jar;C:\Users\ponda\.m2\repository\org\seleniumhq\selenium\selenium-firefox-xpi-driver\4.1.2\selenium-firefox-xpi-driver-4.1.2.jar;C:\Users\ponda\.m2\repository\org\seleniumhq\selenium\selenium-opera-driver\4.1.2\selenium-opera-driver-4.1.2.jar;C:\Users\ponda\.m2\repository\org\seleniumhq\selenium\selenium-remote-driver\4.1.2\selenium-remote-driver-4.1.2.jar;C:\Users\ponda\.m2\repository\com\beust\jcommander\1.82\jcommander-1.82.jar;C:\Users\ponda\.m2\repository\io\netty\netty-buffer\4.1.73.Final\netty-buffer-4.1.73.Final.jar;C:\Users\ponda\.m2\repository\io\netty\netty-codec-http\4.1.73.Final\netty-codec-http-4.1.73.Final.jar;C:\Users\ponda\.m2\repository\io\netty\netty-codec\4.1.73.Final\netty-codec-4.1.73.Final.jar;C:\Users\ponda\.m2\repository\io\netty\netty-handler\4.1.73.Final\netty-handler-4.1.73.Final.jar;C:\Users\ponda\.m2\repository\io\netty\netty-tcnative-classes\2.0.46.Final\netty-tcnative-classes-2.0.46.Final.jar;C:\Users\ponda\.m2\repository\io\netty\netty-common\4.1.73.Final\netty-common-4.1.73.Final.jar;C:\Users\ponda\.m2\repository\io\netty\netty-transport-classes-epoll\4.1.73.Final\netty-transport-classes-epoll-4.1.73.Final.jar;C:\Users\ponda\.m2\repository\io\netty\netty-transport-classes-kqueue\4.1.73.Final\netty-transport-classes-kqueue-4.1.73.Final.jar;C:\Users\ponda\.m2\repository\io\netty\netty-transport-native-epoll\4.1.73.Final\netty-transport-native-epoll-4.1.73.Final.jar;C:\Users\ponda\.m2\repository\io\netty\netty-transport-native-kqueue\4.1.73.Final\netty-transport-native-kqueue-4.1.73.Final.jar;C:\Users\ponda\.m2\repository\io\netty\netty-transport-native-unix-common\4.1.73.Final\netty-transport-native-unix-common-4.1.73.Final.jar;C:\Users\ponda\.m2\repository\io\netty\netty-transport\4.1.73.Final\netty-transport-4.1.73.Final.jar;C:\Users\ponda\.m2\repository\io\netty\netty-resolver\4.1.73.Final\netty-resolver-4.1.73.Final.jar;C:\Users\ponda\.m2\repository\io\opentelemetry\opentelemetry-api\1.10.1\opentelemetry-api-1.10.1.jar;C:\Users\ponda\.m2\repository\io\opentelemetry\opentelemetry-context\1.10.1\opentelemetry-context-1.10.1.jar;C:\Users\ponda\.m2\repository\io\opentelemetry\opentelemetry-exporter-logging\1.10.1\opentelemetry-exporter-logging-1.10.1.jar;C:\Users\ponda\.m2\repository\io\opentelemetry\opentelemetry-sdk-metrics\1.10.1-alpha\opentelemetry-sdk-metrics-1.10.1-alpha.jar;C:\Users\ponda\.m2\repository\io\opentelemetry\opentelemetry-sdk-logs\1.10.1-alpha\opentelemetry-sdk-logs-1.10.1-alpha.jar;C:\Users\ponda\.m2\repository\io\opentelemetry\opentelemetry-sdk-common\1.10.1\opentelemetry-sdk-common-1.10.1.jar;C:\Users\ponda\.m2\repository\io\opentelemetry\opentelemetry-sdk-extension-autoconfigure-spi\1.10.1\opentelemetry-sdk-extension-autoconfigure-spi-1.10.1.jar;C:\Users\ponda\.m2\repository\io\opentelemetry\opentelemetry-sdk-extension-autoconfigure\1.10.1-alpha\opentelemetry-sdk-extension-autoconfigure-1.10.1-alpha.jar;C:\Users\ponda\.m2\repository\io\opentelemetry\opentelemetry-sdk-trace\1.10.1\opentelemetry-sdk-trace-1.10.1.jar;C:\Users\ponda\.m2\repository\io\opentelemetry\opentelemetry-sdk\1.10.1\opentelemetry-sdk-1.10.1.jar;C:\Users\ponda\.m2\repository\io\opentelemetry\opentelemetry-semconv\1.10.1-alpha\opentelemetry-semconv-1.10.1-alpha.jar;C:\Users\ponda\.m2\repository\io\ous\jtoml\2.0.0\jtoml-2.0.0.jar;C:\Users\ponda\.m2\repository\org\apache\commons\commons-exec\1.3\commons-exec-1.3.jar;C:\Users\ponda\.m2\repository\org\asynchttpclient\async-http-client\2.12.3\async-http-client-2.12.3.jar;C:\Users\ponda\.m2\repository\org\asynchttpclient\async-http-client-netty-utils\2.12.3\async-http-client-netty-utils-2.12.3.jar;C:\Users\ponda\.m2\repository\io\netty\netty-codec-socks\4.1.60.Final\netty-codec-socks-4.1.60.Final.jar;C:\Users\ponda\.m2\repository\io\netty\netty-handler-proxy\4.1.60.Final\netty-handler-proxy-4.1.60.Final.jar;C:\Users\ponda\.m2\repository\io\netty\netty-transport-native-epoll\4.1.60.Final\netty-transport-native-epoll-4.1.60.Final-linux-x86_64.jar;C:\Users\ponda\.m2\repository\io\netty\netty-transport-native-kqueue\4.1.60.Final\netty-transport-native-kqueue-4.1.60.Final-osx-x86_64.jar;C:\Users\ponda\.m2\repository\org\reactivestreams\reactive-streams\1.0.3\reactive-streams-1.0.3.jar;C:\Users\ponda\.m2\repository\com\typesafe\netty\netty-reactive-streams\2.0.4\netty-reactive-streams-2.0.4.jar;C:\Users\ponda\.m2\repository\org\seleniumhq\selenium\selenium-http\4.1.2\selenium-http-4.1.2.jar;C:\Users\ponda\.m2\repository\net\jodah\failsafe\2.4.4\failsafe-2.4.4.jar;C:\Users\ponda\.m2\repository\org\seleniumhq\selenium\selenium-safari-driver\4.1.2\selenium-safari-driver-4.1.2.jar;C:\Users\ponda\.m2\repository\org\seleniumhq\selenium\selenium-api\4.1.2\selenium-api-4.1.2.jar;C:\Users\ponda\.m2\repository\org\seleniumhq\selenium\selenium-support\4.1.2\selenium-support-4.1.2.jar;C:\Users\ponda\.m2\repository\com\google\auto\service\auto-service-annotations\1.0.1\auto-service-annotations-1.0.1.jar;C:\Users\ponda\.m2\repository\com\google\auto\service\auto-service\1.0.1\auto-service-1.0.1.jar;C:\Users\ponda\.m2\repository\com\google\auto\auto-common\1.2\auto-common-1.2.jar;C:\Users\ponda\.m2\repository\org\seleniumhq\selenium\selenium-json\4.1.2\selenium-json-4.1.2.jar;C:\Users\ponda\.m2\repository\org\seleniumhq\selenium\selenium-chrome-driver\4.1.2\selenium-chrome-driver-4.1.2.jar;C:\Users\ponda\.m2\repository\org\seleniumhq\selenium\selenium-chromium-driver\4.1.2\selenium-chromium-driver-4.1.2.jar;C:\Users\ponda\.m2\repository\org\seleniumhq\selenium\selenium-firefox-driver\4.1.2\selenium-firefox-driver-4.1.2.jar;C:\Users\ponda\.m2\repository\org\seleniumhq\selenium\selenium-edge-driver\4.1.2\selenium-edge-driver-4.1.2.jar;C:\Users\ponda\.m2\repository\org\seleniumhq\selenium\selenium-ie-driver\4.1.2\selenium-ie-driver-4.1.2.jar;C:\Users\ponda\.m2\repository\org\projectlombok\lombok\1.18.20\lombok-1.18.20.jar;C:\Users\ponda\.m2\repository\io\appium\java-client\8.0.0\java-client-8.0.0.jar;C:\Users\ponda\.m2\repository\commons-validator\commons-validator\1.7\commons-validator-1.7.jar;C:\Users\ponda\.m2\repository\commons-digester\commons-digester\2.1\commons-digester-2.1.jar;C:\Users\ponda\.m2\repository\org\aspectj\aspectjweaver\1.9.8\aspectjweaver-1.9.8.jar;C:\Users\ponda\.m2\repository\org\codehaus\groovy\groovy\3.0.10\groovy-3.0.10.jar;C:\Users\ponda\.m2\repository\net\sf\opencsv\opencsv\2.0\opencsv-2.0.jar;C:\Users\ponda\.m2\repository\commons-beanutils\commons-beanutils\1.9.4\commons-beanutils-1.9.4.jar;C:\Users\ponda\.m2\repository\org\apache\commons\commons-lang3\3.12.0\commons-lang3-3.12.0.jar;C:\Users\ponda\.m2\repository\commons-collections\commons-collections\3.2.2\commons-collections-3.2.2.jar;C:\Users\ponda\.m2\repository\org\fluentlenium\fluentlenium-core\0.10.2\fluentlenium-core-0.10.2.jar;C:\Users\ponda\.m2\repository\io\github\bonigarcia\webdrivermanager\5.1.0\webdrivermanager-5.1.0.jar;C:\Users\ponda\.m2\repository\com\github\docker-java\docker-java\3.2.13\docker-java-3.2.13.jar;C:\Users\ponda\.m2\repository\com\github\docker-java\docker-java-core\3.2.13\docker-java-core-3.2.13.jar;C:\Users\ponda\.m2\repository\com\github\docker-java\docker-java-api\3.2.13\docker-java-api-3.2.13.jar;C:\Users\ponda\.m2\repository\org\apache\commons\commons-compress\1.21\commons-compress-1.21.jar;C:\Users\ponda\.m2\repository\org\bouncycastle\bcpkix-jdk15on\1.64\bcpkix-jdk15on-1.64.jar;C:\Users\ponda\.m2\repository\org\bouncycastle\bcprov-jdk15on\1.64\bcprov-jdk15on-1.64.jar;C:\Users\ponda\.m2\repository\org\slf4j\jcl-over-slf4j\1.7.30\jcl-over-slf4j-1.7.30.jar;C:\Users\ponda\.m2\repository\com\github\docker-java\docker-java-transport-httpclient5\3.2.13\docker-java-transport-httpclient5-3.2.13.jar;C:\Users\ponda\.m2\repository\com\github\docker-java\docker-java-transport\3.2.13\docker-java-transport-3.2.13.jar;C:\Users\ponda\.m2\repository\org\apache\httpcomponents\client5\httpclient5\5.0.3\httpclient5-5.0.3.jar;C:\Users\ponda\.m2\repository\org\apache\httpcomponents\core5\httpcore5\5.0.2\httpcore5-5.0.2.jar;C:\Users\ponda\.m2\repository\net\java\dev\jna\jna\5.8.0\jna-5.8.0.jar;C:\Users\ponda\.m2\repository\org\brotli\dec\0.1.2\dec-0.1.2.jar;C:\Users\ponda\.m2\repository\com\jhlabs\filters\2.0.235\filters-2.0.235.jar;C:\Users\ponda\.m2\repository\com\paulhammant\ngwebdriver\1.1.6\ngwebdriver-1.1.6.jar;C:\Users\ponda\.m2\repository\joda-time\joda-time\2.8.2\joda-time-2.8.2.jar;C:\Users\ponda\.m2\repository\org\hamcrest\hamcrest\2.2\hamcrest-2.2.jar;C:\Users\ponda\.m2\repository\com\google\jimfs\jimfs\1.2\jimfs-1.2.jar;C:\Users\ponda\.m2\repository\org\mockito\mockito-core\3.3.3\mockito-core-3.3.3.jar;C:\Users\ponda\.m2\repository\javax\xml\bind\jaxb-api\2.3.1\jaxb-api-2.3.1.jar;C:\Users\ponda\.m2\repository\javax\activation\javax.activation-api\1.2.0\javax.activation-api-1.2.0.jar;C:\Users\ponda\.m2\repository\com\sun\xml\bind\jaxb-core\2.3.0.1\jaxb-core-2.3.0.1.jar;C:\Users\ponda\.m2\repository\com\sun\xml\bind\jaxb-impl\2.3.3\jaxb-impl-2.3.3.jar;C:\Users\ponda\.m2\repository\jakarta\xml\bind\jakarta.xml.bind-api\2.3.3\jakarta.xml.bind-api-2.3.3.jar;C:\Users\ponda\.m2\repository\com\sun\activation\jakarta.activation\1.2.2\jakarta.activation-1.2.2.jar;C:\Users\ponda\.m2\repository\javax\activation\activation\1.1.1\activation-1.1.1.jar;C:\Users\ponda\.m2\repository\net\serenity-bdd\serenity-cucumber\3.2.1\serenity-cucumber-3.2.1.jar;C:\Users\ponda\.m2\repository\io\cucumber\cucumber-core\7.2.3\cucumber-core-7.2.3.jar;C:\Users\ponda\.m2\repository\io\cucumber\cucumber-gherkin\7.2.3\cucumber-gherkin-7.2.3.jar;C:\Users\ponda\.m2\repository\io\cucumber\cucumber-gherkin-messages\7.2.3\cucumber-gherkin-messages-7.2.3.jar;C:\Users\ponda\.m2\repository\io\cucumber\messages\17.1.1\messages-17.1.1.jar;C:\Users\ponda\.m2\repository\io\cucumber\tag-expressions\4.1.0\tag-expressions-4.1.0.jar;C:\Users\ponda\.m2\repository\io\cucumber\cucumber-expressions\15.0.1\cucumber-expressions-15.0.1.jar;C:\Users\ponda\.m2\repository\io\cucumber\datatable\7.2.3\datatable-7.2.3.jar;C:\Users\ponda\.m2\repository\io\cucumber\cucumber-plugin\7.2.3\cucumber-plugin-7.2.3.jar;C:\Users\ponda\.m2\repository\io\cucumber\docstring\7.2.3\docstring-7.2.3.jar;C:\Users\ponda\.m2\repository\io\cucumber\html-formatter\17.0.0\html-formatter-17.0.0.jar;C:\Users\ponda\.m2\repository\io\cucumber\ci-environment\8.1.0\ci-environment-8.1.0.jar;C:\Users\ponda\.m2\repository\io\cucumber\cucumber-junit\7.2.3\cucumber-junit-7.2.3.jar;C:\Users\ponda\.m2\repository\org\apache\commons\commons-csv\1.5\commons-csv-1.5.jar;C:\Users\ponda\.m2\repository\net\serenity-bdd\serenity-screenplay\3.2.1\serenity-screenplay-3.2.1.jar;C:\Users\ponda\.m2\repository\net\serenity-bdd\serenity-screenplay-webdriver\3.2.1\serenity-screenplay-webdriver-3.2.1.jar;C:\Users\ponda\.m2\repository\net\serenity-bdd\serenity-ensure\3.2.1\serenity-ensure-3.2.1.jar;C:\Users\ponda\.m2\repository\net\serenity-bdd\serenity-junit\3.2.1\serenity-junit-3.2.1.jar;C:\Users\ponda\.m2\repository\org\jetbrains\kotlin\kotlin-stdlib\1.6.0\kotlin-stdlib-1.6.0.jar;C:\Users\ponda\.m2\repository\org\jetbrains\annotations\13.0\annotations-13.0.jar;C:\Users\ponda\.m2\repository\org\jetbrains\kotlin\kotlin-stdlib-common\1.6.0\kotlin-stdlib-common-1.6.0.jar;C:\Users\ponda\.m2\repository\org\junit\platform\junit-platform-launcher\1.8.1\junit-platform-launcher-1.8.1.jar;C:\Users\ponda\.m2\repository\org\junit\platform\junit-platform-engine\1.8.1\junit-platform-engine-1.8.1.jar;C:\Users\ponda\.m2\repository\org\opentest4j\opentest4j\1.2.0\opentest4j-1.2.0.jar;C:\Users\ponda\.m2\repository\org\junit\platform\junit-platform-commons\1.8.1\junit-platform-commons-1.8.1.jar;C:\Users\ponda\.m2\repository\org\apiguardian\apiguardian-api\1.1.2\apiguardian-api-1.1.2.jar;C:\Users\ponda\.m2\repository\org\junit\jupiter\junit-jupiter-engine\5.8.2\junit-jupiter-engine-5.8.2.jar;C:\Users\ponda\.m2\repository\org\junit\jupiter\junit-jupiter-api\5.8.2\junit-jupiter-api-5.8.2.jar;C:\Users\ponda\.m2\repository\org\junit\vintage\junit-vintage-engine\5.8.2\junit-vintage-engine-5.8.2.jar;C:\Users\ponda\.m2\repository\junit\junit\4.13.2\junit-4.13.2.jar;C:\Users\ponda\.m2\repository\org\hamcrest\hamcrest-core\1.3\hamcrest-core-1.3.jar;C:\Users\ponda\.m2\repository\ch\qos\logback\logback-classic\1.2.10\logback-classic-1.2.10.jar;C:\Users\ponda\.m2\repository\ch\qos\logback\logback-core\1.2.10\logback-core-1.2.10.jar;C:\Users\ponda\.m2\repository\org\slf4j\slf4j-api\1.7.32\slf4j-api-1.7.32.jar;C:\Users\ponda\.m2\repository\org\assertj\assertj-core\3.6.2\assertj-core-3.6.2.jar;"/>
    <property name="sun.cpu.endian" value="little"/>
    <property name="user.home" value="C:\Users\ponda"/>
    <property name="user.language" value="en"/>
    <property name="java.specification.vendor" value="Oracle Corporation"/>
    <property name="jdk.module.path" value="C:\Users\ponda\Documents\Final_Project\Final_Web\target\Serenity_SauceDemo-1.0-SNAPSHOT.jar"/>
    <property name="java.version.date" value="2021-01-19"/>
    <property name="java.home" value="C:\Program Files\Java\jdk-15.0.2"/>
    <property name="file.separator" value="\"/>
    <property name="basedir" value="C:\Users\ponda\Documents\Final_Project\Final_Web"/>
    <property name="java.vm.compressedOopsMode" value="32-bit"/>
    <property name="line.separator" value="&#10;"/>
    <property name="java.vm.specification.vendor" value="Oracle Corporation"/>
    <property name="java.specification.name" value="Java Platform API Specification"/>
    <property name="surefire.real.class.path" value="C:\Users\ponda\.m2\repository\org\apache\maven\surefire\surefire-booter\3.0.0-M5\surefire-booter-3.0.0-M5.jar;C:\Users\ponda\.m2\repository\org\apache\maven\surefire\surefire-api\3.0.0-M5\surefire-api-3.0.0-M5.jar;C:\Users\ponda\.m2\repository\org\apache\maven\surefire\surefire-logger-api\3.0.0-M5\surefire-logger-api-3.0.0-M5.jar;C:\Users\ponda\.m2\repository\org\apache\maven\surefire\surefire-shared-utils\3.0.0-M4\surefire-shared-utils-3.0.0-M4.jar;C:\Users\ponda\.m2\repository\org\apache\maven\surefire\surefire-extensions-spi\3.0.0-M5\surefire-extensions-spi-3.0.0-M5.jar;C:\Users\ponda\Documents\Final_Project\Final_Web\target\test-classes;C:\Users\ponda\.m2\repository\net\serenity-bdd\serenity-core\3.2.1\serenity-core-3.2.1.jar;C:\Users\ponda\.m2\repository\net\serenity-bdd\serenity-model\3.2.1\serenity-model-3.2.1.jar;C:\Users\ponda\.m2\repository\org\apache\commons\commons-text\1.9\commons-text-1.9.jar;C:\Users\ponda\.m2\repository\commons-net\commons-net\3.8.0\commons-net-3.8.0.jar;C:\Users\ponda\.m2\repository\com\google\guava\guava\31.1-jre\guava-31.1-jre.jar;C:\Users\ponda\.m2\repository\com\google\guava\failureaccess\1.0.1\failureaccess-1.0.1.jar;C:\Users\ponda\.m2\repository\com\google\guava\listenablefuture\9999.0-empty-to-avoid-conflict-with-guava\listenablefuture-9999.0-empty-to-avoid-conflict-with-guava.jar;C:\Users\ponda\.m2\repository\com\google\code\findbugs\jsr305\3.0.2\jsr305-3.0.2.jar;C:\Users\ponda\.m2\repository\org\checkerframework\checker-qual\3.12.0\checker-qual-3.12.0.jar;C:\Users\ponda\.m2\repository\com\google\errorprone\error_prone_annotations\2.11.0\error_prone_annotations-2.11.0.jar;C:\Users\ponda\.m2\repository\com\google\j2objc\j2objc-annotations\1.3\j2objc-annotations-1.3.jar;C:\Users\ponda\.m2\repository\com\google\inject\guice\5.1.0\guice-5.1.0.jar;C:\Users\ponda\.m2\repository\javax\inject\javax.inject\1\javax.inject-1.jar;C:\Users\ponda\.m2\repository\aopalliance\aopalliance\1.0\aopalliance-1.0.jar;C:\Users\ponda\.m2\repository\org\jsoup\jsoup\1.14.3\jsoup-1.14.3.jar;C:\Users\ponda\.m2\repository\com\thoughtworks\xstream\xstream\1.4.19\xstream-1.4.19.jar;C:\Users\ponda\.m2\repository\io\github\x-stream\mxparser\1.2.2\mxparser-1.2.2.jar;C:\Users\ponda\.m2\repository\xmlpull\xmlpull\1.1.3.1\xmlpull-1.1.3.1.jar;C:\Users\ponda\.m2\repository\io\cucumber\cucumber-java\7.2.3\cucumber-java-7.2.3.jar;C:\Users\ponda\.m2\repository\com\typesafe\config\1.4.2\config-1.4.2.jar;C:\Users\ponda\.m2\repository\org\imgscalr\imgscalr-lib\4.2\imgscalr-lib-4.2.jar;C:\Users\ponda\.m2\repository\org\awaitility\awaitility\4.2.0\awaitility-4.2.0.jar;C:\Users\ponda\.m2\repository\org\freemarker\freemarker\2.3.31\freemarker-2.3.31.jar;C:\Users\ponda\.m2\repository\io\github\classgraph\classgraph\4.8.138\classgraph-4.8.138.jar;C:\Users\ponda\.m2\repository\net\sourceforge\jexcelapi\jxl\2.6.12\jxl-2.6.12.jar;C:\Users\ponda\.m2\repository\net\bytebuddy\byte-buddy\1.12.8\byte-buddy-1.12.8.jar;C:\Users\ponda\.m2\repository\net\bytebuddy\byte-buddy-agent\1.12.8\byte-buddy-agent-1.12.8.jar;C:\Users\ponda\.m2\repository\org\objenesis\objenesis\3.1\objenesis-3.1.jar;C:\Users\ponda\.m2\repository\net\serenity-bdd\serenity-reports\3.2.1\serenity-reports-3.2.1.jar;C:\Users\ponda\.m2\repository\net\serenity-bdd\serenity-stats\3.2.1\serenity-stats-3.2.1.jar;C:\Users\ponda\.m2\repository\net\serenity-bdd\serenity-reports-configuration\3.2.1\serenity-reports-configuration-3.2.1.jar;C:\Users\ponda\.m2\repository\com\vladsch\flexmark\flexmark-all\0.34.30\flexmark-all-0.34.30.jar;C:\Users\ponda\.m2\repository\com\vladsch\flexmark\flexmark\0.34.30\flexmark-0.34.30.jar;C:\Users\ponda\.m2\repository\com\vladsch\flexmark\flexmark-ext-abbreviation\0.34.30\flexmark-ext-abbreviation-0.34.30.jar;C:\Users\ponda\.m2\repository\com\vladsch\flexmark\flexmark-ext-admonition\0.34.30\flexmark-ext-admonition-0.34.30.jar;C:\Users\ponda\.m2\repository\com\vladsch\flexmark\flexmark-ext-anchorlink\0.34.30\flexmark-ext-anchorlink-0.34.30.jar;C:\Users\ponda\.m2\repository\com\vladsch\flexmark\flexmark-ext-aside\0.34.30\flexmark-ext-aside-0.34.30.jar;C:\Users\ponda\.m2\repository\com\vladsch\flexmark\flexmark-ext-attributes\0.34.30\flexmark-ext-attributes-0.34.30.jar;C:\Users\ponda\.m2\repository\com\vladsch\flexmark\flexmark-ext-autolink\0.34.30\flexmark-ext-autolink-0.34.30.jar;C:\Users\ponda\.m2\repository\org\nibor\autolink\autolink\0.6.0\autolink-0.6.0.jar;C:\Users\ponda\.m2\repository\com\vladsch\flexmark\flexmark-ext-definition\0.34.30\flexmark-ext-definition-0.34.30.jar;C:\Users\ponda\.m2\repository\com\vladsch\flexmark\flexmark-ext-emoji\0.34.30\flexmark-ext-emoji-0.34.30.jar;C:\Users\ponda\.m2\repository\com\vladsch\flexmark\flexmark-ext-enumerated-reference\0.34.30\flexmark-ext-enumerated-reference-0.34.30.jar;C:\Users\ponda\.m2\repository\com\vladsch\flexmark\flexmark-ext-escaped-character\0.34.30\flexmark-ext-escaped-character-0.34.30.jar;C:\Users\ponda\.m2\repository\com\vladsch\flexmark\flexmark-ext-footnotes\0.34.30\flexmark-ext-footnotes-0.34.30.jar;C:\Users\ponda\.m2\repository\com\vladsch\flexmark\flexmark-ext-gfm-issues\0.34.30\flexmark-ext-gfm-issues-0.34.30.jar;C:\Users\ponda\.m2\repository\com\vladsch\flexmark\flexmark-ext-gfm-strikethrough\0.34.30\flexmark-ext-gfm-strikethrough-0.34.30.jar;C:\Users\ponda\.m2\repository\com\vladsch\flexmark\flexmark-ext-gfm-tables\0.34.30\flexmark-ext-gfm-tables-0.34.30.jar;C:\Users\ponda\.m2\repository\com\vladsch\flexmark\flexmark-ext-gfm-tasklist\0.34.30\flexmark-ext-gfm-tasklist-0.34.30.jar;C:\Users\ponda\.m2\repository\com\vladsch\flexmark\flexmark-ext-gfm-users\0.34.30\flexmark-ext-gfm-users-0.34.30.jar;C:\Users\ponda\.m2\repository\com\vladsch\flexmark\flexmark-ext-gitlab\0.34.30\flexmark-ext-gitlab-0.34.30.jar;C:\Users\ponda\.m2\repository\com\vladsch\flexmark\flexmark-ext-jekyll-front-matter\0.34.30\flexmark-ext-jekyll-front-matter-0.34.30.jar;C:\Users\ponda\.m2\repository\com\vladsch\flexmark\flexmark-ext-jekyll-tag\0.34.30\flexmark-ext-jekyll-tag-0.34.30.jar;C:\Users\ponda\.m2\repository\com\vladsch\flexmark\flexmark-ext-media-tags\0.34.30\flexmark-ext-media-tags-0.34.30.jar;C:\Users\ponda\.m2\repository\com\vladsch\flexmark\flexmark-test-util\0.34.30\flexmark-test-util-0.34.30.jar;C:\Users\ponda\.m2\repository\com\vladsch\flexmark\flexmark-ext-ins\0.34.30\flexmark-ext-ins-0.34.30.jar;C:\Users\ponda\.m2\repository\com\vladsch\flexmark\flexmark-ext-xwiki-macros\0.34.30\flexmark-ext-xwiki-macros-0.34.30.jar;C:\Users\ponda\.m2\repository\com\vladsch\flexmark\flexmark-ext-superscript\0.34.30\flexmark-ext-superscript-0.34.30.jar;C:\Users\ponda\.m2\repository\com\vladsch\flexmark\flexmark-ext-tables\0.34.30\flexmark-ext-tables-0.34.30.jar;C:\Users\ponda\.m2\repository\com\vladsch\flexmark\flexmark-ext-toc\0.34.30\flexmark-ext-toc-0.34.30.jar;C:\Users\ponda\.m2\repository\com\vladsch\flexmark\flexmark-ext-typographic\0.34.30\flexmark-ext-typographic-0.34.30.jar;C:\Users\ponda\.m2\repository\com\vladsch\flexmark\flexmark-ext-wikilink\0.34.30\flexmark-ext-wikilink-0.34.30.jar;C:\Users\ponda\.m2\repository\com\vladsch\flexmark\flexmark-ext-yaml-front-matter\0.34.30\flexmark-ext-yaml-front-matter-0.34.30.jar;C:\Users\ponda\.m2\repository\com\vladsch\flexmark\flexmark-ext-youtube-embedded\0.34.30\flexmark-ext-youtube-embedded-0.34.30.jar;C:\Users\ponda\.m2\repository\com\vladsch\flexmark\flexmark-formatter\0.34.30\flexmark-formatter-0.34.30.jar;C:\Users\ponda\.m2\repository\com\vladsch\flexmark\flexmark-html-parser\0.34.30\flexmark-html-parser-0.34.30.jar;C:\Users\ponda\.m2\repository\com\vladsch\flexmark\flexmark-jira-converter\0.34.30\flexmark-jira-converter-0.34.30.jar;C:\Users\ponda\.m2\repository\com\vladsch\flexmark\flexmark-pdf-converter\0.34.30\flexmark-pdf-converter-0.34.30.jar;C:\Users\ponda\.m2\repository\com\openhtmltopdf\openhtmltopdf-core\0.0.1-RC13\openhtmltopdf-core-0.0.1-RC13.jar;C:\Users\ponda\.m2\repository\com\openhtmltopdf\openhtmltopdf-pdfbox\0.0.1-RC13\openhtmltopdf-pdfbox-0.0.1-RC13.jar;C:\Users\ponda\.m2\repository\org\apache\pdfbox\pdfbox\2.0.8\pdfbox-2.0.8.jar;C:\Users\ponda\.m2\repository\org\apache\pdfbox\fontbox\2.0.8\fontbox-2.0.8.jar;C:\Users\ponda\.m2\repository\commons-logging\commons-logging\1.2\commons-logging-1.2.jar;C:\Users\ponda\.m2\repository\org\apache\pdfbox\xmpbox\2.0.8\xmpbox-2.0.8.jar;C:\Users\ponda\.m2\repository\de\rototor\pdfbox\graphics2d\0.12\graphics2d-0.12.jar;C:\Users\ponda\.m2\repository\com\openhtmltopdf\openhtmltopdf-rtl-support\0.0.1-RC13\openhtmltopdf-rtl-support-0.0.1-RC13.jar;C:\Users\ponda\.m2\repository\com\ibm\icu\icu4j\59.1\icu4j-59.1.jar;C:\Users\ponda\.m2\repository\com\openhtmltopdf\openhtmltopdf-jsoup-dom-converter\0.0.1-RC13\openhtmltopdf-jsoup-dom-converter-0.0.1-RC13.jar;C:\Users\ponda\.m2\repository\com\vladsch\flexmark\flexmark-profile-pegdown\0.34.30\flexmark-profile-pegdown-0.34.30.jar;C:\Users\ponda\.m2\repository\com\vladsch\flexmark\flexmark-util\0.34.30\flexmark-util-0.34.30.jar;C:\Users\ponda\.m2\repository\com\vladsch\flexmark\flexmark-youtrack-converter\0.34.30\flexmark-youtrack-converter-0.34.30.jar;C:\Users\ponda\.m2\repository\es\nitaur\markdown\txtmark\0.16\txtmark-0.16.jar;C:\Users\ponda\.m2\repository\net\serenity-bdd\serenity-report-resources\3.2.1\serenity-report-resources-3.2.1.jar;C:\Users\ponda\.m2\repository\com\google\code\gson\gson\2.9.0\gson-2.9.0.jar;C:\Users\ponda\.m2\repository\com\fasterxml\jackson\core\jackson-core\2.13.2\jackson-core-2.13.2.jar;C:\Users\ponda\.m2\repository\com\fasterxml\jackson\core\jackson-databind\2.13.2\jackson-databind-2.13.2.jar;C:\Users\ponda\.m2\repository\com\fasterxml\jackson\core\jackson-annotations\2.13.2\jackson-annotations-2.13.2.jar;C:\Users\ponda\.m2\repository\commons-codec\commons-codec\1.15\commons-codec-1.15.jar;C:\Users\ponda\.m2\repository\commons-io\commons-io\2.11.0\commons-io-2.11.0.jar;C:\Users\ponda\.m2\repository\org\seleniumhq\selenium\selenium-java\4.1.2\selenium-java-4.1.2.jar;C:\Users\ponda\.m2\repository\org\seleniumhq\selenium\selenium-devtools-v85\4.1.2\selenium-devtools-v85-4.1.2.jar;C:\Users\ponda\.m2\repository\org\seleniumhq\selenium\selenium-devtools-v95\4.1.2\selenium-devtools-v95-4.1.2.jar;C:\Users\ponda\.m2\repository\org\seleniumhq\selenium\selenium-devtools-v96\4.1.2\selenium-devtools-v96-4.1.2.jar;C:\Users\ponda\.m2\repository\org\seleniumhq\selenium\selenium-devtools-v97\4.1.2\selenium-devtools-v97-4.1.2.jar;C:\Users\ponda\.m2\repository\org\seleniumhq\selenium\selenium-firefox-xpi-driver\4.1.2\selenium-firefox-xpi-driver-4.1.2.jar;C:\Users\ponda\.m2\repository\org\seleniumhq\selenium\selenium-opera-driver\4.1.2\selenium-opera-driver-4.1.2.jar;C:\Users\ponda\.m2\repository\org\seleniumhq\selenium\selenium-remote-driver\4.1.2\selenium-remote-driver-4.1.2.jar;C:\Users\ponda\.m2\repository\com\beust\jcommander\1.82\jcommander-1.82.jar;C:\Users\ponda\.m2\repository\io\netty\netty-buffer\4.1.73.Final\netty-buffer-4.1.73.Final.jar;C:\Users\ponda\.m2\repository\io\netty\netty-codec-http\4.1.73.Final\netty-codec-http-4.1.73.Final.jar;C:\Users\ponda\.m2\repository\io\netty\netty-codec\4.1.73.Final\netty-codec-4.1.73.Final.jar;C:\Users\ponda\.m2\repository\io\netty\netty-handler\4.1.73.Final\netty-handler-4.1.73.Final.jar;C:\Users\ponda\.m2\repository\io\netty\netty-tcnative-classes\2.0.46.Final\netty-tcnative-classes-2.0.46.Final.jar;C:\Users\ponda\.m2\repository\io\netty\netty-common\4.1.73.Final\netty-common-4.1.73.Final.jar;C:\Users\ponda\.m2\repository\io\netty\netty-transport-classes-epoll\4.1.73.Final\netty-transport-classes-epoll-4.1.73.Final.jar;C:\Users\ponda\.m2\repository\io\netty\netty-transport-classes-kqueue\4.1.73.Final\netty-transport-classes-kqueue-4.1.73.Final.jar;C:\Users\ponda\.m2\repository\io\netty\netty-transport-native-epoll\4.1.73.Final\netty-transport-native-epoll-4.1.73.Final.jar;C:\Users\ponda\.m2\repository\io\netty\netty-transport-native-kqueue\4.1.73.Final\netty-transport-native-kqueue-4.1.73.Final.jar;C:\Users\ponda\.m2\repository\io\netty\netty-transport-native-unix-common\4.1.73.Final\netty-transport-native-unix-common-4.1.73.Final.jar;C:\Users\ponda\.m2\repository\io\netty\netty-transport\4.1.73.Final\netty-transport-4.1.73.Final.jar;C:\Users\ponda\.m2\repository\io\netty\netty-resolver\4.1.73.Final\netty-resolver-4.1.73.Final.jar;C:\Users\ponda\.m2\repository\io\opentelemetry\opentelemetry-api\1.10.1\opentelemetry-api-1.10.1.jar;C:\Users\ponda\.m2\repository\io\opentelemetry\opentelemetry-context\1.10.1\opentelemetry-context-1.10.1.jar;C:\Users\ponda\.m2\repository\io\opentelemetry\opentelemetry-exporter-logging\1.10.1\opentelemetry-exporter-logging-1.10.1.jar;C:\Users\ponda\.m2\repository\io\opentelemetry\opentelemetry-sdk-metrics\1.10.1-alpha\opentelemetry-sdk-metrics-1.10.1-alpha.jar;C:\Users\ponda\.m2\repository\io\opentelemetry\opentelemetry-sdk-logs\1.10.1-alpha\opentelemetry-sdk-logs-1.10.1-alpha.jar;C:\Users\ponda\.m2\repository\io\opentelemetry\opentelemetry-sdk-common\1.10.1\opentelemetry-sdk-common-1.10.1.jar;C:\Users\ponda\.m2\repository\io\opentelemetry\opentelemetry-sdk-extension-autoconfigure-spi\1.10.1\opentelemetry-sdk-extension-autoconfigure-spi-1.10.1.jar;C:\Users\ponda\.m2\repository\io\opentelemetry\opentelemetry-sdk-extension-autoconfigure\1.10.1-alpha\opentelemetry-sdk-extension-autoconfigure-1.10.1-alpha.jar;C:\Users\ponda\.m2\repository\io\opentelemetry\opentelemetry-sdk-trace\1.10.1\opentelemetry-sdk-trace-1.10.1.jar;C:\Users\ponda\.m2\repository\io\opentelemetry\opentelemetry-sdk\1.10.1\opentelemetry-sdk-1.10.1.jar;C:\Users\ponda\.m2\repository\io\opentelemetry\opentelemetry-semconv\1.10.1-alpha\opentelemetry-semconv-1.10.1-alpha.jar;C:\Users\ponda\.m2\repository\io\ous\jtoml\2.0.0\jtoml-2.0.0.jar;C:\Users\ponda\.m2\repository\org\apache\commons\commons-exec\1.3\commons-exec-1.3.jar;C:\Users\ponda\.m2\repository\org\asynchttpclient\async-http-client\2.12.3\async-http-client-2.12.3.jar;C:\Users\ponda\.m2\repository\org\asynchttpclient\async-http-client-netty-utils\2.12.3\async-http-client-netty-utils-2.12.3.jar;C:\Users\ponda\.m2\repository\io\netty\netty-codec-socks\4.1.60.Final\netty-codec-socks-4.1.60.Final.jar;C:\Users\ponda\.m2\repository\io\netty\netty-handler-proxy\4.1.60.Final\netty-handler-proxy-4.1.60.Final.jar;C:\Users\ponda\.m2\repository\io\netty\netty-transport-native-epoll\4.1.60.Final\netty-transport-native-epoll-4.1.60.Final-linux-x86_64.jar;C:\Users\ponda\.m2\repository\io\netty\netty-transport-native-kqueue\4.1.60.Final\netty-transport-native-kqueue-4.1.60.Final-osx-x86_64.jar;C:\Users\ponda\.m2\repository\org\reactivestreams\reactive-streams\1.0.3\reactive-streams-1.0.3.jar;C:\Users\ponda\.m2\repository\com\typesafe\netty\netty-reactive-streams\2.0.4\netty-reactive-streams-2.0.4.jar;C:\Users\ponda\.m2\repository\org\seleniumhq\selenium\selenium-http\4.1.2\selenium-http-4.1.2.jar;C:\Users\ponda\.m2\repository\net\jodah\failsafe\2.4.4\failsafe-2.4.4.jar;C:\Users\ponda\.m2\repository\org\seleniumhq\selenium\selenium-safari-driver\4.1.2\selenium-safari-driver-4.1.2.jar;C:\Users\ponda\.m2\repository\org\seleniumhq\selenium\selenium-api\4.1.2\selenium-api-4.1.2.jar;C:\Users\ponda\.m2\repository\org\seleniumhq\selenium\selenium-support\4.1.2\selenium-support-4.1.2.jar;C:\Users\ponda\.m2\repository\com\google\auto\service\auto-service-annotations\1.0.1\auto-service-annotations-1.0.1.jar;C:\Users\ponda\.m2\repository\com\google\auto\service\auto-service\1.0.1\auto-service-1.0.1.jar;C:\Users\ponda\.m2\repository\com\google\auto\auto-common\1.2\auto-common-1.2.jar;C:\Users\ponda\.m2\repository\org\seleniumhq\selenium\selenium-json\4.1.2\selenium-json-4.1.2.jar;C:\Users\ponda\.m2\repository\org\seleniumhq\selenium\selenium-chrome-driver\4.1.2\selenium-chrome-driver-4.1.2.jar;C:\Users\ponda\.m2\repository\org\seleniumhq\selenium\selenium-chromium-driver\4.1.2\selenium-chromium-driver-4.1.2.jar;C:\Users\ponda\.m2\repository\org\seleniumhq\selenium\selenium-firefox-driver\4.1.2\selenium-firefox-driver-4.1.2.jar;C:\Users\ponda\.m2\repository\org\seleniumhq\selenium\selenium-edge-driver\4.1.2\selenium-edge-driver-4.1.2.jar;C:\Users\ponda\.m2\repository\org\seleniumhq\selenium\selenium-ie-driver\4.1.2\selenium-ie-driver-4.1.2.jar;C:\Users\ponda\.m2\repository\org\projectlombok\lombok\1.18.20\lombok-1.18.20.jar;C:\Users\ponda\.m2\repository\io\appium\java-client\8.0.0\java-client-8.0.0.jar;C:\Users\ponda\.m2\repository\commons-validator\commons-validator\1.7\commons-validator-1.7.jar;C:\Users\ponda\.m2\repository\commons-digester\commons-digester\2.1\commons-digester-2.1.jar;C:\Users\ponda\.m2\repository\org\aspectj\aspectjweaver\1.9.8\aspectjweaver-1.9.8.jar;C:\Users\ponda\.m2\repository\org\codehaus\groovy\groovy\3.0.10\groovy-3.0.10.jar;C:\Users\ponda\.m2\repository\net\sf\opencsv\opencsv\2.0\opencsv-2.0.jar;C:\Users\ponda\.m2\repository\commons-beanutils\commons-beanutils\1.9.4\commons-beanutils-1.9.4.jar;C:\Users\ponda\.m2\repository\org\apache\commons\commons-lang3\3.12.0\commons-lang3-3.12.0.jar;C:\Users\ponda\.m2\repository\commons-collections\commons-collections\3.2.2\commons-collections-3.2.2.jar;C:\Users\ponda\.m2\repository\org\fluentlenium\fluentlenium-core\0.10.2\fluentlenium-core-0.10.2.jar;C:\Users\ponda\.m2\repository\io\github\bonigarcia\webdrivermanager\5.1.0\webdrivermanager-5.1.0.jar;C:\Users\ponda\.m2\repository\com\github\docker-java\docker-java\3.2.13\docker-java-3.2.13.jar;C:\Users\ponda\.m2\repository\com\github\docker-java\docker-java-core\3.2.13\docker-java-core-3.2.13.jar;C:\Users\ponda\.m2\repository\com\github\docker-java\docker-java-api\3.2.13\docker-java-api-3.2.13.jar;C:\Users\ponda\.m2\repository\org\apache\commons\commons-compress\1.21\commons-compress-1.21.jar;C:\Users\ponda\.m2\repository\org\bouncycastle\bcpkix-jdk15on\1.64\bcpkix-jdk15on-1.64.jar;C:\Users\ponda\.m2\repository\org\bouncycastle\bcprov-jdk15on\1.64\bcprov-jdk15on-1.64.jar;C:\Users\ponda\.m2\repository\org\slf4j\jcl-over-slf4j\1.7.30\jcl-over-slf4j-1.7.30.jar;C:\Users\ponda\.m2\repository\com\github\docker-java\docker-java-transport-httpclient5\3.2.13\docker-java-transport-httpclient5-3.2.13.jar;C:\Users\ponda\.m2\repository\com\github\docker-java\docker-java-transport\3.2.13\docker-java-transport-3.2.13.jar;C:\Users\ponda\.m2\repository\org\apache\httpcomponents\client5\httpclient5\5.0.3\httpclient5-5.0.3.jar;C:\Users\ponda\.m2\repository\org\apache\httpcomponents\core5\httpcore5\5.0.2\httpcore5-5.0.2.jar;C:\Users\ponda\.m2\repository\net\java\dev\jna\jna\5.8.0\jna-5.8.0.jar;C:\Users\ponda\.m2\repository\org\brotli\dec\0.1.2\dec-0.1.2.jar;C:\Users\ponda\.m2\repository\com\jhlabs\filters\2.0.235\filters-2.0.235.jar;C:\Users\ponda\.m2\repository\com\paulhammant\ngwebdriver\1.1.6\ngwebdriver-1.1.6.jar;C:\Users\ponda\.m2\repository\joda-time\joda-time\2.8.2\joda-time-2.8.2.jar;C:\Users\ponda\.m2\repository\org\hamcrest\hamcrest\2.2\hamcrest-2.2.jar;C:\Users\ponda\.m2\repository\com\google\jimfs\jimfs\1.2\jimfs-1.2.jar;C:\Users\ponda\.m2\repository\org\mockito\mockito-core\3.3.3\mockito-core-3.3.3.jar;C:\Users\ponda\.m2\repository\javax\xml\bind\jaxb-api\2.3.1\jaxb-api-2.3.1.jar;C:\Users\ponda\.m2\repository\javax\activation\javax.activation-api\1.2.0\javax.activation-api-1.2.0.jar;C:\Users\ponda\.m2\repository\com\sun\xml\bind\jaxb-core\2.3.0.1\jaxb-core-2.3.0.1.jar;C:\Users\ponda\.m2\repository\com\sun\xml\bind\jaxb-impl\2.3.3\jaxb-impl-2.3.3.jar;C:\Users\ponda\.m2\repository\jakarta\xml\bind\jakarta.xml.bind-api\2.3.3\jakarta.xml.bind-api-2.3.3.jar;C:\Users\ponda\.m2\repository\com\sun\activation\jakarta.activation\1.2.2\jakarta.activation-1.2.2.jar;C:\Users\ponda\.m2\repository\javax\activation\activation\1.1.1\activation-1.1.1.jar;C:\Users\ponda\.m2\repository\net\serenity-bdd\serenity-cucumber\3.2.1\serenity-cucumber-3.2.1.jar;C:\Users\ponda\.m2\repository\io\cucumber\cucumber-core\7.2.3\cucumber-core-7.2.3.jar;C:\Users\ponda\.m2\repository\io\cucumber\cucumber-gherkin\7.2.3\cucumber-gherkin-7.2.3.jar;C:\Users\ponda\.m2\repository\io\cucumber\cucumber-gherkin-messages\7.2.3\cucumber-gherkin-messages-7.2.3.jar;C:\Users\ponda\.m2\repository\io\cucumber\messages\17.1.1\messages-17.1.1.jar;C:\Users\ponda\.m2\repository\io\cucumber\tag-expressions\4.1.0\tag-expressions-4.1.0.jar;C:\Users\ponda\.m2\repository\io\cucumber\cucumber-expressions\15.0.1\cucumber-expressions-15.0.1.jar;C:\Users\ponda\.m2\repository\io\cucumber\datatable\7.2.3\datatable-7.2.3.jar;C:\Users\ponda\.m2\repository\io\cucumber\cucumber-plugin\7.2.3\cucumber-plugin-7.2.3.jar;C:\Users\ponda\.m2\repository\io\cucumber\docstring\7.2.3\docstring-7.2.3.jar;C:\Users\ponda\.m2\repository\io\cucumber\html-formatter\17.0.0\html-formatter-17.0.0.jar;C:\Users\ponda\.m2\repository\io\cucumber\ci-environment\8.1.0\ci-environment-8.1.0.jar;C:\Users\ponda\.m2\repository\io\cucumber\cucumber-junit\7.2.3\cucumber-junit-7.2.3.jar;C:\Users\ponda\.m2\repository\org\apache\commons\commons-csv\1.5\commons-csv-1.5.jar;C:\Users\ponda\.m2\repository\net\serenity-bdd\serenity-screenplay\3.2.1\serenity-screenplay-3.2.1.jar;C:\Users\ponda\.m2\repository\net\serenity-bdd\serenity-screenplay-webdriver\3.2.1\serenity-screenplay-webdriver-3.2.1.jar;C:\Users\ponda\.m2\repository\net\serenity-bdd\serenity-ensure\3.2.1\serenity-ensure-3.2.1.jar;C:\Users\ponda\.m2\repository\net\serenity-bdd\serenity-junit\3.2.1\serenity-junit-3.2.1.jar;C:\Users\ponda\.m2\repository\org\jetbrains\kotlin\kotlin-stdlib\1.6.0\kotlin-stdlib-1.6.0.jar;C:\Users\ponda\.m2\repository\org\jetbrains\annotations\13.0\annotations-13.0.jar;C:\Users\ponda\.m2\repository\org\jetbrains\kotlin\kotlin-stdlib-common\1.6.0\kotlin-stdlib-common-1.6.0.jar;C:\Users\ponda\.m2\repository\org\junit\platform\junit-platform-launcher\1.8.1\junit-platform-launcher-1.8.1.jar;C:\Users\ponda\.m2\repository\org\junit\platform\junit-platform-engine\1.8.1\junit-platform-engine-1.8.1.jar;C:\Users\ponda\.m2\repository\org\opentest4j\opentest4j\1.2.0\opentest4j-1.2.0.jar;C:\Users\ponda\.m2\repository\org\junit\platform\junit-platform-commons\1.8.1\junit-platform-commons-1.8.1.jar;C:\Users\ponda\.m2\repository\org\apiguardian\apiguardian-api\1.1.2\apiguardian-api-1.1.2.jar;C:\Users\ponda\.m2\repository\org\junit\jupiter\junit-jupiter-engine\5.8.2\junit-jupiter-engine-5.8.2.jar;C:\Users\ponda\.m2\repository\org\junit\jupiter\junit-jupiter-api\5.8.2\junit-jupiter-api-5.8.2.jar;C:\Users\ponda\.m2\repository\org\junit\vintage\junit-vintage-engine\5.8.2\junit-vintage-engine-5.8.2.jar;C:\Users\ponda\.m2\repository\junit\junit\4.13.2\junit-4.13.2.jar;C:\Users\ponda\.m2\repository\org\hamcrest\hamcrest-core\1.3\hamcrest-core-1.3.jar;C:\Users\ponda\.m2\repository\ch\qos\logback\logback-classic\1.2.10\logback-classic-1.2.10.jar;C:\Users\ponda\.m2\repository\ch\qos\logback\logback-core\1.2.10\logback-core-1.2.10.jar;C:\Users\ponda\.m2\repository\org\slf4j\slf4j-api\1.7.32\slf4j-api-1.7.32.jar;C:\Users\ponda\.m2\repository\org\assertj\assertj-core\3.6.2\assertj-core-3.6.2.jar;C:\Users\ponda\.m2\repository\org\apache\maven\surefire\surefire-junit-platform\3.0.0-M5\surefire-junit-platform-3.0.0-M5.jar;C:\Users\ponda\.m2\repository\org\apache\maven\surefire\common-java5\3.0.0-M5\common-java5-3.0.0-M5.jar"/>
    <property name="user.script" value=""/>
    <property name="java.protocol.handler.pkgs" value="com.google.common"/>
    <property name="sun.management.compiler" value="HotSpot 64-Bit Tiered Compilers"/>
    <property name="java.runtime.version" value="15.0.2+7-27"/>
    <property name="user.name" value="ponda"/>
    <property name="path.separator" value=";"/>
    <property name="os.version" value="10.0"/>
    <property name="java.runtime.name" value="Java(TM) SE Runtime Environment"/>
    <property name="file.encoding" value="Cp1252"/>
    <property name="webdriver.base.url" value=""/>
    <property name="java.vm.name" value="Java HotSpot(TM) 64-Bit Server VM"/>
    <property name="localRepository" value="C:\Users\ponda\.m2\repository"/>
    <property name="java.vendor.url.bug" value="https://bugreport.java.com/bugreport/"/>
    <property name="java.io.tmpdir" value="C:\Users\ponda\AppData\Local\Temp\"/>
    <property name="java.version" value="15.0.2"/>
    <property name="user.dir" value="C:\Users\ponda\Documents\Final_Project\Final_Web"/>
    <property name="os.arch" value="amd64"/>
    <property name="java.vm.specification.name" value="Java Virtual Machine Specification"/>
    <property name="sun.os.patch.level" value=""/>
    <property name="java.library.path" value="C:\Program Files\Java\jdk-15.0.2\bin;C:\Windows\Sun\Java\bin;C:\Windows\system32;C:\Windows;C:\Program Files\Common Files\Oracle\Java\javapath;C:\Users\ponda\AppData\Local\Programs\Python\Python39\Scripts\;C:\Users\ponda\AppData\Local\Programs\Python\Python39\;&quot;C:\Program Files\Common Files\Oracle\Java\javapath;C:\Program Files\Java\jdk-16.0.1\bin&quot;;C:\Windows\system32;C:\Windows;C:\Windows\System32\Wbem;C:\Windows\System32\WindowsPowerShell\v1.0\;C:\Windows\System32\OpenSSH\;C:\ProgramData\chocolatey\bin;C:\Program Files (x86)\GtkSharp\2.12\bin;C:\Program Files\Git\cmd;C:\Users\ponda\AppData\Local\Android\Sdk\platform-tools;C:\Program Files\nodejs\;C:\Program Files\Java\jdk-15.0.2\bin;C:\Program Files\apache-maven-3.8.5\bin;C:\Users\ponda\AppData\Local\Microsoft\WindowsApps;C:\Users\ponda\AppData\Local\Programs\Microsoft VS Code\bin;C:\Program Files\JetBrains\PyCharm Community Edition 2020.3.5\bin;;C:\tools\dart-sdk\bin;C:\Users\ponda\AppData\Roaming\Pub\Cache\bin;C:\Program Files\JetBrains\IntelliJ IDEA Community Edition 2021.3.3\bin;;%IntelliJ IDEA%;C:\Users\ponda\AppData\Roaming\npm;."/>
    <property name="java.vm.info" value="mixed mode"/>
    <property name="java.vendor" value="Oracle Corporation"/>
    <property name="java.vm.version" value="15.0.2+7-27"/>
    <property name="sun.io.unicode.encoding" value="UnicodeLittle"/>
    <property name="java.class.version" value="59.0"/>
  </properties>
  <testcase name="Login #1" classname="Login" time="58.059">
    <system-out><![CDATA[15:50:02.290 [main] INFO io.cucumber.core.plugin.SerenityReporter - Running feature from file:///C:/Users/ponda/Documents/Final_Project/Final_Web/src/test/resources/features/Login.feature
15:50:02.875 [main] INFO  - 

-------------------------------------------------------------------------------------
     _______. _______ .______       _______ .__   __.  __  .___________.____    ____ 
    /       ||   ____||   _  \     |   ____||  \ |  | |  | |           |\   \  /   / 
   |   (----`|  |__   |  |_)  |    |  |__   |   \|  | |  | `---|  |----` \   \/   /  
    \   \    |   __|  |      /     |   __|  |  . `  | |  |     |  |       \_    _/   
.----)   |   |  |____ |  |\  \----.|  |____ |  |\   | |  |     |  |         |  |     
|_______/    |_______|| _| `._____||_______||__| \__| |__|     |__|         |__|    
                                                                                     
 News and tutorials at http://www.serenity-bdd.info                                  
 Documentation at https://wakaleo.gitbooks.io/the-serenity-book/content/             
 Join the Serenity Community on Gitter: https://gitter.im/serenity-bdd/serenity-core 
 Serenity BDD Support and Training at http://serenity-bdd.info/#/trainingandsupport  
-------------------------------------------------------------------------------------

15:50:02.883 [main] DEBUG net.thucydides.core.steps.StepEventBus - Test suite started for story net.thucydides.core.model.Story@23282f08
15:50:02.898 [main] INFO  - Test Suite Started: Login
15:50:02.941 [main] INFO io.cucumber.core.plugin.SerenityReporter - Running feature from file:///C:/Users/ponda/Documents/Final_Project/Final_Web/src/test/resources/features/Logout.feature
15:50:02.958 [main] DEBUG net.thucydides.core.steps.StepEventBus - Test suite started for story net.thucydides.core.model.Story@30c9f540
15:50:02.959 [main] INFO  - Test Suite Started: As a user
15:50:02.960 [main] INFO io.cucumber.core.plugin.SerenityReporter - Running feature from file:///C:/Users/ponda/Documents/Final_Project/Final_Web/src/test/resources/features/Order.feature
15:50:02.977 [main] DEBUG net.thucydides.core.steps.StepEventBus - Test suite started for story net.thucydides.core.model.Story@ee9e23af
15:50:02.978 [main] INFO  - Test Suite Started: Change item's quantity on my shopping cart
15:50:02.979 [main] INFO io.cucumber.core.plugin.SerenityReporter - Running feature from file:///C:/Users/ponda/Documents/Final_Project/Final_Web/src/test/resources/features/Product.feature
15:50:03.003 [main] DEBUG net.thucydides.core.steps.StepEventBus - Test suite started for story net.thucydides.core.model.Story@fdbc81c8
15:50:03.004 [main] INFO  - Test Suite Started: Product
15:50:03.004 [main] INFO io.cucumber.core.plugin.SerenityReporter - Running feature from file:///C:/Users/ponda/Documents/Final_Project/Final_Web/src/test/resources/features/Register.feature
15:50:03.028 [main] DEBUG net.thucydides.core.steps.StepEventBus - Test suite started for story net.thucydides.core.model.Story@30e75088
15:50:03.031 [main] INFO  - Test Suite Started: Register
15:50:03.033 [main] INFO io.cucumber.core.plugin.SerenityReporter - Running feature from file:///C:/Users/ponda/Documents/Final_Project/Final_Web/src/test/resources/features/Login.feature
15:50:03.042 [main] DEBUG net.thucydides.core.steps.StepEventBus - Test suite started for story net.thucydides.core.model.Story@23282f08
15:50:03.043 [main] INFO  - Test Suite Started: Login

Scenario Outline: Login               &amp#27;[90m# src/test/resources/features/Login.feature:15&amp#27;[0m
15:50:03.352 [main] INFO io.cucumber.core.plugin.SerenityReporter - Running feature from file:///C:/Users/ponda/Documents/Final_Project/Final_Web/src/test/resources/features/Login.feature
15:50:03.624 [main] INFO  - 
  _____   ___   ___   _____     ___   _____     _     ___   _____   ___   ___  
 |_   _| | __| / __| |_   _|   / __| |_   _|   /_\   | _ \ |_   _| | __| |   \ 
   | |   | _|  \__ \   | |     \__ \   | |    / _ \  |   /   | |   | _|  | |) |
   |_|   |___| |___/   |_|     |___/   |_|   /_/ \_\ |_|_\   |_|   |___| |___/ 

Login(login;login)
--------------------------------------------------------------------------------
15:50:06.751 [main] DEBUG net.thucydides.core.steps.StepInterceptor - STARTING STEP: LoginSteps.iAmOnQaAltaIdLoginPage - openUrl
15:50:06.942 [main] INFO net.serenitybdd.core.webdriver.driverproviders.ChromeDriverProvider - Using automatically driver download
15:50:09.151 [main] DEBUG io.github.bonigarcia.wdm.cache.ResolutionCache - Resolution chrome=101 in cache (valid until 16:36:25 18/05/2022 WIB)
15:50:09.175 [main] DEBUG io.github.bonigarcia.wdm.cache.ResolutionCache - Resolution chrome101=101.0.4951.41 in cache (valid until 16:04:06 18/05/2022 WIB)
15:50:09.187 [main] INFO io.github.bonigarcia.wdm.WebDriverManager - Using chromedriver 101.0.4951.41 (resolved driver for Chrome 101)
15:50:09.245 [main] DEBUG io.github.bonigarcia.wdm.WebDriverManager - Driver chromedriver 101.0.4951.41 found in cache
15:50:09.250 [main] INFO io.github.bonigarcia.wdm.WebDriverManager - Exporting webdriver.chrome.driver as C:\Users\ponda\.cache\selenium\chromedriver\win32\101.0.4951.41\chromedriver.exe
15:50:10.707 [main] DEBUG net.thucydides.core.reflection.ClassFinder - Could not load class .CucumberTestSuite
15:50:10.707 [main] DEBUG net.thucydides.core.reflection.ClassFinder - Could not load class .Utils.General
15:50:10.708 [main] DEBUG net.thucydides.core.reflection.ClassFinder - Could not load class .starter.pages.LoginPage
15:50:10.708 [main] DEBUG net.thucydides.core.reflection.ClassFinder - Could not load class .starter.pages.OrderPage
15:50:10.708 [main] DEBUG net.thucydides.core.reflection.ClassFinder - Could not load class .starter.pages.ProductPage
15:50:10.708 [main] DEBUG net.thucydides.core.reflection.ClassFinder - Could not load class .starter.pages.ProductPage_Logout
15:50:10.709 [main] DEBUG net.thucydides.core.reflection.ClassFinder - Could not load class .starter.pages.RegisterPage
15:50:10.709 [main] DEBUG net.thucydides.core.reflection.ClassFinder - Could not load class .starter.pages.TransactionPage
15:50:10.709 [main] DEBUG net.thucydides.core.reflection.ClassFinder - Could not load class .starter.stepdefinitions.LoginSteps
15:50:10.709 [main] DEBUG net.thucydides.core.reflection.ClassFinder - Could not load class .starter.stepdefinitions.LogoutSteps
15:50:10.710 [main] DEBUG net.thucydides.core.reflection.ClassFinder - Could not load class .starter.stepdefinitions.OrderSteps
15:50:10.710 [main] DEBUG net.thucydides.core.reflection.ClassFinder - Could not load class .starter.stepdefinitions.ProductSteps
15:50:10.710 [main] DEBUG net.thucydides.core.reflection.ClassFinder - Could not load class .starter.stepdefinitions.RegisterSteps
15:50:10.712 [main] DEBUG net.thucydides.core.reflection.ClassFinder - Could not load class META-INF.versions.9.com.sun.istack.logging.StackHelper
15:50:10.713 [main] DEBUG net.thucydides.core.reflection.ClassFinder - Could not load class META-INF.versions.9.com.sun.xml.bind.v2.runtime.reflect.opt.AccessorInjector
15:50:10.714 [main] DEBUG net.thucydides.core.reflection.ClassFinder - Could not load class META-INF.versions.9.com.sun.xml.bind.v2.runtime.reflect.opt.Injector
15:50:10.715 [main] DEBUG net.thucydides.core.reflection.ClassFinder - Could not load class META-INF.versions.9.com.sun.xml.bind.v2.runtime.reflect.opt.OptimizedAccessorFactory
15:50:10.716 [main] DEBUG net.thucydides.core.reflection.ClassFinder - Could not load class META-INF.versions.9.com.sun.xml.bind.v2.runtime.reflect.opt.OptimizedTransducedAccessorFactory
15:50:10.717 [main] DEBUG net.thucydides.core.reflection.ClassFinder - Could not load class META-INF.versions.9.io.opentelemetry.sdk.internal.CurrentJavaVersionSpecific
15:50:10.718 [main] DEBUG net.thucydides.core.reflection.ClassFinder - Could not load class META-INF.versions.9.io.opentelemetry.sdk.internal.Java9VersionSpecific
15:50:10.720 [main] DEBUG net.thucydides.core.reflection.ClassFinder - Could not load class META-INF.versions.9.javax.xml.bind.ModuleUtil
15:50:10.721 [main] DEBUG net.thucydides.core.reflection.ClassFinder - Could not load class META-INF.versions.9.module-info
15:50:10.722 [main] DEBUG net.thucydides.core.reflection.ClassFinder - Could not load class META-INF.versions.9.org.junit.platform.commons.util.ModuleUtils
15:50:11.650 [main] DEBUG net.thucydides.core.reflection.ClassFinder - Could not load class com.google.gson.internal.
15:50:12.275 [main] DEBUG net.thucydides.core.reflection.ClassFinder - Could not load class com.sun.xml.bind.v2.runtime.output.FastInfosetStreamWriterOutput
15:50:13.622 [main] DEBUG net.thucydides.core.reflection.ClassFinder - Could not load class module-info
15:50:21.985 [main] DEBUG io.netty.util.internal.logging.InternalLoggerFactory - Using SLF4J as the default logging framework
15:50:21.995 [main] DEBUG io.netty.util.ResourceLeakDetector - -Dio.netty.leakDetection.level: simple
15:50:21.996 [main] DEBUG io.netty.util.ResourceLeakDetector - -Dio.netty.leakDetection.targetRecords: 4
15:50:22.007 [main] DEBUG io.netty.util.ResourceLeakDetectorFactory - Loaded default ResourceLeakDetector: io.netty.util.ResourceLeakDetector@435e857c
15:50:22.064 [main] DEBUG io.netty.util.internal.PlatformDependent0 - -Dio.netty.noUnsafe: false
15:50:22.064 [main] DEBUG io.netty.util.internal.PlatformDependent0 - Java version: 15
15:50:22.066 [main] DEBUG io.netty.util.internal.PlatformDependent0 - sun.misc.Unsafe.theUnsafe: available
15:50:22.068 [main] DEBUG io.netty.util.internal.PlatformDependent0 - sun.misc.Unsafe.copyMemory: available
15:50:22.070 [main] DEBUG io.netty.util.internal.PlatformDependent0 - java.nio.Buffer.address: available
15:50:22.072 [main] DEBUG io.netty.util.internal.PlatformDependent0 - direct buffer constructor: unavailable: Reflective setAccessible(true) disabled
15:50:22.075 [main] DEBUG io.netty.util.internal.PlatformDependent0 - java.nio.Bits.unaligned: available, true
15:50:22.078 [main] DEBUG io.netty.util.internal.PlatformDependent0 - jdk.internal.misc.Unsafe.allocateUninitializedArray(int): unavailable: class io.netty.util.internal.PlatformDependent0$6 cannot access class jdk.internal.misc.Unsafe (in module java.base) because module java.base does not export jdk.internal.misc to unnamed module @48e64352
15:50:22.081 [main] DEBUG io.netty.util.internal.PlatformDependent0 - java.nio.DirectByteBuffer.<init>(long, int): unavailable
15:50:22.081 [main] DEBUG io.netty.util.internal.PlatformDependent - sun.misc.Unsafe: available
15:50:22.085 [main] DEBUG io.netty.util.internal.PlatformDependent - maxDirectMemory: 2000683008 bytes (maybe)
15:50:22.087 [main] DEBUG io.netty.util.internal.PlatformDependent - -Dio.netty.tmpdir: C:\Users\ponda\AppData\Local\Temp (java.io.tmpdir)
15:50:22.087 [main] DEBUG io.netty.util.internal.PlatformDependent - -Dio.netty.bitMode: 64 (sun.arch.data.model)
15:50:22.087 [main] DEBUG io.netty.util.internal.PlatformDependent - Platform: Windows
15:50:22.093 [main] DEBUG io.netty.util.internal.PlatformDependent - -Dio.netty.maxDirectMemory: -1 bytes
15:50:22.094 [main] DEBUG io.netty.util.internal.PlatformDependent - -Dio.netty.uninitializedArrayAllocationThreshold: -1
15:50:22.096 [main] DEBUG io.netty.util.internal.CleanerJava9 - java.nio.ByteBuffer.cleaner(): available
15:50:22.123 [main] DEBUG io.netty.util.internal.PlatformDependent - -Dio.netty.noPreferDirect: false
15:50:22.149 [main] DEBUG io.netty.util.internal.PlatformDependent - org.jctools-core.MpscChunkedArrayQueue: available
15:50:22.192 [main] DEBUG io.netty.util.internal.InternalThreadLocalMap - -Dio.netty.threadLocalMap.stringBuilder.initialSize: 1024
15:50:22.192 [main] DEBUG io.netty.util.internal.InternalThreadLocalMap - -Dio.netty.threadLocalMap.stringBuilder.maxSize: 4096
15:50:22.285 [main] DEBUG io.netty.handler.ssl.JdkSslContext - Default protocols (JDK): [TLSv1.3, TLSv1.2, TLSv1.1, TLSv1] 
15:50:22.285 [main] DEBUG io.netty.handler.ssl.JdkSslContext - Default cipher suites (JDK): [TLS_ECDHE_ECDSA_WITH_AES_256_GCM_SHA384, TLS_ECDHE_ECDSA_WITH_AES_128_GCM_SHA256, TLS_ECDHE_RSA_WITH_AES_128_GCM_SHA256, TLS_ECDHE_RSA_WITH_AES_256_GCM_SHA384, TLS_ECDHE_RSA_WITH_AES_128_CBC_SHA, TLS_ECDHE_RSA_WITH_AES_256_CBC_SHA, TLS_RSA_WITH_AES_128_GCM_SHA256, TLS_RSA_WITH_AES_128_CBC_SHA, TLS_RSA_WITH_AES_256_CBC_SHA, TLS_AES_128_GCM_SHA256, TLS_AES_256_GCM_SHA384]
15:50:22.367 [main] DEBUG io.netty.channel.MultithreadEventLoopGroup - -Dio.netty.eventLoopThreads: 4
15:50:22.394 [main] DEBUG io.netty.channel.nio.NioEventLoop - -Dio.netty.noKeySetOptimization: false
15:50:22.394 [main] DEBUG io.netty.channel.nio.NioEventLoop - -Dio.netty.selectorAutoRebuildThreshold: 512
15:50:22.509 [main] DEBUG io.netty.buffer.PooledByteBufAllocator - -Dio.netty.allocator.numHeapArenas: 4
15:50:22.510 [main] DEBUG io.netty.buffer.PooledByteBufAllocator - -Dio.netty.allocator.numDirectArenas: 4
15:50:22.510 [main] DEBUG io.netty.buffer.PooledByteBufAllocator - -Dio.netty.allocator.pageSize: 8192
15:50:22.510 [main] DEBUG io.netty.buffer.PooledByteBufAllocator - -Dio.netty.allocator.maxOrder: 11
15:50:22.510 [main] DEBUG io.netty.buffer.PooledByteBufAllocator - -Dio.netty.allocator.chunkSize: 16777216
15:50:22.510 [main] DEBUG io.netty.buffer.PooledByteBufAllocator - -Dio.netty.allocator.smallCacheSize: 256
15:50:22.510 [main] DEBUG io.netty.buffer.PooledByteBufAllocator - -Dio.netty.allocator.normalCacheSize: 64
15:50:22.510 [main] DEBUG io.netty.buffer.PooledByteBufAllocator - -Dio.netty.allocator.maxCachedBufferCapacity: 32768
15:50:22.510 [main] DEBUG io.netty.buffer.PooledByteBufAllocator - -Dio.netty.allocator.cacheTrimInterval: 8192
15:50:22.510 [main] DEBUG io.netty.buffer.PooledByteBufAllocator - -Dio.netty.allocator.cacheTrimIntervalMillis: 0
15:50:22.511 [main] DEBUG io.netty.buffer.PooledByteBufAllocator - -Dio.netty.allocator.useCacheForAllThreads: true
15:50:22.511 [main] DEBUG io.netty.buffer.PooledByteBufAllocator - -Dio.netty.allocator.maxCachedByteBuffersPerChunk: 1023
15:50:22.544 [main] DEBUG io.netty.buffer.ByteBufUtil - -Dio.netty.allocator.type: pooled
15:50:22.544 [main] DEBUG io.netty.buffer.ByteBufUtil - -Dio.netty.threadLocalDirectBufferSize: 0
15:50:22.544 [main] DEBUG io.netty.buffer.ByteBufUtil - -Dio.netty.maxThreadLocalCharBufferSize: 16384
15:50:23.077 [main] DEBUG net.serenitybdd.core.webdriver.driverproviders.ProvideNewDriver - Instantiating driver
15:50:23.077 [main] DEBUG net.serenitybdd.core.webdriver.driverproviders.ProvideNewDriver - Driver capabilities: Capabilities {acceptInsecureCerts: false, base.url: https://qa.alta.id, browserName: chrome, chrome.driver: src/test/resources/webdrive..., driver: chrome, goog:chromeOptions: {args: [], extensions: []}}
15:50:24.288 [Forwarding newSession on session null to remote] DEBUG io.netty.channel.DefaultChannelId - -Dio.netty.processId: 21472 (auto-detected)
15:50:24.292 [Forwarding newSession on session null to remote] DEBUG io.netty.util.NetUtil - -Djava.net.preferIPv4Stack: false
15:50:24.292 [Forwarding newSession on session null to remote] DEBUG io.netty.util.NetUtil - -Djava.net.preferIPv6Addresses: false
15:50:24.309 [Forwarding newSession on session null to remote] DEBUG io.netty.util.NetUtilInitializations - Loopback interface: lo (Software Loopback Interface 1, 127.0.0.1)
15:50:24.311 [Forwarding newSession on session null to remote] DEBUG io.netty.util.NetUtil - Failed to get SOMAXCONN from sysctl and file \proc\sys\net\core\somaxconn. Default: 200
15:50:24.348 [Forwarding newSession on session null to remote] DEBUG io.netty.channel.DefaultChannelId - -Dio.netty.machineId: b0:a4:60:ff:fe:51:c9:7b (auto-detected)
15:50:24.457 [AsyncHttpClient-1-2] DEBUG io.netty.buffer.AbstractByteBuf - -Dio.netty.buffer.checkAccessible: true
15:50:24.457 [AsyncHttpClient-1-2] DEBUG io.netty.buffer.AbstractByteBuf - -Dio.netty.buffer.checkBounds: true
15:50:24.457 [AsyncHttpClient-1-2] DEBUG io.netty.util.ResourceLeakDetectorFactory - Loaded default ResourceLeakDetector: io.netty.util.ResourceLeakDetector@3023746b
15:50:24.484 [AsyncHttpClient-1-2] DEBUG org.asynchttpclient.netty.channel.NettyConnectListener - Using new Channel '[id: 0x8f188f74, L:/127.0.0.1:56093 - R:localhost/127.0.0.1:58463]' for 'POST' to '/session'
15:50:24.536 [AsyncHttpClient-1-2] DEBUG io.netty.util.Recycler - -Dio.netty.recycler.maxCapacityPerThread: 4096
15:50:24.536 [AsyncHttpClient-1-2] DEBUG io.netty.util.Recycler - -Dio.netty.recycler.ratio: 8
15:50:24.536 [AsyncHttpClient-1-2] DEBUG io.netty.util.Recycler - -Dio.netty.recycler.chunkSize: 32
15:50:24.536 [AsyncHttpClient-1-2] DEBUG io.netty.util.Recycler - -Dio.netty.recycler.blocking: false
15:50:26.844 [AsyncHttpClient-1-2] DEBUG io.netty.handler.codec.compression.Brotli - brotli4j not in the classpath; Brotli support will be unavailable.
15:50:26.845 [AsyncHttpClient-1-2] DEBUG org.asynchttpclient.netty.handler.HttpHandler - 

Request DefaultHttpRequest(decodeResult: success, version: HTTP/1.1)
POST /session HTTP/1.1
User-Agent: selenium/4.1.2 (java windows)
Content-Length: 599
Content-Type: application/json; charset=utf-8
host: localhost:58463
accept: */*

Response DefaultHttpResponse(decodeResult: success, version: HTTP/1.1)
HTTP/1.1 200 OK
Content-Type: application/json; charset=utf-8
cache-control: no-cache
content-length: 790

15:50:26.865 [AsyncHttpClient-1-2] DEBUG org.asynchttpclient.netty.channel.ChannelManager - Adding key: http://localhost:58463 for channel [id: 0x8f188f74, L:/127.0.0.1:56093 - R:localhost/127.0.0.1:58463]
15:50:27.293 [AsyncHttpClient-1-3] DEBUG org.asynchttpclient.netty.channel.NettyConnectListener - Using new Channel '[id: 0x3869025a, L:/127.0.0.1:56101 - R:localhost/127.0.0.1:56094]' for 'GET' to '/json/version'
15:50:27.319 [AsyncHttpClient-1-3] DEBUG org.asynchttpclient.netty.handler.HttpHandler - 

Request DefaultFullHttpRequest(decodeResult: success, version: HTTP/1.1, content: EmptyByteBufBE)
GET /json/version HTTP/1.1
User-Agent: selenium/4.1.2 (java windows)
host: localhost:56094
accept: */*

Response DefaultHttpResponse(decodeResult: success, version: HTTP/1.1)
HTTP/1.1 200 OK
Content-Type: application/json; charset=UTF-8
content-length: 427

15:50:27.320 [AsyncHttpClient-1-3] DEBUG org.asynchttpclient.netty.channel.ChannelManager - Adding key: http://localhost:56094 for channel [id: 0x3869025a, L:/127.0.0.1:56101 - R:localhost/127.0.0.1:56094]
15:50:27.337 [main] DEBUG io.netty.util.internal.ThreadLocalRandom - -Dio.netty.initialSeedUniquifier: 0x81a4cef1459af559
15:50:27.412 [AsyncHttpClient-1-4] DEBUG org.asynchttpclient.netty.channel.NettyConnectListener - Using new Channel '[id: 0xb1a9c84b, L:/127.0.0.1:56102 - R:localhost/127.0.0.1:56094]' for 'GET' to '/devtools/browser/3cc5d084-1d34-4d6f-83ca-a974189fcc03'
15:50:27.439 [AsyncHttpClient-1-4] DEBUG org.asynchttpclient.netty.handler.WebSocketHandler - 

Request DefaultFullHttpRequest(decodeResult: success, version: HTTP/1.1, content: EmptyByteBufBE)
GET /devtools/browser/3cc5d084-1d34-4d6f-83ca-a974189fcc03 HTTP/1.1
upgrade: websocket
connection: upgrade
sec-websocket-key: dMt+SAF4ixJUEe6kyewmgw==
sec-websocket-version: 13
origin: http://localhost:56094
host: localhost:56094
accept: */*
user-agent: AHC/2.1

Response DefaultHttpResponse(decodeResult: success, version: HTTP/1.1)
HTTP/1.1 101 WebSocket Protocol Handshake
Upgrade: WebSocket
Connection: Upgrade
Sec-WebSocket-Accept: a++uB6KCIwMGK1VZ6TdNpZtBETA=

15:50:27.545 [Forwarding maximizeCurrentWindow on session 27d1830ae3e891b9e4763c346f7a8352 to remote] DEBUG org.asynchttpclient.netty.request.NettyRequestSender - Using pooled Channel '[id: 0x8f188f74, L:/127.0.0.1:56093 - R:localhost/127.0.0.1:58463]' for 'POST' to 'http://localhost:58463/session/27d1830ae3e891b9e4763c346f7a8352/window/maximize'
15:50:27.569 [Forwarding maximizeCurrentWindow on session 27d1830ae3e891b9e4763c346f7a8352 to remote] DEBUG org.asynchttpclient.netty.request.NettyRequestSender - Using open Channel [id: 0x8f188f74, L:/127.0.0.1:56093 - R:localhost/127.0.0.1:58463] for POST '/session/27d1830ae3e891b9e4763c346f7a8352/window/maximize'
15:50:27.777 [AsyncHttpClient-1-2] DEBUG org.asynchttpclient.netty.handler.HttpHandler - 

Request DefaultHttpRequest(decodeResult: success, version: HTTP/1.1)
POST /session/27d1830ae3e891b9e4763c346f7a8352/window/maximize HTTP/1.1
User-Agent: selenium/4.1.2 (java windows)
Content-Length: 3
Content-Type: application/json; charset=utf-8
host: localhost:58463
accept: */*

Response DefaultHttpResponse(decodeResult: success, version: HTTP/1.1)
HTTP/1.1 200 OK
Content-Type: application/json; charset=utf-8
cache-control: no-cache
content-length: 51

15:50:27.778 [AsyncHttpClient-1-2] DEBUG org.asynchttpclient.netty.channel.ChannelManager - Adding key: http://localhost:58463 for channel [id: 0x8f188f74, L:/127.0.0.1:56093 - R:localhost/127.0.0.1:58463]
15:50:27.869 [AsyncHttpClient-1-1] DEBUG org.asynchttpclient.netty.channel.DefaultChannelPool - Entry count for : http://localhost:56094 : 1
15:50:27.869 [AsyncHttpClient-1-1] DEBUG org.asynchttpclient.netty.channel.DefaultChannelPool - Entry count for : http://localhost:58463 : 1
15:50:28.975 [AsyncHttpClient-1-1] DEBUG org.asynchttpclient.netty.channel.DefaultChannelPool - Entry count for : http://localhost:56094 : 1
15:50:28.975 [AsyncHttpClient-1-1] DEBUG org.asynchttpclient.netty.channel.DefaultChannelPool - Entry count for : http://localhost:58463 : 1
15:50:29.817 [main] DEBUG net.thucydides.core.reflection.ClassFinder - Could not load class .CucumberTestSuite
15:50:29.817 [main] DEBUG net.thucydides.core.reflection.ClassFinder - Could not load class .Utils.General
15:50:29.817 [main] DEBUG net.thucydides.core.reflection.ClassFinder - Could not load class .starter.pages.LoginPage
15:50:29.817 [main] DEBUG net.thucydides.core.reflection.ClassFinder - Could not load class .starter.pages.OrderPage
15:50:29.817 [main] DEBUG net.thucydides.core.reflection.ClassFinder - Could not load class .starter.pages.ProductPage
15:50:29.817 [main] DEBUG net.thucydides.core.reflection.ClassFinder - Could not load class .starter.pages.ProductPage_Logout
15:50:29.818 [main] DEBUG net.thucydides.core.reflection.ClassFinder - Could not load class .starter.pages.RegisterPage
15:50:29.824 [main] DEBUG net.thucydides.core.reflection.ClassFinder - Could not load class .starter.pages.TransactionPage
15:50:29.873 [main] DEBUG net.thucydides.core.reflection.ClassFinder - Could not load class .starter.stepdefinitions.LoginSteps
15:50:29.873 [main] DEBUG net.thucydides.core.reflection.ClassFinder - Could not load class .starter.stepdefinitions.LogoutSteps
15:50:29.873 [main] DEBUG net.thucydides.core.reflection.ClassFinder - Could not load class .starter.stepdefinitions.OrderSteps
15:50:29.884 [main] DEBUG net.thucydides.core.reflection.ClassFinder - Could not load class .starter.stepdefinitions.ProductSteps
15:50:29.884 [main] DEBUG net.thucydides.core.reflection.ClassFinder - Could not load class .starter.stepdefinitions.RegisterSteps
15:50:29.886 [main] DEBUG net.thucydides.core.reflection.ClassFinder - Could not load class META-INF.versions.9.com.sun.istack.logging.StackHelper
15:50:29.891 [main] DEBUG net.thucydides.core.reflection.ClassFinder - Could not load class META-INF.versions.9.com.sun.xml.bind.v2.runtime.reflect.opt.AccessorInjector
15:50:29.892 [main] DEBUG net.thucydides.core.reflection.ClassFinder - Could not load class META-INF.versions.9.com.sun.xml.bind.v2.runtime.reflect.opt.Injector
15:50:29.893 [main] DEBUG net.thucydides.core.reflection.ClassFinder - Could not load class META-INF.versions.9.com.sun.xml.bind.v2.runtime.reflect.opt.OptimizedAccessorFactory
15:50:29.894 [main] DEBUG net.thucydides.core.reflection.ClassFinder - Could not load class META-INF.versions.9.com.sun.xml.bind.v2.runtime.reflect.opt.OptimizedTransducedAccessorFactory
15:50:29.895 [main] DEBUG net.thucydides.core.reflection.ClassFinder - Could not load class META-INF.versions.9.io.opentelemetry.sdk.internal.CurrentJavaVersionSpecific
15:50:29.896 [main] DEBUG net.thucydides.core.reflection.ClassFinder - Could not load class META-INF.versions.9.io.opentelemetry.sdk.internal.Java9VersionSpecific
15:50:29.897 [main] DEBUG net.thucydides.core.reflection.ClassFinder - Could not load class META-INF.versions.9.javax.xml.bind.ModuleUtil
15:50:29.898 [main] DEBUG net.thucydides.core.reflection.ClassFinder - Could not load class META-INF.versions.9.module-info
15:50:29.902 [main] DEBUG net.thucydides.core.reflection.ClassFinder - Could not load class META-INF.versions.9.org.junit.platform.commons.util.ModuleUtils
15:50:29.907 [main] DEBUG net.thucydides.core.reflection.ClassFinder - Could not load class com.google.gson.internal.
15:50:29.910 [main] DEBUG net.thucydides.core.reflection.ClassFinder - Could not load class com.sun.xml.bind.v2.runtime.output.FastInfosetStreamWriterOutput
15:50:29.916 [main] DEBUG net.thucydides.core.reflection.ClassFinder - Could not load class module-info
15:50:29.966 [Forwarding get on session 27d1830ae3e891b9e4763c346f7a8352 to remote] DEBUG org.asynchttpclient.netty.request.NettyRequestSender - Using pooled Channel '[id: 0x8f188f74, L:/127.0.0.1:56093 - R:localhost/127.0.0.1:58463]' for 'POST' to 'http://localhost:58463/session/27d1830ae3e891b9e4763c346f7a8352/url'
15:50:29.966 [Forwarding get on session 27d1830ae3e891b9e4763c346f7a8352 to remote] DEBUG org.asynchttpclient.netty.request.NettyRequestSender - Using open Channel [id: 0x8f188f74, L:/127.0.0.1:56093 - R:localhost/127.0.0.1:58463] for POST '/session/27d1830ae3e891b9e4763c346f7a8352/url'
15:50:30.062 [AsyncHttpClient-1-1] DEBUG org.asynchttpclient.netty.channel.DefaultChannelPool - Entry count for : http://localhost:56094 : 1
15:50:31.177 [AsyncHttpClient-1-1] DEBUG org.asynchttpclient.netty.channel.DefaultChannelPool - Entry count for : http://localhost:56094 : 1
15:50:32.360 [AsyncHttpClient-1-1] DEBUG org.asynchttpclient.netty.channel.DefaultChannelPool - Entry count for : http://localhost:56094 : 1
15:50:32.858 [AsyncHttpClient-1-2] DEBUG org.asynchttpclient.netty.handler.HttpHandler - 

Request DefaultHttpRequest(decodeResult: success, version: HTTP/1.1)
POST /session/27d1830ae3e891b9e4763c346f7a8352/url HTTP/1.1
User-Agent: selenium/4.1.2 (java windows)
Content-Length: 64
Content-Type: application/json; charset=utf-8
host: localhost:58463
accept: */*

Response DefaultHttpResponse(decodeResult: success, version: HTTP/1.1)
HTTP/1.1 200 OK
Content-Type: application/json; charset=utf-8
cache-control: no-cache
content-length: 14

15:50:32.859 [AsyncHttpClient-1-2] DEBUG org.asynchttpclient.netty.channel.ChannelManager - Adding key: http://localhost:58463 for channel [id: 0x8f188f74, L:/127.0.0.1:56093 - R:localhost/127.0.0.1:58463]
15:50:32.938 [Forwarding setTimeout on session 27d1830ae3e891b9e4763c346f7a8352 to remote] DEBUG org.asynchttpclient.netty.request.NettyRequestSender - Using pooled Channel '[id: 0x8f188f74, L:/127.0.0.1:56093 - R:localhost/127.0.0.1:58463]' for 'POST' to 'http://localhost:58463/session/27d1830ae3e891b9e4763c346f7a8352/timeouts'
15:50:32.939 [Forwarding setTimeout on session 27d1830ae3e891b9e4763c346f7a8352 to remote] DEBUG org.asynchttpclient.netty.request.NettyRequestSender - Using open Channel [id: 0x8f188f74, L:/127.0.0.1:56093 - R:localhost/127.0.0.1:58463] for POST '/session/27d1830ae3e891b9e4763c346f7a8352/timeouts'
15:50:32.957 [AsyncHttpClient-1-2] DEBUG org.asynchttpclient.netty.handler.HttpHandler - 

Request DefaultHttpRequest(decodeResult: success, version: HTTP/1.1)
POST /session/27d1830ae3e891b9e4763c346f7a8352/timeouts HTTP/1.1
User-Agent: selenium/4.1.2 (java windows)
Content-Length: 22
Content-Type: application/json; charset=utf-8
host: localhost:58463
accept: */*

Response DefaultHttpResponse(decodeResult: success, version: HTTP/1.1)
HTTP/1.1 200 OK
Content-Type: application/json; charset=utf-8
cache-control: no-cache
content-length: 14

15:50:32.957 [AsyncHttpClient-1-2] DEBUG org.asynchttpclient.netty.channel.ChannelManager - Adding key: http://localhost:58463 for channel [id: 0x8f188f74, L:/127.0.0.1:56093 - R:localhost/127.0.0.1:58463]
15:50:33.003 [Forwarding getCurrentUrl on session 27d1830ae3e891b9e4763c346f7a8352 to remote] DEBUG org.asynchttpclient.netty.request.NettyRequestSender - Using pooled Channel '[id: 0x8f188f74, L:/127.0.0.1:56093 - R:localhost/127.0.0.1:58463]' for 'GET' to 'http://localhost:58463/session/27d1830ae3e891b9e4763c346f7a8352/url'
15:50:33.004 [Forwarding getCurrentUrl on session 27d1830ae3e891b9e4763c346f7a8352 to remote] DEBUG org.asynchttpclient.netty.request.NettyRequestSender - Using open Channel [id: 0x8f188f74, L:/127.0.0.1:56093 - R:localhost/127.0.0.1:58463] for GET '/session/27d1830ae3e891b9e4763c346f7a8352/url'
15:50:33.061 [AsyncHttpClient-1-2] DEBUG org.asynchttpclient.netty.handler.HttpHandler - 

Request DefaultFullHttpRequest(decodeResult: success, version: HTTP/1.1, content: EmptyByteBufBE)
GET /session/27d1830ae3e891b9e4763c346f7a8352/url HTTP/1.1
User-Agent: selenium/4.1.2 (java windows)
Cache-Control: no-cache
Content-Type: application/json; charset=utf-8
host: localhost:58463
accept: */*

Response DefaultHttpResponse(decodeResult: success, version: HTTP/1.1)
HTTP/1.1 200 OK
Content-Type: application/json; charset=utf-8
cache-control: no-cache
content-length: 41

15:50:33.063 [AsyncHttpClient-1-2] DEBUG org.asynchttpclient.netty.channel.ChannelManager - Adding key: http://localhost:58463 for channel [id: 0x8f188f74, L:/127.0.0.1:56093 - R:localhost/127.0.0.1:58463]
15:50:33.131 [main] DEBUG net.serenitybdd.core.photography.Darkroom - Opening darkroom
15:50:33.135 [Forwarding screenshot on session 27d1830ae3e891b9e4763c346f7a8352 to remote] DEBUG org.asynchttpclient.netty.request.NettyRequestSender - Using pooled Channel '[id: 0x8f188f74, L:/127.0.0.1:56093 - R:localhost/127.0.0.1:58463]' for 'GET' to 'http://localhost:58463/session/27d1830ae3e891b9e4763c346f7a8352/screenshot'
15:50:33.137 [Forwarding screenshot on session 27d1830ae3e891b9e4763c346f7a8352 to remote] DEBUG org.asynchttpclient.netty.request.NettyRequestSender - Using open Channel [id: 0x8f188f74, L:/127.0.0.1:56093 - R:localhost/127.0.0.1:58463] for GET '/session/27d1830ae3e891b9e4763c346f7a8352/screenshot'
15:50:33.166 [Darkroom Processing Line] DEBUG net.serenitybdd.core.photography.DarkroomProcessingLine - Darkroom processing line starting up
15:50:33.493 [AsyncHttpClient-1-1] DEBUG org.asynchttpclient.netty.channel.DefaultChannelPool - Entry count for : http://localhost:56094 : 1
15:50:33.539 [AsyncHttpClient-1-2] DEBUG org.asynchttpclient.netty.handler.HttpHandler - 

Request DefaultFullHttpRequest(decodeResult: success, version: HTTP/1.1, content: EmptyByteBufBE)
GET /session/27d1830ae3e891b9e4763c346f7a8352/screenshot HTTP/1.1
User-Agent: selenium/4.1.2 (java windows)
Cache-Control: no-cache
Content-Type: application/json; charset=utf-8
host: localhost:58463
accept: */*

Response DefaultHttpResponse(decodeResult: success, version: HTTP/1.1)
HTTP/1.1 200 OK
Content-Type: application/json; charset=utf-8
cache-control: no-cache
content-length: 25384

15:50:33.542 [AsyncHttpClient-1-2] DEBUG org.asynchttpclient.netty.channel.ChannelManager - Adding key: http://localhost:58463 for channel [id: 0x8f188f74, L:/127.0.0.1:56093 - R:localhost/127.0.0.1:58463]
15:50:33.785 [main] DEBUG net.serenitybdd.core.photography.Darkroom - Send negative for processing for target\site\serenity\49a3ec3fe6e588bb357024d38ea075b8250cb5f32bd132770e4d40bc98d606c0.png
15:50:33.787 [Darkroom Processing Line] DEBUG net.serenitybdd.core.photography.DarkroomProcessingLine - Processing screenshot image in /var/screenshots/screenshot-13423316471036560384
15:50:33.787 [Darkroom Processing Line] DEBUG net.serenitybdd.core.photography.DarkroomProcessingLine - Saving screenshot to target\site\serenity\49a3ec3fe6e588bb357024d38ea075b8250cb5f32bd132770e4d40bc98d606c0.png
15:50:33.812 [main] DEBUG net.thucydides.core.steps.StepInterceptor - STEP DONE: openUrl
  &amp#27;[32mGiven &amp#27;[0m&amp#27;[32mI am on qa.alta.id login page&amp#27;[0m &amp#27;[90m# starter.stepdefinitions.LoginSteps.iAmOnQaAltaIdLoginPage()&amp#27;[0m
15:50:33.848 [Forwarding screenshot on session 27d1830ae3e891b9e4763c346f7a8352 to remote] DEBUG org.asynchttpclient.netty.request.NettyRequestSender - Using pooled Channel '[id: 0x8f188f74, L:/127.0.0.1:56093 - R:localhost/127.0.0.1:58463]' for 'GET' to 'http://localhost:58463/session/27d1830ae3e891b9e4763c346f7a8352/screenshot'
15:50:33.848 [Forwarding screenshot on session 27d1830ae3e891b9e4763c346f7a8352 to remote] DEBUG org.asynchttpclient.netty.request.NettyRequestSender - Using open Channel [id: 0x8f188f74, L:/127.0.0.1:56093 - R:localhost/127.0.0.1:58463] for GET '/session/27d1830ae3e891b9e4763c346f7a8352/screenshot'
15:50:34.077 [AsyncHttpClient-1-2] DEBUG org.asynchttpclient.netty.handler.HttpHandler - 

Request DefaultFullHttpRequest(decodeResult: success, version: HTTP/1.1, content: EmptyByteBufBE)
GET /session/27d1830ae3e891b9e4763c346f7a8352/screenshot HTTP/1.1
User-Agent: selenium/4.1.2 (java windows)
Cache-Control: no-cache
Content-Type: application/json; charset=utf-8
host: localhost:58463
accept: */*

Response DefaultHttpResponse(decodeResult: success, version: HTTP/1.1)
HTTP/1.1 200 OK
Content-Type: application/json; charset=utf-8
cache-control: no-cache
content-length: 25384

15:50:34.078 [AsyncHttpClient-1-2] DEBUG org.asynchttpclient.netty.channel.ChannelManager - Adding key: http://localhost:58463 for channel [id: 0x8f188f74, L:/127.0.0.1:56093 - R:localhost/127.0.0.1:58463]
15:50:34.099 [main] DEBUG net.serenitybdd.core.photography.Darkroom - Send negative for processing for target\site\serenity\49a3ec3fe6e588bb357024d38ea075b8250cb5f32bd132770e4d40bc98d606c0.png
15:50:34.152 [Forwarding screenshot on session 27d1830ae3e891b9e4763c346f7a8352 to remote] DEBUG org.asynchttpclient.netty.request.NettyRequestSender - Using pooled Channel '[id: 0x8f188f74, L:/127.0.0.1:56093 - R:localhost/127.0.0.1:58463]' for 'GET' to 'http://localhost:58463/session/27d1830ae3e891b9e4763c346f7a8352/screenshot'
15:50:34.153 [Forwarding screenshot on session 27d1830ae3e891b9e4763c346f7a8352 to remote] DEBUG org.asynchttpclient.netty.request.NettyRequestSender - Using open Channel [id: 0x8f188f74, L:/127.0.0.1:56093 - R:localhost/127.0.0.1:58463] for GET '/session/27d1830ae3e891b9e4763c346f7a8352/screenshot'
15:50:34.354 [AsyncHttpClient-1-2] DEBUG org.asynchttpclient.netty.handler.HttpHandler - 

Request DefaultFullHttpRequest(decodeResult: success, version: HTTP/1.1, content: EmptyByteBufBE)
GET /session/27d1830ae3e891b9e4763c346f7a8352/screenshot HTTP/1.1
User-Agent: selenium/4.1.2 (java windows)
Cache-Control: no-cache
Content-Type: application/json; charset=utf-8
host: localhost:58463
accept: */*

Response DefaultHttpResponse(decodeResult: success, version: HTTP/1.1)
HTTP/1.1 200 OK
Content-Type: application/json; charset=utf-8
cache-control: no-cache
content-length: 25384

15:50:34.355 [AsyncHttpClient-1-2] DEBUG org.asynchttpclient.netty.channel.ChannelManager - Adding key: http://localhost:58463 for channel [id: 0x8f188f74, L:/127.0.0.1:56093 - R:localhost/127.0.0.1:58463]
15:50:34.361 [main] DEBUG net.serenitybdd.core.photography.Darkroom - Send negative for processing for target\site\serenity\49a3ec3fe6e588bb357024d38ea075b8250cb5f32bd132770e4d40bc98d606c0.png
15:50:34.392 [main] DEBUG net.thucydides.core.steps.StepInterceptor - STARTING STEP: LoginSteps.inputEmail - inputEmail
15:50:34.411 [Forwarding findElement on session 27d1830ae3e891b9e4763c346f7a8352 to remote] DEBUG org.asynchttpclient.netty.request.NettyRequestSender - Using pooled Channel '[id: 0x8f188f74, L:/127.0.0.1:56093 - R:localhost/127.0.0.1:58463]' for 'POST' to 'http://localhost:58463/session/27d1830ae3e891b9e4763c346f7a8352/element'
15:50:34.411 [Forwarding findElement on session 27d1830ae3e891b9e4763c346f7a8352 to remote] DEBUG org.asynchttpclient.netty.request.NettyRequestSender - Using open Channel [id: 0x8f188f74, L:/127.0.0.1:56093 - R:localhost/127.0.0.1:58463] for POST '/session/27d1830ae3e891b9e4763c346f7a8352/element'
15:50:34.440 [AsyncHttpClient-1-2] DEBUG org.asynchttpclient.netty.handler.HttpHandler - 

Request DefaultHttpRequest(decodeResult: success, version: HTTP/1.1)
POST /session/27d1830ae3e891b9e4763c346f7a8352/element HTTP/1.1
User-Agent: selenium/4.1.2 (java windows)
Content-Length: 86
Content-Type: application/json; charset=utf-8
host: localhost:58463
accept: */*

Response DefaultHttpResponse(decodeResult: success, version: HTTP/1.1)
HTTP/1.1 200 OK
Content-Type: application/json; charset=utf-8
cache-control: no-cache
content-length: 88

15:50:34.441 [AsyncHttpClient-1-2] DEBUG org.asynchttpclient.netty.channel.ChannelManager - Adding key: http://localhost:58463 for channel [id: 0x8f188f74, L:/127.0.0.1:56093 - R:localhost/127.0.0.1:58463]
15:50:34.453 [Forwarding clearElement on session 27d1830ae3e891b9e4763c346f7a8352 to remote] DEBUG org.asynchttpclient.netty.request.NettyRequestSender - Using pooled Channel '[id: 0x8f188f74, L:/127.0.0.1:56093 - R:localhost/127.0.0.1:58463]' for 'POST' to 'http://localhost:58463/session/27d1830ae3e891b9e4763c346f7a8352/element/862a6402-c175-4f7c-87bc-324440f39aab/clear'
15:50:34.455 [Forwarding clearElement on session 27d1830ae3e891b9e4763c346f7a8352 to remote] DEBUG org.asynchttpclient.netty.request.NettyRequestSender - Using open Channel [id: 0x8f188f74, L:/127.0.0.1:56093 - R:localhost/127.0.0.1:58463] for POST '/session/27d1830ae3e891b9e4763c346f7a8352/element/862a6402-c175-4f7c-87bc-324440f39aab/clear'
15:50:34.536 [AsyncHttpClient-1-2] DEBUG org.asynchttpclient.netty.handler.HttpHandler - 

Request DefaultHttpRequest(decodeResult: success, version: HTTP/1.1)
POST /session/27d1830ae3e891b9e4763c346f7a8352/element/862a6402-c175-4f7c-87bc-324440f39aab/clear HTTP/1.1
User-Agent: selenium/4.1.2 (java windows)
Content-Length: 50
Content-Type: application/json; charset=utf-8
host: localhost:58463
accept: */*

Response DefaultHttpResponse(decodeResult: success, version: HTTP/1.1)
HTTP/1.1 200 OK
Content-Type: application/json; charset=utf-8
cache-control: no-cache
content-length: 14

15:50:34.537 [AsyncHttpClient-1-2] DEBUG org.asynchttpclient.netty.channel.ChannelManager - Adding key: http://localhost:58463 for channel [id: 0x8f188f74, L:/127.0.0.1:56093 - R:localhost/127.0.0.1:58463]
15:50:34.557 [Forwarding sendKeysToElement on session 27d1830ae3e891b9e4763c346f7a8352 to remote] DEBUG org.asynchttpclient.netty.request.NettyRequestSender - Using pooled Channel '[id: 0x8f188f74, L:/127.0.0.1:56093 - R:localhost/127.0.0.1:58463]' for 'POST' to 'http://localhost:58463/session/27d1830ae3e891b9e4763c346f7a8352/element/862a6402-c175-4f7c-87bc-324440f39aab/value'
15:50:34.557 [Forwarding sendKeysToElement on session 27d1830ae3e891b9e4763c346f7a8352 to remote] DEBUG org.asynchttpclient.netty.request.NettyRequestSender - Using open Channel [id: 0x8f188f74, L:/127.0.0.1:56093 - R:localhost/127.0.0.1:58463] for POST '/session/27d1830ae3e891b9e4763c346f7a8352/element/862a6402-c175-4f7c-87bc-324440f39aab/value'
15:50:34.572 [AsyncHttpClient-1-1] DEBUG org.asynchttpclient.netty.channel.DefaultChannelPool - Entry count for : http://localhost:56094 : 1
15:50:35.344 [AsyncHttpClient-1-2] DEBUG org.asynchttpclient.netty.handler.HttpHandler - 

Request DefaultHttpRequest(decodeResult: success, version: HTTP/1.1)
POST /session/27d1830ae3e891b9e4763c346f7a8352/element/862a6402-c175-4f7c-87bc-324440f39aab/value HTTP/1.1
User-Agent: selenium/4.1.2 (java windows)
Content-Length: 251
Content-Type: application/json; charset=utf-8
host: localhost:58463
accept: */*

Response DefaultHttpResponse(decodeResult: success, version: HTTP/1.1)
HTTP/1.1 200 OK
Content-Type: application/json; charset=utf-8
cache-control: no-cache
content-length: 14

15:50:35.344 [AsyncHttpClient-1-2] DEBUG org.asynchttpclient.netty.channel.ChannelManager - Adding key: http://localhost:58463 for channel [id: 0x8f188f74, L:/127.0.0.1:56093 - R:localhost/127.0.0.1:58463]
15:50:35.377 [Forwarding screenshot on session 27d1830ae3e891b9e4763c346f7a8352 to remote] DEBUG org.asynchttpclient.netty.request.NettyRequestSender - Using pooled Channel '[id: 0x8f188f74, L:/127.0.0.1:56093 - R:localhost/127.0.0.1:58463]' for 'GET' to 'http://localhost:58463/session/27d1830ae3e891b9e4763c346f7a8352/screenshot'
15:50:35.377 [Forwarding screenshot on session 27d1830ae3e891b9e4763c346f7a8352 to remote] DEBUG org.asynchttpclient.netty.request.NettyRequestSender - Using open Channel [id: 0x8f188f74, L:/127.0.0.1:56093 - R:localhost/127.0.0.1:58463] for GET '/session/27d1830ae3e891b9e4763c346f7a8352/screenshot'
15:50:35.674 [AsyncHttpClient-1-2] DEBUG org.asynchttpclient.netty.handler.HttpHandler - 

Request DefaultFullHttpRequest(decodeResult: success, version: HTTP/1.1, content: EmptyByteBufBE)
GET /session/27d1830ae3e891b9e4763c346f7a8352/screenshot HTTP/1.1
User-Agent: selenium/4.1.2 (java windows)
Cache-Control: no-cache
Content-Type: application/json; charset=utf-8
host: localhost:58463
accept: */*

Response DefaultHttpResponse(decodeResult: success, version: HTTP/1.1)
HTTP/1.1 200 OK
Content-Type: application/json; charset=utf-8
cache-control: no-cache
content-length: 28896

15:50:35.676 [AsyncHttpClient-1-2] DEBUG org.asynchttpclient.netty.channel.ChannelManager - Adding key: http://localhost:58463 for channel [id: 0x8f188f74, L:/127.0.0.1:56093 - R:localhost/127.0.0.1:58463]
15:50:35.706 [main] DEBUG net.serenitybdd.core.photography.Darkroom - Send negative for processing for target\site\serenity\035dd3c61a6f2262d1f0942e3c5915d4d619186d814984d5d2582f8a711fc78a.png
15:50:35.707 [main] DEBUG net.thucydides.core.steps.StepInterceptor - STEP DONE: inputEmail
  &amp#27;[32mWhen &amp#27;[0m&amp#27;[32mI input &amp#27;[0m&amp#27;[32m&amp#27;[1m"inggrit@gmail.com"&amp#27;[0m    &amp#27;[90m# starter.stepdefinitions.LoginSteps.inputEmail(java.lang.String)&amp#27;[0m
15:50:35.768 [Forwarding screenshot on session 27d1830ae3e891b9e4763c346f7a8352 to remote] DEBUG org.asynchttpclient.netty.request.NettyRequestSender - Using pooled Channel '[id: 0x8f188f74, L:/127.0.0.1:56093 - R:localhost/127.0.0.1:58463]' for 'GET' to 'http://localhost:58463/session/27d1830ae3e891b9e4763c346f7a8352/screenshot'
15:50:35.769 [Forwarding screenshot on session 27d1830ae3e891b9e4763c346f7a8352 to remote] DEBUG org.asynchttpclient.netty.request.NettyRequestSender - Using open Channel [id: 0x8f188f74, L:/127.0.0.1:56093 - R:localhost/127.0.0.1:58463] for GET '/session/27d1830ae3e891b9e4763c346f7a8352/screenshot'
15:50:35.771 [Darkroom Processing Line] DEBUG net.serenitybdd.core.photography.DarkroomProcessingLine - Processing screenshot image in /var/screenshots/screenshot-10201132944683798024
15:50:35.772 [Darkroom Processing Line] DEBUG net.serenitybdd.core.photography.DarkroomProcessingLine - Saving screenshot to target\site\serenity\035dd3c61a6f2262d1f0942e3c5915d4d619186d814984d5d2582f8a711fc78a.png
15:50:35.805 [AsyncHttpClient-1-1] DEBUG org.asynchttpclient.netty.channel.DefaultChannelPool - Entry count for : http://localhost:56094 : 1
15:50:36.002 [AsyncHttpClient-1-2] DEBUG org.asynchttpclient.netty.handler.HttpHandler - 

Request DefaultFullHttpRequest(decodeResult: success, version: HTTP/1.1, content: EmptyByteBufBE)
GET /session/27d1830ae3e891b9e4763c346f7a8352/screenshot HTTP/1.1
User-Agent: selenium/4.1.2 (java windows)
Cache-Control: no-cache
Content-Type: application/json; charset=utf-8
host: localhost:58463
accept: */*

Response DefaultHttpResponse(decodeResult: success, version: HTTP/1.1)
HTTP/1.1 200 OK
Content-Type: application/json; charset=utf-8
cache-control: no-cache
content-length: 28896

15:50:36.003 [AsyncHttpClient-1-2] DEBUG org.asynchttpclient.netty.channel.ChannelManager - Adding key: http://localhost:58463 for channel [id: 0x8f188f74, L:/127.0.0.1:56093 - R:localhost/127.0.0.1:58463]
15:50:36.013 [main] DEBUG net.serenitybdd.core.photography.Darkroom - Send negative for processing for target\site\serenity\7e42a722dc4d3059b283282e032de475bee3040d0bddc079300c79c62a3e6903.png
15:50:36.117 [Forwarding screenshot on session 27d1830ae3e891b9e4763c346f7a8352 to remote] DEBUG org.asynchttpclient.netty.request.NettyRequestSender - Using pooled Channel '[id: 0x8f188f74, L:/127.0.0.1:56093 - R:localhost/127.0.0.1:58463]' for 'GET' to 'http://localhost:58463/session/27d1830ae3e891b9e4763c346f7a8352/screenshot'
15:50:36.117 [Forwarding screenshot on session 27d1830ae3e891b9e4763c346f7a8352 to remote] DEBUG org.asynchttpclient.netty.request.NettyRequestSender - Using open Channel [id: 0x8f188f74, L:/127.0.0.1:56093 - R:localhost/127.0.0.1:58463] for GET '/session/27d1830ae3e891b9e4763c346f7a8352/screenshot'
15:50:36.119 [Darkroom Processing Line] DEBUG net.serenitybdd.core.photography.DarkroomProcessingLine - Processing screenshot image in /var/screenshots/screenshot-7658096147577631002
15:50:36.120 [Darkroom Processing Line] DEBUG net.serenitybdd.core.photography.DarkroomProcessingLine - Saving screenshot to target\site\serenity\7e42a722dc4d3059b283282e032de475bee3040d0bddc079300c79c62a3e6903.png
15:50:36.325 [AsyncHttpClient-1-2] DEBUG org.asynchttpclient.netty.handler.HttpHandler - 

Request DefaultFullHttpRequest(decodeResult: success, version: HTTP/1.1, content: EmptyByteBufBE)
GET /session/27d1830ae3e891b9e4763c346f7a8352/screenshot HTTP/1.1
User-Agent: selenium/4.1.2 (java windows)
Cache-Control: no-cache
Content-Type: application/json; charset=utf-8
host: localhost:58463
accept: */*

Response DefaultHttpResponse(decodeResult: success, version: HTTP/1.1)
HTTP/1.1 200 OK
Content-Type: application/json; charset=utf-8
cache-control: no-cache
content-length: 28868

15:50:36.326 [AsyncHttpClient-1-2] DEBUG org.asynchttpclient.netty.channel.ChannelManager - Adding key: http://localhost:58463 for channel [id: 0x8f188f74, L:/127.0.0.1:56093 - R:localhost/127.0.0.1:58463]
15:50:36.335 [main] DEBUG net.serenitybdd.core.photography.Darkroom - Send negative for processing for target\site\serenity\9b11fdb38c65175860c00d0e2e0c314204e4e8069d23a24cd60242eb9189b4ca.png
15:50:36.336 [main] DEBUG net.thucydides.core.steps.StepInterceptor - STARTING STEP: LoginSteps.input - inputPassword
15:50:36.339 [Darkroom Processing Line] DEBUG net.serenitybdd.core.photography.DarkroomProcessingLine - Processing screenshot image in /var/screenshots/screenshot-12017257598586810912
15:50:36.339 [Darkroom Processing Line] DEBUG net.serenitybdd.core.photography.DarkroomProcessingLine - Saving screenshot to target\site\serenity\9b11fdb38c65175860c00d0e2e0c314204e4e8069d23a24cd60242eb9189b4ca.png
15:50:36.347 [Forwarding findElement on session 27d1830ae3e891b9e4763c346f7a8352 to remote] DEBUG org.asynchttpclient.netty.request.NettyRequestSender - Using pooled Channel '[id: 0x8f188f74, L:/127.0.0.1:56093 - R:localhost/127.0.0.1:58463]' for 'POST' to 'http://localhost:58463/session/27d1830ae3e891b9e4763c346f7a8352/element'
15:50:36.348 [Forwarding findElement on session 27d1830ae3e891b9e4763c346f7a8352 to remote] DEBUG org.asynchttpclient.netty.request.NettyRequestSender - Using open Channel [id: 0x8f188f74, L:/127.0.0.1:56093 - R:localhost/127.0.0.1:58463] for POST '/session/27d1830ae3e891b9e4763c346f7a8352/element'
15:50:36.387 [AsyncHttpClient-1-2] DEBUG org.asynchttpclient.netty.handler.HttpHandler - 

Request DefaultHttpRequest(decodeResult: success, version: HTTP/1.1)
POST /session/27d1830ae3e891b9e4763c346f7a8352/element HTTP/1.1
User-Agent: selenium/4.1.2 (java windows)
Content-Length: 89
Content-Type: application/json; charset=utf-8
host: localhost:58463
accept: */*

Response DefaultHttpResponse(decodeResult: success, version: HTTP/1.1)
HTTP/1.1 200 OK
Content-Type: application/json; charset=utf-8
cache-control: no-cache
content-length: 88

15:50:36.388 [AsyncHttpClient-1-2] DEBUG org.asynchttpclient.netty.channel.ChannelManager - Adding key: http://localhost:58463 for channel [id: 0x8f188f74, L:/127.0.0.1:56093 - R:localhost/127.0.0.1:58463]
15:50:36.393 [Forwarding clearElement on session 27d1830ae3e891b9e4763c346f7a8352 to remote] DEBUG org.asynchttpclient.netty.request.NettyRequestSender - Using pooled Channel '[id: 0x8f188f74, L:/127.0.0.1:56093 - R:localhost/127.0.0.1:58463]' for 'POST' to 'http://localhost:58463/session/27d1830ae3e891b9e4763c346f7a8352/element/77b0770c-581c-49cc-9676-18abab5297e3/clear'
15:50:36.393 [Forwarding clearElement on session 27d1830ae3e891b9e4763c346f7a8352 to remote] DEBUG org.asynchttpclient.netty.request.NettyRequestSender - Using open Channel [id: 0x8f188f74, L:/127.0.0.1:56093 - R:localhost/127.0.0.1:58463] for POST '/session/27d1830ae3e891b9e4763c346f7a8352/element/77b0770c-581c-49cc-9676-18abab5297e3/clear'
15:50:36.477 [AsyncHttpClient-1-2] DEBUG org.asynchttpclient.netty.handler.HttpHandler - 

Request DefaultHttpRequest(decodeResult: success, version: HTTP/1.1)
POST /session/27d1830ae3e891b9e4763c346f7a8352/element/77b0770c-581c-49cc-9676-18abab5297e3/clear HTTP/1.1
User-Agent: selenium/4.1.2 (java windows)
Content-Length: 50
Content-Type: application/json; charset=utf-8
host: localhost:58463
accept: */*

Response DefaultHttpResponse(decodeResult: success, version: HTTP/1.1)
HTTP/1.1 200 OK
Content-Type: application/json; charset=utf-8
cache-control: no-cache
content-length: 14

15:50:36.478 [AsyncHttpClient-1-2] DEBUG org.asynchttpclient.netty.channel.ChannelManager - Adding key: http://localhost:58463 for channel [id: 0x8f188f74, L:/127.0.0.1:56093 - R:localhost/127.0.0.1:58463]
15:50:36.490 [Forwarding sendKeysToElement on session 27d1830ae3e891b9e4763c346f7a8352 to remote] DEBUG org.asynchttpclient.netty.request.NettyRequestSender - Using pooled Channel '[id: 0x8f188f74, L:/127.0.0.1:56093 - R:localhost/127.0.0.1:58463]' for 'POST' to 'http://localhost:58463/session/27d1830ae3e891b9e4763c346f7a8352/element/77b0770c-581c-49cc-9676-18abab5297e3/value'
15:50:36.490 [Forwarding sendKeysToElement on session 27d1830ae3e891b9e4763c346f7a8352 to remote] DEBUG org.asynchttpclient.netty.request.NettyRequestSender - Using open Channel [id: 0x8f188f74, L:/127.0.0.1:56093 - R:localhost/127.0.0.1:58463] for POST '/session/27d1830ae3e891b9e4763c346f7a8352/element/77b0770c-581c-49cc-9676-18abab5297e3/value'
15:50:36.936 [AsyncHttpClient-1-1] DEBUG org.asynchttpclient.netty.channel.DefaultChannelPool - Entry count for : http://localhost:56094 : 1
15:50:37.056 [AsyncHttpClient-1-2] DEBUG org.asynchttpclient.netty.handler.HttpHandler - 

Request DefaultHttpRequest(decodeResult: success, version: HTTP/1.1)
POST /session/27d1830ae3e891b9e4763c346f7a8352/element/77b0770c-581c-49cc-9676-18abab5297e3/value HTTP/1.1
User-Agent: selenium/4.1.2 (java windows)
Content-Length: 231
Content-Type: application/json; charset=utf-8
host: localhost:58463
accept: */*

Response DefaultHttpResponse(decodeResult: success, version: HTTP/1.1)
HTTP/1.1 200 OK
Content-Type: application/json; charset=utf-8
cache-control: no-cache
content-length: 14

15:50:37.056 [AsyncHttpClient-1-2] DEBUG org.asynchttpclient.netty.channel.ChannelManager - Adding key: http://localhost:58463 for channel [id: 0x8f188f74, L:/127.0.0.1:56093 - R:localhost/127.0.0.1:58463]
15:50:37.088 [Forwarding screenshot on session 27d1830ae3e891b9e4763c346f7a8352 to remote] DEBUG org.asynchttpclient.netty.request.NettyRequestSender - Using pooled Channel '[id: 0x8f188f74, L:/127.0.0.1:56093 - R:localhost/127.0.0.1:58463]' for 'GET' to 'http://localhost:58463/session/27d1830ae3e891b9e4763c346f7a8352/screenshot'
15:50:37.088 [Forwarding screenshot on session 27d1830ae3e891b9e4763c346f7a8352 to remote] DEBUG org.asynchttpclient.netty.request.NettyRequestSender - Using open Channel [id: 0x8f188f74, L:/127.0.0.1:56093 - R:localhost/127.0.0.1:58463] for GET '/session/27d1830ae3e891b9e4763c346f7a8352/screenshot'
15:50:37.410 [AsyncHttpClient-1-2] DEBUG org.asynchttpclient.netty.handler.HttpHandler - 

Request DefaultFullHttpRequest(decodeResult: success, version: HTTP/1.1, content: EmptyByteBufBE)
GET /session/27d1830ae3e891b9e4763c346f7a8352/screenshot HTTP/1.1
User-Agent: selenium/4.1.2 (java windows)
Cache-Control: no-cache
Content-Type: application/json; charset=utf-8
host: localhost:58463
accept: */*

Response DefaultHttpResponse(decodeResult: success, version: HTTP/1.1)
HTTP/1.1 200 OK
Content-Type: application/json; charset=utf-8
cache-control: no-cache
content-length: 32248

15:50:37.412 [AsyncHttpClient-1-2] DEBUG org.asynchttpclient.netty.channel.ChannelManager - Adding key: http://localhost:58463 for channel [id: 0x8f188f74, L:/127.0.0.1:56093 - R:localhost/127.0.0.1:58463]
15:50:37.425 [main] DEBUG net.serenitybdd.core.photography.Darkroom - Send negative for processing for target\site\serenity\e84f3f071c02a7ce48326f42e41fd251941af1385ad696552bddc9d8f25418a5.png
15:50:37.426 [main] DEBUG net.thucydides.core.steps.StepInterceptor - STEP DONE: inputPassword
  &amp#27;[32mAnd &amp#27;[0m&amp#27;[32mInput &amp#27;[0m&amp#27;[32m&amp#27;[1m"Passwordtest321"&amp#27;[0m         &amp#27;[90m# starter.stepdefinitions.LoginSteps.input(java.lang.String)&amp#27;[0m
15:50:37.459 [Darkroom Processing Line] DEBUG net.serenitybdd.core.photography.DarkroomProcessingLine - Processing screenshot image in /var/screenshots/screenshot-564328330835861110
15:50:37.459 [Darkroom Processing Line] DEBUG net.serenitybdd.core.photography.DarkroomProcessingLine - Saving screenshot to target\site\serenity\e84f3f071c02a7ce48326f42e41fd251941af1385ad696552bddc9d8f25418a5.png
15:50:37.471 [main] DEBUG net.thucydides.core.steps.StepInterceptor - STARTING STEP: LoginSteps.clickLoginButton - clickLoginButton
15:50:37.486 [Forwarding findElement on session 27d1830ae3e891b9e4763c346f7a8352 to remote] DEBUG org.asynchttpclient.netty.request.NettyRequestSender - Using pooled Channel '[id: 0x8f188f74, L:/127.0.0.1:56093 - R:localhost/127.0.0.1:58463]' for 'POST' to 'http://localhost:58463/session/27d1830ae3e891b9e4763c346f7a8352/element'
15:50:37.491 [Forwarding findElement on session 27d1830ae3e891b9e4763c346f7a8352 to remote] DEBUG org.asynchttpclient.netty.request.NettyRequestSender - Using open Channel [id: 0x8f188f74, L:/127.0.0.1:56093 - R:localhost/127.0.0.1:58463] for POST '/session/27d1830ae3e891b9e4763c346f7a8352/element'
15:50:37.523 [AsyncHttpClient-1-2] DEBUG org.asynchttpclient.netty.handler.HttpHandler - 

Request DefaultHttpRequest(decodeResult: success, version: HTTP/1.1)
POST /session/27d1830ae3e891b9e4763c346f7a8352/element HTTP/1.1
User-Agent: selenium/4.1.2 (java windows)
Content-Length: 136
Content-Type: application/json; charset=utf-8
host: localhost:58463
accept: */*

Response DefaultHttpResponse(decodeResult: success, version: HTTP/1.1)
HTTP/1.1 200 OK
Content-Type: application/json; charset=utf-8
cache-control: no-cache
content-length: 88

15:50:37.526 [AsyncHttpClient-1-2] DEBUG org.asynchttpclient.netty.channel.ChannelManager - Adding key: http://localhost:58463 for channel [id: 0x8f188f74, L:/127.0.0.1:56093 - R:localhost/127.0.0.1:58463]
15:50:37.533 [Forwarding getElementTagName on session 27d1830ae3e891b9e4763c346f7a8352 to remote] DEBUG org.asynchttpclient.netty.request.NettyRequestSender - Using pooled Channel '[id: 0x8f188f74, L:/127.0.0.1:56093 - R:localhost/127.0.0.1:58463]' for 'GET' to 'http://localhost:58463/session/27d1830ae3e891b9e4763c346f7a8352/element/74953470-7a28-476d-8050-f09597547f1a/name'
15:50:37.533 [Forwarding getElementTagName on session 27d1830ae3e891b9e4763c346f7a8352 to remote] DEBUG org.asynchttpclient.netty.request.NettyRequestSender - Using open Channel [id: 0x8f188f74, L:/127.0.0.1:56093 - R:localhost/127.0.0.1:58463] for GET '/session/27d1830ae3e891b9e4763c346f7a8352/element/74953470-7a28-476d-8050-f09597547f1a/name'
15:50:37.544 [AsyncHttpClient-1-2] DEBUG org.asynchttpclient.netty.handler.HttpHandler - 

Request DefaultFullHttpRequest(decodeResult: success, version: HTTP/1.1, content: EmptyByteBufBE)
GET /session/27d1830ae3e891b9e4763c346f7a8352/element/74953470-7a28-476d-8050-f09597547f1a/name HTTP/1.1
User-Agent: selenium/4.1.2 (java windows)
Cache-Control: no-cache
Content-Type: application/json; charset=utf-8
host: localhost:58463
accept: */*

Response DefaultHttpResponse(decodeResult: success, version: HTTP/1.1)
HTTP/1.1 200 OK
Content-Type: application/json; charset=utf-8
cache-control: no-cache
content-length: 18

15:50:37.544 [AsyncHttpClient-1-2] DEBUG org.asynchttpclient.netty.channel.ChannelManager - Adding key: http://localhost:58463 for channel [id: 0x8f188f74, L:/127.0.0.1:56093 - R:localhost/127.0.0.1:58463]
15:50:37.548 [Forwarding getElementTagName on session 27d1830ae3e891b9e4763c346f7a8352 to remote] DEBUG org.asynchttpclient.netty.request.NettyRequestSender - Using pooled Channel '[id: 0x8f188f74, L:/127.0.0.1:56093 - R:localhost/127.0.0.1:58463]' for 'GET' to 'http://localhost:58463/session/27d1830ae3e891b9e4763c346f7a8352/element/74953470-7a28-476d-8050-f09597547f1a/name'
15:50:37.550 [Forwarding getElementTagName on session 27d1830ae3e891b9e4763c346f7a8352 to remote] DEBUG org.asynchttpclient.netty.request.NettyRequestSender - Using open Channel [id: 0x8f188f74, L:/127.0.0.1:56093 - R:localhost/127.0.0.1:58463] for GET '/session/27d1830ae3e891b9e4763c346f7a8352/element/74953470-7a28-476d-8050-f09597547f1a/name'
15:50:37.565 [AsyncHttpClient-1-2] DEBUG org.asynchttpclient.netty.handler.HttpHandler - 

Request DefaultFullHttpRequest(decodeResult: success, version: HTTP/1.1, content: EmptyByteBufBE)
GET /session/27d1830ae3e891b9e4763c346f7a8352/element/74953470-7a28-476d-8050-f09597547f1a/name HTTP/1.1
User-Agent: selenium/4.1.2 (java windows)
Cache-Control: no-cache
Content-Type: application/json; charset=utf-8
host: localhost:58463
accept: */*

Response DefaultHttpResponse(decodeResult: success, version: HTTP/1.1)
HTTP/1.1 200 OK
Content-Type: application/json; charset=utf-8
cache-control: no-cache
content-length: 18

15:50:37.566 [AsyncHttpClient-1-2] DEBUG org.asynchttpclient.netty.channel.ChannelManager - Adding key: http://localhost:58463 for channel [id: 0x8f188f74, L:/127.0.0.1:56093 - R:localhost/127.0.0.1:58463]
15:50:37.585 [Forwarding isElementEnabled on session 27d1830ae3e891b9e4763c346f7a8352 to remote] DEBUG org.asynchttpclient.netty.request.NettyRequestSender - Using pooled Channel '[id: 0x8f188f74, L:/127.0.0.1:56093 - R:localhost/127.0.0.1:58463]' for 'GET' to 'http://localhost:58463/session/27d1830ae3e891b9e4763c346f7a8352/element/74953470-7a28-476d-8050-f09597547f1a/enabled'
15:50:37.585 [Forwarding isElementEnabled on session 27d1830ae3e891b9e4763c346f7a8352 to remote] DEBUG org.asynchttpclient.netty.request.NettyRequestSender - Using open Channel [id: 0x8f188f74, L:/127.0.0.1:56093 - R:localhost/127.0.0.1:58463] for GET '/session/27d1830ae3e891b9e4763c346f7a8352/element/74953470-7a28-476d-8050-f09597547f1a/enabled'
15:50:37.605 [AsyncHttpClient-1-2] DEBUG org.asynchttpclient.netty.handler.HttpHandler - 

Request DefaultFullHttpRequest(decodeResult: success, version: HTTP/1.1, content: EmptyByteBufBE)
GET /session/27d1830ae3e891b9e4763c346f7a8352/element/74953470-7a28-476d-8050-f09597547f1a/enabled HTTP/1.1
User-Agent: selenium/4.1.2 (java windows)
Cache-Control: no-cache
Content-Type: application/json; charset=utf-8
host: localhost:58463
accept: */*

Response DefaultHttpResponse(decodeResult: success, version: HTTP/1.1)
HTTP/1.1 200 OK
Content-Type: application/json; charset=utf-8
cache-control: no-cache
content-length: 14

15:50:37.606 [AsyncHttpClient-1-2] DEBUG org.asynchttpclient.netty.channel.ChannelManager - Adding key: http://localhost:58463 for channel [id: 0x8f188f74, L:/127.0.0.1:56093 - R:localhost/127.0.0.1:58463]
15:50:37.618 [Forwarding isElementEnabled on session 27d1830ae3e891b9e4763c346f7a8352 to remote] DEBUG org.asynchttpclient.netty.request.NettyRequestSender - Using pooled Channel '[id: 0x8f188f74, L:/127.0.0.1:56093 - R:localhost/127.0.0.1:58463]' for 'GET' to 'http://localhost:58463/session/27d1830ae3e891b9e4763c346f7a8352/element/74953470-7a28-476d-8050-f09597547f1a/enabled'
15:50:37.618 [Forwarding isElementEnabled on session 27d1830ae3e891b9e4763c346f7a8352 to remote] DEBUG org.asynchttpclient.netty.request.NettyRequestSender - Using open Channel [id: 0x8f188f74, L:/127.0.0.1:56093 - R:localhost/127.0.0.1:58463] for GET '/session/27d1830ae3e891b9e4763c346f7a8352/element/74953470-7a28-476d-8050-f09597547f1a/enabled'
15:50:37.634 [AsyncHttpClient-1-2] DEBUG org.asynchttpclient.netty.handler.HttpHandler - 

Request DefaultFullHttpRequest(decodeResult: success, version: HTTP/1.1, content: EmptyByteBufBE)
GET /session/27d1830ae3e891b9e4763c346f7a8352/element/74953470-7a28-476d-8050-f09597547f1a/enabled HTTP/1.1
User-Agent: selenium/4.1.2 (java windows)
Cache-Control: no-cache
Content-Type: application/json; charset=utf-8
host: localhost:58463
accept: */*

Response DefaultHttpResponse(decodeResult: success, version: HTTP/1.1)
HTTP/1.1 200 OK
Content-Type: application/json; charset=utf-8
cache-control: no-cache
content-length: 14

15:50:37.634 [AsyncHttpClient-1-2] DEBUG org.asynchttpclient.netty.channel.ChannelManager - Adding key: http://localhost:58463 for channel [id: 0x8f188f74, L:/127.0.0.1:56093 - R:localhost/127.0.0.1:58463]
15:50:37.647 [Forwarding findElement on session 27d1830ae3e891b9e4763c346f7a8352 to remote] DEBUG org.asynchttpclient.netty.request.NettyRequestSender - Using pooled Channel '[id: 0x8f188f74, L:/127.0.0.1:56093 - R:localhost/127.0.0.1:58463]' for 'POST' to 'http://localhost:58463/session/27d1830ae3e891b9e4763c346f7a8352/element'
15:50:37.647 [Forwarding findElement on session 27d1830ae3e891b9e4763c346f7a8352 to remote] DEBUG org.asynchttpclient.netty.request.NettyRequestSender - Using open Channel [id: 0x8f188f74, L:/127.0.0.1:56093 - R:localhost/127.0.0.1:58463] for POST '/session/27d1830ae3e891b9e4763c346f7a8352/element'
15:50:37.668 [AsyncHttpClient-1-2] DEBUG org.asynchttpclient.netty.handler.HttpHandler - 

Request DefaultHttpRequest(decodeResult: success, version: HTTP/1.1)
POST /session/27d1830ae3e891b9e4763c346f7a8352/element HTTP/1.1
User-Agent: selenium/4.1.2 (java windows)
Content-Length: 136
Content-Type: application/json; charset=utf-8
host: localhost:58463
accept: */*

Response DefaultHttpResponse(decodeResult: success, version: HTTP/1.1)
HTTP/1.1 200 OK
Content-Type: application/json; charset=utf-8
cache-control: no-cache
content-length: 88

15:50:37.668 [AsyncHttpClient-1-2] DEBUG org.asynchttpclient.netty.channel.ChannelManager - Adding key: http://localhost:58463 for channel [id: 0x8f188f74, L:/127.0.0.1:56093 - R:localhost/127.0.0.1:58463]
15:50:37.679 [Forwarding clickElement on session 27d1830ae3e891b9e4763c346f7a8352 to remote] DEBUG org.asynchttpclient.netty.request.NettyRequestSender - Using pooled Channel '[id: 0x8f188f74, L:/127.0.0.1:56093 - R:localhost/127.0.0.1:58463]' for 'POST' to 'http://localhost:58463/session/27d1830ae3e891b9e4763c346f7a8352/element/74953470-7a28-476d-8050-f09597547f1a/click'
15:50:37.680 [Forwarding clickElement on session 27d1830ae3e891b9e4763c346f7a8352 to remote] DEBUG org.asynchttpclient.netty.request.NettyRequestSender - Using open Channel [id: 0x8f188f74, L:/127.0.0.1:56093 - R:localhost/127.0.0.1:58463] for POST '/session/27d1830ae3e891b9e4763c346f7a8352/element/74953470-7a28-476d-8050-f09597547f1a/click'
15:50:37.837 [AsyncHttpClient-1-2] DEBUG org.asynchttpclient.netty.handler.HttpHandler - 

Request DefaultHttpRequest(decodeResult: success, version: HTTP/1.1)
POST /session/27d1830ae3e891b9e4763c346f7a8352/element/74953470-7a28-476d-8050-f09597547f1a/click HTTP/1.1
User-Agent: selenium/4.1.2 (java windows)
Content-Length: 50
Content-Type: application/json; charset=utf-8
host: localhost:58463
accept: */*

Response DefaultHttpResponse(decodeResult: success, version: HTTP/1.1)
HTTP/1.1 200 OK
Content-Type: application/json; charset=utf-8
cache-control: no-cache
content-length: 14

15:50:37.839 [AsyncHttpClient-1-2] DEBUG org.asynchttpclient.netty.channel.ChannelManager - Adding key: http://localhost:58463 for channel [id: 0x8f188f74, L:/127.0.0.1:56093 - R:localhost/127.0.0.1:58463]
15:50:37.892 [Forwarding screenshot on session 27d1830ae3e891b9e4763c346f7a8352 to remote] DEBUG org.asynchttpclient.netty.request.NettyRequestSender - Using pooled Channel '[id: 0x8f188f74, L:/127.0.0.1:56093 - R:localhost/127.0.0.1:58463]' for 'GET' to 'http://localhost:58463/session/27d1830ae3e891b9e4763c346f7a8352/screenshot'
15:50:37.892 [Forwarding screenshot on session 27d1830ae3e891b9e4763c346f7a8352 to remote] DEBUG org.asynchttpclient.netty.request.NettyRequestSender - Using open Channel [id: 0x8f188f74, L:/127.0.0.1:56093 - R:localhost/127.0.0.1:58463] for GET '/session/27d1830ae3e891b9e4763c346f7a8352/screenshot'
15:50:37.967 [AsyncHttpClient-1-1] DEBUG org.asynchttpclient.netty.channel.DefaultChannelPool - Entry count for : http://localhost:56094 : 1
15:50:38.574 [AsyncHttpClient-1-2] DEBUG org.asynchttpclient.netty.handler.HttpHandler - 

Request DefaultFullHttpRequest(decodeResult: success, version: HTTP/1.1, content: EmptyByteBufBE)
GET /session/27d1830ae3e891b9e4763c346f7a8352/screenshot HTTP/1.1
User-Agent: selenium/4.1.2 (java windows)
Cache-Control: no-cache
Content-Type: application/json; charset=utf-8
host: localhost:58463
accept: */*

Response DefaultHttpResponse(decodeResult: success, version: HTTP/1.1)
HTTP/1.1 200 OK
Content-Type: application/json; charset=utf-8
cache-control: no-cache
content-length: 31572

15:50:38.578 [AsyncHttpClient-1-2] DEBUG org.asynchttpclient.netty.channel.ChannelManager - Adding key: http://localhost:58463 for channel [id: 0x8f188f74, L:/127.0.0.1:56093 - R:localhost/127.0.0.1:58463]
15:50:38.585 [main] DEBUG net.serenitybdd.core.photography.Darkroom - Send negative for processing for target\site\serenity\92897f825f4cadc7d3cf1f769cec6ccb77a48e4f924c654dee394475bb86e198.png
15:50:38.586 [main] DEBUG net.thucydides.core.steps.StepInterceptor - STEP DONE: clickLoginButton
  &amp#27;[32mAnd &amp#27;[0m&amp#27;[32mClick login button&amp#27;[0m              &amp#27;[90m# starter.stepdefinitions.LoginSteps.clickLoginButton()&amp#27;[0m
15:50:38.593 [Darkroom Processing Line] DEBUG net.serenitybdd.core.photography.DarkroomProcessingLine - Processing screenshot image in /var/screenshots/screenshot-425465380325758359
15:50:38.593 [Darkroom Processing Line] DEBUG net.serenitybdd.core.photography.DarkroomProcessingLine - Saving screenshot to target\site\serenity\92897f825f4cadc7d3cf1f769cec6ccb77a48e4f924c654dee394475bb86e198.png
15:50:38.679 [Forwarding screenshot on session 27d1830ae3e891b9e4763c346f7a8352 to remote] DEBUG org.asynchttpclient.netty.request.NettyRequestSender - Using pooled Channel '[id: 0x8f188f74, L:/127.0.0.1:56093 - R:localhost/127.0.0.1:58463]' for 'GET' to 'http://localhost:58463/session/27d1830ae3e891b9e4763c346f7a8352/screenshot'
15:50:38.679 [Forwarding screenshot on session 27d1830ae3e891b9e4763c346f7a8352 to remote] DEBUG org.asynchttpclient.netty.request.NettyRequestSender - Using open Channel [id: 0x8f188f74, L:/127.0.0.1:56093 - R:localhost/127.0.0.1:58463] for GET '/session/27d1830ae3e891b9e4763c346f7a8352/screenshot'
15:50:39.259 [AsyncHttpClient-1-1] DEBUG org.asynchttpclient.netty.channel.DefaultChannelPool - Entry count for : http://localhost:56094 : 1
15:50:39.539 [AsyncHttpClient-1-2] DEBUG org.asynchttpclient.netty.handler.HttpHandler - 

Request DefaultFullHttpRequest(decodeResult: success, version: HTTP/1.1, content: EmptyByteBufBE)
GET /session/27d1830ae3e891b9e4763c346f7a8352/screenshot HTTP/1.1
User-Agent: selenium/4.1.2 (java windows)
Cache-Control: no-cache
Content-Type: application/json; charset=utf-8
host: localhost:58463
accept: */*

Response DefaultHttpResponse(decodeResult: success, version: HTTP/1.1)
HTTP/1.1 200 OK
Content-Type: application/json; charset=utf-8
cache-control: no-cache
content-length: 32084

15:50:39.540 [AsyncHttpClient-1-2] DEBUG org.asynchttpclient.netty.channel.ChannelManager - Adding key: http://localhost:58463 for channel [id: 0x8f188f74, L:/127.0.0.1:56093 - R:localhost/127.0.0.1:58463]
15:50:39.556 [main] DEBUG net.serenitybdd.core.photography.Darkroom - Send negative for processing for target\site\serenity\6dc685163931c9d12e0239720dac77c69f3fac0f017a3f9ada1048a8e286a5f0.png
15:50:39.557 [main] DEBUG net.thucydides.core.steps.StepInterceptor - STARTING STEP: LoginSteps.iGet - productNameAppears
15:50:39.571 [Darkroom Processing Line] DEBUG net.serenitybdd.core.photography.DarkroomProcessingLine - Processing screenshot image in /var/screenshots/screenshot-7904031685319885049
15:50:39.571 [Darkroom Processing Line] DEBUG net.serenitybdd.core.photography.DarkroomProcessingLine - Saving screenshot to target\site\serenity\6dc685163931c9d12e0239720dac77c69f3fac0f017a3f9ada1048a8e286a5f0.png
15:50:39.589 [Forwarding findElement on session 27d1830ae3e891b9e4763c346f7a8352 to remote] DEBUG org.asynchttpclient.netty.request.NettyRequestSender - Using pooled Channel '[id: 0x8f188f74, L:/127.0.0.1:56093 - R:localhost/127.0.0.1:58463]' for 'POST' to 'http://localhost:58463/session/27d1830ae3e891b9e4763c346f7a8352/element'
15:50:39.589 [Forwarding findElement on session 27d1830ae3e891b9e4763c346f7a8352 to remote] DEBUG org.asynchttpclient.netty.request.NettyRequestSender - Using open Channel [id: 0x8f188f74, L:/127.0.0.1:56093 - R:localhost/127.0.0.1:58463] for POST '/session/27d1830ae3e891b9e4763c346f7a8352/element'
15:50:40.510 [AsyncHttpClient-1-1] DEBUG org.asynchttpclient.netty.channel.DefaultChannelPool - Entry count for : http://localhost:56094 : 1
15:50:41.637 [AsyncHttpClient-1-1] DEBUG org.asynchttpclient.netty.channel.DefaultChannelPool - Entry count for : http://localhost:56094 : 1
15:50:42.722 [AsyncHttpClient-1-1] DEBUG org.asynchttpclient.netty.channel.DefaultChannelPool - Entry count for : http://localhost:56094 : 1
15:50:44.070 [AsyncHttpClient-1-1] DEBUG org.asynchttpclient.netty.channel.DefaultChannelPool - Entry count for : http://localhost:56094 : 1
15:50:45.199 [AsyncHttpClient-1-1] DEBUG org.asynchttpclient.netty.channel.DefaultChannelPool - Entry count for : http://localhost:56094 : 1
15:50:46.281 [AsyncHttpClient-1-1] DEBUG org.asynchttpclient.netty.channel.DefaultChannelPool - Entry count for : http://localhost:56094 : 1
15:50:47.463 [AsyncHttpClient-1-1] DEBUG org.asynchttpclient.netty.channel.DefaultChannelPool - Entry count for : http://localhost:56094 : 1
15:50:48.580 [AsyncHttpClient-1-1] DEBUG org.asynchttpclient.netty.channel.DefaultChannelPool - Entry count for : http://localhost:56094 : 1
15:50:49.681 [AsyncHttpClient-1-1] DEBUG org.asynchttpclient.netty.channel.DefaultChannelPool - Entry count for : http://localhost:56094 : 1
15:50:50.791 [AsyncHttpClient-1-1] DEBUG org.asynchttpclient.netty.channel.DefaultChannelPool - Entry count for : http://localhost:56094 : 1
15:50:51.995 [AsyncHttpClient-1-1] DEBUG org.asynchttpclient.netty.channel.DefaultChannelPool - Entry count for : http://localhost:56094 : 1
15:50:53.074 [AsyncHttpClient-1-1] DEBUG org.asynchttpclient.netty.channel.DefaultChannelPool - Entry count for : http://localhost:56094 : 1
15:50:54.327 [AsyncHttpClient-1-1] DEBUG org.asynchttpclient.netty.channel.DefaultChannelPool - Entry count for : http://localhost:56094 : 1
15:50:55.388 [AsyncHttpClient-1-1] DEBUG org.asynchttpclient.netty.channel.DefaultChannelPool - Entry count for : http://localhost:56094 : 1
15:50:56.487 [AsyncHttpClient-1-1] DEBUG org.asynchttpclient.netty.channel.DefaultChannelPool - Entry count for : http://localhost:56094 : 1
15:50:57.566 [AsyncHttpClient-1-1] DEBUG org.asynchttpclient.netty.channel.DefaultChannelPool - Entry count for : http://localhost:56094 : 1
15:50:57.595 [AsyncHttpClient-1-2] DEBUG org.asynchttpclient.netty.handler.HttpHandler - 

Request DefaultHttpRequest(decodeResult: success, version: HTTP/1.1)
POST /session/27d1830ae3e891b9e4763c346f7a8352/element HTTP/1.1
User-Agent: selenium/4.1.2 (java windows)
Content-Length: 53
Content-Type: application/json; charset=utf-8
host: localhost:58463
accept: */*

Response DefaultHttpResponse(decodeResult: success, version: HTTP/1.1)
HTTP/1.1 400 Bad Request
Content-Type: application/json; charset=utf-8
cache-control: no-cache
content-length: 957

15:50:57.595 [AsyncHttpClient-1-2] DEBUG org.asynchttpclient.netty.channel.ChannelManager - Adding key: http://localhost:58463 for channel [id: 0x8f188f74, L:/127.0.0.1:56093 - R:localhost/127.0.0.1:58463]
15:50:57.651 [Forwarding findElement on session 27d1830ae3e891b9e4763c346f7a8352 to remote] DEBUG org.asynchttpclient.netty.request.NettyRequestSender - Using pooled Channel '[id: 0x8f188f74, L:/127.0.0.1:56093 - R:localhost/127.0.0.1:58463]' for 'POST' to 'http://localhost:58463/session/27d1830ae3e891b9e4763c346f7a8352/element'
15:50:57.651 [Forwarding findElement on session 27d1830ae3e891b9e4763c346f7a8352 to remote] DEBUG org.asynchttpclient.netty.request.NettyRequestSender - Using open Channel [id: 0x8f188f74, L:/127.0.0.1:56093 - R:localhost/127.0.0.1:58463] for POST '/session/27d1830ae3e891b9e4763c346f7a8352/element'
15:50:57.677 [AsyncHttpClient-1-2] DEBUG org.asynchttpclient.netty.handler.HttpHandler - 

Request DefaultHttpRequest(decodeResult: success, version: HTTP/1.1)
POST /session/27d1830ae3e891b9e4763c346f7a8352/element HTTP/1.1
User-Agent: selenium/4.1.2 (java windows)
Content-Length: 63
Content-Type: application/json; charset=utf-8
host: localhost:58463
accept: */*

Response DefaultHttpResponse(decodeResult: success, version: HTTP/1.1)
HTTP/1.1 200 OK
Content-Type: application/json; charset=utf-8
cache-control: no-cache
content-length: 88

15:50:57.678 [AsyncHttpClient-1-2] DEBUG org.asynchttpclient.netty.channel.ChannelManager - Adding key: http://localhost:58463 for channel [id: 0x8f188f74, L:/127.0.0.1:56093 - R:localhost/127.0.0.1:58463]
15:50:57.767 [Forwarding isElementDisplayed on session 27d1830ae3e891b9e4763c346f7a8352 to remote] DEBUG org.asynchttpclient.netty.request.NettyRequestSender - Using pooled Channel '[id: 0x8f188f74, L:/127.0.0.1:56093 - R:localhost/127.0.0.1:58463]' for 'POST' to 'http://localhost:58463/session/27d1830ae3e891b9e4763c346f7a8352/execute/sync'
15:50:57.769 [Forwarding isElementDisplayed on session 27d1830ae3e891b9e4763c346f7a8352 to remote] DEBUG org.asynchttpclient.netty.request.NettyRequestSender - Using open Channel [id: 0x8f188f74, L:/127.0.0.1:56093 - R:localhost/127.0.0.1:58463] for POST '/session/27d1830ae3e891b9e4763c346f7a8352/execute/sync'
15:50:57.820 [AsyncHttpClient-1-2] DEBUG org.asynchttpclient.netty.handler.HttpHandler - 

Request DefaultHttpRequest(decodeResult: success, version: HTTP/1.1)
POST /session/27d1830ae3e891b9e4763c346f7a8352/execute/sync HTTP/1.1
User-Agent: selenium/4.1.2 (java windows)
Content-Length: 48780
Content-Type: application/json; charset=utf-8
host: localhost:58463
accept: */*

Response DefaultHttpResponse(decodeResult: success, version: HTTP/1.1)
HTTP/1.1 200 OK
Content-Type: application/json; charset=utf-8
cache-control: no-cache
content-length: 14

15:50:57.823 [AsyncHttpClient-1-2] DEBUG org.asynchttpclient.netty.channel.ChannelManager - Adding key: http://localhost:58463 for channel [id: 0x8f188f74, L:/127.0.0.1:56093 - R:localhost/127.0.0.1:58463]
15:50:57.861 [Forwarding screenshot on session 27d1830ae3e891b9e4763c346f7a8352 to remote] DEBUG org.asynchttpclient.netty.request.NettyRequestSender - Using pooled Channel '[id: 0x8f188f74, L:/127.0.0.1:56093 - R:localhost/127.0.0.1:58463]' for 'GET' to 'http://localhost:58463/session/27d1830ae3e891b9e4763c346f7a8352/screenshot'
15:50:57.862 [Forwarding screenshot on session 27d1830ae3e891b9e4763c346f7a8352 to remote] DEBUG org.asynchttpclient.netty.request.NettyRequestSender - Using open Channel [id: 0x8f188f74, L:/127.0.0.1:56093 - R:localhost/127.0.0.1:58463] for GET '/session/27d1830ae3e891b9e4763c346f7a8352/screenshot'
15:50:58.086 [AsyncHttpClient-1-2] DEBUG org.asynchttpclient.netty.handler.HttpHandler - 

Request DefaultFullHttpRequest(decodeResult: success, version: HTTP/1.1, content: EmptyByteBufBE)
GET /session/27d1830ae3e891b9e4763c346f7a8352/screenshot HTTP/1.1
User-Agent: selenium/4.1.2 (java windows)
Cache-Control: no-cache
Content-Type: application/json; charset=utf-8
host: localhost:58463
accept: */*

Response DefaultHttpResponse(decodeResult: success, version: HTTP/1.1)
HTTP/1.1 200 OK
Content-Type: application/json; charset=utf-8
cache-control: no-cache
content-length: 88908

15:50:58.088 [AsyncHttpClient-1-2] DEBUG org.asynchttpclient.netty.channel.ChannelManager - Adding key: http://localhost:58463 for channel [id: 0x8f188f74, L:/127.0.0.1:56093 - R:localhost/127.0.0.1:58463]
15:50:58.100 [main] DEBUG net.serenitybdd.core.photography.Darkroom - Send negative for processing for target\site\serenity\809a40420f741436445d3fd843d7d570a76ddecef6a4ef2d0ff9cbb4cb11541c.png
15:50:58.100 [main] DEBUG net.thucydides.core.steps.StepInterceptor - STEP DONE: productNameAppears
  &amp#27;[32mThen &amp#27;[0m&amp#27;[32mI get &amp#27;[0m&amp#27;[32m&amp#27;[1m"product_page"&amp#27;[0m           &amp#27;[90m# starter.stepdefinitions.LoginSteps.iGet(java.lang.String)&amp#27;[0m
15:50:58.281 [Darkroom Processing Line] DEBUG net.serenitybdd.core.photography.DarkroomProcessingLine - Processing screenshot image in /var/screenshots/screenshot-15541858304159963896
15:50:58.281 [Darkroom Processing Line] DEBUG net.serenitybdd.core.photography.DarkroomProcessingLine - Saving screenshot to target\site\serenity\809a40420f741436445d3fd843d7d570a76ddecef6a4ef2d0ff9cbb4cb11541c.png
15:50:58.285 [Forwarding screenshot on session 27d1830ae3e891b9e4763c346f7a8352 to remote] DEBUG org.asynchttpclient.netty.request.NettyRequestSender - Using pooled Channel '[id: 0x8f188f74, L:/127.0.0.1:56093 - R:localhost/127.0.0.1:58463]' for 'GET' to 'http://localhost:58463/session/27d1830ae3e891b9e4763c346f7a8352/screenshot'
15:50:58.286 [Forwarding screenshot on session 27d1830ae3e891b9e4763c346f7a8352 to remote] DEBUG org.asynchttpclient.netty.request.NettyRequestSender - Using open Channel [id: 0x8f188f74, L:/127.0.0.1:56093 - R:localhost/127.0.0.1:58463] for GET '/session/27d1830ae3e891b9e4763c346f7a8352/screenshot'
15:50:58.478 [AsyncHttpClient-1-2] DEBUG org.asynchttpclient.netty.handler.HttpHandler - 

Request DefaultFullHttpRequest(decodeResult: success, version: HTTP/1.1, content: EmptyByteBufBE)
GET /session/27d1830ae3e891b9e4763c346f7a8352/screenshot HTTP/1.1
User-Agent: selenium/4.1.2 (java windows)
Cache-Control: no-cache
Content-Type: application/json; charset=utf-8
host: localhost:58463
accept: */*

Response DefaultHttpResponse(decodeResult: success, version: HTTP/1.1)
HTTP/1.1 200 OK
Content-Type: application/json; charset=utf-8
cache-control: no-cache
content-length: 88908

15:50:58.480 [AsyncHttpClient-1-2] DEBUG org.asynchttpclient.netty.channel.ChannelManager - Adding key: http://localhost:58463 for channel [id: 0x8f188f74, L:/127.0.0.1:56093 - R:localhost/127.0.0.1:58463]
15:50:58.489 [main] DEBUG net.serenitybdd.core.photography.Darkroom - Send negative for processing for target\site\serenity\809a40420f741436445d3fd843d7d570a76ddecef6a4ef2d0ff9cbb4cb11541c.png
15:50:58.662 [AsyncHttpClient-1-1] DEBUG org.asynchttpclient.netty.channel.DefaultChannelPool - Entry count for : http://localhost:56094 : 1
15:50:58.662 [AsyncHttpClient-1-1] DEBUG org.asynchttpclient.netty.channel.DefaultChannelPool - Entry count for : http://localhost:58463 : 1
15:50:58.971 [AsyncHttpClient-1-4] DEBUG org.asynchttpclient.netty.handler.WebSocketHandler - Channel Closed: [id: 0xb1a9c84b, L:/127.0.0.1:56102 ! R:localhost/127.0.0.1:56094] with attribute NettyResponseFuture{currentRetry=5,
	isDone=1,
	isCancelled=0,
	asyncHandler=org.asynchttpclient.ws.WebSocketUpgradeHandler@62bbba6f,
	nettyRequest=org.asynchttpclient.netty.request.NettyRequest@7bdbfb4b,
	future=java.util.concurrent.CompletableFuture@69d23db[Completed normally],
	uri=ws://localhost:56094/devtools/browser/3cc5d084-1d34-4d6f-83ca-a974189fcc03,
	keepAlive=true,
	redirectCount=0,
	timeoutsHolder=null,
	inAuth=0,
	touch=1652863827485}
15:50:58.972 [AsyncHttpClient-1-4] DEBUG org.asynchttpclient.netty.channel.ChannelManager - Closing Channel [id: 0xb1a9c84b, L:/127.0.0.1:56102 ! R:localhost/127.0.0.1:56094] 
15:50:58.980 [Driver Command Executor] DEBUG org.asynchttpclient.netty.request.NettyRequestSender - Using pooled Channel '[id: 0x8f188f74, L:/127.0.0.1:56093 - R:localhost/127.0.0.1:58463]' for 'DELETE' to 'http://localhost:58463/session/27d1830ae3e891b9e4763c346f7a8352'
15:50:58.981 [Driver Command Executor] DEBUG org.asynchttpclient.netty.request.NettyRequestSender - Using open Channel [id: 0x8f188f74, L:/127.0.0.1:56093 - R:localhost/127.0.0.1:58463] for DELETE '/session/27d1830ae3e891b9e4763c346f7a8352'
15:50:59.782 [AsyncHttpClient-1-1] DEBUG org.asynchttpclient.netty.channel.DefaultChannelPool - Entry count for : http://localhost:56094 : 1
15:51:00.200 [AsyncHttpClient-1-3] DEBUG org.asynchttpclient.netty.handler.HttpHandler - Unexpected I/O exception on channel [id: 0x3869025a, L:/127.0.0.1:56101 - R:localhost/127.0.0.1:56094]
java.net.SocketException: Connection reset
	at java.base/sun.nio.ch.SocketChannelImpl.throwConnectionReset(SocketChannelImpl.java:367)
	at java.base/sun.nio.ch.SocketChannelImpl.read(SocketChannelImpl.java:398)
	at io.netty.buffer.PooledByteBuf.setBytes(PooledByteBuf.java:258)
	at io.netty.buffer.AbstractByteBuf.writeBytes(AbstractByteBuf.java:1132)
	at io.netty.channel.socket.nio.NioSocketChannel.doReadBytes(NioSocketChannel.java:350)
	at io.netty.channel.nio.AbstractNioByteChannel$NioByteUnsafe.read(AbstractNioByteChannel.java:151)
	at io.netty.channel.nio.NioEventLoop.processSelectedKey(NioEventLoop.java:722)
	at io.netty.channel.nio.NioEventLoop.processSelectedKeysOptimized(NioEventLoop.java:658)
	at io.netty.channel.nio.NioEventLoop.processSelectedKeys(NioEventLoop.java:584)
	at io.netty.channel.nio.NioEventLoop.run(NioEventLoop.java:496)
	at io.netty.util.concurrent.SingleThreadEventExecutor$4.run(SingleThreadEventExecutor.java:986)
	at io.netty.util.internal.ThreadExecutorMap$2.run(ThreadExecutorMap.java:74)
	at io.netty.util.concurrent.FastThreadLocalRunnable.run(FastThreadLocalRunnable.java:30)
	at java.base/java.lang.Thread.run(Thread.java:832)
15:51:00.201 [AsyncHttpClient-1-3] DEBUG org.asynchttpclient.netty.channel.ChannelManager - Closing Channel [id: 0x3869025a, L:/127.0.0.1:56101 - R:localhost/127.0.0.1:56094] 
15:51:00.204 [AsyncHttpClient-1-3] DEBUG org.asynchttpclient.netty.handler.HttpHandler - Channel Closed: [id: 0x3869025a, L:/127.0.0.1:56101 ! R:localhost/127.0.0.1:56094] with attribute DISCARD
15:51:00.250 [AsyncHttpClient-1-2] DEBUG org.asynchttpclient.netty.handler.HttpHandler - 

Request DefaultFullHttpRequest(decodeResult: success, version: HTTP/1.1, content: EmptyByteBufBE)
DELETE /session/27d1830ae3e891b9e4763c346f7a8352 HTTP/1.1
User-Agent: selenium/4.1.2 (java windows)
Content-Type: application/json; charset=utf-8
host: localhost:58463
accept: */*

Response DefaultHttpResponse(decodeResult: success, version: HTTP/1.1)
HTTP/1.1 200 OK
Content-Type: application/json; charset=utf-8
cache-control: no-cache
content-length: 14

15:51:00.251 [AsyncHttpClient-1-2] DEBUG org.asynchttpclient.netty.channel.ChannelManager - Adding key: http://localhost:58463 for channel [id: 0x8f188f74, L:/127.0.0.1:56093 - R:localhost/127.0.0.1:58463]
15:51:00.568 [AsyncHttpClient-1-2] DEBUG org.asynchttpclient.netty.handler.HttpHandler - Channel Closed: [id: 0x8f188f74, L:/127.0.0.1:56093 ! R:localhost/127.0.0.1:58463] with attribute DISCARD
15:51:00.866 [AsyncHttpClient-1-1] DEBUG org.asynchttpclient.netty.channel.DefaultChannelPool - Entry count for : http://localhost:56094 : 1
15:51:00.866 [AsyncHttpClient-1-1] DEBUG org.asynchttpclient.netty.channel.DefaultChannelPool - Entry count for : http://localhost:58463 : 1
15:51:00.867 [AsyncHttpClient-1-1] DEBUG org.asynchttpclient.netty.channel.DefaultChannelPool - Adding Candidate expired Channel [id: 0x3869025a, L:/127.0.0.1:56101 ! R:localhost/127.0.0.1:56094] isIdleTimeoutExpired=false isRemotelyClosed=true isTtlExpired=false
15:51:00.867 [AsyncHttpClient-1-1] DEBUG org.asynchttpclient.netty.channel.DefaultChannelPool - Closing Idle Channel [id: 0x3869025a, L:/127.0.0.1:56101 ! R:localhost/127.0.0.1:56094]
15:51:00.868 [AsyncHttpClient-1-1] DEBUG org.asynchttpclient.netty.channel.DefaultChannelPool - Adding Candidate expired Channel [id: 0x8f188f74, L:/127.0.0.1:56093 ! R:localhost/127.0.0.1:58463] isIdleTimeoutExpired=false isRemotelyClosed=true isTtlExpired=false
15:51:00.868 [AsyncHttpClient-1-1] DEBUG org.asynchttpclient.netty.channel.DefaultChannelPool - Closing Idle Channel [id: 0x8f188f74, L:/127.0.0.1:56093 ! R:localhost/127.0.0.1:58463]
15:51:00.868 [AsyncHttpClient-1-1] DEBUG org.asynchttpclient.netty.channel.DefaultChannelPool - Closed 2 connections out of 2 in 2 ms
15:51:01.094 [main] INFO  - 
  _____   ___   ___   _____     ___     _     ___   ___   ___   ___  
 |_   _| | __| / __| |_   _|   | _ \   /_\   / __| / __| | __| |   \ 
   | |   | _|  \__ \   | |     |  _/  / _ \  \__ \ \__ \ | _|  | |) |
   |_|   |___| |___/   |_|     |_|   /_/ \_\ |___/ |___/ |___| |___/ 

Login
----------------------------------------------------------------------
]]></system-out>
    <system-err><![CDATA[Starting ChromeDriver 100.0.4896.60 (6a5d10861ce8de5fce22564658033b43cb7de047-refs/branch-heads/4896@{#875}) on port 58463
Only local connections are allowed.
Please see https://chromedriver.chromium.org/security-considerations for suggestions on keeping ChromeDriver safe.
ChromeDriver was started successfully.
[1652863826.634][WARNING]: This version of ChromeDriver has not been tested with Chrome version 101.
May 18, 2022 3:50:27 PM org.openqa.selenium.remote.ProtocolHandshake createSession
INFO: Detected dialect: W3C
May 18, 2022 3:50:27 PM org.openqa.selenium.devtools.CdpVersionFinder findNearestMatch
WARNING: Unable to find an exact match for CDP version 101, so returning the closest version found: 97
May 18, 2022 3:50:27 PM org.openqa.selenium.devtools.CdpVersionFinder findNearestMatch
INFO: Found CDP implementation for version 101 of 97
]]></system-err>
  </testcase>
  <testcase name="Login #2" classname="Login" time="15.09">
    <system-out><![CDATA[
Scenario Outline: Login                       &amp#27;[90m# src/test/resources/features/Login.feature:16&amp#27;[0m
15:51:01.353 [main] INFO io.cucumber.core.plugin.SerenityReporter - Running feature from file:///C:/Users/ponda/Documents/Final_Project/Final_Web/src/test/resources/features/Login.feature
15:51:01.517 [main] DEBUG net.thucydides.core.steps.StepInterceptor - STARTING STEP: LoginSteps.iAmOnQaAltaIdLoginPage - openUrl
15:51:01.569 [main] INFO net.serenitybdd.core.webdriver.driverproviders.ChromeDriverProvider - Using automatically driver download
15:51:01.821 [main] DEBUG io.github.bonigarcia.wdm.cache.ResolutionCache - Resolution chrome=101 in cache (valid until 16:36:25 18/05/2022 WIB)
15:51:01.836 [main] DEBUG io.github.bonigarcia.wdm.cache.ResolutionCache - Resolution chrome101=101.0.4951.41 in cache (valid until 16:04:06 18/05/2022 WIB)
15:51:01.844 [main] INFO io.github.bonigarcia.wdm.WebDriverManager - Using chromedriver 101.0.4951.41 (resolved driver for Chrome 101)
15:51:01.892 [main] DEBUG io.github.bonigarcia.wdm.WebDriverManager - Driver chromedriver 101.0.4951.41 found in cache
15:51:01.894 [main] INFO io.github.bonigarcia.wdm.WebDriverManager - Exporting webdriver.chrome.driver as C:\Users\ponda\.cache\selenium\chromedriver\win32\101.0.4951.41\chromedriver.exe
15:51:02.151 [main] DEBUG net.serenitybdd.core.webdriver.driverproviders.ProvideNewDriver - Instantiating driver
15:51:02.151 [main] DEBUG net.serenitybdd.core.webdriver.driverproviders.ProvideNewDriver - Driver capabilities: Capabilities {acceptInsecureCerts: false, base.url: https://qa.alta.id, browserName: chrome, chrome.driver: src/test/resources/webdrive..., driver: chrome, goog:chromeOptions: {args: [], extensions: []}}
15:51:02.771 [AsyncHttpClient-1-5] DEBUG org.asynchttpclient.netty.channel.NettyConnectListener - Using new Channel '[id: 0xd5fc859a, L:/127.0.0.1:56138 - R:localhost/127.0.0.1:57808]' for 'POST' to '/session'
15:51:05.063 [AsyncHttpClient-1-5] DEBUG org.asynchttpclient.netty.handler.HttpHandler - 

Request DefaultHttpRequest(decodeResult: success, version: HTTP/1.1)
POST /session HTTP/1.1
User-Agent: selenium/4.1.2 (java windows)
Content-Length: 599
Content-Type: application/json; charset=utf-8
host: localhost:57808
accept: */*

Response DefaultHttpResponse(decodeResult: success, version: HTTP/1.1)
HTTP/1.1 200 OK
Content-Type: application/json; charset=utf-8
cache-control: no-cache
content-length: 789

15:51:05.064 [AsyncHttpClient-1-5] DEBUG org.asynchttpclient.netty.channel.ChannelManager - Adding key: http://localhost:57808 for channel [id: 0xd5fc859a, L:/127.0.0.1:56138 - R:localhost/127.0.0.1:57808]
15:51:05.146 [AsyncHttpClient-1-2] DEBUG org.asynchttpclient.netty.channel.NettyConnectListener - Using new Channel '[id: 0xa9cd8f20, L:/127.0.0.1:56146 - R:localhost/127.0.0.1:56139]' for 'GET' to '/json/version'
15:51:05.153 [AsyncHttpClient-1-2] DEBUG org.asynchttpclient.netty.handler.HttpHandler - 

Request DefaultFullHttpRequest(decodeResult: success, version: HTTP/1.1, content: EmptyByteBufBE)
GET /json/version HTTP/1.1
User-Agent: selenium/4.1.2 (java windows)
host: localhost:56139
accept: */*

Response DefaultHttpResponse(decodeResult: success, version: HTTP/1.1)
HTTP/1.1 200 OK
Content-Type: application/json; charset=UTF-8
content-length: 427

15:51:05.153 [AsyncHttpClient-1-2] DEBUG org.asynchttpclient.netty.channel.ChannelManager - Adding key: http://localhost:56139 for channel [id: 0xa9cd8f20, L:/127.0.0.1:56146 - R:localhost/127.0.0.1:56139]
15:51:05.161 [AsyncHttpClient-1-3] DEBUG org.asynchttpclient.netty.channel.NettyConnectListener - Using new Channel '[id: 0x42628d24, L:/127.0.0.1:56147 - R:localhost/127.0.0.1:56139]' for 'GET' to '/devtools/browser/bfbc5d7f-c614-42ff-9052-cc0947d59cac'
15:51:05.163 [AsyncHttpClient-1-3] DEBUG org.asynchttpclient.netty.handler.WebSocketHandler - 

Request DefaultFullHttpRequest(decodeResult: success, version: HTTP/1.1, content: EmptyByteBufBE)
GET /devtools/browser/bfbc5d7f-c614-42ff-9052-cc0947d59cac HTTP/1.1
upgrade: websocket
connection: upgrade
sec-websocket-key: ftvk98csIsGyAuRCNeu/RQ==
sec-websocket-version: 13
origin: http://localhost:56139
host: localhost:56139
accept: */*
user-agent: AHC/2.1

Response DefaultHttpResponse(decodeResult: success, version: HTTP/1.1)
HTTP/1.1 101 WebSocket Protocol Handshake
Upgrade: WebSocket
Connection: Upgrade
Sec-WebSocket-Accept: pBMzVSLIZzt8HwdpsxZ/NFTOYyo=

15:51:05.199 [Forwarding maximizeCurrentWindow on session 036eaf994596bf1051de0c56bb9964ff to remote] DEBUG org.asynchttpclient.netty.request.NettyRequestSender - Using pooled Channel '[id: 0xd5fc859a, L:/127.0.0.1:56138 - R:localhost/127.0.0.1:57808]' for 'POST' to 'http://localhost:57808/session/036eaf994596bf1051de0c56bb9964ff/window/maximize'
15:51:05.199 [Forwarding maximizeCurrentWindow on session 036eaf994596bf1051de0c56bb9964ff to remote] DEBUG org.asynchttpclient.netty.request.NettyRequestSender - Using open Channel [id: 0xd5fc859a, L:/127.0.0.1:56138 - R:localhost/127.0.0.1:57808] for POST '/session/036eaf994596bf1051de0c56bb9964ff/window/maximize'
15:51:05.287 [AsyncHttpClient-1-1] DEBUG org.asynchttpclient.netty.channel.DefaultChannelPool - Entry count for : http://localhost:56139 : 1
15:51:05.394 [AsyncHttpClient-1-5] DEBUG org.asynchttpclient.netty.handler.HttpHandler - 

Request DefaultHttpRequest(decodeResult: success, version: HTTP/1.1)
POST /session/036eaf994596bf1051de0c56bb9964ff/window/maximize HTTP/1.1
User-Agent: selenium/4.1.2 (java windows)
Content-Length: 3
Content-Type: application/json; charset=utf-8
host: localhost:57808
accept: */*

Response DefaultHttpResponse(decodeResult: success, version: HTTP/1.1)
HTTP/1.1 200 OK
Content-Type: application/json; charset=utf-8
cache-control: no-cache
content-length: 51

15:51:05.396 [AsyncHttpClient-1-5] DEBUG org.asynchttpclient.netty.channel.ChannelManager - Adding key: http://localhost:57808 for channel [id: 0xd5fc859a, L:/127.0.0.1:56138 - R:localhost/127.0.0.1:57808]
15:51:05.401 [Forwarding get on session 036eaf994596bf1051de0c56bb9964ff to remote] DEBUG org.asynchttpclient.netty.request.NettyRequestSender - Using pooled Channel '[id: 0xd5fc859a, L:/127.0.0.1:56138 - R:localhost/127.0.0.1:57808]' for 'POST' to 'http://localhost:57808/session/036eaf994596bf1051de0c56bb9964ff/url'
15:51:05.401 [Forwarding get on session 036eaf994596bf1051de0c56bb9964ff to remote] DEBUG org.asynchttpclient.netty.request.NettyRequestSender - Using open Channel [id: 0xd5fc859a, L:/127.0.0.1:56138 - R:localhost/127.0.0.1:57808] for POST '/session/036eaf994596bf1051de0c56bb9964ff/url'
15:51:06.362 [AsyncHttpClient-1-1] DEBUG org.asynchttpclient.netty.channel.DefaultChannelPool - Entry count for : http://localhost:56139 : 1
15:51:07.459 [AsyncHttpClient-1-1] DEBUG org.asynchttpclient.netty.channel.DefaultChannelPool - Entry count for : http://localhost:56139 : 1
15:51:08.564 [AsyncHttpClient-1-1] DEBUG org.asynchttpclient.netty.channel.DefaultChannelPool - Entry count for : http://localhost:56139 : 1
15:51:09.605 [AsyncHttpClient-1-5] DEBUG org.asynchttpclient.netty.handler.HttpHandler - 

Request DefaultHttpRequest(decodeResult: success, version: HTTP/1.1)
POST /session/036eaf994596bf1051de0c56bb9964ff/url HTTP/1.1
User-Agent: selenium/4.1.2 (java windows)
Content-Length: 64
Content-Type: application/json; charset=utf-8
host: localhost:57808
accept: */*

Response DefaultHttpResponse(decodeResult: success, version: HTTP/1.1)
HTTP/1.1 200 OK
Content-Type: application/json; charset=utf-8
cache-control: no-cache
content-length: 14

15:51:09.606 [AsyncHttpClient-1-5] DEBUG org.asynchttpclient.netty.channel.ChannelManager - Adding key: http://localhost:57808 for channel [id: 0xd5fc859a, L:/127.0.0.1:56138 - R:localhost/127.0.0.1:57808]
15:51:09.610 [Forwarding setTimeout on session 036eaf994596bf1051de0c56bb9964ff to remote] DEBUG org.asynchttpclient.netty.request.NettyRequestSender - Using pooled Channel '[id: 0xd5fc859a, L:/127.0.0.1:56138 - R:localhost/127.0.0.1:57808]' for 'POST' to 'http://localhost:57808/session/036eaf994596bf1051de0c56bb9964ff/timeouts'
15:51:09.610 [Forwarding setTimeout on session 036eaf994596bf1051de0c56bb9964ff to remote] DEBUG org.asynchttpclient.netty.request.NettyRequestSender - Using open Channel [id: 0xd5fc859a, L:/127.0.0.1:56138 - R:localhost/127.0.0.1:57808] for POST '/session/036eaf994596bf1051de0c56bb9964ff/timeouts'
15:51:09.641 [AsyncHttpClient-1-5] DEBUG org.asynchttpclient.netty.handler.HttpHandler - 

Request DefaultHttpRequest(decodeResult: success, version: HTTP/1.1)
POST /session/036eaf994596bf1051de0c56bb9964ff/timeouts HTTP/1.1
User-Agent: selenium/4.1.2 (java windows)
Content-Length: 22
Content-Type: application/json; charset=utf-8
host: localhost:57808
accept: */*

Response DefaultHttpResponse(decodeResult: success, version: HTTP/1.1)
HTTP/1.1 200 OK
Content-Type: application/json; charset=utf-8
cache-control: no-cache
content-length: 14

15:51:09.642 [AsyncHttpClient-1-5] DEBUG org.asynchttpclient.netty.channel.ChannelManager - Adding key: http://localhost:57808 for channel [id: 0xd5fc859a, L:/127.0.0.1:56138 - R:localhost/127.0.0.1:57808]
15:51:09.652 [Forwarding getCurrentUrl on session 036eaf994596bf1051de0c56bb9964ff to remote] DEBUG org.asynchttpclient.netty.request.NettyRequestSender - Using pooled Channel '[id: 0xd5fc859a, L:/127.0.0.1:56138 - R:localhost/127.0.0.1:57808]' for 'GET' to 'http://localhost:57808/session/036eaf994596bf1051de0c56bb9964ff/url'
15:51:09.652 [Forwarding getCurrentUrl on session 036eaf994596bf1051de0c56bb9964ff to remote] DEBUG org.asynchttpclient.netty.request.NettyRequestSender - Using open Channel [id: 0xd5fc859a, L:/127.0.0.1:56138 - R:localhost/127.0.0.1:57808] for GET '/session/036eaf994596bf1051de0c56bb9964ff/url'
15:51:09.659 [AsyncHttpClient-1-5] DEBUG org.asynchttpclient.netty.handler.HttpHandler - 

Request DefaultFullHttpRequest(decodeResult: success, version: HTTP/1.1, content: EmptyByteBufBE)
GET /session/036eaf994596bf1051de0c56bb9964ff/url HTTP/1.1
User-Agent: selenium/4.1.2 (java windows)
Cache-Control: no-cache
Content-Type: application/json; charset=utf-8
host: localhost:57808
accept: */*

Response DefaultHttpResponse(decodeResult: success, version: HTTP/1.1)
HTTP/1.1 200 OK
Content-Type: application/json; charset=utf-8
cache-control: no-cache
content-length: 41

15:51:09.659 [AsyncHttpClient-1-5] DEBUG org.asynchttpclient.netty.channel.ChannelManager - Adding key: http://localhost:57808 for channel [id: 0xd5fc859a, L:/127.0.0.1:56138 - R:localhost/127.0.0.1:57808]
15:51:09.665 [AsyncHttpClient-1-1] DEBUG org.asynchttpclient.netty.channel.DefaultChannelPool - Entry count for : http://localhost:57808 : 1
15:51:09.665 [AsyncHttpClient-1-1] DEBUG org.asynchttpclient.netty.channel.DefaultChannelPool - Entry count for : http://localhost:56139 : 1
15:51:09.677 [Forwarding screenshot on session 036eaf994596bf1051de0c56bb9964ff to remote] DEBUG org.asynchttpclient.netty.request.NettyRequestSender - Using pooled Channel '[id: 0xd5fc859a, L:/127.0.0.1:56138 - R:localhost/127.0.0.1:57808]' for 'GET' to 'http://localhost:57808/session/036eaf994596bf1051de0c56bb9964ff/screenshot'
15:51:09.678 [Forwarding screenshot on session 036eaf994596bf1051de0c56bb9964ff to remote] DEBUG org.asynchttpclient.netty.request.NettyRequestSender - Using open Channel [id: 0xd5fc859a, L:/127.0.0.1:56138 - R:localhost/127.0.0.1:57808] for GET '/session/036eaf994596bf1051de0c56bb9964ff/screenshot'
15:51:09.859 [AsyncHttpClient-1-5] DEBUG org.asynchttpclient.netty.handler.HttpHandler - 

Request DefaultFullHttpRequest(decodeResult: success, version: HTTP/1.1, content: EmptyByteBufBE)
GET /session/036eaf994596bf1051de0c56bb9964ff/screenshot HTTP/1.1
User-Agent: selenium/4.1.2 (java windows)
Cache-Control: no-cache
Content-Type: application/json; charset=utf-8
host: localhost:57808
accept: */*

Response DefaultHttpResponse(decodeResult: success, version: HTTP/1.1)
HTTP/1.1 200 OK
Content-Type: application/json; charset=utf-8
cache-control: no-cache
content-length: 25384

15:51:09.861 [AsyncHttpClient-1-5] DEBUG org.asynchttpclient.netty.channel.ChannelManager - Adding key: http://localhost:57808 for channel [id: 0xd5fc859a, L:/127.0.0.1:56138 - R:localhost/127.0.0.1:57808]
15:51:09.867 [main] DEBUG net.serenitybdd.core.photography.Darkroom - Send negative for processing for target\site\serenity\49a3ec3fe6e588bb357024d38ea075b8250cb5f32bd132770e4d40bc98d606c0.png
15:51:09.868 [main] DEBUG net.thucydides.core.steps.StepInterceptor - STEP DONE: openUrl
  &amp#27;[32mGiven &amp#27;[0m&amp#27;[32mI am on qa.alta.id login page&amp#27;[0m         &amp#27;[90m# starter.stepdefinitions.LoginSteps.iAmOnQaAltaIdLoginPage()&amp#27;[0m
15:51:09.914 [main] DEBUG net.thucydides.core.steps.StepInterceptor - STARTING STEP: LoginSteps.inputEmail - inputEmail
15:51:09.926 [Forwarding findElement on session 036eaf994596bf1051de0c56bb9964ff to remote] DEBUG org.asynchttpclient.netty.request.NettyRequestSender - Using pooled Channel '[id: 0xd5fc859a, L:/127.0.0.1:56138 - R:localhost/127.0.0.1:57808]' for 'POST' to 'http://localhost:57808/session/036eaf994596bf1051de0c56bb9964ff/element'
15:51:09.928 [Forwarding findElement on session 036eaf994596bf1051de0c56bb9964ff to remote] DEBUG org.asynchttpclient.netty.request.NettyRequestSender - Using open Channel [id: 0xd5fc859a, L:/127.0.0.1:56138 - R:localhost/127.0.0.1:57808] for POST '/session/036eaf994596bf1051de0c56bb9964ff/element'
15:51:09.957 [AsyncHttpClient-1-5] DEBUG org.asynchttpclient.netty.handler.HttpHandler - 

Request DefaultHttpRequest(decodeResult: success, version: HTTP/1.1)
POST /session/036eaf994596bf1051de0c56bb9964ff/element HTTP/1.1
User-Agent: selenium/4.1.2 (java windows)
Content-Length: 86
Content-Type: application/json; charset=utf-8
host: localhost:57808
accept: */*

Response DefaultHttpResponse(decodeResult: success, version: HTTP/1.1)
HTTP/1.1 200 OK
Content-Type: application/json; charset=utf-8
cache-control: no-cache
content-length: 88

15:51:09.957 [AsyncHttpClient-1-5] DEBUG org.asynchttpclient.netty.channel.ChannelManager - Adding key: http://localhost:57808 for channel [id: 0xd5fc859a, L:/127.0.0.1:56138 - R:localhost/127.0.0.1:57808]
15:51:09.975 [Forwarding clearElement on session 036eaf994596bf1051de0c56bb9964ff to remote] DEBUG org.asynchttpclient.netty.request.NettyRequestSender - Using pooled Channel '[id: 0xd5fc859a, L:/127.0.0.1:56138 - R:localhost/127.0.0.1:57808]' for 'POST' to 'http://localhost:57808/session/036eaf994596bf1051de0c56bb9964ff/element/7abb1aac-2b39-4c82-866d-f91ed8e4f634/clear'
15:51:09.975 [Forwarding clearElement on session 036eaf994596bf1051de0c56bb9964ff to remote] DEBUG org.asynchttpclient.netty.request.NettyRequestSender - Using open Channel [id: 0xd5fc859a, L:/127.0.0.1:56138 - R:localhost/127.0.0.1:57808] for POST '/session/036eaf994596bf1051de0c56bb9964ff/element/7abb1aac-2b39-4c82-866d-f91ed8e4f634/clear'
15:51:10.068 [AsyncHttpClient-1-5] DEBUG org.asynchttpclient.netty.handler.HttpHandler - 

Request DefaultHttpRequest(decodeResult: success, version: HTTP/1.1)
POST /session/036eaf994596bf1051de0c56bb9964ff/element/7abb1aac-2b39-4c82-866d-f91ed8e4f634/clear HTTP/1.1
User-Agent: selenium/4.1.2 (java windows)
Content-Length: 50
Content-Type: application/json; charset=utf-8
host: localhost:57808
accept: */*

Response DefaultHttpResponse(decodeResult: success, version: HTTP/1.1)
HTTP/1.1 200 OK
Content-Type: application/json; charset=utf-8
cache-control: no-cache
content-length: 14

15:51:10.069 [AsyncHttpClient-1-5] DEBUG org.asynchttpclient.netty.channel.ChannelManager - Adding key: http://localhost:57808 for channel [id: 0xd5fc859a, L:/127.0.0.1:56138 - R:localhost/127.0.0.1:57808]
15:51:10.081 [Forwarding sendKeysToElement on session 036eaf994596bf1051de0c56bb9964ff to remote] DEBUG org.asynchttpclient.netty.request.NettyRequestSender - Using pooled Channel '[id: 0xd5fc859a, L:/127.0.0.1:56138 - R:localhost/127.0.0.1:57808]' for 'POST' to 'http://localhost:57808/session/036eaf994596bf1051de0c56bb9964ff/element/7abb1aac-2b39-4c82-866d-f91ed8e4f634/value'
15:51:10.081 [Forwarding sendKeysToElement on session 036eaf994596bf1051de0c56bb9964ff to remote] DEBUG org.asynchttpclient.netty.request.NettyRequestSender - Using open Channel [id: 0xd5fc859a, L:/127.0.0.1:56138 - R:localhost/127.0.0.1:57808] for POST '/session/036eaf994596bf1051de0c56bb9964ff/element/7abb1aac-2b39-4c82-866d-f91ed8e4f634/value'
15:51:10.586 [AsyncHttpClient-1-5] DEBUG org.asynchttpclient.netty.handler.HttpHandler - 

Request DefaultHttpRequest(decodeResult: success, version: HTTP/1.1)
POST /session/036eaf994596bf1051de0c56bb9964ff/element/7abb1aac-2b39-4c82-866d-f91ed8e4f634/value HTTP/1.1
User-Agent: selenium/4.1.2 (java windows)
Content-Length: 311
Content-Type: application/json; charset=utf-8
host: localhost:57808
accept: */*

Response DefaultHttpResponse(decodeResult: success, version: HTTP/1.1)
HTTP/1.1 200 OK
Content-Type: application/json; charset=utf-8
cache-control: no-cache
content-length: 14

15:51:10.586 [AsyncHttpClient-1-5] DEBUG org.asynchttpclient.netty.channel.ChannelManager - Adding key: http://localhost:57808 for channel [id: 0xd5fc859a, L:/127.0.0.1:56138 - R:localhost/127.0.0.1:57808]
15:51:10.611 [Forwarding screenshot on session 036eaf994596bf1051de0c56bb9964ff to remote] DEBUG org.asynchttpclient.netty.request.NettyRequestSender - Using pooled Channel '[id: 0xd5fc859a, L:/127.0.0.1:56138 - R:localhost/127.0.0.1:57808]' for 'GET' to 'http://localhost:57808/session/036eaf994596bf1051de0c56bb9964ff/screenshot'
15:51:10.611 [Forwarding screenshot on session 036eaf994596bf1051de0c56bb9964ff to remote] DEBUG org.asynchttpclient.netty.request.NettyRequestSender - Using open Channel [id: 0xd5fc859a, L:/127.0.0.1:56138 - R:localhost/127.0.0.1:57808] for GET '/session/036eaf994596bf1051de0c56bb9964ff/screenshot'
15:51:10.767 [AsyncHttpClient-1-1] DEBUG org.asynchttpclient.netty.channel.DefaultChannelPool - Entry count for : http://localhost:56139 : 1
15:51:10.836 [AsyncHttpClient-1-5] DEBUG org.asynchttpclient.netty.handler.HttpHandler - 

Request DefaultFullHttpRequest(decodeResult: success, version: HTTP/1.1, content: EmptyByteBufBE)
GET /session/036eaf994596bf1051de0c56bb9964ff/screenshot HTTP/1.1
User-Agent: selenium/4.1.2 (java windows)
Cache-Control: no-cache
Content-Type: application/json; charset=utf-8
host: localhost:57808
accept: */*

Response DefaultHttpResponse(decodeResult: success, version: HTTP/1.1)
HTTP/1.1 200 OK
Content-Type: application/json; charset=utf-8
cache-control: no-cache
content-length: 30480

15:51:10.838 [AsyncHttpClient-1-5] DEBUG org.asynchttpclient.netty.channel.ChannelManager - Adding key: http://localhost:57808 for channel [id: 0xd5fc859a, L:/127.0.0.1:56138 - R:localhost/127.0.0.1:57808]
15:51:10.842 [main] DEBUG net.serenitybdd.core.photography.Darkroom - Send negative for processing for target\site\serenity\23f04800ef113961cfed0bb98f1e0c99de55e1e180d253cd1e6785c3415a3a58.png
15:51:10.842 [main] DEBUG net.thucydides.core.steps.StepInterceptor - STEP DONE: inputEmail
  &amp#27;[32mWhen &amp#27;[0m&amp#27;[32mI input &amp#27;[0m&amp#27;[32m&amp#27;[1m"rosieposieee@wpdork.com"&amp#27;[0m      &amp#27;[90m# starter.stepdefinitions.LoginSteps.inputEmail(java.lang.String)&amp#27;[0m
15:51:10.845 [Darkroom Processing Line] DEBUG net.serenitybdd.core.photography.DarkroomProcessingLine - Processing screenshot image in /var/screenshots/screenshot-8662993574160467795
15:51:10.846 [Darkroom Processing Line] DEBUG net.serenitybdd.core.photography.DarkroomProcessingLine - Saving screenshot to target\site\serenity\23f04800ef113961cfed0bb98f1e0c99de55e1e180d253cd1e6785c3415a3a58.png
15:51:10.893 [Forwarding screenshot on session 036eaf994596bf1051de0c56bb9964ff to remote] DEBUG org.asynchttpclient.netty.request.NettyRequestSender - Using pooled Channel '[id: 0xd5fc859a, L:/127.0.0.1:56138 - R:localhost/127.0.0.1:57808]' for 'GET' to 'http://localhost:57808/session/036eaf994596bf1051de0c56bb9964ff/screenshot'
15:51:10.893 [Forwarding screenshot on session 036eaf994596bf1051de0c56bb9964ff to remote] DEBUG org.asynchttpclient.netty.request.NettyRequestSender - Using open Channel [id: 0xd5fc859a, L:/127.0.0.1:56138 - R:localhost/127.0.0.1:57808] for GET '/session/036eaf994596bf1051de0c56bb9964ff/screenshot'
15:51:11.054 [AsyncHttpClient-1-5] DEBUG org.asynchttpclient.netty.handler.HttpHandler - 

Request DefaultFullHttpRequest(decodeResult: success, version: HTTP/1.1, content: EmptyByteBufBE)
GET /session/036eaf994596bf1051de0c56bb9964ff/screenshot HTTP/1.1
User-Agent: selenium/4.1.2 (java windows)
Cache-Control: no-cache
Content-Type: application/json; charset=utf-8
host: localhost:57808
accept: */*

Response DefaultHttpResponse(decodeResult: success, version: HTTP/1.1)
HTTP/1.1 200 OK
Content-Type: application/json; charset=utf-8
cache-control: no-cache
content-length: 30484

15:51:11.055 [AsyncHttpClient-1-5] DEBUG org.asynchttpclient.netty.channel.ChannelManager - Adding key: http://localhost:57808 for channel [id: 0xd5fc859a, L:/127.0.0.1:56138 - R:localhost/127.0.0.1:57808]
15:51:11.059 [main] DEBUG net.serenitybdd.core.photography.Darkroom - Send negative for processing for target\site\serenity\c182b46ce7e24469e89d993a540b5d6feb7a057e538bd5d54a866bddb22adef9.png
15:51:11.059 [main] DEBUG net.thucydides.core.steps.StepInterceptor - STARTING STEP: LoginSteps.input - inputPassword
15:51:11.060 [Darkroom Processing Line] DEBUG net.serenitybdd.core.photography.DarkroomProcessingLine - Processing screenshot image in /var/screenshots/screenshot-14903678197273551659
15:51:11.061 [Darkroom Processing Line] DEBUG net.serenitybdd.core.photography.DarkroomProcessingLine - Saving screenshot to target\site\serenity\c182b46ce7e24469e89d993a540b5d6feb7a057e538bd5d54a866bddb22adef9.png
15:51:11.068 [Forwarding findElement on session 036eaf994596bf1051de0c56bb9964ff to remote] DEBUG org.asynchttpclient.netty.request.NettyRequestSender - Using pooled Channel '[id: 0xd5fc859a, L:/127.0.0.1:56138 - R:localhost/127.0.0.1:57808]' for 'POST' to 'http://localhost:57808/session/036eaf994596bf1051de0c56bb9964ff/element'
15:51:11.068 [Forwarding findElement on session 036eaf994596bf1051de0c56bb9964ff to remote] DEBUG org.asynchttpclient.netty.request.NettyRequestSender - Using open Channel [id: 0xd5fc859a, L:/127.0.0.1:56138 - R:localhost/127.0.0.1:57808] for POST '/session/036eaf994596bf1051de0c56bb9964ff/element'
15:51:11.095 [AsyncHttpClient-1-5] DEBUG org.asynchttpclient.netty.handler.HttpHandler - 

Request DefaultHttpRequest(decodeResult: success, version: HTTP/1.1)
POST /session/036eaf994596bf1051de0c56bb9964ff/element HTTP/1.1
User-Agent: selenium/4.1.2 (java windows)
Content-Length: 89
Content-Type: application/json; charset=utf-8
host: localhost:57808
accept: */*

Response DefaultHttpResponse(decodeResult: success, version: HTTP/1.1)
HTTP/1.1 200 OK
Content-Type: application/json; charset=utf-8
cache-control: no-cache
content-length: 88

15:51:11.095 [AsyncHttpClient-1-5] DEBUG org.asynchttpclient.netty.channel.ChannelManager - Adding key: http://localhost:57808 for channel [id: 0xd5fc859a, L:/127.0.0.1:56138 - R:localhost/127.0.0.1:57808]
15:51:11.104 [Forwarding clearElement on session 036eaf994596bf1051de0c56bb9964ff to remote] DEBUG org.asynchttpclient.netty.request.NettyRequestSender - Using pooled Channel '[id: 0xd5fc859a, L:/127.0.0.1:56138 - R:localhost/127.0.0.1:57808]' for 'POST' to 'http://localhost:57808/session/036eaf994596bf1051de0c56bb9964ff/element/d44bf1de-c1c2-4224-b8ad-3c6442c89ac3/clear'
15:51:11.104 [Forwarding clearElement on session 036eaf994596bf1051de0c56bb9964ff to remote] DEBUG org.asynchttpclient.netty.request.NettyRequestSender - Using open Channel [id: 0xd5fc859a, L:/127.0.0.1:56138 - R:localhost/127.0.0.1:57808] for POST '/session/036eaf994596bf1051de0c56bb9964ff/element/d44bf1de-c1c2-4224-b8ad-3c6442c89ac3/clear'
15:51:11.183 [AsyncHttpClient-1-5] DEBUG org.asynchttpclient.netty.handler.HttpHandler - 

Request DefaultHttpRequest(decodeResult: success, version: HTTP/1.1)
POST /session/036eaf994596bf1051de0c56bb9964ff/element/d44bf1de-c1c2-4224-b8ad-3c6442c89ac3/clear HTTP/1.1
User-Agent: selenium/4.1.2 (java windows)
Content-Length: 50
Content-Type: application/json; charset=utf-8
host: localhost:57808
accept: */*

Response DefaultHttpResponse(decodeResult: success, version: HTTP/1.1)
HTTP/1.1 200 OK
Content-Type: application/json; charset=utf-8
cache-control: no-cache
content-length: 14

15:51:11.184 [AsyncHttpClient-1-5] DEBUG org.asynchttpclient.netty.channel.ChannelManager - Adding key: http://localhost:57808 for channel [id: 0xd5fc859a, L:/127.0.0.1:56138 - R:localhost/127.0.0.1:57808]
15:51:11.194 [Forwarding sendKeysToElement on session 036eaf994596bf1051de0c56bb9964ff to remote] DEBUG org.asynchttpclient.netty.request.NettyRequestSender - Using pooled Channel '[id: 0xd5fc859a, L:/127.0.0.1:56138 - R:localhost/127.0.0.1:57808]' for 'POST' to 'http://localhost:57808/session/036eaf994596bf1051de0c56bb9964ff/element/d44bf1de-c1c2-4224-b8ad-3c6442c89ac3/value'
15:51:11.194 [Forwarding sendKeysToElement on session 036eaf994596bf1051de0c56bb9964ff to remote] DEBUG org.asynchttpclient.netty.request.NettyRequestSender - Using open Channel [id: 0xd5fc859a, L:/127.0.0.1:56138 - R:localhost/127.0.0.1:57808] for POST '/session/036eaf994596bf1051de0c56bb9964ff/element/d44bf1de-c1c2-4224-b8ad-3c6442c89ac3/value'
15:51:11.657 [AsyncHttpClient-1-5] DEBUG org.asynchttpclient.netty.handler.HttpHandler - 

Request DefaultHttpRequest(decodeResult: success, version: HTTP/1.1)
POST /session/036eaf994596bf1051de0c56bb9964ff/element/d44bf1de-c1c2-4224-b8ad-3c6442c89ac3/value HTTP/1.1
User-Agent: selenium/4.1.2 (java windows)
Content-Length: 191
Content-Type: application/json; charset=utf-8
host: localhost:57808
accept: */*

Response DefaultHttpResponse(decodeResult: success, version: HTTP/1.1)
HTTP/1.1 200 OK
Content-Type: application/json; charset=utf-8
cache-control: no-cache
content-length: 14

15:51:11.659 [AsyncHttpClient-1-5] DEBUG org.asynchttpclient.netty.channel.ChannelManager - Adding key: http://localhost:57808 for channel [id: 0xd5fc859a, L:/127.0.0.1:56138 - R:localhost/127.0.0.1:57808]
15:51:11.991 [Forwarding screenshot on session 036eaf994596bf1051de0c56bb9964ff to remote] DEBUG org.asynchttpclient.netty.request.NettyRequestSender - Using pooled Channel '[id: 0xd5fc859a, L:/127.0.0.1:56138 - R:localhost/127.0.0.1:57808]' for 'GET' to 'http://localhost:57808/session/036eaf994596bf1051de0c56bb9964ff/screenshot'
15:51:11.991 [Forwarding screenshot on session 036eaf994596bf1051de0c56bb9964ff to remote] DEBUG org.asynchttpclient.netty.request.NettyRequestSender - Using open Channel [id: 0xd5fc859a, L:/127.0.0.1:56138 - R:localhost/127.0.0.1:57808] for GET '/session/036eaf994596bf1051de0c56bb9964ff/screenshot'
15:51:12.041 [AsyncHttpClient-1-1] DEBUG org.asynchttpclient.netty.channel.DefaultChannelPool - Entry count for : http://localhost:56139 : 1
15:51:12.242 [AsyncHttpClient-1-5] DEBUG org.asynchttpclient.netty.handler.HttpHandler - 

Request DefaultFullHttpRequest(decodeResult: success, version: HTTP/1.1, content: EmptyByteBufBE)
GET /session/036eaf994596bf1051de0c56bb9964ff/screenshot HTTP/1.1
User-Agent: selenium/4.1.2 (java windows)
Cache-Control: no-cache
Content-Type: application/json; charset=utf-8
host: localhost:57808
accept: */*

Response DefaultHttpResponse(decodeResult: success, version: HTTP/1.1)
HTTP/1.1 200 OK
Content-Type: application/json; charset=utf-8
cache-control: no-cache
content-length: 33056

15:51:12.246 [AsyncHttpClient-1-5] DEBUG org.asynchttpclient.netty.channel.ChannelManager - Adding key: http://localhost:57808 for channel [id: 0xd5fc859a, L:/127.0.0.1:56138 - R:localhost/127.0.0.1:57808]
15:51:12.318 [main] DEBUG net.serenitybdd.core.photography.Darkroom - Send negative for processing for target\site\serenity\62fd0954de9eac0a218043318d8156d63e934cc565792556af88c20974e1bad3.png
15:51:12.319 [main] DEBUG net.thucydides.core.steps.StepInterceptor - STEP DONE: inputPassword
  &amp#27;[32mAnd &amp#27;[0m&amp#27;[32mInput &amp#27;[0m&amp#27;[32m&amp#27;[1m"Password123"&amp#27;[0m                     &amp#27;[90m# starter.stepdefinitions.LoginSteps.input(java.lang.String)&amp#27;[0m
15:51:12.354 [Darkroom Processing Line] DEBUG net.serenitybdd.core.photography.DarkroomProcessingLine - Processing screenshot image in /var/screenshots/screenshot-1847964603012450251
15:51:12.354 [Darkroom Processing Line] DEBUG net.serenitybdd.core.photography.DarkroomProcessingLine - Saving screenshot to target\site\serenity\62fd0954de9eac0a218043318d8156d63e934cc565792556af88c20974e1bad3.png
15:51:12.417 [Forwarding screenshot on session 036eaf994596bf1051de0c56bb9964ff to remote] DEBUG org.asynchttpclient.netty.request.NettyRequestSender - Using pooled Channel '[id: 0xd5fc859a, L:/127.0.0.1:56138 - R:localhost/127.0.0.1:57808]' for 'GET' to 'http://localhost:57808/session/036eaf994596bf1051de0c56bb9964ff/screenshot'
15:51:12.417 [Forwarding screenshot on session 036eaf994596bf1051de0c56bb9964ff to remote] DEBUG org.asynchttpclient.netty.request.NettyRequestSender - Using open Channel [id: 0xd5fc859a, L:/127.0.0.1:56138 - R:localhost/127.0.0.1:57808] for GET '/session/036eaf994596bf1051de0c56bb9964ff/screenshot'
15:51:12.631 [AsyncHttpClient-1-5] DEBUG org.asynchttpclient.netty.handler.HttpHandler - 

Request DefaultFullHttpRequest(decodeResult: success, version: HTTP/1.1, content: EmptyByteBufBE)
GET /session/036eaf994596bf1051de0c56bb9964ff/screenshot HTTP/1.1
User-Agent: selenium/4.1.2 (java windows)
Cache-Control: no-cache
Content-Type: application/json; charset=utf-8
host: localhost:57808
accept: */*

Response DefaultHttpResponse(decodeResult: success, version: HTTP/1.1)
HTTP/1.1 200 OK
Content-Type: application/json; charset=utf-8
cache-control: no-cache
content-length: 33028

15:51:12.634 [AsyncHttpClient-1-5] DEBUG org.asynchttpclient.netty.channel.ChannelManager - Adding key: http://localhost:57808 for channel [id: 0xd5fc859a, L:/127.0.0.1:56138 - R:localhost/127.0.0.1:57808]
15:51:12.640 [main] DEBUG net.serenitybdd.core.photography.Darkroom - Send negative for processing for target\site\serenity\740951115cdcb33e51705c9c04978b9177c969b275052601beecbf93e0a81a43.png
15:51:12.641 [main] DEBUG net.thucydides.core.steps.StepInterceptor - STARTING STEP: LoginSteps.clickLoginButton - clickLoginButton
15:51:12.677 [Forwarding findElement on session 036eaf994596bf1051de0c56bb9964ff to remote] DEBUG org.asynchttpclient.netty.request.NettyRequestSender - Using pooled Channel '[id: 0xd5fc859a, L:/127.0.0.1:56138 - R:localhost/127.0.0.1:57808]' for 'POST' to 'http://localhost:57808/session/036eaf994596bf1051de0c56bb9964ff/element'
15:51:12.677 [Forwarding findElement on session 036eaf994596bf1051de0c56bb9964ff to remote] DEBUG org.asynchttpclient.netty.request.NettyRequestSender - Using open Channel [id: 0xd5fc859a, L:/127.0.0.1:56138 - R:localhost/127.0.0.1:57808] for POST '/session/036eaf994596bf1051de0c56bb9964ff/element'
15:51:12.680 [Darkroom Processing Line] DEBUG net.serenitybdd.core.photography.DarkroomProcessingLine - Processing screenshot image in /var/screenshots/screenshot-11069331628501147835
15:51:12.680 [Darkroom Processing Line] DEBUG net.serenitybdd.core.photography.DarkroomProcessingLine - Saving screenshot to target\site\serenity\740951115cdcb33e51705c9c04978b9177c969b275052601beecbf93e0a81a43.png
15:51:12.730 [AsyncHttpClient-1-5] DEBUG org.asynchttpclient.netty.handler.HttpHandler - 

Request DefaultHttpRequest(decodeResult: success, version: HTTP/1.1)
POST /session/036eaf994596bf1051de0c56bb9964ff/element HTTP/1.1
User-Agent: selenium/4.1.2 (java windows)
Content-Length: 136
Content-Type: application/json; charset=utf-8
host: localhost:57808
accept: */*

Response DefaultHttpResponse(decodeResult: success, version: HTTP/1.1)
HTTP/1.1 200 OK
Content-Type: application/json; charset=utf-8
cache-control: no-cache
content-length: 88

15:51:12.731 [AsyncHttpClient-1-5] DEBUG org.asynchttpclient.netty.channel.ChannelManager - Adding key: http://localhost:57808 for channel [id: 0xd5fc859a, L:/127.0.0.1:56138 - R:localhost/127.0.0.1:57808]
15:51:12.738 [Forwarding getElementTagName on session 036eaf994596bf1051de0c56bb9964ff to remote] DEBUG org.asynchttpclient.netty.request.NettyRequestSender - Using pooled Channel '[id: 0xd5fc859a, L:/127.0.0.1:56138 - R:localhost/127.0.0.1:57808]' for 'GET' to 'http://localhost:57808/session/036eaf994596bf1051de0c56bb9964ff/element/91de4f2e-181a-4fda-a7cd-653427be4469/name'
15:51:12.738 [Forwarding getElementTagName on session 036eaf994596bf1051de0c56bb9964ff to remote] DEBUG org.asynchttpclient.netty.request.NettyRequestSender - Using open Channel [id: 0xd5fc859a, L:/127.0.0.1:56138 - R:localhost/127.0.0.1:57808] for GET '/session/036eaf994596bf1051de0c56bb9964ff/element/91de4f2e-181a-4fda-a7cd-653427be4469/name'
15:51:12.748 [AsyncHttpClient-1-5] DEBUG org.asynchttpclient.netty.handler.HttpHandler - 

Request DefaultFullHttpRequest(decodeResult: success, version: HTTP/1.1, content: EmptyByteBufBE)
GET /session/036eaf994596bf1051de0c56bb9964ff/element/91de4f2e-181a-4fda-a7cd-653427be4469/name HTTP/1.1
User-Agent: selenium/4.1.2 (java windows)
Cache-Control: no-cache
Content-Type: application/json; charset=utf-8
host: localhost:57808
accept: */*

Response DefaultHttpResponse(decodeResult: success, version: HTTP/1.1)
HTTP/1.1 200 OK
Content-Type: application/json; charset=utf-8
cache-control: no-cache
content-length: 18

15:51:12.749 [AsyncHttpClient-1-5] DEBUG org.asynchttpclient.netty.channel.ChannelManager - Adding key: http://localhost:57808 for channel [id: 0xd5fc859a, L:/127.0.0.1:56138 - R:localhost/127.0.0.1:57808]
15:51:12.754 [Forwarding getElementTagName on session 036eaf994596bf1051de0c56bb9964ff to remote] DEBUG org.asynchttpclient.netty.request.NettyRequestSender - Using pooled Channel '[id: 0xd5fc859a, L:/127.0.0.1:56138 - R:localhost/127.0.0.1:57808]' for 'GET' to 'http://localhost:57808/session/036eaf994596bf1051de0c56bb9964ff/element/91de4f2e-181a-4fda-a7cd-653427be4469/name'
15:51:12.754 [Forwarding getElementTagName on session 036eaf994596bf1051de0c56bb9964ff to remote] DEBUG org.asynchttpclient.netty.request.NettyRequestSender - Using open Channel [id: 0xd5fc859a, L:/127.0.0.1:56138 - R:localhost/127.0.0.1:57808] for GET '/session/036eaf994596bf1051de0c56bb9964ff/element/91de4f2e-181a-4fda-a7cd-653427be4469/name'
15:51:12.762 [AsyncHttpClient-1-5] DEBUG org.asynchttpclient.netty.handler.HttpHandler - 

Request DefaultFullHttpRequest(decodeResult: success, version: HTTP/1.1, content: EmptyByteBufBE)
GET /session/036eaf994596bf1051de0c56bb9964ff/element/91de4f2e-181a-4fda-a7cd-653427be4469/name HTTP/1.1
User-Agent: selenium/4.1.2 (java windows)
Cache-Control: no-cache
Content-Type: application/json; charset=utf-8
host: localhost:57808
accept: */*

Response DefaultHttpResponse(decodeResult: success, version: HTTP/1.1)
HTTP/1.1 200 OK
Content-Type: application/json; charset=utf-8
cache-control: no-cache
content-length: 18

15:51:12.763 [AsyncHttpClient-1-5] DEBUG org.asynchttpclient.netty.channel.ChannelManager - Adding key: http://localhost:57808 for channel [id: 0xd5fc859a, L:/127.0.0.1:56138 - R:localhost/127.0.0.1:57808]
15:51:12.788 [Forwarding isElementEnabled on session 036eaf994596bf1051de0c56bb9964ff to remote] DEBUG org.asynchttpclient.netty.request.NettyRequestSender - Using pooled Channel '[id: 0xd5fc859a, L:/127.0.0.1:56138 - R:localhost/127.0.0.1:57808]' for 'GET' to 'http://localhost:57808/session/036eaf994596bf1051de0c56bb9964ff/element/91de4f2e-181a-4fda-a7cd-653427be4469/enabled'
15:51:12.788 [Forwarding isElementEnabled on session 036eaf994596bf1051de0c56bb9964ff to remote] DEBUG org.asynchttpclient.netty.request.NettyRequestSender - Using open Channel [id: 0xd5fc859a, L:/127.0.0.1:56138 - R:localhost/127.0.0.1:57808] for GET '/session/036eaf994596bf1051de0c56bb9964ff/element/91de4f2e-181a-4fda-a7cd-653427be4469/enabled'
15:51:12.809 [AsyncHttpClient-1-5] DEBUG org.asynchttpclient.netty.handler.HttpHandler - 

Request DefaultFullHttpRequest(decodeResult: success, version: HTTP/1.1, content: EmptyByteBufBE)
GET /session/036eaf994596bf1051de0c56bb9964ff/element/91de4f2e-181a-4fda-a7cd-653427be4469/enabled HTTP/1.1
User-Agent: selenium/4.1.2 (java windows)
Cache-Control: no-cache
Content-Type: application/json; charset=utf-8
host: localhost:57808
accept: */*

Response DefaultHttpResponse(decodeResult: success, version: HTTP/1.1)
HTTP/1.1 200 OK
Content-Type: application/json; charset=utf-8
cache-control: no-cache
content-length: 14

15:51:12.809 [AsyncHttpClient-1-5] DEBUG org.asynchttpclient.netty.channel.ChannelManager - Adding key: http://localhost:57808 for channel [id: 0xd5fc859a, L:/127.0.0.1:56138 - R:localhost/127.0.0.1:57808]
15:51:12.814 [Forwarding isElementEnabled on session 036eaf994596bf1051de0c56bb9964ff to remote] DEBUG org.asynchttpclient.netty.request.NettyRequestSender - Using pooled Channel '[id: 0xd5fc859a, L:/127.0.0.1:56138 - R:localhost/127.0.0.1:57808]' for 'GET' to 'http://localhost:57808/session/036eaf994596bf1051de0c56bb9964ff/element/91de4f2e-181a-4fda-a7cd-653427be4469/enabled'
15:51:12.814 [Forwarding isElementEnabled on session 036eaf994596bf1051de0c56bb9964ff to remote] DEBUG org.asynchttpclient.netty.request.NettyRequestSender - Using open Channel [id: 0xd5fc859a, L:/127.0.0.1:56138 - R:localhost/127.0.0.1:57808] for GET '/session/036eaf994596bf1051de0c56bb9964ff/element/91de4f2e-181a-4fda-a7cd-653427be4469/enabled'
15:51:12.842 [AsyncHttpClient-1-5] DEBUG org.asynchttpclient.netty.handler.HttpHandler - 

Request DefaultFullHttpRequest(decodeResult: success, version: HTTP/1.1, content: EmptyByteBufBE)
GET /session/036eaf994596bf1051de0c56bb9964ff/element/91de4f2e-181a-4fda-a7cd-653427be4469/enabled HTTP/1.1
User-Agent: selenium/4.1.2 (java windows)
Cache-Control: no-cache
Content-Type: application/json; charset=utf-8
host: localhost:57808
accept: */*

Response DefaultHttpResponse(decodeResult: success, version: HTTP/1.1)
HTTP/1.1 200 OK
Content-Type: application/json; charset=utf-8
cache-control: no-cache
content-length: 14

15:51:12.842 [AsyncHttpClient-1-5] DEBUG org.asynchttpclient.netty.channel.ChannelManager - Adding key: http://localhost:57808 for channel [id: 0xd5fc859a, L:/127.0.0.1:56138 - R:localhost/127.0.0.1:57808]
15:51:12.910 [Forwarding findElement on session 036eaf994596bf1051de0c56bb9964ff to remote] DEBUG org.asynchttpclient.netty.request.NettyRequestSender - Using pooled Channel '[id: 0xd5fc859a, L:/127.0.0.1:56138 - R:localhost/127.0.0.1:57808]' for 'POST' to 'http://localhost:57808/session/036eaf994596bf1051de0c56bb9964ff/element'
15:51:12.910 [Forwarding findElement on session 036eaf994596bf1051de0c56bb9964ff to remote] DEBUG org.asynchttpclient.netty.request.NettyRequestSender - Using open Channel [id: 0xd5fc859a, L:/127.0.0.1:56138 - R:localhost/127.0.0.1:57808] for POST '/session/036eaf994596bf1051de0c56bb9964ff/element'
15:51:12.924 [AsyncHttpClient-1-5] DEBUG org.asynchttpclient.netty.handler.HttpHandler - 

Request DefaultHttpRequest(decodeResult: success, version: HTTP/1.1)
POST /session/036eaf994596bf1051de0c56bb9964ff/element HTTP/1.1
User-Agent: selenium/4.1.2 (java windows)
Content-Length: 136
Content-Type: application/json; charset=utf-8
host: localhost:57808
accept: */*

Response DefaultHttpResponse(decodeResult: success, version: HTTP/1.1)
HTTP/1.1 200 OK
Content-Type: application/json; charset=utf-8
cache-control: no-cache
content-length: 88

15:51:12.924 [AsyncHttpClient-1-5] DEBUG org.asynchttpclient.netty.channel.ChannelManager - Adding key: http://localhost:57808 for channel [id: 0xd5fc859a, L:/127.0.0.1:56138 - R:localhost/127.0.0.1:57808]
15:51:12.933 [Forwarding clickElement on session 036eaf994596bf1051de0c56bb9964ff to remote] DEBUG org.asynchttpclient.netty.request.NettyRequestSender - Using pooled Channel '[id: 0xd5fc859a, L:/127.0.0.1:56138 - R:localhost/127.0.0.1:57808]' for 'POST' to 'http://localhost:57808/session/036eaf994596bf1051de0c56bb9964ff/element/91de4f2e-181a-4fda-a7cd-653427be4469/click'
15:51:12.934 [Forwarding clickElement on session 036eaf994596bf1051de0c56bb9964ff to remote] DEBUG org.asynchttpclient.netty.request.NettyRequestSender - Using open Channel [id: 0xd5fc859a, L:/127.0.0.1:56138 - R:localhost/127.0.0.1:57808] for POST '/session/036eaf994596bf1051de0c56bb9964ff/element/91de4f2e-181a-4fda-a7cd-653427be4469/click'
15:51:13.107 [AsyncHttpClient-1-1] DEBUG org.asynchttpclient.netty.channel.DefaultChannelPool - Entry count for : http://localhost:56139 : 1
15:51:13.199 [AsyncHttpClient-1-5] DEBUG org.asynchttpclient.netty.handler.HttpHandler - 

Request DefaultHttpRequest(decodeResult: success, version: HTTP/1.1)
POST /session/036eaf994596bf1051de0c56bb9964ff/element/91de4f2e-181a-4fda-a7cd-653427be4469/click HTTP/1.1
User-Agent: selenium/4.1.2 (java windows)
Content-Length: 50
Content-Type: application/json; charset=utf-8
host: localhost:57808
accept: */*

Response DefaultHttpResponse(decodeResult: success, version: HTTP/1.1)
HTTP/1.1 200 OK
Content-Type: application/json; charset=utf-8
cache-control: no-cache
content-length: 14

15:51:13.200 [AsyncHttpClient-1-5] DEBUG org.asynchttpclient.netty.channel.ChannelManager - Adding key: http://localhost:57808 for channel [id: 0xd5fc859a, L:/127.0.0.1:56138 - R:localhost/127.0.0.1:57808]
15:51:13.262 [Forwarding screenshot on session 036eaf994596bf1051de0c56bb9964ff to remote] DEBUG org.asynchttpclient.netty.request.NettyRequestSender - Using pooled Channel '[id: 0xd5fc859a, L:/127.0.0.1:56138 - R:localhost/127.0.0.1:57808]' for 'GET' to 'http://localhost:57808/session/036eaf994596bf1051de0c56bb9964ff/screenshot'
15:51:13.267 [Forwarding screenshot on session 036eaf994596bf1051de0c56bb9964ff to remote] DEBUG org.asynchttpclient.netty.request.NettyRequestSender - Using open Channel [id: 0xd5fc859a, L:/127.0.0.1:56138 - R:localhost/127.0.0.1:57808] for GET '/session/036eaf994596bf1051de0c56bb9964ff/screenshot'
15:51:13.771 [AsyncHttpClient-1-5] DEBUG org.asynchttpclient.netty.handler.HttpHandler - 

Request DefaultFullHttpRequest(decodeResult: success, version: HTTP/1.1, content: EmptyByteBufBE)
GET /session/036eaf994596bf1051de0c56bb9964ff/screenshot HTTP/1.1
User-Agent: selenium/4.1.2 (java windows)
Cache-Control: no-cache
Content-Type: application/json; charset=utf-8
host: localhost:57808
accept: */*

Response DefaultHttpResponse(decodeResult: success, version: HTTP/1.1)
HTTP/1.1 200 OK
Content-Type: application/json; charset=utf-8
cache-control: no-cache
content-length: 32304

15:51:13.772 [AsyncHttpClient-1-5] DEBUG org.asynchttpclient.netty.channel.ChannelManager - Adding key: http://localhost:57808 for channel [id: 0xd5fc859a, L:/127.0.0.1:56138 - R:localhost/127.0.0.1:57808]
15:51:13.782 [main] DEBUG net.serenitybdd.core.photography.Darkroom - Send negative for processing for target\site\serenity\b657e2acaa4a279eb10eb49e4f353249f299183ee1de9d45c88e6e821ca01b27.png
15:51:13.783 [main] DEBUG net.thucydides.core.steps.StepInterceptor - STEP DONE: clickLoginButton
  &amp#27;[32mAnd &amp#27;[0m&amp#27;[32mClick login button&amp#27;[0m                      &amp#27;[90m# starter.stepdefinitions.LoginSteps.clickLoginButton()&amp#27;[0m
15:51:13.830 [Darkroom Processing Line] DEBUG net.serenitybdd.core.photography.DarkroomProcessingLine - Processing screenshot image in /var/screenshots/screenshot-18068049519110141692
15:51:13.830 [Darkroom Processing Line] DEBUG net.serenitybdd.core.photography.DarkroomProcessingLine - Saving screenshot to target\site\serenity\b657e2acaa4a279eb10eb49e4f353249f299183ee1de9d45c88e6e821ca01b27.png
15:51:13.916 [Forwarding screenshot on session 036eaf994596bf1051de0c56bb9964ff to remote] DEBUG org.asynchttpclient.netty.request.NettyRequestSender - Using pooled Channel '[id: 0xd5fc859a, L:/127.0.0.1:56138 - R:localhost/127.0.0.1:57808]' for 'GET' to 'http://localhost:57808/session/036eaf994596bf1051de0c56bb9964ff/screenshot'
15:51:13.916 [Forwarding screenshot on session 036eaf994596bf1051de0c56bb9964ff to remote] DEBUG org.asynchttpclient.netty.request.NettyRequestSender - Using open Channel [id: 0xd5fc859a, L:/127.0.0.1:56138 - R:localhost/127.0.0.1:57808] for GET '/session/036eaf994596bf1051de0c56bb9964ff/screenshot'
15:51:14.159 [AsyncHttpClient-1-5] DEBUG org.asynchttpclient.netty.handler.HttpHandler - 

Request DefaultFullHttpRequest(decodeResult: success, version: HTTP/1.1, content: EmptyByteBufBE)
GET /session/036eaf994596bf1051de0c56bb9964ff/screenshot HTTP/1.1
User-Agent: selenium/4.1.2 (java windows)
Cache-Control: no-cache
Content-Type: application/json; charset=utf-8
host: localhost:57808
accept: */*

Response DefaultHttpResponse(decodeResult: success, version: HTTP/1.1)
HTTP/1.1 200 OK
Content-Type: application/json; charset=utf-8
cache-control: no-cache
content-length: 37592

15:51:14.160 [AsyncHttpClient-1-5] DEBUG org.asynchttpclient.netty.channel.ChannelManager - Adding key: http://localhost:57808 for channel [id: 0xd5fc859a, L:/127.0.0.1:56138 - R:localhost/127.0.0.1:57808]
15:51:14.166 [main] DEBUG net.serenitybdd.core.photography.Darkroom - Send negative for processing for target\site\serenity\8033d067d985f387f39dd4c2e14adb451d8ed96b7ce454eaf3434aeb211d1fae.png
15:51:14.168 [Darkroom Processing Line] DEBUG net.serenitybdd.core.photography.DarkroomProcessingLine - Processing screenshot image in /var/screenshots/screenshot-4842052788626162635
15:51:14.169 [Darkroom Processing Line] DEBUG net.serenitybdd.core.photography.DarkroomProcessingLine - Saving screenshot to target\site\serenity\8033d067d985f387f39dd4c2e14adb451d8ed96b7ce454eaf3434aeb211d1fae.png
15:51:14.170 [main] DEBUG net.thucydides.core.steps.StepInterceptor - STARTING STEP: LoginSteps.iGet - errorMessageAppears
15:51:14.178 [Forwarding findElement on session 036eaf994596bf1051de0c56bb9964ff to remote] DEBUG org.asynchttpclient.netty.request.NettyRequestSender - Using pooled Channel '[id: 0xd5fc859a, L:/127.0.0.1:56138 - R:localhost/127.0.0.1:57808]' for 'POST' to 'http://localhost:57808/session/036eaf994596bf1051de0c56bb9964ff/element'
15:51:14.178 [Forwarding findElement on session 036eaf994596bf1051de0c56bb9964ff to remote] DEBUG org.asynchttpclient.netty.request.NettyRequestSender - Using open Channel [id: 0xd5fc859a, L:/127.0.0.1:56138 - R:localhost/127.0.0.1:57808] for POST '/session/036eaf994596bf1051de0c56bb9964ff/element'
15:51:14.184 [AsyncHttpClient-1-5] DEBUG org.asynchttpclient.netty.handler.HttpHandler - 

Request DefaultHttpRequest(decodeResult: success, version: HTTP/1.1)
POST /session/036eaf994596bf1051de0c56bb9964ff/element HTTP/1.1
User-Agent: selenium/4.1.2 (java windows)
Content-Length: 53
Content-Type: application/json; charset=utf-8
host: localhost:57808
accept: */*

Response DefaultHttpResponse(decodeResult: success, version: HTTP/1.1)
HTTP/1.1 400 Bad Request
Content-Type: application/json; charset=utf-8
cache-control: no-cache
content-length: 957

15:51:14.185 [AsyncHttpClient-1-5] DEBUG org.asynchttpclient.netty.channel.ChannelManager - Adding key: http://localhost:57808 for channel [id: 0xd5fc859a, L:/127.0.0.1:56138 - R:localhost/127.0.0.1:57808]
15:51:14.206 [Forwarding findElement on session 036eaf994596bf1051de0c56bb9964ff to remote] DEBUG org.asynchttpclient.netty.request.NettyRequestSender - Using pooled Channel '[id: 0xd5fc859a, L:/127.0.0.1:56138 - R:localhost/127.0.0.1:57808]' for 'POST' to 'http://localhost:57808/session/036eaf994596bf1051de0c56bb9964ff/element'
15:51:14.206 [Forwarding findElement on session 036eaf994596bf1051de0c56bb9964ff to remote] DEBUG org.asynchttpclient.netty.request.NettyRequestSender - Using open Channel [id: 0xd5fc859a, L:/127.0.0.1:56138 - R:localhost/127.0.0.1:57808] for POST '/session/036eaf994596bf1051de0c56bb9964ff/element'
15:51:14.209 [AsyncHttpClient-1-1] DEBUG org.asynchttpclient.netty.channel.DefaultChannelPool - Entry count for : http://localhost:56139 : 1
15:51:14.232 [AsyncHttpClient-1-5] DEBUG org.asynchttpclient.netty.handler.HttpHandler - 

Request DefaultHttpRequest(decodeResult: success, version: HTTP/1.1)
POST /session/036eaf994596bf1051de0c56bb9964ff/element HTTP/1.1
User-Agent: selenium/4.1.2 (java windows)
Content-Length: 63
Content-Type: application/json; charset=utf-8
host: localhost:57808
accept: */*

Response DefaultHttpResponse(decodeResult: success, version: HTTP/1.1)
HTTP/1.1 200 OK
Content-Type: application/json; charset=utf-8
cache-control: no-cache
content-length: 88

15:51:14.233 [AsyncHttpClient-1-5] DEBUG org.asynchttpclient.netty.channel.ChannelManager - Adding key: http://localhost:57808 for channel [id: 0xd5fc859a, L:/127.0.0.1:56138 - R:localhost/127.0.0.1:57808]
15:51:14.246 [Forwarding isElementDisplayed on session 036eaf994596bf1051de0c56bb9964ff to remote] DEBUG org.asynchttpclient.netty.request.NettyRequestSender - Using pooled Channel '[id: 0xd5fc859a, L:/127.0.0.1:56138 - R:localhost/127.0.0.1:57808]' for 'POST' to 'http://localhost:57808/session/036eaf994596bf1051de0c56bb9964ff/execute/sync'
15:51:14.246 [Forwarding isElementDisplayed on session 036eaf994596bf1051de0c56bb9964ff to remote] DEBUG org.asynchttpclient.netty.request.NettyRequestSender - Using open Channel [id: 0xd5fc859a, L:/127.0.0.1:56138 - R:localhost/127.0.0.1:57808] for POST '/session/036eaf994596bf1051de0c56bb9964ff/execute/sync'
15:51:14.280 [AsyncHttpClient-1-5] DEBUG org.asynchttpclient.netty.handler.HttpHandler - 

Request DefaultHttpRequest(decodeResult: success, version: HTTP/1.1)
POST /session/036eaf994596bf1051de0c56bb9964ff/execute/sync HTTP/1.1
User-Agent: selenium/4.1.2 (java windows)
Content-Length: 48780
Content-Type: application/json; charset=utf-8
host: localhost:57808
accept: */*

Response DefaultHttpResponse(decodeResult: success, version: HTTP/1.1)
HTTP/1.1 200 OK
Content-Type: application/json; charset=utf-8
cache-control: no-cache
content-length: 14

15:51:14.280 [AsyncHttpClient-1-5] DEBUG org.asynchttpclient.netty.channel.ChannelManager - Adding key: http://localhost:57808 for channel [id: 0xd5fc859a, L:/127.0.0.1:56138 - R:localhost/127.0.0.1:57808]
15:51:14.294 [Forwarding screenshot on session 036eaf994596bf1051de0c56bb9964ff to remote] DEBUG org.asynchttpclient.netty.request.NettyRequestSender - Using pooled Channel '[id: 0xd5fc859a, L:/127.0.0.1:56138 - R:localhost/127.0.0.1:57808]' for 'GET' to 'http://localhost:57808/session/036eaf994596bf1051de0c56bb9964ff/screenshot'
15:51:14.295 [Forwarding screenshot on session 036eaf994596bf1051de0c56bb9964ff to remote] DEBUG org.asynchttpclient.netty.request.NettyRequestSender - Using open Channel [id: 0xd5fc859a, L:/127.0.0.1:56138 - R:localhost/127.0.0.1:57808] for GET '/session/036eaf994596bf1051de0c56bb9964ff/screenshot'
15:51:14.496 [AsyncHttpClient-1-5] DEBUG org.asynchttpclient.netty.handler.HttpHandler - 

Request DefaultFullHttpRequest(decodeResult: success, version: HTTP/1.1, content: EmptyByteBufBE)
GET /session/036eaf994596bf1051de0c56bb9964ff/screenshot HTTP/1.1
User-Agent: selenium/4.1.2 (java windows)
Cache-Control: no-cache
Content-Type: application/json; charset=utf-8
host: localhost:57808
accept: */*

Response DefaultHttpResponse(decodeResult: success, version: HTTP/1.1)
HTTP/1.1 200 OK
Content-Type: application/json; charset=utf-8
cache-control: no-cache
content-length: 37592

15:51:14.497 [AsyncHttpClient-1-5] DEBUG org.asynchttpclient.netty.channel.ChannelManager - Adding key: http://localhost:57808 for channel [id: 0xd5fc859a, L:/127.0.0.1:56138 - R:localhost/127.0.0.1:57808]
15:51:14.507 [main] DEBUG net.serenitybdd.core.photography.Darkroom - Send negative for processing for target\site\serenity\8033d067d985f387f39dd4c2e14adb451d8ed96b7ce454eaf3434aeb211d1fae.png
15:51:14.507 [main] DEBUG net.thucydides.core.steps.StepInterceptor - STEP DONE: errorMessageAppears
15:51:14.519 [main] DEBUG net.thucydides.core.steps.StepInterceptor - STARTING STEP: LoginSteps.iGet - errorMessageEquals
15:51:14.528 [Forwarding findElement on session 036eaf994596bf1051de0c56bb9964ff to remote] DEBUG org.asynchttpclient.netty.request.NettyRequestSender - Using pooled Channel '[id: 0xd5fc859a, L:/127.0.0.1:56138 - R:localhost/127.0.0.1:57808]' for 'POST' to 'http://localhost:57808/session/036eaf994596bf1051de0c56bb9964ff/element'
15:51:14.529 [Forwarding findElement on session 036eaf994596bf1051de0c56bb9964ff to remote] DEBUG org.asynchttpclient.netty.request.NettyRequestSender - Using open Channel [id: 0xd5fc859a, L:/127.0.0.1:56138 - R:localhost/127.0.0.1:57808] for POST '/session/036eaf994596bf1051de0c56bb9964ff/element'
15:51:14.544 [AsyncHttpClient-1-5] DEBUG org.asynchttpclient.netty.handler.HttpHandler - 

Request DefaultHttpRequest(decodeResult: success, version: HTTP/1.1)
POST /session/036eaf994596bf1051de0c56bb9964ff/element HTTP/1.1
User-Agent: selenium/4.1.2 (java windows)
Content-Length: 63
Content-Type: application/json; charset=utf-8
host: localhost:57808
accept: */*

Response DefaultHttpResponse(decodeResult: success, version: HTTP/1.1)
HTTP/1.1 200 OK
Content-Type: application/json; charset=utf-8
cache-control: no-cache
content-length: 88

15:51:14.545 [AsyncHttpClient-1-5] DEBUG org.asynchttpclient.netty.channel.ChannelManager - Adding key: http://localhost:57808 for channel [id: 0xd5fc859a, L:/127.0.0.1:56138 - R:localhost/127.0.0.1:57808]
15:51:14.550 [Forwarding getElementText on session 036eaf994596bf1051de0c56bb9964ff to remote] DEBUG org.asynchttpclient.netty.request.NettyRequestSender - Using pooled Channel '[id: 0xd5fc859a, L:/127.0.0.1:56138 - R:localhost/127.0.0.1:57808]' for 'GET' to 'http://localhost:57808/session/036eaf994596bf1051de0c56bb9964ff/element/982606ba-485e-4b2d-89cf-e354096f25da/text'
15:51:14.550 [Forwarding getElementText on session 036eaf994596bf1051de0c56bb9964ff to remote] DEBUG org.asynchttpclient.netty.request.NettyRequestSender - Using open Channel [id: 0xd5fc859a, L:/127.0.0.1:56138 - R:localhost/127.0.0.1:57808] for GET '/session/036eaf994596bf1051de0c56bb9964ff/element/982606ba-485e-4b2d-89cf-e354096f25da/text'
15:51:14.580 [AsyncHttpClient-1-5] DEBUG org.asynchttpclient.netty.handler.HttpHandler - 

Request DefaultFullHttpRequest(decodeResult: success, version: HTTP/1.1, content: EmptyByteBufBE)
GET /session/036eaf994596bf1051de0c56bb9964ff/element/982606ba-485e-4b2d-89cf-e354096f25da/text HTTP/1.1
User-Agent: selenium/4.1.2 (java windows)
Cache-Control: no-cache
Content-Type: application/json; charset=utf-8
host: localhost:57808
accept: */*

Response DefaultHttpResponse(decodeResult: success, version: HTTP/1.1)
HTTP/1.1 200 OK
Content-Type: application/json; charset=utf-8
cache-control: no-cache
content-length: 28

15:51:14.580 [AsyncHttpClient-1-5] DEBUG org.asynchttpclient.netty.channel.ChannelManager - Adding key: http://localhost:57808 for channel [id: 0xd5fc859a, L:/127.0.0.1:56138 - R:localhost/127.0.0.1:57808]
15:51:14.606 [Forwarding screenshot on session 036eaf994596bf1051de0c56bb9964ff to remote] DEBUG org.asynchttpclient.netty.request.NettyRequestSender - Using pooled Channel '[id: 0xd5fc859a, L:/127.0.0.1:56138 - R:localhost/127.0.0.1:57808]' for 'GET' to 'http://localhost:57808/session/036eaf994596bf1051de0c56bb9964ff/screenshot'
15:51:14.606 [Forwarding screenshot on session 036eaf994596bf1051de0c56bb9964ff to remote] DEBUG org.asynchttpclient.netty.request.NettyRequestSender - Using open Channel [id: 0xd5fc859a, L:/127.0.0.1:56138 - R:localhost/127.0.0.1:57808] for GET '/session/036eaf994596bf1051de0c56bb9964ff/screenshot'
15:51:14.788 [AsyncHttpClient-1-5] DEBUG org.asynchttpclient.netty.handler.HttpHandler - 

Request DefaultFullHttpRequest(decodeResult: success, version: HTTP/1.1, content: EmptyByteBufBE)
GET /session/036eaf994596bf1051de0c56bb9964ff/screenshot HTTP/1.1
User-Agent: selenium/4.1.2 (java windows)
Cache-Control: no-cache
Content-Type: application/json; charset=utf-8
host: localhost:57808
accept: */*

Response DefaultHttpResponse(decodeResult: success, version: HTTP/1.1)
HTTP/1.1 200 OK
Content-Type: application/json; charset=utf-8
cache-control: no-cache
content-length: 37592

15:51:14.790 [AsyncHttpClient-1-5] DEBUG org.asynchttpclient.netty.channel.ChannelManager - Adding key: http://localhost:57808 for channel [id: 0xd5fc859a, L:/127.0.0.1:56138 - R:localhost/127.0.0.1:57808]
15:51:14.796 [main] DEBUG net.serenitybdd.core.photography.Darkroom - Send negative for processing for target\site\serenity\8033d067d985f387f39dd4c2e14adb451d8ed96b7ce454eaf3434aeb211d1fae.png
15:51:14.797 [main] DEBUG net.thucydides.core.steps.StepInterceptor - STEP DONE: errorMessageEquals
  &amp#27;[32mThen &amp#27;[0m&amp#27;[32mI get &amp#27;[0m&amp#27;[32m&amp#27;[1m"Alert symbol: record not found"&amp#27;[0m &amp#27;[90m# starter.stepdefinitions.LoginSteps.iGet(java.lang.String)&amp#27;[0m
15:51:14.829 [AsyncHttpClient-1-3] DEBUG org.asynchttpclient.netty.handler.WebSocketHandler - Channel Closed: [id: 0x42628d24, L:/127.0.0.1:56147 ! R:localhost/127.0.0.1:56139] with attribute NettyResponseFuture{currentRetry=5,
	isDone=1,
	isCancelled=0,
	asyncHandler=org.asynchttpclient.ws.WebSocketUpgradeHandler@5376ba1,
	nettyRequest=org.asynchttpclient.netty.request.NettyRequest@76494a45,
	future=java.util.concurrent.CompletableFuture@69c5d24a[Completed normally],
	uri=ws://localhost:56139/devtools/browser/bfbc5d7f-c614-42ff-9052-cc0947d59cac,
	keepAlive=true,
	redirectCount=0,
	timeoutsHolder=null,
	inAuth=0,
	touch=1652863865165}
15:51:14.829 [AsyncHttpClient-1-3] DEBUG org.asynchttpclient.netty.channel.ChannelManager - Closing Channel [id: 0x42628d24, L:/127.0.0.1:56147 ! R:localhost/127.0.0.1:56139] 
15:51:14.846 [Driver Command Executor] DEBUG org.asynchttpclient.netty.request.NettyRequestSender - Using pooled Channel '[id: 0xd5fc859a, L:/127.0.0.1:56138 - R:localhost/127.0.0.1:57808]' for 'DELETE' to 'http://localhost:57808/session/036eaf994596bf1051de0c56bb9964ff'
15:51:14.846 [Driver Command Executor] DEBUG org.asynchttpclient.netty.request.NettyRequestSender - Using open Channel [id: 0xd5fc859a, L:/127.0.0.1:56138 - R:localhost/127.0.0.1:57808] for DELETE '/session/036eaf994596bf1051de0c56bb9964ff'
15:51:15.150 [AsyncHttpClient-1-2] DEBUG org.asynchttpclient.netty.handler.HttpHandler - Unexpected I/O exception on channel [id: 0xa9cd8f20, L:/127.0.0.1:56146 - R:localhost/127.0.0.1:56139]
java.net.SocketException: Connection reset
	at java.base/sun.nio.ch.SocketChannelImpl.throwConnectionReset(SocketChannelImpl.java:367)
	at java.base/sun.nio.ch.SocketChannelImpl.read(SocketChannelImpl.java:398)
	at io.netty.buffer.PooledByteBuf.setBytes(PooledByteBuf.java:258)
	at io.netty.buffer.AbstractByteBuf.writeBytes(AbstractByteBuf.java:1132)
	at io.netty.channel.socket.nio.NioSocketChannel.doReadBytes(NioSocketChannel.java:350)
	at io.netty.channel.nio.AbstractNioByteChannel$NioByteUnsafe.read(AbstractNioByteChannel.java:151)
	at io.netty.channel.nio.NioEventLoop.processSelectedKey(NioEventLoop.java:722)
	at io.netty.channel.nio.NioEventLoop.processSelectedKeysOptimized(NioEventLoop.java:658)
	at io.netty.channel.nio.NioEventLoop.processSelectedKeys(NioEventLoop.java:584)
	at io.netty.channel.nio.NioEventLoop.run(NioEventLoop.java:496)
	at io.netty.util.concurrent.SingleThreadEventExecutor$4.run(SingleThreadEventExecutor.java:986)
	at io.netty.util.internal.ThreadExecutorMap$2.run(ThreadExecutorMap.java:74)
	at io.netty.util.concurrent.FastThreadLocalRunnable.run(FastThreadLocalRunnable.java:30)
	at java.base/java.lang.Thread.run(Thread.java:832)
15:51:15.151 [AsyncHttpClient-1-2] DEBUG org.asynchttpclient.netty.channel.ChannelManager - Closing Channel [id: 0xa9cd8f20, L:/127.0.0.1:56146 - R:localhost/127.0.0.1:56139] 
15:51:15.151 [AsyncHttpClient-1-2] DEBUG org.asynchttpclient.netty.handler.HttpHandler - Channel Closed: [id: 0xa9cd8f20, L:/127.0.0.1:56146 ! R:localhost/127.0.0.1:56139] with attribute DISCARD
15:51:15.183 [AsyncHttpClient-1-5] DEBUG org.asynchttpclient.netty.handler.HttpHandler - 

Request DefaultFullHttpRequest(decodeResult: success, version: HTTP/1.1, content: EmptyByteBufBE)
DELETE /session/036eaf994596bf1051de0c56bb9964ff HTTP/1.1
User-Agent: selenium/4.1.2 (java windows)
Content-Type: application/json; charset=utf-8
host: localhost:57808
accept: */*

Response DefaultHttpResponse(decodeResult: success, version: HTTP/1.1)
HTTP/1.1 200 OK
Content-Type: application/json; charset=utf-8
cache-control: no-cache
content-length: 14

15:51:15.184 [AsyncHttpClient-1-5] DEBUG org.asynchttpclient.netty.channel.ChannelManager - Adding key: http://localhost:57808 for channel [id: 0xd5fc859a, L:/127.0.0.1:56138 - R:localhost/127.0.0.1:57808]
15:51:15.265 [AsyncHttpClient-1-1] DEBUG org.asynchttpclient.netty.channel.DefaultChannelPool - Entry count for : http://localhost:57808 : 1
15:51:15.265 [AsyncHttpClient-1-1] DEBUG org.asynchttpclient.netty.channel.DefaultChannelPool - Entry count for : http://localhost:56139 : 1
15:51:15.266 [AsyncHttpClient-1-1] DEBUG org.asynchttpclient.netty.channel.DefaultChannelPool - Adding Candidate expired Channel [id: 0xa9cd8f20, L:/127.0.0.1:56146 ! R:localhost/127.0.0.1:56139] isIdleTimeoutExpired=false isRemotelyClosed=true isTtlExpired=false
15:51:15.266 [AsyncHttpClient-1-1] DEBUG org.asynchttpclient.netty.channel.DefaultChannelPool - Closing Idle Channel [id: 0xa9cd8f20, L:/127.0.0.1:56146 ! R:localhost/127.0.0.1:56139]
15:51:15.266 [AsyncHttpClient-1-1] DEBUG org.asynchttpclient.netty.channel.DefaultChannelPool - Closed 1 connections out of 2 in 0 ms
15:51:15.669 [AsyncHttpClient-1-5] DEBUG org.asynchttpclient.netty.handler.HttpHandler - Channel Closed: [id: 0xd5fc859a, L:/127.0.0.1:56138 ! R:localhost/127.0.0.1:57808] with attribute DISCARD
15:51:16.202 [main] INFO  - 
  _____   ___   ___   _____     ___     _     ___   ___   ___   ___  
 |_   _| | __| / __| |_   _|   | _ \   /_\   / __| / __| | __| |   \ 
   | |   | _|  \__ \   | |     |  _/  / _ \  \__ \ \__ \ | _|  | |) |
   |_|   |___| |___/   |_|     |_|   /_/ \_\ |___/ |___/ |___| |___/ 

Login
----------------------------------------------------------------------
]]></system-out>
    <system-err><![CDATA[Starting ChromeDriver 100.0.4896.60 (6a5d10861ce8de5fce22564658033b43cb7de047-refs/branch-heads/4896@{#875}) on port 57808
Only local connections are allowed.
Please see https://chromedriver.chromium.org/security-considerations for suggestions on keeping ChromeDriver safe.
ChromeDriver was started successfully.
[1652863864.598][WARNING]: This version of ChromeDriver has not been tested with Chrome version 101.
May 18, 2022 3:51:05 PM org.openqa.selenium.remote.ProtocolHandshake createSession
INFO: Detected dialect: W3C
May 18, 2022 3:51:05 PM org.openqa.selenium.devtools.CdpVersionFinder findNearestMatch
WARNING: Unable to find an exact match for CDP version 101, so returning the closest version found: 97
May 18, 2022 3:51:05 PM org.openqa.selenium.devtools.CdpVersionFinder findNearestMatch
INFO: Found CDP implementation for version 101 of 97
]]></system-err>
  </testcase>
  <testcase name="Login #3" classname="Login" time="12.46">
    <system-out><![CDATA[
Scenario Outline: Login                            &amp#27;[90m# src/test/resources/features/Login.feature:17&amp#27;[0m
15:51:16.246 [main] INFO io.cucumber.core.plugin.SerenityReporter - Running feature from file:///C:/Users/ponda/Documents/Final_Project/Final_Web/src/test/resources/features/Login.feature
15:51:16.344 [main] DEBUG net.thucydides.core.steps.StepInterceptor - STARTING STEP: LoginSteps.iAmOnQaAltaIdLoginPage - openUrl
15:51:16.348 [main] INFO net.serenitybdd.core.webdriver.driverproviders.ChromeDriverProvider - Using automatically driver download
15:51:16.397 [AsyncHttpClient-1-1] DEBUG org.asynchttpclient.netty.channel.DefaultChannelPool - Entry count for : http://localhost:57808 : 1
15:51:16.398 [AsyncHttpClient-1-1] DEBUG org.asynchttpclient.netty.channel.DefaultChannelPool - Adding Candidate expired Channel [id: 0xd5fc859a, L:/127.0.0.1:56138 ! R:localhost/127.0.0.1:57808] isIdleTimeoutExpired=false isRemotelyClosed=true isTtlExpired=false
15:51:16.398 [AsyncHttpClient-1-1] DEBUG org.asynchttpclient.netty.channel.DefaultChannelPool - Closing Idle Channel [id: 0xd5fc859a, L:/127.0.0.1:56138 ! R:localhost/127.0.0.1:57808]
15:51:16.398 [AsyncHttpClient-1-1] DEBUG org.asynchttpclient.netty.channel.DefaultChannelPool - Closed 1 connections out of 1 in 0 ms
15:51:16.719 [main] DEBUG io.github.bonigarcia.wdm.cache.ResolutionCache - Resolution chrome=101 in cache (valid until 16:36:25 18/05/2022 WIB)
15:51:16.734 [main] DEBUG io.github.bonigarcia.wdm.cache.ResolutionCache - Resolution chrome101=101.0.4951.41 in cache (valid until 16:04:06 18/05/2022 WIB)
15:51:16.740 [main] INFO io.github.bonigarcia.wdm.WebDriverManager - Using chromedriver 101.0.4951.41 (resolved driver for Chrome 101)
15:51:16.805 [main] DEBUG io.github.bonigarcia.wdm.WebDriverManager - Driver chromedriver 101.0.4951.41 found in cache
15:51:16.808 [main] INFO io.github.bonigarcia.wdm.WebDriverManager - Exporting webdriver.chrome.driver as C:\Users\ponda\.cache\selenium\chromedriver\win32\101.0.4951.41\chromedriver.exe
15:51:17.179 [main] DEBUG net.serenitybdd.core.webdriver.driverproviders.ProvideNewDriver - Instantiating driver
15:51:17.179 [main] DEBUG net.serenitybdd.core.webdriver.driverproviders.ProvideNewDriver - Driver capabilities: Capabilities {acceptInsecureCerts: false, base.url: https://qa.alta.id, browserName: chrome, chrome.driver: src/test/resources/webdrive..., driver: chrome, goog:chromeOptions: {args: [], extensions: []}}
15:51:17.765 [AsyncHttpClient-1-4] DEBUG org.asynchttpclient.netty.channel.NettyConnectListener - Using new Channel '[id: 0x1952739e, L:/127.0.0.1:56170 - R:localhost/127.0.0.1:59844]' for 'POST' to '/session'
15:51:19.933 [AsyncHttpClient-1-4] DEBUG org.asynchttpclient.netty.handler.HttpHandler - 

Request DefaultHttpRequest(decodeResult: success, version: HTTP/1.1)
POST /session HTTP/1.1
User-Agent: selenium/4.1.2 (java windows)
Content-Length: 599
Content-Type: application/json; charset=utf-8
host: localhost:59844
accept: */*

Response DefaultHttpResponse(decodeResult: success, version: HTTP/1.1)
HTTP/1.1 200 OK
Content-Type: application/json; charset=utf-8
cache-control: no-cache
content-length: 789

15:51:19.934 [AsyncHttpClient-1-4] DEBUG org.asynchttpclient.netty.channel.ChannelManager - Adding key: http://localhost:59844 for channel [id: 0x1952739e, L:/127.0.0.1:56170 - R:localhost/127.0.0.1:59844]
15:51:19.974 [AsyncHttpClient-1-5] DEBUG org.asynchttpclient.netty.channel.NettyConnectListener - Using new Channel '[id: 0xa89bd6c0, L:/127.0.0.1:56178 - R:localhost/127.0.0.1:56171]' for 'GET' to '/json/version'
15:51:19.978 [AsyncHttpClient-1-5] DEBUG org.asynchttpclient.netty.handler.HttpHandler - 

Request DefaultFullHttpRequest(decodeResult: success, version: HTTP/1.1, content: EmptyByteBufBE)
GET /json/version HTTP/1.1
User-Agent: selenium/4.1.2 (java windows)
host: localhost:56171
accept: */*

Response DefaultHttpResponse(decodeResult: success, version: HTTP/1.1)
HTTP/1.1 200 OK
Content-Type: application/json; charset=UTF-8
content-length: 427

15:51:19.978 [AsyncHttpClient-1-5] DEBUG org.asynchttpclient.netty.channel.ChannelManager - Adding key: http://localhost:56171 for channel [id: 0xa89bd6c0, L:/127.0.0.1:56178 - R:localhost/127.0.0.1:56171]
15:51:19.993 [AsyncHttpClient-1-2] DEBUG org.asynchttpclient.netty.channel.NettyConnectListener - Using new Channel '[id: 0x4c8cfdb3, L:/127.0.0.1:56179 - R:localhost/127.0.0.1:56171]' for 'GET' to '/devtools/browser/0cdd9ffe-d682-406b-a2fb-eccac0ea7737'
15:51:19.995 [AsyncHttpClient-1-2] DEBUG org.asynchttpclient.netty.handler.WebSocketHandler - 

Request DefaultFullHttpRequest(decodeResult: success, version: HTTP/1.1, content: EmptyByteBufBE)
GET /devtools/browser/0cdd9ffe-d682-406b-a2fb-eccac0ea7737 HTTP/1.1
upgrade: websocket
connection: upgrade
sec-websocket-key: PsUOvJ8IEj2hzqSBzUK0+g==
sec-websocket-version: 13
origin: http://localhost:56171
host: localhost:56171
accept: */*
user-agent: AHC/2.1

Response DefaultHttpResponse(decodeResult: success, version: HTTP/1.1)
HTTP/1.1 101 WebSocket Protocol Handshake
Upgrade: WebSocket
Connection: Upgrade
Sec-WebSocket-Accept: XJNPMGn07NkKL+sfg5LssE5lVl4=

15:51:20.116 [Forwarding maximizeCurrentWindow on session a4f947ae8295c692e6639f8096600d41 to remote] DEBUG org.asynchttpclient.netty.request.NettyRequestSender - Using pooled Channel '[id: 0x1952739e, L:/127.0.0.1:56170 - R:localhost/127.0.0.1:59844]' for 'POST' to 'http://localhost:59844/session/a4f947ae8295c692e6639f8096600d41/window/maximize'
15:51:20.117 [Forwarding maximizeCurrentWindow on session a4f947ae8295c692e6639f8096600d41 to remote] DEBUG org.asynchttpclient.netty.request.NettyRequestSender - Using open Channel [id: 0x1952739e, L:/127.0.0.1:56170 - R:localhost/127.0.0.1:59844] for POST '/session/a4f947ae8295c692e6639f8096600d41/window/maximize'
15:51:20.470 [AsyncHttpClient-1-4] DEBUG org.asynchttpclient.netty.handler.HttpHandler - 

Request DefaultHttpRequest(decodeResult: success, version: HTTP/1.1)
POST /session/a4f947ae8295c692e6639f8096600d41/window/maximize HTTP/1.1
User-Agent: selenium/4.1.2 (java windows)
Content-Length: 3
Content-Type: application/json; charset=utf-8
host: localhost:59844
accept: */*

Response DefaultHttpResponse(decodeResult: success, version: HTTP/1.1)
HTTP/1.1 200 OK
Content-Type: application/json; charset=utf-8
cache-control: no-cache
content-length: 51

15:51:20.471 [AsyncHttpClient-1-4] DEBUG org.asynchttpclient.netty.channel.ChannelManager - Adding key: http://localhost:59844 for channel [id: 0x1952739e, L:/127.0.0.1:56170 - R:localhost/127.0.0.1:59844]
15:51:20.477 [Forwarding get on session a4f947ae8295c692e6639f8096600d41 to remote] DEBUG org.asynchttpclient.netty.request.NettyRequestSender - Using pooled Channel '[id: 0x1952739e, L:/127.0.0.1:56170 - R:localhost/127.0.0.1:59844]' for 'POST' to 'http://localhost:59844/session/a4f947ae8295c692e6639f8096600d41/url'
15:51:20.477 [Forwarding get on session a4f947ae8295c692e6639f8096600d41 to remote] DEBUG org.asynchttpclient.netty.request.NettyRequestSender - Using open Channel [id: 0x1952739e, L:/127.0.0.1:56170 - R:localhost/127.0.0.1:59844] for POST '/session/a4f947ae8295c692e6639f8096600d41/url'
15:51:20.818 [AsyncHttpClient-1-1] DEBUG org.asynchttpclient.netty.channel.DefaultChannelPool - Entry count for : http://localhost:56171 : 1
15:51:21.859 [AsyncHttpClient-1-1] DEBUG org.asynchttpclient.netty.channel.DefaultChannelPool - Entry count for : http://localhost:56171 : 1
15:51:22.974 [AsyncHttpClient-1-1] DEBUG org.asynchttpclient.netty.channel.DefaultChannelPool - Entry count for : http://localhost:56171 : 1
15:51:23.354 [AsyncHttpClient-1-4] DEBUG org.asynchttpclient.netty.handler.HttpHandler - 

Request DefaultHttpRequest(decodeResult: success, version: HTTP/1.1)
POST /session/a4f947ae8295c692e6639f8096600d41/url HTTP/1.1
User-Agent: selenium/4.1.2 (java windows)
Content-Length: 64
Content-Type: application/json; charset=utf-8
host: localhost:59844
accept: */*

Response DefaultHttpResponse(decodeResult: success, version: HTTP/1.1)
HTTP/1.1 200 OK
Content-Type: application/json; charset=utf-8
cache-control: no-cache
content-length: 14

15:51:23.354 [AsyncHttpClient-1-4] DEBUG org.asynchttpclient.netty.channel.ChannelManager - Adding key: http://localhost:59844 for channel [id: 0x1952739e, L:/127.0.0.1:56170 - R:localhost/127.0.0.1:59844]
15:51:23.362 [Forwarding setTimeout on session a4f947ae8295c692e6639f8096600d41 to remote] DEBUG org.asynchttpclient.netty.request.NettyRequestSender - Using pooled Channel '[id: 0x1952739e, L:/127.0.0.1:56170 - R:localhost/127.0.0.1:59844]' for 'POST' to 'http://localhost:59844/session/a4f947ae8295c692e6639f8096600d41/timeouts'
15:51:23.363 [Forwarding setTimeout on session a4f947ae8295c692e6639f8096600d41 to remote] DEBUG org.asynchttpclient.netty.request.NettyRequestSender - Using open Channel [id: 0x1952739e, L:/127.0.0.1:56170 - R:localhost/127.0.0.1:59844] for POST '/session/a4f947ae8295c692e6639f8096600d41/timeouts'
15:51:23.369 [AsyncHttpClient-1-4] DEBUG org.asynchttpclient.netty.handler.HttpHandler - 

Request DefaultHttpRequest(decodeResult: success, version: HTTP/1.1)
POST /session/a4f947ae8295c692e6639f8096600d41/timeouts HTTP/1.1
User-Agent: selenium/4.1.2 (java windows)
Content-Length: 22
Content-Type: application/json; charset=utf-8
host: localhost:59844
accept: */*

Response DefaultHttpResponse(decodeResult: success, version: HTTP/1.1)
HTTP/1.1 200 OK
Content-Type: application/json; charset=utf-8
cache-control: no-cache
content-length: 14

15:51:23.370 [AsyncHttpClient-1-4] DEBUG org.asynchttpclient.netty.channel.ChannelManager - Adding key: http://localhost:59844 for channel [id: 0x1952739e, L:/127.0.0.1:56170 - R:localhost/127.0.0.1:59844]
15:51:23.381 [Forwarding getCurrentUrl on session a4f947ae8295c692e6639f8096600d41 to remote] DEBUG org.asynchttpclient.netty.request.NettyRequestSender - Using pooled Channel '[id: 0x1952739e, L:/127.0.0.1:56170 - R:localhost/127.0.0.1:59844]' for 'GET' to 'http://localhost:59844/session/a4f947ae8295c692e6639f8096600d41/url'
15:51:23.381 [Forwarding getCurrentUrl on session a4f947ae8295c692e6639f8096600d41 to remote] DEBUG org.asynchttpclient.netty.request.NettyRequestSender - Using open Channel [id: 0x1952739e, L:/127.0.0.1:56170 - R:localhost/127.0.0.1:59844] for GET '/session/a4f947ae8295c692e6639f8096600d41/url'
15:51:23.393 [AsyncHttpClient-1-4] DEBUG org.asynchttpclient.netty.handler.HttpHandler - 

Request DefaultFullHttpRequest(decodeResult: success, version: HTTP/1.1, content: EmptyByteBufBE)
GET /session/a4f947ae8295c692e6639f8096600d41/url HTTP/1.1
User-Agent: selenium/4.1.2 (java windows)
Cache-Control: no-cache
Content-Type: application/json; charset=utf-8
host: localhost:59844
accept: */*

Response DefaultHttpResponse(decodeResult: success, version: HTTP/1.1)
HTTP/1.1 200 OK
Content-Type: application/json; charset=utf-8
cache-control: no-cache
content-length: 41

15:51:23.394 [AsyncHttpClient-1-4] DEBUG org.asynchttpclient.netty.channel.ChannelManager - Adding key: http://localhost:59844 for channel [id: 0x1952739e, L:/127.0.0.1:56170 - R:localhost/127.0.0.1:59844]
15:51:23.411 [Forwarding screenshot on session a4f947ae8295c692e6639f8096600d41 to remote] DEBUG org.asynchttpclient.netty.request.NettyRequestSender - Using pooled Channel '[id: 0x1952739e, L:/127.0.0.1:56170 - R:localhost/127.0.0.1:59844]' for 'GET' to 'http://localhost:59844/session/a4f947ae8295c692e6639f8096600d41/screenshot'
15:51:23.412 [Forwarding screenshot on session a4f947ae8295c692e6639f8096600d41 to remote] DEBUG org.asynchttpclient.netty.request.NettyRequestSender - Using open Channel [id: 0x1952739e, L:/127.0.0.1:56170 - R:localhost/127.0.0.1:59844] for GET '/session/a4f947ae8295c692e6639f8096600d41/screenshot'
15:51:23.742 [AsyncHttpClient-1-4] DEBUG org.asynchttpclient.netty.handler.HttpHandler - 

Request DefaultFullHttpRequest(decodeResult: success, version: HTTP/1.1, content: EmptyByteBufBE)
GET /session/a4f947ae8295c692e6639f8096600d41/screenshot HTTP/1.1
User-Agent: selenium/4.1.2 (java windows)
Cache-Control: no-cache
Content-Type: application/json; charset=utf-8
host: localhost:59844
accept: */*

Response DefaultHttpResponse(decodeResult: success, version: HTTP/1.1)
HTTP/1.1 200 OK
Content-Type: application/json; charset=utf-8
cache-control: no-cache
content-length: 25384

15:51:23.743 [AsyncHttpClient-1-4] DEBUG org.asynchttpclient.netty.channel.ChannelManager - Adding key: http://localhost:59844 for channel [id: 0x1952739e, L:/127.0.0.1:56170 - R:localhost/127.0.0.1:59844]
15:51:23.746 [main] DEBUG net.serenitybdd.core.photography.Darkroom - Send negative for processing for target\site\serenity\49a3ec3fe6e588bb357024d38ea075b8250cb5f32bd132770e4d40bc98d606c0.png
15:51:23.748 [main] DEBUG net.thucydides.core.steps.StepInterceptor - STEP DONE: openUrl
  &amp#27;[32mGiven &amp#27;[0m&amp#27;[32mI am on qa.alta.id login page&amp#27;[0m              &amp#27;[90m# starter.stepdefinitions.LoginSteps.iAmOnQaAltaIdLoginPage()&amp#27;[0m
15:51:23.784 [main] DEBUG net.thucydides.core.steps.StepInterceptor - STARTING STEP: LoginSteps.inputEmail - inputEmail
15:51:23.791 [Forwarding findElement on session a4f947ae8295c692e6639f8096600d41 to remote] DEBUG org.asynchttpclient.netty.request.NettyRequestSender - Using pooled Channel '[id: 0x1952739e, L:/127.0.0.1:56170 - R:localhost/127.0.0.1:59844]' for 'POST' to 'http://localhost:59844/session/a4f947ae8295c692e6639f8096600d41/element'
15:51:23.791 [Forwarding findElement on session a4f947ae8295c692e6639f8096600d41 to remote] DEBUG org.asynchttpclient.netty.request.NettyRequestSender - Using open Channel [id: 0x1952739e, L:/127.0.0.1:56170 - R:localhost/127.0.0.1:59844] for POST '/session/a4f947ae8295c692e6639f8096600d41/element'
15:51:23.819 [AsyncHttpClient-1-4] DEBUG org.asynchttpclient.netty.handler.HttpHandler - 

Request DefaultHttpRequest(decodeResult: success, version: HTTP/1.1)
POST /session/a4f947ae8295c692e6639f8096600d41/element HTTP/1.1
User-Agent: selenium/4.1.2 (java windows)
Content-Length: 86
Content-Type: application/json; charset=utf-8
host: localhost:59844
accept: */*

Response DefaultHttpResponse(decodeResult: success, version: HTTP/1.1)
HTTP/1.1 200 OK
Content-Type: application/json; charset=utf-8
cache-control: no-cache
content-length: 88

15:51:23.822 [AsyncHttpClient-1-4] DEBUG org.asynchttpclient.netty.channel.ChannelManager - Adding key: http://localhost:59844 for channel [id: 0x1952739e, L:/127.0.0.1:56170 - R:localhost/127.0.0.1:59844]
15:51:23.826 [Forwarding clearElement on session a4f947ae8295c692e6639f8096600d41 to remote] DEBUG org.asynchttpclient.netty.request.NettyRequestSender - Using pooled Channel '[id: 0x1952739e, L:/127.0.0.1:56170 - R:localhost/127.0.0.1:59844]' for 'POST' to 'http://localhost:59844/session/a4f947ae8295c692e6639f8096600d41/element/1e562095-21eb-421e-bc46-5fbf619dfceb/clear'
15:51:23.826 [Forwarding clearElement on session a4f947ae8295c692e6639f8096600d41 to remote] DEBUG org.asynchttpclient.netty.request.NettyRequestSender - Using open Channel [id: 0x1952739e, L:/127.0.0.1:56170 - R:localhost/127.0.0.1:59844] for POST '/session/a4f947ae8295c692e6639f8096600d41/element/1e562095-21eb-421e-bc46-5fbf619dfceb/clear'
15:51:23.906 [AsyncHttpClient-1-4] DEBUG org.asynchttpclient.netty.handler.HttpHandler - 

Request DefaultHttpRequest(decodeResult: success, version: HTTP/1.1)
POST /session/a4f947ae8295c692e6639f8096600d41/element/1e562095-21eb-421e-bc46-5fbf619dfceb/clear HTTP/1.1
User-Agent: selenium/4.1.2 (java windows)
Content-Length: 50
Content-Type: application/json; charset=utf-8
host: localhost:59844
accept: */*

Response DefaultHttpResponse(decodeResult: success, version: HTTP/1.1)
HTTP/1.1 200 OK
Content-Type: application/json; charset=utf-8
cache-control: no-cache
content-length: 14

15:51:23.907 [AsyncHttpClient-1-4] DEBUG org.asynchttpclient.netty.channel.ChannelManager - Adding key: http://localhost:59844 for channel [id: 0x1952739e, L:/127.0.0.1:56170 - R:localhost/127.0.0.1:59844]
15:51:23.912 [Forwarding sendKeysToElement on session a4f947ae8295c692e6639f8096600d41 to remote] DEBUG org.asynchttpclient.netty.request.NettyRequestSender - Using pooled Channel '[id: 0x1952739e, L:/127.0.0.1:56170 - R:localhost/127.0.0.1:59844]' for 'POST' to 'http://localhost:59844/session/a4f947ae8295c692e6639f8096600d41/element/1e562095-21eb-421e-bc46-5fbf619dfceb/value'
15:51:23.912 [Forwarding sendKeysToElement on session a4f947ae8295c692e6639f8096600d41 to remote] DEBUG org.asynchttpclient.netty.request.NettyRequestSender - Using open Channel [id: 0x1952739e, L:/127.0.0.1:56170 - R:localhost/127.0.0.1:59844] for POST '/session/a4f947ae8295c692e6639f8096600d41/element/1e562095-21eb-421e-bc46-5fbf619dfceb/value'
15:51:24.072 [AsyncHttpClient-1-1] DEBUG org.asynchttpclient.netty.channel.DefaultChannelPool - Entry count for : http://localhost:56171 : 1
15:51:24.454 [AsyncHttpClient-1-4] DEBUG org.asynchttpclient.netty.handler.HttpHandler - 

Request DefaultHttpRequest(decodeResult: success, version: HTTP/1.1)
POST /session/a4f947ae8295c692e6639f8096600d41/element/1e562095-21eb-421e-bc46-5fbf619dfceb/value HTTP/1.1
User-Agent: selenium/4.1.2 (java windows)
Content-Length: 331
Content-Type: application/json; charset=utf-8
host: localhost:59844
accept: */*

Response DefaultHttpResponse(decodeResult: success, version: HTTP/1.1)
HTTP/1.1 200 OK
Content-Type: application/json; charset=utf-8
cache-control: no-cache
content-length: 14

15:51:24.455 [AsyncHttpClient-1-4] DEBUG org.asynchttpclient.netty.channel.ChannelManager - Adding key: http://localhost:59844 for channel [id: 0x1952739e, L:/127.0.0.1:56170 - R:localhost/127.0.0.1:59844]
15:51:24.477 [Forwarding screenshot on session a4f947ae8295c692e6639f8096600d41 to remote] DEBUG org.asynchttpclient.netty.request.NettyRequestSender - Using pooled Channel '[id: 0x1952739e, L:/127.0.0.1:56170 - R:localhost/127.0.0.1:59844]' for 'GET' to 'http://localhost:59844/session/a4f947ae8295c692e6639f8096600d41/screenshot'
15:51:24.477 [Forwarding screenshot on session a4f947ae8295c692e6639f8096600d41 to remote] DEBUG org.asynchttpclient.netty.request.NettyRequestSender - Using open Channel [id: 0x1952739e, L:/127.0.0.1:56170 - R:localhost/127.0.0.1:59844] for GET '/session/a4f947ae8295c692e6639f8096600d41/screenshot'
15:51:24.712 [AsyncHttpClient-1-4] DEBUG org.asynchttpclient.netty.handler.HttpHandler - 

Request DefaultFullHttpRequest(decodeResult: success, version: HTTP/1.1, content: EmptyByteBufBE)
GET /session/a4f947ae8295c692e6639f8096600d41/screenshot HTTP/1.1
User-Agent: selenium/4.1.2 (java windows)
Cache-Control: no-cache
Content-Type: application/json; charset=utf-8
host: localhost:59844
accept: */*

Response DefaultHttpResponse(decodeResult: success, version: HTTP/1.1)
HTTP/1.1 200 OK
Content-Type: application/json; charset=utf-8
cache-control: no-cache
content-length: 29908

15:51:24.713 [AsyncHttpClient-1-4] DEBUG org.asynchttpclient.netty.channel.ChannelManager - Adding key: http://localhost:59844 for channel [id: 0x1952739e, L:/127.0.0.1:56170 - R:localhost/127.0.0.1:59844]
15:51:24.720 [main] DEBUG net.serenitybdd.core.photography.Darkroom - Send negative for processing for target\site\serenity\e709b7e63d6dc93d6452d5998d4d91504332fd47968bfe8fd9f03a1bd383fc8e.png
15:51:24.721 [main] DEBUG net.thucydides.core.steps.StepInterceptor - STEP DONE: inputEmail
  &amp#27;[32mWhen &amp#27;[0m&amp#27;[32mI input &amp#27;[0m&amp#27;[32m&amp#27;[1m"pondaaginggrit1@gmail.com"&amp#27;[0m         &amp#27;[90m# starter.stepdefinitions.LoginSteps.inputEmail(java.lang.String)&amp#27;[0m
15:51:24.721 [Darkroom Processing Line] DEBUG net.serenitybdd.core.photography.DarkroomProcessingLine - Processing screenshot image in /var/screenshots/screenshot-2775704285525591908
15:51:24.722 [Darkroom Processing Line] DEBUG net.serenitybdd.core.photography.DarkroomProcessingLine - Saving screenshot to target\site\serenity\e709b7e63d6dc93d6452d5998d4d91504332fd47968bfe8fd9f03a1bd383fc8e.png
15:51:24.754 [main] DEBUG net.thucydides.core.steps.StepInterceptor - STARTING STEP: LoginSteps.input - inputPassword
15:51:24.763 [Forwarding findElement on session a4f947ae8295c692e6639f8096600d41 to remote] DEBUG org.asynchttpclient.netty.request.NettyRequestSender - Using pooled Channel '[id: 0x1952739e, L:/127.0.0.1:56170 - R:localhost/127.0.0.1:59844]' for 'POST' to 'http://localhost:59844/session/a4f947ae8295c692e6639f8096600d41/element'
15:51:24.763 [Forwarding findElement on session a4f947ae8295c692e6639f8096600d41 to remote] DEBUG org.asynchttpclient.netty.request.NettyRequestSender - Using open Channel [id: 0x1952739e, L:/127.0.0.1:56170 - R:localhost/127.0.0.1:59844] for POST '/session/a4f947ae8295c692e6639f8096600d41/element'
15:51:24.795 [AsyncHttpClient-1-4] DEBUG org.asynchttpclient.netty.handler.HttpHandler - 

Request DefaultHttpRequest(decodeResult: success, version: HTTP/1.1)
POST /session/a4f947ae8295c692e6639f8096600d41/element HTTP/1.1
User-Agent: selenium/4.1.2 (java windows)
Content-Length: 89
Content-Type: application/json; charset=utf-8
host: localhost:59844
accept: */*

Response DefaultHttpResponse(decodeResult: success, version: HTTP/1.1)
HTTP/1.1 200 OK
Content-Type: application/json; charset=utf-8
cache-control: no-cache
content-length: 88

15:51:24.795 [AsyncHttpClient-1-4] DEBUG org.asynchttpclient.netty.channel.ChannelManager - Adding key: http://localhost:59844 for channel [id: 0x1952739e, L:/127.0.0.1:56170 - R:localhost/127.0.0.1:59844]
15:51:24.800 [Forwarding clearElement on session a4f947ae8295c692e6639f8096600d41 to remote] DEBUG org.asynchttpclient.netty.request.NettyRequestSender - Using pooled Channel '[id: 0x1952739e, L:/127.0.0.1:56170 - R:localhost/127.0.0.1:59844]' for 'POST' to 'http://localhost:59844/session/a4f947ae8295c692e6639f8096600d41/element/7a1ef483-8cb6-4ecf-a0a6-409f33f2692c/clear'
15:51:24.800 [Forwarding clearElement on session a4f947ae8295c692e6639f8096600d41 to remote] DEBUG org.asynchttpclient.netty.request.NettyRequestSender - Using open Channel [id: 0x1952739e, L:/127.0.0.1:56170 - R:localhost/127.0.0.1:59844] for POST '/session/a4f947ae8295c692e6639f8096600d41/element/7a1ef483-8cb6-4ecf-a0a6-409f33f2692c/clear'
15:51:24.852 [AsyncHttpClient-1-4] DEBUG org.asynchttpclient.netty.handler.HttpHandler - 

Request DefaultHttpRequest(decodeResult: success, version: HTTP/1.1)
POST /session/a4f947ae8295c692e6639f8096600d41/element/7a1ef483-8cb6-4ecf-a0a6-409f33f2692c/clear HTTP/1.1
User-Agent: selenium/4.1.2 (java windows)
Content-Length: 50
Content-Type: application/json; charset=utf-8
host: localhost:59844
accept: */*

Response DefaultHttpResponse(decodeResult: success, version: HTTP/1.1)
HTTP/1.1 200 OK
Content-Type: application/json; charset=utf-8
cache-control: no-cache
content-length: 14

15:51:24.853 [AsyncHttpClient-1-4] DEBUG org.asynchttpclient.netty.channel.ChannelManager - Adding key: http://localhost:59844 for channel [id: 0x1952739e, L:/127.0.0.1:56170 - R:localhost/127.0.0.1:59844]
15:51:24.858 [Forwarding sendKeysToElement on session a4f947ae8295c692e6639f8096600d41 to remote] DEBUG org.asynchttpclient.netty.request.NettyRequestSender - Using pooled Channel '[id: 0x1952739e, L:/127.0.0.1:56170 - R:localhost/127.0.0.1:59844]' for 'POST' to 'http://localhost:59844/session/a4f947ae8295c692e6639f8096600d41/element/7a1ef483-8cb6-4ecf-a0a6-409f33f2692c/value'
15:51:24.858 [Forwarding sendKeysToElement on session a4f947ae8295c692e6639f8096600d41 to remote] DEBUG org.asynchttpclient.netty.request.NettyRequestSender - Using open Channel [id: 0x1952739e, L:/127.0.0.1:56170 - R:localhost/127.0.0.1:59844] for POST '/session/a4f947ae8295c692e6639f8096600d41/element/7a1ef483-8cb6-4ecf-a0a6-409f33f2692c/value'
15:51:24.959 [AsyncHttpClient-1-4] DEBUG org.asynchttpclient.netty.handler.HttpHandler - 

Request DefaultHttpRequest(decodeResult: success, version: HTTP/1.1)
POST /session/a4f947ae8295c692e6639f8096600d41/element/7a1ef483-8cb6-4ecf-a0a6-409f33f2692c/value HTTP/1.1
User-Agent: selenium/4.1.2 (java windows)
Content-Length: 82
Content-Type: application/json; charset=utf-8
host: localhost:59844
accept: */*

Response DefaultHttpResponse(decodeResult: success, version: HTTP/1.1)
HTTP/1.1 200 OK
Content-Type: application/json; charset=utf-8
cache-control: no-cache
content-length: 14

15:51:24.960 [AsyncHttpClient-1-4] DEBUG org.asynchttpclient.netty.channel.ChannelManager - Adding key: http://localhost:59844 for channel [id: 0x1952739e, L:/127.0.0.1:56170 - R:localhost/127.0.0.1:59844]
15:51:24.988 [Forwarding screenshot on session a4f947ae8295c692e6639f8096600d41 to remote] DEBUG org.asynchttpclient.netty.request.NettyRequestSender - Using pooled Channel '[id: 0x1952739e, L:/127.0.0.1:56170 - R:localhost/127.0.0.1:59844]' for 'GET' to 'http://localhost:59844/session/a4f947ae8295c692e6639f8096600d41/screenshot'
15:51:24.988 [Forwarding screenshot on session a4f947ae8295c692e6639f8096600d41 to remote] DEBUG org.asynchttpclient.netty.request.NettyRequestSender - Using open Channel [id: 0x1952739e, L:/127.0.0.1:56170 - R:localhost/127.0.0.1:59844] for GET '/session/a4f947ae8295c692e6639f8096600d41/screenshot'
15:51:25.178 [AsyncHttpClient-1-1] DEBUG org.asynchttpclient.netty.channel.DefaultChannelPool - Entry count for : http://localhost:56171 : 1
15:51:25.255 [AsyncHttpClient-1-4] DEBUG org.asynchttpclient.netty.handler.HttpHandler - 

Request DefaultFullHttpRequest(decodeResult: success, version: HTTP/1.1, content: EmptyByteBufBE)
GET /session/a4f947ae8295c692e6639f8096600d41/screenshot HTTP/1.1
User-Agent: selenium/4.1.2 (java windows)
Cache-Control: no-cache
Content-Type: application/json; charset=utf-8
host: localhost:59844
accept: */*

Response DefaultHttpResponse(decodeResult: success, version: HTTP/1.1)
HTTP/1.1 200 OK
Content-Type: application/json; charset=utf-8
cache-control: no-cache
content-length: 29628

15:51:25.256 [AsyncHttpClient-1-4] DEBUG org.asynchttpclient.netty.channel.ChannelManager - Adding key: http://localhost:59844 for channel [id: 0x1952739e, L:/127.0.0.1:56170 - R:localhost/127.0.0.1:59844]
15:51:25.262 [main] DEBUG net.serenitybdd.core.photography.Darkroom - Send negative for processing for target\site\serenity\0756faf4a9e072a91c772d4bb1535a0d7a264cc273eb261ac8be0be90aefaf14.png
15:51:25.262 [main] DEBUG net.thucydides.core.steps.StepInterceptor - STEP DONE: inputPassword
  &amp#27;[32mAnd &amp#27;[0m&amp#27;[32mInput &amp#27;[0m&amp#27;[32m&amp#27;[1m""&amp#27;[0m                                     &amp#27;[90m# starter.stepdefinitions.LoginSteps.input(java.lang.String)&amp#27;[0m
15:51:25.263 [Darkroom Processing Line] DEBUG net.serenitybdd.core.photography.DarkroomProcessingLine - Processing screenshot image in /var/screenshots/screenshot-12882863824184449059
15:51:25.263 [Darkroom Processing Line] DEBUG net.serenitybdd.core.photography.DarkroomProcessingLine - Saving screenshot to target\site\serenity\0756faf4a9e072a91c772d4bb1535a0d7a264cc273eb261ac8be0be90aefaf14.png
15:51:25.327 [Forwarding screenshot on session a4f947ae8295c692e6639f8096600d41 to remote] DEBUG org.asynchttpclient.netty.request.NettyRequestSender - Using pooled Channel '[id: 0x1952739e, L:/127.0.0.1:56170 - R:localhost/127.0.0.1:59844]' for 'GET' to 'http://localhost:59844/session/a4f947ae8295c692e6639f8096600d41/screenshot'
15:51:25.327 [Forwarding screenshot on session a4f947ae8295c692e6639f8096600d41 to remote] DEBUG org.asynchttpclient.netty.request.NettyRequestSender - Using open Channel [id: 0x1952739e, L:/127.0.0.1:56170 - R:localhost/127.0.0.1:59844] for GET '/session/a4f947ae8295c692e6639f8096600d41/screenshot'
15:51:25.570 [AsyncHttpClient-1-4] DEBUG org.asynchttpclient.netty.handler.HttpHandler - 

Request DefaultFullHttpRequest(decodeResult: success, version: HTTP/1.1, content: EmptyByteBufBE)
GET /session/a4f947ae8295c692e6639f8096600d41/screenshot HTTP/1.1
User-Agent: selenium/4.1.2 (java windows)
Cache-Control: no-cache
Content-Type: application/json; charset=utf-8
host: localhost:59844
accept: */*

Response DefaultHttpResponse(decodeResult: success, version: HTTP/1.1)
HTTP/1.1 200 OK
Content-Type: application/json; charset=utf-8
cache-control: no-cache
content-length: 29072

15:51:25.570 [AsyncHttpClient-1-4] DEBUG org.asynchttpclient.netty.channel.ChannelManager - Adding key: http://localhost:59844 for channel [id: 0x1952739e, L:/127.0.0.1:56170 - R:localhost/127.0.0.1:59844]
15:51:25.575 [main] DEBUG net.serenitybdd.core.photography.Darkroom - Send negative for processing for target\site\serenity\661ec4d698bff79150edde73f8d9074339a931555fc225f4d6efab39bd17756b.png
15:51:25.575 [main] DEBUG net.thucydides.core.steps.StepInterceptor - STARTING STEP: LoginSteps.clickLoginButton - clickLoginButton
15:51:25.585 [Forwarding findElement on session a4f947ae8295c692e6639f8096600d41 to remote] DEBUG org.asynchttpclient.netty.request.NettyRequestSender - Using pooled Channel '[id: 0x1952739e, L:/127.0.0.1:56170 - R:localhost/127.0.0.1:59844]' for 'POST' to 'http://localhost:59844/session/a4f947ae8295c692e6639f8096600d41/element'
15:51:25.586 [Forwarding findElement on session a4f947ae8295c692e6639f8096600d41 to remote] DEBUG org.asynchttpclient.netty.request.NettyRequestSender - Using open Channel [id: 0x1952739e, L:/127.0.0.1:56170 - R:localhost/127.0.0.1:59844] for POST '/session/a4f947ae8295c692e6639f8096600d41/element'
15:51:25.589 [Darkroom Processing Line] DEBUG net.serenitybdd.core.photography.DarkroomProcessingLine - Processing screenshot image in /var/screenshots/screenshot-16517614838548033541
15:51:25.589 [Darkroom Processing Line] DEBUG net.serenitybdd.core.photography.DarkroomProcessingLine - Saving screenshot to target\site\serenity\661ec4d698bff79150edde73f8d9074339a931555fc225f4d6efab39bd17756b.png
15:51:25.621 [AsyncHttpClient-1-4] DEBUG org.asynchttpclient.netty.handler.HttpHandler - 

Request DefaultHttpRequest(decodeResult: success, version: HTTP/1.1)
POST /session/a4f947ae8295c692e6639f8096600d41/element HTTP/1.1
User-Agent: selenium/4.1.2 (java windows)
Content-Length: 136
Content-Type: application/json; charset=utf-8
host: localhost:59844
accept: */*

Response DefaultHttpResponse(decodeResult: success, version: HTTP/1.1)
HTTP/1.1 200 OK
Content-Type: application/json; charset=utf-8
cache-control: no-cache
content-length: 88

15:51:25.621 [AsyncHttpClient-1-4] DEBUG org.asynchttpclient.netty.channel.ChannelManager - Adding key: http://localhost:59844 for channel [id: 0x1952739e, L:/127.0.0.1:56170 - R:localhost/127.0.0.1:59844]
15:51:25.626 [Forwarding getElementTagName on session a4f947ae8295c692e6639f8096600d41 to remote] DEBUG org.asynchttpclient.netty.request.NettyRequestSender - Using pooled Channel '[id: 0x1952739e, L:/127.0.0.1:56170 - R:localhost/127.0.0.1:59844]' for 'GET' to 'http://localhost:59844/session/a4f947ae8295c692e6639f8096600d41/element/fe452dec-61f6-48db-9ffe-6693467ea446/name'
15:51:25.626 [Forwarding getElementTagName on session a4f947ae8295c692e6639f8096600d41 to remote] DEBUG org.asynchttpclient.netty.request.NettyRequestSender - Using open Channel [id: 0x1952739e, L:/127.0.0.1:56170 - R:localhost/127.0.0.1:59844] for GET '/session/a4f947ae8295c692e6639f8096600d41/element/fe452dec-61f6-48db-9ffe-6693467ea446/name'
15:51:25.637 [AsyncHttpClient-1-4] DEBUG org.asynchttpclient.netty.handler.HttpHandler - 

Request DefaultFullHttpRequest(decodeResult: success, version: HTTP/1.1, content: EmptyByteBufBE)
GET /session/a4f947ae8295c692e6639f8096600d41/element/fe452dec-61f6-48db-9ffe-6693467ea446/name HTTP/1.1
User-Agent: selenium/4.1.2 (java windows)
Cache-Control: no-cache
Content-Type: application/json; charset=utf-8
host: localhost:59844
accept: */*

Response DefaultHttpResponse(decodeResult: success, version: HTTP/1.1)
HTTP/1.1 200 OK
Content-Type: application/json; charset=utf-8
cache-control: no-cache
content-length: 18

15:51:25.637 [AsyncHttpClient-1-4] DEBUG org.asynchttpclient.netty.channel.ChannelManager - Adding key: http://localhost:59844 for channel [id: 0x1952739e, L:/127.0.0.1:56170 - R:localhost/127.0.0.1:59844]
15:51:25.645 [Forwarding getElementTagName on session a4f947ae8295c692e6639f8096600d41 to remote] DEBUG org.asynchttpclient.netty.request.NettyRequestSender - Using pooled Channel '[id: 0x1952739e, L:/127.0.0.1:56170 - R:localhost/127.0.0.1:59844]' for 'GET' to 'http://localhost:59844/session/a4f947ae8295c692e6639f8096600d41/element/fe452dec-61f6-48db-9ffe-6693467ea446/name'
15:51:25.645 [Forwarding getElementTagName on session a4f947ae8295c692e6639f8096600d41 to remote] DEBUG org.asynchttpclient.netty.request.NettyRequestSender - Using open Channel [id: 0x1952739e, L:/127.0.0.1:56170 - R:localhost/127.0.0.1:59844] for GET '/session/a4f947ae8295c692e6639f8096600d41/element/fe452dec-61f6-48db-9ffe-6693467ea446/name'
15:51:25.654 [AsyncHttpClient-1-4] DEBUG org.asynchttpclient.netty.handler.HttpHandler - 

Request DefaultFullHttpRequest(decodeResult: success, version: HTTP/1.1, content: EmptyByteBufBE)
GET /session/a4f947ae8295c692e6639f8096600d41/element/fe452dec-61f6-48db-9ffe-6693467ea446/name HTTP/1.1
User-Agent: selenium/4.1.2 (java windows)
Cache-Control: no-cache
Content-Type: application/json; charset=utf-8
host: localhost:59844
accept: */*

Response DefaultHttpResponse(decodeResult: success, version: HTTP/1.1)
HTTP/1.1 200 OK
Content-Type: application/json; charset=utf-8
cache-control: no-cache
content-length: 18

15:51:25.654 [AsyncHttpClient-1-4] DEBUG org.asynchttpclient.netty.channel.ChannelManager - Adding key: http://localhost:59844 for channel [id: 0x1952739e, L:/127.0.0.1:56170 - R:localhost/127.0.0.1:59844]
15:51:25.669 [Forwarding isElementEnabled on session a4f947ae8295c692e6639f8096600d41 to remote] DEBUG org.asynchttpclient.netty.request.NettyRequestSender - Using pooled Channel '[id: 0x1952739e, L:/127.0.0.1:56170 - R:localhost/127.0.0.1:59844]' for 'GET' to 'http://localhost:59844/session/a4f947ae8295c692e6639f8096600d41/element/fe452dec-61f6-48db-9ffe-6693467ea446/enabled'
15:51:25.669 [Forwarding isElementEnabled on session a4f947ae8295c692e6639f8096600d41 to remote] DEBUG org.asynchttpclient.netty.request.NettyRequestSender - Using open Channel [id: 0x1952739e, L:/127.0.0.1:56170 - R:localhost/127.0.0.1:59844] for GET '/session/a4f947ae8295c692e6639f8096600d41/element/fe452dec-61f6-48db-9ffe-6693467ea446/enabled'
15:51:25.694 [AsyncHttpClient-1-4] DEBUG org.asynchttpclient.netty.handler.HttpHandler - 

Request DefaultFullHttpRequest(decodeResult: success, version: HTTP/1.1, content: EmptyByteBufBE)
GET /session/a4f947ae8295c692e6639f8096600d41/element/fe452dec-61f6-48db-9ffe-6693467ea446/enabled HTTP/1.1
User-Agent: selenium/4.1.2 (java windows)
Cache-Control: no-cache
Content-Type: application/json; charset=utf-8
host: localhost:59844
accept: */*

Response DefaultHttpResponse(decodeResult: success, version: HTTP/1.1)
HTTP/1.1 200 OK
Content-Type: application/json; charset=utf-8
cache-control: no-cache
content-length: 14

15:51:25.694 [AsyncHttpClient-1-4] DEBUG org.asynchttpclient.netty.channel.ChannelManager - Adding key: http://localhost:59844 for channel [id: 0x1952739e, L:/127.0.0.1:56170 - R:localhost/127.0.0.1:59844]
15:51:25.698 [Forwarding isElementEnabled on session a4f947ae8295c692e6639f8096600d41 to remote] DEBUG org.asynchttpclient.netty.request.NettyRequestSender - Using pooled Channel '[id: 0x1952739e, L:/127.0.0.1:56170 - R:localhost/127.0.0.1:59844]' for 'GET' to 'http://localhost:59844/session/a4f947ae8295c692e6639f8096600d41/element/fe452dec-61f6-48db-9ffe-6693467ea446/enabled'
15:51:25.698 [Forwarding isElementEnabled on session a4f947ae8295c692e6639f8096600d41 to remote] DEBUG org.asynchttpclient.netty.request.NettyRequestSender - Using open Channel [id: 0x1952739e, L:/127.0.0.1:56170 - R:localhost/127.0.0.1:59844] for GET '/session/a4f947ae8295c692e6639f8096600d41/element/fe452dec-61f6-48db-9ffe-6693467ea446/enabled'
15:51:25.712 [AsyncHttpClient-1-4] DEBUG org.asynchttpclient.netty.handler.HttpHandler - 

Request DefaultFullHttpRequest(decodeResult: success, version: HTTP/1.1, content: EmptyByteBufBE)
GET /session/a4f947ae8295c692e6639f8096600d41/element/fe452dec-61f6-48db-9ffe-6693467ea446/enabled HTTP/1.1
User-Agent: selenium/4.1.2 (java windows)
Cache-Control: no-cache
Content-Type: application/json; charset=utf-8
host: localhost:59844
accept: */*

Response DefaultHttpResponse(decodeResult: success, version: HTTP/1.1)
HTTP/1.1 200 OK
Content-Type: application/json; charset=utf-8
cache-control: no-cache
content-length: 14

15:51:25.712 [AsyncHttpClient-1-4] DEBUG org.asynchttpclient.netty.channel.ChannelManager - Adding key: http://localhost:59844 for channel [id: 0x1952739e, L:/127.0.0.1:56170 - R:localhost/127.0.0.1:59844]
15:51:25.718 [Forwarding findElement on session a4f947ae8295c692e6639f8096600d41 to remote] DEBUG org.asynchttpclient.netty.request.NettyRequestSender - Using pooled Channel '[id: 0x1952739e, L:/127.0.0.1:56170 - R:localhost/127.0.0.1:59844]' for 'POST' to 'http://localhost:59844/session/a4f947ae8295c692e6639f8096600d41/element'
15:51:25.718 [Forwarding findElement on session a4f947ae8295c692e6639f8096600d41 to remote] DEBUG org.asynchttpclient.netty.request.NettyRequestSender - Using open Channel [id: 0x1952739e, L:/127.0.0.1:56170 - R:localhost/127.0.0.1:59844] for POST '/session/a4f947ae8295c692e6639f8096600d41/element'
15:51:25.729 [AsyncHttpClient-1-4] DEBUG org.asynchttpclient.netty.handler.HttpHandler - 

Request DefaultHttpRequest(decodeResult: success, version: HTTP/1.1)
POST /session/a4f947ae8295c692e6639f8096600d41/element HTTP/1.1
User-Agent: selenium/4.1.2 (java windows)
Content-Length: 136
Content-Type: application/json; charset=utf-8
host: localhost:59844
accept: */*

Response DefaultHttpResponse(decodeResult: success, version: HTTP/1.1)
HTTP/1.1 200 OK
Content-Type: application/json; charset=utf-8
cache-control: no-cache
content-length: 88

15:51:25.729 [AsyncHttpClient-1-4] DEBUG org.asynchttpclient.netty.channel.ChannelManager - Adding key: http://localhost:59844 for channel [id: 0x1952739e, L:/127.0.0.1:56170 - R:localhost/127.0.0.1:59844]
15:51:25.733 [Forwarding clickElement on session a4f947ae8295c692e6639f8096600d41 to remote] DEBUG org.asynchttpclient.netty.request.NettyRequestSender - Using pooled Channel '[id: 0x1952739e, L:/127.0.0.1:56170 - R:localhost/127.0.0.1:59844]' for 'POST' to 'http://localhost:59844/session/a4f947ae8295c692e6639f8096600d41/element/fe452dec-61f6-48db-9ffe-6693467ea446/click'
15:51:25.733 [Forwarding clickElement on session a4f947ae8295c692e6639f8096600d41 to remote] DEBUG org.asynchttpclient.netty.request.NettyRequestSender - Using open Channel [id: 0x1952739e, L:/127.0.0.1:56170 - R:localhost/127.0.0.1:59844] for POST '/session/a4f947ae8295c692e6639f8096600d41/element/fe452dec-61f6-48db-9ffe-6693467ea446/click'
15:51:25.840 [AsyncHttpClient-1-4] DEBUG org.asynchttpclient.netty.handler.HttpHandler - 

Request DefaultHttpRequest(decodeResult: success, version: HTTP/1.1)
POST /session/a4f947ae8295c692e6639f8096600d41/element/fe452dec-61f6-48db-9ffe-6693467ea446/click HTTP/1.1
User-Agent: selenium/4.1.2 (java windows)
Content-Length: 50
Content-Type: application/json; charset=utf-8
host: localhost:59844
accept: */*

Response DefaultHttpResponse(decodeResult: success, version: HTTP/1.1)
HTTP/1.1 200 OK
Content-Type: application/json; charset=utf-8
cache-control: no-cache
content-length: 14

15:51:25.841 [AsyncHttpClient-1-4] DEBUG org.asynchttpclient.netty.channel.ChannelManager - Adding key: http://localhost:59844 for channel [id: 0x1952739e, L:/127.0.0.1:56170 - R:localhost/127.0.0.1:59844]
15:51:25.860 [Forwarding screenshot on session a4f947ae8295c692e6639f8096600d41 to remote] DEBUG org.asynchttpclient.netty.request.NettyRequestSender - Using pooled Channel '[id: 0x1952739e, L:/127.0.0.1:56170 - R:localhost/127.0.0.1:59844]' for 'GET' to 'http://localhost:59844/session/a4f947ae8295c692e6639f8096600d41/screenshot'
15:51:25.860 [Forwarding screenshot on session a4f947ae8295c692e6639f8096600d41 to remote] DEBUG org.asynchttpclient.netty.request.NettyRequestSender - Using open Channel [id: 0x1952739e, L:/127.0.0.1:56170 - R:localhost/127.0.0.1:59844] for GET '/session/a4f947ae8295c692e6639f8096600d41/screenshot'
15:51:26.262 [AsyncHttpClient-1-1] DEBUG org.asynchttpclient.netty.channel.DefaultChannelPool - Entry count for : http://localhost:56171 : 1
15:51:26.469 [AsyncHttpClient-1-4] DEBUG org.asynchttpclient.netty.handler.HttpHandler - 

Request DefaultFullHttpRequest(decodeResult: success, version: HTTP/1.1, content: EmptyByteBufBE)
GET /session/a4f947ae8295c692e6639f8096600d41/screenshot HTTP/1.1
User-Agent: selenium/4.1.2 (java windows)
Cache-Control: no-cache
Content-Type: application/json; charset=utf-8
host: localhost:59844
accept: */*

Response DefaultHttpResponse(decodeResult: success, version: HTTP/1.1)
HTTP/1.1 200 OK
Content-Type: application/json; charset=utf-8
cache-control: no-cache
content-length: 29568

15:51:26.470 [AsyncHttpClient-1-4] DEBUG org.asynchttpclient.netty.channel.ChannelManager - Adding key: http://localhost:59844 for channel [id: 0x1952739e, L:/127.0.0.1:56170 - R:localhost/127.0.0.1:59844]
15:51:26.474 [main] DEBUG net.serenitybdd.core.photography.Darkroom - Send negative for processing for target\site\serenity\3b58057dc0a6ca5b717d0c87b0242f8396d23ef2e2ac643c8ac53666ece0df11.png
15:51:26.474 [main] DEBUG net.thucydides.core.steps.StepInterceptor - STEP DONE: clickLoginButton
  &amp#27;[32mAnd &amp#27;[0m&amp#27;[32mClick login button&amp#27;[0m                           &amp#27;[90m# starter.stepdefinitions.LoginSteps.clickLoginButton()&amp#27;[0m
15:51:26.474 [Darkroom Processing Line] DEBUG net.serenitybdd.core.photography.DarkroomProcessingLine - Processing screenshot image in /var/screenshots/screenshot-13619290308529005651
15:51:26.475 [Darkroom Processing Line] DEBUG net.serenitybdd.core.photography.DarkroomProcessingLine - Saving screenshot to target\site\serenity\3b58057dc0a6ca5b717d0c87b0242f8396d23ef2e2ac643c8ac53666ece0df11.png
15:51:26.522 [main] DEBUG net.thucydides.core.steps.StepInterceptor - STARTING STEP: LoginSteps.iGet - errorMessageAppears
15:51:26.527 [Forwarding findElement on session a4f947ae8295c692e6639f8096600d41 to remote] DEBUG org.asynchttpclient.netty.request.NettyRequestSender - Using pooled Channel '[id: 0x1952739e, L:/127.0.0.1:56170 - R:localhost/127.0.0.1:59844]' for 'POST' to 'http://localhost:59844/session/a4f947ae8295c692e6639f8096600d41/element'
15:51:26.527 [Forwarding findElement on session a4f947ae8295c692e6639f8096600d41 to remote] DEBUG org.asynchttpclient.netty.request.NettyRequestSender - Using open Channel [id: 0x1952739e, L:/127.0.0.1:56170 - R:localhost/127.0.0.1:59844] for POST '/session/a4f947ae8295c692e6639f8096600d41/element'
15:51:26.545 [AsyncHttpClient-1-4] DEBUG org.asynchttpclient.netty.handler.HttpHandler - 

Request DefaultHttpRequest(decodeResult: success, version: HTTP/1.1)
POST /session/a4f947ae8295c692e6639f8096600d41/element HTTP/1.1
User-Agent: selenium/4.1.2 (java windows)
Content-Length: 53
Content-Type: application/json; charset=utf-8
host: localhost:59844
accept: */*

Response DefaultHttpResponse(decodeResult: success, version: HTTP/1.1)
HTTP/1.1 400 Bad Request
Content-Type: application/json; charset=utf-8
cache-control: no-cache
content-length: 957

15:51:26.545 [AsyncHttpClient-1-4] DEBUG org.asynchttpclient.netty.channel.ChannelManager - Adding key: http://localhost:59844 for channel [id: 0x1952739e, L:/127.0.0.1:56170 - R:localhost/127.0.0.1:59844]
15:51:26.558 [Forwarding findElement on session a4f947ae8295c692e6639f8096600d41 to remote] DEBUG org.asynchttpclient.netty.request.NettyRequestSender - Using pooled Channel '[id: 0x1952739e, L:/127.0.0.1:56170 - R:localhost/127.0.0.1:59844]' for 'POST' to 'http://localhost:59844/session/a4f947ae8295c692e6639f8096600d41/element'
15:51:26.558 [Forwarding findElement on session a4f947ae8295c692e6639f8096600d41 to remote] DEBUG org.asynchttpclient.netty.request.NettyRequestSender - Using open Channel [id: 0x1952739e, L:/127.0.0.1:56170 - R:localhost/127.0.0.1:59844] for POST '/session/a4f947ae8295c692e6639f8096600d41/element'
15:51:26.588 [AsyncHttpClient-1-4] DEBUG org.asynchttpclient.netty.handler.HttpHandler - 

Request DefaultHttpRequest(decodeResult: success, version: HTTP/1.1)
POST /session/a4f947ae8295c692e6639f8096600d41/element HTTP/1.1
User-Agent: selenium/4.1.2 (java windows)
Content-Length: 63
Content-Type: application/json; charset=utf-8
host: localhost:59844
accept: */*

Response DefaultHttpResponse(decodeResult: success, version: HTTP/1.1)
HTTP/1.1 200 OK
Content-Type: application/json; charset=utf-8
cache-control: no-cache
content-length: 88

15:51:26.588 [AsyncHttpClient-1-4] DEBUG org.asynchttpclient.netty.channel.ChannelManager - Adding key: http://localhost:59844 for channel [id: 0x1952739e, L:/127.0.0.1:56170 - R:localhost/127.0.0.1:59844]
15:51:26.605 [Forwarding isElementDisplayed on session a4f947ae8295c692e6639f8096600d41 to remote] DEBUG org.asynchttpclient.netty.request.NettyRequestSender - Using pooled Channel '[id: 0x1952739e, L:/127.0.0.1:56170 - R:localhost/127.0.0.1:59844]' for 'POST' to 'http://localhost:59844/session/a4f947ae8295c692e6639f8096600d41/execute/sync'
15:51:26.605 [Forwarding isElementDisplayed on session a4f947ae8295c692e6639f8096600d41 to remote] DEBUG org.asynchttpclient.netty.request.NettyRequestSender - Using open Channel [id: 0x1952739e, L:/127.0.0.1:56170 - R:localhost/127.0.0.1:59844] for POST '/session/a4f947ae8295c692e6639f8096600d41/execute/sync'
15:51:26.639 [AsyncHttpClient-1-4] DEBUG org.asynchttpclient.netty.handler.HttpHandler - 

Request DefaultHttpRequest(decodeResult: success, version: HTTP/1.1)
POST /session/a4f947ae8295c692e6639f8096600d41/execute/sync HTTP/1.1
User-Agent: selenium/4.1.2 (java windows)
Content-Length: 48780
Content-Type: application/json; charset=utf-8
host: localhost:59844
accept: */*

Response DefaultHttpResponse(decodeResult: success, version: HTTP/1.1)
HTTP/1.1 200 OK
Content-Type: application/json; charset=utf-8
cache-control: no-cache
content-length: 14

15:51:26.640 [AsyncHttpClient-1-4] DEBUG org.asynchttpclient.netty.channel.ChannelManager - Adding key: http://localhost:59844 for channel [id: 0x1952739e, L:/127.0.0.1:56170 - R:localhost/127.0.0.1:59844]
15:51:26.653 [Forwarding screenshot on session a4f947ae8295c692e6639f8096600d41 to remote] DEBUG org.asynchttpclient.netty.request.NettyRequestSender - Using pooled Channel '[id: 0x1952739e, L:/127.0.0.1:56170 - R:localhost/127.0.0.1:59844]' for 'GET' to 'http://localhost:59844/session/a4f947ae8295c692e6639f8096600d41/screenshot'
15:51:26.653 [Forwarding screenshot on session a4f947ae8295c692e6639f8096600d41 to remote] DEBUG org.asynchttpclient.netty.request.NettyRequestSender - Using open Channel [id: 0x1952739e, L:/127.0.0.1:56170 - R:localhost/127.0.0.1:59844] for GET '/session/a4f947ae8295c692e6639f8096600d41/screenshot'
15:51:26.827 [AsyncHttpClient-1-4] DEBUG org.asynchttpclient.netty.handler.HttpHandler - 

Request DefaultFullHttpRequest(decodeResult: success, version: HTTP/1.1, content: EmptyByteBufBE)
GET /session/a4f947ae8295c692e6639f8096600d41/screenshot HTTP/1.1
User-Agent: selenium/4.1.2 (java windows)
Cache-Control: no-cache
Content-Type: application/json; charset=utf-8
host: localhost:59844
accept: */*

Response DefaultHttpResponse(decodeResult: success, version: HTTP/1.1)
HTTP/1.1 200 OK
Content-Type: application/json; charset=utf-8
cache-control: no-cache
content-length: 35412

15:51:26.828 [AsyncHttpClient-1-4] DEBUG org.asynchttpclient.netty.channel.ChannelManager - Adding key: http://localhost:59844 for channel [id: 0x1952739e, L:/127.0.0.1:56170 - R:localhost/127.0.0.1:59844]
15:51:26.832 [main] DEBUG net.serenitybdd.core.photography.Darkroom - Send negative for processing for target\site\serenity\3374d11e0c9e99c00f32713289db89f281bf4a594eac3e4355b03ac053b29519.png
15:51:26.832 [main] DEBUG net.thucydides.core.steps.StepInterceptor - STEP DONE: errorMessageAppears
15:51:26.833 [Darkroom Processing Line] DEBUG net.serenitybdd.core.photography.DarkroomProcessingLine - Processing screenshot image in /var/screenshots/screenshot-9535446908869716408
15:51:26.833 [Darkroom Processing Line] DEBUG net.serenitybdd.core.photography.DarkroomProcessingLine - Saving screenshot to target\site\serenity\3374d11e0c9e99c00f32713289db89f281bf4a594eac3e4355b03ac053b29519.png
15:51:26.845 [main] DEBUG net.thucydides.core.steps.StepInterceptor - STARTING STEP: LoginSteps.iGet - errorMessageEquals
15:51:26.852 [Forwarding findElement on session a4f947ae8295c692e6639f8096600d41 to remote] DEBUG org.asynchttpclient.netty.request.NettyRequestSender - Using pooled Channel '[id: 0x1952739e, L:/127.0.0.1:56170 - R:localhost/127.0.0.1:59844]' for 'POST' to 'http://localhost:59844/session/a4f947ae8295c692e6639f8096600d41/element'
15:51:26.852 [Forwarding findElement on session a4f947ae8295c692e6639f8096600d41 to remote] DEBUG org.asynchttpclient.netty.request.NettyRequestSender - Using open Channel [id: 0x1952739e, L:/127.0.0.1:56170 - R:localhost/127.0.0.1:59844] for POST '/session/a4f947ae8295c692e6639f8096600d41/element'
15:51:26.866 [AsyncHttpClient-1-4] DEBUG org.asynchttpclient.netty.handler.HttpHandler - 

Request DefaultHttpRequest(decodeResult: success, version: HTTP/1.1)
POST /session/a4f947ae8295c692e6639f8096600d41/element HTTP/1.1
User-Agent: selenium/4.1.2 (java windows)
Content-Length: 63
Content-Type: application/json; charset=utf-8
host: localhost:59844
accept: */*

Response DefaultHttpResponse(decodeResult: success, version: HTTP/1.1)
HTTP/1.1 200 OK
Content-Type: application/json; charset=utf-8
cache-control: no-cache
content-length: 88

15:51:26.874 [AsyncHttpClient-1-4] DEBUG org.asynchttpclient.netty.channel.ChannelManager - Adding key: http://localhost:59844 for channel [id: 0x1952739e, L:/127.0.0.1:56170 - R:localhost/127.0.0.1:59844]
15:51:26.877 [Forwarding getElementText on session a4f947ae8295c692e6639f8096600d41 to remote] DEBUG org.asynchttpclient.netty.request.NettyRequestSender - Using pooled Channel '[id: 0x1952739e, L:/127.0.0.1:56170 - R:localhost/127.0.0.1:59844]' for 'GET' to 'http://localhost:59844/session/a4f947ae8295c692e6639f8096600d41/element/5aa3fe8e-513b-4ae6-a7a1-f6498fc853d5/text'
15:51:26.877 [Forwarding getElementText on session a4f947ae8295c692e6639f8096600d41 to remote] DEBUG org.asynchttpclient.netty.request.NettyRequestSender - Using open Channel [id: 0x1952739e, L:/127.0.0.1:56170 - R:localhost/127.0.0.1:59844] for GET '/session/a4f947ae8295c692e6639f8096600d41/element/5aa3fe8e-513b-4ae6-a7a1-f6498fc853d5/text'
15:51:26.902 [AsyncHttpClient-1-4] DEBUG org.asynchttpclient.netty.handler.HttpHandler - 

Request DefaultFullHttpRequest(decodeResult: success, version: HTTP/1.1, content: EmptyByteBufBE)
GET /session/a4f947ae8295c692e6639f8096600d41/element/5aa3fe8e-513b-4ae6-a7a1-f6498fc853d5/text HTTP/1.1
User-Agent: selenium/4.1.2 (java windows)
Cache-Control: no-cache
Content-Type: application/json; charset=utf-8
host: localhost:59844
accept: */*

Response DefaultHttpResponse(decodeResult: success, version: HTTP/1.1)
HTTP/1.1 200 OK
Content-Type: application/json; charset=utf-8
cache-control: no-cache
content-length: 32

15:51:26.902 [AsyncHttpClient-1-4] DEBUG org.asynchttpclient.netty.channel.ChannelManager - Adding key: http://localhost:59844 for channel [id: 0x1952739e, L:/127.0.0.1:56170 - R:localhost/127.0.0.1:59844]
15:51:26.912 [Forwarding screenshot on session a4f947ae8295c692e6639f8096600d41 to remote] DEBUG org.asynchttpclient.netty.request.NettyRequestSender - Using pooled Channel '[id: 0x1952739e, L:/127.0.0.1:56170 - R:localhost/127.0.0.1:59844]' for 'GET' to 'http://localhost:59844/session/a4f947ae8295c692e6639f8096600d41/screenshot'
15:51:26.912 [Forwarding screenshot on session a4f947ae8295c692e6639f8096600d41 to remote] DEBUG org.asynchttpclient.netty.request.NettyRequestSender - Using open Channel [id: 0x1952739e, L:/127.0.0.1:56170 - R:localhost/127.0.0.1:59844] for GET '/session/a4f947ae8295c692e6639f8096600d41/screenshot'
15:51:27.058 [AsyncHttpClient-1-4] DEBUG org.asynchttpclient.netty.handler.HttpHandler - 

Request DefaultFullHttpRequest(decodeResult: success, version: HTTP/1.1, content: EmptyByteBufBE)
GET /session/a4f947ae8295c692e6639f8096600d41/screenshot HTTP/1.1
User-Agent: selenium/4.1.2 (java windows)
Cache-Control: no-cache
Content-Type: application/json; charset=utf-8
host: localhost:59844
accept: */*

Response DefaultHttpResponse(decodeResult: success, version: HTTP/1.1)
HTTP/1.1 200 OK
Content-Type: application/json; charset=utf-8
cache-control: no-cache
content-length: 35412

15:51:27.059 [AsyncHttpClient-1-4] DEBUG org.asynchttpclient.netty.channel.ChannelManager - Adding key: http://localhost:59844 for channel [id: 0x1952739e, L:/127.0.0.1:56170 - R:localhost/127.0.0.1:59844]
15:51:27.063 [main] DEBUG net.serenitybdd.core.photography.Darkroom - Send negative for processing for target\site\serenity\3374d11e0c9e99c00f32713289db89f281bf4a594eac3e4355b03ac053b29519.png
15:51:27.064 [main] DEBUG net.thucydides.core.steps.StepInterceptor - STEP DONE: errorMessageEquals
  &amp#27;[32mThen &amp#27;[0m&amp#27;[32mI get &amp#27;[0m&amp#27;[32m&amp#27;[1m"Alert message: password is required"&amp#27;[0m &amp#27;[90m# starter.stepdefinitions.LoginSteps.iGet(java.lang.String)&amp#27;[0m
15:51:27.082 [AsyncHttpClient-1-2] DEBUG org.asynchttpclient.netty.handler.WebSocketHandler - Channel Closed: [id: 0x4c8cfdb3, L:/127.0.0.1:56179 ! R:localhost/127.0.0.1:56171] with attribute NettyResponseFuture{currentRetry=5,
	isDone=1,
	isCancelled=0,
	asyncHandler=org.asynchttpclient.ws.WebSocketUpgradeHandler@7b240cee,
	nettyRequest=org.asynchttpclient.netty.request.NettyRequest@20ec1638,
	future=java.util.concurrent.CompletableFuture@2f0f8649[Completed normally],
	uri=ws://localhost:56171/devtools/browser/0cdd9ffe-d682-406b-a2fb-eccac0ea7737,
	keepAlive=true,
	redirectCount=0,
	timeoutsHolder=null,
	inAuth=0,
	touch=1652863879996}
15:51:27.083 [AsyncHttpClient-1-2] DEBUG org.asynchttpclient.netty.channel.ChannelManager - Closing Channel [id: 0x4c8cfdb3, L:/127.0.0.1:56179 ! R:localhost/127.0.0.1:56171] 
15:51:27.087 [Driver Command Executor] DEBUG org.asynchttpclient.netty.request.NettyRequestSender - Using pooled Channel '[id: 0x1952739e, L:/127.0.0.1:56170 - R:localhost/127.0.0.1:59844]' for 'DELETE' to 'http://localhost:59844/session/a4f947ae8295c692e6639f8096600d41'
15:51:27.087 [Driver Command Executor] DEBUG org.asynchttpclient.netty.request.NettyRequestSender - Using open Channel [id: 0x1952739e, L:/127.0.0.1:56170 - R:localhost/127.0.0.1:59844] for DELETE '/session/a4f947ae8295c692e6639f8096600d41'
15:51:27.337 [AsyncHttpClient-1-5] DEBUG org.asynchttpclient.netty.handler.HttpHandler - Unexpected I/O exception on channel [id: 0xa89bd6c0, L:/127.0.0.1:56178 - R:localhost/127.0.0.1:56171]
java.net.SocketException: Connection reset
	at java.base/sun.nio.ch.SocketChannelImpl.throwConnectionReset(SocketChannelImpl.java:367)
	at java.base/sun.nio.ch.SocketChannelImpl.read(SocketChannelImpl.java:398)
	at io.netty.buffer.PooledByteBuf.setBytes(PooledByteBuf.java:258)
	at io.netty.buffer.AbstractByteBuf.writeBytes(AbstractByteBuf.java:1132)
	at io.netty.channel.socket.nio.NioSocketChannel.doReadBytes(NioSocketChannel.java:350)
	at io.netty.channel.nio.AbstractNioByteChannel$NioByteUnsafe.read(AbstractNioByteChannel.java:151)
	at io.netty.channel.nio.NioEventLoop.processSelectedKey(NioEventLoop.java:722)
	at io.netty.channel.nio.NioEventLoop.processSelectedKeysOptimized(NioEventLoop.java:658)
	at io.netty.channel.nio.NioEventLoop.processSelectedKeys(NioEventLoop.java:584)
	at io.netty.channel.nio.NioEventLoop.run(NioEventLoop.java:496)
	at io.netty.util.concurrent.SingleThreadEventExecutor$4.run(SingleThreadEventExecutor.java:986)
	at io.netty.util.internal.ThreadExecutorMap$2.run(ThreadExecutorMap.java:74)
	at io.netty.util.concurrent.FastThreadLocalRunnable.run(FastThreadLocalRunnable.java:30)
	at java.base/java.lang.Thread.run(Thread.java:832)
15:51:27.337 [AsyncHttpClient-1-5] DEBUG org.asynchttpclient.netty.channel.ChannelManager - Closing Channel [id: 0xa89bd6c0, L:/127.0.0.1:56178 - R:localhost/127.0.0.1:56171] 
15:51:27.338 [AsyncHttpClient-1-5] DEBUG org.asynchttpclient.netty.handler.HttpHandler - Channel Closed: [id: 0xa89bd6c0, L:/127.0.0.1:56178 ! R:localhost/127.0.0.1:56171] with attribute DISCARD
15:51:27.366 [AsyncHttpClient-1-4] DEBUG org.asynchttpclient.netty.handler.HttpHandler - 

Request DefaultFullHttpRequest(decodeResult: success, version: HTTP/1.1, content: EmptyByteBufBE)
DELETE /session/a4f947ae8295c692e6639f8096600d41 HTTP/1.1
User-Agent: selenium/4.1.2 (java windows)
Content-Type: application/json; charset=utf-8
host: localhost:59844
accept: */*

Response DefaultHttpResponse(decodeResult: success, version: HTTP/1.1)
HTTP/1.1 200 OK
Content-Type: application/json; charset=utf-8
cache-control: no-cache
content-length: 14

15:51:27.367 [AsyncHttpClient-1-4] DEBUG org.asynchttpclient.netty.channel.ChannelManager - Adding key: http://localhost:59844 for channel [id: 0x1952739e, L:/127.0.0.1:56170 - R:localhost/127.0.0.1:59844]
15:51:27.368 [AsyncHttpClient-1-1] DEBUG org.asynchttpclient.netty.channel.DefaultChannelPool - Entry count for : http://localhost:56171 : 1
15:51:27.368 [AsyncHttpClient-1-1] DEBUG org.asynchttpclient.netty.channel.DefaultChannelPool - Entry count for : http://localhost:59844 : 1
15:51:27.368 [AsyncHttpClient-1-1] DEBUG org.asynchttpclient.netty.channel.DefaultChannelPool - Adding Candidate expired Channel [id: 0xa89bd6c0, L:/127.0.0.1:56178 ! R:localhost/127.0.0.1:56171] isIdleTimeoutExpired=false isRemotelyClosed=true isTtlExpired=false
15:51:27.369 [AsyncHttpClient-1-1] DEBUG org.asynchttpclient.netty.channel.DefaultChannelPool - Closing Idle Channel [id: 0xa89bd6c0, L:/127.0.0.1:56178 ! R:localhost/127.0.0.1:56171]
15:51:27.369 [AsyncHttpClient-1-1] DEBUG org.asynchttpclient.netty.channel.DefaultChannelPool - Closed 1 connections out of 2 in 1 ms
15:51:28.118 [AsyncHttpClient-1-4] DEBUG org.asynchttpclient.netty.handler.HttpHandler - Channel Closed: [id: 0x1952739e, L:/127.0.0.1:56170 ! R:localhost/127.0.0.1:59844] with attribute DISCARD
15:51:28.464 [AsyncHttpClient-1-1] DEBUG org.asynchttpclient.netty.channel.DefaultChannelPool - Entry count for : http://localhost:59844 : 1
15:51:28.464 [AsyncHttpClient-1-1] DEBUG org.asynchttpclient.netty.channel.DefaultChannelPool - Adding Candidate expired Channel [id: 0x1952739e, L:/127.0.0.1:56170 ! R:localhost/127.0.0.1:59844] isIdleTimeoutExpired=false isRemotelyClosed=true isTtlExpired=false
15:51:28.464 [AsyncHttpClient-1-1] DEBUG org.asynchttpclient.netty.channel.DefaultChannelPool - Closing Idle Channel [id: 0x1952739e, L:/127.0.0.1:56170 ! R:localhost/127.0.0.1:59844]
15:51:28.464 [AsyncHttpClient-1-1] DEBUG org.asynchttpclient.netty.channel.DefaultChannelPool - Closed 1 connections out of 1 in 0 ms
]]></system-out>
    <system-err><![CDATA[Starting ChromeDriver 100.0.4896.60 (6a5d10861ce8de5fce22564658033b43cb7de047-refs/branch-heads/4896@{#875}) on port 59844
Only local connections are allowed.
Please see https://chromedriver.chromium.org/security-considerations for suggestions on keeping ChromeDriver safe.
ChromeDriver was started successfully.
[1652863879.589][WARNING]: This version of ChromeDriver has not been tested with Chrome version 101.
May 18, 2022 3:51:19 PM org.openqa.selenium.remote.ProtocolHandshake createSession
INFO: Detected dialect: W3C
May 18, 2022 3:51:20 PM org.openqa.selenium.devtools.CdpVersionFinder findNearestMatch
WARNING: Unable to find an exact match for CDP version 101, so returning the closest version found: 97
May 18, 2022 3:51:20 PM org.openqa.selenium.devtools.CdpVersionFinder findNearestMatch
INFO: Found CDP implementation for version 101 of 97
]]></system-err>
  </testcase>
  <testcase name="Login #4" classname="Login" time="13.57">
    <system-out><![CDATA[
Scenario Outline: Login                         &amp#27;[90m# src/test/resources/features/Login.feature:18&amp#27;[0m
15:51:28.703 [main] INFO io.cucumber.core.plugin.SerenityReporter - Running feature from file:///C:/Users/ponda/Documents/Final_Project/Final_Web/src/test/resources/features/Login.feature
15:51:28.814 [main] DEBUG net.thucydides.core.steps.StepInterceptor - STARTING STEP: LoginSteps.iAmOnQaAltaIdLoginPage - openUrl
15:51:28.817 [main] INFO net.serenitybdd.core.webdriver.driverproviders.ChromeDriverProvider - Using automatically driver download
15:51:29.590 [main] DEBUG io.github.bonigarcia.wdm.cache.ResolutionCache - Resolution chrome=101 in cache (valid until 16:36:25 18/05/2022 WIB)
15:51:29.605 [main] DEBUG io.github.bonigarcia.wdm.cache.ResolutionCache - Resolution chrome101=101.0.4951.41 in cache (valid until 16:04:06 18/05/2022 WIB)
15:51:29.612 [main] INFO io.github.bonigarcia.wdm.WebDriverManager - Using chromedriver 101.0.4951.41 (resolved driver for Chrome 101)
15:51:29.670 [main] DEBUG io.github.bonigarcia.wdm.WebDriverManager - Driver chromedriver 101.0.4951.41 found in cache
15:51:29.672 [main] INFO io.github.bonigarcia.wdm.WebDriverManager - Exporting webdriver.chrome.driver as C:\Users\ponda\.cache\selenium\chromedriver\win32\101.0.4951.41\chromedriver.exe
15:51:30.171 [main] DEBUG net.serenitybdd.core.webdriver.driverproviders.ProvideNewDriver - Instantiating driver
15:51:30.171 [main] DEBUG net.serenitybdd.core.webdriver.driverproviders.ProvideNewDriver - Driver capabilities: Capabilities {acceptInsecureCerts: false, base.url: https://qa.alta.id, browserName: chrome, chrome.driver: src/test/resources/webdrive..., driver: chrome, goog:chromeOptions: {args: [], extensions: []}}
15:51:31.307 [AsyncHttpClient-1-3] DEBUG org.asynchttpclient.netty.channel.NettyConnectListener - Using new Channel '[id: 0x04140d10, L:/127.0.0.1:56203 - R:localhost/127.0.0.1:64971]' for 'POST' to '/session'
15:51:33.948 [AsyncHttpClient-1-3] DEBUG org.asynchttpclient.netty.handler.HttpHandler - 

Request DefaultHttpRequest(decodeResult: success, version: HTTP/1.1)
POST /session HTTP/1.1
User-Agent: selenium/4.1.2 (java windows)
Content-Length: 599
Content-Type: application/json; charset=utf-8
host: localhost:64971
accept: */*

Response DefaultHttpResponse(decodeResult: success, version: HTTP/1.1)
HTTP/1.1 200 OK
Content-Type: application/json; charset=utf-8
cache-control: no-cache
content-length: 790

15:51:33.949 [AsyncHttpClient-1-3] DEBUG org.asynchttpclient.netty.channel.ChannelManager - Adding key: http://localhost:64971 for channel [id: 0x04140d10, L:/127.0.0.1:56203 - R:localhost/127.0.0.1:64971]
15:51:33.975 [AsyncHttpClient-1-4] DEBUG org.asynchttpclient.netty.channel.NettyConnectListener - Using new Channel '[id: 0x8ed154dd, L:/127.0.0.1:56211 - R:localhost/127.0.0.1:56205]' for 'GET' to '/json/version'
15:51:33.977 [AsyncHttpClient-1-4] DEBUG org.asynchttpclient.netty.handler.HttpHandler - 

Request DefaultFullHttpRequest(decodeResult: success, version: HTTP/1.1, content: EmptyByteBufBE)
GET /json/version HTTP/1.1
User-Agent: selenium/4.1.2 (java windows)
host: localhost:56205
accept: */*

Response DefaultHttpResponse(decodeResult: success, version: HTTP/1.1)
HTTP/1.1 200 OK
Content-Type: application/json; charset=UTF-8
content-length: 427

15:51:33.977 [AsyncHttpClient-1-4] DEBUG org.asynchttpclient.netty.channel.ChannelManager - Adding key: http://localhost:56205 for channel [id: 0x8ed154dd, L:/127.0.0.1:56211 - R:localhost/127.0.0.1:56205]
15:51:33.982 [AsyncHttpClient-1-5] DEBUG org.asynchttpclient.netty.channel.NettyConnectListener - Using new Channel '[id: 0xd86c3fa2, L:/127.0.0.1:56212 - R:localhost/127.0.0.1:56205]' for 'GET' to '/devtools/browser/f0053010-9f3e-4765-8424-36f459187c00'
15:51:33.985 [AsyncHttpClient-1-5] DEBUG org.asynchttpclient.netty.handler.WebSocketHandler - 

Request DefaultFullHttpRequest(decodeResult: success, version: HTTP/1.1, content: EmptyByteBufBE)
GET /devtools/browser/f0053010-9f3e-4765-8424-36f459187c00 HTTP/1.1
upgrade: websocket
connection: upgrade
sec-websocket-key: 2ZgDowIv7tDvlhfqHZUCHA==
sec-websocket-version: 13
origin: http://localhost:56205
host: localhost:56205
accept: */*
user-agent: AHC/2.1

Response DefaultHttpResponse(decodeResult: success, version: HTTP/1.1)
HTTP/1.1 101 WebSocket Protocol Handshake
Upgrade: WebSocket
Connection: Upgrade
Sec-WebSocket-Accept: 26pegoFe66rmfN/hr/2r7tG7kxQ=

15:51:33.998 [Forwarding maximizeCurrentWindow on session 01358476cd16cd45720a95da4a6281a0 to remote] DEBUG org.asynchttpclient.netty.request.NettyRequestSender - Using pooled Channel '[id: 0x04140d10, L:/127.0.0.1:56203 - R:localhost/127.0.0.1:64971]' for 'POST' to 'http://localhost:64971/session/01358476cd16cd45720a95da4a6281a0/window/maximize'
15:51:33.999 [Forwarding maximizeCurrentWindow on session 01358476cd16cd45720a95da4a6281a0 to remote] DEBUG org.asynchttpclient.netty.request.NettyRequestSender - Using open Channel [id: 0x04140d10, L:/127.0.0.1:56203 - R:localhost/127.0.0.1:64971] for POST '/session/01358476cd16cd45720a95da4a6281a0/window/maximize'
15:51:34.178 [AsyncHttpClient-1-1] DEBUG org.asynchttpclient.netty.channel.DefaultChannelPool - Entry count for : http://localhost:56205 : 1
15:51:34.193 [AsyncHttpClient-1-3] DEBUG org.asynchttpclient.netty.handler.HttpHandler - 

Request DefaultHttpRequest(decodeResult: success, version: HTTP/1.1)
POST /session/01358476cd16cd45720a95da4a6281a0/window/maximize HTTP/1.1
User-Agent: selenium/4.1.2 (java windows)
Content-Length: 3
Content-Type: application/json; charset=utf-8
host: localhost:64971
accept: */*

Response DefaultHttpResponse(decodeResult: success, version: HTTP/1.1)
HTTP/1.1 200 OK
Content-Type: application/json; charset=utf-8
cache-control: no-cache
content-length: 51

15:51:34.194 [AsyncHttpClient-1-3] DEBUG org.asynchttpclient.netty.channel.ChannelManager - Adding key: http://localhost:64971 for channel [id: 0x04140d10, L:/127.0.0.1:56203 - R:localhost/127.0.0.1:64971]
15:51:34.198 [Forwarding get on session 01358476cd16cd45720a95da4a6281a0 to remote] DEBUG org.asynchttpclient.netty.request.NettyRequestSender - Using pooled Channel '[id: 0x04140d10, L:/127.0.0.1:56203 - R:localhost/127.0.0.1:64971]' for 'POST' to 'http://localhost:64971/session/01358476cd16cd45720a95da4a6281a0/url'
15:51:34.198 [Forwarding get on session 01358476cd16cd45720a95da4a6281a0 to remote] DEBUG org.asynchttpclient.netty.request.NettyRequestSender - Using open Channel [id: 0x04140d10, L:/127.0.0.1:56203 - R:localhost/127.0.0.1:64971] for POST '/session/01358476cd16cd45720a95da4a6281a0/url'
15:51:35.314 [AsyncHttpClient-1-1] DEBUG org.asynchttpclient.netty.channel.DefaultChannelPool - Entry count for : http://localhost:56205 : 1
15:51:36.359 [AsyncHttpClient-1-1] DEBUG org.asynchttpclient.netty.channel.DefaultChannelPool - Entry count for : http://localhost:56205 : 1
15:51:37.293 [AsyncHttpClient-1-3] DEBUG org.asynchttpclient.netty.handler.HttpHandler - 

Request DefaultHttpRequest(decodeResult: success, version: HTTP/1.1)
POST /session/01358476cd16cd45720a95da4a6281a0/url HTTP/1.1
User-Agent: selenium/4.1.2 (java windows)
Content-Length: 64
Content-Type: application/json; charset=utf-8
host: localhost:64971
accept: */*

Response DefaultHttpResponse(decodeResult: success, version: HTTP/1.1)
HTTP/1.1 200 OK
Content-Type: application/json; charset=utf-8
cache-control: no-cache
content-length: 14

15:51:37.293 [AsyncHttpClient-1-3] DEBUG org.asynchttpclient.netty.channel.ChannelManager - Adding key: http://localhost:64971 for channel [id: 0x04140d10, L:/127.0.0.1:56203 - R:localhost/127.0.0.1:64971]
15:51:37.298 [Forwarding setTimeout on session 01358476cd16cd45720a95da4a6281a0 to remote] DEBUG org.asynchttpclient.netty.request.NettyRequestSender - Using pooled Channel '[id: 0x04140d10, L:/127.0.0.1:56203 - R:localhost/127.0.0.1:64971]' for 'POST' to 'http://localhost:64971/session/01358476cd16cd45720a95da4a6281a0/timeouts'
15:51:37.298 [Forwarding setTimeout on session 01358476cd16cd45720a95da4a6281a0 to remote] DEBUG org.asynchttpclient.netty.request.NettyRequestSender - Using open Channel [id: 0x04140d10, L:/127.0.0.1:56203 - R:localhost/127.0.0.1:64971] for POST '/session/01358476cd16cd45720a95da4a6281a0/timeouts'
15:51:37.304 [AsyncHttpClient-1-3] DEBUG org.asynchttpclient.netty.handler.HttpHandler - 

Request DefaultHttpRequest(decodeResult: success, version: HTTP/1.1)
POST /session/01358476cd16cd45720a95da4a6281a0/timeouts HTTP/1.1
User-Agent: selenium/4.1.2 (java windows)
Content-Length: 22
Content-Type: application/json; charset=utf-8
host: localhost:64971
accept: */*

Response DefaultHttpResponse(decodeResult: success, version: HTTP/1.1)
HTTP/1.1 200 OK
Content-Type: application/json; charset=utf-8
cache-control: no-cache
content-length: 14

15:51:37.304 [AsyncHttpClient-1-3] DEBUG org.asynchttpclient.netty.channel.ChannelManager - Adding key: http://localhost:64971 for channel [id: 0x04140d10, L:/127.0.0.1:56203 - R:localhost/127.0.0.1:64971]
15:51:37.314 [Forwarding getCurrentUrl on session 01358476cd16cd45720a95da4a6281a0 to remote] DEBUG org.asynchttpclient.netty.request.NettyRequestSender - Using pooled Channel '[id: 0x04140d10, L:/127.0.0.1:56203 - R:localhost/127.0.0.1:64971]' for 'GET' to 'http://localhost:64971/session/01358476cd16cd45720a95da4a6281a0/url'
15:51:37.315 [Forwarding getCurrentUrl on session 01358476cd16cd45720a95da4a6281a0 to remote] DEBUG org.asynchttpclient.netty.request.NettyRequestSender - Using open Channel [id: 0x04140d10, L:/127.0.0.1:56203 - R:localhost/127.0.0.1:64971] for GET '/session/01358476cd16cd45720a95da4a6281a0/url'
15:51:37.327 [AsyncHttpClient-1-3] DEBUG org.asynchttpclient.netty.handler.HttpHandler - 

Request DefaultFullHttpRequest(decodeResult: success, version: HTTP/1.1, content: EmptyByteBufBE)
GET /session/01358476cd16cd45720a95da4a6281a0/url HTTP/1.1
User-Agent: selenium/4.1.2 (java windows)
Cache-Control: no-cache
Content-Type: application/json; charset=utf-8
host: localhost:64971
accept: */*

Response DefaultHttpResponse(decodeResult: success, version: HTTP/1.1)
HTTP/1.1 200 OK
Content-Type: application/json; charset=utf-8
cache-control: no-cache
content-length: 41

15:51:37.327 [AsyncHttpClient-1-3] DEBUG org.asynchttpclient.netty.channel.ChannelManager - Adding key: http://localhost:64971 for channel [id: 0x04140d10, L:/127.0.0.1:56203 - R:localhost/127.0.0.1:64971]
15:51:37.342 [Forwarding screenshot on session 01358476cd16cd45720a95da4a6281a0 to remote] DEBUG org.asynchttpclient.netty.request.NettyRequestSender - Using pooled Channel '[id: 0x04140d10, L:/127.0.0.1:56203 - R:localhost/127.0.0.1:64971]' for 'GET' to 'http://localhost:64971/session/01358476cd16cd45720a95da4a6281a0/screenshot'
15:51:37.342 [Forwarding screenshot on session 01358476cd16cd45720a95da4a6281a0 to remote] DEBUG org.asynchttpclient.netty.request.NettyRequestSender - Using open Channel [id: 0x04140d10, L:/127.0.0.1:56203 - R:localhost/127.0.0.1:64971] for GET '/session/01358476cd16cd45720a95da4a6281a0/screenshot'
15:51:37.459 [AsyncHttpClient-1-1] DEBUG org.asynchttpclient.netty.channel.DefaultChannelPool - Entry count for : http://localhost:56205 : 1
15:51:37.570 [AsyncHttpClient-1-3] DEBUG org.asynchttpclient.netty.handler.HttpHandler - 

Request DefaultFullHttpRequest(decodeResult: success, version: HTTP/1.1, content: EmptyByteBufBE)
GET /session/01358476cd16cd45720a95da4a6281a0/screenshot HTTP/1.1
User-Agent: selenium/4.1.2 (java windows)
Cache-Control: no-cache
Content-Type: application/json; charset=utf-8
host: localhost:64971
accept: */*

Response DefaultHttpResponse(decodeResult: success, version: HTTP/1.1)
HTTP/1.1 200 OK
Content-Type: application/json; charset=utf-8
cache-control: no-cache
content-length: 25384

15:51:37.572 [AsyncHttpClient-1-3] DEBUG org.asynchttpclient.netty.channel.ChannelManager - Adding key: http://localhost:64971 for channel [id: 0x04140d10, L:/127.0.0.1:56203 - R:localhost/127.0.0.1:64971]
15:51:37.575 [main] DEBUG net.serenitybdd.core.photography.Darkroom - Send negative for processing for target\site\serenity\49a3ec3fe6e588bb357024d38ea075b8250cb5f32bd132770e4d40bc98d606c0.png
15:51:37.575 [main] DEBUG net.thucydides.core.steps.StepInterceptor - STEP DONE: openUrl
  &amp#27;[32mGiven &amp#27;[0m&amp#27;[32mI am on qa.alta.id login page&amp#27;[0m           &amp#27;[90m# starter.stepdefinitions.LoginSteps.iAmOnQaAltaIdLoginPage()&amp#27;[0m
15:51:37.606 [main] DEBUG net.thucydides.core.steps.StepInterceptor - STARTING STEP: LoginSteps.inputEmail - inputEmail
15:51:37.612 [Forwarding findElement on session 01358476cd16cd45720a95da4a6281a0 to remote] DEBUG org.asynchttpclient.netty.request.NettyRequestSender - Using pooled Channel '[id: 0x04140d10, L:/127.0.0.1:56203 - R:localhost/127.0.0.1:64971]' for 'POST' to 'http://localhost:64971/session/01358476cd16cd45720a95da4a6281a0/element'
15:51:37.612 [Forwarding findElement on session 01358476cd16cd45720a95da4a6281a0 to remote] DEBUG org.asynchttpclient.netty.request.NettyRequestSender - Using open Channel [id: 0x04140d10, L:/127.0.0.1:56203 - R:localhost/127.0.0.1:64971] for POST '/session/01358476cd16cd45720a95da4a6281a0/element'
15:51:37.636 [AsyncHttpClient-1-3] DEBUG org.asynchttpclient.netty.handler.HttpHandler - 

Request DefaultHttpRequest(decodeResult: success, version: HTTP/1.1)
POST /session/01358476cd16cd45720a95da4a6281a0/element HTTP/1.1
User-Agent: selenium/4.1.2 (java windows)
Content-Length: 86
Content-Type: application/json; charset=utf-8
host: localhost:64971
accept: */*

Response DefaultHttpResponse(decodeResult: success, version: HTTP/1.1)
HTTP/1.1 200 OK
Content-Type: application/json; charset=utf-8
cache-control: no-cache
content-length: 88

15:51:37.636 [AsyncHttpClient-1-3] DEBUG org.asynchttpclient.netty.channel.ChannelManager - Adding key: http://localhost:64971 for channel [id: 0x04140d10, L:/127.0.0.1:56203 - R:localhost/127.0.0.1:64971]
15:51:37.639 [Forwarding clearElement on session 01358476cd16cd45720a95da4a6281a0 to remote] DEBUG org.asynchttpclient.netty.request.NettyRequestSender - Using pooled Channel '[id: 0x04140d10, L:/127.0.0.1:56203 - R:localhost/127.0.0.1:64971]' for 'POST' to 'http://localhost:64971/session/01358476cd16cd45720a95da4a6281a0/element/604a054d-6cb7-4725-b432-b4573e6fdaea/clear'
15:51:37.639 [Forwarding clearElement on session 01358476cd16cd45720a95da4a6281a0 to remote] DEBUG org.asynchttpclient.netty.request.NettyRequestSender - Using open Channel [id: 0x04140d10, L:/127.0.0.1:56203 - R:localhost/127.0.0.1:64971] for POST '/session/01358476cd16cd45720a95da4a6281a0/element/604a054d-6cb7-4725-b432-b4573e6fdaea/clear'
15:51:37.704 [AsyncHttpClient-1-3] DEBUG org.asynchttpclient.netty.handler.HttpHandler - 

Request DefaultHttpRequest(decodeResult: success, version: HTTP/1.1)
POST /session/01358476cd16cd45720a95da4a6281a0/element/604a054d-6cb7-4725-b432-b4573e6fdaea/clear HTTP/1.1
User-Agent: selenium/4.1.2 (java windows)
Content-Length: 50
Content-Type: application/json; charset=utf-8
host: localhost:64971
accept: */*

Response DefaultHttpResponse(decodeResult: success, version: HTTP/1.1)
HTTP/1.1 200 OK
Content-Type: application/json; charset=utf-8
cache-control: no-cache
content-length: 14

15:51:37.705 [AsyncHttpClient-1-3] DEBUG org.asynchttpclient.netty.channel.ChannelManager - Adding key: http://localhost:64971 for channel [id: 0x04140d10, L:/127.0.0.1:56203 - R:localhost/127.0.0.1:64971]
15:51:37.708 [Forwarding sendKeysToElement on session 01358476cd16cd45720a95da4a6281a0 to remote] DEBUG org.asynchttpclient.netty.request.NettyRequestSender - Using pooled Channel '[id: 0x04140d10, L:/127.0.0.1:56203 - R:localhost/127.0.0.1:64971]' for 'POST' to 'http://localhost:64971/session/01358476cd16cd45720a95da4a6281a0/element/604a054d-6cb7-4725-b432-b4573e6fdaea/value'
15:51:37.708 [Forwarding sendKeysToElement on session 01358476cd16cd45720a95da4a6281a0 to remote] DEBUG org.asynchttpclient.netty.request.NettyRequestSender - Using open Channel [id: 0x04140d10, L:/127.0.0.1:56203 - R:localhost/127.0.0.1:64971] for POST '/session/01358476cd16cd45720a95da4a6281a0/element/604a054d-6cb7-4725-b432-b4573e6fdaea/value'
15:51:37.853 [AsyncHttpClient-1-3] DEBUG org.asynchttpclient.netty.handler.HttpHandler - 

Request DefaultHttpRequest(decodeResult: success, version: HTTP/1.1)
POST /session/01358476cd16cd45720a95da4a6281a0/element/604a054d-6cb7-4725-b432-b4573e6fdaea/value HTTP/1.1
User-Agent: selenium/4.1.2 (java windows)
Content-Length: 82
Content-Type: application/json; charset=utf-8
host: localhost:64971
accept: */*

Response DefaultHttpResponse(decodeResult: success, version: HTTP/1.1)
HTTP/1.1 200 OK
Content-Type: application/json; charset=utf-8
cache-control: no-cache
content-length: 14

15:51:37.854 [AsyncHttpClient-1-3] DEBUG org.asynchttpclient.netty.channel.ChannelManager - Adding key: http://localhost:64971 for channel [id: 0x04140d10, L:/127.0.0.1:56203 - R:localhost/127.0.0.1:64971]
15:51:37.880 [Forwarding screenshot on session 01358476cd16cd45720a95da4a6281a0 to remote] DEBUG org.asynchttpclient.netty.request.NettyRequestSender - Using pooled Channel '[id: 0x04140d10, L:/127.0.0.1:56203 - R:localhost/127.0.0.1:64971]' for 'GET' to 'http://localhost:64971/session/01358476cd16cd45720a95da4a6281a0/screenshot'
15:51:37.880 [Forwarding screenshot on session 01358476cd16cd45720a95da4a6281a0 to remote] DEBUG org.asynchttpclient.netty.request.NettyRequestSender - Using open Channel [id: 0x04140d10, L:/127.0.0.1:56203 - R:localhost/127.0.0.1:64971] for GET '/session/01358476cd16cd45720a95da4a6281a0/screenshot'
15:51:38.165 [AsyncHttpClient-1-3] DEBUG org.asynchttpclient.netty.handler.HttpHandler - 

Request DefaultFullHttpRequest(decodeResult: success, version: HTTP/1.1, content: EmptyByteBufBE)
GET /session/01358476cd16cd45720a95da4a6281a0/screenshot HTTP/1.1
User-Agent: selenium/4.1.2 (java windows)
Cache-Control: no-cache
Content-Type: application/json; charset=utf-8
host: localhost:64971
accept: */*

Response DefaultHttpResponse(decodeResult: success, version: HTTP/1.1)
HTTP/1.1 200 OK
Content-Type: application/json; charset=utf-8
cache-control: no-cache
content-length: 25552

15:51:38.166 [AsyncHttpClient-1-3] DEBUG org.asynchttpclient.netty.channel.ChannelManager - Adding key: http://localhost:64971 for channel [id: 0x04140d10, L:/127.0.0.1:56203 - R:localhost/127.0.0.1:64971]
15:51:38.173 [main] DEBUG net.serenitybdd.core.photography.Darkroom - Send negative for processing for target\site\serenity\93c1bc4921c4bc1fe7597302bc7c23d401b93f6fc4daf10d6546ed3f19f91ff1.png
15:51:38.174 [Darkroom Processing Line] DEBUG net.serenitybdd.core.photography.DarkroomProcessingLine - Processing screenshot image in /var/screenshots/screenshot-4812462459060248319
15:51:38.174 [Darkroom Processing Line] DEBUG net.serenitybdd.core.photography.DarkroomProcessingLine - Saving screenshot to target\site\serenity\93c1bc4921c4bc1fe7597302bc7c23d401b93f6fc4daf10d6546ed3f19f91ff1.png
15:51:38.175 [main] DEBUG net.thucydides.core.steps.StepInterceptor - STEP DONE: inputEmail
  &amp#27;[32mWhen &amp#27;[0m&amp#27;[32mI input &amp#27;[0m&amp#27;[32m&amp#27;[1m""&amp#27;[0m                               &amp#27;[90m# starter.stepdefinitions.LoginSteps.inputEmail(java.lang.String)&amp#27;[0m
15:51:38.214 [main] DEBUG net.thucydides.core.steps.StepInterceptor - STARTING STEP: LoginSteps.input - inputPassword
15:51:38.224 [Forwarding findElement on session 01358476cd16cd45720a95da4a6281a0 to remote] DEBUG org.asynchttpclient.netty.request.NettyRequestSender - Using pooled Channel '[id: 0x04140d10, L:/127.0.0.1:56203 - R:localhost/127.0.0.1:64971]' for 'POST' to 'http://localhost:64971/session/01358476cd16cd45720a95da4a6281a0/element'
15:51:38.225 [Forwarding findElement on session 01358476cd16cd45720a95da4a6281a0 to remote] DEBUG org.asynchttpclient.netty.request.NettyRequestSender - Using open Channel [id: 0x04140d10, L:/127.0.0.1:56203 - R:localhost/127.0.0.1:64971] for POST '/session/01358476cd16cd45720a95da4a6281a0/element'
15:51:38.249 [AsyncHttpClient-1-3] DEBUG org.asynchttpclient.netty.handler.HttpHandler - 

Request DefaultHttpRequest(decodeResult: success, version: HTTP/1.1)
POST /session/01358476cd16cd45720a95da4a6281a0/element HTTP/1.1
User-Agent: selenium/4.1.2 (java windows)
Content-Length: 89
Content-Type: application/json; charset=utf-8
host: localhost:64971
accept: */*

Response DefaultHttpResponse(decodeResult: success, version: HTTP/1.1)
HTTP/1.1 200 OK
Content-Type: application/json; charset=utf-8
cache-control: no-cache
content-length: 88

15:51:38.250 [AsyncHttpClient-1-3] DEBUG org.asynchttpclient.netty.channel.ChannelManager - Adding key: http://localhost:64971 for channel [id: 0x04140d10, L:/127.0.0.1:56203 - R:localhost/127.0.0.1:64971]
15:51:38.258 [Forwarding clearElement on session 01358476cd16cd45720a95da4a6281a0 to remote] DEBUG org.asynchttpclient.netty.request.NettyRequestSender - Using pooled Channel '[id: 0x04140d10, L:/127.0.0.1:56203 - R:localhost/127.0.0.1:64971]' for 'POST' to 'http://localhost:64971/session/01358476cd16cd45720a95da4a6281a0/element/54f8954c-3e10-4470-974e-da3e7a70cf88/clear'
15:51:38.258 [Forwarding clearElement on session 01358476cd16cd45720a95da4a6281a0 to remote] DEBUG org.asynchttpclient.netty.request.NettyRequestSender - Using open Channel [id: 0x04140d10, L:/127.0.0.1:56203 - R:localhost/127.0.0.1:64971] for POST '/session/01358476cd16cd45720a95da4a6281a0/element/54f8954c-3e10-4470-974e-da3e7a70cf88/clear'
15:51:38.340 [AsyncHttpClient-1-3] DEBUG org.asynchttpclient.netty.handler.HttpHandler - 

Request DefaultHttpRequest(decodeResult: success, version: HTTP/1.1)
POST /session/01358476cd16cd45720a95da4a6281a0/element/54f8954c-3e10-4470-974e-da3e7a70cf88/clear HTTP/1.1
User-Agent: selenium/4.1.2 (java windows)
Content-Length: 50
Content-Type: application/json; charset=utf-8
host: localhost:64971
accept: */*

Response DefaultHttpResponse(decodeResult: success, version: HTTP/1.1)
HTTP/1.1 200 OK
Content-Type: application/json; charset=utf-8
cache-control: no-cache
content-length: 14

15:51:38.341 [AsyncHttpClient-1-3] DEBUG org.asynchttpclient.netty.channel.ChannelManager - Adding key: http://localhost:64971 for channel [id: 0x04140d10, L:/127.0.0.1:56203 - R:localhost/127.0.0.1:64971]
15:51:38.346 [Forwarding sendKeysToElement on session 01358476cd16cd45720a95da4a6281a0 to remote] DEBUG org.asynchttpclient.netty.request.NettyRequestSender - Using pooled Channel '[id: 0x04140d10, L:/127.0.0.1:56203 - R:localhost/127.0.0.1:64971]' for 'POST' to 'http://localhost:64971/session/01358476cd16cd45720a95da4a6281a0/element/54f8954c-3e10-4470-974e-da3e7a70cf88/value'
15:51:38.346 [Forwarding sendKeysToElement on session 01358476cd16cd45720a95da4a6281a0 to remote] DEBUG org.asynchttpclient.netty.request.NettyRequestSender - Using open Channel [id: 0x04140d10, L:/127.0.0.1:56203 - R:localhost/127.0.0.1:64971] for POST '/session/01358476cd16cd45720a95da4a6281a0/element/54f8954c-3e10-4470-974e-da3e7a70cf88/value'
15:51:38.484 [AsyncHttpClient-1-3] DEBUG org.asynchttpclient.netty.handler.HttpHandler - 

Request DefaultHttpRequest(decodeResult: success, version: HTTP/1.1)
POST /session/01358476cd16cd45720a95da4a6281a0/element/54f8954c-3e10-4470-974e-da3e7a70cf88/value HTTP/1.1
User-Agent: selenium/4.1.2 (java windows)
Content-Length: 82
Content-Type: application/json; charset=utf-8
host: localhost:64971
accept: */*

Response DefaultHttpResponse(decodeResult: success, version: HTTP/1.1)
HTTP/1.1 200 OK
Content-Type: application/json; charset=utf-8
cache-control: no-cache
content-length: 14

15:51:38.484 [AsyncHttpClient-1-3] DEBUG org.asynchttpclient.netty.channel.ChannelManager - Adding key: http://localhost:64971 for channel [id: 0x04140d10, L:/127.0.0.1:56203 - R:localhost/127.0.0.1:64971]
15:51:38.511 [Forwarding screenshot on session 01358476cd16cd45720a95da4a6281a0 to remote] DEBUG org.asynchttpclient.netty.request.NettyRequestSender - Using pooled Channel '[id: 0x04140d10, L:/127.0.0.1:56203 - R:localhost/127.0.0.1:64971]' for 'GET' to 'http://localhost:64971/session/01358476cd16cd45720a95da4a6281a0/screenshot'
15:51:38.511 [Forwarding screenshot on session 01358476cd16cd45720a95da4a6281a0 to remote] DEBUG org.asynchttpclient.netty.request.NettyRequestSender - Using open Channel [id: 0x04140d10, L:/127.0.0.1:56203 - R:localhost/127.0.0.1:64971] for GET '/session/01358476cd16cd45720a95da4a6281a0/screenshot'
15:51:38.561 [AsyncHttpClient-1-1] DEBUG org.asynchttpclient.netty.channel.DefaultChannelPool - Entry count for : http://localhost:56205 : 1
15:51:38.783 [AsyncHttpClient-1-3] DEBUG org.asynchttpclient.netty.handler.HttpHandler - 

Request DefaultFullHttpRequest(decodeResult: success, version: HTTP/1.1, content: EmptyByteBufBE)
GET /session/01358476cd16cd45720a95da4a6281a0/screenshot HTTP/1.1
User-Agent: selenium/4.1.2 (java windows)
Cache-Control: no-cache
Content-Type: application/json; charset=utf-8
host: localhost:64971
accept: */*

Response DefaultHttpResponse(decodeResult: success, version: HTTP/1.1)
HTTP/1.1 200 OK
Content-Type: application/json; charset=utf-8
cache-control: no-cache
content-length: 25620

15:51:38.783 [AsyncHttpClient-1-3] DEBUG org.asynchttpclient.netty.channel.ChannelManager - Adding key: http://localhost:64971 for channel [id: 0x04140d10, L:/127.0.0.1:56203 - R:localhost/127.0.0.1:64971]
15:51:38.792 [main] DEBUG net.serenitybdd.core.photography.Darkroom - Send negative for processing for target\site\serenity\07e16078cf9cd44b2e05d7eaaed516840a04a640c677b2a47ad4809897f5dd2d.png
15:51:38.792 [main] DEBUG net.thucydides.core.steps.StepInterceptor - STEP DONE: inputPassword
  &amp#27;[32mAnd &amp#27;[0m&amp#27;[32mInput &amp#27;[0m&amp#27;[32m&amp#27;[1m""&amp#27;[0m                                  &amp#27;[90m# starter.stepdefinitions.LoginSteps.input(java.lang.String)&amp#27;[0m
15:51:38.805 [Darkroom Processing Line] DEBUG net.serenitybdd.core.photography.DarkroomProcessingLine - Processing screenshot image in /var/screenshots/screenshot-2607510732268090772
15:51:38.805 [Darkroom Processing Line] DEBUG net.serenitybdd.core.photography.DarkroomProcessingLine - Saving screenshot to target\site\serenity\07e16078cf9cd44b2e05d7eaaed516840a04a640c677b2a47ad4809897f5dd2d.png
15:51:38.858 [Forwarding screenshot on session 01358476cd16cd45720a95da4a6281a0 to remote] DEBUG org.asynchttpclient.netty.request.NettyRequestSender - Using pooled Channel '[id: 0x04140d10, L:/127.0.0.1:56203 - R:localhost/127.0.0.1:64971]' for 'GET' to 'http://localhost:64971/session/01358476cd16cd45720a95da4a6281a0/screenshot'
15:51:38.858 [Forwarding screenshot on session 01358476cd16cd45720a95da4a6281a0 to remote] DEBUG org.asynchttpclient.netty.request.NettyRequestSender - Using open Channel [id: 0x04140d10, L:/127.0.0.1:56203 - R:localhost/127.0.0.1:64971] for GET '/session/01358476cd16cd45720a95da4a6281a0/screenshot'
15:51:39.117 [AsyncHttpClient-1-3] DEBUG org.asynchttpclient.netty.handler.HttpHandler - 

Request DefaultFullHttpRequest(decodeResult: success, version: HTTP/1.1, content: EmptyByteBufBE)
GET /session/01358476cd16cd45720a95da4a6281a0/screenshot HTTP/1.1
User-Agent: selenium/4.1.2 (java windows)
Cache-Control: no-cache
Content-Type: application/json; charset=utf-8
host: localhost:64971
accept: */*

Response DefaultHttpResponse(decodeResult: success, version: HTTP/1.1)
HTTP/1.1 200 OK
Content-Type: application/json; charset=utf-8
cache-control: no-cache
content-length: 24452

15:51:39.118 [AsyncHttpClient-1-3] DEBUG org.asynchttpclient.netty.channel.ChannelManager - Adding key: http://localhost:64971 for channel [id: 0x04140d10, L:/127.0.0.1:56203 - R:localhost/127.0.0.1:64971]
15:51:39.129 [main] DEBUG net.serenitybdd.core.photography.Darkroom - Send negative for processing for target\site\serenity\da9d9c65b6c5b2863963661f406f837e8dce2e18f52fcad2d598c1fdf5581abf.png
15:51:39.131 [main] DEBUG net.thucydides.core.steps.StepInterceptor - STARTING STEP: LoginSteps.clickLoginButton - clickLoginButton
15:51:39.145 [Forwarding findElement on session 01358476cd16cd45720a95da4a6281a0 to remote] DEBUG org.asynchttpclient.netty.request.NettyRequestSender - Using pooled Channel '[id: 0x04140d10, L:/127.0.0.1:56203 - R:localhost/127.0.0.1:64971]' for 'POST' to 'http://localhost:64971/session/01358476cd16cd45720a95da4a6281a0/element'
15:51:39.145 [Forwarding findElement on session 01358476cd16cd45720a95da4a6281a0 to remote] DEBUG org.asynchttpclient.netty.request.NettyRequestSender - Using open Channel [id: 0x04140d10, L:/127.0.0.1:56203 - R:localhost/127.0.0.1:64971] for POST '/session/01358476cd16cd45720a95da4a6281a0/element'
15:51:39.153 [Darkroom Processing Line] DEBUG net.serenitybdd.core.photography.DarkroomProcessingLine - Processing screenshot image in /var/screenshots/screenshot-14329588622870519187
15:51:39.154 [Darkroom Processing Line] DEBUG net.serenitybdd.core.photography.DarkroomProcessingLine - Saving screenshot to target\site\serenity\da9d9c65b6c5b2863963661f406f837e8dce2e18f52fcad2d598c1fdf5581abf.png
15:51:39.181 [AsyncHttpClient-1-3] DEBUG org.asynchttpclient.netty.handler.HttpHandler - 

Request DefaultHttpRequest(decodeResult: success, version: HTTP/1.1)
POST /session/01358476cd16cd45720a95da4a6281a0/element HTTP/1.1
User-Agent: selenium/4.1.2 (java windows)
Content-Length: 136
Content-Type: application/json; charset=utf-8
host: localhost:64971
accept: */*

Response DefaultHttpResponse(decodeResult: success, version: HTTP/1.1)
HTTP/1.1 200 OK
Content-Type: application/json; charset=utf-8
cache-control: no-cache
content-length: 88

15:51:39.181 [AsyncHttpClient-1-3] DEBUG org.asynchttpclient.netty.channel.ChannelManager - Adding key: http://localhost:64971 for channel [id: 0x04140d10, L:/127.0.0.1:56203 - R:localhost/127.0.0.1:64971]
15:51:39.187 [Forwarding getElementTagName on session 01358476cd16cd45720a95da4a6281a0 to remote] DEBUG org.asynchttpclient.netty.request.NettyRequestSender - Using pooled Channel '[id: 0x04140d10, L:/127.0.0.1:56203 - R:localhost/127.0.0.1:64971]' for 'GET' to 'http://localhost:64971/session/01358476cd16cd45720a95da4a6281a0/element/96eb3b38-fc83-4d53-ba28-1eb65c1ba66d/name'
15:51:39.187 [Forwarding getElementTagName on session 01358476cd16cd45720a95da4a6281a0 to remote] DEBUG org.asynchttpclient.netty.request.NettyRequestSender - Using open Channel [id: 0x04140d10, L:/127.0.0.1:56203 - R:localhost/127.0.0.1:64971] for GET '/session/01358476cd16cd45720a95da4a6281a0/element/96eb3b38-fc83-4d53-ba28-1eb65c1ba66d/name'
15:51:39.197 [AsyncHttpClient-1-3] DEBUG org.asynchttpclient.netty.handler.HttpHandler - 

Request DefaultFullHttpRequest(decodeResult: success, version: HTTP/1.1, content: EmptyByteBufBE)
GET /session/01358476cd16cd45720a95da4a6281a0/element/96eb3b38-fc83-4d53-ba28-1eb65c1ba66d/name HTTP/1.1
User-Agent: selenium/4.1.2 (java windows)
Cache-Control: no-cache
Content-Type: application/json; charset=utf-8
host: localhost:64971
accept: */*

Response DefaultHttpResponse(decodeResult: success, version: HTTP/1.1)
HTTP/1.1 200 OK
Content-Type: application/json; charset=utf-8
cache-control: no-cache
content-length: 18

15:51:39.198 [AsyncHttpClient-1-3] DEBUG org.asynchttpclient.netty.channel.ChannelManager - Adding key: http://localhost:64971 for channel [id: 0x04140d10, L:/127.0.0.1:56203 - R:localhost/127.0.0.1:64971]
15:51:39.201 [Forwarding getElementTagName on session 01358476cd16cd45720a95da4a6281a0 to remote] DEBUG org.asynchttpclient.netty.request.NettyRequestSender - Using pooled Channel '[id: 0x04140d10, L:/127.0.0.1:56203 - R:localhost/127.0.0.1:64971]' for 'GET' to 'http://localhost:64971/session/01358476cd16cd45720a95da4a6281a0/element/96eb3b38-fc83-4d53-ba28-1eb65c1ba66d/name'
15:51:39.202 [Forwarding getElementTagName on session 01358476cd16cd45720a95da4a6281a0 to remote] DEBUG org.asynchttpclient.netty.request.NettyRequestSender - Using open Channel [id: 0x04140d10, L:/127.0.0.1:56203 - R:localhost/127.0.0.1:64971] for GET '/session/01358476cd16cd45720a95da4a6281a0/element/96eb3b38-fc83-4d53-ba28-1eb65c1ba66d/name'
15:51:39.207 [AsyncHttpClient-1-3] DEBUG org.asynchttpclient.netty.handler.HttpHandler - 

Request DefaultFullHttpRequest(decodeResult: success, version: HTTP/1.1, content: EmptyByteBufBE)
GET /session/01358476cd16cd45720a95da4a6281a0/element/96eb3b38-fc83-4d53-ba28-1eb65c1ba66d/name HTTP/1.1
User-Agent: selenium/4.1.2 (java windows)
Cache-Control: no-cache
Content-Type: application/json; charset=utf-8
host: localhost:64971
accept: */*

Response DefaultHttpResponse(decodeResult: success, version: HTTP/1.1)
HTTP/1.1 200 OK
Content-Type: application/json; charset=utf-8
cache-control: no-cache
content-length: 18

15:51:39.208 [AsyncHttpClient-1-3] DEBUG org.asynchttpclient.netty.channel.ChannelManager - Adding key: http://localhost:64971 for channel [id: 0x04140d10, L:/127.0.0.1:56203 - R:localhost/127.0.0.1:64971]
15:51:39.213 [Forwarding isElementEnabled on session 01358476cd16cd45720a95da4a6281a0 to remote] DEBUG org.asynchttpclient.netty.request.NettyRequestSender - Using pooled Channel '[id: 0x04140d10, L:/127.0.0.1:56203 - R:localhost/127.0.0.1:64971]' for 'GET' to 'http://localhost:64971/session/01358476cd16cd45720a95da4a6281a0/element/96eb3b38-fc83-4d53-ba28-1eb65c1ba66d/enabled'
15:51:39.213 [Forwarding isElementEnabled on session 01358476cd16cd45720a95da4a6281a0 to remote] DEBUG org.asynchttpclient.netty.request.NettyRequestSender - Using open Channel [id: 0x04140d10, L:/127.0.0.1:56203 - R:localhost/127.0.0.1:64971] for GET '/session/01358476cd16cd45720a95da4a6281a0/element/96eb3b38-fc83-4d53-ba28-1eb65c1ba66d/enabled'
15:51:39.227 [AsyncHttpClient-1-3] DEBUG org.asynchttpclient.netty.handler.HttpHandler - 

Request DefaultFullHttpRequest(decodeResult: success, version: HTTP/1.1, content: EmptyByteBufBE)
GET /session/01358476cd16cd45720a95da4a6281a0/element/96eb3b38-fc83-4d53-ba28-1eb65c1ba66d/enabled HTTP/1.1
User-Agent: selenium/4.1.2 (java windows)
Cache-Control: no-cache
Content-Type: application/json; charset=utf-8
host: localhost:64971
accept: */*

Response DefaultHttpResponse(decodeResult: success, version: HTTP/1.1)
HTTP/1.1 200 OK
Content-Type: application/json; charset=utf-8
cache-control: no-cache
content-length: 14

15:51:39.227 [AsyncHttpClient-1-3] DEBUG org.asynchttpclient.netty.channel.ChannelManager - Adding key: http://localhost:64971 for channel [id: 0x04140d10, L:/127.0.0.1:56203 - R:localhost/127.0.0.1:64971]
15:51:39.232 [Forwarding isElementEnabled on session 01358476cd16cd45720a95da4a6281a0 to remote] DEBUG org.asynchttpclient.netty.request.NettyRequestSender - Using pooled Channel '[id: 0x04140d10, L:/127.0.0.1:56203 - R:localhost/127.0.0.1:64971]' for 'GET' to 'http://localhost:64971/session/01358476cd16cd45720a95da4a6281a0/element/96eb3b38-fc83-4d53-ba28-1eb65c1ba66d/enabled'
15:51:39.232 [Forwarding isElementEnabled on session 01358476cd16cd45720a95da4a6281a0 to remote] DEBUG org.asynchttpclient.netty.request.NettyRequestSender - Using open Channel [id: 0x04140d10, L:/127.0.0.1:56203 - R:localhost/127.0.0.1:64971] for GET '/session/01358476cd16cd45720a95da4a6281a0/element/96eb3b38-fc83-4d53-ba28-1eb65c1ba66d/enabled'
15:51:39.247 [AsyncHttpClient-1-3] DEBUG org.asynchttpclient.netty.handler.HttpHandler - 

Request DefaultFullHttpRequest(decodeResult: success, version: HTTP/1.1, content: EmptyByteBufBE)
GET /session/01358476cd16cd45720a95da4a6281a0/element/96eb3b38-fc83-4d53-ba28-1eb65c1ba66d/enabled HTTP/1.1
User-Agent: selenium/4.1.2 (java windows)
Cache-Control: no-cache
Content-Type: application/json; charset=utf-8
host: localhost:64971
accept: */*

Response DefaultHttpResponse(decodeResult: success, version: HTTP/1.1)
HTTP/1.1 200 OK
Content-Type: application/json; charset=utf-8
cache-control: no-cache
content-length: 14

15:51:39.247 [AsyncHttpClient-1-3] DEBUG org.asynchttpclient.netty.channel.ChannelManager - Adding key: http://localhost:64971 for channel [id: 0x04140d10, L:/127.0.0.1:56203 - R:localhost/127.0.0.1:64971]
15:51:39.252 [Forwarding findElement on session 01358476cd16cd45720a95da4a6281a0 to remote] DEBUG org.asynchttpclient.netty.request.NettyRequestSender - Using pooled Channel '[id: 0x04140d10, L:/127.0.0.1:56203 - R:localhost/127.0.0.1:64971]' for 'POST' to 'http://localhost:64971/session/01358476cd16cd45720a95da4a6281a0/element'
15:51:39.253 [Forwarding findElement on session 01358476cd16cd45720a95da4a6281a0 to remote] DEBUG org.asynchttpclient.netty.request.NettyRequestSender - Using open Channel [id: 0x04140d10, L:/127.0.0.1:56203 - R:localhost/127.0.0.1:64971] for POST '/session/01358476cd16cd45720a95da4a6281a0/element'
15:51:39.266 [AsyncHttpClient-1-3] DEBUG org.asynchttpclient.netty.handler.HttpHandler - 

Request DefaultHttpRequest(decodeResult: success, version: HTTP/1.1)
POST /session/01358476cd16cd45720a95da4a6281a0/element HTTP/1.1
User-Agent: selenium/4.1.2 (java windows)
Content-Length: 136
Content-Type: application/json; charset=utf-8
host: localhost:64971
accept: */*

Response DefaultHttpResponse(decodeResult: success, version: HTTP/1.1)
HTTP/1.1 200 OK
Content-Type: application/json; charset=utf-8
cache-control: no-cache
content-length: 88

15:51:39.266 [AsyncHttpClient-1-3] DEBUG org.asynchttpclient.netty.channel.ChannelManager - Adding key: http://localhost:64971 for channel [id: 0x04140d10, L:/127.0.0.1:56203 - R:localhost/127.0.0.1:64971]
15:51:39.269 [Forwarding clickElement on session 01358476cd16cd45720a95da4a6281a0 to remote] DEBUG org.asynchttpclient.netty.request.NettyRequestSender - Using pooled Channel '[id: 0x04140d10, L:/127.0.0.1:56203 - R:localhost/127.0.0.1:64971]' for 'POST' to 'http://localhost:64971/session/01358476cd16cd45720a95da4a6281a0/element/96eb3b38-fc83-4d53-ba28-1eb65c1ba66d/click'
15:51:39.270 [Forwarding clickElement on session 01358476cd16cd45720a95da4a6281a0 to remote] DEBUG org.asynchttpclient.netty.request.NettyRequestSender - Using open Channel [id: 0x04140d10, L:/127.0.0.1:56203 - R:localhost/127.0.0.1:64971] for POST '/session/01358476cd16cd45720a95da4a6281a0/element/96eb3b38-fc83-4d53-ba28-1eb65c1ba66d/click'
15:51:39.358 [AsyncHttpClient-1-3] DEBUG org.asynchttpclient.netty.handler.HttpHandler - 

Request DefaultHttpRequest(decodeResult: success, version: HTTP/1.1)
POST /session/01358476cd16cd45720a95da4a6281a0/element/96eb3b38-fc83-4d53-ba28-1eb65c1ba66d/click HTTP/1.1
User-Agent: selenium/4.1.2 (java windows)
Content-Length: 50
Content-Type: application/json; charset=utf-8
host: localhost:64971
accept: */*

Response DefaultHttpResponse(decodeResult: success, version: HTTP/1.1)
HTTP/1.1 200 OK
Content-Type: application/json; charset=utf-8
cache-control: no-cache
content-length: 14

15:51:39.359 [AsyncHttpClient-1-3] DEBUG org.asynchttpclient.netty.channel.ChannelManager - Adding key: http://localhost:64971 for channel [id: 0x04140d10, L:/127.0.0.1:56203 - R:localhost/127.0.0.1:64971]
15:51:39.380 [Forwarding screenshot on session 01358476cd16cd45720a95da4a6281a0 to remote] DEBUG org.asynchttpclient.netty.request.NettyRequestSender - Using pooled Channel '[id: 0x04140d10, L:/127.0.0.1:56203 - R:localhost/127.0.0.1:64971]' for 'GET' to 'http://localhost:64971/session/01358476cd16cd45720a95da4a6281a0/screenshot'
15:51:39.381 [Forwarding screenshot on session 01358476cd16cd45720a95da4a6281a0 to remote] DEBUG org.asynchttpclient.netty.request.NettyRequestSender - Using open Channel [id: 0x04140d10, L:/127.0.0.1:56203 - R:localhost/127.0.0.1:64971] for GET '/session/01358476cd16cd45720a95da4a6281a0/screenshot'
15:51:39.680 [AsyncHttpClient-1-1] DEBUG org.asynchttpclient.netty.channel.DefaultChannelPool - Entry count for : http://localhost:56205 : 1
15:51:39.795 [AsyncHttpClient-1-3] DEBUG org.asynchttpclient.netty.handler.HttpHandler - 

Request DefaultFullHttpRequest(decodeResult: success, version: HTTP/1.1, content: EmptyByteBufBE)
GET /session/01358476cd16cd45720a95da4a6281a0/screenshot HTTP/1.1
User-Agent: selenium/4.1.2 (java windows)
Cache-Control: no-cache
Content-Type: application/json; charset=utf-8
host: localhost:64971
accept: */*

Response DefaultHttpResponse(decodeResult: success, version: HTTP/1.1)
HTTP/1.1 200 OK
Content-Type: application/json; charset=utf-8
cache-control: no-cache
content-length: 25664

15:51:39.800 [AsyncHttpClient-1-3] DEBUG org.asynchttpclient.netty.channel.ChannelManager - Adding key: http://localhost:64971 for channel [id: 0x04140d10, L:/127.0.0.1:56203 - R:localhost/127.0.0.1:64971]
15:51:39.810 [main] DEBUG net.serenitybdd.core.photography.Darkroom - Send negative for processing for target\site\serenity\a93760b2f500db79c8933da005982a68b2aa819f576a184ecbf29aac1f7fda42.png
15:51:39.811 [main] DEBUG net.thucydides.core.steps.StepInterceptor - STEP DONE: clickLoginButton
  &amp#27;[32mAnd &amp#27;[0m&amp#27;[32mClick login button&amp#27;[0m                        &amp#27;[90m# starter.stepdefinitions.LoginSteps.clickLoginButton()&amp#27;[0m
15:51:39.856 [Darkroom Processing Line] DEBUG net.serenitybdd.core.photography.DarkroomProcessingLine - Processing screenshot image in /var/screenshots/screenshot-7200069043284919583
15:51:39.856 [Darkroom Processing Line] DEBUG net.serenitybdd.core.photography.DarkroomProcessingLine - Saving screenshot to target\site\serenity\a93760b2f500db79c8933da005982a68b2aa819f576a184ecbf29aac1f7fda42.png
15:51:39.868 [Forwarding screenshot on session 01358476cd16cd45720a95da4a6281a0 to remote] DEBUG org.asynchttpclient.netty.request.NettyRequestSender - Using pooled Channel '[id: 0x04140d10, L:/127.0.0.1:56203 - R:localhost/127.0.0.1:64971]' for 'GET' to 'http://localhost:64971/session/01358476cd16cd45720a95da4a6281a0/screenshot'
15:51:39.869 [Forwarding screenshot on session 01358476cd16cd45720a95da4a6281a0 to remote] DEBUG org.asynchttpclient.netty.request.NettyRequestSender - Using open Channel [id: 0x04140d10, L:/127.0.0.1:56203 - R:localhost/127.0.0.1:64971] for GET '/session/01358476cd16cd45720a95da4a6281a0/screenshot'
15:51:40.246 [AsyncHttpClient-1-3] DEBUG org.asynchttpclient.netty.handler.HttpHandler - 

Request DefaultFullHttpRequest(decodeResult: success, version: HTTP/1.1, content: EmptyByteBufBE)
GET /session/01358476cd16cd45720a95da4a6281a0/screenshot HTTP/1.1
User-Agent: selenium/4.1.2 (java windows)
Cache-Control: no-cache
Content-Type: application/json; charset=utf-8
host: localhost:64971
accept: */*

Response DefaultHttpResponse(decodeResult: success, version: HTTP/1.1)
HTTP/1.1 200 OK
Content-Type: application/json; charset=utf-8
cache-control: no-cache
content-length: 29644

15:51:40.246 [AsyncHttpClient-1-3] DEBUG org.asynchttpclient.netty.channel.ChannelManager - Adding key: http://localhost:64971 for channel [id: 0x04140d10, L:/127.0.0.1:56203 - R:localhost/127.0.0.1:64971]
15:51:40.252 [main] DEBUG net.serenitybdd.core.photography.Darkroom - Send negative for processing for target\site\serenity\a7114aa97f37438dcd8e2e63fb51da1ab99ab2034bcaa8553100060b3d19ddb2.png
15:51:40.252 [main] DEBUG net.thucydides.core.steps.StepInterceptor - STARTING STEP: LoginSteps.iGet - errorMessageAppears
15:51:40.253 [Darkroom Processing Line] DEBUG net.serenitybdd.core.photography.DarkroomProcessingLine - Processing screenshot image in /var/screenshots/screenshot-15923075576666603807
15:51:40.254 [Darkroom Processing Line] DEBUG net.serenitybdd.core.photography.DarkroomProcessingLine - Saving screenshot to target\site\serenity\a7114aa97f37438dcd8e2e63fb51da1ab99ab2034bcaa8553100060b3d19ddb2.png
15:51:40.268 [Forwarding findElement on session 01358476cd16cd45720a95da4a6281a0 to remote] DEBUG org.asynchttpclient.netty.request.NettyRequestSender - Using pooled Channel '[id: 0x04140d10, L:/127.0.0.1:56203 - R:localhost/127.0.0.1:64971]' for 'POST' to 'http://localhost:64971/session/01358476cd16cd45720a95da4a6281a0/element'
15:51:40.268 [Forwarding findElement on session 01358476cd16cd45720a95da4a6281a0 to remote] DEBUG org.asynchttpclient.netty.request.NettyRequestSender - Using open Channel [id: 0x04140d10, L:/127.0.0.1:56203 - R:localhost/127.0.0.1:64971] for POST '/session/01358476cd16cd45720a95da4a6281a0/element'
15:51:40.276 [AsyncHttpClient-1-3] DEBUG org.asynchttpclient.netty.handler.HttpHandler - 

Request DefaultHttpRequest(decodeResult: success, version: HTTP/1.1)
POST /session/01358476cd16cd45720a95da4a6281a0/element HTTP/1.1
User-Agent: selenium/4.1.2 (java windows)
Content-Length: 53
Content-Type: application/json; charset=utf-8
host: localhost:64971
accept: */*

Response DefaultHttpResponse(decodeResult: success, version: HTTP/1.1)
HTTP/1.1 400 Bad Request
Content-Type: application/json; charset=utf-8
cache-control: no-cache
content-length: 957

15:51:40.276 [AsyncHttpClient-1-3] DEBUG org.asynchttpclient.netty.channel.ChannelManager - Adding key: http://localhost:64971 for channel [id: 0x04140d10, L:/127.0.0.1:56203 - R:localhost/127.0.0.1:64971]
15:51:40.285 [Forwarding findElement on session 01358476cd16cd45720a95da4a6281a0 to remote] DEBUG org.asynchttpclient.netty.request.NettyRequestSender - Using pooled Channel '[id: 0x04140d10, L:/127.0.0.1:56203 - R:localhost/127.0.0.1:64971]' for 'POST' to 'http://localhost:64971/session/01358476cd16cd45720a95da4a6281a0/element'
15:51:40.285 [Forwarding findElement on session 01358476cd16cd45720a95da4a6281a0 to remote] DEBUG org.asynchttpclient.netty.request.NettyRequestSender - Using open Channel [id: 0x04140d10, L:/127.0.0.1:56203 - R:localhost/127.0.0.1:64971] for POST '/session/01358476cd16cd45720a95da4a6281a0/element'
15:51:40.308 [AsyncHttpClient-1-3] DEBUG org.asynchttpclient.netty.handler.HttpHandler - 

Request DefaultHttpRequest(decodeResult: success, version: HTTP/1.1)
POST /session/01358476cd16cd45720a95da4a6281a0/element HTTP/1.1
User-Agent: selenium/4.1.2 (java windows)
Content-Length: 63
Content-Type: application/json; charset=utf-8
host: localhost:64971
accept: */*

Response DefaultHttpResponse(decodeResult: success, version: HTTP/1.1)
HTTP/1.1 200 OK
Content-Type: application/json; charset=utf-8
cache-control: no-cache
content-length: 88

15:51:40.309 [AsyncHttpClient-1-3] DEBUG org.asynchttpclient.netty.channel.ChannelManager - Adding key: http://localhost:64971 for channel [id: 0x04140d10, L:/127.0.0.1:56203 - R:localhost/127.0.0.1:64971]
15:51:40.327 [Forwarding isElementDisplayed on session 01358476cd16cd45720a95da4a6281a0 to remote] DEBUG org.asynchttpclient.netty.request.NettyRequestSender - Using pooled Channel '[id: 0x04140d10, L:/127.0.0.1:56203 - R:localhost/127.0.0.1:64971]' for 'POST' to 'http://localhost:64971/session/01358476cd16cd45720a95da4a6281a0/execute/sync'
15:51:40.327 [Forwarding isElementDisplayed on session 01358476cd16cd45720a95da4a6281a0 to remote] DEBUG org.asynchttpclient.netty.request.NettyRequestSender - Using open Channel [id: 0x04140d10, L:/127.0.0.1:56203 - R:localhost/127.0.0.1:64971] for POST '/session/01358476cd16cd45720a95da4a6281a0/execute/sync'
15:51:40.360 [AsyncHttpClient-1-3] DEBUG org.asynchttpclient.netty.handler.HttpHandler - 

Request DefaultHttpRequest(decodeResult: success, version: HTTP/1.1)
POST /session/01358476cd16cd45720a95da4a6281a0/execute/sync HTTP/1.1
User-Agent: selenium/4.1.2 (java windows)
Content-Length: 48780
Content-Type: application/json; charset=utf-8
host: localhost:64971
accept: */*

Response DefaultHttpResponse(decodeResult: success, version: HTTP/1.1)
HTTP/1.1 200 OK
Content-Type: application/json; charset=utf-8
cache-control: no-cache
content-length: 14

15:51:40.360 [AsyncHttpClient-1-3] DEBUG org.asynchttpclient.netty.channel.ChannelManager - Adding key: http://localhost:64971 for channel [id: 0x04140d10, L:/127.0.0.1:56203 - R:localhost/127.0.0.1:64971]
15:51:40.383 [Forwarding screenshot on session 01358476cd16cd45720a95da4a6281a0 to remote] DEBUG org.asynchttpclient.netty.request.NettyRequestSender - Using pooled Channel '[id: 0x04140d10, L:/127.0.0.1:56203 - R:localhost/127.0.0.1:64971]' for 'GET' to 'http://localhost:64971/session/01358476cd16cd45720a95da4a6281a0/screenshot'
15:51:40.383 [Forwarding screenshot on session 01358476cd16cd45720a95da4a6281a0 to remote] DEBUG org.asynchttpclient.netty.request.NettyRequestSender - Using open Channel [id: 0x04140d10, L:/127.0.0.1:56203 - R:localhost/127.0.0.1:64971] for GET '/session/01358476cd16cd45720a95da4a6281a0/screenshot'
15:51:40.535 [AsyncHttpClient-1-3] DEBUG org.asynchttpclient.netty.handler.HttpHandler - 

Request DefaultFullHttpRequest(decodeResult: success, version: HTTP/1.1, content: EmptyByteBufBE)
GET /session/01358476cd16cd45720a95da4a6281a0/screenshot HTTP/1.1
User-Agent: selenium/4.1.2 (java windows)
Cache-Control: no-cache
Content-Type: application/json; charset=utf-8
host: localhost:64971
accept: */*

Response DefaultHttpResponse(decodeResult: success, version: HTTP/1.1)
HTTP/1.1 200 OK
Content-Type: application/json; charset=utf-8
cache-control: no-cache
content-length: 29796

15:51:40.551 [AsyncHttpClient-1-3] DEBUG org.asynchttpclient.netty.channel.ChannelManager - Adding key: http://localhost:64971 for channel [id: 0x04140d10, L:/127.0.0.1:56203 - R:localhost/127.0.0.1:64971]
15:51:40.556 [main] DEBUG net.serenitybdd.core.photography.Darkroom - Send negative for processing for target\site\serenity\e3f563bdc0aafc81c0b9dccad0a820738abe276d392ea24cf0aa2f5bcc7ad22e.png
15:51:40.556 [main] DEBUG net.thucydides.core.steps.StepInterceptor - STEP DONE: errorMessageAppears
15:51:40.556 [Darkroom Processing Line] DEBUG net.serenitybdd.core.photography.DarkroomProcessingLine - Processing screenshot image in /var/screenshots/screenshot-6138642119799022691
15:51:40.556 [Darkroom Processing Line] DEBUG net.serenitybdd.core.photography.DarkroomProcessingLine - Saving screenshot to target\site\serenity\e3f563bdc0aafc81c0b9dccad0a820738abe276d392ea24cf0aa2f5bcc7ad22e.png
15:51:40.568 [main] DEBUG net.thucydides.core.steps.StepInterceptor - STARTING STEP: LoginSteps.iGet - errorMessageEquals
15:51:40.573 [Forwarding findElement on session 01358476cd16cd45720a95da4a6281a0 to remote] DEBUG org.asynchttpclient.netty.request.NettyRequestSender - Using pooled Channel '[id: 0x04140d10, L:/127.0.0.1:56203 - R:localhost/127.0.0.1:64971]' for 'POST' to 'http://localhost:64971/session/01358476cd16cd45720a95da4a6281a0/element'
15:51:40.573 [Forwarding findElement on session 01358476cd16cd45720a95da4a6281a0 to remote] DEBUG org.asynchttpclient.netty.request.NettyRequestSender - Using open Channel [id: 0x04140d10, L:/127.0.0.1:56203 - R:localhost/127.0.0.1:64971] for POST '/session/01358476cd16cd45720a95da4a6281a0/element'
15:51:40.586 [AsyncHttpClient-1-3] DEBUG org.asynchttpclient.netty.handler.HttpHandler - 

Request DefaultHttpRequest(decodeResult: success, version: HTTP/1.1)
POST /session/01358476cd16cd45720a95da4a6281a0/element HTTP/1.1
User-Agent: selenium/4.1.2 (java windows)
Content-Length: 63
Content-Type: application/json; charset=utf-8
host: localhost:64971
accept: */*

Response DefaultHttpResponse(decodeResult: success, version: HTTP/1.1)
HTTP/1.1 200 OK
Content-Type: application/json; charset=utf-8
cache-control: no-cache
content-length: 88

15:51:40.587 [AsyncHttpClient-1-3] DEBUG org.asynchttpclient.netty.channel.ChannelManager - Adding key: http://localhost:64971 for channel [id: 0x04140d10, L:/127.0.0.1:56203 - R:localhost/127.0.0.1:64971]
15:51:40.588 [Forwarding getElementText on session 01358476cd16cd45720a95da4a6281a0 to remote] DEBUG org.asynchttpclient.netty.request.NettyRequestSender - Using pooled Channel '[id: 0x04140d10, L:/127.0.0.1:56203 - R:localhost/127.0.0.1:64971]' for 'GET' to 'http://localhost:64971/session/01358476cd16cd45720a95da4a6281a0/element/84f8ac3f-a105-4871-a9cc-bd6a96a32ec5/text'
15:51:40.589 [Forwarding getElementText on session 01358476cd16cd45720a95da4a6281a0 to remote] DEBUG org.asynchttpclient.netty.request.NettyRequestSender - Using open Channel [id: 0x04140d10, L:/127.0.0.1:56203 - R:localhost/127.0.0.1:64971] for GET '/session/01358476cd16cd45720a95da4a6281a0/element/84f8ac3f-a105-4871-a9cc-bd6a96a32ec5/text'
15:51:40.630 [AsyncHttpClient-1-3] DEBUG org.asynchttpclient.netty.handler.HttpHandler - 

Request DefaultFullHttpRequest(decodeResult: success, version: HTTP/1.1, content: EmptyByteBufBE)
GET /session/01358476cd16cd45720a95da4a6281a0/element/84f8ac3f-a105-4871-a9cc-bd6a96a32ec5/text HTTP/1.1
User-Agent: selenium/4.1.2 (java windows)
Cache-Control: no-cache
Content-Type: application/json; charset=utf-8
host: localhost:64971
accept: */*

Response DefaultHttpResponse(decodeResult: success, version: HTTP/1.1)
HTTP/1.1 200 OK
Content-Type: application/json; charset=utf-8
cache-control: no-cache
content-length: 29

15:51:40.630 [AsyncHttpClient-1-3] DEBUG org.asynchttpclient.netty.channel.ChannelManager - Adding key: http://localhost:64971 for channel [id: 0x04140d10, L:/127.0.0.1:56203 - R:localhost/127.0.0.1:64971]
15:51:40.641 [Forwarding screenshot on session 01358476cd16cd45720a95da4a6281a0 to remote] DEBUG org.asynchttpclient.netty.request.NettyRequestSender - Using pooled Channel '[id: 0x04140d10, L:/127.0.0.1:56203 - R:localhost/127.0.0.1:64971]' for 'GET' to 'http://localhost:64971/session/01358476cd16cd45720a95da4a6281a0/screenshot'
15:51:40.641 [Forwarding screenshot on session 01358476cd16cd45720a95da4a6281a0 to remote] DEBUG org.asynchttpclient.netty.request.NettyRequestSender - Using open Channel [id: 0x04140d10, L:/127.0.0.1:56203 - R:localhost/127.0.0.1:64971] for GET '/session/01358476cd16cd45720a95da4a6281a0/screenshot'
15:51:40.760 [AsyncHttpClient-1-1] DEBUG org.asynchttpclient.netty.channel.DefaultChannelPool - Entry count for : http://localhost:56205 : 1
15:51:40.816 [AsyncHttpClient-1-3] DEBUG org.asynchttpclient.netty.handler.HttpHandler - 

Request DefaultFullHttpRequest(decodeResult: success, version: HTTP/1.1, content: EmptyByteBufBE)
GET /session/01358476cd16cd45720a95da4a6281a0/screenshot HTTP/1.1
User-Agent: selenium/4.1.2 (java windows)
Cache-Control: no-cache
Content-Type: application/json; charset=utf-8
host: localhost:64971
accept: */*

Response DefaultHttpResponse(decodeResult: success, version: HTTP/1.1)
HTTP/1.1 200 OK
Content-Type: application/json; charset=utf-8
cache-control: no-cache
content-length: 29796

15:51:40.817 [AsyncHttpClient-1-3] DEBUG org.asynchttpclient.netty.channel.ChannelManager - Adding key: http://localhost:64971 for channel [id: 0x04140d10, L:/127.0.0.1:56203 - R:localhost/127.0.0.1:64971]
15:51:40.820 [main] DEBUG net.serenitybdd.core.photography.Darkroom - Send negative for processing for target\site\serenity\e3f563bdc0aafc81c0b9dccad0a820738abe276d392ea24cf0aa2f5bcc7ad22e.png
15:51:40.821 [main] DEBUG net.thucydides.core.steps.StepInterceptor - STEP DONE: errorMessageEquals
  &amp#27;[32mThen &amp#27;[0m&amp#27;[32mI get &amp#27;[0m&amp#27;[32m&amp#27;[1m"Alert message: email is required"&amp#27;[0m &amp#27;[90m# starter.stepdefinitions.LoginSteps.iGet(java.lang.String)&amp#27;[0m
15:51:40.841 [AsyncHttpClient-1-5] DEBUG org.asynchttpclient.netty.handler.WebSocketHandler - Channel Closed: [id: 0xd86c3fa2, L:/127.0.0.1:56212 ! R:localhost/127.0.0.1:56205] with attribute NettyResponseFuture{currentRetry=5,
	isDone=1,
	isCancelled=0,
	asyncHandler=org.asynchttpclient.ws.WebSocketUpgradeHandler@4fc879eb,
	nettyRequest=org.asynchttpclient.netty.request.NettyRequest@18a7927c,
	future=java.util.concurrent.CompletableFuture@69f08294[Completed normally],
	uri=ws://localhost:56205/devtools/browser/f0053010-9f3e-4765-8424-36f459187c00,
	keepAlive=true,
	redirectCount=0,
	timeoutsHolder=null,
	inAuth=0,
	touch=1652863893986}
15:51:40.841 [AsyncHttpClient-1-5] DEBUG org.asynchttpclient.netty.channel.ChannelManager - Closing Channel [id: 0xd86c3fa2, L:/127.0.0.1:56212 ! R:localhost/127.0.0.1:56205] 
15:51:40.844 [Driver Command Executor] DEBUG org.asynchttpclient.netty.request.NettyRequestSender - Using pooled Channel '[id: 0x04140d10, L:/127.0.0.1:56203 - R:localhost/127.0.0.1:64971]' for 'DELETE' to 'http://localhost:64971/session/01358476cd16cd45720a95da4a6281a0'
15:51:40.844 [Driver Command Executor] DEBUG org.asynchttpclient.netty.request.NettyRequestSender - Using open Channel [id: 0x04140d10, L:/127.0.0.1:56203 - R:localhost/127.0.0.1:64971] for DELETE '/session/01358476cd16cd45720a95da4a6281a0'
15:51:40.944 [AsyncHttpClient-1-4] DEBUG org.asynchttpclient.netty.handler.HttpHandler - Unexpected I/O exception on channel [id: 0x8ed154dd, L:/127.0.0.1:56211 - R:localhost/127.0.0.1:56205]
java.net.SocketException: Connection reset
	at java.base/sun.nio.ch.SocketChannelImpl.throwConnectionReset(SocketChannelImpl.java:367)
	at java.base/sun.nio.ch.SocketChannelImpl.read(SocketChannelImpl.java:398)
	at io.netty.buffer.PooledByteBuf.setBytes(PooledByteBuf.java:258)
	at io.netty.buffer.AbstractByteBuf.writeBytes(AbstractByteBuf.java:1132)
	at io.netty.channel.socket.nio.NioSocketChannel.doReadBytes(NioSocketChannel.java:350)
	at io.netty.channel.nio.AbstractNioByteChannel$NioByteUnsafe.read(AbstractNioByteChannel.java:151)
	at io.netty.channel.nio.NioEventLoop.processSelectedKey(NioEventLoop.java:722)
	at io.netty.channel.nio.NioEventLoop.processSelectedKeysOptimized(NioEventLoop.java:658)
	at io.netty.channel.nio.NioEventLoop.processSelectedKeys(NioEventLoop.java:584)
	at io.netty.channel.nio.NioEventLoop.run(NioEventLoop.java:496)
	at io.netty.util.concurrent.SingleThreadEventExecutor$4.run(SingleThreadEventExecutor.java:986)
	at io.netty.util.internal.ThreadExecutorMap$2.run(ThreadExecutorMap.java:74)
	at io.netty.util.concurrent.FastThreadLocalRunnable.run(FastThreadLocalRunnable.java:30)
	at java.base/java.lang.Thread.run(Thread.java:832)
15:51:40.945 [AsyncHttpClient-1-4] DEBUG org.asynchttpclient.netty.channel.ChannelManager - Closing Channel [id: 0x8ed154dd, L:/127.0.0.1:56211 - R:localhost/127.0.0.1:56205] 
15:51:40.945 [AsyncHttpClient-1-4] DEBUG org.asynchttpclient.netty.handler.HttpHandler - Channel Closed: [id: 0x8ed154dd, L:/127.0.0.1:56211 ! R:localhost/127.0.0.1:56205] with attribute DISCARD
15:51:41.303 [AsyncHttpClient-1-3] DEBUG org.asynchttpclient.netty.handler.HttpHandler - 

Request DefaultFullHttpRequest(decodeResult: success, version: HTTP/1.1, content: EmptyByteBufBE)
DELETE /session/01358476cd16cd45720a95da4a6281a0 HTTP/1.1
User-Agent: selenium/4.1.2 (java windows)
Content-Type: application/json; charset=utf-8
host: localhost:64971
accept: */*

Response DefaultHttpResponse(decodeResult: success, version: HTTP/1.1)
HTTP/1.1 200 OK
Content-Type: application/json; charset=utf-8
cache-control: no-cache
content-length: 14

15:51:41.303 [AsyncHttpClient-1-3] DEBUG org.asynchttpclient.netty.channel.ChannelManager - Adding key: http://localhost:64971 for channel [id: 0x04140d10, L:/127.0.0.1:56203 - R:localhost/127.0.0.1:64971]
15:51:41.720 [AsyncHttpClient-1-3] DEBUG org.asynchttpclient.netty.handler.HttpHandler - Channel Closed: [id: 0x04140d10, L:/127.0.0.1:56203 ! R:localhost/127.0.0.1:64971] with attribute DISCARD
15:51:41.860 [AsyncHttpClient-1-1] DEBUG org.asynchttpclient.netty.channel.DefaultChannelPool - Entry count for : http://localhost:64971 : 1
15:51:41.861 [AsyncHttpClient-1-1] DEBUG org.asynchttpclient.netty.channel.DefaultChannelPool - Entry count for : http://localhost:56205 : 1
15:51:41.861 [AsyncHttpClient-1-1] DEBUG org.asynchttpclient.netty.channel.DefaultChannelPool - Adding Candidate expired Channel [id: 0x04140d10, L:/127.0.0.1:56203 ! R:localhost/127.0.0.1:64971] isIdleTimeoutExpired=false isRemotelyClosed=true isTtlExpired=false
15:51:41.861 [AsyncHttpClient-1-1] DEBUG org.asynchttpclient.netty.channel.DefaultChannelPool - Closing Idle Channel [id: 0x04140d10, L:/127.0.0.1:56203 ! R:localhost/127.0.0.1:64971]
15:51:41.868 [AsyncHttpClient-1-1] DEBUG org.asynchttpclient.netty.channel.DefaultChannelPool - Adding Candidate expired Channel [id: 0x8ed154dd, L:/127.0.0.1:56211 ! R:localhost/127.0.0.1:56205] isIdleTimeoutExpired=false isRemotelyClosed=true isTtlExpired=false
15:51:41.868 [AsyncHttpClient-1-1] DEBUG org.asynchttpclient.netty.channel.DefaultChannelPool - Closing Idle Channel [id: 0x8ed154dd, L:/127.0.0.1:56211 ! R:localhost/127.0.0.1:56205]
15:51:41.868 [AsyncHttpClient-1-1] DEBUG org.asynchttpclient.netty.channel.DefaultChannelPool - Closed 2 connections out of 2 in 7 ms
]]></system-out>
    <system-err><![CDATA[Starting ChromeDriver 100.0.4896.60 (6a5d10861ce8de5fce22564658033b43cb7de047-refs/branch-heads/4896@{#875}) on port 64971
Only local connections are allowed.
Please see https://chromedriver.chromium.org/security-considerations for suggestions on keeping ChromeDriver safe.
ChromeDriver was started successfully.
[1652863893.437][WARNING]: This version of ChromeDriver has not been tested with Chrome version 101.
May 18, 2022 3:51:33 PM org.openqa.selenium.remote.ProtocolHandshake createSession
INFO: Detected dialect: W3C
May 18, 2022 3:51:33 PM org.openqa.selenium.devtools.CdpVersionFinder findNearestMatch
WARNING: Unable to find an exact match for CDP version 101, so returning the closest version found: 97
May 18, 2022 3:51:33 PM org.openqa.selenium.devtools.CdpVersionFinder findNearestMatch
INFO: Found CDP implementation for version 101 of 97
]]></system-err>
  </testcase>
  <testcase name="Login #5" classname="Login" time="11.502">
    <system-out><![CDATA[
Scenario Outline: Login                                    &amp#27;[90m# src/test/resources/features/Login.feature:19&amp#27;[0m
15:51:42.323 [main] INFO io.cucumber.core.plugin.SerenityReporter - Running feature from file:///C:/Users/ponda/Documents/Final_Project/Final_Web/src/test/resources/features/Login.feature
15:51:42.394 [main] DEBUG net.thucydides.core.steps.StepInterceptor - STARTING STEP: LoginSteps.iAmOnQaAltaIdLoginPage - openUrl
15:51:42.397 [main] INFO net.serenitybdd.core.webdriver.driverproviders.ChromeDriverProvider - Using automatically driver download
15:51:42.699 [main] DEBUG io.github.bonigarcia.wdm.cache.ResolutionCache - Resolution chrome=101 in cache (valid until 16:36:25 18/05/2022 WIB)
15:51:42.712 [main] DEBUG io.github.bonigarcia.wdm.cache.ResolutionCache - Resolution chrome101=101.0.4951.41 in cache (valid until 16:04:06 18/05/2022 WIB)
15:51:42.717 [main] INFO io.github.bonigarcia.wdm.WebDriverManager - Using chromedriver 101.0.4951.41 (resolved driver for Chrome 101)
15:51:42.744 [main] DEBUG io.github.bonigarcia.wdm.WebDriverManager - Driver chromedriver 101.0.4951.41 found in cache
15:51:42.745 [main] INFO io.github.bonigarcia.wdm.WebDriverManager - Exporting webdriver.chrome.driver as C:\Users\ponda\.cache\selenium\chromedriver\win32\101.0.4951.41\chromedriver.exe
15:51:42.968 [main] DEBUG net.serenitybdd.core.webdriver.driverproviders.ProvideNewDriver - Instantiating driver
15:51:42.968 [main] DEBUG net.serenitybdd.core.webdriver.driverproviders.ProvideNewDriver - Driver capabilities: Capabilities {acceptInsecureCerts: false, base.url: https://qa.alta.id, browserName: chrome, chrome.driver: src/test/resources/webdrive..., driver: chrome, goog:chromeOptions: {args: [], extensions: []}}
15:51:43.526 [AsyncHttpClient-1-2] DEBUG org.asynchttpclient.netty.channel.NettyConnectListener - Using new Channel '[id: 0x580d6235, L:/127.0.0.1:56235 - R:localhost/127.0.0.1:55983]' for 'POST' to '/session'
15:51:45.713 [AsyncHttpClient-1-2] DEBUG org.asynchttpclient.netty.handler.HttpHandler - 

Request DefaultHttpRequest(decodeResult: success, version: HTTP/1.1)
POST /session HTTP/1.1
User-Agent: selenium/4.1.2 (java windows)
Content-Length: 599
Content-Type: application/json; charset=utf-8
host: localhost:55983
accept: */*

Response DefaultHttpResponse(decodeResult: success, version: HTTP/1.1)
HTTP/1.1 200 OK
Content-Type: application/json; charset=utf-8
cache-control: no-cache
content-length: 790

15:51:45.713 [AsyncHttpClient-1-2] DEBUG org.asynchttpclient.netty.channel.ChannelManager - Adding key: http://localhost:55983 for channel [id: 0x580d6235, L:/127.0.0.1:56235 - R:localhost/127.0.0.1:55983]
15:51:45.735 [AsyncHttpClient-1-3] DEBUG org.asynchttpclient.netty.channel.NettyConnectListener - Using new Channel '[id: 0xe40b1b92, L:/127.0.0.1:56243 - R:localhost/127.0.0.1:56236]' for 'GET' to '/json/version'
15:51:45.736 [AsyncHttpClient-1-3] DEBUG org.asynchttpclient.netty.handler.HttpHandler - 

Request DefaultFullHttpRequest(decodeResult: success, version: HTTP/1.1, content: EmptyByteBufBE)
GET /json/version HTTP/1.1
User-Agent: selenium/4.1.2 (java windows)
host: localhost:56236
accept: */*

Response DefaultHttpResponse(decodeResult: success, version: HTTP/1.1)
HTTP/1.1 200 OK
Content-Type: application/json; charset=UTF-8
content-length: 427

15:51:45.736 [AsyncHttpClient-1-3] DEBUG org.asynchttpclient.netty.channel.ChannelManager - Adding key: http://localhost:56236 for channel [id: 0xe40b1b92, L:/127.0.0.1:56243 - R:localhost/127.0.0.1:56236]
15:51:45.740 [AsyncHttpClient-1-4] DEBUG org.asynchttpclient.netty.channel.NettyConnectListener - Using new Channel '[id: 0xd9fbba2c, L:/127.0.0.1:56244 - R:localhost/127.0.0.1:56236]' for 'GET' to '/devtools/browser/0d0fc010-1539-4be3-93f0-e5fcb1be3ad3'
15:51:45.742 [AsyncHttpClient-1-4] DEBUG org.asynchttpclient.netty.handler.WebSocketHandler - 

Request DefaultFullHttpRequest(decodeResult: success, version: HTTP/1.1, content: EmptyByteBufBE)
GET /devtools/browser/0d0fc010-1539-4be3-93f0-e5fcb1be3ad3 HTTP/1.1
upgrade: websocket
connection: upgrade
sec-websocket-key: +qUqqaqiAPVflTCHFeO6OQ==
sec-websocket-version: 13
origin: http://localhost:56236
host: localhost:56236
accept: */*
user-agent: AHC/2.1

Response DefaultHttpResponse(decodeResult: success, version: HTTP/1.1)
HTTP/1.1 101 WebSocket Protocol Handshake
Upgrade: WebSocket
Connection: Upgrade
Sec-WebSocket-Accept: DAtAmAirxzhSrAvcka145jmCLV4=

15:51:45.758 [Forwarding maximizeCurrentWindow on session 5bf40b82a1174a0ecdc0d08409f979ea to remote] DEBUG org.asynchttpclient.netty.request.NettyRequestSender - Using pooled Channel '[id: 0x580d6235, L:/127.0.0.1:56235 - R:localhost/127.0.0.1:55983]' for 'POST' to 'http://localhost:55983/session/5bf40b82a1174a0ecdc0d08409f979ea/window/maximize'
15:51:45.758 [Forwarding maximizeCurrentWindow on session 5bf40b82a1174a0ecdc0d08409f979ea to remote] DEBUG org.asynchttpclient.netty.request.NettyRequestSender - Using open Channel [id: 0x580d6235, L:/127.0.0.1:56235 - R:localhost/127.0.0.1:55983] for POST '/session/5bf40b82a1174a0ecdc0d08409f979ea/window/maximize'
15:51:46.173 [AsyncHttpClient-1-2] DEBUG org.asynchttpclient.netty.handler.HttpHandler - 

Request DefaultHttpRequest(decodeResult: success, version: HTTP/1.1)
POST /session/5bf40b82a1174a0ecdc0d08409f979ea/window/maximize HTTP/1.1
User-Agent: selenium/4.1.2 (java windows)
Content-Length: 3
Content-Type: application/json; charset=utf-8
host: localhost:55983
accept: */*

Response DefaultHttpResponse(decodeResult: success, version: HTTP/1.1)
HTTP/1.1 200 OK
Content-Type: application/json; charset=utf-8
cache-control: no-cache
content-length: 51

15:51:46.173 [AsyncHttpClient-1-2] DEBUG org.asynchttpclient.netty.channel.ChannelManager - Adding key: http://localhost:55983 for channel [id: 0x580d6235, L:/127.0.0.1:56235 - R:localhost/127.0.0.1:55983]
15:51:46.177 [Forwarding get on session 5bf40b82a1174a0ecdc0d08409f979ea to remote] DEBUG org.asynchttpclient.netty.request.NettyRequestSender - Using pooled Channel '[id: 0x580d6235, L:/127.0.0.1:56235 - R:localhost/127.0.0.1:55983]' for 'POST' to 'http://localhost:55983/session/5bf40b82a1174a0ecdc0d08409f979ea/url'
15:51:46.177 [Forwarding get on session 5bf40b82a1174a0ecdc0d08409f979ea to remote] DEBUG org.asynchttpclient.netty.request.NettyRequestSender - Using open Channel [id: 0x580d6235, L:/127.0.0.1:56235 - R:localhost/127.0.0.1:55983] for POST '/session/5bf40b82a1174a0ecdc0d08409f979ea/url'
15:51:46.269 [AsyncHttpClient-1-1] DEBUG org.asynchttpclient.netty.channel.DefaultChannelPool - Entry count for : http://localhost:56236 : 1
15:51:47.359 [AsyncHttpClient-1-1] DEBUG org.asynchttpclient.netty.channel.DefaultChannelPool - Entry count for : http://localhost:56236 : 1
15:51:48.460 [AsyncHttpClient-1-1] DEBUG org.asynchttpclient.netty.channel.DefaultChannelPool - Entry count for : http://localhost:56236 : 1
15:51:48.992 [AsyncHttpClient-1-2] DEBUG org.asynchttpclient.netty.handler.HttpHandler - 

Request DefaultHttpRequest(decodeResult: success, version: HTTP/1.1)
POST /session/5bf40b82a1174a0ecdc0d08409f979ea/url HTTP/1.1
User-Agent: selenium/4.1.2 (java windows)
Content-Length: 64
Content-Type: application/json; charset=utf-8
host: localhost:55983
accept: */*

Response DefaultHttpResponse(decodeResult: success, version: HTTP/1.1)
HTTP/1.1 200 OK
Content-Type: application/json; charset=utf-8
cache-control: no-cache
content-length: 14

15:51:48.995 [AsyncHttpClient-1-2] DEBUG org.asynchttpclient.netty.channel.ChannelManager - Adding key: http://localhost:55983 for channel [id: 0x580d6235, L:/127.0.0.1:56235 - R:localhost/127.0.0.1:55983]
15:51:49.044 [Forwarding setTimeout on session 5bf40b82a1174a0ecdc0d08409f979ea to remote] DEBUG org.asynchttpclient.netty.request.NettyRequestSender - Using pooled Channel '[id: 0x580d6235, L:/127.0.0.1:56235 - R:localhost/127.0.0.1:55983]' for 'POST' to 'http://localhost:55983/session/5bf40b82a1174a0ecdc0d08409f979ea/timeouts'
15:51:49.045 [Forwarding setTimeout on session 5bf40b82a1174a0ecdc0d08409f979ea to remote] DEBUG org.asynchttpclient.netty.request.NettyRequestSender - Using open Channel [id: 0x580d6235, L:/127.0.0.1:56235 - R:localhost/127.0.0.1:55983] for POST '/session/5bf40b82a1174a0ecdc0d08409f979ea/timeouts'
15:51:49.053 [AsyncHttpClient-1-2] DEBUG org.asynchttpclient.netty.handler.HttpHandler - 

Request DefaultHttpRequest(decodeResult: success, version: HTTP/1.1)
POST /session/5bf40b82a1174a0ecdc0d08409f979ea/timeouts HTTP/1.1
User-Agent: selenium/4.1.2 (java windows)
Content-Length: 22
Content-Type: application/json; charset=utf-8
host: localhost:55983
accept: */*

Response DefaultHttpResponse(decodeResult: success, version: HTTP/1.1)
HTTP/1.1 200 OK
Content-Type: application/json; charset=utf-8
cache-control: no-cache
content-length: 14

15:51:49.053 [AsyncHttpClient-1-2] DEBUG org.asynchttpclient.netty.channel.ChannelManager - Adding key: http://localhost:55983 for channel [id: 0x580d6235, L:/127.0.0.1:56235 - R:localhost/127.0.0.1:55983]
15:51:49.060 [Forwarding getCurrentUrl on session 5bf40b82a1174a0ecdc0d08409f979ea to remote] DEBUG org.asynchttpclient.netty.request.NettyRequestSender - Using pooled Channel '[id: 0x580d6235, L:/127.0.0.1:56235 - R:localhost/127.0.0.1:55983]' for 'GET' to 'http://localhost:55983/session/5bf40b82a1174a0ecdc0d08409f979ea/url'
15:51:49.061 [Forwarding getCurrentUrl on session 5bf40b82a1174a0ecdc0d08409f979ea to remote] DEBUG org.asynchttpclient.netty.request.NettyRequestSender - Using open Channel [id: 0x580d6235, L:/127.0.0.1:56235 - R:localhost/127.0.0.1:55983] for GET '/session/5bf40b82a1174a0ecdc0d08409f979ea/url'
15:51:49.076 [AsyncHttpClient-1-2] DEBUG org.asynchttpclient.netty.handler.HttpHandler - 

Request DefaultFullHttpRequest(decodeResult: success, version: HTTP/1.1, content: EmptyByteBufBE)
GET /session/5bf40b82a1174a0ecdc0d08409f979ea/url HTTP/1.1
User-Agent: selenium/4.1.2 (java windows)
Cache-Control: no-cache
Content-Type: application/json; charset=utf-8
host: localhost:55983
accept: */*

Response DefaultHttpResponse(decodeResult: success, version: HTTP/1.1)
HTTP/1.1 200 OK
Content-Type: application/json; charset=utf-8
cache-control: no-cache
content-length: 41

15:51:49.077 [AsyncHttpClient-1-2] DEBUG org.asynchttpclient.netty.channel.ChannelManager - Adding key: http://localhost:55983 for channel [id: 0x580d6235, L:/127.0.0.1:56235 - R:localhost/127.0.0.1:55983]
15:51:49.087 [Forwarding screenshot on session 5bf40b82a1174a0ecdc0d08409f979ea to remote] DEBUG org.asynchttpclient.netty.request.NettyRequestSender - Using pooled Channel '[id: 0x580d6235, L:/127.0.0.1:56235 - R:localhost/127.0.0.1:55983]' for 'GET' to 'http://localhost:55983/session/5bf40b82a1174a0ecdc0d08409f979ea/screenshot'
15:51:49.087 [Forwarding screenshot on session 5bf40b82a1174a0ecdc0d08409f979ea to remote] DEBUG org.asynchttpclient.netty.request.NettyRequestSender - Using open Channel [id: 0x580d6235, L:/127.0.0.1:56235 - R:localhost/127.0.0.1:55983] for GET '/session/5bf40b82a1174a0ecdc0d08409f979ea/screenshot'
15:51:49.299 [AsyncHttpClient-1-2] DEBUG org.asynchttpclient.netty.handler.HttpHandler - 

Request DefaultFullHttpRequest(decodeResult: success, version: HTTP/1.1, content: EmptyByteBufBE)
GET /session/5bf40b82a1174a0ecdc0d08409f979ea/screenshot HTTP/1.1
User-Agent: selenium/4.1.2 (java windows)
Cache-Control: no-cache
Content-Type: application/json; charset=utf-8
host: localhost:55983
accept: */*

Response DefaultHttpResponse(decodeResult: success, version: HTTP/1.1)
HTTP/1.1 200 OK
Content-Type: application/json; charset=utf-8
cache-control: no-cache
content-length: 25384

15:51:49.300 [AsyncHttpClient-1-2] DEBUG org.asynchttpclient.netty.channel.ChannelManager - Adding key: http://localhost:55983 for channel [id: 0x580d6235, L:/127.0.0.1:56235 - R:localhost/127.0.0.1:55983]
15:51:49.303 [main] DEBUG net.serenitybdd.core.photography.Darkroom - Send negative for processing for target\site\serenity\49a3ec3fe6e588bb357024d38ea075b8250cb5f32bd132770e4d40bc98d606c0.png
15:51:49.303 [main] DEBUG net.thucydides.core.steps.StepInterceptor - STEP DONE: openUrl
  &amp#27;[32mGiven &amp#27;[0m&amp#27;[32mI am on qa.alta.id login page&amp#27;[0m                      &amp#27;[90m# starter.stepdefinitions.LoginSteps.iAmOnQaAltaIdLoginPage()&amp#27;[0m
15:51:49.327 [main] DEBUG net.thucydides.core.steps.StepInterceptor - STARTING STEP: LoginSteps.inputEmail - inputEmail
15:51:49.330 [Forwarding findElement on session 5bf40b82a1174a0ecdc0d08409f979ea to remote] DEBUG org.asynchttpclient.netty.request.NettyRequestSender - Using pooled Channel '[id: 0x580d6235, L:/127.0.0.1:56235 - R:localhost/127.0.0.1:55983]' for 'POST' to 'http://localhost:55983/session/5bf40b82a1174a0ecdc0d08409f979ea/element'
15:51:49.330 [Forwarding findElement on session 5bf40b82a1174a0ecdc0d08409f979ea to remote] DEBUG org.asynchttpclient.netty.request.NettyRequestSender - Using open Channel [id: 0x580d6235, L:/127.0.0.1:56235 - R:localhost/127.0.0.1:55983] for POST '/session/5bf40b82a1174a0ecdc0d08409f979ea/element'
15:51:49.350 [AsyncHttpClient-1-2] DEBUG org.asynchttpclient.netty.handler.HttpHandler - 

Request DefaultHttpRequest(decodeResult: success, version: HTTP/1.1)
POST /session/5bf40b82a1174a0ecdc0d08409f979ea/element HTTP/1.1
User-Agent: selenium/4.1.2 (java windows)
Content-Length: 86
Content-Type: application/json; charset=utf-8
host: localhost:55983
accept: */*

Response DefaultHttpResponse(decodeResult: success, version: HTTP/1.1)
HTTP/1.1 200 OK
Content-Type: application/json; charset=utf-8
cache-control: no-cache
content-length: 88

15:51:49.350 [AsyncHttpClient-1-2] DEBUG org.asynchttpclient.netty.channel.ChannelManager - Adding key: http://localhost:55983 for channel [id: 0x580d6235, L:/127.0.0.1:56235 - R:localhost/127.0.0.1:55983]
15:51:49.352 [Forwarding clearElement on session 5bf40b82a1174a0ecdc0d08409f979ea to remote] DEBUG org.asynchttpclient.netty.request.NettyRequestSender - Using pooled Channel '[id: 0x580d6235, L:/127.0.0.1:56235 - R:localhost/127.0.0.1:55983]' for 'POST' to 'http://localhost:55983/session/5bf40b82a1174a0ecdc0d08409f979ea/element/f556f2b8-902b-4351-9e48-f9b3ff60ed67/clear'
15:51:49.352 [Forwarding clearElement on session 5bf40b82a1174a0ecdc0d08409f979ea to remote] DEBUG org.asynchttpclient.netty.request.NettyRequestSender - Using open Channel [id: 0x580d6235, L:/127.0.0.1:56235 - R:localhost/127.0.0.1:55983] for POST '/session/5bf40b82a1174a0ecdc0d08409f979ea/element/f556f2b8-902b-4351-9e48-f9b3ff60ed67/clear'
15:51:49.406 [AsyncHttpClient-1-2] DEBUG org.asynchttpclient.netty.handler.HttpHandler - 

Request DefaultHttpRequest(decodeResult: success, version: HTTP/1.1)
POST /session/5bf40b82a1174a0ecdc0d08409f979ea/element/f556f2b8-902b-4351-9e48-f9b3ff60ed67/clear HTTP/1.1
User-Agent: selenium/4.1.2 (java windows)
Content-Length: 50
Content-Type: application/json; charset=utf-8
host: localhost:55983
accept: */*

Response DefaultHttpResponse(decodeResult: success, version: HTTP/1.1)
HTTP/1.1 200 OK
Content-Type: application/json; charset=utf-8
cache-control: no-cache
content-length: 14

15:51:49.406 [AsyncHttpClient-1-2] DEBUG org.asynchttpclient.netty.channel.ChannelManager - Adding key: http://localhost:55983 for channel [id: 0x580d6235, L:/127.0.0.1:56235 - R:localhost/127.0.0.1:55983]
15:51:49.410 [Forwarding sendKeysToElement on session 5bf40b82a1174a0ecdc0d08409f979ea to remote] DEBUG org.asynchttpclient.netty.request.NettyRequestSender - Using pooled Channel '[id: 0x580d6235, L:/127.0.0.1:56235 - R:localhost/127.0.0.1:55983]' for 'POST' to 'http://localhost:55983/session/5bf40b82a1174a0ecdc0d08409f979ea/element/f556f2b8-902b-4351-9e48-f9b3ff60ed67/value'
15:51:49.410 [Forwarding sendKeysToElement on session 5bf40b82a1174a0ecdc0d08409f979ea to remote] DEBUG org.asynchttpclient.netty.request.NettyRequestSender - Using open Channel [id: 0x580d6235, L:/127.0.0.1:56235 - R:localhost/127.0.0.1:55983] for POST '/session/5bf40b82a1174a0ecdc0d08409f979ea/element/f556f2b8-902b-4351-9e48-f9b3ff60ed67/value'
15:51:49.567 [AsyncHttpClient-1-1] DEBUG org.asynchttpclient.netty.channel.DefaultChannelPool - Entry count for : http://localhost:56236 : 1
15:51:49.934 [AsyncHttpClient-1-2] DEBUG org.asynchttpclient.netty.handler.HttpHandler - 

Request DefaultHttpRequest(decodeResult: success, version: HTTP/1.1)
POST /session/5bf40b82a1174a0ecdc0d08409f979ea/element/f556f2b8-902b-4351-9e48-f9b3ff60ed67/value HTTP/1.1
User-Agent: selenium/4.1.2 (java windows)
Content-Length: 331
Content-Type: application/json; charset=utf-8
host: localhost:55983
accept: */*

Response DefaultHttpResponse(decodeResult: success, version: HTTP/1.1)
HTTP/1.1 200 OK
Content-Type: application/json; charset=utf-8
cache-control: no-cache
content-length: 14

15:51:49.934 [AsyncHttpClient-1-2] DEBUG org.asynchttpclient.netty.channel.ChannelManager - Adding key: http://localhost:55983 for channel [id: 0x580d6235, L:/127.0.0.1:56235 - R:localhost/127.0.0.1:55983]
15:51:49.948 [Forwarding screenshot on session 5bf40b82a1174a0ecdc0d08409f979ea to remote] DEBUG org.asynchttpclient.netty.request.NettyRequestSender - Using pooled Channel '[id: 0x580d6235, L:/127.0.0.1:56235 - R:localhost/127.0.0.1:55983]' for 'GET' to 'http://localhost:55983/session/5bf40b82a1174a0ecdc0d08409f979ea/screenshot'
15:51:49.948 [Forwarding screenshot on session 5bf40b82a1174a0ecdc0d08409f979ea to remote] DEBUG org.asynchttpclient.netty.request.NettyRequestSender - Using open Channel [id: 0x580d6235, L:/127.0.0.1:56235 - R:localhost/127.0.0.1:55983] for GET '/session/5bf40b82a1174a0ecdc0d08409f979ea/screenshot'
15:51:50.171 [AsyncHttpClient-1-2] DEBUG org.asynchttpclient.netty.handler.HttpHandler - 

Request DefaultFullHttpRequest(decodeResult: success, version: HTTP/1.1, content: EmptyByteBufBE)
GET /session/5bf40b82a1174a0ecdc0d08409f979ea/screenshot HTTP/1.1
User-Agent: selenium/4.1.2 (java windows)
Cache-Control: no-cache
Content-Type: application/json; charset=utf-8
host: localhost:55983
accept: */*

Response DefaultHttpResponse(decodeResult: success, version: HTTP/1.1)
HTTP/1.1 200 OK
Content-Type: application/json; charset=utf-8
cache-control: no-cache
content-length: 29908

15:51:50.172 [AsyncHttpClient-1-2] DEBUG org.asynchttpclient.netty.channel.ChannelManager - Adding key: http://localhost:55983 for channel [id: 0x580d6235, L:/127.0.0.1:56235 - R:localhost/127.0.0.1:55983]
15:51:50.179 [main] DEBUG net.serenitybdd.core.photography.Darkroom - Send negative for processing for target\site\serenity\dce1c0495c9e26394ffd2b55d115d2f81eec215c11b6b17831ced0d4894b1c8c.png
15:51:50.179 [main] DEBUG net.thucydides.core.steps.StepInterceptor - STEP DONE: inputEmail
  &amp#27;[32mWhen &amp#27;[0m&amp#27;[32mI input &amp#27;[0m&amp#27;[32m&amp#27;[1m"pondaaginggrit1@gmail.com"&amp#27;[0m                 &amp#27;[90m# starter.stepdefinitions.LoginSteps.inputEmail(java.lang.String)&amp#27;[0m
15:51:50.180 [Darkroom Processing Line] DEBUG net.serenitybdd.core.photography.DarkroomProcessingLine - Processing screenshot image in /var/screenshots/screenshot-15393305504963841567
15:51:50.180 [Darkroom Processing Line] DEBUG net.serenitybdd.core.photography.DarkroomProcessingLine - Saving screenshot to target\site\serenity\dce1c0495c9e26394ffd2b55d115d2f81eec215c11b6b17831ced0d4894b1c8c.png
15:51:50.216 [main] DEBUG net.thucydides.core.steps.StepInterceptor - STARTING STEP: LoginSteps.input - inputPassword
15:51:50.221 [Forwarding findElement on session 5bf40b82a1174a0ecdc0d08409f979ea to remote] DEBUG org.asynchttpclient.netty.request.NettyRequestSender - Using pooled Channel '[id: 0x580d6235, L:/127.0.0.1:56235 - R:localhost/127.0.0.1:55983]' for 'POST' to 'http://localhost:55983/session/5bf40b82a1174a0ecdc0d08409f979ea/element'
15:51:50.221 [Forwarding findElement on session 5bf40b82a1174a0ecdc0d08409f979ea to remote] DEBUG org.asynchttpclient.netty.request.NettyRequestSender - Using open Channel [id: 0x580d6235, L:/127.0.0.1:56235 - R:localhost/127.0.0.1:55983] for POST '/session/5bf40b82a1174a0ecdc0d08409f979ea/element'
15:51:50.242 [AsyncHttpClient-1-2] DEBUG org.asynchttpclient.netty.handler.HttpHandler - 

Request DefaultHttpRequest(decodeResult: success, version: HTTP/1.1)
POST /session/5bf40b82a1174a0ecdc0d08409f979ea/element HTTP/1.1
User-Agent: selenium/4.1.2 (java windows)
Content-Length: 89
Content-Type: application/json; charset=utf-8
host: localhost:55983
accept: */*

Response DefaultHttpResponse(decodeResult: success, version: HTTP/1.1)
HTTP/1.1 200 OK
Content-Type: application/json; charset=utf-8
cache-control: no-cache
content-length: 88

15:51:50.243 [AsyncHttpClient-1-2] DEBUG org.asynchttpclient.netty.channel.ChannelManager - Adding key: http://localhost:55983 for channel [id: 0x580d6235, L:/127.0.0.1:56235 - R:localhost/127.0.0.1:55983]
15:51:50.244 [Forwarding clearElement on session 5bf40b82a1174a0ecdc0d08409f979ea to remote] DEBUG org.asynchttpclient.netty.request.NettyRequestSender - Using pooled Channel '[id: 0x580d6235, L:/127.0.0.1:56235 - R:localhost/127.0.0.1:55983]' for 'POST' to 'http://localhost:55983/session/5bf40b82a1174a0ecdc0d08409f979ea/element/b25d6d56-e6eb-4854-886b-b43c333cfb49/clear'
15:51:50.245 [Forwarding clearElement on session 5bf40b82a1174a0ecdc0d08409f979ea to remote] DEBUG org.asynchttpclient.netty.request.NettyRequestSender - Using open Channel [id: 0x580d6235, L:/127.0.0.1:56235 - R:localhost/127.0.0.1:55983] for POST '/session/5bf40b82a1174a0ecdc0d08409f979ea/element/b25d6d56-e6eb-4854-886b-b43c333cfb49/clear'
15:51:50.299 [AsyncHttpClient-1-2] DEBUG org.asynchttpclient.netty.handler.HttpHandler - 

Request DefaultHttpRequest(decodeResult: success, version: HTTP/1.1)
POST /session/5bf40b82a1174a0ecdc0d08409f979ea/element/b25d6d56-e6eb-4854-886b-b43c333cfb49/clear HTTP/1.1
User-Agent: selenium/4.1.2 (java windows)
Content-Length: 50
Content-Type: application/json; charset=utf-8
host: localhost:55983
accept: */*

Response DefaultHttpResponse(decodeResult: success, version: HTTP/1.1)
HTTP/1.1 200 OK
Content-Type: application/json; charset=utf-8
cache-control: no-cache
content-length: 14

15:51:50.299 [AsyncHttpClient-1-2] DEBUG org.asynchttpclient.netty.channel.ChannelManager - Adding key: http://localhost:55983 for channel [id: 0x580d6235, L:/127.0.0.1:56235 - R:localhost/127.0.0.1:55983]
15:51:50.302 [Forwarding sendKeysToElement on session 5bf40b82a1174a0ecdc0d08409f979ea to remote] DEBUG org.asynchttpclient.netty.request.NettyRequestSender - Using pooled Channel '[id: 0x580d6235, L:/127.0.0.1:56235 - R:localhost/127.0.0.1:55983]' for 'POST' to 'http://localhost:55983/session/5bf40b82a1174a0ecdc0d08409f979ea/element/b25d6d56-e6eb-4854-886b-b43c333cfb49/value'
15:51:50.302 [Forwarding sendKeysToElement on session 5bf40b82a1174a0ecdc0d08409f979ea to remote] DEBUG org.asynchttpclient.netty.request.NettyRequestSender - Using open Channel [id: 0x580d6235, L:/127.0.0.1:56235 - R:localhost/127.0.0.1:55983] for POST '/session/5bf40b82a1174a0ecdc0d08409f979ea/element/b25d6d56-e6eb-4854-886b-b43c333cfb49/value'
15:51:50.614 [AsyncHttpClient-1-2] DEBUG org.asynchttpclient.netty.handler.HttpHandler - 

Request DefaultHttpRequest(decodeResult: success, version: HTTP/1.1)
POST /session/5bf40b82a1174a0ecdc0d08409f979ea/element/b25d6d56-e6eb-4854-886b-b43c333cfb49/value HTTP/1.1
User-Agent: selenium/4.1.2 (java windows)
Content-Length: 201
Content-Type: application/json; charset=utf-8
host: localhost:55983
accept: */*

Response DefaultHttpResponse(decodeResult: success, version: HTTP/1.1)
HTTP/1.1 200 OK
Content-Type: application/json; charset=utf-8
cache-control: no-cache
content-length: 14

15:51:50.614 [AsyncHttpClient-1-2] DEBUG org.asynchttpclient.netty.channel.ChannelManager - Adding key: http://localhost:55983 for channel [id: 0x580d6235, L:/127.0.0.1:56235 - R:localhost/127.0.0.1:55983]
15:51:50.635 [Forwarding screenshot on session 5bf40b82a1174a0ecdc0d08409f979ea to remote] DEBUG org.asynchttpclient.netty.request.NettyRequestSender - Using pooled Channel '[id: 0x580d6235, L:/127.0.0.1:56235 - R:localhost/127.0.0.1:55983]' for 'GET' to 'http://localhost:55983/session/5bf40b82a1174a0ecdc0d08409f979ea/screenshot'
15:51:50.636 [Forwarding screenshot on session 5bf40b82a1174a0ecdc0d08409f979ea to remote] DEBUG org.asynchttpclient.netty.request.NettyRequestSender - Using open Channel [id: 0x580d6235, L:/127.0.0.1:56235 - R:localhost/127.0.0.1:55983] for GET '/session/5bf40b82a1174a0ecdc0d08409f979ea/screenshot'
15:51:50.663 [AsyncHttpClient-1-1] DEBUG org.asynchttpclient.netty.channel.DefaultChannelPool - Entry count for : http://localhost:56236 : 1
15:51:50.876 [AsyncHttpClient-1-2] DEBUG org.asynchttpclient.netty.handler.HttpHandler - 

Request DefaultFullHttpRequest(decodeResult: success, version: HTTP/1.1, content: EmptyByteBufBE)
GET /session/5bf40b82a1174a0ecdc0d08409f979ea/screenshot HTTP/1.1
User-Agent: selenium/4.1.2 (java windows)
Cache-Control: no-cache
Content-Type: application/json; charset=utf-8
host: localhost:55983
accept: */*

Response DefaultHttpResponse(decodeResult: success, version: HTTP/1.1)
HTTP/1.1 200 OK
Content-Type: application/json; charset=utf-8
cache-control: no-cache
content-length: 32080

15:51:50.878 [AsyncHttpClient-1-2] DEBUG org.asynchttpclient.netty.channel.ChannelManager - Adding key: http://localhost:55983 for channel [id: 0x580d6235, L:/127.0.0.1:56235 - R:localhost/127.0.0.1:55983]
15:51:50.881 [main] DEBUG net.serenitybdd.core.photography.Darkroom - Send negative for processing for target\site\serenity\ae965b446e3160d4de53fb5a132ec5fa0876559f447db01aa995d5022862685d.png
15:51:50.881 [main] DEBUG net.thucydides.core.steps.StepInterceptor - STEP DONE: inputPassword
  &amp#27;[32mAnd &amp#27;[0m&amp#27;[32mInput &amp#27;[0m&amp#27;[32m&amp#27;[1m"Password4444"&amp#27;[0m                                 &amp#27;[90m# starter.stepdefinitions.LoginSteps.input(java.lang.String)&amp#27;[0m
15:51:50.887 [Darkroom Processing Line] DEBUG net.serenitybdd.core.photography.DarkroomProcessingLine - Processing screenshot image in /var/screenshots/screenshot-3262024319731896194
15:51:50.887 [Darkroom Processing Line] DEBUG net.serenitybdd.core.photography.DarkroomProcessingLine - Saving screenshot to target\site\serenity\ae965b446e3160d4de53fb5a132ec5fa0876559f447db01aa995d5022862685d.png
15:51:50.942 [Forwarding screenshot on session 5bf40b82a1174a0ecdc0d08409f979ea to remote] DEBUG org.asynchttpclient.netty.request.NettyRequestSender - Using pooled Channel '[id: 0x580d6235, L:/127.0.0.1:56235 - R:localhost/127.0.0.1:55983]' for 'GET' to 'http://localhost:55983/session/5bf40b82a1174a0ecdc0d08409f979ea/screenshot'
15:51:50.942 [Forwarding screenshot on session 5bf40b82a1174a0ecdc0d08409f979ea to remote] DEBUG org.asynchttpclient.netty.request.NettyRequestSender - Using open Channel [id: 0x580d6235, L:/127.0.0.1:56235 - R:localhost/127.0.0.1:55983] for GET '/session/5bf40b82a1174a0ecdc0d08409f979ea/screenshot'
15:51:51.148 [AsyncHttpClient-1-2] DEBUG org.asynchttpclient.netty.handler.HttpHandler - 

Request DefaultFullHttpRequest(decodeResult: success, version: HTTP/1.1, content: EmptyByteBufBE)
GET /session/5bf40b82a1174a0ecdc0d08409f979ea/screenshot HTTP/1.1
User-Agent: selenium/4.1.2 (java windows)
Cache-Control: no-cache
Content-Type: application/json; charset=utf-8
host: localhost:55983
accept: */*

Response DefaultHttpResponse(decodeResult: success, version: HTTP/1.1)
HTTP/1.1 200 OK
Content-Type: application/json; charset=utf-8
cache-control: no-cache
content-length: 32080

15:51:51.149 [AsyncHttpClient-1-2] DEBUG org.asynchttpclient.netty.channel.ChannelManager - Adding key: http://localhost:55983 for channel [id: 0x580d6235, L:/127.0.0.1:56235 - R:localhost/127.0.0.1:55983]
15:51:51.152 [main] DEBUG net.serenitybdd.core.photography.Darkroom - Send negative for processing for target\site\serenity\2022b2426a23bc3d5afa9617a33a469c4161baec2f028257df9006087802b34c.png
15:51:51.152 [main] DEBUG net.thucydides.core.steps.StepInterceptor - STARTING STEP: LoginSteps.clickLoginButton - clickLoginButton
15:51:51.157 [Darkroom Processing Line] DEBUG net.serenitybdd.core.photography.DarkroomProcessingLine - Processing screenshot image in /var/screenshots/screenshot-8252989988303239163
15:51:51.157 [Darkroom Processing Line] DEBUG net.serenitybdd.core.photography.DarkroomProcessingLine - Saving screenshot to target\site\serenity\2022b2426a23bc3d5afa9617a33a469c4161baec2f028257df9006087802b34c.png
15:51:51.161 [Forwarding findElement on session 5bf40b82a1174a0ecdc0d08409f979ea to remote] DEBUG org.asynchttpclient.netty.request.NettyRequestSender - Using pooled Channel '[id: 0x580d6235, L:/127.0.0.1:56235 - R:localhost/127.0.0.1:55983]' for 'POST' to 'http://localhost:55983/session/5bf40b82a1174a0ecdc0d08409f979ea/element'
15:51:51.161 [Forwarding findElement on session 5bf40b82a1174a0ecdc0d08409f979ea to remote] DEBUG org.asynchttpclient.netty.request.NettyRequestSender - Using open Channel [id: 0x580d6235, L:/127.0.0.1:56235 - R:localhost/127.0.0.1:55983] for POST '/session/5bf40b82a1174a0ecdc0d08409f979ea/element'
15:51:51.190 [AsyncHttpClient-1-2] DEBUG org.asynchttpclient.netty.handler.HttpHandler - 

Request DefaultHttpRequest(decodeResult: success, version: HTTP/1.1)
POST /session/5bf40b82a1174a0ecdc0d08409f979ea/element HTTP/1.1
User-Agent: selenium/4.1.2 (java windows)
Content-Length: 136
Content-Type: application/json; charset=utf-8
host: localhost:55983
accept: */*

Response DefaultHttpResponse(decodeResult: success, version: HTTP/1.1)
HTTP/1.1 200 OK
Content-Type: application/json; charset=utf-8
cache-control: no-cache
content-length: 88

15:51:51.190 [AsyncHttpClient-1-2] DEBUG org.asynchttpclient.netty.channel.ChannelManager - Adding key: http://localhost:55983 for channel [id: 0x580d6235, L:/127.0.0.1:56235 - R:localhost/127.0.0.1:55983]
15:51:51.193 [Forwarding getElementTagName on session 5bf40b82a1174a0ecdc0d08409f979ea to remote] DEBUG org.asynchttpclient.netty.request.NettyRequestSender - Using pooled Channel '[id: 0x580d6235, L:/127.0.0.1:56235 - R:localhost/127.0.0.1:55983]' for 'GET' to 'http://localhost:55983/session/5bf40b82a1174a0ecdc0d08409f979ea/element/c2c10544-2b5e-4339-9f13-0cce305e33cf/name'
15:51:51.193 [Forwarding getElementTagName on session 5bf40b82a1174a0ecdc0d08409f979ea to remote] DEBUG org.asynchttpclient.netty.request.NettyRequestSender - Using open Channel [id: 0x580d6235, L:/127.0.0.1:56235 - R:localhost/127.0.0.1:55983] for GET '/session/5bf40b82a1174a0ecdc0d08409f979ea/element/c2c10544-2b5e-4339-9f13-0cce305e33cf/name'
15:51:51.212 [AsyncHttpClient-1-2] DEBUG org.asynchttpclient.netty.handler.HttpHandler - 

Request DefaultFullHttpRequest(decodeResult: success, version: HTTP/1.1, content: EmptyByteBufBE)
GET /session/5bf40b82a1174a0ecdc0d08409f979ea/element/c2c10544-2b5e-4339-9f13-0cce305e33cf/name HTTP/1.1
User-Agent: selenium/4.1.2 (java windows)
Cache-Control: no-cache
Content-Type: application/json; charset=utf-8
host: localhost:55983
accept: */*

Response DefaultHttpResponse(decodeResult: success, version: HTTP/1.1)
HTTP/1.1 200 OK
Content-Type: application/json; charset=utf-8
cache-control: no-cache
content-length: 18

15:51:51.212 [AsyncHttpClient-1-2] DEBUG org.asynchttpclient.netty.channel.ChannelManager - Adding key: http://localhost:55983 for channel [id: 0x580d6235, L:/127.0.0.1:56235 - R:localhost/127.0.0.1:55983]
15:51:51.217 [Forwarding getElementTagName on session 5bf40b82a1174a0ecdc0d08409f979ea to remote] DEBUG org.asynchttpclient.netty.request.NettyRequestSender - Using pooled Channel '[id: 0x580d6235, L:/127.0.0.1:56235 - R:localhost/127.0.0.1:55983]' for 'GET' to 'http://localhost:55983/session/5bf40b82a1174a0ecdc0d08409f979ea/element/c2c10544-2b5e-4339-9f13-0cce305e33cf/name'
15:51:51.217 [Forwarding getElementTagName on session 5bf40b82a1174a0ecdc0d08409f979ea to remote] DEBUG org.asynchttpclient.netty.request.NettyRequestSender - Using open Channel [id: 0x580d6235, L:/127.0.0.1:56235 - R:localhost/127.0.0.1:55983] for GET '/session/5bf40b82a1174a0ecdc0d08409f979ea/element/c2c10544-2b5e-4339-9f13-0cce305e33cf/name'
15:51:51.230 [AsyncHttpClient-1-2] DEBUG org.asynchttpclient.netty.handler.HttpHandler - 

Request DefaultFullHttpRequest(decodeResult: success, version: HTTP/1.1, content: EmptyByteBufBE)
GET /session/5bf40b82a1174a0ecdc0d08409f979ea/element/c2c10544-2b5e-4339-9f13-0cce305e33cf/name HTTP/1.1
User-Agent: selenium/4.1.2 (java windows)
Cache-Control: no-cache
Content-Type: application/json; charset=utf-8
host: localhost:55983
accept: */*

Response DefaultHttpResponse(decodeResult: success, version: HTTP/1.1)
HTTP/1.1 200 OK
Content-Type: application/json; charset=utf-8
cache-control: no-cache
content-length: 18

15:51:51.230 [AsyncHttpClient-1-2] DEBUG org.asynchttpclient.netty.channel.ChannelManager - Adding key: http://localhost:55983 for channel [id: 0x580d6235, L:/127.0.0.1:56235 - R:localhost/127.0.0.1:55983]
15:51:51.235 [Forwarding isElementEnabled on session 5bf40b82a1174a0ecdc0d08409f979ea to remote] DEBUG org.asynchttpclient.netty.request.NettyRequestSender - Using pooled Channel '[id: 0x580d6235, L:/127.0.0.1:56235 - R:localhost/127.0.0.1:55983]' for 'GET' to 'http://localhost:55983/session/5bf40b82a1174a0ecdc0d08409f979ea/element/c2c10544-2b5e-4339-9f13-0cce305e33cf/enabled'
15:51:51.235 [Forwarding isElementEnabled on session 5bf40b82a1174a0ecdc0d08409f979ea to remote] DEBUG org.asynchttpclient.netty.request.NettyRequestSender - Using open Channel [id: 0x580d6235, L:/127.0.0.1:56235 - R:localhost/127.0.0.1:55983] for GET '/session/5bf40b82a1174a0ecdc0d08409f979ea/element/c2c10544-2b5e-4339-9f13-0cce305e33cf/enabled'
15:51:51.256 [AsyncHttpClient-1-2] DEBUG org.asynchttpclient.netty.handler.HttpHandler - 

Request DefaultFullHttpRequest(decodeResult: success, version: HTTP/1.1, content: EmptyByteBufBE)
GET /session/5bf40b82a1174a0ecdc0d08409f979ea/element/c2c10544-2b5e-4339-9f13-0cce305e33cf/enabled HTTP/1.1
User-Agent: selenium/4.1.2 (java windows)
Cache-Control: no-cache
Content-Type: application/json; charset=utf-8
host: localhost:55983
accept: */*

Response DefaultHttpResponse(decodeResult: success, version: HTTP/1.1)
HTTP/1.1 200 OK
Content-Type: application/json; charset=utf-8
cache-control: no-cache
content-length: 14

15:51:51.257 [AsyncHttpClient-1-2] DEBUG org.asynchttpclient.netty.channel.ChannelManager - Adding key: http://localhost:55983 for channel [id: 0x580d6235, L:/127.0.0.1:56235 - R:localhost/127.0.0.1:55983]
15:51:51.260 [Forwarding isElementEnabled on session 5bf40b82a1174a0ecdc0d08409f979ea to remote] DEBUG org.asynchttpclient.netty.request.NettyRequestSender - Using pooled Channel '[id: 0x580d6235, L:/127.0.0.1:56235 - R:localhost/127.0.0.1:55983]' for 'GET' to 'http://localhost:55983/session/5bf40b82a1174a0ecdc0d08409f979ea/element/c2c10544-2b5e-4339-9f13-0cce305e33cf/enabled'
15:51:51.260 [Forwarding isElementEnabled on session 5bf40b82a1174a0ecdc0d08409f979ea to remote] DEBUG org.asynchttpclient.netty.request.NettyRequestSender - Using open Channel [id: 0x580d6235, L:/127.0.0.1:56235 - R:localhost/127.0.0.1:55983] for GET '/session/5bf40b82a1174a0ecdc0d08409f979ea/element/c2c10544-2b5e-4339-9f13-0cce305e33cf/enabled'
15:51:51.273 [AsyncHttpClient-1-2] DEBUG org.asynchttpclient.netty.handler.HttpHandler - 

Request DefaultFullHttpRequest(decodeResult: success, version: HTTP/1.1, content: EmptyByteBufBE)
GET /session/5bf40b82a1174a0ecdc0d08409f979ea/element/c2c10544-2b5e-4339-9f13-0cce305e33cf/enabled HTTP/1.1
User-Agent: selenium/4.1.2 (java windows)
Cache-Control: no-cache
Content-Type: application/json; charset=utf-8
host: localhost:55983
accept: */*

Response DefaultHttpResponse(decodeResult: success, version: HTTP/1.1)
HTTP/1.1 200 OK
Content-Type: application/json; charset=utf-8
cache-control: no-cache
content-length: 14

15:51:51.273 [AsyncHttpClient-1-2] DEBUG org.asynchttpclient.netty.channel.ChannelManager - Adding key: http://localhost:55983 for channel [id: 0x580d6235, L:/127.0.0.1:56235 - R:localhost/127.0.0.1:55983]
15:51:51.284 [Forwarding findElement on session 5bf40b82a1174a0ecdc0d08409f979ea to remote] DEBUG org.asynchttpclient.netty.request.NettyRequestSender - Using pooled Channel '[id: 0x580d6235, L:/127.0.0.1:56235 - R:localhost/127.0.0.1:55983]' for 'POST' to 'http://localhost:55983/session/5bf40b82a1174a0ecdc0d08409f979ea/element'
15:51:51.284 [Forwarding findElement on session 5bf40b82a1174a0ecdc0d08409f979ea to remote] DEBUG org.asynchttpclient.netty.request.NettyRequestSender - Using open Channel [id: 0x580d6235, L:/127.0.0.1:56235 - R:localhost/127.0.0.1:55983] for POST '/session/5bf40b82a1174a0ecdc0d08409f979ea/element'
15:51:51.299 [AsyncHttpClient-1-2] DEBUG org.asynchttpclient.netty.handler.HttpHandler - 

Request DefaultHttpRequest(decodeResult: success, version: HTTP/1.1)
POST /session/5bf40b82a1174a0ecdc0d08409f979ea/element HTTP/1.1
User-Agent: selenium/4.1.2 (java windows)
Content-Length: 136
Content-Type: application/json; charset=utf-8
host: localhost:55983
accept: */*

Response DefaultHttpResponse(decodeResult: success, version: HTTP/1.1)
HTTP/1.1 200 OK
Content-Type: application/json; charset=utf-8
cache-control: no-cache
content-length: 88

15:51:51.300 [AsyncHttpClient-1-2] DEBUG org.asynchttpclient.netty.channel.ChannelManager - Adding key: http://localhost:55983 for channel [id: 0x580d6235, L:/127.0.0.1:56235 - R:localhost/127.0.0.1:55983]
15:51:51.312 [Forwarding clickElement on session 5bf40b82a1174a0ecdc0d08409f979ea to remote] DEBUG org.asynchttpclient.netty.request.NettyRequestSender - Using pooled Channel '[id: 0x580d6235, L:/127.0.0.1:56235 - R:localhost/127.0.0.1:55983]' for 'POST' to 'http://localhost:55983/session/5bf40b82a1174a0ecdc0d08409f979ea/element/c2c10544-2b5e-4339-9f13-0cce305e33cf/click'
15:51:51.312 [Forwarding clickElement on session 5bf40b82a1174a0ecdc0d08409f979ea to remote] DEBUG org.asynchttpclient.netty.request.NettyRequestSender - Using open Channel [id: 0x580d6235, L:/127.0.0.1:56235 - R:localhost/127.0.0.1:55983] for POST '/session/5bf40b82a1174a0ecdc0d08409f979ea/element/c2c10544-2b5e-4339-9f13-0cce305e33cf/click'
15:51:51.481 [AsyncHttpClient-1-2] DEBUG org.asynchttpclient.netty.handler.HttpHandler - 

Request DefaultHttpRequest(decodeResult: success, version: HTTP/1.1)
POST /session/5bf40b82a1174a0ecdc0d08409f979ea/element/c2c10544-2b5e-4339-9f13-0cce305e33cf/click HTTP/1.1
User-Agent: selenium/4.1.2 (java windows)
Content-Length: 50
Content-Type: application/json; charset=utf-8
host: localhost:55983
accept: */*

Response DefaultHttpResponse(decodeResult: success, version: HTTP/1.1)
HTTP/1.1 200 OK
Content-Type: application/json; charset=utf-8
cache-control: no-cache
content-length: 14

15:51:51.482 [AsyncHttpClient-1-2] DEBUG org.asynchttpclient.netty.channel.ChannelManager - Adding key: http://localhost:55983 for channel [id: 0x580d6235, L:/127.0.0.1:56235 - R:localhost/127.0.0.1:55983]
15:51:51.497 [Forwarding screenshot on session 5bf40b82a1174a0ecdc0d08409f979ea to remote] DEBUG org.asynchttpclient.netty.request.NettyRequestSender - Using pooled Channel '[id: 0x580d6235, L:/127.0.0.1:56235 - R:localhost/127.0.0.1:55983]' for 'GET' to 'http://localhost:55983/session/5bf40b82a1174a0ecdc0d08409f979ea/screenshot'
15:51:51.497 [Forwarding screenshot on session 5bf40b82a1174a0ecdc0d08409f979ea to remote] DEBUG org.asynchttpclient.netty.request.NettyRequestSender - Using open Channel [id: 0x580d6235, L:/127.0.0.1:56235 - R:localhost/127.0.0.1:55983] for GET '/session/5bf40b82a1174a0ecdc0d08409f979ea/screenshot'
15:51:51.774 [AsyncHttpClient-1-1] DEBUG org.asynchttpclient.netty.channel.DefaultChannelPool - Entry count for : http://localhost:56236 : 1
15:51:51.952 [AsyncHttpClient-1-2] DEBUG org.asynchttpclient.netty.handler.HttpHandler - 

Request DefaultFullHttpRequest(decodeResult: success, version: HTTP/1.1, content: EmptyByteBufBE)
GET /session/5bf40b82a1174a0ecdc0d08409f979ea/screenshot HTTP/1.1
User-Agent: selenium/4.1.2 (java windows)
Cache-Control: no-cache
Content-Type: application/json; charset=utf-8
host: localhost:55983
accept: */*

Response DefaultHttpResponse(decodeResult: success, version: HTTP/1.1)
HTTP/1.1 200 OK
Content-Type: application/json; charset=utf-8
cache-control: no-cache
content-length: 31544

15:51:51.953 [AsyncHttpClient-1-2] DEBUG org.asynchttpclient.netty.channel.ChannelManager - Adding key: http://localhost:55983 for channel [id: 0x580d6235, L:/127.0.0.1:56235 - R:localhost/127.0.0.1:55983]
15:51:51.957 [main] DEBUG net.serenitybdd.core.photography.Darkroom - Send negative for processing for target\site\serenity\6f87b8b201ca973a0f5a684b1aa0b003537fb9158118ce4ec69786b21eb509ca.png
15:51:51.957 [main] DEBUG net.thucydides.core.steps.StepInterceptor - STEP DONE: clickLoginButton
  &amp#27;[32mAnd &amp#27;[0m&amp#27;[32mClick login button&amp#27;[0m                                   &amp#27;[90m# starter.stepdefinitions.LoginSteps.clickLoginButton()&amp#27;[0m
15:51:51.983 [Darkroom Processing Line] DEBUG net.serenitybdd.core.photography.DarkroomProcessingLine - Processing screenshot image in /var/screenshots/screenshot-4521225100093535505
15:51:51.983 [Darkroom Processing Line] DEBUG net.serenitybdd.core.photography.DarkroomProcessingLine - Saving screenshot to target\site\serenity\6f87b8b201ca973a0f5a684b1aa0b003537fb9158118ce4ec69786b21eb509ca.png
15:51:51.998 [main] DEBUG net.thucydides.core.steps.StepInterceptor - STARTING STEP: LoginSteps.iGet - errorMessageAppears
15:51:52.011 [Forwarding findElement on session 5bf40b82a1174a0ecdc0d08409f979ea to remote] DEBUG org.asynchttpclient.netty.request.NettyRequestSender - Using pooled Channel '[id: 0x580d6235, L:/127.0.0.1:56235 - R:localhost/127.0.0.1:55983]' for 'POST' to 'http://localhost:55983/session/5bf40b82a1174a0ecdc0d08409f979ea/element'
15:51:52.011 [Forwarding findElement on session 5bf40b82a1174a0ecdc0d08409f979ea to remote] DEBUG org.asynchttpclient.netty.request.NettyRequestSender - Using open Channel [id: 0x580d6235, L:/127.0.0.1:56235 - R:localhost/127.0.0.1:55983] for POST '/session/5bf40b82a1174a0ecdc0d08409f979ea/element'
15:51:52.047 [AsyncHttpClient-1-2] DEBUG org.asynchttpclient.netty.handler.HttpHandler - 

Request DefaultHttpRequest(decodeResult: success, version: HTTP/1.1)
POST /session/5bf40b82a1174a0ecdc0d08409f979ea/element HTTP/1.1
User-Agent: selenium/4.1.2 (java windows)
Content-Length: 53
Content-Type: application/json; charset=utf-8
host: localhost:55983
accept: */*

Response DefaultHttpResponse(decodeResult: success, version: HTTP/1.1)
HTTP/1.1 400 Bad Request
Content-Type: application/json; charset=utf-8
cache-control: no-cache
content-length: 957

15:51:52.047 [AsyncHttpClient-1-2] DEBUG org.asynchttpclient.netty.channel.ChannelManager - Adding key: http://localhost:55983 for channel [id: 0x580d6235, L:/127.0.0.1:56235 - R:localhost/127.0.0.1:55983]
15:51:52.051 [Forwarding findElement on session 5bf40b82a1174a0ecdc0d08409f979ea to remote] DEBUG org.asynchttpclient.netty.request.NettyRequestSender - Using pooled Channel '[id: 0x580d6235, L:/127.0.0.1:56235 - R:localhost/127.0.0.1:55983]' for 'POST' to 'http://localhost:55983/session/5bf40b82a1174a0ecdc0d08409f979ea/element'
15:51:52.051 [Forwarding findElement on session 5bf40b82a1174a0ecdc0d08409f979ea to remote] DEBUG org.asynchttpclient.netty.request.NettyRequestSender - Using open Channel [id: 0x580d6235, L:/127.0.0.1:56235 - R:localhost/127.0.0.1:55983] for POST '/session/5bf40b82a1174a0ecdc0d08409f979ea/element'
15:51:52.084 [AsyncHttpClient-1-2] DEBUG org.asynchttpclient.netty.handler.HttpHandler - 

Request DefaultHttpRequest(decodeResult: success, version: HTTP/1.1)
POST /session/5bf40b82a1174a0ecdc0d08409f979ea/element HTTP/1.1
User-Agent: selenium/4.1.2 (java windows)
Content-Length: 63
Content-Type: application/json; charset=utf-8
host: localhost:55983
accept: */*

Response DefaultHttpResponse(decodeResult: success, version: HTTP/1.1)
HTTP/1.1 200 OK
Content-Type: application/json; charset=utf-8
cache-control: no-cache
content-length: 88

15:51:52.084 [AsyncHttpClient-1-2] DEBUG org.asynchttpclient.netty.channel.ChannelManager - Adding key: http://localhost:55983 for channel [id: 0x580d6235, L:/127.0.0.1:56235 - R:localhost/127.0.0.1:55983]
15:51:52.094 [Forwarding isElementDisplayed on session 5bf40b82a1174a0ecdc0d08409f979ea to remote] DEBUG org.asynchttpclient.netty.request.NettyRequestSender - Using pooled Channel '[id: 0x580d6235, L:/127.0.0.1:56235 - R:localhost/127.0.0.1:55983]' for 'POST' to 'http://localhost:55983/session/5bf40b82a1174a0ecdc0d08409f979ea/execute/sync'
15:51:52.094 [Forwarding isElementDisplayed on session 5bf40b82a1174a0ecdc0d08409f979ea to remote] DEBUG org.asynchttpclient.netty.request.NettyRequestSender - Using open Channel [id: 0x580d6235, L:/127.0.0.1:56235 - R:localhost/127.0.0.1:55983] for POST '/session/5bf40b82a1174a0ecdc0d08409f979ea/execute/sync'
15:51:52.134 [AsyncHttpClient-1-2] DEBUG org.asynchttpclient.netty.handler.HttpHandler - 

Request DefaultHttpRequest(decodeResult: success, version: HTTP/1.1)
POST /session/5bf40b82a1174a0ecdc0d08409f979ea/execute/sync HTTP/1.1
User-Agent: selenium/4.1.2 (java windows)
Content-Length: 48780
Content-Type: application/json; charset=utf-8
host: localhost:55983
accept: */*

Response DefaultHttpResponse(decodeResult: success, version: HTTP/1.1)
HTTP/1.1 200 OK
Content-Type: application/json; charset=utf-8
cache-control: no-cache
content-length: 14

15:51:52.135 [AsyncHttpClient-1-2] DEBUG org.asynchttpclient.netty.channel.ChannelManager - Adding key: http://localhost:55983 for channel [id: 0x580d6235, L:/127.0.0.1:56235 - R:localhost/127.0.0.1:55983]
15:51:52.148 [Forwarding screenshot on session 5bf40b82a1174a0ecdc0d08409f979ea to remote] DEBUG org.asynchttpclient.netty.request.NettyRequestSender - Using pooled Channel '[id: 0x580d6235, L:/127.0.0.1:56235 - R:localhost/127.0.0.1:55983]' for 'GET' to 'http://localhost:55983/session/5bf40b82a1174a0ecdc0d08409f979ea/screenshot'
15:51:52.148 [Forwarding screenshot on session 5bf40b82a1174a0ecdc0d08409f979ea to remote] DEBUG org.asynchttpclient.netty.request.NettyRequestSender - Using open Channel [id: 0x580d6235, L:/127.0.0.1:56235 - R:localhost/127.0.0.1:55983] for GET '/session/5bf40b82a1174a0ecdc0d08409f979ea/screenshot'
15:51:52.356 [AsyncHttpClient-1-2] DEBUG org.asynchttpclient.netty.handler.HttpHandler - 

Request DefaultFullHttpRequest(decodeResult: success, version: HTTP/1.1, content: EmptyByteBufBE)
GET /session/5bf40b82a1174a0ecdc0d08409f979ea/screenshot HTTP/1.1
User-Agent: selenium/4.1.2 (java windows)
Cache-Control: no-cache
Content-Type: application/json; charset=utf-8
host: localhost:55983
accept: */*

Response DefaultHttpResponse(decodeResult: success, version: HTTP/1.1)
HTTP/1.1 200 OK
Content-Type: application/json; charset=utf-8
cache-control: no-cache
content-length: 38640

15:51:52.357 [AsyncHttpClient-1-2] DEBUG org.asynchttpclient.netty.channel.ChannelManager - Adding key: http://localhost:55983 for channel [id: 0x580d6235, L:/127.0.0.1:56235 - R:localhost/127.0.0.1:55983]
15:51:52.360 [main] DEBUG net.serenitybdd.core.photography.Darkroom - Send negative for processing for target\site\serenity\bb353f1f68cdc1b08daf7d3c8a345b7d44e484bcadf2e0297aae4cc96d629ebe.png
15:51:52.360 [main] DEBUG net.thucydides.core.steps.StepInterceptor - STEP DONE: errorMessageAppears
15:51:52.361 [Darkroom Processing Line] DEBUG net.serenitybdd.core.photography.DarkroomProcessingLine - Processing screenshot image in /var/screenshots/screenshot-4213298694120624557
15:51:52.361 [Darkroom Processing Line] DEBUG net.serenitybdd.core.photography.DarkroomProcessingLine - Saving screenshot to target\site\serenity\bb353f1f68cdc1b08daf7d3c8a345b7d44e484bcadf2e0297aae4cc96d629ebe.png
15:51:52.378 [main] DEBUG net.thucydides.core.steps.StepInterceptor - STARTING STEP: LoginSteps.iGet - errorMessageEquals
15:51:52.387 [Forwarding findElement on session 5bf40b82a1174a0ecdc0d08409f979ea to remote] DEBUG org.asynchttpclient.netty.request.NettyRequestSender - Using pooled Channel '[id: 0x580d6235, L:/127.0.0.1:56235 - R:localhost/127.0.0.1:55983]' for 'POST' to 'http://localhost:55983/session/5bf40b82a1174a0ecdc0d08409f979ea/element'
15:51:52.387 [Forwarding findElement on session 5bf40b82a1174a0ecdc0d08409f979ea to remote] DEBUG org.asynchttpclient.netty.request.NettyRequestSender - Using open Channel [id: 0x580d6235, L:/127.0.0.1:56235 - R:localhost/127.0.0.1:55983] for POST '/session/5bf40b82a1174a0ecdc0d08409f979ea/element'
15:51:52.400 [AsyncHttpClient-1-2] DEBUG org.asynchttpclient.netty.handler.HttpHandler - 

Request DefaultHttpRequest(decodeResult: success, version: HTTP/1.1)
POST /session/5bf40b82a1174a0ecdc0d08409f979ea/element HTTP/1.1
User-Agent: selenium/4.1.2 (java windows)
Content-Length: 63
Content-Type: application/json; charset=utf-8
host: localhost:55983
accept: */*

Response DefaultHttpResponse(decodeResult: success, version: HTTP/1.1)
HTTP/1.1 200 OK
Content-Type: application/json; charset=utf-8
cache-control: no-cache
content-length: 88

15:51:52.400 [AsyncHttpClient-1-2] DEBUG org.asynchttpclient.netty.channel.ChannelManager - Adding key: http://localhost:55983 for channel [id: 0x580d6235, L:/127.0.0.1:56235 - R:localhost/127.0.0.1:55983]
15:51:52.402 [Forwarding getElementText on session 5bf40b82a1174a0ecdc0d08409f979ea to remote] DEBUG org.asynchttpclient.netty.request.NettyRequestSender - Using pooled Channel '[id: 0x580d6235, L:/127.0.0.1:56235 - R:localhost/127.0.0.1:55983]' for 'GET' to 'http://localhost:55983/session/5bf40b82a1174a0ecdc0d08409f979ea/element/dfdd4ffa-32fa-4654-858d-ca2f2cdd2887/text'
15:51:52.402 [Forwarding getElementText on session 5bf40b82a1174a0ecdc0d08409f979ea to remote] DEBUG org.asynchttpclient.netty.request.NettyRequestSender - Using open Channel [id: 0x580d6235, L:/127.0.0.1:56235 - R:localhost/127.0.0.1:55983] for GET '/session/5bf40b82a1174a0ecdc0d08409f979ea/element/dfdd4ffa-32fa-4654-858d-ca2f2cdd2887/text'
15:51:52.429 [AsyncHttpClient-1-2] DEBUG org.asynchttpclient.netty.handler.HttpHandler - 

Request DefaultFullHttpRequest(decodeResult: success, version: HTTP/1.1, content: EmptyByteBufBE)
GET /session/5bf40b82a1174a0ecdc0d08409f979ea/element/dfdd4ffa-32fa-4654-858d-ca2f2cdd2887/text HTTP/1.1
User-Agent: selenium/4.1.2 (java windows)
Cache-Control: no-cache
Content-Type: application/json; charset=utf-8
host: localhost:55983
accept: */*

Response DefaultHttpResponse(decodeResult: success, version: HTTP/1.1)
HTTP/1.1 200 OK
Content-Type: application/json; charset=utf-8
cache-control: no-cache
content-length: 40

15:51:52.429 [AsyncHttpClient-1-2] DEBUG org.asynchttpclient.netty.channel.ChannelManager - Adding key: http://localhost:55983 for channel [id: 0x580d6235, L:/127.0.0.1:56235 - R:localhost/127.0.0.1:55983]
15:51:52.447 [Forwarding screenshot on session 5bf40b82a1174a0ecdc0d08409f979ea to remote] DEBUG org.asynchttpclient.netty.request.NettyRequestSender - Using pooled Channel '[id: 0x580d6235, L:/127.0.0.1:56235 - R:localhost/127.0.0.1:55983]' for 'GET' to 'http://localhost:55983/session/5bf40b82a1174a0ecdc0d08409f979ea/screenshot'
15:51:52.447 [Forwarding screenshot on session 5bf40b82a1174a0ecdc0d08409f979ea to remote] DEBUG org.asynchttpclient.netty.request.NettyRequestSender - Using open Channel [id: 0x580d6235, L:/127.0.0.1:56235 - R:localhost/127.0.0.1:55983] for GET '/session/5bf40b82a1174a0ecdc0d08409f979ea/screenshot'
15:51:52.604 [AsyncHttpClient-1-2] DEBUG org.asynchttpclient.netty.handler.HttpHandler - 

Request DefaultFullHttpRequest(decodeResult: success, version: HTTP/1.1, content: EmptyByteBufBE)
GET /session/5bf40b82a1174a0ecdc0d08409f979ea/screenshot HTTP/1.1
User-Agent: selenium/4.1.2 (java windows)
Cache-Control: no-cache
Content-Type: application/json; charset=utf-8
host: localhost:55983
accept: */*

Response DefaultHttpResponse(decodeResult: success, version: HTTP/1.1)
HTTP/1.1 200 OK
Content-Type: application/json; charset=utf-8
cache-control: no-cache
content-length: 38640

15:51:52.605 [AsyncHttpClient-1-2] DEBUG org.asynchttpclient.netty.channel.ChannelManager - Adding key: http://localhost:55983 for channel [id: 0x580d6235, L:/127.0.0.1:56235 - R:localhost/127.0.0.1:55983]
15:51:52.610 [main] DEBUG net.serenitybdd.core.photography.Darkroom - Send negative for processing for target\site\serenity\bb353f1f68cdc1b08daf7d3c8a345b7d44e484bcadf2e0297aae4cc96d629ebe.png
15:51:52.610 [main] DEBUG net.thucydides.core.steps.StepInterceptor - STEP DONE: errorMessageEquals
  &amp#27;[32mThen &amp#27;[0m&amp#27;[32mI get &amp#27;[0m&amp#27;[32m&amp#27;[1m"Alert message: email or password is invalid"&amp#27;[0m &amp#27;[90m# starter.stepdefinitions.LoginSteps.iGet(java.lang.String)&amp#27;[0m
15:51:52.628 [AsyncHttpClient-1-4] DEBUG org.asynchttpclient.netty.handler.WebSocketHandler - Channel Closed: [id: 0xd9fbba2c, L:/127.0.0.1:56244 ! R:localhost/127.0.0.1:56236] with attribute NettyResponseFuture{currentRetry=5,
	isDone=1,
	isCancelled=0,
	asyncHandler=org.asynchttpclient.ws.WebSocketUpgradeHandler@6eee765d,
	nettyRequest=org.asynchttpclient.netty.request.NettyRequest@1c5921e9,
	future=java.util.concurrent.CompletableFuture@7a193888[Completed normally],
	uri=ws://localhost:56236/devtools/browser/0d0fc010-1539-4be3-93f0-e5fcb1be3ad3,
	keepAlive=true,
	redirectCount=0,
	timeoutsHolder=null,
	inAuth=0,
	touch=1652863905743}
15:51:52.629 [AsyncHttpClient-1-4] DEBUG org.asynchttpclient.netty.channel.ChannelManager - Closing Channel [id: 0xd9fbba2c, L:/127.0.0.1:56244 ! R:localhost/127.0.0.1:56236] 
15:51:52.630 [Driver Command Executor] DEBUG org.asynchttpclient.netty.request.NettyRequestSender - Using pooled Channel '[id: 0x580d6235, L:/127.0.0.1:56235 - R:localhost/127.0.0.1:55983]' for 'DELETE' to 'http://localhost:55983/session/5bf40b82a1174a0ecdc0d08409f979ea'
15:51:52.630 [Driver Command Executor] DEBUG org.asynchttpclient.netty.request.NettyRequestSender - Using open Channel [id: 0x580d6235, L:/127.0.0.1:56235 - R:localhost/127.0.0.1:55983] for DELETE '/session/5bf40b82a1174a0ecdc0d08409f979ea'
15:51:52.843 [AsyncHttpClient-1-3] DEBUG org.asynchttpclient.netty.handler.HttpHandler - Unexpected I/O exception on channel [id: 0xe40b1b92, L:/127.0.0.1:56243 - R:localhost/127.0.0.1:56236]
java.net.SocketException: Connection reset
	at java.base/sun.nio.ch.SocketChannelImpl.throwConnectionReset(SocketChannelImpl.java:367)
	at java.base/sun.nio.ch.SocketChannelImpl.read(SocketChannelImpl.java:398)
	at io.netty.buffer.PooledByteBuf.setBytes(PooledByteBuf.java:258)
	at io.netty.buffer.AbstractByteBuf.writeBytes(AbstractByteBuf.java:1132)
	at io.netty.channel.socket.nio.NioSocketChannel.doReadBytes(NioSocketChannel.java:350)
	at io.netty.channel.nio.AbstractNioByteChannel$NioByteUnsafe.read(AbstractNioByteChannel.java:151)
	at io.netty.channel.nio.NioEventLoop.processSelectedKey(NioEventLoop.java:722)
	at io.netty.channel.nio.NioEventLoop.processSelectedKeysOptimized(NioEventLoop.java:658)
	at io.netty.channel.nio.NioEventLoop.processSelectedKeys(NioEventLoop.java:584)
	at io.netty.channel.nio.NioEventLoop.run(NioEventLoop.java:496)
	at io.netty.util.concurrent.SingleThreadEventExecutor$4.run(SingleThreadEventExecutor.java:986)
	at io.netty.util.internal.ThreadExecutorMap$2.run(ThreadExecutorMap.java:74)
	at io.netty.util.concurrent.FastThreadLocalRunnable.run(FastThreadLocalRunnable.java:30)
	at java.base/java.lang.Thread.run(Thread.java:832)
15:51:52.844 [AsyncHttpClient-1-3] DEBUG org.asynchttpclient.netty.channel.ChannelManager - Closing Channel [id: 0xe40b1b92, L:/127.0.0.1:56243 - R:localhost/127.0.0.1:56236] 
15:51:52.844 [AsyncHttpClient-1-3] DEBUG org.asynchttpclient.netty.handler.HttpHandler - Channel Closed: [id: 0xe40b1b92, L:/127.0.0.1:56243 ! R:localhost/127.0.0.1:56236] with attribute DISCARD
15:51:52.863 [AsyncHttpClient-1-1] DEBUG org.asynchttpclient.netty.channel.DefaultChannelPool - Entry count for : http://localhost:56236 : 1
15:51:52.864 [AsyncHttpClient-1-1] DEBUG org.asynchttpclient.netty.channel.DefaultChannelPool - Adding Candidate expired Channel [id: 0xe40b1b92, L:/127.0.0.1:56243 ! R:localhost/127.0.0.1:56236] isIdleTimeoutExpired=false isRemotelyClosed=true isTtlExpired=false
15:51:52.864 [AsyncHttpClient-1-1] DEBUG org.asynchttpclient.netty.channel.DefaultChannelPool - Closing Idle Channel [id: 0xe40b1b92, L:/127.0.0.1:56243 ! R:localhost/127.0.0.1:56236]
15:51:52.864 [AsyncHttpClient-1-1] DEBUG org.asynchttpclient.netty.channel.DefaultChannelPool - Closed 1 connections out of 1 in 0 ms
15:51:52.874 [AsyncHttpClient-1-2] DEBUG org.asynchttpclient.netty.handler.HttpHandler - 

Request DefaultFullHttpRequest(decodeResult: success, version: HTTP/1.1, content: EmptyByteBufBE)
DELETE /session/5bf40b82a1174a0ecdc0d08409f979ea HTTP/1.1
User-Agent: selenium/4.1.2 (java windows)
Content-Type: application/json; charset=utf-8
host: localhost:55983
accept: */*

Response DefaultHttpResponse(decodeResult: success, version: HTTP/1.1)
HTTP/1.1 200 OK
Content-Type: application/json; charset=utf-8
cache-control: no-cache
content-length: 14

15:51:52.874 [AsyncHttpClient-1-2] DEBUG org.asynchttpclient.netty.channel.ChannelManager - Adding key: http://localhost:55983 for channel [id: 0x580d6235, L:/127.0.0.1:56235 - R:localhost/127.0.0.1:55983]
15:51:53.234 [AsyncHttpClient-1-2] DEBUG org.asynchttpclient.netty.handler.HttpHandler - Channel Closed: [id: 0x580d6235, L:/127.0.0.1:56235 ! R:localhost/127.0.0.1:55983] with attribute DISCARD
]]></system-out>
    <system-err><![CDATA[Starting ChromeDriver 100.0.4896.60 (6a5d10861ce8de5fce22564658033b43cb7de047-refs/branch-heads/4896@{#875}) on port 55983
Only local connections are allowed.
Please see https://chromedriver.chromium.org/security-considerations for suggestions on keeping ChromeDriver safe.
ChromeDriver was started successfully.
[1652863905.135][WARNING]: This version of ChromeDriver has not been tested with Chrome version 101.
May 18, 2022 3:51:45 PM org.openqa.selenium.remote.ProtocolHandshake createSession
INFO: Detected dialect: W3C
May 18, 2022 3:51:45 PM org.openqa.selenium.devtools.CdpVersionFinder findNearestMatch
WARNING: Unable to find an exact match for CDP version 101, so returning the closest version found: 97
May 18, 2022 3:51:45 PM org.openqa.selenium.devtools.CdpVersionFinder findNearestMatch
INFO: Found CDP implementation for version 101 of 97
]]></system-err>
  </testcase>
  <testcase name="Logout from my account" classname="As a user" time="27.485">
    <system-out><![CDATA[15:51:53.758 [main] INFO io.cucumber.core.plugin.SerenityReporter - Running feature from file:///C:/Users/ponda/Documents/Final_Project/Final_Web/src/test/resources/features/Logout.feature
15:51:53.766 [main] DEBUG net.thucydides.core.steps.StepEventBus - Test suite started for story net.thucydides.core.model.Story@30c9f540
15:51:53.767 [main] INFO  - Test Suite Started: As a user

Scenario: Logout from my account &amp#27;[90m# src/test/resources/features/Logout.feature:7&amp#27;[0m
15:51:53.796 [main] INFO io.cucumber.core.plugin.SerenityReporter - Running feature from file:///C:/Users/ponda/Documents/Final_Project/Final_Web/src/test/resources/features/Logout.feature
15:51:53.803 [main] INFO  - 
  _____   ___   ___   _____     ___   _____     _     ___   _____   ___   ___  
 |_   _| | __| / __| |_   _|   / __| |_   _|   /_\   | _ \ |_   _| | __| |   \ 
   | |   | _|  \__ \   | |     \__ \   | |    / _ \  |   /   | |   | _|  | |) |
   |_|   |___| |___/   |_|     |___/   |_|   /_/ \_\ |_|_\   |_|   |___| |___/ 

Logout from my account(as-a-user;logout-from-my-account)
--------------------------------------------------------------------------------
15:51:54.003 [AsyncHttpClient-1-1] DEBUG org.asynchttpclient.netty.channel.DefaultChannelPool - Entry count for : http://localhost:55983 : 1
15:51:54.003 [AsyncHttpClient-1-1] DEBUG org.asynchttpclient.netty.channel.DefaultChannelPool - Adding Candidate expired Channel [id: 0x580d6235, L:/127.0.0.1:56235 ! R:localhost/127.0.0.1:55983] isIdleTimeoutExpired=false isRemotelyClosed=true isTtlExpired=false
15:51:54.003 [AsyncHttpClient-1-1] DEBUG org.asynchttpclient.netty.channel.DefaultChannelPool - Closing Idle Channel [id: 0x580d6235, L:/127.0.0.1:56235 ! R:localhost/127.0.0.1:55983]
15:51:54.027 [AsyncHttpClient-1-1] DEBUG org.asynchttpclient.netty.channel.DefaultChannelPool - Closed 1 connections out of 1 in 24 ms
15:51:54.226 [main] DEBUG net.thucydides.core.steps.StepInterceptor - STARTING STEP: LogoutSteps.iSuccessfullyLogin - openUrl
15:51:54.229 [main] INFO net.serenitybdd.core.webdriver.driverproviders.ChromeDriverProvider - Using automatically driver download
15:51:54.537 [main] DEBUG io.github.bonigarcia.wdm.cache.ResolutionCache - Resolution chrome=101 in cache (valid until 16:36:25 18/05/2022 WIB)
15:51:54.559 [main] DEBUG io.github.bonigarcia.wdm.cache.ResolutionCache - Resolution chrome101=101.0.4951.41 in cache (valid until 16:04:06 18/05/2022 WIB)
15:51:54.564 [main] INFO io.github.bonigarcia.wdm.WebDriverManager - Using chromedriver 101.0.4951.41 (resolved driver for Chrome 101)
15:51:54.623 [main] DEBUG io.github.bonigarcia.wdm.WebDriverManager - Driver chromedriver 101.0.4951.41 found in cache
15:51:54.625 [main] INFO io.github.bonigarcia.wdm.WebDriverManager - Exporting webdriver.chrome.driver as C:\Users\ponda\.cache\selenium\chromedriver\win32\101.0.4951.41\chromedriver.exe
15:51:54.841 [main] DEBUG net.serenitybdd.core.webdriver.driverproviders.ProvideNewDriver - Instantiating driver
15:51:54.841 [main] DEBUG net.serenitybdd.core.webdriver.driverproviders.ProvideNewDriver - Driver capabilities: Capabilities {acceptInsecureCerts: false, base.url: https://qa.alta.id, browserName: chrome, chrome.driver: src/test/resources/webdrive..., driver: chrome, goog:chromeOptions: {args: [], extensions: []}}
15:51:55.441 [AsyncHttpClient-1-5] DEBUG org.asynchttpclient.netty.channel.NettyConnectListener - Using new Channel '[id: 0xd2c66154, L:/127.0.0.1:56265 - R:localhost/127.0.0.1:65074]' for 'POST' to '/session'
15:51:57.730 [AsyncHttpClient-1-5] DEBUG org.asynchttpclient.netty.handler.HttpHandler - 

Request DefaultHttpRequest(decodeResult: success, version: HTTP/1.1)
POST /session HTTP/1.1
User-Agent: selenium/4.1.2 (java windows)
Content-Length: 599
Content-Type: application/json; charset=utf-8
host: localhost:65074
accept: */*

Response DefaultHttpResponse(decodeResult: success, version: HTTP/1.1)
HTTP/1.1 200 OK
Content-Type: application/json; charset=utf-8
cache-control: no-cache
content-length: 789

15:51:57.730 [AsyncHttpClient-1-5] DEBUG org.asynchttpclient.netty.channel.ChannelManager - Adding key: http://localhost:65074 for channel [id: 0xd2c66154, L:/127.0.0.1:56265 - R:localhost/127.0.0.1:65074]
15:51:57.746 [AsyncHttpClient-1-2] DEBUG org.asynchttpclient.netty.channel.NettyConnectListener - Using new Channel '[id: 0x41736fa9, L:/127.0.0.1:56274 - R:localhost/127.0.0.1:56267]' for 'GET' to '/json/version'
15:51:57.747 [AsyncHttpClient-1-2] DEBUG org.asynchttpclient.netty.handler.HttpHandler - 

Request DefaultFullHttpRequest(decodeResult: success, version: HTTP/1.1, content: EmptyByteBufBE)
GET /json/version HTTP/1.1
User-Agent: selenium/4.1.2 (java windows)
host: localhost:56267
accept: */*

Response DefaultHttpResponse(decodeResult: success, version: HTTP/1.1)
HTTP/1.1 200 OK
Content-Type: application/json; charset=UTF-8
content-length: 427

15:51:57.748 [AsyncHttpClient-1-2] DEBUG org.asynchttpclient.netty.channel.ChannelManager - Adding key: http://localhost:56267 for channel [id: 0x41736fa9, L:/127.0.0.1:56274 - R:localhost/127.0.0.1:56267]
15:51:57.752 [AsyncHttpClient-1-3] DEBUG org.asynchttpclient.netty.channel.NettyConnectListener - Using new Channel '[id: 0xecefd736, L:/127.0.0.1:56275 - R:localhost/127.0.0.1:56267]' for 'GET' to '/devtools/browser/b5379c9d-80cc-4d8b-a202-b6cf2fe7da0b'
15:51:57.754 [AsyncHttpClient-1-3] DEBUG org.asynchttpclient.netty.handler.WebSocketHandler - 

Request DefaultFullHttpRequest(decodeResult: success, version: HTTP/1.1, content: EmptyByteBufBE)
GET /devtools/browser/b5379c9d-80cc-4d8b-a202-b6cf2fe7da0b HTTP/1.1
upgrade: websocket
connection: upgrade
sec-websocket-key: KdSPuSsr6Qs2kEYWXSeGtw==
sec-websocket-version: 13
origin: http://localhost:56267
host: localhost:56267
accept: */*
user-agent: AHC/2.1

Response DefaultHttpResponse(decodeResult: success, version: HTTP/1.1)
HTTP/1.1 101 WebSocket Protocol Handshake
Upgrade: WebSocket
Connection: Upgrade
Sec-WebSocket-Accept: gB/dfmD+bQegZMcXbhkyLVwu+ls=

15:51:57.764 [Forwarding maximizeCurrentWindow on session 0cb73b9ddbea93a1146afa1529a087d6 to remote] DEBUG org.asynchttpclient.netty.request.NettyRequestSender - Using pooled Channel '[id: 0xd2c66154, L:/127.0.0.1:56265 - R:localhost/127.0.0.1:65074]' for 'POST' to 'http://localhost:65074/session/0cb73b9ddbea93a1146afa1529a087d6/window/maximize'
15:51:57.764 [Forwarding maximizeCurrentWindow on session 0cb73b9ddbea93a1146afa1529a087d6 to remote] DEBUG org.asynchttpclient.netty.request.NettyRequestSender - Using open Channel [id: 0xd2c66154, L:/127.0.0.1:56265 - R:localhost/127.0.0.1:65074] for POST '/session/0cb73b9ddbea93a1146afa1529a087d6/window/maximize'
15:51:57.954 [AsyncHttpClient-1-5] DEBUG org.asynchttpclient.netty.handler.HttpHandler - 

Request DefaultHttpRequest(decodeResult: success, version: HTTP/1.1)
POST /session/0cb73b9ddbea93a1146afa1529a087d6/window/maximize HTTP/1.1
User-Agent: selenium/4.1.2 (java windows)
Content-Length: 3
Content-Type: application/json; charset=utf-8
host: localhost:65074
accept: */*

Response DefaultHttpResponse(decodeResult: success, version: HTTP/1.1)
HTTP/1.1 200 OK
Content-Type: application/json; charset=utf-8
cache-control: no-cache
content-length: 51

15:51:57.954 [AsyncHttpClient-1-5] DEBUG org.asynchttpclient.netty.channel.ChannelManager - Adding key: http://localhost:65074 for channel [id: 0xd2c66154, L:/127.0.0.1:56265 - R:localhost/127.0.0.1:65074]
15:51:57.970 [Forwarding get on session 0cb73b9ddbea93a1146afa1529a087d6 to remote] DEBUG org.asynchttpclient.netty.request.NettyRequestSender - Using pooled Channel '[id: 0xd2c66154, L:/127.0.0.1:56265 - R:localhost/127.0.0.1:65074]' for 'POST' to 'http://localhost:65074/session/0cb73b9ddbea93a1146afa1529a087d6/url'
15:51:57.970 [Forwarding get on session 0cb73b9ddbea93a1146afa1529a087d6 to remote] DEBUG org.asynchttpclient.netty.request.NettyRequestSender - Using open Channel [id: 0xd2c66154, L:/127.0.0.1:56265 - R:localhost/127.0.0.1:65074] for POST '/session/0cb73b9ddbea93a1146afa1529a087d6/url'
15:51:58.364 [AsyncHttpClient-1-1] DEBUG org.asynchttpclient.netty.channel.DefaultChannelPool - Entry count for : http://localhost:56267 : 1
15:51:59.460 [AsyncHttpClient-1-1] DEBUG org.asynchttpclient.netty.channel.DefaultChannelPool - Entry count for : http://localhost:56267 : 1
15:52:00.560 [AsyncHttpClient-1-1] DEBUG org.asynchttpclient.netty.channel.DefaultChannelPool - Entry count for : http://localhost:56267 : 1
15:52:01.660 [AsyncHttpClient-1-1] DEBUG org.asynchttpclient.netty.channel.DefaultChannelPool - Entry count for : http://localhost:56267 : 1
15:52:01.789 [AsyncHttpClient-1-5] DEBUG org.asynchttpclient.netty.handler.HttpHandler - 

Request DefaultHttpRequest(decodeResult: success, version: HTTP/1.1)
POST /session/0cb73b9ddbea93a1146afa1529a087d6/url HTTP/1.1
User-Agent: selenium/4.1.2 (java windows)
Content-Length: 64
Content-Type: application/json; charset=utf-8
host: localhost:65074
accept: */*

Response DefaultHttpResponse(decodeResult: success, version: HTTP/1.1)
HTTP/1.1 200 OK
Content-Type: application/json; charset=utf-8
cache-control: no-cache
content-length: 14

15:52:01.790 [AsyncHttpClient-1-5] DEBUG org.asynchttpclient.netty.channel.ChannelManager - Adding key: http://localhost:65074 for channel [id: 0xd2c66154, L:/127.0.0.1:56265 - R:localhost/127.0.0.1:65074]
15:52:01.792 [Forwarding setTimeout on session 0cb73b9ddbea93a1146afa1529a087d6 to remote] DEBUG org.asynchttpclient.netty.request.NettyRequestSender - Using pooled Channel '[id: 0xd2c66154, L:/127.0.0.1:56265 - R:localhost/127.0.0.1:65074]' for 'POST' to 'http://localhost:65074/session/0cb73b9ddbea93a1146afa1529a087d6/timeouts'
15:52:01.792 [Forwarding setTimeout on session 0cb73b9ddbea93a1146afa1529a087d6 to remote] DEBUG org.asynchttpclient.netty.request.NettyRequestSender - Using open Channel [id: 0xd2c66154, L:/127.0.0.1:56265 - R:localhost/127.0.0.1:65074] for POST '/session/0cb73b9ddbea93a1146afa1529a087d6/timeouts'
15:52:01.798 [AsyncHttpClient-1-5] DEBUG org.asynchttpclient.netty.handler.HttpHandler - 

Request DefaultHttpRequest(decodeResult: success, version: HTTP/1.1)
POST /session/0cb73b9ddbea93a1146afa1529a087d6/timeouts HTTP/1.1
User-Agent: selenium/4.1.2 (java windows)
Content-Length: 22
Content-Type: application/json; charset=utf-8
host: localhost:65074
accept: */*

Response DefaultHttpResponse(decodeResult: success, version: HTTP/1.1)
HTTP/1.1 200 OK
Content-Type: application/json; charset=utf-8
cache-control: no-cache
content-length: 14

15:52:01.798 [AsyncHttpClient-1-5] DEBUG org.asynchttpclient.netty.channel.ChannelManager - Adding key: http://localhost:65074 for channel [id: 0xd2c66154, L:/127.0.0.1:56265 - R:localhost/127.0.0.1:65074]
15:52:01.803 [Forwarding getCurrentUrl on session 0cb73b9ddbea93a1146afa1529a087d6 to remote] DEBUG org.asynchttpclient.netty.request.NettyRequestSender - Using pooled Channel '[id: 0xd2c66154, L:/127.0.0.1:56265 - R:localhost/127.0.0.1:65074]' for 'GET' to 'http://localhost:65074/session/0cb73b9ddbea93a1146afa1529a087d6/url'
15:52:01.803 [Forwarding getCurrentUrl on session 0cb73b9ddbea93a1146afa1529a087d6 to remote] DEBUG org.asynchttpclient.netty.request.NettyRequestSender - Using open Channel [id: 0xd2c66154, L:/127.0.0.1:56265 - R:localhost/127.0.0.1:65074] for GET '/session/0cb73b9ddbea93a1146afa1529a087d6/url'
15:52:01.810 [AsyncHttpClient-1-5] DEBUG org.asynchttpclient.netty.handler.HttpHandler - 

Request DefaultFullHttpRequest(decodeResult: success, version: HTTP/1.1, content: EmptyByteBufBE)
GET /session/0cb73b9ddbea93a1146afa1529a087d6/url HTTP/1.1
User-Agent: selenium/4.1.2 (java windows)
Cache-Control: no-cache
Content-Type: application/json; charset=utf-8
host: localhost:65074
accept: */*

Response DefaultHttpResponse(decodeResult: success, version: HTTP/1.1)
HTTP/1.1 200 OK
Content-Type: application/json; charset=utf-8
cache-control: no-cache
content-length: 41

15:52:01.810 [AsyncHttpClient-1-5] DEBUG org.asynchttpclient.netty.channel.ChannelManager - Adding key: http://localhost:65074 for channel [id: 0xd2c66154, L:/127.0.0.1:56265 - R:localhost/127.0.0.1:65074]
15:52:01.819 [main] DEBUG net.serenitybdd.core.photography.Darkroom - Opening darkroom
15:52:01.820 [Darkroom Processing Line] DEBUG net.serenitybdd.core.photography.DarkroomProcessingLine - Darkroom processing line starting up
15:52:01.820 [Forwarding screenshot on session 0cb73b9ddbea93a1146afa1529a087d6 to remote] DEBUG org.asynchttpclient.netty.request.NettyRequestSender - Using pooled Channel '[id: 0xd2c66154, L:/127.0.0.1:56265 - R:localhost/127.0.0.1:65074]' for 'GET' to 'http://localhost:65074/session/0cb73b9ddbea93a1146afa1529a087d6/screenshot'
15:52:01.820 [Forwarding screenshot on session 0cb73b9ddbea93a1146afa1529a087d6 to remote] DEBUG org.asynchttpclient.netty.request.NettyRequestSender - Using open Channel [id: 0xd2c66154, L:/127.0.0.1:56265 - R:localhost/127.0.0.1:65074] for GET '/session/0cb73b9ddbea93a1146afa1529a087d6/screenshot'
15:52:01.997 [AsyncHttpClient-1-5] DEBUG org.asynchttpclient.netty.handler.HttpHandler - 

Request DefaultFullHttpRequest(decodeResult: success, version: HTTP/1.1, content: EmptyByteBufBE)
GET /session/0cb73b9ddbea93a1146afa1529a087d6/screenshot HTTP/1.1
User-Agent: selenium/4.1.2 (java windows)
Cache-Control: no-cache
Content-Type: application/json; charset=utf-8
host: localhost:65074
accept: */*

Response DefaultHttpResponse(decodeResult: success, version: HTTP/1.1)
HTTP/1.1 200 OK
Content-Type: application/json; charset=utf-8
cache-control: no-cache
content-length: 25384

15:52:01.997 [AsyncHttpClient-1-5] DEBUG org.asynchttpclient.netty.channel.ChannelManager - Adding key: http://localhost:65074 for channel [id: 0xd2c66154, L:/127.0.0.1:56265 - R:localhost/127.0.0.1:65074]
15:52:02.000 [main] DEBUG net.serenitybdd.core.photography.Darkroom - Send negative for processing for target\site\serenity\49a3ec3fe6e588bb357024d38ea075b8250cb5f32bd132770e4d40bc98d606c0.png
15:52:02.000 [main] DEBUG net.thucydides.core.steps.StepInterceptor - STEP DONE: openUrl
15:52:02.010 [main] DEBUG net.thucydides.core.steps.StepInterceptor - STARTING STEP: LogoutSteps.iSuccessfullyLogin - inputEmail
15:52:02.019 [Forwarding findElement on session 0cb73b9ddbea93a1146afa1529a087d6 to remote] DEBUG org.asynchttpclient.netty.request.NettyRequestSender - Using pooled Channel '[id: 0xd2c66154, L:/127.0.0.1:56265 - R:localhost/127.0.0.1:65074]' for 'POST' to 'http://localhost:65074/session/0cb73b9ddbea93a1146afa1529a087d6/element'
15:52:02.019 [Forwarding findElement on session 0cb73b9ddbea93a1146afa1529a087d6 to remote] DEBUG org.asynchttpclient.netty.request.NettyRequestSender - Using open Channel [id: 0xd2c66154, L:/127.0.0.1:56265 - R:localhost/127.0.0.1:65074] for POST '/session/0cb73b9ddbea93a1146afa1529a087d6/element'
15:52:02.041 [AsyncHttpClient-1-5] DEBUG org.asynchttpclient.netty.handler.HttpHandler - 

Request DefaultHttpRequest(decodeResult: success, version: HTTP/1.1)
POST /session/0cb73b9ddbea93a1146afa1529a087d6/element HTTP/1.1
User-Agent: selenium/4.1.2 (java windows)
Content-Length: 86
Content-Type: application/json; charset=utf-8
host: localhost:65074
accept: */*

Response DefaultHttpResponse(decodeResult: success, version: HTTP/1.1)
HTTP/1.1 200 OK
Content-Type: application/json; charset=utf-8
cache-control: no-cache
content-length: 88

15:52:02.041 [AsyncHttpClient-1-5] DEBUG org.asynchttpclient.netty.channel.ChannelManager - Adding key: http://localhost:65074 for channel [id: 0xd2c66154, L:/127.0.0.1:56265 - R:localhost/127.0.0.1:65074]
15:52:02.043 [Forwarding clearElement on session 0cb73b9ddbea93a1146afa1529a087d6 to remote] DEBUG org.asynchttpclient.netty.request.NettyRequestSender - Using pooled Channel '[id: 0xd2c66154, L:/127.0.0.1:56265 - R:localhost/127.0.0.1:65074]' for 'POST' to 'http://localhost:65074/session/0cb73b9ddbea93a1146afa1529a087d6/element/d62018b2-f05c-42af-9262-3b0411aa4c5b/clear'
15:52:02.043 [Forwarding clearElement on session 0cb73b9ddbea93a1146afa1529a087d6 to remote] DEBUG org.asynchttpclient.netty.request.NettyRequestSender - Using open Channel [id: 0xd2c66154, L:/127.0.0.1:56265 - R:localhost/127.0.0.1:65074] for POST '/session/0cb73b9ddbea93a1146afa1529a087d6/element/d62018b2-f05c-42af-9262-3b0411aa4c5b/clear'
15:52:02.098 [AsyncHttpClient-1-5] DEBUG org.asynchttpclient.netty.handler.HttpHandler - 

Request DefaultHttpRequest(decodeResult: success, version: HTTP/1.1)
POST /session/0cb73b9ddbea93a1146afa1529a087d6/element/d62018b2-f05c-42af-9262-3b0411aa4c5b/clear HTTP/1.1
User-Agent: selenium/4.1.2 (java windows)
Content-Length: 50
Content-Type: application/json; charset=utf-8
host: localhost:65074
accept: */*

Response DefaultHttpResponse(decodeResult: success, version: HTTP/1.1)
HTTP/1.1 200 OK
Content-Type: application/json; charset=utf-8
cache-control: no-cache
content-length: 14

15:52:02.099 [AsyncHttpClient-1-5] DEBUG org.asynchttpclient.netty.channel.ChannelManager - Adding key: http://localhost:65074 for channel [id: 0xd2c66154, L:/127.0.0.1:56265 - R:localhost/127.0.0.1:65074]
15:52:02.102 [Forwarding sendKeysToElement on session 0cb73b9ddbea93a1146afa1529a087d6 to remote] DEBUG org.asynchttpclient.netty.request.NettyRequestSender - Using pooled Channel '[id: 0xd2c66154, L:/127.0.0.1:56265 - R:localhost/127.0.0.1:65074]' for 'POST' to 'http://localhost:65074/session/0cb73b9ddbea93a1146afa1529a087d6/element/d62018b2-f05c-42af-9262-3b0411aa4c5b/value'
15:52:02.102 [Forwarding sendKeysToElement on session 0cb73b9ddbea93a1146afa1529a087d6 to remote] DEBUG org.asynchttpclient.netty.request.NettyRequestSender - Using open Channel [id: 0xd2c66154, L:/127.0.0.1:56265 - R:localhost/127.0.0.1:65074] for POST '/session/0cb73b9ddbea93a1146afa1529a087d6/element/d62018b2-f05c-42af-9262-3b0411aa4c5b/value'
15:52:02.547 [AsyncHttpClient-1-5] DEBUG org.asynchttpclient.netty.handler.HttpHandler - 

Request DefaultHttpRequest(decodeResult: success, version: HTTP/1.1)
POST /session/0cb73b9ddbea93a1146afa1529a087d6/element/d62018b2-f05c-42af-9262-3b0411aa4c5b/value HTTP/1.1
User-Agent: selenium/4.1.2 (java windows)
Content-Length: 251
Content-Type: application/json; charset=utf-8
host: localhost:65074
accept: */*

Response DefaultHttpResponse(decodeResult: success, version: HTTP/1.1)
HTTP/1.1 200 OK
Content-Type: application/json; charset=utf-8
cache-control: no-cache
content-length: 14

15:52:02.547 [AsyncHttpClient-1-5] DEBUG org.asynchttpclient.netty.channel.ChannelManager - Adding key: http://localhost:65074 for channel [id: 0xd2c66154, L:/127.0.0.1:56265 - R:localhost/127.0.0.1:65074]
15:52:02.563 [Forwarding screenshot on session 0cb73b9ddbea93a1146afa1529a087d6 to remote] DEBUG org.asynchttpclient.netty.request.NettyRequestSender - Using pooled Channel '[id: 0xd2c66154, L:/127.0.0.1:56265 - R:localhost/127.0.0.1:65074]' for 'GET' to 'http://localhost:65074/session/0cb73b9ddbea93a1146afa1529a087d6/screenshot'
15:52:02.563 [Forwarding screenshot on session 0cb73b9ddbea93a1146afa1529a087d6 to remote] DEBUG org.asynchttpclient.netty.request.NettyRequestSender - Using open Channel [id: 0xd2c66154, L:/127.0.0.1:56265 - R:localhost/127.0.0.1:65074] for GET '/session/0cb73b9ddbea93a1146afa1529a087d6/screenshot'
15:52:02.759 [AsyncHttpClient-1-1] DEBUG org.asynchttpclient.netty.channel.DefaultChannelPool - Entry count for : http://localhost:56267 : 1
15:52:02.773 [AsyncHttpClient-1-5] DEBUG org.asynchttpclient.netty.handler.HttpHandler - 

Request DefaultFullHttpRequest(decodeResult: success, version: HTTP/1.1, content: EmptyByteBufBE)
GET /session/0cb73b9ddbea93a1146afa1529a087d6/screenshot HTTP/1.1
User-Agent: selenium/4.1.2 (java windows)
Cache-Control: no-cache
Content-Type: application/json; charset=utf-8
host: localhost:65074
accept: */*

Response DefaultHttpResponse(decodeResult: success, version: HTTP/1.1)
HTTP/1.1 200 OK
Content-Type: application/json; charset=utf-8
cache-control: no-cache
content-length: 28896

15:52:02.774 [AsyncHttpClient-1-5] DEBUG org.asynchttpclient.netty.channel.ChannelManager - Adding key: http://localhost:65074 for channel [id: 0xd2c66154, L:/127.0.0.1:56265 - R:localhost/127.0.0.1:65074]
15:52:02.779 [main] DEBUG net.serenitybdd.core.photography.Darkroom - Send negative for processing for target\site\serenity\47e3eebdf5a025a0e250a24e0c50f79d090f4dbe69063c2e943da593b136597a.png
15:52:02.779 [main] DEBUG net.thucydides.core.steps.StepInterceptor - STEP DONE: inputEmail
15:52:02.780 [Darkroom Processing Line] DEBUG net.serenitybdd.core.photography.DarkroomProcessingLine - Processing screenshot image in /var/screenshots/screenshot-10020438359774420350
15:52:02.780 [Darkroom Processing Line] DEBUG net.serenitybdd.core.photography.DarkroomProcessingLine - Saving screenshot to target\site\serenity\47e3eebdf5a025a0e250a24e0c50f79d090f4dbe69063c2e943da593b136597a.png
15:52:02.795 [main] DEBUG net.thucydides.core.steps.StepInterceptor - STARTING STEP: LogoutSteps.iSuccessfullyLogin - inputPassword
15:52:02.816 [Forwarding findElement on session 0cb73b9ddbea93a1146afa1529a087d6 to remote] DEBUG org.asynchttpclient.netty.request.NettyRequestSender - Using pooled Channel '[id: 0xd2c66154, L:/127.0.0.1:56265 - R:localhost/127.0.0.1:65074]' for 'POST' to 'http://localhost:65074/session/0cb73b9ddbea93a1146afa1529a087d6/element'
15:52:02.816 [Forwarding findElement on session 0cb73b9ddbea93a1146afa1529a087d6 to remote] DEBUG org.asynchttpclient.netty.request.NettyRequestSender - Using open Channel [id: 0xd2c66154, L:/127.0.0.1:56265 - R:localhost/127.0.0.1:65074] for POST '/session/0cb73b9ddbea93a1146afa1529a087d6/element'
15:52:02.839 [AsyncHttpClient-1-5] DEBUG org.asynchttpclient.netty.handler.HttpHandler - 

Request DefaultHttpRequest(decodeResult: success, version: HTTP/1.1)
POST /session/0cb73b9ddbea93a1146afa1529a087d6/element HTTP/1.1
User-Agent: selenium/4.1.2 (java windows)
Content-Length: 89
Content-Type: application/json; charset=utf-8
host: localhost:65074
accept: */*

Response DefaultHttpResponse(decodeResult: success, version: HTTP/1.1)
HTTP/1.1 200 OK
Content-Type: application/json; charset=utf-8
cache-control: no-cache
content-length: 88

15:52:02.840 [AsyncHttpClient-1-5] DEBUG org.asynchttpclient.netty.channel.ChannelManager - Adding key: http://localhost:65074 for channel [id: 0xd2c66154, L:/127.0.0.1:56265 - R:localhost/127.0.0.1:65074]
15:52:02.842 [Forwarding clearElement on session 0cb73b9ddbea93a1146afa1529a087d6 to remote] DEBUG org.asynchttpclient.netty.request.NettyRequestSender - Using pooled Channel '[id: 0xd2c66154, L:/127.0.0.1:56265 - R:localhost/127.0.0.1:65074]' for 'POST' to 'http://localhost:65074/session/0cb73b9ddbea93a1146afa1529a087d6/element/dded40ea-83ac-4b23-8362-d4fbfa85bc7a/clear'
15:52:02.842 [Forwarding clearElement on session 0cb73b9ddbea93a1146afa1529a087d6 to remote] DEBUG org.asynchttpclient.netty.request.NettyRequestSender - Using open Channel [id: 0xd2c66154, L:/127.0.0.1:56265 - R:localhost/127.0.0.1:65074] for POST '/session/0cb73b9ddbea93a1146afa1529a087d6/element/dded40ea-83ac-4b23-8362-d4fbfa85bc7a/clear'
15:52:02.901 [AsyncHttpClient-1-5] DEBUG org.asynchttpclient.netty.handler.HttpHandler - 

Request DefaultHttpRequest(decodeResult: success, version: HTTP/1.1)
POST /session/0cb73b9ddbea93a1146afa1529a087d6/element/dded40ea-83ac-4b23-8362-d4fbfa85bc7a/clear HTTP/1.1
User-Agent: selenium/4.1.2 (java windows)
Content-Length: 50
Content-Type: application/json; charset=utf-8
host: localhost:65074
accept: */*

Response DefaultHttpResponse(decodeResult: success, version: HTTP/1.1)
HTTP/1.1 200 OK
Content-Type: application/json; charset=utf-8
cache-control: no-cache
content-length: 14

15:52:02.901 [AsyncHttpClient-1-5] DEBUG org.asynchttpclient.netty.channel.ChannelManager - Adding key: http://localhost:65074 for channel [id: 0xd2c66154, L:/127.0.0.1:56265 - R:localhost/127.0.0.1:65074]
15:52:02.906 [Forwarding sendKeysToElement on session 0cb73b9ddbea93a1146afa1529a087d6 to remote] DEBUG org.asynchttpclient.netty.request.NettyRequestSender - Using pooled Channel '[id: 0xd2c66154, L:/127.0.0.1:56265 - R:localhost/127.0.0.1:65074]' for 'POST' to 'http://localhost:65074/session/0cb73b9ddbea93a1146afa1529a087d6/element/dded40ea-83ac-4b23-8362-d4fbfa85bc7a/value'
15:52:02.906 [Forwarding sendKeysToElement on session 0cb73b9ddbea93a1146afa1529a087d6 to remote] DEBUG org.asynchttpclient.netty.request.NettyRequestSender - Using open Channel [id: 0xd2c66154, L:/127.0.0.1:56265 - R:localhost/127.0.0.1:65074] for POST '/session/0cb73b9ddbea93a1146afa1529a087d6/element/dded40ea-83ac-4b23-8362-d4fbfa85bc7a/value'
15:52:03.262 [AsyncHttpClient-1-5] DEBUG org.asynchttpclient.netty.handler.HttpHandler - 

Request DefaultHttpRequest(decodeResult: success, version: HTTP/1.1)
POST /session/0cb73b9ddbea93a1146afa1529a087d6/element/dded40ea-83ac-4b23-8362-d4fbfa85bc7a/value HTTP/1.1
User-Agent: selenium/4.1.2 (java windows)
Content-Length: 231
Content-Type: application/json; charset=utf-8
host: localhost:65074
accept: */*

Response DefaultHttpResponse(decodeResult: success, version: HTTP/1.1)
HTTP/1.1 200 OK
Content-Type: application/json; charset=utf-8
cache-control: no-cache
content-length: 14

15:52:03.263 [AsyncHttpClient-1-5] DEBUG org.asynchttpclient.netty.channel.ChannelManager - Adding key: http://localhost:65074 for channel [id: 0xd2c66154, L:/127.0.0.1:56265 - R:localhost/127.0.0.1:65074]
15:52:03.281 [Forwarding screenshot on session 0cb73b9ddbea93a1146afa1529a087d6 to remote] DEBUG org.asynchttpclient.netty.request.NettyRequestSender - Using pooled Channel '[id: 0xd2c66154, L:/127.0.0.1:56265 - R:localhost/127.0.0.1:65074]' for 'GET' to 'http://localhost:65074/session/0cb73b9ddbea93a1146afa1529a087d6/screenshot'
15:52:03.281 [Forwarding screenshot on session 0cb73b9ddbea93a1146afa1529a087d6 to remote] DEBUG org.asynchttpclient.netty.request.NettyRequestSender - Using open Channel [id: 0xd2c66154, L:/127.0.0.1:56265 - R:localhost/127.0.0.1:65074] for GET '/session/0cb73b9ddbea93a1146afa1529a087d6/screenshot'
15:52:03.553 [AsyncHttpClient-1-5] DEBUG org.asynchttpclient.netty.handler.HttpHandler - 

Request DefaultFullHttpRequest(decodeResult: success, version: HTTP/1.1, content: EmptyByteBufBE)
GET /session/0cb73b9ddbea93a1146afa1529a087d6/screenshot HTTP/1.1
User-Agent: selenium/4.1.2 (java windows)
Cache-Control: no-cache
Content-Type: application/json; charset=utf-8
host: localhost:65074
accept: */*

Response DefaultHttpResponse(decodeResult: success, version: HTTP/1.1)
HTTP/1.1 200 OK
Content-Type: application/json; charset=utf-8
cache-control: no-cache
content-length: 32248

15:52:03.555 [AsyncHttpClient-1-5] DEBUG org.asynchttpclient.netty.channel.ChannelManager - Adding key: http://localhost:65074 for channel [id: 0xd2c66154, L:/127.0.0.1:56265 - R:localhost/127.0.0.1:65074]
15:52:03.558 [main] DEBUG net.serenitybdd.core.photography.Darkroom - Send negative for processing for target\site\serenity\f126a71c564bce29d47008f5ab4e564027f1d97a7a9191cc871d8e21e934875d.png
15:52:03.559 [main] DEBUG net.thucydides.core.steps.StepInterceptor - STEP DONE: inputPassword
15:52:03.598 [Darkroom Processing Line] DEBUG net.serenitybdd.core.photography.DarkroomProcessingLine - Processing screenshot image in /var/screenshots/screenshot-21168344842175619
15:52:03.598 [Darkroom Processing Line] DEBUG net.serenitybdd.core.photography.DarkroomProcessingLine - Saving screenshot to target\site\serenity\f126a71c564bce29d47008f5ab4e564027f1d97a7a9191cc871d8e21e934875d.png
15:52:03.599 [main] DEBUG net.thucydides.core.steps.StepInterceptor - STARTING STEP: LogoutSteps.iSuccessfullyLogin - clickLoginButton
15:52:03.606 [Forwarding findElement on session 0cb73b9ddbea93a1146afa1529a087d6 to remote] DEBUG org.asynchttpclient.netty.request.NettyRequestSender - Using pooled Channel '[id: 0xd2c66154, L:/127.0.0.1:56265 - R:localhost/127.0.0.1:65074]' for 'POST' to 'http://localhost:65074/session/0cb73b9ddbea93a1146afa1529a087d6/element'
15:52:03.606 [Forwarding findElement on session 0cb73b9ddbea93a1146afa1529a087d6 to remote] DEBUG org.asynchttpclient.netty.request.NettyRequestSender - Using open Channel [id: 0xd2c66154, L:/127.0.0.1:56265 - R:localhost/127.0.0.1:65074] for POST '/session/0cb73b9ddbea93a1146afa1529a087d6/element'
15:52:03.672 [AsyncHttpClient-1-5] DEBUG org.asynchttpclient.netty.handler.HttpHandler - 

Request DefaultHttpRequest(decodeResult: success, version: HTTP/1.1)
POST /session/0cb73b9ddbea93a1146afa1529a087d6/element HTTP/1.1
User-Agent: selenium/4.1.2 (java windows)
Content-Length: 136
Content-Type: application/json; charset=utf-8
host: localhost:65074
accept: */*

Response DefaultHttpResponse(decodeResult: success, version: HTTP/1.1)
HTTP/1.1 200 OK
Content-Type: application/json; charset=utf-8
cache-control: no-cache
content-length: 88

15:52:03.672 [AsyncHttpClient-1-5] DEBUG org.asynchttpclient.netty.channel.ChannelManager - Adding key: http://localhost:65074 for channel [id: 0xd2c66154, L:/127.0.0.1:56265 - R:localhost/127.0.0.1:65074]
15:52:03.675 [Forwarding getElementTagName on session 0cb73b9ddbea93a1146afa1529a087d6 to remote] DEBUG org.asynchttpclient.netty.request.NettyRequestSender - Using pooled Channel '[id: 0xd2c66154, L:/127.0.0.1:56265 - R:localhost/127.0.0.1:65074]' for 'GET' to 'http://localhost:65074/session/0cb73b9ddbea93a1146afa1529a087d6/element/3ba8721a-ac32-4edd-be21-4c582440fb77/name'
15:52:03.675 [Forwarding getElementTagName on session 0cb73b9ddbea93a1146afa1529a087d6 to remote] DEBUG org.asynchttpclient.netty.request.NettyRequestSender - Using open Channel [id: 0xd2c66154, L:/127.0.0.1:56265 - R:localhost/127.0.0.1:65074] for GET '/session/0cb73b9ddbea93a1146afa1529a087d6/element/3ba8721a-ac32-4edd-be21-4c582440fb77/name'
15:52:03.687 [AsyncHttpClient-1-5] DEBUG org.asynchttpclient.netty.handler.HttpHandler - 

Request DefaultFullHttpRequest(decodeResult: success, version: HTTP/1.1, content: EmptyByteBufBE)
GET /session/0cb73b9ddbea93a1146afa1529a087d6/element/3ba8721a-ac32-4edd-be21-4c582440fb77/name HTTP/1.1
User-Agent: selenium/4.1.2 (java windows)
Cache-Control: no-cache
Content-Type: application/json; charset=utf-8
host: localhost:65074
accept: */*

Response DefaultHttpResponse(decodeResult: success, version: HTTP/1.1)
HTTP/1.1 200 OK
Content-Type: application/json; charset=utf-8
cache-control: no-cache
content-length: 18

15:52:03.687 [AsyncHttpClient-1-5] DEBUG org.asynchttpclient.netty.channel.ChannelManager - Adding key: http://localhost:65074 for channel [id: 0xd2c66154, L:/127.0.0.1:56265 - R:localhost/127.0.0.1:65074]
15:52:03.690 [Forwarding getElementTagName on session 0cb73b9ddbea93a1146afa1529a087d6 to remote] DEBUG org.asynchttpclient.netty.request.NettyRequestSender - Using pooled Channel '[id: 0xd2c66154, L:/127.0.0.1:56265 - R:localhost/127.0.0.1:65074]' for 'GET' to 'http://localhost:65074/session/0cb73b9ddbea93a1146afa1529a087d6/element/3ba8721a-ac32-4edd-be21-4c582440fb77/name'
15:52:03.690 [Forwarding getElementTagName on session 0cb73b9ddbea93a1146afa1529a087d6 to remote] DEBUG org.asynchttpclient.netty.request.NettyRequestSender - Using open Channel [id: 0xd2c66154, L:/127.0.0.1:56265 - R:localhost/127.0.0.1:65074] for GET '/session/0cb73b9ddbea93a1146afa1529a087d6/element/3ba8721a-ac32-4edd-be21-4c582440fb77/name'
15:52:03.699 [AsyncHttpClient-1-5] DEBUG org.asynchttpclient.netty.handler.HttpHandler - 

Request DefaultFullHttpRequest(decodeResult: success, version: HTTP/1.1, content: EmptyByteBufBE)
GET /session/0cb73b9ddbea93a1146afa1529a087d6/element/3ba8721a-ac32-4edd-be21-4c582440fb77/name HTTP/1.1
User-Agent: selenium/4.1.2 (java windows)
Cache-Control: no-cache
Content-Type: application/json; charset=utf-8
host: localhost:65074
accept: */*

Response DefaultHttpResponse(decodeResult: success, version: HTTP/1.1)
HTTP/1.1 200 OK
Content-Type: application/json; charset=utf-8
cache-control: no-cache
content-length: 18

15:52:03.699 [AsyncHttpClient-1-5] DEBUG org.asynchttpclient.netty.channel.ChannelManager - Adding key: http://localhost:65074 for channel [id: 0xd2c66154, L:/127.0.0.1:56265 - R:localhost/127.0.0.1:65074]
15:52:03.711 [Forwarding isElementEnabled on session 0cb73b9ddbea93a1146afa1529a087d6 to remote] DEBUG org.asynchttpclient.netty.request.NettyRequestSender - Using pooled Channel '[id: 0xd2c66154, L:/127.0.0.1:56265 - R:localhost/127.0.0.1:65074]' for 'GET' to 'http://localhost:65074/session/0cb73b9ddbea93a1146afa1529a087d6/element/3ba8721a-ac32-4edd-be21-4c582440fb77/enabled'
15:52:03.711 [Forwarding isElementEnabled on session 0cb73b9ddbea93a1146afa1529a087d6 to remote] DEBUG org.asynchttpclient.netty.request.NettyRequestSender - Using open Channel [id: 0xd2c66154, L:/127.0.0.1:56265 - R:localhost/127.0.0.1:65074] for GET '/session/0cb73b9ddbea93a1146afa1529a087d6/element/3ba8721a-ac32-4edd-be21-4c582440fb77/enabled'
15:52:03.731 [AsyncHttpClient-1-5] DEBUG org.asynchttpclient.netty.handler.HttpHandler - 

Request DefaultFullHttpRequest(decodeResult: success, version: HTTP/1.1, content: EmptyByteBufBE)
GET /session/0cb73b9ddbea93a1146afa1529a087d6/element/3ba8721a-ac32-4edd-be21-4c582440fb77/enabled HTTP/1.1
User-Agent: selenium/4.1.2 (java windows)
Cache-Control: no-cache
Content-Type: application/json; charset=utf-8
host: localhost:65074
accept: */*

Response DefaultHttpResponse(decodeResult: success, version: HTTP/1.1)
HTTP/1.1 200 OK
Content-Type: application/json; charset=utf-8
cache-control: no-cache
content-length: 14

15:52:03.732 [AsyncHttpClient-1-5] DEBUG org.asynchttpclient.netty.channel.ChannelManager - Adding key: http://localhost:65074 for channel [id: 0xd2c66154, L:/127.0.0.1:56265 - R:localhost/127.0.0.1:65074]
15:52:03.735 [Forwarding isElementEnabled on session 0cb73b9ddbea93a1146afa1529a087d6 to remote] DEBUG org.asynchttpclient.netty.request.NettyRequestSender - Using pooled Channel '[id: 0xd2c66154, L:/127.0.0.1:56265 - R:localhost/127.0.0.1:65074]' for 'GET' to 'http://localhost:65074/session/0cb73b9ddbea93a1146afa1529a087d6/element/3ba8721a-ac32-4edd-be21-4c582440fb77/enabled'
15:52:03.735 [Forwarding isElementEnabled on session 0cb73b9ddbea93a1146afa1529a087d6 to remote] DEBUG org.asynchttpclient.netty.request.NettyRequestSender - Using open Channel [id: 0xd2c66154, L:/127.0.0.1:56265 - R:localhost/127.0.0.1:65074] for GET '/session/0cb73b9ddbea93a1146afa1529a087d6/element/3ba8721a-ac32-4edd-be21-4c582440fb77/enabled'
15:52:03.745 [AsyncHttpClient-1-5] DEBUG org.asynchttpclient.netty.handler.HttpHandler - 

Request DefaultFullHttpRequest(decodeResult: success, version: HTTP/1.1, content: EmptyByteBufBE)
GET /session/0cb73b9ddbea93a1146afa1529a087d6/element/3ba8721a-ac32-4edd-be21-4c582440fb77/enabled HTTP/1.1
User-Agent: selenium/4.1.2 (java windows)
Cache-Control: no-cache
Content-Type: application/json; charset=utf-8
host: localhost:65074
accept: */*

Response DefaultHttpResponse(decodeResult: success, version: HTTP/1.1)
HTTP/1.1 200 OK
Content-Type: application/json; charset=utf-8
cache-control: no-cache
content-length: 14

15:52:03.746 [AsyncHttpClient-1-5] DEBUG org.asynchttpclient.netty.channel.ChannelManager - Adding key: http://localhost:65074 for channel [id: 0xd2c66154, L:/127.0.0.1:56265 - R:localhost/127.0.0.1:65074]
15:52:03.751 [Forwarding findElement on session 0cb73b9ddbea93a1146afa1529a087d6 to remote] DEBUG org.asynchttpclient.netty.request.NettyRequestSender - Using pooled Channel '[id: 0xd2c66154, L:/127.0.0.1:56265 - R:localhost/127.0.0.1:65074]' for 'POST' to 'http://localhost:65074/session/0cb73b9ddbea93a1146afa1529a087d6/element'
15:52:03.751 [Forwarding findElement on session 0cb73b9ddbea93a1146afa1529a087d6 to remote] DEBUG org.asynchttpclient.netty.request.NettyRequestSender - Using open Channel [id: 0xd2c66154, L:/127.0.0.1:56265 - R:localhost/127.0.0.1:65074] for POST '/session/0cb73b9ddbea93a1146afa1529a087d6/element'
15:52:03.764 [AsyncHttpClient-1-5] DEBUG org.asynchttpclient.netty.handler.HttpHandler - 

Request DefaultHttpRequest(decodeResult: success, version: HTTP/1.1)
POST /session/0cb73b9ddbea93a1146afa1529a087d6/element HTTP/1.1
User-Agent: selenium/4.1.2 (java windows)
Content-Length: 136
Content-Type: application/json; charset=utf-8
host: localhost:65074
accept: */*

Response DefaultHttpResponse(decodeResult: success, version: HTTP/1.1)
HTTP/1.1 200 OK
Content-Type: application/json; charset=utf-8
cache-control: no-cache
content-length: 88

15:52:03.764 [AsyncHttpClient-1-5] DEBUG org.asynchttpclient.netty.channel.ChannelManager - Adding key: http://localhost:65074 for channel [id: 0xd2c66154, L:/127.0.0.1:56265 - R:localhost/127.0.0.1:65074]
15:52:03.768 [Forwarding clickElement on session 0cb73b9ddbea93a1146afa1529a087d6 to remote] DEBUG org.asynchttpclient.netty.request.NettyRequestSender - Using pooled Channel '[id: 0xd2c66154, L:/127.0.0.1:56265 - R:localhost/127.0.0.1:65074]' for 'POST' to 'http://localhost:65074/session/0cb73b9ddbea93a1146afa1529a087d6/element/3ba8721a-ac32-4edd-be21-4c582440fb77/click'
15:52:03.768 [Forwarding clickElement on session 0cb73b9ddbea93a1146afa1529a087d6 to remote] DEBUG org.asynchttpclient.netty.request.NettyRequestSender - Using open Channel [id: 0xd2c66154, L:/127.0.0.1:56265 - R:localhost/127.0.0.1:65074] for POST '/session/0cb73b9ddbea93a1146afa1529a087d6/element/3ba8721a-ac32-4edd-be21-4c582440fb77/click'
15:52:03.868 [AsyncHttpClient-1-1] DEBUG org.asynchttpclient.netty.channel.DefaultChannelPool - Entry count for : http://localhost:56267 : 1
15:52:03.952 [AsyncHttpClient-1-5] DEBUG org.asynchttpclient.netty.handler.HttpHandler - 

Request DefaultHttpRequest(decodeResult: success, version: HTTP/1.1)
POST /session/0cb73b9ddbea93a1146afa1529a087d6/element/3ba8721a-ac32-4edd-be21-4c582440fb77/click HTTP/1.1
User-Agent: selenium/4.1.2 (java windows)
Content-Length: 50
Content-Type: application/json; charset=utf-8
host: localhost:65074
accept: */*

Response DefaultHttpResponse(decodeResult: success, version: HTTP/1.1)
HTTP/1.1 200 OK
Content-Type: application/json; charset=utf-8
cache-control: no-cache
content-length: 14

15:52:03.953 [AsyncHttpClient-1-5] DEBUG org.asynchttpclient.netty.channel.ChannelManager - Adding key: http://localhost:65074 for channel [id: 0xd2c66154, L:/127.0.0.1:56265 - R:localhost/127.0.0.1:65074]
15:52:03.972 [Forwarding screenshot on session 0cb73b9ddbea93a1146afa1529a087d6 to remote] DEBUG org.asynchttpclient.netty.request.NettyRequestSender - Using pooled Channel '[id: 0xd2c66154, L:/127.0.0.1:56265 - R:localhost/127.0.0.1:65074]' for 'GET' to 'http://localhost:65074/session/0cb73b9ddbea93a1146afa1529a087d6/screenshot'
15:52:03.973 [Forwarding screenshot on session 0cb73b9ddbea93a1146afa1529a087d6 to remote] DEBUG org.asynchttpclient.netty.request.NettyRequestSender - Using open Channel [id: 0xd2c66154, L:/127.0.0.1:56265 - R:localhost/127.0.0.1:65074] for GET '/session/0cb73b9ddbea93a1146afa1529a087d6/screenshot'
15:52:04.526 [AsyncHttpClient-1-5] DEBUG org.asynchttpclient.netty.handler.HttpHandler - 

Request DefaultFullHttpRequest(decodeResult: success, version: HTTP/1.1, content: EmptyByteBufBE)
GET /session/0cb73b9ddbea93a1146afa1529a087d6/screenshot HTTP/1.1
User-Agent: selenium/4.1.2 (java windows)
Cache-Control: no-cache
Content-Type: application/json; charset=utf-8
host: localhost:65074
accept: */*

Response DefaultHttpResponse(decodeResult: success, version: HTTP/1.1)
HTTP/1.1 200 OK
Content-Type: application/json; charset=utf-8
cache-control: no-cache
content-length: 31704

15:52:04.530 [AsyncHttpClient-1-5] DEBUG org.asynchttpclient.netty.channel.ChannelManager - Adding key: http://localhost:65074 for channel [id: 0xd2c66154, L:/127.0.0.1:56265 - R:localhost/127.0.0.1:65074]
15:52:04.537 [main] DEBUG net.serenitybdd.core.photography.Darkroom - Send negative for processing for target\site\serenity\760ea982f7bf92ffec9f3df3f5462fb432946714e8343c916451f7cc11b76838.png
15:52:04.538 [main] DEBUG net.thucydides.core.steps.StepInterceptor - STEP DONE: clickLoginButton
  &amp#27;[32mGiven &amp#27;[0m&amp#27;[32mI successfully login&amp#27;[0m     &amp#27;[90m# starter.stepdefinitions.LogoutSteps.iSuccessfullyLogin()&amp#27;[0m
15:52:04.566 [Darkroom Processing Line] DEBUG net.serenitybdd.core.photography.DarkroomProcessingLine - Processing screenshot image in /var/screenshots/screenshot-7974840923887223305
15:52:04.572 [Darkroom Processing Line] DEBUG net.serenitybdd.core.photography.DarkroomProcessingLine - Saving screenshot to target\site\serenity\760ea982f7bf92ffec9f3df3f5462fb432946714e8343c916451f7cc11b76838.png
15:52:04.572 [main] DEBUG net.thucydides.core.steps.StepInterceptor - STARTING STEP: LogoutSteps.iDirectedToProductPage - firstProudctIsDisplayed
15:52:04.603 [Forwarding findElement on session 0cb73b9ddbea93a1146afa1529a087d6 to remote] DEBUG org.asynchttpclient.netty.request.NettyRequestSender - Using pooled Channel '[id: 0xd2c66154, L:/127.0.0.1:56265 - R:localhost/127.0.0.1:65074]' for 'POST' to 'http://localhost:65074/session/0cb73b9ddbea93a1146afa1529a087d6/element'
15:52:04.603 [Forwarding findElement on session 0cb73b9ddbea93a1146afa1529a087d6 to remote] DEBUG org.asynchttpclient.netty.request.NettyRequestSender - Using open Channel [id: 0xd2c66154, L:/127.0.0.1:56265 - R:localhost/127.0.0.1:65074] for POST '/session/0cb73b9ddbea93a1146afa1529a087d6/element'
15:52:05.021 [AsyncHttpClient-1-1] DEBUG org.asynchttpclient.netty.channel.DefaultChannelPool - Entry count for : http://localhost:56267 : 1
15:52:06.086 [AsyncHttpClient-1-1] DEBUG org.asynchttpclient.netty.channel.DefaultChannelPool - Entry count for : http://localhost:56267 : 1
15:52:07.169 [AsyncHttpClient-1-1] DEBUG org.asynchttpclient.netty.channel.DefaultChannelPool - Entry count for : http://localhost:56267 : 1
15:52:08.266 [AsyncHttpClient-1-1] DEBUG org.asynchttpclient.netty.channel.DefaultChannelPool - Entry count for : http://localhost:56267 : 1
15:52:09.383 [AsyncHttpClient-1-1] DEBUG org.asynchttpclient.netty.channel.DefaultChannelPool - Entry count for : http://localhost:56267 : 1
15:52:10.465 [AsyncHttpClient-1-1] DEBUG org.asynchttpclient.netty.channel.DefaultChannelPool - Entry count for : http://localhost:56267 : 1
15:52:11.630 [AsyncHttpClient-1-1] DEBUG org.asynchttpclient.netty.channel.DefaultChannelPool - Entry count for : http://localhost:56267 : 1
15:52:12.746 [AsyncHttpClient-1-1] DEBUG org.asynchttpclient.netty.channel.DefaultChannelPool - Entry count for : http://localhost:56267 : 1
15:52:13.887 [AsyncHttpClient-1-1] DEBUG org.asynchttpclient.netty.channel.DefaultChannelPool - Entry count for : http://localhost:56267 : 1
15:52:14.960 [AsyncHttpClient-1-1] DEBUG org.asynchttpclient.netty.channel.DefaultChannelPool - Entry count for : http://localhost:56267 : 1
15:52:16.063 [AsyncHttpClient-1-1] DEBUG org.asynchttpclient.netty.channel.DefaultChannelPool - Entry count for : http://localhost:56267 : 1
15:52:17.193 [AsyncHttpClient-1-1] DEBUG org.asynchttpclient.netty.channel.DefaultChannelPool - Entry count for : http://localhost:56267 : 1
15:52:17.235 [AsyncHttpClient-1-5] DEBUG org.asynchttpclient.netty.handler.HttpHandler - 

Request DefaultHttpRequest(decodeResult: success, version: HTTP/1.1)
POST /session/0cb73b9ddbea93a1146afa1529a087d6/element HTTP/1.1
User-Agent: selenium/4.1.2 (java windows)
Content-Length: 122
Content-Type: application/json; charset=utf-8
host: localhost:65074
accept: */*

Response DefaultHttpResponse(decodeResult: success, version: HTTP/1.1)
HTTP/1.1 200 OK
Content-Type: application/json; charset=utf-8
cache-control: no-cache
content-length: 88

15:52:17.236 [AsyncHttpClient-1-5] DEBUG org.asynchttpclient.netty.channel.ChannelManager - Adding key: http://localhost:65074 for channel [id: 0xd2c66154, L:/127.0.0.1:56265 - R:localhost/127.0.0.1:65074]
15:52:17.242 [Forwarding isElementDisplayed on session 0cb73b9ddbea93a1146afa1529a087d6 to remote] DEBUG org.asynchttpclient.netty.request.NettyRequestSender - Using pooled Channel '[id: 0xd2c66154, L:/127.0.0.1:56265 - R:localhost/127.0.0.1:65074]' for 'POST' to 'http://localhost:65074/session/0cb73b9ddbea93a1146afa1529a087d6/execute/sync'
15:52:17.243 [Forwarding isElementDisplayed on session 0cb73b9ddbea93a1146afa1529a087d6 to remote] DEBUG org.asynchttpclient.netty.request.NettyRequestSender - Using open Channel [id: 0xd2c66154, L:/127.0.0.1:56265 - R:localhost/127.0.0.1:65074] for POST '/session/0cb73b9ddbea93a1146afa1529a087d6/execute/sync'
15:52:17.267 [AsyncHttpClient-1-5] DEBUG org.asynchttpclient.netty.handler.HttpHandler - 

Request DefaultHttpRequest(decodeResult: success, version: HTTP/1.1)
POST /session/0cb73b9ddbea93a1146afa1529a087d6/execute/sync HTTP/1.1
User-Agent: selenium/4.1.2 (java windows)
Content-Length: 48780
Content-Type: application/json; charset=utf-8
host: localhost:65074
accept: */*

Response DefaultHttpResponse(decodeResult: success, version: HTTP/1.1)
HTTP/1.1 200 OK
Content-Type: application/json; charset=utf-8
cache-control: no-cache
content-length: 14

15:52:17.267 [AsyncHttpClient-1-5] DEBUG org.asynchttpclient.netty.channel.ChannelManager - Adding key: http://localhost:65074 for channel [id: 0xd2c66154, L:/127.0.0.1:56265 - R:localhost/127.0.0.1:65074]
15:52:17.274 [Forwarding screenshot on session 0cb73b9ddbea93a1146afa1529a087d6 to remote] DEBUG org.asynchttpclient.netty.request.NettyRequestSender - Using pooled Channel '[id: 0xd2c66154, L:/127.0.0.1:56265 - R:localhost/127.0.0.1:65074]' for 'GET' to 'http://localhost:65074/session/0cb73b9ddbea93a1146afa1529a087d6/screenshot'
15:52:17.274 [Forwarding screenshot on session 0cb73b9ddbea93a1146afa1529a087d6 to remote] DEBUG org.asynchttpclient.netty.request.NettyRequestSender - Using open Channel [id: 0xd2c66154, L:/127.0.0.1:56265 - R:localhost/127.0.0.1:65074] for GET '/session/0cb73b9ddbea93a1146afa1529a087d6/screenshot'
15:52:17.445 [AsyncHttpClient-1-5] DEBUG org.asynchttpclient.netty.handler.HttpHandler - 

Request DefaultFullHttpRequest(decodeResult: success, version: HTTP/1.1, content: EmptyByteBufBE)
GET /session/0cb73b9ddbea93a1146afa1529a087d6/screenshot HTTP/1.1
User-Agent: selenium/4.1.2 (java windows)
Cache-Control: no-cache
Content-Type: application/json; charset=utf-8
host: localhost:65074
accept: */*

Response DefaultHttpResponse(decodeResult: success, version: HTTP/1.1)
HTTP/1.1 200 OK
Content-Type: application/json; charset=utf-8
cache-control: no-cache
content-length: 89944

15:52:17.446 [AsyncHttpClient-1-5] DEBUG org.asynchttpclient.netty.channel.ChannelManager - Adding key: http://localhost:65074 for channel [id: 0xd2c66154, L:/127.0.0.1:56265 - R:localhost/127.0.0.1:65074]
15:52:17.451 [main] DEBUG net.serenitybdd.core.photography.Darkroom - Send negative for processing for target\site\serenity\f5d72973b97ffb2b9c347bdaea51478810f802fd0d879d56737cfedc58dd7510.png
15:52:17.452 [main] DEBUG net.thucydides.core.steps.StepInterceptor - STEP DONE: firstProudctIsDisplayed
  &amp#27;[32mAnd &amp#27;[0m&amp#27;[32mI directed to product page&amp#27;[0m &amp#27;[90m# starter.stepdefinitions.LogoutSteps.iDirectedToProductPage()&amp#27;[0m
15:52:17.456 [Darkroom Processing Line] DEBUG net.serenitybdd.core.photography.DarkroomProcessingLine - Processing screenshot image in /var/screenshots/screenshot-1096150455523314899
15:52:17.456 [Darkroom Processing Line] DEBUG net.serenitybdd.core.photography.DarkroomProcessingLine - Saving screenshot to target\site\serenity\f5d72973b97ffb2b9c347bdaea51478810f802fd0d879d56737cfedc58dd7510.png
15:52:17.479 [main] DEBUG net.thucydides.core.steps.StepInterceptor - STARTING STEP: LogoutSteps.iClickMenuButton - clickIconForLogout
15:52:17.491 [Forwarding findElement on session 0cb73b9ddbea93a1146afa1529a087d6 to remote] DEBUG org.asynchttpclient.netty.request.NettyRequestSender - Using pooled Channel '[id: 0xd2c66154, L:/127.0.0.1:56265 - R:localhost/127.0.0.1:65074]' for 'POST' to 'http://localhost:65074/session/0cb73b9ddbea93a1146afa1529a087d6/element'
15:52:17.491 [Forwarding findElement on session 0cb73b9ddbea93a1146afa1529a087d6 to remote] DEBUG org.asynchttpclient.netty.request.NettyRequestSender - Using open Channel [id: 0xd2c66154, L:/127.0.0.1:56265 - R:localhost/127.0.0.1:65074] for POST '/session/0cb73b9ddbea93a1146afa1529a087d6/element'
15:52:17.519 [AsyncHttpClient-1-5] DEBUG org.asynchttpclient.netty.handler.HttpHandler - 

Request DefaultHttpRequest(decodeResult: success, version: HTTP/1.1)
POST /session/0cb73b9ddbea93a1146afa1529a087d6/element HTTP/1.1
User-Agent: selenium/4.1.2 (java windows)
Content-Length: 124
Content-Type: application/json; charset=utf-8
host: localhost:65074
accept: */*

Response DefaultHttpResponse(decodeResult: success, version: HTTP/1.1)
HTTP/1.1 200 OK
Content-Type: application/json; charset=utf-8
cache-control: no-cache
content-length: 88

15:52:17.520 [AsyncHttpClient-1-5] DEBUG org.asynchttpclient.netty.channel.ChannelManager - Adding key: http://localhost:65074 for channel [id: 0xd2c66154, L:/127.0.0.1:56265 - R:localhost/127.0.0.1:65074]
15:52:17.522 [Forwarding getElementTagName on session 0cb73b9ddbea93a1146afa1529a087d6 to remote] DEBUG org.asynchttpclient.netty.request.NettyRequestSender - Using pooled Channel '[id: 0xd2c66154, L:/127.0.0.1:56265 - R:localhost/127.0.0.1:65074]' for 'GET' to 'http://localhost:65074/session/0cb73b9ddbea93a1146afa1529a087d6/element/eefdcd4c-6e12-48e1-a7ab-1f326b22292b/name'
15:52:17.523 [Forwarding getElementTagName on session 0cb73b9ddbea93a1146afa1529a087d6 to remote] DEBUG org.asynchttpclient.netty.request.NettyRequestSender - Using open Channel [id: 0xd2c66154, L:/127.0.0.1:56265 - R:localhost/127.0.0.1:65074] for GET '/session/0cb73b9ddbea93a1146afa1529a087d6/element/eefdcd4c-6e12-48e1-a7ab-1f326b22292b/name'
15:52:17.529 [AsyncHttpClient-1-5] DEBUG org.asynchttpclient.netty.handler.HttpHandler - 

Request DefaultFullHttpRequest(decodeResult: success, version: HTTP/1.1, content: EmptyByteBufBE)
GET /session/0cb73b9ddbea93a1146afa1529a087d6/element/eefdcd4c-6e12-48e1-a7ab-1f326b22292b/name HTTP/1.1
User-Agent: selenium/4.1.2 (java windows)
Cache-Control: no-cache
Content-Type: application/json; charset=utf-8
host: localhost:65074
accept: */*

Response DefaultHttpResponse(decodeResult: success, version: HTTP/1.1)
HTTP/1.1 200 OK
Content-Type: application/json; charset=utf-8
cache-control: no-cache
content-length: 18

15:52:17.529 [AsyncHttpClient-1-5] DEBUG org.asynchttpclient.netty.channel.ChannelManager - Adding key: http://localhost:65074 for channel [id: 0xd2c66154, L:/127.0.0.1:56265 - R:localhost/127.0.0.1:65074]
15:52:17.531 [Forwarding getElementTagName on session 0cb73b9ddbea93a1146afa1529a087d6 to remote] DEBUG org.asynchttpclient.netty.request.NettyRequestSender - Using pooled Channel '[id: 0xd2c66154, L:/127.0.0.1:56265 - R:localhost/127.0.0.1:65074]' for 'GET' to 'http://localhost:65074/session/0cb73b9ddbea93a1146afa1529a087d6/element/eefdcd4c-6e12-48e1-a7ab-1f326b22292b/name'
15:52:17.532 [Forwarding getElementTagName on session 0cb73b9ddbea93a1146afa1529a087d6 to remote] DEBUG org.asynchttpclient.netty.request.NettyRequestSender - Using open Channel [id: 0xd2c66154, L:/127.0.0.1:56265 - R:localhost/127.0.0.1:65074] for GET '/session/0cb73b9ddbea93a1146afa1529a087d6/element/eefdcd4c-6e12-48e1-a7ab-1f326b22292b/name'
15:52:17.537 [AsyncHttpClient-1-5] DEBUG org.asynchttpclient.netty.handler.HttpHandler - 

Request DefaultFullHttpRequest(decodeResult: success, version: HTTP/1.1, content: EmptyByteBufBE)
GET /session/0cb73b9ddbea93a1146afa1529a087d6/element/eefdcd4c-6e12-48e1-a7ab-1f326b22292b/name HTTP/1.1
User-Agent: selenium/4.1.2 (java windows)
Cache-Control: no-cache
Content-Type: application/json; charset=utf-8
host: localhost:65074
accept: */*

Response DefaultHttpResponse(decodeResult: success, version: HTTP/1.1)
HTTP/1.1 200 OK
Content-Type: application/json; charset=utf-8
cache-control: no-cache
content-length: 18

15:52:17.537 [AsyncHttpClient-1-5] DEBUG org.asynchttpclient.netty.channel.ChannelManager - Adding key: http://localhost:65074 for channel [id: 0xd2c66154, L:/127.0.0.1:56265 - R:localhost/127.0.0.1:65074]
15:52:17.540 [Forwarding isElementEnabled on session 0cb73b9ddbea93a1146afa1529a087d6 to remote] DEBUG org.asynchttpclient.netty.request.NettyRequestSender - Using pooled Channel '[id: 0xd2c66154, L:/127.0.0.1:56265 - R:localhost/127.0.0.1:65074]' for 'GET' to 'http://localhost:65074/session/0cb73b9ddbea93a1146afa1529a087d6/element/eefdcd4c-6e12-48e1-a7ab-1f326b22292b/enabled'
15:52:17.540 [Forwarding isElementEnabled on session 0cb73b9ddbea93a1146afa1529a087d6 to remote] DEBUG org.asynchttpclient.netty.request.NettyRequestSender - Using open Channel [id: 0xd2c66154, L:/127.0.0.1:56265 - R:localhost/127.0.0.1:65074] for GET '/session/0cb73b9ddbea93a1146afa1529a087d6/element/eefdcd4c-6e12-48e1-a7ab-1f326b22292b/enabled'
15:52:17.552 [AsyncHttpClient-1-5] DEBUG org.asynchttpclient.netty.handler.HttpHandler - 

Request DefaultFullHttpRequest(decodeResult: success, version: HTTP/1.1, content: EmptyByteBufBE)
GET /session/0cb73b9ddbea93a1146afa1529a087d6/element/eefdcd4c-6e12-48e1-a7ab-1f326b22292b/enabled HTTP/1.1
User-Agent: selenium/4.1.2 (java windows)
Cache-Control: no-cache
Content-Type: application/json; charset=utf-8
host: localhost:65074
accept: */*

Response DefaultHttpResponse(decodeResult: success, version: HTTP/1.1)
HTTP/1.1 200 OK
Content-Type: application/json; charset=utf-8
cache-control: no-cache
content-length: 14

15:52:17.553 [AsyncHttpClient-1-5] DEBUG org.asynchttpclient.netty.channel.ChannelManager - Adding key: http://localhost:65074 for channel [id: 0xd2c66154, L:/127.0.0.1:56265 - R:localhost/127.0.0.1:65074]
15:52:17.555 [Forwarding isElementEnabled on session 0cb73b9ddbea93a1146afa1529a087d6 to remote] DEBUG org.asynchttpclient.netty.request.NettyRequestSender - Using pooled Channel '[id: 0xd2c66154, L:/127.0.0.1:56265 - R:localhost/127.0.0.1:65074]' for 'GET' to 'http://localhost:65074/session/0cb73b9ddbea93a1146afa1529a087d6/element/eefdcd4c-6e12-48e1-a7ab-1f326b22292b/enabled'
15:52:17.555 [Forwarding isElementEnabled on session 0cb73b9ddbea93a1146afa1529a087d6 to remote] DEBUG org.asynchttpclient.netty.request.NettyRequestSender - Using open Channel [id: 0xd2c66154, L:/127.0.0.1:56265 - R:localhost/127.0.0.1:65074] for GET '/session/0cb73b9ddbea93a1146afa1529a087d6/element/eefdcd4c-6e12-48e1-a7ab-1f326b22292b/enabled'
15:52:17.564 [AsyncHttpClient-1-5] DEBUG org.asynchttpclient.netty.handler.HttpHandler - 

Request DefaultFullHttpRequest(decodeResult: success, version: HTTP/1.1, content: EmptyByteBufBE)
GET /session/0cb73b9ddbea93a1146afa1529a087d6/element/eefdcd4c-6e12-48e1-a7ab-1f326b22292b/enabled HTTP/1.1
User-Agent: selenium/4.1.2 (java windows)
Cache-Control: no-cache
Content-Type: application/json; charset=utf-8
host: localhost:65074
accept: */*

Response DefaultHttpResponse(decodeResult: success, version: HTTP/1.1)
HTTP/1.1 200 OK
Content-Type: application/json; charset=utf-8
cache-control: no-cache
content-length: 14

15:52:17.564 [AsyncHttpClient-1-5] DEBUG org.asynchttpclient.netty.channel.ChannelManager - Adding key: http://localhost:65074 for channel [id: 0xd2c66154, L:/127.0.0.1:56265 - R:localhost/127.0.0.1:65074]
15:52:17.570 [Forwarding findElement on session 0cb73b9ddbea93a1146afa1529a087d6 to remote] DEBUG org.asynchttpclient.netty.request.NettyRequestSender - Using pooled Channel '[id: 0xd2c66154, L:/127.0.0.1:56265 - R:localhost/127.0.0.1:65074]' for 'POST' to 'http://localhost:65074/session/0cb73b9ddbea93a1146afa1529a087d6/element'
15:52:17.571 [Forwarding findElement on session 0cb73b9ddbea93a1146afa1529a087d6 to remote] DEBUG org.asynchttpclient.netty.request.NettyRequestSender - Using open Channel [id: 0xd2c66154, L:/127.0.0.1:56265 - R:localhost/127.0.0.1:65074] for POST '/session/0cb73b9ddbea93a1146afa1529a087d6/element'
15:52:17.596 [AsyncHttpClient-1-5] DEBUG org.asynchttpclient.netty.handler.HttpHandler - 

Request DefaultHttpRequest(decodeResult: success, version: HTTP/1.1)
POST /session/0cb73b9ddbea93a1146afa1529a087d6/element HTTP/1.1
User-Agent: selenium/4.1.2 (java windows)
Content-Length: 124
Content-Type: application/json; charset=utf-8
host: localhost:65074
accept: */*

Response DefaultHttpResponse(decodeResult: success, version: HTTP/1.1)
HTTP/1.1 200 OK
Content-Type: application/json; charset=utf-8
cache-control: no-cache
content-length: 88

15:52:17.597 [AsyncHttpClient-1-5] DEBUG org.asynchttpclient.netty.channel.ChannelManager - Adding key: http://localhost:65074 for channel [id: 0xd2c66154, L:/127.0.0.1:56265 - R:localhost/127.0.0.1:65074]
15:52:17.599 [Forwarding clickElement on session 0cb73b9ddbea93a1146afa1529a087d6 to remote] DEBUG org.asynchttpclient.netty.request.NettyRequestSender - Using pooled Channel '[id: 0xd2c66154, L:/127.0.0.1:56265 - R:localhost/127.0.0.1:65074]' for 'POST' to 'http://localhost:65074/session/0cb73b9ddbea93a1146afa1529a087d6/element/eefdcd4c-6e12-48e1-a7ab-1f326b22292b/click'
15:52:17.599 [Forwarding clickElement on session 0cb73b9ddbea93a1146afa1529a087d6 to remote] DEBUG org.asynchttpclient.netty.request.NettyRequestSender - Using open Channel [id: 0xd2c66154, L:/127.0.0.1:56265 - R:localhost/127.0.0.1:65074] for POST '/session/0cb73b9ddbea93a1146afa1529a087d6/element/eefdcd4c-6e12-48e1-a7ab-1f326b22292b/click'
15:52:17.700 [AsyncHttpClient-1-5] DEBUG org.asynchttpclient.netty.handler.HttpHandler - 

Request DefaultHttpRequest(decodeResult: success, version: HTTP/1.1)
POST /session/0cb73b9ddbea93a1146afa1529a087d6/element/eefdcd4c-6e12-48e1-a7ab-1f326b22292b/click HTTP/1.1
User-Agent: selenium/4.1.2 (java windows)
Content-Length: 50
Content-Type: application/json; charset=utf-8
host: localhost:65074
accept: */*

Response DefaultHttpResponse(decodeResult: success, version: HTTP/1.1)
HTTP/1.1 200 OK
Content-Type: application/json; charset=utf-8
cache-control: no-cache
content-length: 14

15:52:17.700 [AsyncHttpClient-1-5] DEBUG org.asynchttpclient.netty.channel.ChannelManager - Adding key: http://localhost:65074 for channel [id: 0xd2c66154, L:/127.0.0.1:56265 - R:localhost/127.0.0.1:65074]
15:52:17.723 [Forwarding screenshot on session 0cb73b9ddbea93a1146afa1529a087d6 to remote] DEBUG org.asynchttpclient.netty.request.NettyRequestSender - Using pooled Channel '[id: 0xd2c66154, L:/127.0.0.1:56265 - R:localhost/127.0.0.1:65074]' for 'GET' to 'http://localhost:65074/session/0cb73b9ddbea93a1146afa1529a087d6/screenshot'
15:52:17.723 [Forwarding screenshot on session 0cb73b9ddbea93a1146afa1529a087d6 to remote] DEBUG org.asynchttpclient.netty.request.NettyRequestSender - Using open Channel [id: 0xd2c66154, L:/127.0.0.1:56265 - R:localhost/127.0.0.1:65074] for GET '/session/0cb73b9ddbea93a1146afa1529a087d6/screenshot'
15:52:18.158 [AsyncHttpClient-1-5] DEBUG org.asynchttpclient.netty.handler.HttpHandler - 

Request DefaultFullHttpRequest(decodeResult: success, version: HTTP/1.1, content: EmptyByteBufBE)
GET /session/0cb73b9ddbea93a1146afa1529a087d6/screenshot HTTP/1.1
User-Agent: selenium/4.1.2 (java windows)
Cache-Control: no-cache
Content-Type: application/json; charset=utf-8
host: localhost:65074
accept: */*

Response DefaultHttpResponse(decodeResult: success, version: HTTP/1.1)
HTTP/1.1 200 OK
Content-Type: application/json; charset=utf-8
cache-control: no-cache
content-length: 98064

15:52:18.159 [AsyncHttpClient-1-5] DEBUG org.asynchttpclient.netty.channel.ChannelManager - Adding key: http://localhost:65074 for channel [id: 0xd2c66154, L:/127.0.0.1:56265 - R:localhost/127.0.0.1:65074]
15:52:18.169 [main] DEBUG net.serenitybdd.core.photography.Darkroom - Send negative for processing for target\site\serenity\6f5788661ab29d0efaa409cb758c4872e7042d9626e77d6311cbcc9e5c36b919.png
15:52:18.169 [main] DEBUG net.thucydides.core.steps.StepInterceptor - STEP DONE: clickIconForLogout
  &amp#27;[32mWhen &amp#27;[0m&amp#27;[32mI click menu button&amp#27;[0m       &amp#27;[90m# starter.stepdefinitions.LogoutSteps.iClickMenuButton()&amp#27;[0m
15:52:18.172 [Darkroom Processing Line] DEBUG net.serenitybdd.core.photography.DarkroomProcessingLine - Processing screenshot image in /var/screenshots/screenshot-14226121414379110084
15:52:18.172 [Darkroom Processing Line] DEBUG net.serenitybdd.core.photography.DarkroomProcessingLine - Saving screenshot to target\site\serenity\6f5788661ab29d0efaa409cb758c4872e7042d9626e77d6311cbcc9e5c36b919.png
15:52:18.264 [AsyncHttpClient-1-1] DEBUG org.asynchttpclient.netty.channel.DefaultChannelPool - Entry count for : http://localhost:56267 : 1
15:52:18.264 [AsyncHttpClient-1-1] DEBUG org.asynchttpclient.netty.channel.DefaultChannelPool - Entry count for : http://localhost:65074 : 1
15:52:18.801 [Forwarding screenshot on session 0cb73b9ddbea93a1146afa1529a087d6 to remote] DEBUG org.asynchttpclient.netty.request.NettyRequestSender - Using pooled Channel '[id: 0xd2c66154, L:/127.0.0.1:56265 - R:localhost/127.0.0.1:65074]' for 'GET' to 'http://localhost:65074/session/0cb73b9ddbea93a1146afa1529a087d6/screenshot'
15:52:18.801 [Forwarding screenshot on session 0cb73b9ddbea93a1146afa1529a087d6 to remote] DEBUG org.asynchttpclient.netty.request.NettyRequestSender - Using open Channel [id: 0xd2c66154, L:/127.0.0.1:56265 - R:localhost/127.0.0.1:65074] for GET '/session/0cb73b9ddbea93a1146afa1529a087d6/screenshot'
15:52:18.956 [AsyncHttpClient-1-5] DEBUG org.asynchttpclient.netty.handler.HttpHandler - 

Request DefaultFullHttpRequest(decodeResult: success, version: HTTP/1.1, content: EmptyByteBufBE)
GET /session/0cb73b9ddbea93a1146afa1529a087d6/screenshot HTTP/1.1
User-Agent: selenium/4.1.2 (java windows)
Cache-Control: no-cache
Content-Type: application/json; charset=utf-8
host: localhost:65074
accept: */*

Response DefaultHttpResponse(decodeResult: success, version: HTTP/1.1)
HTTP/1.1 200 OK
Content-Type: application/json; charset=utf-8
cache-control: no-cache
content-length: 96664

15:52:18.956 [AsyncHttpClient-1-5] DEBUG org.asynchttpclient.netty.channel.ChannelManager - Adding key: http://localhost:65074 for channel [id: 0xd2c66154, L:/127.0.0.1:56265 - R:localhost/127.0.0.1:65074]
15:52:18.961 [main] DEBUG net.serenitybdd.core.photography.Darkroom - Send negative for processing for target\site\serenity\c705a43238a951c0d9435814cfa9f883969093530245eb3afa060fa30b704a7d.png
15:52:18.961 [main] DEBUG net.thucydides.core.steps.StepInterceptor - STARTING STEP: LogoutSteps.iClickLogoutButton - clickLogoutButton
15:52:18.962 [Darkroom Processing Line] DEBUG net.serenitybdd.core.photography.DarkroomProcessingLine - Processing screenshot image in /var/screenshots/screenshot-11446278511958538150
15:52:18.963 [Darkroom Processing Line] DEBUG net.serenitybdd.core.photography.DarkroomProcessingLine - Saving screenshot to target\site\serenity\c705a43238a951c0d9435814cfa9f883969093530245eb3afa060fa30b704a7d.png
15:52:18.968 [Forwarding findElement on session 0cb73b9ddbea93a1146afa1529a087d6 to remote] DEBUG org.asynchttpclient.netty.request.NettyRequestSender - Using pooled Channel '[id: 0xd2c66154, L:/127.0.0.1:56265 - R:localhost/127.0.0.1:65074]' for 'POST' to 'http://localhost:65074/session/0cb73b9ddbea93a1146afa1529a087d6/element'
15:52:18.968 [Forwarding findElement on session 0cb73b9ddbea93a1146afa1529a087d6 to remote] DEBUG org.asynchttpclient.netty.request.NettyRequestSender - Using open Channel [id: 0xd2c66154, L:/127.0.0.1:56265 - R:localhost/127.0.0.1:65074] for POST '/session/0cb73b9ddbea93a1146afa1529a087d6/element'
15:52:18.993 [AsyncHttpClient-1-5] DEBUG org.asynchttpclient.netty.handler.HttpHandler - 

Request DefaultHttpRequest(decodeResult: success, version: HTTP/1.1)
POST /session/0cb73b9ddbea93a1146afa1529a087d6/element HTTP/1.1
User-Agent: selenium/4.1.2 (java windows)
Content-Length: 70
Content-Type: application/json; charset=utf-8
host: localhost:65074
accept: */*

Response DefaultHttpResponse(decodeResult: success, version: HTTP/1.1)
HTTP/1.1 200 OK
Content-Type: application/json; charset=utf-8
cache-control: no-cache
content-length: 88

15:52:18.994 [AsyncHttpClient-1-5] DEBUG org.asynchttpclient.netty.channel.ChannelManager - Adding key: http://localhost:65074 for channel [id: 0xd2c66154, L:/127.0.0.1:56265 - R:localhost/127.0.0.1:65074]
15:52:18.996 [Forwarding getElementTagName on session 0cb73b9ddbea93a1146afa1529a087d6 to remote] DEBUG org.asynchttpclient.netty.request.NettyRequestSender - Using pooled Channel '[id: 0xd2c66154, L:/127.0.0.1:56265 - R:localhost/127.0.0.1:65074]' for 'GET' to 'http://localhost:65074/session/0cb73b9ddbea93a1146afa1529a087d6/element/90cb66a5-0cd8-419f-9e90-6ad5d7003274/name'
15:52:18.996 [Forwarding getElementTagName on session 0cb73b9ddbea93a1146afa1529a087d6 to remote] DEBUG org.asynchttpclient.netty.request.NettyRequestSender - Using open Channel [id: 0xd2c66154, L:/127.0.0.1:56265 - R:localhost/127.0.0.1:65074] for GET '/session/0cb73b9ddbea93a1146afa1529a087d6/element/90cb66a5-0cd8-419f-9e90-6ad5d7003274/name'
15:52:19.003 [AsyncHttpClient-1-5] DEBUG org.asynchttpclient.netty.handler.HttpHandler - 

Request DefaultFullHttpRequest(decodeResult: success, version: HTTP/1.1, content: EmptyByteBufBE)
GET /session/0cb73b9ddbea93a1146afa1529a087d6/element/90cb66a5-0cd8-419f-9e90-6ad5d7003274/name HTTP/1.1
User-Agent: selenium/4.1.2 (java windows)
Cache-Control: no-cache
Content-Type: application/json; charset=utf-8
host: localhost:65074
accept: */*

Response DefaultHttpResponse(decodeResult: success, version: HTTP/1.1)
HTTP/1.1 200 OK
Content-Type: application/json; charset=utf-8
cache-control: no-cache
content-length: 15

15:52:19.003 [AsyncHttpClient-1-5] DEBUG org.asynchttpclient.netty.channel.ChannelManager - Adding key: http://localhost:65074 for channel [id: 0xd2c66154, L:/127.0.0.1:56265 - R:localhost/127.0.0.1:65074]
15:52:19.010 [Forwarding getElementTagName on session 0cb73b9ddbea93a1146afa1529a087d6 to remote] DEBUG org.asynchttpclient.netty.request.NettyRequestSender - Using pooled Channel '[id: 0xd2c66154, L:/127.0.0.1:56265 - R:localhost/127.0.0.1:65074]' for 'GET' to 'http://localhost:65074/session/0cb73b9ddbea93a1146afa1529a087d6/element/90cb66a5-0cd8-419f-9e90-6ad5d7003274/name'
15:52:19.010 [Forwarding getElementTagName on session 0cb73b9ddbea93a1146afa1529a087d6 to remote] DEBUG org.asynchttpclient.netty.request.NettyRequestSender - Using open Channel [id: 0xd2c66154, L:/127.0.0.1:56265 - R:localhost/127.0.0.1:65074] for GET '/session/0cb73b9ddbea93a1146afa1529a087d6/element/90cb66a5-0cd8-419f-9e90-6ad5d7003274/name'
15:52:19.017 [AsyncHttpClient-1-5] DEBUG org.asynchttpclient.netty.handler.HttpHandler - 

Request DefaultFullHttpRequest(decodeResult: success, version: HTTP/1.1, content: EmptyByteBufBE)
GET /session/0cb73b9ddbea93a1146afa1529a087d6/element/90cb66a5-0cd8-419f-9e90-6ad5d7003274/name HTTP/1.1
User-Agent: selenium/4.1.2 (java windows)
Cache-Control: no-cache
Content-Type: application/json; charset=utf-8
host: localhost:65074
accept: */*

Response DefaultHttpResponse(decodeResult: success, version: HTTP/1.1)
HTTP/1.1 200 OK
Content-Type: application/json; charset=utf-8
cache-control: no-cache
content-length: 15

15:52:19.017 [AsyncHttpClient-1-5] DEBUG org.asynchttpclient.netty.channel.ChannelManager - Adding key: http://localhost:65074 for channel [id: 0xd2c66154, L:/127.0.0.1:56265 - R:localhost/127.0.0.1:65074]
15:52:19.026 [Forwarding findElement on session 0cb73b9ddbea93a1146afa1529a087d6 to remote] DEBUG org.asynchttpclient.netty.request.NettyRequestSender - Using pooled Channel '[id: 0xd2c66154, L:/127.0.0.1:56265 - R:localhost/127.0.0.1:65074]' for 'POST' to 'http://localhost:65074/session/0cb73b9ddbea93a1146afa1529a087d6/element'
15:52:19.028 [Forwarding findElement on session 0cb73b9ddbea93a1146afa1529a087d6 to remote] DEBUG org.asynchttpclient.netty.request.NettyRequestSender - Using open Channel [id: 0xd2c66154, L:/127.0.0.1:56265 - R:localhost/127.0.0.1:65074] for POST '/session/0cb73b9ddbea93a1146afa1529a087d6/element'
15:52:19.046 [AsyncHttpClient-1-5] DEBUG org.asynchttpclient.netty.handler.HttpHandler - 

Request DefaultHttpRequest(decodeResult: success, version: HTTP/1.1)
POST /session/0cb73b9ddbea93a1146afa1529a087d6/element HTTP/1.1
User-Agent: selenium/4.1.2 (java windows)
Content-Length: 70
Content-Type: application/json; charset=utf-8
host: localhost:65074
accept: */*

Response DefaultHttpResponse(decodeResult: success, version: HTTP/1.1)
HTTP/1.1 200 OK
Content-Type: application/json; charset=utf-8
cache-control: no-cache
content-length: 88

15:52:19.047 [AsyncHttpClient-1-5] DEBUG org.asynchttpclient.netty.channel.ChannelManager - Adding key: http://localhost:65074 for channel [id: 0xd2c66154, L:/127.0.0.1:56265 - R:localhost/127.0.0.1:65074]
15:52:19.049 [Forwarding clickElement on session 0cb73b9ddbea93a1146afa1529a087d6 to remote] DEBUG org.asynchttpclient.netty.request.NettyRequestSender - Using pooled Channel '[id: 0xd2c66154, L:/127.0.0.1:56265 - R:localhost/127.0.0.1:65074]' for 'POST' to 'http://localhost:65074/session/0cb73b9ddbea93a1146afa1529a087d6/element/90cb66a5-0cd8-419f-9e90-6ad5d7003274/click'
15:52:19.050 [Forwarding clickElement on session 0cb73b9ddbea93a1146afa1529a087d6 to remote] DEBUG org.asynchttpclient.netty.request.NettyRequestSender - Using open Channel [id: 0xd2c66154, L:/127.0.0.1:56265 - R:localhost/127.0.0.1:65074] for POST '/session/0cb73b9ddbea93a1146afa1529a087d6/element/90cb66a5-0cd8-419f-9e90-6ad5d7003274/click'
15:52:19.366 [AsyncHttpClient-1-1] DEBUG org.asynchttpclient.netty.channel.DefaultChannelPool - Entry count for : http://localhost:56267 : 1
15:52:19.642 [AsyncHttpClient-1-5] DEBUG org.asynchttpclient.netty.handler.HttpHandler - 

Request DefaultHttpRequest(decodeResult: success, version: HTTP/1.1)
POST /session/0cb73b9ddbea93a1146afa1529a087d6/element/90cb66a5-0cd8-419f-9e90-6ad5d7003274/click HTTP/1.1
User-Agent: selenium/4.1.2 (java windows)
Content-Length: 50
Content-Type: application/json; charset=utf-8
host: localhost:65074
accept: */*

Response DefaultHttpResponse(decodeResult: success, version: HTTP/1.1)
HTTP/1.1 200 OK
Content-Type: application/json; charset=utf-8
cache-control: no-cache
content-length: 14

15:52:19.643 [AsyncHttpClient-1-5] DEBUG org.asynchttpclient.netty.channel.ChannelManager - Adding key: http://localhost:65074 for channel [id: 0xd2c66154, L:/127.0.0.1:56265 - R:localhost/127.0.0.1:65074]
15:52:19.655 [Forwarding screenshot on session 0cb73b9ddbea93a1146afa1529a087d6 to remote] DEBUG org.asynchttpclient.netty.request.NettyRequestSender - Using pooled Channel '[id: 0xd2c66154, L:/127.0.0.1:56265 - R:localhost/127.0.0.1:65074]' for 'GET' to 'http://localhost:65074/session/0cb73b9ddbea93a1146afa1529a087d6/screenshot'
15:52:19.655 [Forwarding screenshot on session 0cb73b9ddbea93a1146afa1529a087d6 to remote] DEBUG org.asynchttpclient.netty.request.NettyRequestSender - Using open Channel [id: 0xd2c66154, L:/127.0.0.1:56265 - R:localhost/127.0.0.1:65074] for GET '/session/0cb73b9ddbea93a1146afa1529a087d6/screenshot'
15:52:19.835 [AsyncHttpClient-1-5] DEBUG org.asynchttpclient.netty.handler.HttpHandler - 

Request DefaultFullHttpRequest(decodeResult: success, version: HTTP/1.1, content: EmptyByteBufBE)
GET /session/0cb73b9ddbea93a1146afa1529a087d6/screenshot HTTP/1.1
User-Agent: selenium/4.1.2 (java windows)
Cache-Control: no-cache
Content-Type: application/json; charset=utf-8
host: localhost:65074
accept: */*

Response DefaultHttpResponse(decodeResult: success, version: HTTP/1.1)
HTTP/1.1 200 OK
Content-Type: application/json; charset=utf-8
cache-control: no-cache
content-length: 25384

15:52:19.835 [AsyncHttpClient-1-5] DEBUG org.asynchttpclient.netty.channel.ChannelManager - Adding key: http://localhost:65074 for channel [id: 0xd2c66154, L:/127.0.0.1:56265 - R:localhost/127.0.0.1:65074]
15:52:19.838 [main] DEBUG net.serenitybdd.core.photography.Darkroom - Send negative for processing for target\site\serenity\49a3ec3fe6e588bb357024d38ea075b8250cb5f32bd132770e4d40bc98d606c0.png
15:52:19.838 [main] DEBUG net.thucydides.core.steps.StepInterceptor - STEP DONE: clickLogoutButton
  &amp#27;[32mAnd &amp#27;[0m&amp#27;[32mI click logout button&amp#27;[0m      &amp#27;[90m# starter.stepdefinitions.LogoutSteps.iClickLogoutButton()&amp#27;[0m
15:52:19.858 [main] DEBUG net.thucydides.core.steps.StepInterceptor - STARTING STEP: LogoutSteps.iDirectedToLoginPage - loginButtonIsDisplayed
15:52:19.861 [Forwarding findElement on session 0cb73b9ddbea93a1146afa1529a087d6 to remote] DEBUG org.asynchttpclient.netty.request.NettyRequestSender - Using pooled Channel '[id: 0xd2c66154, L:/127.0.0.1:56265 - R:localhost/127.0.0.1:65074]' for 'POST' to 'http://localhost:65074/session/0cb73b9ddbea93a1146afa1529a087d6/element'
15:52:19.861 [Forwarding findElement on session 0cb73b9ddbea93a1146afa1529a087d6 to remote] DEBUG org.asynchttpclient.netty.request.NettyRequestSender - Using open Channel [id: 0xd2c66154, L:/127.0.0.1:56265 - R:localhost/127.0.0.1:65074] for POST '/session/0cb73b9ddbea93a1146afa1529a087d6/element'
15:52:19.874 [AsyncHttpClient-1-5] DEBUG org.asynchttpclient.netty.handler.HttpHandler - 

Request DefaultHttpRequest(decodeResult: success, version: HTTP/1.1)
POST /session/0cb73b9ddbea93a1146afa1529a087d6/element HTTP/1.1
User-Agent: selenium/4.1.2 (java windows)
Content-Length: 136
Content-Type: application/json; charset=utf-8
host: localhost:65074
accept: */*

Response DefaultHttpResponse(decodeResult: success, version: HTTP/1.1)
HTTP/1.1 200 OK
Content-Type: application/json; charset=utf-8
cache-control: no-cache
content-length: 88

15:52:19.874 [AsyncHttpClient-1-5] DEBUG org.asynchttpclient.netty.channel.ChannelManager - Adding key: http://localhost:65074 for channel [id: 0xd2c66154, L:/127.0.0.1:56265 - R:localhost/127.0.0.1:65074]
15:52:19.881 [Forwarding isElementDisplayed on session 0cb73b9ddbea93a1146afa1529a087d6 to remote] DEBUG org.asynchttpclient.netty.request.NettyRequestSender - Using pooled Channel '[id: 0xd2c66154, L:/127.0.0.1:56265 - R:localhost/127.0.0.1:65074]' for 'POST' to 'http://localhost:65074/session/0cb73b9ddbea93a1146afa1529a087d6/execute/sync'
15:52:19.881 [Forwarding isElementDisplayed on session 0cb73b9ddbea93a1146afa1529a087d6 to remote] DEBUG org.asynchttpclient.netty.request.NettyRequestSender - Using open Channel [id: 0xd2c66154, L:/127.0.0.1:56265 - R:localhost/127.0.0.1:65074] for POST '/session/0cb73b9ddbea93a1146afa1529a087d6/execute/sync'
15:52:19.906 [AsyncHttpClient-1-5] DEBUG org.asynchttpclient.netty.handler.HttpHandler - 

Request DefaultHttpRequest(decodeResult: success, version: HTTP/1.1)
POST /session/0cb73b9ddbea93a1146afa1529a087d6/execute/sync HTTP/1.1
User-Agent: selenium/4.1.2 (java windows)
Content-Length: 48780
Content-Type: application/json; charset=utf-8
host: localhost:65074
accept: */*

Response DefaultHttpResponse(decodeResult: success, version: HTTP/1.1)
HTTP/1.1 200 OK
Content-Type: application/json; charset=utf-8
cache-control: no-cache
content-length: 14

15:52:19.906 [AsyncHttpClient-1-5] DEBUG org.asynchttpclient.netty.channel.ChannelManager - Adding key: http://localhost:65074 for channel [id: 0xd2c66154, L:/127.0.0.1:56265 - R:localhost/127.0.0.1:65074]
15:52:19.914 [Forwarding screenshot on session 0cb73b9ddbea93a1146afa1529a087d6 to remote] DEBUG org.asynchttpclient.netty.request.NettyRequestSender - Using pooled Channel '[id: 0xd2c66154, L:/127.0.0.1:56265 - R:localhost/127.0.0.1:65074]' for 'GET' to 'http://localhost:65074/session/0cb73b9ddbea93a1146afa1529a087d6/screenshot'
15:52:19.914 [Forwarding screenshot on session 0cb73b9ddbea93a1146afa1529a087d6 to remote] DEBUG org.asynchttpclient.netty.request.NettyRequestSender - Using open Channel [id: 0xd2c66154, L:/127.0.0.1:56265 - R:localhost/127.0.0.1:65074] for GET '/session/0cb73b9ddbea93a1146afa1529a087d6/screenshot'
15:52:20.070 [AsyncHttpClient-1-5] DEBUG org.asynchttpclient.netty.handler.HttpHandler - 

Request DefaultFullHttpRequest(decodeResult: success, version: HTTP/1.1, content: EmptyByteBufBE)
GET /session/0cb73b9ddbea93a1146afa1529a087d6/screenshot HTTP/1.1
User-Agent: selenium/4.1.2 (java windows)
Cache-Control: no-cache
Content-Type: application/json; charset=utf-8
host: localhost:65074
accept: */*

Response DefaultHttpResponse(decodeResult: success, version: HTTP/1.1)
HTTP/1.1 200 OK
Content-Type: application/json; charset=utf-8
cache-control: no-cache
content-length: 25384

15:52:20.070 [AsyncHttpClient-1-5] DEBUG org.asynchttpclient.netty.channel.ChannelManager - Adding key: http://localhost:65074 for channel [id: 0xd2c66154, L:/127.0.0.1:56265 - R:localhost/127.0.0.1:65074]
15:52:20.072 [main] DEBUG net.serenitybdd.core.photography.Darkroom - Send negative for processing for target\site\serenity\49a3ec3fe6e588bb357024d38ea075b8250cb5f32bd132770e4d40bc98d606c0.png
15:52:20.073 [main] DEBUG net.thucydides.core.steps.StepInterceptor - STEP DONE: loginButtonIsDisplayed
  &amp#27;[32mThen &amp#27;[0m&amp#27;[32mI directed to login page&amp#27;[0m  &amp#27;[90m# starter.stepdefinitions.LogoutSteps.iDirectedToLoginPage()&amp#27;[0m
15:52:20.080 [main] INFO  - 
  _____   ___   ___   _____     ___     _     ___   ___   ___   ___  
 |_   _| | __| / __| |_   _|   | _ \   /_\   / __| / __| | __| |   \ 
   | |   | _|  \__ \   | |     |  _/  / _ \  \__ \ \__ \ | _|  | |) |
   |_|   |___| |___/   |_|     |_|   /_/ \_\ |___/ |___/ |___| |___/ 

Logout from my account
----------------------------------------------------------------------
15:52:20.083 [AsyncHttpClient-1-3] DEBUG org.asynchttpclient.netty.handler.WebSocketHandler - Channel Closed: [id: 0xecefd736, L:/127.0.0.1:56275 ! R:localhost/127.0.0.1:56267] with attribute NettyResponseFuture{currentRetry=5,
	isDone=1,
	isCancelled=0,
	asyncHandler=org.asynchttpclient.ws.WebSocketUpgradeHandler@1f66e817,
	nettyRequest=org.asynchttpclient.netty.request.NettyRequest@1b38e8d5,
	future=java.util.concurrent.CompletableFuture@769330ae[Completed normally],
	uri=ws://localhost:56267/devtools/browser/b5379c9d-80cc-4d8b-a202-b6cf2fe7da0b,
	keepAlive=true,
	redirectCount=0,
	timeoutsHolder=null,
	inAuth=0,
	touch=1652863917754}
15:52:20.083 [AsyncHttpClient-1-3] DEBUG org.asynchttpclient.netty.channel.ChannelManager - Closing Channel [id: 0xecefd736, L:/127.0.0.1:56275 ! R:localhost/127.0.0.1:56267] 
15:52:20.084 [Driver Command Executor] DEBUG org.asynchttpclient.netty.request.NettyRequestSender - Using pooled Channel '[id: 0xd2c66154, L:/127.0.0.1:56265 - R:localhost/127.0.0.1:65074]' for 'DELETE' to 'http://localhost:65074/session/0cb73b9ddbea93a1146afa1529a087d6'
15:52:20.085 [Driver Command Executor] DEBUG org.asynchttpclient.netty.request.NettyRequestSender - Using open Channel [id: 0xd2c66154, L:/127.0.0.1:56265 - R:localhost/127.0.0.1:65074] for DELETE '/session/0cb73b9ddbea93a1146afa1529a087d6'
15:52:20.302 [AsyncHttpClient-1-2] DEBUG org.asynchttpclient.netty.handler.HttpHandler - Unexpected I/O exception on channel [id: 0x41736fa9, L:/127.0.0.1:56274 - R:localhost/127.0.0.1:56267]
java.net.SocketException: Connection reset
	at java.base/sun.nio.ch.SocketChannelImpl.throwConnectionReset(SocketChannelImpl.java:367)
	at java.base/sun.nio.ch.SocketChannelImpl.read(SocketChannelImpl.java:398)
	at io.netty.buffer.PooledByteBuf.setBytes(PooledByteBuf.java:258)
	at io.netty.buffer.AbstractByteBuf.writeBytes(AbstractByteBuf.java:1132)
	at io.netty.channel.socket.nio.NioSocketChannel.doReadBytes(NioSocketChannel.java:350)
	at io.netty.channel.nio.AbstractNioByteChannel$NioByteUnsafe.read(AbstractNioByteChannel.java:151)
	at io.netty.channel.nio.NioEventLoop.processSelectedKey(NioEventLoop.java:722)
	at io.netty.channel.nio.NioEventLoop.processSelectedKeysOptimized(NioEventLoop.java:658)
	at io.netty.channel.nio.NioEventLoop.processSelectedKeys(NioEventLoop.java:584)
	at io.netty.channel.nio.NioEventLoop.run(NioEventLoop.java:496)
	at io.netty.util.concurrent.SingleThreadEventExecutor$4.run(SingleThreadEventExecutor.java:986)
	at io.netty.util.internal.ThreadExecutorMap$2.run(ThreadExecutorMap.java:74)
	at io.netty.util.concurrent.FastThreadLocalRunnable.run(FastThreadLocalRunnable.java:30)
	at java.base/java.lang.Thread.run(Thread.java:832)
15:52:20.302 [AsyncHttpClient-1-2] DEBUG org.asynchttpclient.netty.channel.ChannelManager - Closing Channel [id: 0x41736fa9, L:/127.0.0.1:56274 - R:localhost/127.0.0.1:56267] 
15:52:20.303 [AsyncHttpClient-1-2] DEBUG org.asynchttpclient.netty.handler.HttpHandler - Channel Closed: [id: 0x41736fa9, L:/127.0.0.1:56274 ! R:localhost/127.0.0.1:56267] with attribute DISCARD
15:52:20.328 [AsyncHttpClient-1-5] DEBUG org.asynchttpclient.netty.handler.HttpHandler - 

Request DefaultFullHttpRequest(decodeResult: success, version: HTTP/1.1, content: EmptyByteBufBE)
DELETE /session/0cb73b9ddbea93a1146afa1529a087d6 HTTP/1.1
User-Agent: selenium/4.1.2 (java windows)
Content-Type: application/json; charset=utf-8
host: localhost:65074
accept: */*

Response DefaultHttpResponse(decodeResult: success, version: HTTP/1.1)
HTTP/1.1 200 OK
Content-Type: application/json; charset=utf-8
cache-control: no-cache
content-length: 14

15:52:20.328 [AsyncHttpClient-1-5] DEBUG org.asynchttpclient.netty.channel.ChannelManager - Adding key: http://localhost:65074 for channel [id: 0xd2c66154, L:/127.0.0.1:56265 - R:localhost/127.0.0.1:65074]
15:52:20.464 [AsyncHttpClient-1-1] DEBUG org.asynchttpclient.netty.channel.DefaultChannelPool - Entry count for : http://localhost:56267 : 1
15:52:20.464 [AsyncHttpClient-1-1] DEBUG org.asynchttpclient.netty.channel.DefaultChannelPool - Entry count for : http://localhost:65074 : 1
15:52:20.465 [AsyncHttpClient-1-1] DEBUG org.asynchttpclient.netty.channel.DefaultChannelPool - Adding Candidate expired Channel [id: 0x41736fa9, L:/127.0.0.1:56274 ! R:localhost/127.0.0.1:56267] isIdleTimeoutExpired=false isRemotelyClosed=true isTtlExpired=false
15:52:20.465 [AsyncHttpClient-1-1] DEBUG org.asynchttpclient.netty.channel.DefaultChannelPool - Closing Idle Channel [id: 0x41736fa9, L:/127.0.0.1:56274 ! R:localhost/127.0.0.1:56267]
15:52:20.465 [AsyncHttpClient-1-1] DEBUG org.asynchttpclient.netty.channel.DefaultChannelPool - Closed 1 connections out of 2 in 1 ms
15:52:20.741 [AsyncHttpClient-1-5] DEBUG org.asynchttpclient.netty.handler.HttpHandler - Channel Closed: [id: 0xd2c66154, L:/127.0.0.1:56265 ! R:localhost/127.0.0.1:65074] with attribute DISCARD
]]></system-out>
    <system-err><![CDATA[Starting ChromeDriver 100.0.4896.60 (6a5d10861ce8de5fce22564658033b43cb7de047-refs/branch-heads/4896@{#875}) on port 65074
Only local connections are allowed.
Please see https://chromedriver.chromium.org/security-considerations for suggestions on keeping ChromeDriver safe.
ChromeDriver was started successfully.
[1652863916.940][WARNING]: This version of ChromeDriver has not been tested with Chrome version 101.
May 18, 2022 3:51:57 PM org.openqa.selenium.remote.ProtocolHandshake createSession
INFO: Detected dialect: W3C
May 18, 2022 3:51:57 PM org.openqa.selenium.devtools.CdpVersionFinder findNearestMatch
WARNING: Unable to find an exact match for CDP version 101, so returning the closest version found: 97
May 18, 2022 3:51:57 PM org.openqa.selenium.devtools.CdpVersionFinder findNearestMatch
INFO: Found CDP implementation for version 101 of 97
]]></system-err>
  </testcase>
  <testcase name="I add quantity of an item" classname="Change item&apos;s quantity on my shopping cart" time="25.471">
    <system-out><![CDATA[15:52:21.258 [main] INFO io.cucumber.core.plugin.SerenityReporter - Running feature from file:///C:/Users/ponda/Documents/Final_Project/Final_Web/src/test/resources/features/Order.feature
15:52:21.265 [main] DEBUG net.thucydides.core.steps.StepEventBus - Test suite started for story net.thucydides.core.model.Story@ee9e23af
15:52:21.266 [main] INFO  - Test Suite Started: Change item's quantity on my shopping cart

Scenario: I add quantity of an item                     &amp#27;[90m# src/test/resources/features/Order.feature:7&amp#27;[0m
15:52:21.295 [main] INFO io.cucumber.core.plugin.SerenityReporter - Running feature from file:///C:/Users/ponda/Documents/Final_Project/Final_Web/src/test/resources/features/Order.feature
15:52:21.311 [main] INFO  - 
  _____   ___   ___   _____     ___   _____     _     ___   _____   ___   ___  
 |_   _| | __| / __| |_   _|   / __| |_   _|   /_\   | _ \ |_   _| | __| |   \ 
   | |   | _|  \__ \   | |     \__ \   | |    / _ \  |   /   | |   | _|  | |) |
   |_|   |___| |___/   |_|     |___/   |_|   /_/ \_\ |_|_\   |_|   |___| |___/ 

I add quantity of an item(change-item-s-quantity-on-my-shopping-cart;i-add-quantity-of-an-item)
--------------------------------------------------------------------------------
15:52:21.599 [AsyncHttpClient-1-1] DEBUG org.asynchttpclient.netty.channel.DefaultChannelPool - Entry count for : http://localhost:65074 : 1
15:52:21.599 [AsyncHttpClient-1-1] DEBUG org.asynchttpclient.netty.channel.DefaultChannelPool - Adding Candidate expired Channel [id: 0xd2c66154, L:/127.0.0.1:56265 ! R:localhost/127.0.0.1:65074] isIdleTimeoutExpired=false isRemotelyClosed=true isTtlExpired=false
15:52:21.599 [AsyncHttpClient-1-1] DEBUG org.asynchttpclient.netty.channel.DefaultChannelPool - Closing Idle Channel [id: 0xd2c66154, L:/127.0.0.1:56265 ! R:localhost/127.0.0.1:65074]
15:52:21.599 [AsyncHttpClient-1-1] DEBUG org.asynchttpclient.netty.channel.DefaultChannelPool - Closed 1 connections out of 1 in 0 ms
15:52:22.214 [main] DEBUG net.thucydides.core.steps.StepInterceptor - STARTING STEP: OrderSteps.onProductPageForOrder - openUrl
15:52:22.258 [main] INFO net.serenitybdd.core.webdriver.driverproviders.ChromeDriverProvider - Using automatically driver download
15:52:22.486 [main] DEBUG io.github.bonigarcia.wdm.cache.ResolutionCache - Resolution chrome=101 in cache (valid until 16:36:25 18/05/2022 WIB)
15:52:22.495 [main] DEBUG io.github.bonigarcia.wdm.cache.ResolutionCache - Resolution chrome101=101.0.4951.41 in cache (valid until 16:04:06 18/05/2022 WIB)
15:52:22.500 [main] INFO io.github.bonigarcia.wdm.WebDriverManager - Using chromedriver 101.0.4951.41 (resolved driver for Chrome 101)
15:52:22.524 [main] DEBUG io.github.bonigarcia.wdm.WebDriverManager - Driver chromedriver 101.0.4951.41 found in cache
15:52:22.525 [main] INFO io.github.bonigarcia.wdm.WebDriverManager - Exporting webdriver.chrome.driver as C:\Users\ponda\.cache\selenium\chromedriver\win32\101.0.4951.41\chromedriver.exe
15:52:22.720 [main] DEBUG net.serenitybdd.core.webdriver.driverproviders.ProvideNewDriver - Instantiating driver
15:52:22.720 [main] DEBUG net.serenitybdd.core.webdriver.driverproviders.ProvideNewDriver - Driver capabilities: Capabilities {acceptInsecureCerts: false, base.url: https://qa.alta.id, browserName: chrome, chrome.driver: src/test/resources/webdrive..., driver: chrome, goog:chromeOptions: {args: [], extensions: []}}
15:52:23.317 [AsyncHttpClient-1-4] DEBUG org.asynchttpclient.netty.channel.NettyConnectListener - Using new Channel '[id: 0x95398af2, L:/127.0.0.1:56306 - R:localhost/127.0.0.1:49928]' for 'POST' to '/session'
15:52:25.389 [AsyncHttpClient-1-4] DEBUG org.asynchttpclient.netty.handler.HttpHandler - 

Request DefaultHttpRequest(decodeResult: success, version: HTTP/1.1)
POST /session HTTP/1.1
User-Agent: selenium/4.1.2 (java windows)
Content-Length: 599
Content-Type: application/json; charset=utf-8
host: localhost:49928
accept: */*

Response DefaultHttpResponse(decodeResult: success, version: HTTP/1.1)
HTTP/1.1 200 OK
Content-Type: application/json; charset=utf-8
cache-control: no-cache
content-length: 789

15:52:25.389 [AsyncHttpClient-1-4] DEBUG org.asynchttpclient.netty.channel.ChannelManager - Adding key: http://localhost:49928 for channel [id: 0x95398af2, L:/127.0.0.1:56306 - R:localhost/127.0.0.1:49928]
15:52:25.404 [AsyncHttpClient-1-5] DEBUG org.asynchttpclient.netty.channel.NettyConnectListener - Using new Channel '[id: 0xc15217b4, L:/127.0.0.1:56314 - R:localhost/127.0.0.1:56307]' for 'GET' to '/json/version'
15:52:25.407 [AsyncHttpClient-1-5] DEBUG org.asynchttpclient.netty.handler.HttpHandler - 

Request DefaultFullHttpRequest(decodeResult: success, version: HTTP/1.1, content: EmptyByteBufBE)
GET /json/version HTTP/1.1
User-Agent: selenium/4.1.2 (java windows)
host: localhost:56307
accept: */*

Response DefaultHttpResponse(decodeResult: success, version: HTTP/1.1)
HTTP/1.1 200 OK
Content-Type: application/json; charset=UTF-8
content-length: 427

15:52:25.409 [AsyncHttpClient-1-5] DEBUG org.asynchttpclient.netty.channel.ChannelManager - Adding key: http://localhost:56307 for channel [id: 0xc15217b4, L:/127.0.0.1:56314 - R:localhost/127.0.0.1:56307]
15:52:25.414 [AsyncHttpClient-1-2] DEBUG org.asynchttpclient.netty.channel.NettyConnectListener - Using new Channel '[id: 0x6d883319, L:/127.0.0.1:56315 - R:localhost/127.0.0.1:56307]' for 'GET' to '/devtools/browser/0c797c3d-2cfd-422d-8b34-098e408572c0'
15:52:25.416 [AsyncHttpClient-1-2] DEBUG org.asynchttpclient.netty.handler.WebSocketHandler - 

Request DefaultFullHttpRequest(decodeResult: success, version: HTTP/1.1, content: EmptyByteBufBE)
GET /devtools/browser/0c797c3d-2cfd-422d-8b34-098e408572c0 HTTP/1.1
upgrade: websocket
connection: upgrade
sec-websocket-key: Q/YTwJy7xas/mAaVTM3F1Q==
sec-websocket-version: 13
origin: http://localhost:56307
host: localhost:56307
accept: */*
user-agent: AHC/2.1

Response DefaultHttpResponse(decodeResult: success, version: HTTP/1.1)
HTTP/1.1 101 WebSocket Protocol Handshake
Upgrade: WebSocket
Connection: Upgrade
Sec-WebSocket-Accept: Up0pxzOd6ClpId8Oji9QBUy8CNY=

15:52:25.433 [Forwarding maximizeCurrentWindow on session 6ffcd74c1edcfccb24cd469b936af74a to remote] DEBUG org.asynchttpclient.netty.request.NettyRequestSender - Using pooled Channel '[id: 0x95398af2, L:/127.0.0.1:56306 - R:localhost/127.0.0.1:49928]' for 'POST' to 'http://localhost:49928/session/6ffcd74c1edcfccb24cd469b936af74a/window/maximize'
15:52:25.434 [Forwarding maximizeCurrentWindow on session 6ffcd74c1edcfccb24cd469b936af74a to remote] DEBUG org.asynchttpclient.netty.request.NettyRequestSender - Using open Channel [id: 0x95398af2, L:/127.0.0.1:56306 - R:localhost/127.0.0.1:49928] for POST '/session/6ffcd74c1edcfccb24cd469b936af74a/window/maximize'
15:52:25.816 [AsyncHttpClient-1-4] DEBUG org.asynchttpclient.netty.handler.HttpHandler - 

Request DefaultHttpRequest(decodeResult: success, version: HTTP/1.1)
POST /session/6ffcd74c1edcfccb24cd469b936af74a/window/maximize HTTP/1.1
User-Agent: selenium/4.1.2 (java windows)
Content-Length: 3
Content-Type: application/json; charset=utf-8
host: localhost:49928
accept: */*

Response DefaultHttpResponse(decodeResult: success, version: HTTP/1.1)
HTTP/1.1 200 OK
Content-Type: application/json; charset=utf-8
cache-control: no-cache
content-length: 51

15:52:25.816 [AsyncHttpClient-1-4] DEBUG org.asynchttpclient.netty.channel.ChannelManager - Adding key: http://localhost:49928 for channel [id: 0x95398af2, L:/127.0.0.1:56306 - R:localhost/127.0.0.1:49928]
15:52:25.819 [Forwarding get on session 6ffcd74c1edcfccb24cd469b936af74a to remote] DEBUG org.asynchttpclient.netty.request.NettyRequestSender - Using pooled Channel '[id: 0x95398af2, L:/127.0.0.1:56306 - R:localhost/127.0.0.1:49928]' for 'POST' to 'http://localhost:49928/session/6ffcd74c1edcfccb24cd469b936af74a/url'
15:52:25.819 [Forwarding get on session 6ffcd74c1edcfccb24cd469b936af74a to remote] DEBUG org.asynchttpclient.netty.request.NettyRequestSender - Using open Channel [id: 0x95398af2, L:/127.0.0.1:56306 - R:localhost/127.0.0.1:49928] for POST '/session/6ffcd74c1edcfccb24cd469b936af74a/url'
15:52:26.097 [AsyncHttpClient-1-1] DEBUG org.asynchttpclient.netty.channel.DefaultChannelPool - Entry count for : http://localhost:56307 : 1
15:52:27.165 [AsyncHttpClient-1-1] DEBUG org.asynchttpclient.netty.channel.DefaultChannelPool - Entry count for : http://localhost:56307 : 1
15:52:28.259 [AsyncHttpClient-1-1] DEBUG org.asynchttpclient.netty.channel.DefaultChannelPool - Entry count for : http://localhost:56307 : 1
15:52:29.310 [AsyncHttpClient-1-4] DEBUG org.asynchttpclient.netty.handler.HttpHandler - 

Request DefaultHttpRequest(decodeResult: success, version: HTTP/1.1)
POST /session/6ffcd74c1edcfccb24cd469b936af74a/url HTTP/1.1
User-Agent: selenium/4.1.2 (java windows)
Content-Length: 64
Content-Type: application/json; charset=utf-8
host: localhost:49928
accept: */*

Response DefaultHttpResponse(decodeResult: success, version: HTTP/1.1)
HTTP/1.1 200 OK
Content-Type: application/json; charset=utf-8
cache-control: no-cache
content-length: 14

15:52:29.311 [AsyncHttpClient-1-4] DEBUG org.asynchttpclient.netty.channel.ChannelManager - Adding key: http://localhost:49928 for channel [id: 0x95398af2, L:/127.0.0.1:56306 - R:localhost/127.0.0.1:49928]
15:52:29.313 [Forwarding setTimeout on session 6ffcd74c1edcfccb24cd469b936af74a to remote] DEBUG org.asynchttpclient.netty.request.NettyRequestSender - Using pooled Channel '[id: 0x95398af2, L:/127.0.0.1:56306 - R:localhost/127.0.0.1:49928]' for 'POST' to 'http://localhost:49928/session/6ffcd74c1edcfccb24cd469b936af74a/timeouts'
15:52:29.313 [Forwarding setTimeout on session 6ffcd74c1edcfccb24cd469b936af74a to remote] DEBUG org.asynchttpclient.netty.request.NettyRequestSender - Using open Channel [id: 0x95398af2, L:/127.0.0.1:56306 - R:localhost/127.0.0.1:49928] for POST '/session/6ffcd74c1edcfccb24cd469b936af74a/timeouts'
15:52:29.323 [AsyncHttpClient-1-4] DEBUG org.asynchttpclient.netty.handler.HttpHandler - 

Request DefaultHttpRequest(decodeResult: success, version: HTTP/1.1)
POST /session/6ffcd74c1edcfccb24cd469b936af74a/timeouts HTTP/1.1
User-Agent: selenium/4.1.2 (java windows)
Content-Length: 22
Content-Type: application/json; charset=utf-8
host: localhost:49928
accept: */*

Response DefaultHttpResponse(decodeResult: success, version: HTTP/1.1)
HTTP/1.1 200 OK
Content-Type: application/json; charset=utf-8
cache-control: no-cache
content-length: 14

15:52:29.323 [AsyncHttpClient-1-4] DEBUG org.asynchttpclient.netty.channel.ChannelManager - Adding key: http://localhost:49928 for channel [id: 0x95398af2, L:/127.0.0.1:56306 - R:localhost/127.0.0.1:49928]
15:52:29.329 [Forwarding getCurrentUrl on session 6ffcd74c1edcfccb24cd469b936af74a to remote] DEBUG org.asynchttpclient.netty.request.NettyRequestSender - Using pooled Channel '[id: 0x95398af2, L:/127.0.0.1:56306 - R:localhost/127.0.0.1:49928]' for 'GET' to 'http://localhost:49928/session/6ffcd74c1edcfccb24cd469b936af74a/url'
15:52:29.329 [Forwarding getCurrentUrl on session 6ffcd74c1edcfccb24cd469b936af74a to remote] DEBUG org.asynchttpclient.netty.request.NettyRequestSender - Using open Channel [id: 0x95398af2, L:/127.0.0.1:56306 - R:localhost/127.0.0.1:49928] for GET '/session/6ffcd74c1edcfccb24cd469b936af74a/url'
15:52:29.338 [AsyncHttpClient-1-4] DEBUG org.asynchttpclient.netty.handler.HttpHandler - 

Request DefaultFullHttpRequest(decodeResult: success, version: HTTP/1.1, content: EmptyByteBufBE)
GET /session/6ffcd74c1edcfccb24cd469b936af74a/url HTTP/1.1
User-Agent: selenium/4.1.2 (java windows)
Cache-Control: no-cache
Content-Type: application/json; charset=utf-8
host: localhost:49928
accept: */*

Response DefaultHttpResponse(decodeResult: success, version: HTTP/1.1)
HTTP/1.1 200 OK
Content-Type: application/json; charset=utf-8
cache-control: no-cache
content-length: 41

15:52:29.338 [AsyncHttpClient-1-4] DEBUG org.asynchttpclient.netty.channel.ChannelManager - Adding key: http://localhost:49928 for channel [id: 0x95398af2, L:/127.0.0.1:56306 - R:localhost/127.0.0.1:49928]
15:52:29.348 [main] DEBUG net.serenitybdd.core.photography.Darkroom - Opening darkroom
15:52:29.349 [Forwarding screenshot on session 6ffcd74c1edcfccb24cd469b936af74a to remote] DEBUG org.asynchttpclient.netty.request.NettyRequestSender - Using pooled Channel '[id: 0x95398af2, L:/127.0.0.1:56306 - R:localhost/127.0.0.1:49928]' for 'GET' to 'http://localhost:49928/session/6ffcd74c1edcfccb24cd469b936af74a/screenshot'
15:52:29.349 [Forwarding screenshot on session 6ffcd74c1edcfccb24cd469b936af74a to remote] DEBUG org.asynchttpclient.netty.request.NettyRequestSender - Using open Channel [id: 0x95398af2, L:/127.0.0.1:56306 - R:localhost/127.0.0.1:49928] for GET '/session/6ffcd74c1edcfccb24cd469b936af74a/screenshot'
15:52:29.378 [AsyncHttpClient-1-1] DEBUG org.asynchttpclient.netty.channel.DefaultChannelPool - Entry count for : http://localhost:56307 : 1
15:52:29.389 [Darkroom Processing Line] DEBUG net.serenitybdd.core.photography.DarkroomProcessingLine - Darkroom processing line starting up
15:52:29.763 [AsyncHttpClient-1-4] DEBUG org.asynchttpclient.netty.handler.HttpHandler - 

Request DefaultFullHttpRequest(decodeResult: success, version: HTTP/1.1, content: EmptyByteBufBE)
GET /session/6ffcd74c1edcfccb24cd469b936af74a/screenshot HTTP/1.1
User-Agent: selenium/4.1.2 (java windows)
Cache-Control: no-cache
Content-Type: application/json; charset=utf-8
host: localhost:49928
accept: */*

Response DefaultHttpResponse(decodeResult: success, version: HTTP/1.1)
HTTP/1.1 200 OK
Content-Type: application/json; charset=utf-8
cache-control: no-cache
content-length: 25384

15:52:29.764 [AsyncHttpClient-1-4] DEBUG org.asynchttpclient.netty.channel.ChannelManager - Adding key: http://localhost:49928 for channel [id: 0x95398af2, L:/127.0.0.1:56306 - R:localhost/127.0.0.1:49928]
15:52:29.766 [main] DEBUG net.serenitybdd.core.photography.Darkroom - Send negative for processing for target\site\serenity\49a3ec3fe6e588bb357024d38ea075b8250cb5f32bd132770e4d40bc98d606c0.png
15:52:29.769 [main] DEBUG net.thucydides.core.steps.StepInterceptor - STEP DONE: openUrl
15:52:29.778 [main] DEBUG net.thucydides.core.steps.StepInterceptor - STARTING STEP: OrderSteps.onProductPageForOrder - inputEmail
15:52:29.783 [Forwarding findElement on session 6ffcd74c1edcfccb24cd469b936af74a to remote] DEBUG org.asynchttpclient.netty.request.NettyRequestSender - Using pooled Channel '[id: 0x95398af2, L:/127.0.0.1:56306 - R:localhost/127.0.0.1:49928]' for 'POST' to 'http://localhost:49928/session/6ffcd74c1edcfccb24cd469b936af74a/element'
15:52:29.784 [Forwarding findElement on session 6ffcd74c1edcfccb24cd469b936af74a to remote] DEBUG org.asynchttpclient.netty.request.NettyRequestSender - Using open Channel [id: 0x95398af2, L:/127.0.0.1:56306 - R:localhost/127.0.0.1:49928] for POST '/session/6ffcd74c1edcfccb24cd469b936af74a/element'
15:52:29.805 [AsyncHttpClient-1-4] DEBUG org.asynchttpclient.netty.handler.HttpHandler - 

Request DefaultHttpRequest(decodeResult: success, version: HTTP/1.1)
POST /session/6ffcd74c1edcfccb24cd469b936af74a/element HTTP/1.1
User-Agent: selenium/4.1.2 (java windows)
Content-Length: 86
Content-Type: application/json; charset=utf-8
host: localhost:49928
accept: */*

Response DefaultHttpResponse(decodeResult: success, version: HTTP/1.1)
HTTP/1.1 200 OK
Content-Type: application/json; charset=utf-8
cache-control: no-cache
content-length: 88

15:52:29.805 [AsyncHttpClient-1-4] DEBUG org.asynchttpclient.netty.channel.ChannelManager - Adding key: http://localhost:49928 for channel [id: 0x95398af2, L:/127.0.0.1:56306 - R:localhost/127.0.0.1:49928]
15:52:29.807 [Forwarding clearElement on session 6ffcd74c1edcfccb24cd469b936af74a to remote] DEBUG org.asynchttpclient.netty.request.NettyRequestSender - Using pooled Channel '[id: 0x95398af2, L:/127.0.0.1:56306 - R:localhost/127.0.0.1:49928]' for 'POST' to 'http://localhost:49928/session/6ffcd74c1edcfccb24cd469b936af74a/element/ea5d6301-2354-46c0-8a18-3c0d62fadaa6/clear'
15:52:29.807 [Forwarding clearElement on session 6ffcd74c1edcfccb24cd469b936af74a to remote] DEBUG org.asynchttpclient.netty.request.NettyRequestSender - Using open Channel [id: 0x95398af2, L:/127.0.0.1:56306 - R:localhost/127.0.0.1:49928] for POST '/session/6ffcd74c1edcfccb24cd469b936af74a/element/ea5d6301-2354-46c0-8a18-3c0d62fadaa6/clear'
15:52:29.857 [AsyncHttpClient-1-4] DEBUG org.asynchttpclient.netty.handler.HttpHandler - 

Request DefaultHttpRequest(decodeResult: success, version: HTTP/1.1)
POST /session/6ffcd74c1edcfccb24cd469b936af74a/element/ea5d6301-2354-46c0-8a18-3c0d62fadaa6/clear HTTP/1.1
User-Agent: selenium/4.1.2 (java windows)
Content-Length: 50
Content-Type: application/json; charset=utf-8
host: localhost:49928
accept: */*

Response DefaultHttpResponse(decodeResult: success, version: HTTP/1.1)
HTTP/1.1 200 OK
Content-Type: application/json; charset=utf-8
cache-control: no-cache
content-length: 14

15:52:29.857 [AsyncHttpClient-1-4] DEBUG org.asynchttpclient.netty.channel.ChannelManager - Adding key: http://localhost:49928 for channel [id: 0x95398af2, L:/127.0.0.1:56306 - R:localhost/127.0.0.1:49928]
15:52:29.861 [Forwarding sendKeysToElement on session 6ffcd74c1edcfccb24cd469b936af74a to remote] DEBUG org.asynchttpclient.netty.request.NettyRequestSender - Using pooled Channel '[id: 0x95398af2, L:/127.0.0.1:56306 - R:localhost/127.0.0.1:49928]' for 'POST' to 'http://localhost:49928/session/6ffcd74c1edcfccb24cd469b936af74a/element/ea5d6301-2354-46c0-8a18-3c0d62fadaa6/value'
15:52:29.861 [Forwarding sendKeysToElement on session 6ffcd74c1edcfccb24cd469b936af74a to remote] DEBUG org.asynchttpclient.netty.request.NettyRequestSender - Using open Channel [id: 0x95398af2, L:/127.0.0.1:56306 - R:localhost/127.0.0.1:49928] for POST '/session/6ffcd74c1edcfccb24cd469b936af74a/element/ea5d6301-2354-46c0-8a18-3c0d62fadaa6/value'
15:52:30.266 [AsyncHttpClient-1-4] DEBUG org.asynchttpclient.netty.handler.HttpHandler - 

Request DefaultHttpRequest(decodeResult: success, version: HTTP/1.1)
POST /session/6ffcd74c1edcfccb24cd469b936af74a/element/ea5d6301-2354-46c0-8a18-3c0d62fadaa6/value HTTP/1.1
User-Agent: selenium/4.1.2 (java windows)
Content-Length: 251
Content-Type: application/json; charset=utf-8
host: localhost:49928
accept: */*

Response DefaultHttpResponse(decodeResult: success, version: HTTP/1.1)
HTTP/1.1 200 OK
Content-Type: application/json; charset=utf-8
cache-control: no-cache
content-length: 14

15:52:30.266 [AsyncHttpClient-1-4] DEBUG org.asynchttpclient.netty.channel.ChannelManager - Adding key: http://localhost:49928 for channel [id: 0x95398af2, L:/127.0.0.1:56306 - R:localhost/127.0.0.1:49928]
15:52:30.280 [Forwarding screenshot on session 6ffcd74c1edcfccb24cd469b936af74a to remote] DEBUG org.asynchttpclient.netty.request.NettyRequestSender - Using pooled Channel '[id: 0x95398af2, L:/127.0.0.1:56306 - R:localhost/127.0.0.1:49928]' for 'GET' to 'http://localhost:49928/session/6ffcd74c1edcfccb24cd469b936af74a/screenshot'
15:52:30.281 [Forwarding screenshot on session 6ffcd74c1edcfccb24cd469b936af74a to remote] DEBUG org.asynchttpclient.netty.request.NettyRequestSender - Using open Channel [id: 0x95398af2, L:/127.0.0.1:56306 - R:localhost/127.0.0.1:49928] for GET '/session/6ffcd74c1edcfccb24cd469b936af74a/screenshot'
15:52:30.465 [AsyncHttpClient-1-1] DEBUG org.asynchttpclient.netty.channel.DefaultChannelPool - Entry count for : http://localhost:56307 : 1
15:52:30.490 [AsyncHttpClient-1-4] DEBUG org.asynchttpclient.netty.handler.HttpHandler - 

Request DefaultFullHttpRequest(decodeResult: success, version: HTTP/1.1, content: EmptyByteBufBE)
GET /session/6ffcd74c1edcfccb24cd469b936af74a/screenshot HTTP/1.1
User-Agent: selenium/4.1.2 (java windows)
Cache-Control: no-cache
Content-Type: application/json; charset=utf-8
host: localhost:49928
accept: */*

Response DefaultHttpResponse(decodeResult: success, version: HTTP/1.1)
HTTP/1.1 200 OK
Content-Type: application/json; charset=utf-8
cache-control: no-cache
content-length: 28896

15:52:30.491 [AsyncHttpClient-1-4] DEBUG org.asynchttpclient.netty.channel.ChannelManager - Adding key: http://localhost:49928 for channel [id: 0x95398af2, L:/127.0.0.1:56306 - R:localhost/127.0.0.1:49928]
15:52:30.493 [main] DEBUG net.serenitybdd.core.photography.Darkroom - Send negative for processing for target\site\serenity\ab27f0d4532a37fe05f37030d28601da8dd6ff0bf644257b56b9581b226efd30.png
15:52:30.494 [Darkroom Processing Line] DEBUG net.serenitybdd.core.photography.DarkroomProcessingLine - Processing screenshot image in /var/screenshots/screenshot-15902967336964061068
15:52:30.494 [Darkroom Processing Line] DEBUG net.serenitybdd.core.photography.DarkroomProcessingLine - Saving screenshot to target\site\serenity\ab27f0d4532a37fe05f37030d28601da8dd6ff0bf644257b56b9581b226efd30.png
15:52:30.495 [main] DEBUG net.thucydides.core.steps.StepInterceptor - STEP DONE: inputEmail
15:52:30.509 [main] DEBUG net.thucydides.core.steps.StepInterceptor - STARTING STEP: OrderSteps.onProductPageForOrder - inputPassword
15:52:30.514 [Forwarding findElement on session 6ffcd74c1edcfccb24cd469b936af74a to remote] DEBUG org.asynchttpclient.netty.request.NettyRequestSender - Using pooled Channel '[id: 0x95398af2, L:/127.0.0.1:56306 - R:localhost/127.0.0.1:49928]' for 'POST' to 'http://localhost:49928/session/6ffcd74c1edcfccb24cd469b936af74a/element'
15:52:30.514 [Forwarding findElement on session 6ffcd74c1edcfccb24cd469b936af74a to remote] DEBUG org.asynchttpclient.netty.request.NettyRequestSender - Using open Channel [id: 0x95398af2, L:/127.0.0.1:56306 - R:localhost/127.0.0.1:49928] for POST '/session/6ffcd74c1edcfccb24cd469b936af74a/element'
15:52:30.545 [AsyncHttpClient-1-4] DEBUG org.asynchttpclient.netty.handler.HttpHandler - 

Request DefaultHttpRequest(decodeResult: success, version: HTTP/1.1)
POST /session/6ffcd74c1edcfccb24cd469b936af74a/element HTTP/1.1
User-Agent: selenium/4.1.2 (java windows)
Content-Length: 89
Content-Type: application/json; charset=utf-8
host: localhost:49928
accept: */*

Response DefaultHttpResponse(decodeResult: success, version: HTTP/1.1)
HTTP/1.1 200 OK
Content-Type: application/json; charset=utf-8
cache-control: no-cache
content-length: 88

15:52:30.545 [AsyncHttpClient-1-4] DEBUG org.asynchttpclient.netty.channel.ChannelManager - Adding key: http://localhost:49928 for channel [id: 0x95398af2, L:/127.0.0.1:56306 - R:localhost/127.0.0.1:49928]
15:52:30.547 [Forwarding clearElement on session 6ffcd74c1edcfccb24cd469b936af74a to remote] DEBUG org.asynchttpclient.netty.request.NettyRequestSender - Using pooled Channel '[id: 0x95398af2, L:/127.0.0.1:56306 - R:localhost/127.0.0.1:49928]' for 'POST' to 'http://localhost:49928/session/6ffcd74c1edcfccb24cd469b936af74a/element/3bcba381-2001-40a3-af40-f1a0dbe54e39/clear'
15:52:30.548 [Forwarding clearElement on session 6ffcd74c1edcfccb24cd469b936af74a to remote] DEBUG org.asynchttpclient.netty.request.NettyRequestSender - Using open Channel [id: 0x95398af2, L:/127.0.0.1:56306 - R:localhost/127.0.0.1:49928] for POST '/session/6ffcd74c1edcfccb24cd469b936af74a/element/3bcba381-2001-40a3-af40-f1a0dbe54e39/clear'
15:52:30.611 [AsyncHttpClient-1-4] DEBUG org.asynchttpclient.netty.handler.HttpHandler - 

Request DefaultHttpRequest(decodeResult: success, version: HTTP/1.1)
POST /session/6ffcd74c1edcfccb24cd469b936af74a/element/3bcba381-2001-40a3-af40-f1a0dbe54e39/clear HTTP/1.1
User-Agent: selenium/4.1.2 (java windows)
Content-Length: 50
Content-Type: application/json; charset=utf-8
host: localhost:49928
accept: */*

Response DefaultHttpResponse(decodeResult: success, version: HTTP/1.1)
HTTP/1.1 200 OK
Content-Type: application/json; charset=utf-8
cache-control: no-cache
content-length: 14

15:52:30.611 [AsyncHttpClient-1-4] DEBUG org.asynchttpclient.netty.channel.ChannelManager - Adding key: http://localhost:49928 for channel [id: 0x95398af2, L:/127.0.0.1:56306 - R:localhost/127.0.0.1:49928]
15:52:30.614 [Forwarding sendKeysToElement on session 6ffcd74c1edcfccb24cd469b936af74a to remote] DEBUG org.asynchttpclient.netty.request.NettyRequestSender - Using pooled Channel '[id: 0x95398af2, L:/127.0.0.1:56306 - R:localhost/127.0.0.1:49928]' for 'POST' to 'http://localhost:49928/session/6ffcd74c1edcfccb24cd469b936af74a/element/3bcba381-2001-40a3-af40-f1a0dbe54e39/value'
15:52:30.614 [Forwarding sendKeysToElement on session 6ffcd74c1edcfccb24cd469b936af74a to remote] DEBUG org.asynchttpclient.netty.request.NettyRequestSender - Using open Channel [id: 0x95398af2, L:/127.0.0.1:56306 - R:localhost/127.0.0.1:49928] for POST '/session/6ffcd74c1edcfccb24cd469b936af74a/element/3bcba381-2001-40a3-af40-f1a0dbe54e39/value'
15:52:30.961 [AsyncHttpClient-1-4] DEBUG org.asynchttpclient.netty.handler.HttpHandler - 

Request DefaultHttpRequest(decodeResult: success, version: HTTP/1.1)
POST /session/6ffcd74c1edcfccb24cd469b936af74a/element/3bcba381-2001-40a3-af40-f1a0dbe54e39/value HTTP/1.1
User-Agent: selenium/4.1.2 (java windows)
Content-Length: 231
Content-Type: application/json; charset=utf-8
host: localhost:49928
accept: */*

Response DefaultHttpResponse(decodeResult: success, version: HTTP/1.1)
HTTP/1.1 200 OK
Content-Type: application/json; charset=utf-8
cache-control: no-cache
content-length: 14

15:52:30.961 [AsyncHttpClient-1-4] DEBUG org.asynchttpclient.netty.channel.ChannelManager - Adding key: http://localhost:49928 for channel [id: 0x95398af2, L:/127.0.0.1:56306 - R:localhost/127.0.0.1:49928]
15:52:30.991 [Forwarding screenshot on session 6ffcd74c1edcfccb24cd469b936af74a to remote] DEBUG org.asynchttpclient.netty.request.NettyRequestSender - Using pooled Channel '[id: 0x95398af2, L:/127.0.0.1:56306 - R:localhost/127.0.0.1:49928]' for 'GET' to 'http://localhost:49928/session/6ffcd74c1edcfccb24cd469b936af74a/screenshot'
15:52:30.991 [Forwarding screenshot on session 6ffcd74c1edcfccb24cd469b936af74a to remote] DEBUG org.asynchttpclient.netty.request.NettyRequestSender - Using open Channel [id: 0x95398af2, L:/127.0.0.1:56306 - R:localhost/127.0.0.1:49928] for GET '/session/6ffcd74c1edcfccb24cd469b936af74a/screenshot'
15:52:31.297 [AsyncHttpClient-1-4] DEBUG org.asynchttpclient.netty.handler.HttpHandler - 

Request DefaultFullHttpRequest(decodeResult: success, version: HTTP/1.1, content: EmptyByteBufBE)
GET /session/6ffcd74c1edcfccb24cd469b936af74a/screenshot HTTP/1.1
User-Agent: selenium/4.1.2 (java windows)
Cache-Control: no-cache
Content-Type: application/json; charset=utf-8
host: localhost:49928
accept: */*

Response DefaultHttpResponse(decodeResult: success, version: HTTP/1.1)
HTTP/1.1 200 OK
Content-Type: application/json; charset=utf-8
cache-control: no-cache
content-length: 32248

15:52:31.298 [AsyncHttpClient-1-4] DEBUG org.asynchttpclient.netty.channel.ChannelManager - Adding key: http://localhost:49928 for channel [id: 0x95398af2, L:/127.0.0.1:56306 - R:localhost/127.0.0.1:49928]
15:52:31.303 [main] DEBUG net.serenitybdd.core.photography.Darkroom - Send negative for processing for target\site\serenity\a45555a2ae2e4dbcdcb167f3b0c531c6354ff771bac28ff38188c446695307f8.png
15:52:31.304 [main] DEBUG net.thucydides.core.steps.StepInterceptor - STEP DONE: inputPassword
15:52:31.308 [Darkroom Processing Line] DEBUG net.serenitybdd.core.photography.DarkroomProcessingLine - Processing screenshot image in /var/screenshots/screenshot-5901437573006439752
15:52:31.308 [Darkroom Processing Line] DEBUG net.serenitybdd.core.photography.DarkroomProcessingLine - Saving screenshot to target\site\serenity\a45555a2ae2e4dbcdcb167f3b0c531c6354ff771bac28ff38188c446695307f8.png
15:52:31.315 [main] DEBUG net.thucydides.core.steps.StepInterceptor - STARTING STEP: OrderSteps.onProductPageForOrder - clickLoginButton
15:52:31.322 [Forwarding findElement on session 6ffcd74c1edcfccb24cd469b936af74a to remote] DEBUG org.asynchttpclient.netty.request.NettyRequestSender - Using pooled Channel '[id: 0x95398af2, L:/127.0.0.1:56306 - R:localhost/127.0.0.1:49928]' for 'POST' to 'http://localhost:49928/session/6ffcd74c1edcfccb24cd469b936af74a/element'
15:52:31.322 [Forwarding findElement on session 6ffcd74c1edcfccb24cd469b936af74a to remote] DEBUG org.asynchttpclient.netty.request.NettyRequestSender - Using open Channel [id: 0x95398af2, L:/127.0.0.1:56306 - R:localhost/127.0.0.1:49928] for POST '/session/6ffcd74c1edcfccb24cd469b936af74a/element'
15:52:31.348 [AsyncHttpClient-1-4] DEBUG org.asynchttpclient.netty.handler.HttpHandler - 

Request DefaultHttpRequest(decodeResult: success, version: HTTP/1.1)
POST /session/6ffcd74c1edcfccb24cd469b936af74a/element HTTP/1.1
User-Agent: selenium/4.1.2 (java windows)
Content-Length: 136
Content-Type: application/json; charset=utf-8
host: localhost:49928
accept: */*

Response DefaultHttpResponse(decodeResult: success, version: HTTP/1.1)
HTTP/1.1 200 OK
Content-Type: application/json; charset=utf-8
cache-control: no-cache
content-length: 88

15:52:31.348 [AsyncHttpClient-1-4] DEBUG org.asynchttpclient.netty.channel.ChannelManager - Adding key: http://localhost:49928 for channel [id: 0x95398af2, L:/127.0.0.1:56306 - R:localhost/127.0.0.1:49928]
15:52:31.351 [Forwarding getElementTagName on session 6ffcd74c1edcfccb24cd469b936af74a to remote] DEBUG org.asynchttpclient.netty.request.NettyRequestSender - Using pooled Channel '[id: 0x95398af2, L:/127.0.0.1:56306 - R:localhost/127.0.0.1:49928]' for 'GET' to 'http://localhost:49928/session/6ffcd74c1edcfccb24cd469b936af74a/element/2390da71-5914-4317-9596-a56db460ce80/name'
15:52:31.351 [Forwarding getElementTagName on session 6ffcd74c1edcfccb24cd469b936af74a to remote] DEBUG org.asynchttpclient.netty.request.NettyRequestSender - Using open Channel [id: 0x95398af2, L:/127.0.0.1:56306 - R:localhost/127.0.0.1:49928] for GET '/session/6ffcd74c1edcfccb24cd469b936af74a/element/2390da71-5914-4317-9596-a56db460ce80/name'
15:52:31.357 [AsyncHttpClient-1-4] DEBUG org.asynchttpclient.netty.handler.HttpHandler - 

Request DefaultFullHttpRequest(decodeResult: success, version: HTTP/1.1, content: EmptyByteBufBE)
GET /session/6ffcd74c1edcfccb24cd469b936af74a/element/2390da71-5914-4317-9596-a56db460ce80/name HTTP/1.1
User-Agent: selenium/4.1.2 (java windows)
Cache-Control: no-cache
Content-Type: application/json; charset=utf-8
host: localhost:49928
accept: */*

Response DefaultHttpResponse(decodeResult: success, version: HTTP/1.1)
HTTP/1.1 200 OK
Content-Type: application/json; charset=utf-8
cache-control: no-cache
content-length: 18

15:52:31.358 [AsyncHttpClient-1-4] DEBUG org.asynchttpclient.netty.channel.ChannelManager - Adding key: http://localhost:49928 for channel [id: 0x95398af2, L:/127.0.0.1:56306 - R:localhost/127.0.0.1:49928]
15:52:31.359 [Forwarding getElementTagName on session 6ffcd74c1edcfccb24cd469b936af74a to remote] DEBUG org.asynchttpclient.netty.request.NettyRequestSender - Using pooled Channel '[id: 0x95398af2, L:/127.0.0.1:56306 - R:localhost/127.0.0.1:49928]' for 'GET' to 'http://localhost:49928/session/6ffcd74c1edcfccb24cd469b936af74a/element/2390da71-5914-4317-9596-a56db460ce80/name'
15:52:31.360 [Forwarding getElementTagName on session 6ffcd74c1edcfccb24cd469b936af74a to remote] DEBUG org.asynchttpclient.netty.request.NettyRequestSender - Using open Channel [id: 0x95398af2, L:/127.0.0.1:56306 - R:localhost/127.0.0.1:49928] for GET '/session/6ffcd74c1edcfccb24cd469b936af74a/element/2390da71-5914-4317-9596-a56db460ce80/name'
15:52:31.368 [AsyncHttpClient-1-4] DEBUG org.asynchttpclient.netty.handler.HttpHandler - 

Request DefaultFullHttpRequest(decodeResult: success, version: HTTP/1.1, content: EmptyByteBufBE)
GET /session/6ffcd74c1edcfccb24cd469b936af74a/element/2390da71-5914-4317-9596-a56db460ce80/name HTTP/1.1
User-Agent: selenium/4.1.2 (java windows)
Cache-Control: no-cache
Content-Type: application/json; charset=utf-8
host: localhost:49928
accept: */*

Response DefaultHttpResponse(decodeResult: success, version: HTTP/1.1)
HTTP/1.1 200 OK
Content-Type: application/json; charset=utf-8
cache-control: no-cache
content-length: 18

15:52:31.369 [AsyncHttpClient-1-4] DEBUG org.asynchttpclient.netty.channel.ChannelManager - Adding key: http://localhost:49928 for channel [id: 0x95398af2, L:/127.0.0.1:56306 - R:localhost/127.0.0.1:49928]
15:52:31.373 [Forwarding isElementEnabled on session 6ffcd74c1edcfccb24cd469b936af74a to remote] DEBUG org.asynchttpclient.netty.request.NettyRequestSender - Using pooled Channel '[id: 0x95398af2, L:/127.0.0.1:56306 - R:localhost/127.0.0.1:49928]' for 'GET' to 'http://localhost:49928/session/6ffcd74c1edcfccb24cd469b936af74a/element/2390da71-5914-4317-9596-a56db460ce80/enabled'
15:52:31.373 [Forwarding isElementEnabled on session 6ffcd74c1edcfccb24cd469b936af74a to remote] DEBUG org.asynchttpclient.netty.request.NettyRequestSender - Using open Channel [id: 0x95398af2, L:/127.0.0.1:56306 - R:localhost/127.0.0.1:49928] for GET '/session/6ffcd74c1edcfccb24cd469b936af74a/element/2390da71-5914-4317-9596-a56db460ce80/enabled'
15:52:31.388 [AsyncHttpClient-1-4] DEBUG org.asynchttpclient.netty.handler.HttpHandler - 

Request DefaultFullHttpRequest(decodeResult: success, version: HTTP/1.1, content: EmptyByteBufBE)
GET /session/6ffcd74c1edcfccb24cd469b936af74a/element/2390da71-5914-4317-9596-a56db460ce80/enabled HTTP/1.1
User-Agent: selenium/4.1.2 (java windows)
Cache-Control: no-cache
Content-Type: application/json; charset=utf-8
host: localhost:49928
accept: */*

Response DefaultHttpResponse(decodeResult: success, version: HTTP/1.1)
HTTP/1.1 200 OK
Content-Type: application/json; charset=utf-8
cache-control: no-cache
content-length: 14

15:52:31.388 [AsyncHttpClient-1-4] DEBUG org.asynchttpclient.netty.channel.ChannelManager - Adding key: http://localhost:49928 for channel [id: 0x95398af2, L:/127.0.0.1:56306 - R:localhost/127.0.0.1:49928]
15:52:31.390 [Forwarding isElementEnabled on session 6ffcd74c1edcfccb24cd469b936af74a to remote] DEBUG org.asynchttpclient.netty.request.NettyRequestSender - Using pooled Channel '[id: 0x95398af2, L:/127.0.0.1:56306 - R:localhost/127.0.0.1:49928]' for 'GET' to 'http://localhost:49928/session/6ffcd74c1edcfccb24cd469b936af74a/element/2390da71-5914-4317-9596-a56db460ce80/enabled'
15:52:31.390 [Forwarding isElementEnabled on session 6ffcd74c1edcfccb24cd469b936af74a to remote] DEBUG org.asynchttpclient.netty.request.NettyRequestSender - Using open Channel [id: 0x95398af2, L:/127.0.0.1:56306 - R:localhost/127.0.0.1:49928] for GET '/session/6ffcd74c1edcfccb24cd469b936af74a/element/2390da71-5914-4317-9596-a56db460ce80/enabled'
15:52:31.400 [AsyncHttpClient-1-4] DEBUG org.asynchttpclient.netty.handler.HttpHandler - 

Request DefaultFullHttpRequest(decodeResult: success, version: HTTP/1.1, content: EmptyByteBufBE)
GET /session/6ffcd74c1edcfccb24cd469b936af74a/element/2390da71-5914-4317-9596-a56db460ce80/enabled HTTP/1.1
User-Agent: selenium/4.1.2 (java windows)
Cache-Control: no-cache
Content-Type: application/json; charset=utf-8
host: localhost:49928
accept: */*

Response DefaultHttpResponse(decodeResult: success, version: HTTP/1.1)
HTTP/1.1 200 OK
Content-Type: application/json; charset=utf-8
cache-control: no-cache
content-length: 14

15:52:31.400 [AsyncHttpClient-1-4] DEBUG org.asynchttpclient.netty.channel.ChannelManager - Adding key: http://localhost:49928 for channel [id: 0x95398af2, L:/127.0.0.1:56306 - R:localhost/127.0.0.1:49928]
15:52:31.403 [Forwarding findElement on session 6ffcd74c1edcfccb24cd469b936af74a to remote] DEBUG org.asynchttpclient.netty.request.NettyRequestSender - Using pooled Channel '[id: 0x95398af2, L:/127.0.0.1:56306 - R:localhost/127.0.0.1:49928]' for 'POST' to 'http://localhost:49928/session/6ffcd74c1edcfccb24cd469b936af74a/element'
15:52:31.403 [Forwarding findElement on session 6ffcd74c1edcfccb24cd469b936af74a to remote] DEBUG org.asynchttpclient.netty.request.NettyRequestSender - Using open Channel [id: 0x95398af2, L:/127.0.0.1:56306 - R:localhost/127.0.0.1:49928] for POST '/session/6ffcd74c1edcfccb24cd469b936af74a/element'
15:52:31.413 [AsyncHttpClient-1-4] DEBUG org.asynchttpclient.netty.handler.HttpHandler - 

Request DefaultHttpRequest(decodeResult: success, version: HTTP/1.1)
POST /session/6ffcd74c1edcfccb24cd469b936af74a/element HTTP/1.1
User-Agent: selenium/4.1.2 (java windows)
Content-Length: 136
Content-Type: application/json; charset=utf-8
host: localhost:49928
accept: */*

Response DefaultHttpResponse(decodeResult: success, version: HTTP/1.1)
HTTP/1.1 200 OK
Content-Type: application/json; charset=utf-8
cache-control: no-cache
content-length: 88

15:52:31.413 [AsyncHttpClient-1-4] DEBUG org.asynchttpclient.netty.channel.ChannelManager - Adding key: http://localhost:49928 for channel [id: 0x95398af2, L:/127.0.0.1:56306 - R:localhost/127.0.0.1:49928]
15:52:31.416 [Forwarding clickElement on session 6ffcd74c1edcfccb24cd469b936af74a to remote] DEBUG org.asynchttpclient.netty.request.NettyRequestSender - Using pooled Channel '[id: 0x95398af2, L:/127.0.0.1:56306 - R:localhost/127.0.0.1:49928]' for 'POST' to 'http://localhost:49928/session/6ffcd74c1edcfccb24cd469b936af74a/element/2390da71-5914-4317-9596-a56db460ce80/click'
15:52:31.416 [Forwarding clickElement on session 6ffcd74c1edcfccb24cd469b936af74a to remote] DEBUG org.asynchttpclient.netty.request.NettyRequestSender - Using open Channel [id: 0x95398af2, L:/127.0.0.1:56306 - R:localhost/127.0.0.1:49928] for POST '/session/6ffcd74c1edcfccb24cd469b936af74a/element/2390da71-5914-4317-9596-a56db460ce80/click'
15:52:31.501 [AsyncHttpClient-1-4] DEBUG org.asynchttpclient.netty.handler.HttpHandler - 

Request DefaultHttpRequest(decodeResult: success, version: HTTP/1.1)
POST /session/6ffcd74c1edcfccb24cd469b936af74a/element/2390da71-5914-4317-9596-a56db460ce80/click HTTP/1.1
User-Agent: selenium/4.1.2 (java windows)
Content-Length: 50
Content-Type: application/json; charset=utf-8
host: localhost:49928
accept: */*

Response DefaultHttpResponse(decodeResult: success, version: HTTP/1.1)
HTTP/1.1 200 OK
Content-Type: application/json; charset=utf-8
cache-control: no-cache
content-length: 14

15:52:31.501 [AsyncHttpClient-1-4] DEBUG org.asynchttpclient.netty.channel.ChannelManager - Adding key: http://localhost:49928 for channel [id: 0x95398af2, L:/127.0.0.1:56306 - R:localhost/127.0.0.1:49928]
15:52:31.513 [Forwarding screenshot on session 6ffcd74c1edcfccb24cd469b936af74a to remote] DEBUG org.asynchttpclient.netty.request.NettyRequestSender - Using pooled Channel '[id: 0x95398af2, L:/127.0.0.1:56306 - R:localhost/127.0.0.1:49928]' for 'GET' to 'http://localhost:49928/session/6ffcd74c1edcfccb24cd469b936af74a/screenshot'
15:52:31.513 [Forwarding screenshot on session 6ffcd74c1edcfccb24cd469b936af74a to remote] DEBUG org.asynchttpclient.netty.request.NettyRequestSender - Using open Channel [id: 0x95398af2, L:/127.0.0.1:56306 - R:localhost/127.0.0.1:49928] for GET '/session/6ffcd74c1edcfccb24cd469b936af74a/screenshot'
15:52:31.560 [AsyncHttpClient-1-1] DEBUG org.asynchttpclient.netty.channel.DefaultChannelPool - Entry count for : http://localhost:56307 : 1
15:52:31.975 [AsyncHttpClient-1-4] DEBUG org.asynchttpclient.netty.handler.HttpHandler - 

Request DefaultFullHttpRequest(decodeResult: success, version: HTTP/1.1, content: EmptyByteBufBE)
GET /session/6ffcd74c1edcfccb24cd469b936af74a/screenshot HTTP/1.1
User-Agent: selenium/4.1.2 (java windows)
Cache-Control: no-cache
Content-Type: application/json; charset=utf-8
host: localhost:49928
accept: */*

Response DefaultHttpResponse(decodeResult: success, version: HTTP/1.1)
HTTP/1.1 200 OK
Content-Type: application/json; charset=utf-8
cache-control: no-cache
content-length: 31984

15:52:31.975 [AsyncHttpClient-1-4] DEBUG org.asynchttpclient.netty.channel.ChannelManager - Adding key: http://localhost:49928 for channel [id: 0x95398af2, L:/127.0.0.1:56306 - R:localhost/127.0.0.1:49928]
15:52:31.978 [main] DEBUG net.serenitybdd.core.photography.Darkroom - Send negative for processing for target\site\serenity\dc3afcac947c357372ea55b13f86f8cf67419559fe147a02e5c320931b2c05e8.png
15:52:31.979 [main] DEBUG net.thucydides.core.steps.StepInterceptor - STEP DONE: clickLoginButton
  &amp#27;[32mGiven &amp#27;[0m&amp#27;[32mI am already on product page&amp#27;[0m                    &amp#27;[90m# starter.stepdefinitions.OrderSteps.onProductPageForOrder()&amp#27;[0m
15:52:31.980 [Darkroom Processing Line] DEBUG net.serenitybdd.core.photography.DarkroomProcessingLine - Processing screenshot image in /var/screenshots/screenshot-10348936293930376512
15:52:31.980 [Darkroom Processing Line] DEBUG net.serenitybdd.core.photography.DarkroomProcessingLine - Saving screenshot to target\site\serenity\dc3afcac947c357372ea55b13f86f8cf67419559fe147a02e5c320931b2c05e8.png
15:52:32.074 [Forwarding screenshot on session 6ffcd74c1edcfccb24cd469b936af74a to remote] DEBUG org.asynchttpclient.netty.request.NettyRequestSender - Using pooled Channel '[id: 0x95398af2, L:/127.0.0.1:56306 - R:localhost/127.0.0.1:49928]' for 'GET' to 'http://localhost:49928/session/6ffcd74c1edcfccb24cd469b936af74a/screenshot'
15:52:32.074 [Forwarding screenshot on session 6ffcd74c1edcfccb24cd469b936af74a to remote] DEBUG org.asynchttpclient.netty.request.NettyRequestSender - Using open Channel [id: 0x95398af2, L:/127.0.0.1:56306 - R:localhost/127.0.0.1:49928] for GET '/session/6ffcd74c1edcfccb24cd469b936af74a/screenshot'
15:52:32.661 [AsyncHttpClient-1-1] DEBUG org.asynchttpclient.netty.channel.DefaultChannelPool - Entry count for : http://localhost:56307 : 1
15:52:33.775 [AsyncHttpClient-1-1] DEBUG org.asynchttpclient.netty.channel.DefaultChannelPool - Entry count for : http://localhost:56307 : 1
15:52:34.875 [AsyncHttpClient-1-1] DEBUG org.asynchttpclient.netty.channel.DefaultChannelPool - Entry count for : http://localhost:56307 : 1
15:52:35.960 [AsyncHttpClient-1-1] DEBUG org.asynchttpclient.netty.channel.DefaultChannelPool - Entry count for : http://localhost:56307 : 1
15:52:37.059 [AsyncHttpClient-1-1] DEBUG org.asynchttpclient.netty.channel.DefaultChannelPool - Entry count for : http://localhost:56307 : 1
15:52:38.171 [AsyncHttpClient-1-1] DEBUG org.asynchttpclient.netty.channel.DefaultChannelPool - Entry count for : http://localhost:56307 : 1
15:52:39.273 [AsyncHttpClient-1-1] DEBUG org.asynchttpclient.netty.channel.DefaultChannelPool - Entry count for : http://localhost:56307 : 1
15:52:40.385 [AsyncHttpClient-1-1] DEBUG org.asynchttpclient.netty.channel.DefaultChannelPool - Entry count for : http://localhost:56307 : 1
15:52:41.468 [AsyncHttpClient-1-1] DEBUG org.asynchttpclient.netty.channel.DefaultChannelPool - Entry count for : http://localhost:56307 : 1
15:52:42.583 [AsyncHttpClient-1-1] DEBUG org.asynchttpclient.netty.channel.DefaultChannelPool - Entry count for : http://localhost:56307 : 1
15:52:42.988 [AsyncHttpClient-1-4] DEBUG org.asynchttpclient.netty.handler.HttpHandler - 

Request DefaultFullHttpRequest(decodeResult: success, version: HTTP/1.1, content: EmptyByteBufBE)
GET /session/6ffcd74c1edcfccb24cd469b936af74a/screenshot HTTP/1.1
User-Agent: selenium/4.1.2 (java windows)
Cache-Control: no-cache
Content-Type: application/json; charset=utf-8
host: localhost:49928
accept: */*

Response DefaultHttpResponse(decodeResult: success, version: HTTP/1.1)
HTTP/1.1 200 OK
Content-Type: application/json; charset=utf-8
cache-control: no-cache
content-length: 34576

15:52:42.989 [AsyncHttpClient-1-4] DEBUG org.asynchttpclient.netty.channel.ChannelManager - Adding key: http://localhost:49928 for channel [id: 0x95398af2, L:/127.0.0.1:56306 - R:localhost/127.0.0.1:49928]
15:52:42.992 [main] DEBUG net.serenitybdd.core.photography.Darkroom - Send negative for processing for target\site\serenity\bceb891f018fae68081f53a0cc0fe80d13bd3ab3efe83a613642697e64b733e4.png
15:52:42.993 [main] DEBUG net.thucydides.core.steps.StepInterceptor - STARTING STEP: OrderSteps.iClickBuyFirstProductButtonOnProductPage - clickFirstProduct
15:52:42.996 [Darkroom Processing Line] DEBUG net.serenitybdd.core.photography.DarkroomProcessingLine - Processing screenshot image in /var/screenshots/screenshot-12647006376221801050
15:52:42.996 [Darkroom Processing Line] DEBUG net.serenitybdd.core.photography.DarkroomProcessingLine - Saving screenshot to target\site\serenity\bceb891f018fae68081f53a0cc0fe80d13bd3ab3efe83a613642697e64b733e4.png
15:52:43.000 [Forwarding findElement on session 6ffcd74c1edcfccb24cd469b936af74a to remote] DEBUG org.asynchttpclient.netty.request.NettyRequestSender - Using pooled Channel '[id: 0x95398af2, L:/127.0.0.1:56306 - R:localhost/127.0.0.1:49928]' for 'POST' to 'http://localhost:49928/session/6ffcd74c1edcfccb24cd469b936af74a/element'
15:52:43.000 [Forwarding findElement on session 6ffcd74c1edcfccb24cd469b936af74a to remote] DEBUG org.asynchttpclient.netty.request.NettyRequestSender - Using open Channel [id: 0x95398af2, L:/127.0.0.1:56306 - R:localhost/127.0.0.1:49928] for POST '/session/6ffcd74c1edcfccb24cd469b936af74a/element'
15:52:43.067 [AsyncHttpClient-1-4] DEBUG org.asynchttpclient.netty.handler.HttpHandler - 

Request DefaultHttpRequest(decodeResult: success, version: HTTP/1.1)
POST /session/6ffcd74c1edcfccb24cd469b936af74a/element HTTP/1.1
User-Agent: selenium/4.1.2 (java windows)
Content-Length: 122
Content-Type: application/json; charset=utf-8
host: localhost:49928
accept: */*

Response DefaultHttpResponse(decodeResult: success, version: HTTP/1.1)
HTTP/1.1 200 OK
Content-Type: application/json; charset=utf-8
cache-control: no-cache
content-length: 88

15:52:43.067 [AsyncHttpClient-1-4] DEBUG org.asynchttpclient.netty.channel.ChannelManager - Adding key: http://localhost:49928 for channel [id: 0x95398af2, L:/127.0.0.1:56306 - R:localhost/127.0.0.1:49928]
15:52:43.069 [Forwarding getElementTagName on session 6ffcd74c1edcfccb24cd469b936af74a to remote] DEBUG org.asynchttpclient.netty.request.NettyRequestSender - Using pooled Channel '[id: 0x95398af2, L:/127.0.0.1:56306 - R:localhost/127.0.0.1:49928]' for 'GET' to 'http://localhost:49928/session/6ffcd74c1edcfccb24cd469b936af74a/element/3257a3b1-51ef-4518-baea-36bd76a841f2/name'
15:52:43.070 [Forwarding getElementTagName on session 6ffcd74c1edcfccb24cd469b936af74a to remote] DEBUG org.asynchttpclient.netty.request.NettyRequestSender - Using open Channel [id: 0x95398af2, L:/127.0.0.1:56306 - R:localhost/127.0.0.1:49928] for GET '/session/6ffcd74c1edcfccb24cd469b936af74a/element/3257a3b1-51ef-4518-baea-36bd76a841f2/name'
15:52:43.076 [AsyncHttpClient-1-4] DEBUG org.asynchttpclient.netty.handler.HttpHandler - 

Request DefaultFullHttpRequest(decodeResult: success, version: HTTP/1.1, content: EmptyByteBufBE)
GET /session/6ffcd74c1edcfccb24cd469b936af74a/element/3257a3b1-51ef-4518-baea-36bd76a841f2/name HTTP/1.1
User-Agent: selenium/4.1.2 (java windows)
Cache-Control: no-cache
Content-Type: application/json; charset=utf-8
host: localhost:49928
accept: */*

Response DefaultHttpResponse(decodeResult: success, version: HTTP/1.1)
HTTP/1.1 200 OK
Content-Type: application/json; charset=utf-8
cache-control: no-cache
content-length: 16

15:52:43.076 [AsyncHttpClient-1-4] DEBUG org.asynchttpclient.netty.channel.ChannelManager - Adding key: http://localhost:49928 for channel [id: 0x95398af2, L:/127.0.0.1:56306 - R:localhost/127.0.0.1:49928]
15:52:43.078 [Forwarding getElementTagName on session 6ffcd74c1edcfccb24cd469b936af74a to remote] DEBUG org.asynchttpclient.netty.request.NettyRequestSender - Using pooled Channel '[id: 0x95398af2, L:/127.0.0.1:56306 - R:localhost/127.0.0.1:49928]' for 'GET' to 'http://localhost:49928/session/6ffcd74c1edcfccb24cd469b936af74a/element/3257a3b1-51ef-4518-baea-36bd76a841f2/name'
15:52:43.078 [Forwarding getElementTagName on session 6ffcd74c1edcfccb24cd469b936af74a to remote] DEBUG org.asynchttpclient.netty.request.NettyRequestSender - Using open Channel [id: 0x95398af2, L:/127.0.0.1:56306 - R:localhost/127.0.0.1:49928] for GET '/session/6ffcd74c1edcfccb24cd469b936af74a/element/3257a3b1-51ef-4518-baea-36bd76a841f2/name'
15:52:43.083 [AsyncHttpClient-1-4] DEBUG org.asynchttpclient.netty.handler.HttpHandler - 

Request DefaultFullHttpRequest(decodeResult: success, version: HTTP/1.1, content: EmptyByteBufBE)
GET /session/6ffcd74c1edcfccb24cd469b936af74a/element/3257a3b1-51ef-4518-baea-36bd76a841f2/name HTTP/1.1
User-Agent: selenium/4.1.2 (java windows)
Cache-Control: no-cache
Content-Type: application/json; charset=utf-8
host: localhost:49928
accept: */*

Response DefaultHttpResponse(decodeResult: success, version: HTTP/1.1)
HTTP/1.1 200 OK
Content-Type: application/json; charset=utf-8
cache-control: no-cache
content-length: 16

15:52:43.084 [AsyncHttpClient-1-4] DEBUG org.asynchttpclient.netty.channel.ChannelManager - Adding key: http://localhost:49928 for channel [id: 0x95398af2, L:/127.0.0.1:56306 - R:localhost/127.0.0.1:49928]
15:52:43.086 [Forwarding findElement on session 6ffcd74c1edcfccb24cd469b936af74a to remote] DEBUG org.asynchttpclient.netty.request.NettyRequestSender - Using pooled Channel '[id: 0x95398af2, L:/127.0.0.1:56306 - R:localhost/127.0.0.1:49928]' for 'POST' to 'http://localhost:49928/session/6ffcd74c1edcfccb24cd469b936af74a/element'
15:52:43.087 [Forwarding findElement on session 6ffcd74c1edcfccb24cd469b936af74a to remote] DEBUG org.asynchttpclient.netty.request.NettyRequestSender - Using open Channel [id: 0x95398af2, L:/127.0.0.1:56306 - R:localhost/127.0.0.1:49928] for POST '/session/6ffcd74c1edcfccb24cd469b936af74a/element'
15:52:43.110 [AsyncHttpClient-1-4] DEBUG org.asynchttpclient.netty.handler.HttpHandler - 

Request DefaultHttpRequest(decodeResult: success, version: HTTP/1.1)
POST /session/6ffcd74c1edcfccb24cd469b936af74a/element HTTP/1.1
User-Agent: selenium/4.1.2 (java windows)
Content-Length: 122
Content-Type: application/json; charset=utf-8
host: localhost:49928
accept: */*

Response DefaultHttpResponse(decodeResult: success, version: HTTP/1.1)
HTTP/1.1 200 OK
Content-Type: application/json; charset=utf-8
cache-control: no-cache
content-length: 88

15:52:43.110 [AsyncHttpClient-1-4] DEBUG org.asynchttpclient.netty.channel.ChannelManager - Adding key: http://localhost:49928 for channel [id: 0x95398af2, L:/127.0.0.1:56306 - R:localhost/127.0.0.1:49928]
15:52:43.114 [Forwarding clickElement on session 6ffcd74c1edcfccb24cd469b936af74a to remote] DEBUG org.asynchttpclient.netty.request.NettyRequestSender - Using pooled Channel '[id: 0x95398af2, L:/127.0.0.1:56306 - R:localhost/127.0.0.1:49928]' for 'POST' to 'http://localhost:49928/session/6ffcd74c1edcfccb24cd469b936af74a/element/3257a3b1-51ef-4518-baea-36bd76a841f2/click'
15:52:43.114 [Forwarding clickElement on session 6ffcd74c1edcfccb24cd469b936af74a to remote] DEBUG org.asynchttpclient.netty.request.NettyRequestSender - Using open Channel [id: 0x95398af2, L:/127.0.0.1:56306 - R:localhost/127.0.0.1:49928] for POST '/session/6ffcd74c1edcfccb24cd469b936af74a/element/3257a3b1-51ef-4518-baea-36bd76a841f2/click'
15:52:43.233 [AsyncHttpClient-1-4] DEBUG org.asynchttpclient.netty.handler.HttpHandler - 

Request DefaultHttpRequest(decodeResult: success, version: HTTP/1.1)
POST /session/6ffcd74c1edcfccb24cd469b936af74a/element/3257a3b1-51ef-4518-baea-36bd76a841f2/click HTTP/1.1
User-Agent: selenium/4.1.2 (java windows)
Content-Length: 50
Content-Type: application/json; charset=utf-8
host: localhost:49928
accept: */*

Response DefaultHttpResponse(decodeResult: success, version: HTTP/1.1)
HTTP/1.1 200 OK
Content-Type: application/json; charset=utf-8
cache-control: no-cache
content-length: 14

15:52:43.233 [AsyncHttpClient-1-4] DEBUG org.asynchttpclient.netty.channel.ChannelManager - Adding key: http://localhost:49928 for channel [id: 0x95398af2, L:/127.0.0.1:56306 - R:localhost/127.0.0.1:49928]
15:52:43.247 [Forwarding screenshot on session 6ffcd74c1edcfccb24cd469b936af74a to remote] DEBUG org.asynchttpclient.netty.request.NettyRequestSender - Using pooled Channel '[id: 0x95398af2, L:/127.0.0.1:56306 - R:localhost/127.0.0.1:49928]' for 'GET' to 'http://localhost:49928/session/6ffcd74c1edcfccb24cd469b936af74a/screenshot'
15:52:43.247 [Forwarding screenshot on session 6ffcd74c1edcfccb24cd469b936af74a to remote] DEBUG org.asynchttpclient.netty.request.NettyRequestSender - Using open Channel [id: 0x95398af2, L:/127.0.0.1:56306 - R:localhost/127.0.0.1:49928] for GET '/session/6ffcd74c1edcfccb24cd469b936af74a/screenshot'
15:52:43.594 [AsyncHttpClient-1-4] DEBUG org.asynchttpclient.netty.handler.HttpHandler - 

Request DefaultFullHttpRequest(decodeResult: success, version: HTTP/1.1, content: EmptyByteBufBE)
GET /session/6ffcd74c1edcfccb24cd469b936af74a/screenshot HTTP/1.1
User-Agent: selenium/4.1.2 (java windows)
Cache-Control: no-cache
Content-Type: application/json; charset=utf-8
host: localhost:49928
accept: */*

Response DefaultHttpResponse(decodeResult: success, version: HTTP/1.1)
HTTP/1.1 200 OK
Content-Type: application/json; charset=utf-8
cache-control: no-cache
content-length: 91932

15:52:43.595 [AsyncHttpClient-1-4] DEBUG org.asynchttpclient.netty.channel.ChannelManager - Adding key: http://localhost:49928 for channel [id: 0x95398af2, L:/127.0.0.1:56306 - R:localhost/127.0.0.1:49928]
15:52:43.602 [main] DEBUG net.serenitybdd.core.photography.Darkroom - Send negative for processing for target\site\serenity\78476c600c4d75b30336971992ffb5e5afcf7aa8e7ae2604abc10a1f4b877699.png
15:52:43.604 [main] DEBUG net.thucydides.core.steps.StepInterceptor - STEP DONE: clickFirstProduct
  &amp#27;[32mWhen &amp#27;[0m&amp#27;[32mI click buy first product button on product page&amp#27;[0m &amp#27;[90m# starter.stepdefinitions.OrderSteps.iClickBuyFirstProductButtonOnProductPage()&amp#27;[0m
15:52:43.640 [Darkroom Processing Line] DEBUG net.serenitybdd.core.photography.DarkroomProcessingLine - Processing screenshot image in /var/screenshots/screenshot-1683469921996264402
15:52:43.640 [Darkroom Processing Line] DEBUG net.serenitybdd.core.photography.DarkroomProcessingLine - Saving screenshot to target\site\serenity\78476c600c4d75b30336971992ffb5e5afcf7aa8e7ae2604abc10a1f4b877699.png
15:52:43.653 [main] DEBUG net.thucydides.core.steps.StepInterceptor - STARTING STEP: OrderSteps.iClickShoppingCartButton - clickShoppingCart
15:52:43.665 [Forwarding findElement on session 6ffcd74c1edcfccb24cd469b936af74a to remote] DEBUG org.asynchttpclient.netty.request.NettyRequestSender - Using pooled Channel '[id: 0x95398af2, L:/127.0.0.1:56306 - R:localhost/127.0.0.1:49928]' for 'POST' to 'http://localhost:49928/session/6ffcd74c1edcfccb24cd469b936af74a/element'
15:52:43.665 [Forwarding findElement on session 6ffcd74c1edcfccb24cd469b936af74a to remote] DEBUG org.asynchttpclient.netty.request.NettyRequestSender - Using open Channel [id: 0x95398af2, L:/127.0.0.1:56306 - R:localhost/127.0.0.1:49928] for POST '/session/6ffcd74c1edcfccb24cd469b936af74a/element'
15:52:43.666 [AsyncHttpClient-1-1] DEBUG org.asynchttpclient.netty.channel.DefaultChannelPool - Entry count for : http://localhost:56307 : 1
15:52:43.707 [AsyncHttpClient-1-4] DEBUG org.asynchttpclient.netty.handler.HttpHandler - 

Request DefaultHttpRequest(decodeResult: success, version: HTTP/1.1)
POST /session/6ffcd74c1edcfccb24cd469b936af74a/element HTTP/1.1
User-Agent: selenium/4.1.2 (java windows)
Content-Length: 213
Content-Type: application/json; charset=utf-8
host: localhost:49928
accept: */*

Response DefaultHttpResponse(decodeResult: success, version: HTTP/1.1)
HTTP/1.1 200 OK
Content-Type: application/json; charset=utf-8
cache-control: no-cache
content-length: 88

15:52:43.707 [AsyncHttpClient-1-4] DEBUG org.asynchttpclient.netty.channel.ChannelManager - Adding key: http://localhost:49928 for channel [id: 0x95398af2, L:/127.0.0.1:56306 - R:localhost/127.0.0.1:49928]
15:52:43.719 [Forwarding getElementTagName on session 6ffcd74c1edcfccb24cd469b936af74a to remote] DEBUG org.asynchttpclient.netty.request.NettyRequestSender - Using pooled Channel '[id: 0x95398af2, L:/127.0.0.1:56306 - R:localhost/127.0.0.1:49928]' for 'GET' to 'http://localhost:49928/session/6ffcd74c1edcfccb24cd469b936af74a/element/0cd2e340-e2c2-4da1-b58b-1fa2f7a9d78d/name'
15:52:43.719 [Forwarding getElementTagName on session 6ffcd74c1edcfccb24cd469b936af74a to remote] DEBUG org.asynchttpclient.netty.request.NettyRequestSender - Using open Channel [id: 0x95398af2, L:/127.0.0.1:56306 - R:localhost/127.0.0.1:49928] for GET '/session/6ffcd74c1edcfccb24cd469b936af74a/element/0cd2e340-e2c2-4da1-b58b-1fa2f7a9d78d/name'
15:52:43.731 [AsyncHttpClient-1-4] DEBUG org.asynchttpclient.netty.handler.HttpHandler - 

Request DefaultFullHttpRequest(decodeResult: success, version: HTTP/1.1, content: EmptyByteBufBE)
GET /session/6ffcd74c1edcfccb24cd469b936af74a/element/0cd2e340-e2c2-4da1-b58b-1fa2f7a9d78d/name HTTP/1.1
User-Agent: selenium/4.1.2 (java windows)
Cache-Control: no-cache
Content-Type: application/json; charset=utf-8
host: localhost:49928
accept: */*

Response DefaultHttpResponse(decodeResult: success, version: HTTP/1.1)
HTTP/1.1 200 OK
Content-Type: application/json; charset=utf-8
cache-control: no-cache
content-length: 16

15:52:43.731 [AsyncHttpClient-1-4] DEBUG org.asynchttpclient.netty.channel.ChannelManager - Adding key: http://localhost:49928 for channel [id: 0x95398af2, L:/127.0.0.1:56306 - R:localhost/127.0.0.1:49928]
15:52:43.734 [Forwarding getElementTagName on session 6ffcd74c1edcfccb24cd469b936af74a to remote] DEBUG org.asynchttpclient.netty.request.NettyRequestSender - Using pooled Channel '[id: 0x95398af2, L:/127.0.0.1:56306 - R:localhost/127.0.0.1:49928]' for 'GET' to 'http://localhost:49928/session/6ffcd74c1edcfccb24cd469b936af74a/element/0cd2e340-e2c2-4da1-b58b-1fa2f7a9d78d/name'
15:52:43.734 [Forwarding getElementTagName on session 6ffcd74c1edcfccb24cd469b936af74a to remote] DEBUG org.asynchttpclient.netty.request.NettyRequestSender - Using open Channel [id: 0x95398af2, L:/127.0.0.1:56306 - R:localhost/127.0.0.1:49928] for GET '/session/6ffcd74c1edcfccb24cd469b936af74a/element/0cd2e340-e2c2-4da1-b58b-1fa2f7a9d78d/name'
15:52:43.747 [AsyncHttpClient-1-4] DEBUG org.asynchttpclient.netty.handler.HttpHandler - 

Request DefaultFullHttpRequest(decodeResult: success, version: HTTP/1.1, content: EmptyByteBufBE)
GET /session/6ffcd74c1edcfccb24cd469b936af74a/element/0cd2e340-e2c2-4da1-b58b-1fa2f7a9d78d/name HTTP/1.1
User-Agent: selenium/4.1.2 (java windows)
Cache-Control: no-cache
Content-Type: application/json; charset=utf-8
host: localhost:49928
accept: */*

Response DefaultHttpResponse(decodeResult: success, version: HTTP/1.1)
HTTP/1.1 200 OK
Content-Type: application/json; charset=utf-8
cache-control: no-cache
content-length: 16

15:52:43.747 [AsyncHttpClient-1-4] DEBUG org.asynchttpclient.netty.channel.ChannelManager - Adding key: http://localhost:49928 for channel [id: 0x95398af2, L:/127.0.0.1:56306 - R:localhost/127.0.0.1:49928]
15:52:43.750 [Forwarding findElement on session 6ffcd74c1edcfccb24cd469b936af74a to remote] DEBUG org.asynchttpclient.netty.request.NettyRequestSender - Using pooled Channel '[id: 0x95398af2, L:/127.0.0.1:56306 - R:localhost/127.0.0.1:49928]' for 'POST' to 'http://localhost:49928/session/6ffcd74c1edcfccb24cd469b936af74a/element'
15:52:43.750 [Forwarding findElement on session 6ffcd74c1edcfccb24cd469b936af74a to remote] DEBUG org.asynchttpclient.netty.request.NettyRequestSender - Using open Channel [id: 0x95398af2, L:/127.0.0.1:56306 - R:localhost/127.0.0.1:49928] for POST '/session/6ffcd74c1edcfccb24cd469b936af74a/element'
15:52:43.812 [AsyncHttpClient-1-4] DEBUG org.asynchttpclient.netty.handler.HttpHandler - 

Request DefaultHttpRequest(decodeResult: success, version: HTTP/1.1)
POST /session/6ffcd74c1edcfccb24cd469b936af74a/element HTTP/1.1
User-Agent: selenium/4.1.2 (java windows)
Content-Length: 213
Content-Type: application/json; charset=utf-8
host: localhost:49928
accept: */*

Response DefaultHttpResponse(decodeResult: success, version: HTTP/1.1)
HTTP/1.1 200 OK
Content-Type: application/json; charset=utf-8
cache-control: no-cache
content-length: 88

15:52:43.812 [AsyncHttpClient-1-4] DEBUG org.asynchttpclient.netty.channel.ChannelManager - Adding key: http://localhost:49928 for channel [id: 0x95398af2, L:/127.0.0.1:56306 - R:localhost/127.0.0.1:49928]
15:52:43.815 [Forwarding clickElement on session 6ffcd74c1edcfccb24cd469b936af74a to remote] DEBUG org.asynchttpclient.netty.request.NettyRequestSender - Using pooled Channel '[id: 0x95398af2, L:/127.0.0.1:56306 - R:localhost/127.0.0.1:49928]' for 'POST' to 'http://localhost:49928/session/6ffcd74c1edcfccb24cd469b936af74a/element/0cd2e340-e2c2-4da1-b58b-1fa2f7a9d78d/click'
15:52:43.815 [Forwarding clickElement on session 6ffcd74c1edcfccb24cd469b936af74a to remote] DEBUG org.asynchttpclient.netty.request.NettyRequestSender - Using open Channel [id: 0x95398af2, L:/127.0.0.1:56306 - R:localhost/127.0.0.1:49928] for POST '/session/6ffcd74c1edcfccb24cd469b936af74a/element/0cd2e340-e2c2-4da1-b58b-1fa2f7a9d78d/click'
15:52:43.893 [AsyncHttpClient-1-4] DEBUG org.asynchttpclient.netty.handler.HttpHandler - 

Request DefaultHttpRequest(decodeResult: success, version: HTTP/1.1)
POST /session/6ffcd74c1edcfccb24cd469b936af74a/element/0cd2e340-e2c2-4da1-b58b-1fa2f7a9d78d/click HTTP/1.1
User-Agent: selenium/4.1.2 (java windows)
Content-Length: 50
Content-Type: application/json; charset=utf-8
host: localhost:49928
accept: */*

Response DefaultHttpResponse(decodeResult: success, version: HTTP/1.1)
HTTP/1.1 200 OK
Content-Type: application/json; charset=utf-8
cache-control: no-cache
content-length: 14

15:52:43.893 [AsyncHttpClient-1-4] DEBUG org.asynchttpclient.netty.channel.ChannelManager - Adding key: http://localhost:49928 for channel [id: 0x95398af2, L:/127.0.0.1:56306 - R:localhost/127.0.0.1:49928]
15:52:43.925 [Forwarding screenshot on session 6ffcd74c1edcfccb24cd469b936af74a to remote] DEBUG org.asynchttpclient.netty.request.NettyRequestSender - Using pooled Channel '[id: 0x95398af2, L:/127.0.0.1:56306 - R:localhost/127.0.0.1:49928]' for 'GET' to 'http://localhost:49928/session/6ffcd74c1edcfccb24cd469b936af74a/screenshot'
15:52:43.926 [Forwarding screenshot on session 6ffcd74c1edcfccb24cd469b936af74a to remote] DEBUG org.asynchttpclient.netty.request.NettyRequestSender - Using open Channel [id: 0x95398af2, L:/127.0.0.1:56306 - R:localhost/127.0.0.1:49928] for GET '/session/6ffcd74c1edcfccb24cd469b936af74a/screenshot'
15:52:44.496 [AsyncHttpClient-1-4] DEBUG org.asynchttpclient.netty.handler.HttpHandler - 

Request DefaultFullHttpRequest(decodeResult: success, version: HTTP/1.1, content: EmptyByteBufBE)
GET /session/6ffcd74c1edcfccb24cd469b936af74a/screenshot HTTP/1.1
User-Agent: selenium/4.1.2 (java windows)
Cache-Control: no-cache
Content-Type: application/json; charset=utf-8
host: localhost:49928
accept: */*

Response DefaultHttpResponse(decodeResult: success, version: HTTP/1.1)
HTTP/1.1 200 OK
Content-Type: application/json; charset=utf-8
cache-control: no-cache
content-length: 33156

15:52:44.497 [AsyncHttpClient-1-4] DEBUG org.asynchttpclient.netty.channel.ChannelManager - Adding key: http://localhost:49928 for channel [id: 0x95398af2, L:/127.0.0.1:56306 - R:localhost/127.0.0.1:49928]
15:52:44.500 [main] DEBUG net.serenitybdd.core.photography.Darkroom - Send negative for processing for target\site\serenity\878b7a63a4a80f8a684ea7b705ef7b27c5e3be93a2d2cef43e3f32c23075df71.png
15:52:44.500 [main] DEBUG net.thucydides.core.steps.StepInterceptor - STEP DONE: clickShoppingCart
  &amp#27;[32mAnd &amp#27;[0m&amp#27;[32mI click shopping cart button&amp#27;[0m                      &amp#27;[90m# starter.stepdefinitions.OrderSteps.iClickShoppingCartButton()&amp#27;[0m
15:52:44.525 [Darkroom Processing Line] DEBUG net.serenitybdd.core.photography.DarkroomProcessingLine - Processing screenshot image in /var/screenshots/screenshot-3479691990701359899
15:52:44.525 [Darkroom Processing Line] DEBUG net.serenitybdd.core.photography.DarkroomProcessingLine - Saving screenshot to target\site\serenity\878b7a63a4a80f8a684ea7b705ef7b27c5e3be93a2d2cef43e3f32c23075df71.png
15:52:44.544 [main] DEBUG net.thucydides.core.steps.StepInterceptor - STARTING STEP: OrderSteps.iClickAddSignOnTheProduct - clickAddButton
15:52:44.549 [Forwarding findElement on session 6ffcd74c1edcfccb24cd469b936af74a to remote] DEBUG org.asynchttpclient.netty.request.NettyRequestSender - Using pooled Channel '[id: 0x95398af2, L:/127.0.0.1:56306 - R:localhost/127.0.0.1:49928]' for 'POST' to 'http://localhost:49928/session/6ffcd74c1edcfccb24cd469b936af74a/element'
15:52:44.549 [Forwarding findElement on session 6ffcd74c1edcfccb24cd469b936af74a to remote] DEBUG org.asynchttpclient.netty.request.NettyRequestSender - Using open Channel [id: 0x95398af2, L:/127.0.0.1:56306 - R:localhost/127.0.0.1:49928] for POST '/session/6ffcd74c1edcfccb24cd469b936af74a/element'
15:52:44.573 [AsyncHttpClient-1-4] DEBUG org.asynchttpclient.netty.handler.HttpHandler - 

Request DefaultHttpRequest(decodeResult: success, version: HTTP/1.1)
POST /session/6ffcd74c1edcfccb24cd469b936af74a/element HTTP/1.1
User-Agent: selenium/4.1.2 (java windows)
Content-Length: 94
Content-Type: application/json; charset=utf-8
host: localhost:49928
accept: */*

Response DefaultHttpResponse(decodeResult: success, version: HTTP/1.1)
HTTP/1.1 200 OK
Content-Type: application/json; charset=utf-8
cache-control: no-cache
content-length: 88

15:52:44.573 [AsyncHttpClient-1-4] DEBUG org.asynchttpclient.netty.channel.ChannelManager - Adding key: http://localhost:49928 for channel [id: 0x95398af2, L:/127.0.0.1:56306 - R:localhost/127.0.0.1:49928]
15:52:44.575 [Forwarding getElementTagName on session 6ffcd74c1edcfccb24cd469b936af74a to remote] DEBUG org.asynchttpclient.netty.request.NettyRequestSender - Using pooled Channel '[id: 0x95398af2, L:/127.0.0.1:56306 - R:localhost/127.0.0.1:49928]' for 'GET' to 'http://localhost:49928/session/6ffcd74c1edcfccb24cd469b936af74a/element/d6d0adcc-d1b7-4adc-a89c-b8ca14ed35db/name'
15:52:44.576 [Forwarding getElementTagName on session 6ffcd74c1edcfccb24cd469b936af74a to remote] DEBUG org.asynchttpclient.netty.request.NettyRequestSender - Using open Channel [id: 0x95398af2, L:/127.0.0.1:56306 - R:localhost/127.0.0.1:49928] for GET '/session/6ffcd74c1edcfccb24cd469b936af74a/element/d6d0adcc-d1b7-4adc-a89c-b8ca14ed35db/name'
15:52:44.582 [AsyncHttpClient-1-4] DEBUG org.asynchttpclient.netty.handler.HttpHandler - 

Request DefaultFullHttpRequest(decodeResult: success, version: HTTP/1.1, content: EmptyByteBufBE)
GET /session/6ffcd74c1edcfccb24cd469b936af74a/element/d6d0adcc-d1b7-4adc-a89c-b8ca14ed35db/name HTTP/1.1
User-Agent: selenium/4.1.2 (java windows)
Cache-Control: no-cache
Content-Type: application/json; charset=utf-8
host: localhost:49928
accept: */*

Response DefaultHttpResponse(decodeResult: success, version: HTTP/1.1)
HTTP/1.1 200 OK
Content-Type: application/json; charset=utf-8
cache-control: no-cache
content-length: 16

15:52:44.582 [AsyncHttpClient-1-4] DEBUG org.asynchttpclient.netty.channel.ChannelManager - Adding key: http://localhost:49928 for channel [id: 0x95398af2, L:/127.0.0.1:56306 - R:localhost/127.0.0.1:49928]
15:52:44.585 [Forwarding getElementTagName on session 6ffcd74c1edcfccb24cd469b936af74a to remote] DEBUG org.asynchttpclient.netty.request.NettyRequestSender - Using pooled Channel '[id: 0x95398af2, L:/127.0.0.1:56306 - R:localhost/127.0.0.1:49928]' for 'GET' to 'http://localhost:49928/session/6ffcd74c1edcfccb24cd469b936af74a/element/d6d0adcc-d1b7-4adc-a89c-b8ca14ed35db/name'
15:52:44.587 [Forwarding getElementTagName on session 6ffcd74c1edcfccb24cd469b936af74a to remote] DEBUG org.asynchttpclient.netty.request.NettyRequestSender - Using open Channel [id: 0x95398af2, L:/127.0.0.1:56306 - R:localhost/127.0.0.1:49928] for GET '/session/6ffcd74c1edcfccb24cd469b936af74a/element/d6d0adcc-d1b7-4adc-a89c-b8ca14ed35db/name'
15:52:44.595 [AsyncHttpClient-1-4] DEBUG org.asynchttpclient.netty.handler.HttpHandler - 

Request DefaultFullHttpRequest(decodeResult: success, version: HTTP/1.1, content: EmptyByteBufBE)
GET /session/6ffcd74c1edcfccb24cd469b936af74a/element/d6d0adcc-d1b7-4adc-a89c-b8ca14ed35db/name HTTP/1.1
User-Agent: selenium/4.1.2 (java windows)
Cache-Control: no-cache
Content-Type: application/json; charset=utf-8
host: localhost:49928
accept: */*

Response DefaultHttpResponse(decodeResult: success, version: HTTP/1.1)
HTTP/1.1 200 OK
Content-Type: application/json; charset=utf-8
cache-control: no-cache
content-length: 16

15:52:44.596 [AsyncHttpClient-1-4] DEBUG org.asynchttpclient.netty.channel.ChannelManager - Adding key: http://localhost:49928 for channel [id: 0x95398af2, L:/127.0.0.1:56306 - R:localhost/127.0.0.1:49928]
15:52:44.604 [Forwarding findElement on session 6ffcd74c1edcfccb24cd469b936af74a to remote] DEBUG org.asynchttpclient.netty.request.NettyRequestSender - Using pooled Channel '[id: 0x95398af2, L:/127.0.0.1:56306 - R:localhost/127.0.0.1:49928]' for 'POST' to 'http://localhost:49928/session/6ffcd74c1edcfccb24cd469b936af74a/element'
15:52:44.607 [Forwarding findElement on session 6ffcd74c1edcfccb24cd469b936af74a to remote] DEBUG org.asynchttpclient.netty.request.NettyRequestSender - Using open Channel [id: 0x95398af2, L:/127.0.0.1:56306 - R:localhost/127.0.0.1:49928] for POST '/session/6ffcd74c1edcfccb24cd469b936af74a/element'
15:52:44.638 [AsyncHttpClient-1-4] DEBUG org.asynchttpclient.netty.handler.HttpHandler - 

Request DefaultHttpRequest(decodeResult: success, version: HTTP/1.1)
POST /session/6ffcd74c1edcfccb24cd469b936af74a/element HTTP/1.1
User-Agent: selenium/4.1.2 (java windows)
Content-Length: 94
Content-Type: application/json; charset=utf-8
host: localhost:49928
accept: */*

Response DefaultHttpResponse(decodeResult: success, version: HTTP/1.1)
HTTP/1.1 200 OK
Content-Type: application/json; charset=utf-8
cache-control: no-cache
content-length: 88

15:52:44.638 [AsyncHttpClient-1-4] DEBUG org.asynchttpclient.netty.channel.ChannelManager - Adding key: http://localhost:49928 for channel [id: 0x95398af2, L:/127.0.0.1:56306 - R:localhost/127.0.0.1:49928]
15:52:44.643 [Forwarding clickElement on session 6ffcd74c1edcfccb24cd469b936af74a to remote] DEBUG org.asynchttpclient.netty.request.NettyRequestSender - Using pooled Channel '[id: 0x95398af2, L:/127.0.0.1:56306 - R:localhost/127.0.0.1:49928]' for 'POST' to 'http://localhost:49928/session/6ffcd74c1edcfccb24cd469b936af74a/element/d6d0adcc-d1b7-4adc-a89c-b8ca14ed35db/click'
15:52:44.643 [Forwarding clickElement on session 6ffcd74c1edcfccb24cd469b936af74a to remote] DEBUG org.asynchttpclient.netty.request.NettyRequestSender - Using open Channel [id: 0x95398af2, L:/127.0.0.1:56306 - R:localhost/127.0.0.1:49928] for POST '/session/6ffcd74c1edcfccb24cd469b936af74a/element/d6d0adcc-d1b7-4adc-a89c-b8ca14ed35db/click'
15:52:44.812 [AsyncHttpClient-1-1] DEBUG org.asynchttpclient.netty.channel.DefaultChannelPool - Entry count for : http://localhost:56307 : 1
15:52:44.841 [AsyncHttpClient-1-4] DEBUG org.asynchttpclient.netty.handler.HttpHandler - 

Request DefaultHttpRequest(decodeResult: success, version: HTTP/1.1)
POST /session/6ffcd74c1edcfccb24cd469b936af74a/element/d6d0adcc-d1b7-4adc-a89c-b8ca14ed35db/click HTTP/1.1
User-Agent: selenium/4.1.2 (java windows)
Content-Length: 50
Content-Type: application/json; charset=utf-8
host: localhost:49928
accept: */*

Response DefaultHttpResponse(decodeResult: success, version: HTTP/1.1)
HTTP/1.1 200 OK
Content-Type: application/json; charset=utf-8
cache-control: no-cache
content-length: 14

15:52:44.841 [AsyncHttpClient-1-4] DEBUG org.asynchttpclient.netty.channel.ChannelManager - Adding key: http://localhost:49928 for channel [id: 0x95398af2, L:/127.0.0.1:56306 - R:localhost/127.0.0.1:49928]
15:52:44.857 [Forwarding screenshot on session 6ffcd74c1edcfccb24cd469b936af74a to remote] DEBUG org.asynchttpclient.netty.request.NettyRequestSender - Using pooled Channel '[id: 0x95398af2, L:/127.0.0.1:56306 - R:localhost/127.0.0.1:49928]' for 'GET' to 'http://localhost:49928/session/6ffcd74c1edcfccb24cd469b936af74a/screenshot'
15:52:44.858 [Forwarding screenshot on session 6ffcd74c1edcfccb24cd469b936af74a to remote] DEBUG org.asynchttpclient.netty.request.NettyRequestSender - Using open Channel [id: 0x95398af2, L:/127.0.0.1:56306 - R:localhost/127.0.0.1:49928] for GET '/session/6ffcd74c1edcfccb24cd469b936af74a/screenshot'
15:52:45.110 [AsyncHttpClient-1-4] DEBUG org.asynchttpclient.netty.handler.HttpHandler - 

Request DefaultFullHttpRequest(decodeResult: success, version: HTTP/1.1, content: EmptyByteBufBE)
GET /session/6ffcd74c1edcfccb24cd469b936af74a/screenshot HTTP/1.1
User-Agent: selenium/4.1.2 (java windows)
Cache-Control: no-cache
Content-Type: application/json; charset=utf-8
host: localhost:49928
accept: */*

Response DefaultHttpResponse(decodeResult: success, version: HTTP/1.1)
HTTP/1.1 200 OK
Content-Type: application/json; charset=utf-8
cache-control: no-cache
content-length: 35336

15:52:45.110 [AsyncHttpClient-1-4] DEBUG org.asynchttpclient.netty.channel.ChannelManager - Adding key: http://localhost:49928 for channel [id: 0x95398af2, L:/127.0.0.1:56306 - R:localhost/127.0.0.1:49928]
15:52:45.123 [main] DEBUG net.serenitybdd.core.photography.Darkroom - Send negative for processing for target\site\serenity\41702fe7837f1060548ef79bf7b37fefa1dc29d081a03dc38483b869f137b416.png
15:52:45.124 [main] DEBUG net.thucydides.core.steps.StepInterceptor - STEP DONE: clickAddButton
  &amp#27;[32mAnd &amp#27;[0m&amp#27;[32mI click + sign on the product&amp#27;[0m                     &amp#27;[90m# starter.stepdefinitions.OrderSteps.iClickAddSignOnTheProduct()&amp#27;[0m
15:52:45.124 [Darkroom Processing Line] DEBUG net.serenitybdd.core.photography.DarkroomProcessingLine - Processing screenshot image in /var/screenshots/screenshot-13450502946427473063
15:52:45.124 [Darkroom Processing Line] DEBUG net.serenitybdd.core.photography.DarkroomProcessingLine - Saving screenshot to target\site\serenity\41702fe7837f1060548ef79bf7b37fefa1dc29d081a03dc38483b869f137b416.png
15:52:45.162 [main] DEBUG net.thucydides.core.steps.StepInterceptor - STARTING STEP: OrderSteps.theTotalQuantityOfTheProductIncreases - totalAfterAddIsEqual
15:52:45.181 [Forwarding findElement on session 6ffcd74c1edcfccb24cd469b936af74a to remote] DEBUG org.asynchttpclient.netty.request.NettyRequestSender - Using pooled Channel '[id: 0x95398af2, L:/127.0.0.1:56306 - R:localhost/127.0.0.1:49928]' for 'POST' to 'http://localhost:49928/session/6ffcd74c1edcfccb24cd469b936af74a/element'
15:52:45.182 [Forwarding findElement on session 6ffcd74c1edcfccb24cd469b936af74a to remote] DEBUG org.asynchttpclient.netty.request.NettyRequestSender - Using open Channel [id: 0x95398af2, L:/127.0.0.1:56306 - R:localhost/127.0.0.1:49928] for POST '/session/6ffcd74c1edcfccb24cd469b936af74a/element'
15:52:45.226 [AsyncHttpClient-1-4] DEBUG org.asynchttpclient.netty.handler.HttpHandler - 

Request DefaultHttpRequest(decodeResult: success, version: HTTP/1.1)
POST /session/6ffcd74c1edcfccb24cd469b936af74a/element HTTP/1.1
User-Agent: selenium/4.1.2 (java windows)
Content-Length: 96
Content-Type: application/json; charset=utf-8
host: localhost:49928
accept: */*

Response DefaultHttpResponse(decodeResult: success, version: HTTP/1.1)
HTTP/1.1 200 OK
Content-Type: application/json; charset=utf-8
cache-control: no-cache
content-length: 88

15:52:45.227 [AsyncHttpClient-1-4] DEBUG org.asynchttpclient.netty.channel.ChannelManager - Adding key: http://localhost:49928 for channel [id: 0x95398af2, L:/127.0.0.1:56306 - R:localhost/127.0.0.1:49928]
15:52:45.240 [Forwarding isElementDisplayed on session 6ffcd74c1edcfccb24cd469b936af74a to remote] DEBUG org.asynchttpclient.netty.request.NettyRequestSender - Using pooled Channel '[id: 0x95398af2, L:/127.0.0.1:56306 - R:localhost/127.0.0.1:49928]' for 'POST' to 'http://localhost:49928/session/6ffcd74c1edcfccb24cd469b936af74a/execute/sync'
15:52:45.240 [Forwarding isElementDisplayed on session 6ffcd74c1edcfccb24cd469b936af74a to remote] DEBUG org.asynchttpclient.netty.request.NettyRequestSender - Using open Channel [id: 0x95398af2, L:/127.0.0.1:56306 - R:localhost/127.0.0.1:49928] for POST '/session/6ffcd74c1edcfccb24cd469b936af74a/execute/sync'
15:52:45.289 [AsyncHttpClient-1-4] DEBUG org.asynchttpclient.netty.handler.HttpHandler - 

Request DefaultHttpRequest(decodeResult: success, version: HTTP/1.1)
POST /session/6ffcd74c1edcfccb24cd469b936af74a/execute/sync HTTP/1.1
User-Agent: selenium/4.1.2 (java windows)
Content-Length: 48780
Content-Type: application/json; charset=utf-8
host: localhost:49928
accept: */*

Response DefaultHttpResponse(decodeResult: success, version: HTTP/1.1)
HTTP/1.1 200 OK
Content-Type: application/json; charset=utf-8
cache-control: no-cache
content-length: 14

15:52:45.290 [AsyncHttpClient-1-4] DEBUG org.asynchttpclient.netty.channel.ChannelManager - Adding key: http://localhost:49928 for channel [id: 0x95398af2, L:/127.0.0.1:56306 - R:localhost/127.0.0.1:49928]
15:52:45.299 [Forwarding screenshot on session 6ffcd74c1edcfccb24cd469b936af74a to remote] DEBUG org.asynchttpclient.netty.request.NettyRequestSender - Using pooled Channel '[id: 0x95398af2, L:/127.0.0.1:56306 - R:localhost/127.0.0.1:49928]' for 'GET' to 'http://localhost:49928/session/6ffcd74c1edcfccb24cd469b936af74a/screenshot'
15:52:45.299 [Forwarding screenshot on session 6ffcd74c1edcfccb24cd469b936af74a to remote] DEBUG org.asynchttpclient.netty.request.NettyRequestSender - Using open Channel [id: 0x95398af2, L:/127.0.0.1:56306 - R:localhost/127.0.0.1:49928] for GET '/session/6ffcd74c1edcfccb24cd469b936af74a/screenshot'
15:52:45.504 [AsyncHttpClient-1-4] DEBUG org.asynchttpclient.netty.handler.HttpHandler - 

Request DefaultFullHttpRequest(decodeResult: success, version: HTTP/1.1, content: EmptyByteBufBE)
GET /session/6ffcd74c1edcfccb24cd469b936af74a/screenshot HTTP/1.1
User-Agent: selenium/4.1.2 (java windows)
Cache-Control: no-cache
Content-Type: application/json; charset=utf-8
host: localhost:49928
accept: */*

Response DefaultHttpResponse(decodeResult: success, version: HTTP/1.1)
HTTP/1.1 200 OK
Content-Type: application/json; charset=utf-8
cache-control: no-cache
content-length: 34440

15:52:45.505 [AsyncHttpClient-1-4] DEBUG org.asynchttpclient.netty.channel.ChannelManager - Adding key: http://localhost:49928 for channel [id: 0x95398af2, L:/127.0.0.1:56306 - R:localhost/127.0.0.1:49928]
15:52:45.508 [main] DEBUG net.serenitybdd.core.photography.Darkroom - Send negative for processing for target\site\serenity\55510b27866c0027190882a4a1eaf5c5f7c660e2bcea20ec32a55079c267f27d.png
15:52:45.509 [main] DEBUG net.thucydides.core.steps.StepInterceptor - STEP DONE: totalAfterAddIsEqual
  &amp#27;[32mThen &amp#27;[0m&amp#27;[32mThe total quantity of the product is equal to 2&amp#27;[0m  &amp#27;[90m# starter.stepdefinitions.OrderSteps.theTotalQuantityOfTheProductIncreases()&amp#27;[0m
15:52:45.509 [Darkroom Processing Line] DEBUG net.serenitybdd.core.photography.DarkroomProcessingLine - Processing screenshot image in /var/screenshots/screenshot-8982115744256995495
15:52:45.509 [Darkroom Processing Line] DEBUG net.serenitybdd.core.photography.DarkroomProcessingLine - Saving screenshot to target\site\serenity\55510b27866c0027190882a4a1eaf5c5f7c660e2bcea20ec32a55079c267f27d.png
15:52:45.517 [main] INFO  - 
  _____   ___   ___   _____     ___     _     ___   ___   ___   ___  
 |_   _| | __| / __| |_   _|   | _ \   /_\   / __| / __| | __| |   \ 
   | |   | _|  \__ \   | |     |  _/  / _ \  \__ \ \__ \ | _|  | |) |
   |_|   |___| |___/   |_|     |_|   /_/ \_\ |___/ |___/ |___| |___/ 

I add quantity of an item
----------------------------------------------------------------------
15:52:45.519 [AsyncHttpClient-1-2] DEBUG org.asynchttpclient.netty.handler.WebSocketHandler - Channel Closed: [id: 0x6d883319, L:/127.0.0.1:56315 ! R:localhost/127.0.0.1:56307] with attribute NettyResponseFuture{currentRetry=5,
	isDone=1,
	isCancelled=0,
	asyncHandler=org.asynchttpclient.ws.WebSocketUpgradeHandler@5d7590f1,
	nettyRequest=org.asynchttpclient.netty.request.NettyRequest@785f10b6,
	future=java.util.concurrent.CompletableFuture@7e4c9951[Completed normally],
	uri=ws://localhost:56307/devtools/browser/0c797c3d-2cfd-422d-8b34-098e408572c0,
	keepAlive=true,
	redirectCount=0,
	timeoutsHolder=null,
	inAuth=0,
	touch=1652863945416}
15:52:45.519 [AsyncHttpClient-1-2] DEBUG org.asynchttpclient.netty.channel.ChannelManager - Closing Channel [id: 0x6d883319, L:/127.0.0.1:56315 ! R:localhost/127.0.0.1:56307] 
15:52:45.520 [Driver Command Executor] DEBUG org.asynchttpclient.netty.request.NettyRequestSender - Using pooled Channel '[id: 0x95398af2, L:/127.0.0.1:56306 - R:localhost/127.0.0.1:49928]' for 'DELETE' to 'http://localhost:49928/session/6ffcd74c1edcfccb24cd469b936af74a'
15:52:45.520 [Driver Command Executor] DEBUG org.asynchttpclient.netty.request.NettyRequestSender - Using open Channel [id: 0x95398af2, L:/127.0.0.1:56306 - R:localhost/127.0.0.1:49928] for DELETE '/session/6ffcd74c1edcfccb24cd469b936af74a'
15:52:45.748 [AsyncHttpClient-1-5] DEBUG org.asynchttpclient.netty.handler.HttpHandler - Unexpected I/O exception on channel [id: 0xc15217b4, L:/127.0.0.1:56314 - R:localhost/127.0.0.1:56307]
java.net.SocketException: Connection reset
	at java.base/sun.nio.ch.SocketChannelImpl.throwConnectionReset(SocketChannelImpl.java:367)
	at java.base/sun.nio.ch.SocketChannelImpl.read(SocketChannelImpl.java:398)
	at io.netty.buffer.PooledByteBuf.setBytes(PooledByteBuf.java:258)
	at io.netty.buffer.AbstractByteBuf.writeBytes(AbstractByteBuf.java:1132)
	at io.netty.channel.socket.nio.NioSocketChannel.doReadBytes(NioSocketChannel.java:350)
	at io.netty.channel.nio.AbstractNioByteChannel$NioByteUnsafe.read(AbstractNioByteChannel.java:151)
	at io.netty.channel.nio.NioEventLoop.processSelectedKey(NioEventLoop.java:722)
	at io.netty.channel.nio.NioEventLoop.processSelectedKeysOptimized(NioEventLoop.java:658)
	at io.netty.channel.nio.NioEventLoop.processSelectedKeys(NioEventLoop.java:584)
	at io.netty.channel.nio.NioEventLoop.run(NioEventLoop.java:496)
	at io.netty.util.concurrent.SingleThreadEventExecutor$4.run(SingleThreadEventExecutor.java:986)
	at io.netty.util.internal.ThreadExecutorMap$2.run(ThreadExecutorMap.java:74)
	at io.netty.util.concurrent.FastThreadLocalRunnable.run(FastThreadLocalRunnable.java:30)
	at java.base/java.lang.Thread.run(Thread.java:832)
15:52:45.748 [AsyncHttpClient-1-5] DEBUG org.asynchttpclient.netty.channel.ChannelManager - Closing Channel [id: 0xc15217b4, L:/127.0.0.1:56314 - R:localhost/127.0.0.1:56307] 
15:52:45.748 [AsyncHttpClient-1-5] DEBUG org.asynchttpclient.netty.handler.HttpHandler - Channel Closed: [id: 0xc15217b4, L:/127.0.0.1:56314 ! R:localhost/127.0.0.1:56307] with attribute DISCARD
15:52:45.773 [AsyncHttpClient-1-4] DEBUG org.asynchttpclient.netty.handler.HttpHandler - 

Request DefaultFullHttpRequest(decodeResult: success, version: HTTP/1.1, content: EmptyByteBufBE)
DELETE /session/6ffcd74c1edcfccb24cd469b936af74a HTTP/1.1
User-Agent: selenium/4.1.2 (java windows)
Content-Type: application/json; charset=utf-8
host: localhost:49928
accept: */*

Response DefaultHttpResponse(decodeResult: success, version: HTTP/1.1)
HTTP/1.1 200 OK
Content-Type: application/json; charset=utf-8
cache-control: no-cache
content-length: 14

15:52:45.773 [AsyncHttpClient-1-4] DEBUG org.asynchttpclient.netty.channel.ChannelManager - Adding key: http://localhost:49928 for channel [id: 0x95398af2, L:/127.0.0.1:56306 - R:localhost/127.0.0.1:49928]
15:52:45.859 [AsyncHttpClient-1-1] DEBUG org.asynchttpclient.netty.channel.DefaultChannelPool - Entry count for : http://localhost:49928 : 1
15:52:45.859 [AsyncHttpClient-1-1] DEBUG org.asynchttpclient.netty.channel.DefaultChannelPool - Entry count for : http://localhost:56307 : 1
15:52:45.859 [AsyncHttpClient-1-1] DEBUG org.asynchttpclient.netty.channel.DefaultChannelPool - Adding Candidate expired Channel [id: 0xc15217b4, L:/127.0.0.1:56314 ! R:localhost/127.0.0.1:56307] isIdleTimeoutExpired=false isRemotelyClosed=true isTtlExpired=false
15:52:45.859 [AsyncHttpClient-1-1] DEBUG org.asynchttpclient.netty.channel.DefaultChannelPool - Closing Idle Channel [id: 0xc15217b4, L:/127.0.0.1:56314 ! R:localhost/127.0.0.1:56307]
15:52:45.859 [AsyncHttpClient-1-1] DEBUG org.asynchttpclient.netty.channel.DefaultChannelPool - Closed 1 connections out of 2 in 0 ms
15:52:46.227 [AsyncHttpClient-1-4] DEBUG org.asynchttpclient.netty.handler.HttpHandler - Channel Closed: [id: 0x95398af2, L:/127.0.0.1:56306 ! R:localhost/127.0.0.1:49928] with attribute DISCARD
]]></system-out>
    <system-err><![CDATA[Starting ChromeDriver 100.0.4896.60 (6a5d10861ce8de5fce22564658033b43cb7de047-refs/branch-heads/4896@{#875}) on port 49928
Only local connections are allowed.
Please see https://chromedriver.chromium.org/security-considerations for suggestions on keeping ChromeDriver safe.
ChromeDriver was started successfully.
[1652863944.845][WARNING]: This version of ChromeDriver has not been tested with Chrome version 101.
May 18, 2022 3:52:25 PM org.openqa.selenium.remote.ProtocolHandshake createSession
INFO: Detected dialect: W3C
May 18, 2022 3:52:25 PM org.openqa.selenium.devtools.CdpVersionFinder findNearestMatch
WARNING: Unable to find an exact match for CDP version 101, so returning the closest version found: 97
May 18, 2022 3:52:25 PM org.openqa.selenium.devtools.CdpVersionFinder findNearestMatch
INFO: Found CDP implementation for version 101 of 97
]]></system-err>
  </testcase>
  <testcase name="I reduce quantity of an item" classname="Change item&apos;s quantity on my shopping cart" time="26.628">
    <system-out><![CDATA[
Scenario: I reduce quantity of an item                   &amp#27;[90m# src/test/resources/features/Order.feature:14&amp#27;[0m
15:52:46.763 [main] INFO io.cucumber.core.plugin.SerenityReporter - Running feature from file:///C:/Users/ponda/Documents/Final_Project/Final_Web/src/test/resources/features/Order.feature
15:52:46.767 [main] INFO  - 
  _____   ___   ___   _____     ___   _____     _     ___   _____   ___   ___  
 |_   _| | __| / __| |_   _|   / __| |_   _|   /_\   | _ \ |_   _| | __| |   \ 
   | |   | _|  \__ \   | |     \__ \   | |    / _ \  |   /   | |   | _|  | |) |
   |_|   |___| |___/   |_|     |___/   |_|   /_/ \_\ |_|_\   |_|   |___| |___/ 

I reduce quantity of an item(change-item-s-quantity-on-my-shopping-cart;i-reduce-quantity-of-an-item)
--------------------------------------------------------------------------------
15:52:46.831 [main] DEBUG net.thucydides.core.steps.StepInterceptor - STARTING STEP: ProductSteps.iAmOnProductPage - openUrl
15:52:46.833 [main] INFO net.serenitybdd.core.webdriver.driverproviders.ChromeDriverProvider - Using automatically driver download
15:52:46.984 [AsyncHttpClient-1-1] DEBUG org.asynchttpclient.netty.channel.DefaultChannelPool - Entry count for : http://localhost:49928 : 1
15:52:46.984 [AsyncHttpClient-1-1] DEBUG org.asynchttpclient.netty.channel.DefaultChannelPool - Adding Candidate expired Channel [id: 0x95398af2, L:/127.0.0.1:56306 ! R:localhost/127.0.0.1:49928] isIdleTimeoutExpired=false isRemotelyClosed=true isTtlExpired=false
15:52:46.984 [AsyncHttpClient-1-1] DEBUG org.asynchttpclient.netty.channel.DefaultChannelPool - Closing Idle Channel [id: 0x95398af2, L:/127.0.0.1:56306 ! R:localhost/127.0.0.1:49928]
15:52:46.986 [AsyncHttpClient-1-1] DEBUG org.asynchttpclient.netty.channel.DefaultChannelPool - Closed 1 connections out of 1 in 2 ms
15:52:47.122 [main] DEBUG io.github.bonigarcia.wdm.cache.ResolutionCache - Resolution chrome=101 in cache (valid until 16:36:25 18/05/2022 WIB)
15:52:47.130 [main] DEBUG io.github.bonigarcia.wdm.cache.ResolutionCache - Resolution chrome101=101.0.4951.41 in cache (valid until 16:04:06 18/05/2022 WIB)
15:52:47.133 [main] INFO io.github.bonigarcia.wdm.WebDriverManager - Using chromedriver 101.0.4951.41 (resolved driver for Chrome 101)
15:52:47.158 [main] DEBUG io.github.bonigarcia.wdm.WebDriverManager - Driver chromedriver 101.0.4951.41 found in cache
15:52:47.159 [main] INFO io.github.bonigarcia.wdm.WebDriverManager - Exporting webdriver.chrome.driver as C:\Users\ponda\.cache\selenium\chromedriver\win32\101.0.4951.41\chromedriver.exe
15:52:47.354 [main] DEBUG net.serenitybdd.core.webdriver.driverproviders.ProvideNewDriver - Instantiating driver
15:52:47.355 [main] DEBUG net.serenitybdd.core.webdriver.driverproviders.ProvideNewDriver - Driver capabilities: Capabilities {acceptInsecureCerts: false, base.url: https://qa.alta.id, browserName: chrome, chrome.driver: src/test/resources/webdrive..., driver: chrome, goog:chromeOptions: {args: [], extensions: []}}
15:52:47.944 [AsyncHttpClient-1-3] DEBUG org.asynchttpclient.netty.channel.NettyConnectListener - Using new Channel '[id: 0x1a8b619e, L:/127.0.0.1:56342 - R:localhost/127.0.0.1:53227]' for 'POST' to '/session'
15:52:49.994 [AsyncHttpClient-1-3] DEBUG org.asynchttpclient.netty.handler.HttpHandler - 

Request DefaultHttpRequest(decodeResult: success, version: HTTP/1.1)
POST /session HTTP/1.1
User-Agent: selenium/4.1.2 (java windows)
Content-Length: 599
Content-Type: application/json; charset=utf-8
host: localhost:53227
accept: */*

Response DefaultHttpResponse(decodeResult: success, version: HTTP/1.1)
HTTP/1.1 200 OK
Content-Type: application/json; charset=utf-8
cache-control: no-cache
content-length: 790

15:52:49.995 [AsyncHttpClient-1-3] DEBUG org.asynchttpclient.netty.channel.ChannelManager - Adding key: http://localhost:53227 for channel [id: 0x1a8b619e, L:/127.0.0.1:56342 - R:localhost/127.0.0.1:53227]
15:52:50.013 [AsyncHttpClient-1-4] DEBUG org.asynchttpclient.netty.channel.NettyConnectListener - Using new Channel '[id: 0x1f76ae06, L:/127.0.0.1:56350 - R:localhost/127.0.0.1:56344]' for 'GET' to '/json/version'
15:52:50.019 [AsyncHttpClient-1-4] DEBUG org.asynchttpclient.netty.handler.HttpHandler - 

Request DefaultFullHttpRequest(decodeResult: success, version: HTTP/1.1, content: EmptyByteBufBE)
GET /json/version HTTP/1.1
User-Agent: selenium/4.1.2 (java windows)
host: localhost:56344
accept: */*

Response DefaultHttpResponse(decodeResult: success, version: HTTP/1.1)
HTTP/1.1 200 OK
Content-Type: application/json; charset=UTF-8
content-length: 427

15:52:50.021 [AsyncHttpClient-1-4] DEBUG org.asynchttpclient.netty.channel.ChannelManager - Adding key: http://localhost:56344 for channel [id: 0x1f76ae06, L:/127.0.0.1:56350 - R:localhost/127.0.0.1:56344]
15:52:50.025 [AsyncHttpClient-1-5] DEBUG org.asynchttpclient.netty.channel.NettyConnectListener - Using new Channel '[id: 0x238963cf, L:/127.0.0.1:56351 - R:localhost/127.0.0.1:56344]' for 'GET' to '/devtools/browser/e575a935-f2d2-49f2-93eb-03100a951d30'
15:52:50.027 [AsyncHttpClient-1-5] DEBUG org.asynchttpclient.netty.handler.WebSocketHandler - 

Request DefaultFullHttpRequest(decodeResult: success, version: HTTP/1.1, content: EmptyByteBufBE)
GET /devtools/browser/e575a935-f2d2-49f2-93eb-03100a951d30 HTTP/1.1
upgrade: websocket
connection: upgrade
sec-websocket-key: p1E7Y0acS+2ghl3zIXZdUg==
sec-websocket-version: 13
origin: http://localhost:56344
host: localhost:56344
accept: */*
user-agent: AHC/2.1

Response DefaultHttpResponse(decodeResult: success, version: HTTP/1.1)
HTTP/1.1 101 WebSocket Protocol Handshake
Upgrade: WebSocket
Connection: Upgrade
Sec-WebSocket-Accept: loIZQQEqeweTP/w0Mb+MshVp71U=

15:52:50.044 [Forwarding maximizeCurrentWindow on session d5a8b2baf2db049a065601ae62f0c5c7 to remote] DEBUG org.asynchttpclient.netty.request.NettyRequestSender - Using pooled Channel '[id: 0x1a8b619e, L:/127.0.0.1:56342 - R:localhost/127.0.0.1:53227]' for 'POST' to 'http://localhost:53227/session/d5a8b2baf2db049a065601ae62f0c5c7/window/maximize'
15:52:50.044 [Forwarding maximizeCurrentWindow on session d5a8b2baf2db049a065601ae62f0c5c7 to remote] DEBUG org.asynchttpclient.netty.request.NettyRequestSender - Using open Channel [id: 0x1a8b619e, L:/127.0.0.1:56342 - R:localhost/127.0.0.1:53227] for POST '/session/d5a8b2baf2db049a065601ae62f0c5c7/window/maximize'
15:52:50.370 [AsyncHttpClient-1-1] DEBUG org.asynchttpclient.netty.channel.DefaultChannelPool - Entry count for : http://localhost:56344 : 1
15:52:50.498 [AsyncHttpClient-1-3] DEBUG org.asynchttpclient.netty.handler.HttpHandler - 

Request DefaultHttpRequest(decodeResult: success, version: HTTP/1.1)
POST /session/d5a8b2baf2db049a065601ae62f0c5c7/window/maximize HTTP/1.1
User-Agent: selenium/4.1.2 (java windows)
Content-Length: 3
Content-Type: application/json; charset=utf-8
host: localhost:53227
accept: */*

Response DefaultHttpResponse(decodeResult: success, version: HTTP/1.1)
HTTP/1.1 200 OK
Content-Type: application/json; charset=utf-8
cache-control: no-cache
content-length: 51

15:52:50.498 [AsyncHttpClient-1-3] DEBUG org.asynchttpclient.netty.channel.ChannelManager - Adding key: http://localhost:53227 for channel [id: 0x1a8b619e, L:/127.0.0.1:56342 - R:localhost/127.0.0.1:53227]
15:52:50.501 [Forwarding get on session d5a8b2baf2db049a065601ae62f0c5c7 to remote] DEBUG org.asynchttpclient.netty.request.NettyRequestSender - Using pooled Channel '[id: 0x1a8b619e, L:/127.0.0.1:56342 - R:localhost/127.0.0.1:53227]' for 'POST' to 'http://localhost:53227/session/d5a8b2baf2db049a065601ae62f0c5c7/url'
15:52:50.501 [Forwarding get on session d5a8b2baf2db049a065601ae62f0c5c7 to remote] DEBUG org.asynchttpclient.netty.request.NettyRequestSender - Using open Channel [id: 0x1a8b619e, L:/127.0.0.1:56342 - R:localhost/127.0.0.1:53227] for POST '/session/d5a8b2baf2db049a065601ae62f0c5c7/url'
15:52:51.560 [AsyncHttpClient-1-1] DEBUG org.asynchttpclient.netty.channel.DefaultChannelPool - Entry count for : http://localhost:56344 : 1
15:52:52.659 [AsyncHttpClient-1-1] DEBUG org.asynchttpclient.netty.channel.DefaultChannelPool - Entry count for : http://localhost:56344 : 1
15:52:53.017 [AsyncHttpClient-1-3] DEBUG org.asynchttpclient.netty.handler.HttpHandler - 

Request DefaultHttpRequest(decodeResult: success, version: HTTP/1.1)
POST /session/d5a8b2baf2db049a065601ae62f0c5c7/url HTTP/1.1
User-Agent: selenium/4.1.2 (java windows)
Content-Length: 64
Content-Type: application/json; charset=utf-8
host: localhost:53227
accept: */*

Response DefaultHttpResponse(decodeResult: success, version: HTTP/1.1)
HTTP/1.1 200 OK
Content-Type: application/json; charset=utf-8
cache-control: no-cache
content-length: 14

15:52:53.019 [AsyncHttpClient-1-3] DEBUG org.asynchttpclient.netty.channel.ChannelManager - Adding key: http://localhost:53227 for channel [id: 0x1a8b619e, L:/127.0.0.1:56342 - R:localhost/127.0.0.1:53227]
15:52:53.023 [Forwarding setTimeout on session d5a8b2baf2db049a065601ae62f0c5c7 to remote] DEBUG org.asynchttpclient.netty.request.NettyRequestSender - Using pooled Channel '[id: 0x1a8b619e, L:/127.0.0.1:56342 - R:localhost/127.0.0.1:53227]' for 'POST' to 'http://localhost:53227/session/d5a8b2baf2db049a065601ae62f0c5c7/timeouts'
15:52:53.023 [Forwarding setTimeout on session d5a8b2baf2db049a065601ae62f0c5c7 to remote] DEBUG org.asynchttpclient.netty.request.NettyRequestSender - Using open Channel [id: 0x1a8b619e, L:/127.0.0.1:56342 - R:localhost/127.0.0.1:53227] for POST '/session/d5a8b2baf2db049a065601ae62f0c5c7/timeouts'
15:52:53.042 [AsyncHttpClient-1-3] DEBUG org.asynchttpclient.netty.handler.HttpHandler - 

Request DefaultHttpRequest(decodeResult: success, version: HTTP/1.1)
POST /session/d5a8b2baf2db049a065601ae62f0c5c7/timeouts HTTP/1.1
User-Agent: selenium/4.1.2 (java windows)
Content-Length: 22
Content-Type: application/json; charset=utf-8
host: localhost:53227
accept: */*

Response DefaultHttpResponse(decodeResult: success, version: HTTP/1.1)
HTTP/1.1 200 OK
Content-Type: application/json; charset=utf-8
cache-control: no-cache
content-length: 14

15:52:53.042 [AsyncHttpClient-1-3] DEBUG org.asynchttpclient.netty.channel.ChannelManager - Adding key: http://localhost:53227 for channel [id: 0x1a8b619e, L:/127.0.0.1:56342 - R:localhost/127.0.0.1:53227]
15:52:53.053 [Forwarding getCurrentUrl on session d5a8b2baf2db049a065601ae62f0c5c7 to remote] DEBUG org.asynchttpclient.netty.request.NettyRequestSender - Using pooled Channel '[id: 0x1a8b619e, L:/127.0.0.1:56342 - R:localhost/127.0.0.1:53227]' for 'GET' to 'http://localhost:53227/session/d5a8b2baf2db049a065601ae62f0c5c7/url'
15:52:53.053 [Forwarding getCurrentUrl on session d5a8b2baf2db049a065601ae62f0c5c7 to remote] DEBUG org.asynchttpclient.netty.request.NettyRequestSender - Using open Channel [id: 0x1a8b619e, L:/127.0.0.1:56342 - R:localhost/127.0.0.1:53227] for GET '/session/d5a8b2baf2db049a065601ae62f0c5c7/url'
15:52:53.063 [AsyncHttpClient-1-3] DEBUG org.asynchttpclient.netty.handler.HttpHandler - 

Request DefaultFullHttpRequest(decodeResult: success, version: HTTP/1.1, content: EmptyByteBufBE)
GET /session/d5a8b2baf2db049a065601ae62f0c5c7/url HTTP/1.1
User-Agent: selenium/4.1.2 (java windows)
Cache-Control: no-cache
Content-Type: application/json; charset=utf-8
host: localhost:53227
accept: */*

Response DefaultHttpResponse(decodeResult: success, version: HTTP/1.1)
HTTP/1.1 200 OK
Content-Type: application/json; charset=utf-8
cache-control: no-cache
content-length: 41

15:52:53.064 [AsyncHttpClient-1-3] DEBUG org.asynchttpclient.netty.channel.ChannelManager - Adding key: http://localhost:53227 for channel [id: 0x1a8b619e, L:/127.0.0.1:56342 - R:localhost/127.0.0.1:53227]
15:52:53.075 [Forwarding screenshot on session d5a8b2baf2db049a065601ae62f0c5c7 to remote] DEBUG org.asynchttpclient.netty.request.NettyRequestSender - Using pooled Channel '[id: 0x1a8b619e, L:/127.0.0.1:56342 - R:localhost/127.0.0.1:53227]' for 'GET' to 'http://localhost:53227/session/d5a8b2baf2db049a065601ae62f0c5c7/screenshot'
15:52:53.075 [Forwarding screenshot on session d5a8b2baf2db049a065601ae62f0c5c7 to remote] DEBUG org.asynchttpclient.netty.request.NettyRequestSender - Using open Channel [id: 0x1a8b619e, L:/127.0.0.1:56342 - R:localhost/127.0.0.1:53227] for GET '/session/d5a8b2baf2db049a065601ae62f0c5c7/screenshot'
15:52:53.450 [AsyncHttpClient-1-3] DEBUG org.asynchttpclient.netty.handler.HttpHandler - 

Request DefaultFullHttpRequest(decodeResult: success, version: HTTP/1.1, content: EmptyByteBufBE)
GET /session/d5a8b2baf2db049a065601ae62f0c5c7/screenshot HTTP/1.1
User-Agent: selenium/4.1.2 (java windows)
Cache-Control: no-cache
Content-Type: application/json; charset=utf-8
host: localhost:53227
accept: */*

Response DefaultHttpResponse(decodeResult: success, version: HTTP/1.1)
HTTP/1.1 200 OK
Content-Type: application/json; charset=utf-8
cache-control: no-cache
content-length: 25384

15:52:53.450 [AsyncHttpClient-1-3] DEBUG org.asynchttpclient.netty.channel.ChannelManager - Adding key: http://localhost:53227 for channel [id: 0x1a8b619e, L:/127.0.0.1:56342 - R:localhost/127.0.0.1:53227]
15:52:53.452 [main] DEBUG net.serenitybdd.core.photography.Darkroom - Send negative for processing for target\site\serenity\49a3ec3fe6e588bb357024d38ea075b8250cb5f32bd132770e4d40bc98d606c0.png
15:52:53.453 [main] DEBUG net.thucydides.core.steps.StepInterceptor - STEP DONE: openUrl
15:52:53.462 [main] DEBUG net.thucydides.core.steps.StepInterceptor - STARTING STEP: ProductSteps.iAmOnProductPage - inputEmail
15:52:53.466 [Forwarding findElement on session d5a8b2baf2db049a065601ae62f0c5c7 to remote] DEBUG org.asynchttpclient.netty.request.NettyRequestSender - Using pooled Channel '[id: 0x1a8b619e, L:/127.0.0.1:56342 - R:localhost/127.0.0.1:53227]' for 'POST' to 'http://localhost:53227/session/d5a8b2baf2db049a065601ae62f0c5c7/element'
15:52:53.466 [Forwarding findElement on session d5a8b2baf2db049a065601ae62f0c5c7 to remote] DEBUG org.asynchttpclient.netty.request.NettyRequestSender - Using open Channel [id: 0x1a8b619e, L:/127.0.0.1:56342 - R:localhost/127.0.0.1:53227] for POST '/session/d5a8b2baf2db049a065601ae62f0c5c7/element'
15:52:53.487 [AsyncHttpClient-1-3] DEBUG org.asynchttpclient.netty.handler.HttpHandler - 

Request DefaultHttpRequest(decodeResult: success, version: HTTP/1.1)
POST /session/d5a8b2baf2db049a065601ae62f0c5c7/element HTTP/1.1
User-Agent: selenium/4.1.2 (java windows)
Content-Length: 86
Content-Type: application/json; charset=utf-8
host: localhost:53227
accept: */*

Response DefaultHttpResponse(decodeResult: success, version: HTTP/1.1)
HTTP/1.1 200 OK
Content-Type: application/json; charset=utf-8
cache-control: no-cache
content-length: 88

15:52:53.488 [AsyncHttpClient-1-3] DEBUG org.asynchttpclient.netty.channel.ChannelManager - Adding key: http://localhost:53227 for channel [id: 0x1a8b619e, L:/127.0.0.1:56342 - R:localhost/127.0.0.1:53227]
15:52:53.489 [Forwarding clearElement on session d5a8b2baf2db049a065601ae62f0c5c7 to remote] DEBUG org.asynchttpclient.netty.request.NettyRequestSender - Using pooled Channel '[id: 0x1a8b619e, L:/127.0.0.1:56342 - R:localhost/127.0.0.1:53227]' for 'POST' to 'http://localhost:53227/session/d5a8b2baf2db049a065601ae62f0c5c7/element/f1ee0162-caf2-49d6-9cfe-7966da91f12a/clear'
15:52:53.490 [Forwarding clearElement on session d5a8b2baf2db049a065601ae62f0c5c7 to remote] DEBUG org.asynchttpclient.netty.request.NettyRequestSender - Using open Channel [id: 0x1a8b619e, L:/127.0.0.1:56342 - R:localhost/127.0.0.1:53227] for POST '/session/d5a8b2baf2db049a065601ae62f0c5c7/element/f1ee0162-caf2-49d6-9cfe-7966da91f12a/clear'
15:52:53.538 [AsyncHttpClient-1-3] DEBUG org.asynchttpclient.netty.handler.HttpHandler - 

Request DefaultHttpRequest(decodeResult: success, version: HTTP/1.1)
POST /session/d5a8b2baf2db049a065601ae62f0c5c7/element/f1ee0162-caf2-49d6-9cfe-7966da91f12a/clear HTTP/1.1
User-Agent: selenium/4.1.2 (java windows)
Content-Length: 50
Content-Type: application/json; charset=utf-8
host: localhost:53227
accept: */*

Response DefaultHttpResponse(decodeResult: success, version: HTTP/1.1)
HTTP/1.1 200 OK
Content-Type: application/json; charset=utf-8
cache-control: no-cache
content-length: 14

15:52:53.539 [AsyncHttpClient-1-3] DEBUG org.asynchttpclient.netty.channel.ChannelManager - Adding key: http://localhost:53227 for channel [id: 0x1a8b619e, L:/127.0.0.1:56342 - R:localhost/127.0.0.1:53227]
15:52:53.541 [Forwarding sendKeysToElement on session d5a8b2baf2db049a065601ae62f0c5c7 to remote] DEBUG org.asynchttpclient.netty.request.NettyRequestSender - Using pooled Channel '[id: 0x1a8b619e, L:/127.0.0.1:56342 - R:localhost/127.0.0.1:53227]' for 'POST' to 'http://localhost:53227/session/d5a8b2baf2db049a065601ae62f0c5c7/element/f1ee0162-caf2-49d6-9cfe-7966da91f12a/value'
15:52:53.541 [Forwarding sendKeysToElement on session d5a8b2baf2db049a065601ae62f0c5c7 to remote] DEBUG org.asynchttpclient.netty.request.NettyRequestSender - Using open Channel [id: 0x1a8b619e, L:/127.0.0.1:56342 - R:localhost/127.0.0.1:53227] for POST '/session/d5a8b2baf2db049a065601ae62f0c5c7/element/f1ee0162-caf2-49d6-9cfe-7966da91f12a/value'
15:52:53.769 [AsyncHttpClient-1-1] DEBUG org.asynchttpclient.netty.channel.DefaultChannelPool - Entry count for : http://localhost:56344 : 1
15:52:53.971 [AsyncHttpClient-1-3] DEBUG org.asynchttpclient.netty.handler.HttpHandler - 

Request DefaultHttpRequest(decodeResult: success, version: HTTP/1.1)
POST /session/d5a8b2baf2db049a065601ae62f0c5c7/element/f1ee0162-caf2-49d6-9cfe-7966da91f12a/value HTTP/1.1
User-Agent: selenium/4.1.2 (java windows)
Content-Length: 251
Content-Type: application/json; charset=utf-8
host: localhost:53227
accept: */*

Response DefaultHttpResponse(decodeResult: success, version: HTTP/1.1)
HTTP/1.1 200 OK
Content-Type: application/json; charset=utf-8
cache-control: no-cache
content-length: 14

15:52:53.971 [AsyncHttpClient-1-3] DEBUG org.asynchttpclient.netty.channel.ChannelManager - Adding key: http://localhost:53227 for channel [id: 0x1a8b619e, L:/127.0.0.1:56342 - R:localhost/127.0.0.1:53227]
15:52:53.990 [Forwarding screenshot on session d5a8b2baf2db049a065601ae62f0c5c7 to remote] DEBUG org.asynchttpclient.netty.request.NettyRequestSender - Using pooled Channel '[id: 0x1a8b619e, L:/127.0.0.1:56342 - R:localhost/127.0.0.1:53227]' for 'GET' to 'http://localhost:53227/session/d5a8b2baf2db049a065601ae62f0c5c7/screenshot'
15:52:53.990 [Forwarding screenshot on session d5a8b2baf2db049a065601ae62f0c5c7 to remote] DEBUG org.asynchttpclient.netty.request.NettyRequestSender - Using open Channel [id: 0x1a8b619e, L:/127.0.0.1:56342 - R:localhost/127.0.0.1:53227] for GET '/session/d5a8b2baf2db049a065601ae62f0c5c7/screenshot'
15:52:54.220 [AsyncHttpClient-1-3] DEBUG org.asynchttpclient.netty.handler.HttpHandler - 

Request DefaultFullHttpRequest(decodeResult: success, version: HTTP/1.1, content: EmptyByteBufBE)
GET /session/d5a8b2baf2db049a065601ae62f0c5c7/screenshot HTTP/1.1
User-Agent: selenium/4.1.2 (java windows)
Cache-Control: no-cache
Content-Type: application/json; charset=utf-8
host: localhost:53227
accept: */*

Response DefaultHttpResponse(decodeResult: success, version: HTTP/1.1)
HTTP/1.1 200 OK
Content-Type: application/json; charset=utf-8
cache-control: no-cache
content-length: 28896

15:52:54.220 [AsyncHttpClient-1-3] DEBUG org.asynchttpclient.netty.channel.ChannelManager - Adding key: http://localhost:53227 for channel [id: 0x1a8b619e, L:/127.0.0.1:56342 - R:localhost/127.0.0.1:53227]
15:52:54.223 [main] DEBUG net.serenitybdd.core.photography.Darkroom - Send negative for processing for target\site\serenity\48a0896e1ecd514f628d185dfb5d4fb36acae4f0d969c474dd16b3503c7baa4c.png
15:52:54.223 [main] DEBUG net.thucydides.core.steps.StepInterceptor - STEP DONE: inputEmail
15:52:54.235 [Darkroom Processing Line] DEBUG net.serenitybdd.core.photography.DarkroomProcessingLine - Processing screenshot image in /var/screenshots/screenshot-10899364604093997800
15:52:54.235 [Darkroom Processing Line] DEBUG net.serenitybdd.core.photography.DarkroomProcessingLine - Saving screenshot to target\site\serenity\48a0896e1ecd514f628d185dfb5d4fb36acae4f0d969c474dd16b3503c7baa4c.png
15:52:54.242 [main] DEBUG net.thucydides.core.steps.StepInterceptor - STARTING STEP: ProductSteps.iAmOnProductPage - inputPassword
15:52:54.252 [Forwarding findElement on session d5a8b2baf2db049a065601ae62f0c5c7 to remote] DEBUG org.asynchttpclient.netty.request.NettyRequestSender - Using pooled Channel '[id: 0x1a8b619e, L:/127.0.0.1:56342 - R:localhost/127.0.0.1:53227]' for 'POST' to 'http://localhost:53227/session/d5a8b2baf2db049a065601ae62f0c5c7/element'
15:52:54.252 [Forwarding findElement on session d5a8b2baf2db049a065601ae62f0c5c7 to remote] DEBUG org.asynchttpclient.netty.request.NettyRequestSender - Using open Channel [id: 0x1a8b619e, L:/127.0.0.1:56342 - R:localhost/127.0.0.1:53227] for POST '/session/d5a8b2baf2db049a065601ae62f0c5c7/element'
15:52:54.280 [AsyncHttpClient-1-3] DEBUG org.asynchttpclient.netty.handler.HttpHandler - 

Request DefaultHttpRequest(decodeResult: success, version: HTTP/1.1)
POST /session/d5a8b2baf2db049a065601ae62f0c5c7/element HTTP/1.1
User-Agent: selenium/4.1.2 (java windows)
Content-Length: 89
Content-Type: application/json; charset=utf-8
host: localhost:53227
accept: */*

Response DefaultHttpResponse(decodeResult: success, version: HTTP/1.1)
HTTP/1.1 200 OK
Content-Type: application/json; charset=utf-8
cache-control: no-cache
content-length: 88

15:52:54.280 [AsyncHttpClient-1-3] DEBUG org.asynchttpclient.netty.channel.ChannelManager - Adding key: http://localhost:53227 for channel [id: 0x1a8b619e, L:/127.0.0.1:56342 - R:localhost/127.0.0.1:53227]
15:52:54.282 [Forwarding clearElement on session d5a8b2baf2db049a065601ae62f0c5c7 to remote] DEBUG org.asynchttpclient.netty.request.NettyRequestSender - Using pooled Channel '[id: 0x1a8b619e, L:/127.0.0.1:56342 - R:localhost/127.0.0.1:53227]' for 'POST' to 'http://localhost:53227/session/d5a8b2baf2db049a065601ae62f0c5c7/element/8000bf29-8d90-4067-8fd5-d54c4e5000b2/clear'
15:52:54.282 [Forwarding clearElement on session d5a8b2baf2db049a065601ae62f0c5c7 to remote] DEBUG org.asynchttpclient.netty.request.NettyRequestSender - Using open Channel [id: 0x1a8b619e, L:/127.0.0.1:56342 - R:localhost/127.0.0.1:53227] for POST '/session/d5a8b2baf2db049a065601ae62f0c5c7/element/8000bf29-8d90-4067-8fd5-d54c4e5000b2/clear'
15:52:54.353 [AsyncHttpClient-1-3] DEBUG org.asynchttpclient.netty.handler.HttpHandler - 

Request DefaultHttpRequest(decodeResult: success, version: HTTP/1.1)
POST /session/d5a8b2baf2db049a065601ae62f0c5c7/element/8000bf29-8d90-4067-8fd5-d54c4e5000b2/clear HTTP/1.1
User-Agent: selenium/4.1.2 (java windows)
Content-Length: 50
Content-Type: application/json; charset=utf-8
host: localhost:53227
accept: */*

Response DefaultHttpResponse(decodeResult: success, version: HTTP/1.1)
HTTP/1.1 200 OK
Content-Type: application/json; charset=utf-8
cache-control: no-cache
content-length: 14

15:52:54.354 [AsyncHttpClient-1-3] DEBUG org.asynchttpclient.netty.channel.ChannelManager - Adding key: http://localhost:53227 for channel [id: 0x1a8b619e, L:/127.0.0.1:56342 - R:localhost/127.0.0.1:53227]
15:52:54.357 [Forwarding sendKeysToElement on session d5a8b2baf2db049a065601ae62f0c5c7 to remote] DEBUG org.asynchttpclient.netty.request.NettyRequestSender - Using pooled Channel '[id: 0x1a8b619e, L:/127.0.0.1:56342 - R:localhost/127.0.0.1:53227]' for 'POST' to 'http://localhost:53227/session/d5a8b2baf2db049a065601ae62f0c5c7/element/8000bf29-8d90-4067-8fd5-d54c4e5000b2/value'
15:52:54.357 [Forwarding sendKeysToElement on session d5a8b2baf2db049a065601ae62f0c5c7 to remote] DEBUG org.asynchttpclient.netty.request.NettyRequestSender - Using open Channel [id: 0x1a8b619e, L:/127.0.0.1:56342 - R:localhost/127.0.0.1:53227] for POST '/session/d5a8b2baf2db049a065601ae62f0c5c7/element/8000bf29-8d90-4067-8fd5-d54c4e5000b2/value'
15:52:54.687 [AsyncHttpClient-1-3] DEBUG org.asynchttpclient.netty.handler.HttpHandler - 

Request DefaultHttpRequest(decodeResult: success, version: HTTP/1.1)
POST /session/d5a8b2baf2db049a065601ae62f0c5c7/element/8000bf29-8d90-4067-8fd5-d54c4e5000b2/value HTTP/1.1
User-Agent: selenium/4.1.2 (java windows)
Content-Length: 231
Content-Type: application/json; charset=utf-8
host: localhost:53227
accept: */*

Response DefaultHttpResponse(decodeResult: success, version: HTTP/1.1)
HTTP/1.1 200 OK
Content-Type: application/json; charset=utf-8
cache-control: no-cache
content-length: 14

15:52:54.687 [AsyncHttpClient-1-3] DEBUG org.asynchttpclient.netty.channel.ChannelManager - Adding key: http://localhost:53227 for channel [id: 0x1a8b619e, L:/127.0.0.1:56342 - R:localhost/127.0.0.1:53227]
15:52:54.704 [Forwarding screenshot on session d5a8b2baf2db049a065601ae62f0c5c7 to remote] DEBUG org.asynchttpclient.netty.request.NettyRequestSender - Using pooled Channel '[id: 0x1a8b619e, L:/127.0.0.1:56342 - R:localhost/127.0.0.1:53227]' for 'GET' to 'http://localhost:53227/session/d5a8b2baf2db049a065601ae62f0c5c7/screenshot'
15:52:54.704 [Forwarding screenshot on session d5a8b2baf2db049a065601ae62f0c5c7 to remote] DEBUG org.asynchttpclient.netty.request.NettyRequestSender - Using open Channel [id: 0x1a8b619e, L:/127.0.0.1:56342 - R:localhost/127.0.0.1:53227] for GET '/session/d5a8b2baf2db049a065601ae62f0c5c7/screenshot'
15:52:54.869 [AsyncHttpClient-1-1] DEBUG org.asynchttpclient.netty.channel.DefaultChannelPool - Entry count for : http://localhost:56344 : 1
15:52:54.937 [AsyncHttpClient-1-3] DEBUG org.asynchttpclient.netty.handler.HttpHandler - 

Request DefaultFullHttpRequest(decodeResult: success, version: HTTP/1.1, content: EmptyByteBufBE)
GET /session/d5a8b2baf2db049a065601ae62f0c5c7/screenshot HTTP/1.1
User-Agent: selenium/4.1.2 (java windows)
Cache-Control: no-cache
Content-Type: application/json; charset=utf-8
host: localhost:53227
accept: */*

Response DefaultHttpResponse(decodeResult: success, version: HTTP/1.1)
HTTP/1.1 200 OK
Content-Type: application/json; charset=utf-8
cache-control: no-cache
content-length: 32248

15:52:54.938 [AsyncHttpClient-1-3] DEBUG org.asynchttpclient.netty.channel.ChannelManager - Adding key: http://localhost:53227 for channel [id: 0x1a8b619e, L:/127.0.0.1:56342 - R:localhost/127.0.0.1:53227]
15:52:54.947 [main] DEBUG net.serenitybdd.core.photography.Darkroom - Send negative for processing for target\site\serenity\1f298c167cd015e9d99673fc32169175f7f3c147048fc49052575cfc2d7d9863.png
15:52:54.947 [main] DEBUG net.thucydides.core.steps.StepInterceptor - STEP DONE: inputPassword
15:52:54.948 [Darkroom Processing Line] DEBUG net.serenitybdd.core.photography.DarkroomProcessingLine - Processing screenshot image in /var/screenshots/screenshot-10093733532003394075
15:52:54.951 [Darkroom Processing Line] DEBUG net.serenitybdd.core.photography.DarkroomProcessingLine - Saving screenshot to target\site\serenity\1f298c167cd015e9d99673fc32169175f7f3c147048fc49052575cfc2d7d9863.png
15:52:54.965 [main] DEBUG net.thucydides.core.steps.StepInterceptor - STARTING STEP: ProductSteps.iAmOnProductPage - clickLoginButton
15:52:54.985 [Forwarding findElement on session d5a8b2baf2db049a065601ae62f0c5c7 to remote] DEBUG org.asynchttpclient.netty.request.NettyRequestSender - Using pooled Channel '[id: 0x1a8b619e, L:/127.0.0.1:56342 - R:localhost/127.0.0.1:53227]' for 'POST' to 'http://localhost:53227/session/d5a8b2baf2db049a065601ae62f0c5c7/element'
15:52:54.985 [Forwarding findElement on session d5a8b2baf2db049a065601ae62f0c5c7 to remote] DEBUG org.asynchttpclient.netty.request.NettyRequestSender - Using open Channel [id: 0x1a8b619e, L:/127.0.0.1:56342 - R:localhost/127.0.0.1:53227] for POST '/session/d5a8b2baf2db049a065601ae62f0c5c7/element'
15:52:55.034 [AsyncHttpClient-1-3] DEBUG org.asynchttpclient.netty.handler.HttpHandler - 

Request DefaultHttpRequest(decodeResult: success, version: HTTP/1.1)
POST /session/d5a8b2baf2db049a065601ae62f0c5c7/element HTTP/1.1
User-Agent: selenium/4.1.2 (java windows)
Content-Length: 136
Content-Type: application/json; charset=utf-8
host: localhost:53227
accept: */*

Response DefaultHttpResponse(decodeResult: success, version: HTTP/1.1)
HTTP/1.1 200 OK
Content-Type: application/json; charset=utf-8
cache-control: no-cache
content-length: 88

15:52:55.034 [AsyncHttpClient-1-3] DEBUG org.asynchttpclient.netty.channel.ChannelManager - Adding key: http://localhost:53227 for channel [id: 0x1a8b619e, L:/127.0.0.1:56342 - R:localhost/127.0.0.1:53227]
15:52:55.040 [Forwarding getElementTagName on session d5a8b2baf2db049a065601ae62f0c5c7 to remote] DEBUG org.asynchttpclient.netty.request.NettyRequestSender - Using pooled Channel '[id: 0x1a8b619e, L:/127.0.0.1:56342 - R:localhost/127.0.0.1:53227]' for 'GET' to 'http://localhost:53227/session/d5a8b2baf2db049a065601ae62f0c5c7/element/a1147b0e-561e-4274-942a-99d952733997/name'
15:52:55.040 [Forwarding getElementTagName on session d5a8b2baf2db049a065601ae62f0c5c7 to remote] DEBUG org.asynchttpclient.netty.request.NettyRequestSender - Using open Channel [id: 0x1a8b619e, L:/127.0.0.1:56342 - R:localhost/127.0.0.1:53227] for GET '/session/d5a8b2baf2db049a065601ae62f0c5c7/element/a1147b0e-561e-4274-942a-99d952733997/name'
15:52:55.050 [AsyncHttpClient-1-3] DEBUG org.asynchttpclient.netty.handler.HttpHandler - 

Request DefaultFullHttpRequest(decodeResult: success, version: HTTP/1.1, content: EmptyByteBufBE)
GET /session/d5a8b2baf2db049a065601ae62f0c5c7/element/a1147b0e-561e-4274-942a-99d952733997/name HTTP/1.1
User-Agent: selenium/4.1.2 (java windows)
Cache-Control: no-cache
Content-Type: application/json; charset=utf-8
host: localhost:53227
accept: */*

Response DefaultHttpResponse(decodeResult: success, version: HTTP/1.1)
HTTP/1.1 200 OK
Content-Type: application/json; charset=utf-8
cache-control: no-cache
content-length: 18

15:52:55.050 [AsyncHttpClient-1-3] DEBUG org.asynchttpclient.netty.channel.ChannelManager - Adding key: http://localhost:53227 for channel [id: 0x1a8b619e, L:/127.0.0.1:56342 - R:localhost/127.0.0.1:53227]
15:52:55.052 [Forwarding getElementTagName on session d5a8b2baf2db049a065601ae62f0c5c7 to remote] DEBUG org.asynchttpclient.netty.request.NettyRequestSender - Using pooled Channel '[id: 0x1a8b619e, L:/127.0.0.1:56342 - R:localhost/127.0.0.1:53227]' for 'GET' to 'http://localhost:53227/session/d5a8b2baf2db049a065601ae62f0c5c7/element/a1147b0e-561e-4274-942a-99d952733997/name'
15:52:55.052 [Forwarding getElementTagName on session d5a8b2baf2db049a065601ae62f0c5c7 to remote] DEBUG org.asynchttpclient.netty.request.NettyRequestSender - Using open Channel [id: 0x1a8b619e, L:/127.0.0.1:56342 - R:localhost/127.0.0.1:53227] for GET '/session/d5a8b2baf2db049a065601ae62f0c5c7/element/a1147b0e-561e-4274-942a-99d952733997/name'
15:52:55.060 [AsyncHttpClient-1-3] DEBUG org.asynchttpclient.netty.handler.HttpHandler - 

Request DefaultFullHttpRequest(decodeResult: success, version: HTTP/1.1, content: EmptyByteBufBE)
GET /session/d5a8b2baf2db049a065601ae62f0c5c7/element/a1147b0e-561e-4274-942a-99d952733997/name HTTP/1.1
User-Agent: selenium/4.1.2 (java windows)
Cache-Control: no-cache
Content-Type: application/json; charset=utf-8
host: localhost:53227
accept: */*

Response DefaultHttpResponse(decodeResult: success, version: HTTP/1.1)
HTTP/1.1 200 OK
Content-Type: application/json; charset=utf-8
cache-control: no-cache
content-length: 18

15:52:55.061 [AsyncHttpClient-1-3] DEBUG org.asynchttpclient.netty.channel.ChannelManager - Adding key: http://localhost:53227 for channel [id: 0x1a8b619e, L:/127.0.0.1:56342 - R:localhost/127.0.0.1:53227]
15:52:55.065 [Forwarding isElementEnabled on session d5a8b2baf2db049a065601ae62f0c5c7 to remote] DEBUG org.asynchttpclient.netty.request.NettyRequestSender - Using pooled Channel '[id: 0x1a8b619e, L:/127.0.0.1:56342 - R:localhost/127.0.0.1:53227]' for 'GET' to 'http://localhost:53227/session/d5a8b2baf2db049a065601ae62f0c5c7/element/a1147b0e-561e-4274-942a-99d952733997/enabled'
15:52:55.065 [Forwarding isElementEnabled on session d5a8b2baf2db049a065601ae62f0c5c7 to remote] DEBUG org.asynchttpclient.netty.request.NettyRequestSender - Using open Channel [id: 0x1a8b619e, L:/127.0.0.1:56342 - R:localhost/127.0.0.1:53227] for GET '/session/d5a8b2baf2db049a065601ae62f0c5c7/element/a1147b0e-561e-4274-942a-99d952733997/enabled'
15:52:55.081 [AsyncHttpClient-1-3] DEBUG org.asynchttpclient.netty.handler.HttpHandler - 

Request DefaultFullHttpRequest(decodeResult: success, version: HTTP/1.1, content: EmptyByteBufBE)
GET /session/d5a8b2baf2db049a065601ae62f0c5c7/element/a1147b0e-561e-4274-942a-99d952733997/enabled HTTP/1.1
User-Agent: selenium/4.1.2 (java windows)
Cache-Control: no-cache
Content-Type: application/json; charset=utf-8
host: localhost:53227
accept: */*

Response DefaultHttpResponse(decodeResult: success, version: HTTP/1.1)
HTTP/1.1 200 OK
Content-Type: application/json; charset=utf-8
cache-control: no-cache
content-length: 14

15:52:55.082 [AsyncHttpClient-1-3] DEBUG org.asynchttpclient.netty.channel.ChannelManager - Adding key: http://localhost:53227 for channel [id: 0x1a8b619e, L:/127.0.0.1:56342 - R:localhost/127.0.0.1:53227]
15:52:55.084 [Forwarding isElementEnabled on session d5a8b2baf2db049a065601ae62f0c5c7 to remote] DEBUG org.asynchttpclient.netty.request.NettyRequestSender - Using pooled Channel '[id: 0x1a8b619e, L:/127.0.0.1:56342 - R:localhost/127.0.0.1:53227]' for 'GET' to 'http://localhost:53227/session/d5a8b2baf2db049a065601ae62f0c5c7/element/a1147b0e-561e-4274-942a-99d952733997/enabled'
15:52:55.084 [Forwarding isElementEnabled on session d5a8b2baf2db049a065601ae62f0c5c7 to remote] DEBUG org.asynchttpclient.netty.request.NettyRequestSender - Using open Channel [id: 0x1a8b619e, L:/127.0.0.1:56342 - R:localhost/127.0.0.1:53227] for GET '/session/d5a8b2baf2db049a065601ae62f0c5c7/element/a1147b0e-561e-4274-942a-99d952733997/enabled'
15:52:55.097 [AsyncHttpClient-1-3] DEBUG org.asynchttpclient.netty.handler.HttpHandler - 

Request DefaultFullHttpRequest(decodeResult: success, version: HTTP/1.1, content: EmptyByteBufBE)
GET /session/d5a8b2baf2db049a065601ae62f0c5c7/element/a1147b0e-561e-4274-942a-99d952733997/enabled HTTP/1.1
User-Agent: selenium/4.1.2 (java windows)
Cache-Control: no-cache
Content-Type: application/json; charset=utf-8
host: localhost:53227
accept: */*

Response DefaultHttpResponse(decodeResult: success, version: HTTP/1.1)
HTTP/1.1 200 OK
Content-Type: application/json; charset=utf-8
cache-control: no-cache
content-length: 14

15:52:55.097 [AsyncHttpClient-1-3] DEBUG org.asynchttpclient.netty.channel.ChannelManager - Adding key: http://localhost:53227 for channel [id: 0x1a8b619e, L:/127.0.0.1:56342 - R:localhost/127.0.0.1:53227]
15:52:55.100 [Forwarding findElement on session d5a8b2baf2db049a065601ae62f0c5c7 to remote] DEBUG org.asynchttpclient.netty.request.NettyRequestSender - Using pooled Channel '[id: 0x1a8b619e, L:/127.0.0.1:56342 - R:localhost/127.0.0.1:53227]' for 'POST' to 'http://localhost:53227/session/d5a8b2baf2db049a065601ae62f0c5c7/element'
15:52:55.101 [Forwarding findElement on session d5a8b2baf2db049a065601ae62f0c5c7 to remote] DEBUG org.asynchttpclient.netty.request.NettyRequestSender - Using open Channel [id: 0x1a8b619e, L:/127.0.0.1:56342 - R:localhost/127.0.0.1:53227] for POST '/session/d5a8b2baf2db049a065601ae62f0c5c7/element'
15:52:55.113 [AsyncHttpClient-1-3] DEBUG org.asynchttpclient.netty.handler.HttpHandler - 

Request DefaultHttpRequest(decodeResult: success, version: HTTP/1.1)
POST /session/d5a8b2baf2db049a065601ae62f0c5c7/element HTTP/1.1
User-Agent: selenium/4.1.2 (java windows)
Content-Length: 136
Content-Type: application/json; charset=utf-8
host: localhost:53227
accept: */*

Response DefaultHttpResponse(decodeResult: success, version: HTTP/1.1)
HTTP/1.1 200 OK
Content-Type: application/json; charset=utf-8
cache-control: no-cache
content-length: 88

15:52:55.113 [AsyncHttpClient-1-3] DEBUG org.asynchttpclient.netty.channel.ChannelManager - Adding key: http://localhost:53227 for channel [id: 0x1a8b619e, L:/127.0.0.1:56342 - R:localhost/127.0.0.1:53227]
15:52:55.115 [Forwarding clickElement on session d5a8b2baf2db049a065601ae62f0c5c7 to remote] DEBUG org.asynchttpclient.netty.request.NettyRequestSender - Using pooled Channel '[id: 0x1a8b619e, L:/127.0.0.1:56342 - R:localhost/127.0.0.1:53227]' for 'POST' to 'http://localhost:53227/session/d5a8b2baf2db049a065601ae62f0c5c7/element/a1147b0e-561e-4274-942a-99d952733997/click'
15:52:55.115 [Forwarding clickElement on session d5a8b2baf2db049a065601ae62f0c5c7 to remote] DEBUG org.asynchttpclient.netty.request.NettyRequestSender - Using open Channel [id: 0x1a8b619e, L:/127.0.0.1:56342 - R:localhost/127.0.0.1:53227] for POST '/session/d5a8b2baf2db049a065601ae62f0c5c7/element/a1147b0e-561e-4274-942a-99d952733997/click'
15:52:55.301 [AsyncHttpClient-1-3] DEBUG org.asynchttpclient.netty.handler.HttpHandler - 

Request DefaultHttpRequest(decodeResult: success, version: HTTP/1.1)
POST /session/d5a8b2baf2db049a065601ae62f0c5c7/element/a1147b0e-561e-4274-942a-99d952733997/click HTTP/1.1
User-Agent: selenium/4.1.2 (java windows)
Content-Length: 50
Content-Type: application/json; charset=utf-8
host: localhost:53227
accept: */*

Response DefaultHttpResponse(decodeResult: success, version: HTTP/1.1)
HTTP/1.1 200 OK
Content-Type: application/json; charset=utf-8
cache-control: no-cache
content-length: 14

15:52:55.301 [AsyncHttpClient-1-3] DEBUG org.asynchttpclient.netty.channel.ChannelManager - Adding key: http://localhost:53227 for channel [id: 0x1a8b619e, L:/127.0.0.1:56342 - R:localhost/127.0.0.1:53227]
15:52:55.332 [Forwarding screenshot on session d5a8b2baf2db049a065601ae62f0c5c7 to remote] DEBUG org.asynchttpclient.netty.request.NettyRequestSender - Using pooled Channel '[id: 0x1a8b619e, L:/127.0.0.1:56342 - R:localhost/127.0.0.1:53227]' for 'GET' to 'http://localhost:53227/session/d5a8b2baf2db049a065601ae62f0c5c7/screenshot'
15:52:55.333 [Forwarding screenshot on session d5a8b2baf2db049a065601ae62f0c5c7 to remote] DEBUG org.asynchttpclient.netty.request.NettyRequestSender - Using open Channel [id: 0x1a8b619e, L:/127.0.0.1:56342 - R:localhost/127.0.0.1:53227] for GET '/session/d5a8b2baf2db049a065601ae62f0c5c7/screenshot'
15:52:56.112 [AsyncHttpClient-1-1] DEBUG org.asynchttpclient.netty.channel.DefaultChannelPool - Entry count for : http://localhost:56344 : 1
15:52:56.155 [AsyncHttpClient-1-3] DEBUG org.asynchttpclient.netty.handler.HttpHandler - 

Request DefaultFullHttpRequest(decodeResult: success, version: HTTP/1.1, content: EmptyByteBufBE)
GET /session/d5a8b2baf2db049a065601ae62f0c5c7/screenshot HTTP/1.1
User-Agent: selenium/4.1.2 (java windows)
Cache-Control: no-cache
Content-Type: application/json; charset=utf-8
host: localhost:53227
accept: */*

Response DefaultHttpResponse(decodeResult: success, version: HTTP/1.1)
HTTP/1.1 200 OK
Content-Type: application/json; charset=utf-8
cache-control: no-cache
content-length: 31532

15:52:56.156 [AsyncHttpClient-1-3] DEBUG org.asynchttpclient.netty.channel.ChannelManager - Adding key: http://localhost:53227 for channel [id: 0x1a8b619e, L:/127.0.0.1:56342 - R:localhost/127.0.0.1:53227]
15:52:56.161 [main] DEBUG net.serenitybdd.core.photography.Darkroom - Send negative for processing for target\site\serenity\70ffe0e9198d40e1d6a1b0e97982036485d3ad438d9a9c6b0941a34f4c62aa13.png
15:52:56.162 [main] DEBUG net.thucydides.core.steps.StepInterceptor - STEP DONE: clickLoginButton
  &amp#27;[32mGiven &amp#27;[0m&amp#27;[32mI am on product page&amp#27;[0m                             &amp#27;[90m# starter.stepdefinitions.ProductSteps.iAmOnProductPage()&amp#27;[0m
15:52:56.164 [Darkroom Processing Line] DEBUG net.serenitybdd.core.photography.DarkroomProcessingLine - Processing screenshot image in /var/screenshots/screenshot-7886019100903477933
15:52:56.164 [Darkroom Processing Line] DEBUG net.serenitybdd.core.photography.DarkroomProcessingLine - Saving screenshot to target\site\serenity\70ffe0e9198d40e1d6a1b0e97982036485d3ad438d9a9c6b0941a34f4c62aa13.png
15:52:56.398 [Forwarding screenshot on session d5a8b2baf2db049a065601ae62f0c5c7 to remote] DEBUG org.asynchttpclient.netty.request.NettyRequestSender - Using pooled Channel '[id: 0x1a8b619e, L:/127.0.0.1:56342 - R:localhost/127.0.0.1:53227]' for 'GET' to 'http://localhost:53227/session/d5a8b2baf2db049a065601ae62f0c5c7/screenshot'
15:52:56.399 [Forwarding screenshot on session d5a8b2baf2db049a065601ae62f0c5c7 to remote] DEBUG org.asynchttpclient.netty.request.NettyRequestSender - Using open Channel [id: 0x1a8b619e, L:/127.0.0.1:56342 - R:localhost/127.0.0.1:53227] for GET '/session/d5a8b2baf2db049a065601ae62f0c5c7/screenshot'
15:52:57.072 [AsyncHttpClient-1-3] DEBUG org.asynchttpclient.netty.handler.HttpHandler - 

Request DefaultFullHttpRequest(decodeResult: success, version: HTTP/1.1, content: EmptyByteBufBE)
GET /session/d5a8b2baf2db049a065601ae62f0c5c7/screenshot HTTP/1.1
User-Agent: selenium/4.1.2 (java windows)
Cache-Control: no-cache
Content-Type: application/json; charset=utf-8
host: localhost:53227
accept: */*

Response DefaultHttpResponse(decodeResult: success, version: HTTP/1.1)
HTTP/1.1 200 OK
Content-Type: application/json; charset=utf-8
cache-control: no-cache
content-length: 31548

15:52:57.072 [AsyncHttpClient-1-3] DEBUG org.asynchttpclient.netty.channel.ChannelManager - Adding key: http://localhost:53227 for channel [id: 0x1a8b619e, L:/127.0.0.1:56342 - R:localhost/127.0.0.1:53227]
15:52:57.087 [main] DEBUG net.serenitybdd.core.photography.Darkroom - Send negative for processing for target\site\serenity\23072f2d10962eda6d2a194e98dccf86d7a4d1d558accef2377ccc692c09117b.png
15:52:57.088 [main] DEBUG net.thucydides.core.steps.StepInterceptor - STARTING STEP: OrderSteps.iClickBuySecondProductButton - clickSecondPRoduct
15:52:57.104 [Forwarding findElement on session d5a8b2baf2db049a065601ae62f0c5c7 to remote] DEBUG org.asynchttpclient.netty.request.NettyRequestSender - Using pooled Channel '[id: 0x1a8b619e, L:/127.0.0.1:56342 - R:localhost/127.0.0.1:53227]' for 'POST' to 'http://localhost:53227/session/d5a8b2baf2db049a065601ae62f0c5c7/element'
15:52:57.104 [Forwarding findElement on session d5a8b2baf2db049a065601ae62f0c5c7 to remote] DEBUG org.asynchttpclient.netty.request.NettyRequestSender - Using open Channel [id: 0x1a8b619e, L:/127.0.0.1:56342 - R:localhost/127.0.0.1:53227] for POST '/session/d5a8b2baf2db049a065601ae62f0c5c7/element'
15:52:57.106 [Darkroom Processing Line] DEBUG net.serenitybdd.core.photography.DarkroomProcessingLine - Processing screenshot image in /var/screenshots/screenshot-5978541573087385888
15:52:57.106 [Darkroom Processing Line] DEBUG net.serenitybdd.core.photography.DarkroomProcessingLine - Saving screenshot to target\site\serenity\23072f2d10962eda6d2a194e98dccf86d7a4d1d558accef2377ccc692c09117b.png
15:52:57.271 [AsyncHttpClient-1-1] DEBUG org.asynchttpclient.netty.channel.DefaultChannelPool - Entry count for : http://localhost:56344 : 1
15:52:58.435 [AsyncHttpClient-1-1] DEBUG org.asynchttpclient.netty.channel.DefaultChannelPool - Entry count for : http://localhost:56344 : 1
15:52:59.468 [AsyncHttpClient-1-1] DEBUG org.asynchttpclient.netty.channel.DefaultChannelPool - Entry count for : http://localhost:56344 : 1
15:53:00.569 [AsyncHttpClient-1-1] DEBUG org.asynchttpclient.netty.channel.DefaultChannelPool - Entry count for : http://localhost:56344 : 1
15:53:01.663 [AsyncHttpClient-1-1] DEBUG org.asynchttpclient.netty.channel.DefaultChannelPool - Entry count for : http://localhost:56344 : 1
15:53:02.763 [AsyncHttpClient-1-1] DEBUG org.asynchttpclient.netty.channel.DefaultChannelPool - Entry count for : http://localhost:56344 : 1
15:53:03.860 [AsyncHttpClient-1-1] DEBUG org.asynchttpclient.netty.channel.DefaultChannelPool - Entry count for : http://localhost:56344 : 1
15:53:04.965 [AsyncHttpClient-1-1] DEBUG org.asynchttpclient.netty.channel.DefaultChannelPool - Entry count for : http://localhost:56344 : 1
15:53:06.076 [AsyncHttpClient-1-1] DEBUG org.asynchttpclient.netty.channel.DefaultChannelPool - Entry count for : http://localhost:56344 : 1
15:53:07.175 [AsyncHttpClient-1-1] DEBUG org.asynchttpclient.netty.channel.DefaultChannelPool - Entry count for : http://localhost:56344 : 1
15:53:08.461 [AsyncHttpClient-1-1] DEBUG org.asynchttpclient.netty.channel.DefaultChannelPool - Entry count for : http://localhost:56344 : 1
15:53:08.966 [AsyncHttpClient-1-3] DEBUG org.asynchttpclient.netty.handler.HttpHandler - 

Request DefaultHttpRequest(decodeResult: success, version: HTTP/1.1)
POST /session/d5a8b2baf2db049a065601ae62f0c5c7/element HTTP/1.1
User-Agent: selenium/4.1.2 (java windows)
Content-Length: 122
Content-Type: application/json; charset=utf-8
host: localhost:53227
accept: */*

Response DefaultHttpResponse(decodeResult: success, version: HTTP/1.1)
HTTP/1.1 200 OK
Content-Type: application/json; charset=utf-8
cache-control: no-cache
content-length: 88

15:53:08.966 [AsyncHttpClient-1-3] DEBUG org.asynchttpclient.netty.channel.ChannelManager - Adding key: http://localhost:53227 for channel [id: 0x1a8b619e, L:/127.0.0.1:56342 - R:localhost/127.0.0.1:53227]
15:53:08.968 [Forwarding getElementTagName on session d5a8b2baf2db049a065601ae62f0c5c7 to remote] DEBUG org.asynchttpclient.netty.request.NettyRequestSender - Using pooled Channel '[id: 0x1a8b619e, L:/127.0.0.1:56342 - R:localhost/127.0.0.1:53227]' for 'GET' to 'http://localhost:53227/session/d5a8b2baf2db049a065601ae62f0c5c7/element/a3c1d8f1-1d02-43df-ab94-6494fc6a9370/name'
15:53:08.968 [Forwarding getElementTagName on session d5a8b2baf2db049a065601ae62f0c5c7 to remote] DEBUG org.asynchttpclient.netty.request.NettyRequestSender - Using open Channel [id: 0x1a8b619e, L:/127.0.0.1:56342 - R:localhost/127.0.0.1:53227] for GET '/session/d5a8b2baf2db049a065601ae62f0c5c7/element/a3c1d8f1-1d02-43df-ab94-6494fc6a9370/name'
15:53:08.976 [AsyncHttpClient-1-3] DEBUG org.asynchttpclient.netty.handler.HttpHandler - 

Request DefaultFullHttpRequest(decodeResult: success, version: HTTP/1.1, content: EmptyByteBufBE)
GET /session/d5a8b2baf2db049a065601ae62f0c5c7/element/a3c1d8f1-1d02-43df-ab94-6494fc6a9370/name HTTP/1.1
User-Agent: selenium/4.1.2 (java windows)
Cache-Control: no-cache
Content-Type: application/json; charset=utf-8
host: localhost:53227
accept: */*

Response DefaultHttpResponse(decodeResult: success, version: HTTP/1.1)
HTTP/1.1 200 OK
Content-Type: application/json; charset=utf-8
cache-control: no-cache
content-length: 16

15:53:08.977 [AsyncHttpClient-1-3] DEBUG org.asynchttpclient.netty.channel.ChannelManager - Adding key: http://localhost:53227 for channel [id: 0x1a8b619e, L:/127.0.0.1:56342 - R:localhost/127.0.0.1:53227]
15:53:08.979 [Forwarding getElementTagName on session d5a8b2baf2db049a065601ae62f0c5c7 to remote] DEBUG org.asynchttpclient.netty.request.NettyRequestSender - Using pooled Channel '[id: 0x1a8b619e, L:/127.0.0.1:56342 - R:localhost/127.0.0.1:53227]' for 'GET' to 'http://localhost:53227/session/d5a8b2baf2db049a065601ae62f0c5c7/element/a3c1d8f1-1d02-43df-ab94-6494fc6a9370/name'
15:53:08.979 [Forwarding getElementTagName on session d5a8b2baf2db049a065601ae62f0c5c7 to remote] DEBUG org.asynchttpclient.netty.request.NettyRequestSender - Using open Channel [id: 0x1a8b619e, L:/127.0.0.1:56342 - R:localhost/127.0.0.1:53227] for GET '/session/d5a8b2baf2db049a065601ae62f0c5c7/element/a3c1d8f1-1d02-43df-ab94-6494fc6a9370/name'
15:53:08.986 [AsyncHttpClient-1-3] DEBUG org.asynchttpclient.netty.handler.HttpHandler - 

Request DefaultFullHttpRequest(decodeResult: success, version: HTTP/1.1, content: EmptyByteBufBE)
GET /session/d5a8b2baf2db049a065601ae62f0c5c7/element/a3c1d8f1-1d02-43df-ab94-6494fc6a9370/name HTTP/1.1
User-Agent: selenium/4.1.2 (java windows)
Cache-Control: no-cache
Content-Type: application/json; charset=utf-8
host: localhost:53227
accept: */*

Response DefaultHttpResponse(decodeResult: success, version: HTTP/1.1)
HTTP/1.1 200 OK
Content-Type: application/json; charset=utf-8
cache-control: no-cache
content-length: 16

15:53:08.987 [AsyncHttpClient-1-3] DEBUG org.asynchttpclient.netty.channel.ChannelManager - Adding key: http://localhost:53227 for channel [id: 0x1a8b619e, L:/127.0.0.1:56342 - R:localhost/127.0.0.1:53227]
15:53:08.990 [Forwarding findElement on session d5a8b2baf2db049a065601ae62f0c5c7 to remote] DEBUG org.asynchttpclient.netty.request.NettyRequestSender - Using pooled Channel '[id: 0x1a8b619e, L:/127.0.0.1:56342 - R:localhost/127.0.0.1:53227]' for 'POST' to 'http://localhost:53227/session/d5a8b2baf2db049a065601ae62f0c5c7/element'
15:53:08.990 [Forwarding findElement on session d5a8b2baf2db049a065601ae62f0c5c7 to remote] DEBUG org.asynchttpclient.netty.request.NettyRequestSender - Using open Channel [id: 0x1a8b619e, L:/127.0.0.1:56342 - R:localhost/127.0.0.1:53227] for POST '/session/d5a8b2baf2db049a065601ae62f0c5c7/element'
15:53:09.017 [AsyncHttpClient-1-3] DEBUG org.asynchttpclient.netty.handler.HttpHandler - 

Request DefaultHttpRequest(decodeResult: success, version: HTTP/1.1)
POST /session/d5a8b2baf2db049a065601ae62f0c5c7/element HTTP/1.1
User-Agent: selenium/4.1.2 (java windows)
Content-Length: 122
Content-Type: application/json; charset=utf-8
host: localhost:53227
accept: */*

Response DefaultHttpResponse(decodeResult: success, version: HTTP/1.1)
HTTP/1.1 200 OK
Content-Type: application/json; charset=utf-8
cache-control: no-cache
content-length: 88

15:53:09.018 [AsyncHttpClient-1-3] DEBUG org.asynchttpclient.netty.channel.ChannelManager - Adding key: http://localhost:53227 for channel [id: 0x1a8b619e, L:/127.0.0.1:56342 - R:localhost/127.0.0.1:53227]
15:53:09.020 [Forwarding clickElement on session d5a8b2baf2db049a065601ae62f0c5c7 to remote] DEBUG org.asynchttpclient.netty.request.NettyRequestSender - Using pooled Channel '[id: 0x1a8b619e, L:/127.0.0.1:56342 - R:localhost/127.0.0.1:53227]' for 'POST' to 'http://localhost:53227/session/d5a8b2baf2db049a065601ae62f0c5c7/element/a3c1d8f1-1d02-43df-ab94-6494fc6a9370/click'
15:53:09.020 [Forwarding clickElement on session d5a8b2baf2db049a065601ae62f0c5c7 to remote] DEBUG org.asynchttpclient.netty.request.NettyRequestSender - Using open Channel [id: 0x1a8b619e, L:/127.0.0.1:56342 - R:localhost/127.0.0.1:53227] for POST '/session/d5a8b2baf2db049a065601ae62f0c5c7/element/a3c1d8f1-1d02-43df-ab94-6494fc6a9370/click'
15:53:09.176 [AsyncHttpClient-1-3] DEBUG org.asynchttpclient.netty.handler.HttpHandler - 

Request DefaultHttpRequest(decodeResult: success, version: HTTP/1.1)
POST /session/d5a8b2baf2db049a065601ae62f0c5c7/element/a3c1d8f1-1d02-43df-ab94-6494fc6a9370/click HTTP/1.1
User-Agent: selenium/4.1.2 (java windows)
Content-Length: 50
Content-Type: application/json; charset=utf-8
host: localhost:53227
accept: */*

Response DefaultHttpResponse(decodeResult: success, version: HTTP/1.1)
HTTP/1.1 200 OK
Content-Type: application/json; charset=utf-8
cache-control: no-cache
content-length: 14

15:53:09.176 [AsyncHttpClient-1-3] DEBUG org.asynchttpclient.netty.channel.ChannelManager - Adding key: http://localhost:53227 for channel [id: 0x1a8b619e, L:/127.0.0.1:56342 - R:localhost/127.0.0.1:53227]
15:53:09.194 [Forwarding screenshot on session d5a8b2baf2db049a065601ae62f0c5c7 to remote] DEBUG org.asynchttpclient.netty.request.NettyRequestSender - Using pooled Channel '[id: 0x1a8b619e, L:/127.0.0.1:56342 - R:localhost/127.0.0.1:53227]' for 'GET' to 'http://localhost:53227/session/d5a8b2baf2db049a065601ae62f0c5c7/screenshot'
15:53:09.204 [Forwarding screenshot on session d5a8b2baf2db049a065601ae62f0c5c7 to remote] DEBUG org.asynchttpclient.netty.request.NettyRequestSender - Using open Channel [id: 0x1a8b619e, L:/127.0.0.1:56342 - R:localhost/127.0.0.1:53227] for GET '/session/d5a8b2baf2db049a065601ae62f0c5c7/screenshot'
15:53:09.501 [AsyncHttpClient-1-3] DEBUG org.asynchttpclient.netty.handler.HttpHandler - 

Request DefaultFullHttpRequest(decodeResult: success, version: HTTP/1.1, content: EmptyByteBufBE)
GET /session/d5a8b2baf2db049a065601ae62f0c5c7/screenshot HTTP/1.1
User-Agent: selenium/4.1.2 (java windows)
Cache-Control: no-cache
Content-Type: application/json; charset=utf-8
host: localhost:53227
accept: */*

Response DefaultHttpResponse(decodeResult: success, version: HTTP/1.1)
HTTP/1.1 200 OK
Content-Type: application/json; charset=utf-8
cache-control: no-cache
content-length: 91692

15:53:09.502 [AsyncHttpClient-1-3] DEBUG org.asynchttpclient.netty.channel.ChannelManager - Adding key: http://localhost:53227 for channel [id: 0x1a8b619e, L:/127.0.0.1:56342 - R:localhost/127.0.0.1:53227]
15:53:09.507 [main] DEBUG net.serenitybdd.core.photography.Darkroom - Send negative for processing for target\site\serenity\ef77da8695bf3b96522872fbb49a1b1943eed3beac6ebb39c8948e59619b6201.png
15:53:09.507 [main] DEBUG net.thucydides.core.steps.StepInterceptor - STEP DONE: clickSecondPRoduct
  &amp#27;[32mWhen &amp#27;[0m&amp#27;[32mI click buy second product button on product page&amp#27;[0m &amp#27;[90m# starter.stepdefinitions.OrderSteps.iClickBuySecondProductButton()&amp#27;[0m
15:53:09.508 [Darkroom Processing Line] DEBUG net.serenitybdd.core.photography.DarkroomProcessingLine - Processing screenshot image in /var/screenshots/screenshot-436356990573324129
15:53:09.508 [Darkroom Processing Line] DEBUG net.serenitybdd.core.photography.DarkroomProcessingLine - Saving screenshot to target\site\serenity\ef77da8695bf3b96522872fbb49a1b1943eed3beac6ebb39c8948e59619b6201.png
15:53:09.543 [main] DEBUG net.thucydides.core.steps.StepInterceptor - STARTING STEP: OrderSteps.iClickShoppingCartButton - clickShoppingCart
15:53:09.553 [Forwarding findElement on session d5a8b2baf2db049a065601ae62f0c5c7 to remote] DEBUG org.asynchttpclient.netty.request.NettyRequestSender - Using pooled Channel '[id: 0x1a8b619e, L:/127.0.0.1:56342 - R:localhost/127.0.0.1:53227]' for 'POST' to 'http://localhost:53227/session/d5a8b2baf2db049a065601ae62f0c5c7/element'
15:53:09.554 [Forwarding findElement on session d5a8b2baf2db049a065601ae62f0c5c7 to remote] DEBUG org.asynchttpclient.netty.request.NettyRequestSender - Using open Channel [id: 0x1a8b619e, L:/127.0.0.1:56342 - R:localhost/127.0.0.1:53227] for POST '/session/d5a8b2baf2db049a065601ae62f0c5c7/element'
15:53:09.559 [AsyncHttpClient-1-1] DEBUG org.asynchttpclient.netty.channel.DefaultChannelPool - Entry count for : http://localhost:56344 : 1
15:53:09.648 [AsyncHttpClient-1-3] DEBUG org.asynchttpclient.netty.handler.HttpHandler - 

Request DefaultHttpRequest(decodeResult: success, version: HTTP/1.1)
POST /session/d5a8b2baf2db049a065601ae62f0c5c7/element HTTP/1.1
User-Agent: selenium/4.1.2 (java windows)
Content-Length: 213
Content-Type: application/json; charset=utf-8
host: localhost:53227
accept: */*

Response DefaultHttpResponse(decodeResult: success, version: HTTP/1.1)
HTTP/1.1 200 OK
Content-Type: application/json; charset=utf-8
cache-control: no-cache
content-length: 88

15:53:09.648 [AsyncHttpClient-1-3] DEBUG org.asynchttpclient.netty.channel.ChannelManager - Adding key: http://localhost:53227 for channel [id: 0x1a8b619e, L:/127.0.0.1:56342 - R:localhost/127.0.0.1:53227]
15:53:09.651 [Forwarding getElementTagName on session d5a8b2baf2db049a065601ae62f0c5c7 to remote] DEBUG org.asynchttpclient.netty.request.NettyRequestSender - Using pooled Channel '[id: 0x1a8b619e, L:/127.0.0.1:56342 - R:localhost/127.0.0.1:53227]' for 'GET' to 'http://localhost:53227/session/d5a8b2baf2db049a065601ae62f0c5c7/element/1f5a3847-fe25-4399-990c-ea0b191ee617/name'
15:53:09.651 [Forwarding getElementTagName on session d5a8b2baf2db049a065601ae62f0c5c7 to remote] DEBUG org.asynchttpclient.netty.request.NettyRequestSender - Using open Channel [id: 0x1a8b619e, L:/127.0.0.1:56342 - R:localhost/127.0.0.1:53227] for GET '/session/d5a8b2baf2db049a065601ae62f0c5c7/element/1f5a3847-fe25-4399-990c-ea0b191ee617/name'
15:53:09.665 [AsyncHttpClient-1-3] DEBUG org.asynchttpclient.netty.handler.HttpHandler - 

Request DefaultFullHttpRequest(decodeResult: success, version: HTTP/1.1, content: EmptyByteBufBE)
GET /session/d5a8b2baf2db049a065601ae62f0c5c7/element/1f5a3847-fe25-4399-990c-ea0b191ee617/name HTTP/1.1
User-Agent: selenium/4.1.2 (java windows)
Cache-Control: no-cache
Content-Type: application/json; charset=utf-8
host: localhost:53227
accept: */*

Response DefaultHttpResponse(decodeResult: success, version: HTTP/1.1)
HTTP/1.1 200 OK
Content-Type: application/json; charset=utf-8
cache-control: no-cache
content-length: 16

15:53:09.665 [AsyncHttpClient-1-3] DEBUG org.asynchttpclient.netty.channel.ChannelManager - Adding key: http://localhost:53227 for channel [id: 0x1a8b619e, L:/127.0.0.1:56342 - R:localhost/127.0.0.1:53227]
15:53:09.668 [Forwarding getElementTagName on session d5a8b2baf2db049a065601ae62f0c5c7 to remote] DEBUG org.asynchttpclient.netty.request.NettyRequestSender - Using pooled Channel '[id: 0x1a8b619e, L:/127.0.0.1:56342 - R:localhost/127.0.0.1:53227]' for 'GET' to 'http://localhost:53227/session/d5a8b2baf2db049a065601ae62f0c5c7/element/1f5a3847-fe25-4399-990c-ea0b191ee617/name'
15:53:09.668 [Forwarding getElementTagName on session d5a8b2baf2db049a065601ae62f0c5c7 to remote] DEBUG org.asynchttpclient.netty.request.NettyRequestSender - Using open Channel [id: 0x1a8b619e, L:/127.0.0.1:56342 - R:localhost/127.0.0.1:53227] for GET '/session/d5a8b2baf2db049a065601ae62f0c5c7/element/1f5a3847-fe25-4399-990c-ea0b191ee617/name'
15:53:09.703 [AsyncHttpClient-1-3] DEBUG org.asynchttpclient.netty.handler.HttpHandler - 

Request DefaultFullHttpRequest(decodeResult: success, version: HTTP/1.1, content: EmptyByteBufBE)
GET /session/d5a8b2baf2db049a065601ae62f0c5c7/element/1f5a3847-fe25-4399-990c-ea0b191ee617/name HTTP/1.1
User-Agent: selenium/4.1.2 (java windows)
Cache-Control: no-cache
Content-Type: application/json; charset=utf-8
host: localhost:53227
accept: */*

Response DefaultHttpResponse(decodeResult: success, version: HTTP/1.1)
HTTP/1.1 200 OK
Content-Type: application/json; charset=utf-8
cache-control: no-cache
content-length: 16

15:53:09.703 [AsyncHttpClient-1-3] DEBUG org.asynchttpclient.netty.channel.ChannelManager - Adding key: http://localhost:53227 for channel [id: 0x1a8b619e, L:/127.0.0.1:56342 - R:localhost/127.0.0.1:53227]
15:53:09.707 [Forwarding findElement on session d5a8b2baf2db049a065601ae62f0c5c7 to remote] DEBUG org.asynchttpclient.netty.request.NettyRequestSender - Using pooled Channel '[id: 0x1a8b619e, L:/127.0.0.1:56342 - R:localhost/127.0.0.1:53227]' for 'POST' to 'http://localhost:53227/session/d5a8b2baf2db049a065601ae62f0c5c7/element'
15:53:09.707 [Forwarding findElement on session d5a8b2baf2db049a065601ae62f0c5c7 to remote] DEBUG org.asynchttpclient.netty.request.NettyRequestSender - Using open Channel [id: 0x1a8b619e, L:/127.0.0.1:56342 - R:localhost/127.0.0.1:53227] for POST '/session/d5a8b2baf2db049a065601ae62f0c5c7/element'
15:53:09.737 [AsyncHttpClient-1-3] DEBUG org.asynchttpclient.netty.handler.HttpHandler - 

Request DefaultHttpRequest(decodeResult: success, version: HTTP/1.1)
POST /session/d5a8b2baf2db049a065601ae62f0c5c7/element HTTP/1.1
User-Agent: selenium/4.1.2 (java windows)
Content-Length: 213
Content-Type: application/json; charset=utf-8
host: localhost:53227
accept: */*

Response DefaultHttpResponse(decodeResult: success, version: HTTP/1.1)
HTTP/1.1 200 OK
Content-Type: application/json; charset=utf-8
cache-control: no-cache
content-length: 88

15:53:09.737 [AsyncHttpClient-1-3] DEBUG org.asynchttpclient.netty.channel.ChannelManager - Adding key: http://localhost:53227 for channel [id: 0x1a8b619e, L:/127.0.0.1:56342 - R:localhost/127.0.0.1:53227]
15:53:09.741 [Forwarding clickElement on session d5a8b2baf2db049a065601ae62f0c5c7 to remote] DEBUG org.asynchttpclient.netty.request.NettyRequestSender - Using pooled Channel '[id: 0x1a8b619e, L:/127.0.0.1:56342 - R:localhost/127.0.0.1:53227]' for 'POST' to 'http://localhost:53227/session/d5a8b2baf2db049a065601ae62f0c5c7/element/1f5a3847-fe25-4399-990c-ea0b191ee617/click'
15:53:09.741 [Forwarding clickElement on session d5a8b2baf2db049a065601ae62f0c5c7 to remote] DEBUG org.asynchttpclient.netty.request.NettyRequestSender - Using open Channel [id: 0x1a8b619e, L:/127.0.0.1:56342 - R:localhost/127.0.0.1:53227] for POST '/session/d5a8b2baf2db049a065601ae62f0c5c7/element/1f5a3847-fe25-4399-990c-ea0b191ee617/click'
15:53:09.834 [AsyncHttpClient-1-3] DEBUG org.asynchttpclient.netty.handler.HttpHandler - 

Request DefaultHttpRequest(decodeResult: success, version: HTTP/1.1)
POST /session/d5a8b2baf2db049a065601ae62f0c5c7/element/1f5a3847-fe25-4399-990c-ea0b191ee617/click HTTP/1.1
User-Agent: selenium/4.1.2 (java windows)
Content-Length: 50
Content-Type: application/json; charset=utf-8
host: localhost:53227
accept: */*

Response DefaultHttpResponse(decodeResult: success, version: HTTP/1.1)
HTTP/1.1 200 OK
Content-Type: application/json; charset=utf-8
cache-control: no-cache
content-length: 14

15:53:09.834 [AsyncHttpClient-1-3] DEBUG org.asynchttpclient.netty.channel.ChannelManager - Adding key: http://localhost:53227 for channel [id: 0x1a8b619e, L:/127.0.0.1:56342 - R:localhost/127.0.0.1:53227]
15:53:09.856 [Forwarding screenshot on session d5a8b2baf2db049a065601ae62f0c5c7 to remote] DEBUG org.asynchttpclient.netty.request.NettyRequestSender - Using pooled Channel '[id: 0x1a8b619e, L:/127.0.0.1:56342 - R:localhost/127.0.0.1:53227]' for 'GET' to 'http://localhost:53227/session/d5a8b2baf2db049a065601ae62f0c5c7/screenshot'
15:53:09.856 [Forwarding screenshot on session d5a8b2baf2db049a065601ae62f0c5c7 to remote] DEBUG org.asynchttpclient.netty.request.NettyRequestSender - Using open Channel [id: 0x1a8b619e, L:/127.0.0.1:56342 - R:localhost/127.0.0.1:53227] for GET '/session/d5a8b2baf2db049a065601ae62f0c5c7/screenshot'
15:53:10.458 [AsyncHttpClient-1-3] DEBUG org.asynchttpclient.netty.handler.HttpHandler - 

Request DefaultFullHttpRequest(decodeResult: success, version: HTTP/1.1, content: EmptyByteBufBE)
GET /session/d5a8b2baf2db049a065601ae62f0c5c7/screenshot HTTP/1.1
User-Agent: selenium/4.1.2 (java windows)
Cache-Control: no-cache
Content-Type: application/json; charset=utf-8
host: localhost:53227
accept: */*

Response DefaultHttpResponse(decodeResult: success, version: HTTP/1.1)
HTTP/1.1 200 OK
Content-Type: application/json; charset=utf-8
cache-control: no-cache
content-length: 34000

15:53:10.458 [AsyncHttpClient-1-3] DEBUG org.asynchttpclient.netty.channel.ChannelManager - Adding key: http://localhost:53227 for channel [id: 0x1a8b619e, L:/127.0.0.1:56342 - R:localhost/127.0.0.1:53227]
15:53:10.464 [main] DEBUG net.serenitybdd.core.photography.Darkroom - Send negative for processing for target\site\serenity\76dde2859d2c50a4114e6e50e59f017a36b9beccdaaa87623367459b96539893.png
15:53:10.464 [main] DEBUG net.thucydides.core.steps.StepInterceptor - STEP DONE: clickShoppingCart
  &amp#27;[32mAnd &amp#27;[0m&amp#27;[32mI click shopping cart button&amp#27;[0m                       &amp#27;[90m# starter.stepdefinitions.OrderSteps.iClickShoppingCartButton()&amp#27;[0m
15:53:10.467 [Darkroom Processing Line] DEBUG net.serenitybdd.core.photography.DarkroomProcessingLine - Processing screenshot image in /var/screenshots/screenshot-14758583482668644123
15:53:10.467 [Darkroom Processing Line] DEBUG net.serenitybdd.core.photography.DarkroomProcessingLine - Saving screenshot to target\site\serenity\76dde2859d2c50a4114e6e50e59f017a36b9beccdaaa87623367459b96539893.png
15:53:10.497 [main] DEBUG net.thucydides.core.steps.StepInterceptor - STARTING STEP: OrderSteps.iClickAddSignOnTheProduct - clickAddButton
15:53:10.502 [Forwarding findElement on session d5a8b2baf2db049a065601ae62f0c5c7 to remote] DEBUG org.asynchttpclient.netty.request.NettyRequestSender - Using pooled Channel '[id: 0x1a8b619e, L:/127.0.0.1:56342 - R:localhost/127.0.0.1:53227]' for 'POST' to 'http://localhost:53227/session/d5a8b2baf2db049a065601ae62f0c5c7/element'
15:53:10.503 [Forwarding findElement on session d5a8b2baf2db049a065601ae62f0c5c7 to remote] DEBUG org.asynchttpclient.netty.request.NettyRequestSender - Using open Channel [id: 0x1a8b619e, L:/127.0.0.1:56342 - R:localhost/127.0.0.1:53227] for POST '/session/d5a8b2baf2db049a065601ae62f0c5c7/element'
15:53:10.525 [AsyncHttpClient-1-3] DEBUG org.asynchttpclient.netty.handler.HttpHandler - 

Request DefaultHttpRequest(decodeResult: success, version: HTTP/1.1)
POST /session/d5a8b2baf2db049a065601ae62f0c5c7/element HTTP/1.1
User-Agent: selenium/4.1.2 (java windows)
Content-Length: 94
Content-Type: application/json; charset=utf-8
host: localhost:53227
accept: */*

Response DefaultHttpResponse(decodeResult: success, version: HTTP/1.1)
HTTP/1.1 200 OK
Content-Type: application/json; charset=utf-8
cache-control: no-cache
content-length: 88

15:53:10.526 [AsyncHttpClient-1-3] DEBUG org.asynchttpclient.netty.channel.ChannelManager - Adding key: http://localhost:53227 for channel [id: 0x1a8b619e, L:/127.0.0.1:56342 - R:localhost/127.0.0.1:53227]
15:53:10.529 [Forwarding getElementTagName on session d5a8b2baf2db049a065601ae62f0c5c7 to remote] DEBUG org.asynchttpclient.netty.request.NettyRequestSender - Using pooled Channel '[id: 0x1a8b619e, L:/127.0.0.1:56342 - R:localhost/127.0.0.1:53227]' for 'GET' to 'http://localhost:53227/session/d5a8b2baf2db049a065601ae62f0c5c7/element/6da32525-9f2e-48bf-aa0c-8b071ff13812/name'
15:53:10.530 [Forwarding getElementTagName on session d5a8b2baf2db049a065601ae62f0c5c7 to remote] DEBUG org.asynchttpclient.netty.request.NettyRequestSender - Using open Channel [id: 0x1a8b619e, L:/127.0.0.1:56342 - R:localhost/127.0.0.1:53227] for GET '/session/d5a8b2baf2db049a065601ae62f0c5c7/element/6da32525-9f2e-48bf-aa0c-8b071ff13812/name'
15:53:10.538 [AsyncHttpClient-1-3] DEBUG org.asynchttpclient.netty.handler.HttpHandler - 

Request DefaultFullHttpRequest(decodeResult: success, version: HTTP/1.1, content: EmptyByteBufBE)
GET /session/d5a8b2baf2db049a065601ae62f0c5c7/element/6da32525-9f2e-48bf-aa0c-8b071ff13812/name HTTP/1.1
User-Agent: selenium/4.1.2 (java windows)
Cache-Control: no-cache
Content-Type: application/json; charset=utf-8
host: localhost:53227
accept: */*

Response DefaultHttpResponse(decodeResult: success, version: HTTP/1.1)
HTTP/1.1 200 OK
Content-Type: application/json; charset=utf-8
cache-control: no-cache
content-length: 16

15:53:10.538 [AsyncHttpClient-1-3] DEBUG org.asynchttpclient.netty.channel.ChannelManager - Adding key: http://localhost:53227 for channel [id: 0x1a8b619e, L:/127.0.0.1:56342 - R:localhost/127.0.0.1:53227]
15:53:10.540 [Forwarding getElementTagName on session d5a8b2baf2db049a065601ae62f0c5c7 to remote] DEBUG org.asynchttpclient.netty.request.NettyRequestSender - Using pooled Channel '[id: 0x1a8b619e, L:/127.0.0.1:56342 - R:localhost/127.0.0.1:53227]' for 'GET' to 'http://localhost:53227/session/d5a8b2baf2db049a065601ae62f0c5c7/element/6da32525-9f2e-48bf-aa0c-8b071ff13812/name'
15:53:10.540 [Forwarding getElementTagName on session d5a8b2baf2db049a065601ae62f0c5c7 to remote] DEBUG org.asynchttpclient.netty.request.NettyRequestSender - Using open Channel [id: 0x1a8b619e, L:/127.0.0.1:56342 - R:localhost/127.0.0.1:53227] for GET '/session/d5a8b2baf2db049a065601ae62f0c5c7/element/6da32525-9f2e-48bf-aa0c-8b071ff13812/name'
15:53:10.555 [AsyncHttpClient-1-3] DEBUG org.asynchttpclient.netty.handler.HttpHandler - 

Request DefaultFullHttpRequest(decodeResult: success, version: HTTP/1.1, content: EmptyByteBufBE)
GET /session/d5a8b2baf2db049a065601ae62f0c5c7/element/6da32525-9f2e-48bf-aa0c-8b071ff13812/name HTTP/1.1
User-Agent: selenium/4.1.2 (java windows)
Cache-Control: no-cache
Content-Type: application/json; charset=utf-8
host: localhost:53227
accept: */*

Response DefaultHttpResponse(decodeResult: success, version: HTTP/1.1)
HTTP/1.1 200 OK
Content-Type: application/json; charset=utf-8
cache-control: no-cache
content-length: 16

15:53:10.556 [AsyncHttpClient-1-3] DEBUG org.asynchttpclient.netty.channel.ChannelManager - Adding key: http://localhost:53227 for channel [id: 0x1a8b619e, L:/127.0.0.1:56342 - R:localhost/127.0.0.1:53227]
15:53:10.559 [Forwarding findElement on session d5a8b2baf2db049a065601ae62f0c5c7 to remote] DEBUG org.asynchttpclient.netty.request.NettyRequestSender - Using pooled Channel '[id: 0x1a8b619e, L:/127.0.0.1:56342 - R:localhost/127.0.0.1:53227]' for 'POST' to 'http://localhost:53227/session/d5a8b2baf2db049a065601ae62f0c5c7/element'
15:53:10.559 [Forwarding findElement on session d5a8b2baf2db049a065601ae62f0c5c7 to remote] DEBUG org.asynchttpclient.netty.request.NettyRequestSender - Using open Channel [id: 0x1a8b619e, L:/127.0.0.1:56342 - R:localhost/127.0.0.1:53227] for POST '/session/d5a8b2baf2db049a065601ae62f0c5c7/element'
15:53:10.576 [AsyncHttpClient-1-3] DEBUG org.asynchttpclient.netty.handler.HttpHandler - 

Request DefaultHttpRequest(decodeResult: success, version: HTTP/1.1)
POST /session/d5a8b2baf2db049a065601ae62f0c5c7/element HTTP/1.1
User-Agent: selenium/4.1.2 (java windows)
Content-Length: 94
Content-Type: application/json; charset=utf-8
host: localhost:53227
accept: */*

Response DefaultHttpResponse(decodeResult: success, version: HTTP/1.1)
HTTP/1.1 200 OK
Content-Type: application/json; charset=utf-8
cache-control: no-cache
content-length: 88

15:53:10.576 [AsyncHttpClient-1-3] DEBUG org.asynchttpclient.netty.channel.ChannelManager - Adding key: http://localhost:53227 for channel [id: 0x1a8b619e, L:/127.0.0.1:56342 - R:localhost/127.0.0.1:53227]
15:53:10.581 [Forwarding clickElement on session d5a8b2baf2db049a065601ae62f0c5c7 to remote] DEBUG org.asynchttpclient.netty.request.NettyRequestSender - Using pooled Channel '[id: 0x1a8b619e, L:/127.0.0.1:56342 - R:localhost/127.0.0.1:53227]' for 'POST' to 'http://localhost:53227/session/d5a8b2baf2db049a065601ae62f0c5c7/element/6da32525-9f2e-48bf-aa0c-8b071ff13812/click'
15:53:10.581 [Forwarding clickElement on session d5a8b2baf2db049a065601ae62f0c5c7 to remote] DEBUG org.asynchttpclient.netty.request.NettyRequestSender - Using open Channel [id: 0x1a8b619e, L:/127.0.0.1:56342 - R:localhost/127.0.0.1:53227] for POST '/session/d5a8b2baf2db049a065601ae62f0c5c7/element/6da32525-9f2e-48bf-aa0c-8b071ff13812/click'
15:53:10.671 [AsyncHttpClient-1-1] DEBUG org.asynchttpclient.netty.channel.DefaultChannelPool - Entry count for : http://localhost:56344 : 1
15:53:10.720 [AsyncHttpClient-1-3] DEBUG org.asynchttpclient.netty.handler.HttpHandler - 

Request DefaultHttpRequest(decodeResult: success, version: HTTP/1.1)
POST /session/d5a8b2baf2db049a065601ae62f0c5c7/element/6da32525-9f2e-48bf-aa0c-8b071ff13812/click HTTP/1.1
User-Agent: selenium/4.1.2 (java windows)
Content-Length: 50
Content-Type: application/json; charset=utf-8
host: localhost:53227
accept: */*

Response DefaultHttpResponse(decodeResult: success, version: HTTP/1.1)
HTTP/1.1 200 OK
Content-Type: application/json; charset=utf-8
cache-control: no-cache
content-length: 14

15:53:10.720 [AsyncHttpClient-1-3] DEBUG org.asynchttpclient.netty.channel.ChannelManager - Adding key: http://localhost:53227 for channel [id: 0x1a8b619e, L:/127.0.0.1:56342 - R:localhost/127.0.0.1:53227]
15:53:10.735 [Forwarding screenshot on session d5a8b2baf2db049a065601ae62f0c5c7 to remote] DEBUG org.asynchttpclient.netty.request.NettyRequestSender - Using pooled Channel '[id: 0x1a8b619e, L:/127.0.0.1:56342 - R:localhost/127.0.0.1:53227]' for 'GET' to 'http://localhost:53227/session/d5a8b2baf2db049a065601ae62f0c5c7/screenshot'
15:53:10.735 [Forwarding screenshot on session d5a8b2baf2db049a065601ae62f0c5c7 to remote] DEBUG org.asynchttpclient.netty.request.NettyRequestSender - Using open Channel [id: 0x1a8b619e, L:/127.0.0.1:56342 - R:localhost/127.0.0.1:53227] for GET '/session/d5a8b2baf2db049a065601ae62f0c5c7/screenshot'
15:53:10.989 [AsyncHttpClient-1-3] DEBUG org.asynchttpclient.netty.handler.HttpHandler - 

Request DefaultFullHttpRequest(decodeResult: success, version: HTTP/1.1, content: EmptyByteBufBE)
GET /session/d5a8b2baf2db049a065601ae62f0c5c7/screenshot HTTP/1.1
User-Agent: selenium/4.1.2 (java windows)
Cache-Control: no-cache
Content-Type: application/json; charset=utf-8
host: localhost:53227
accept: */*

Response DefaultHttpResponse(decodeResult: success, version: HTTP/1.1)
HTTP/1.1 200 OK
Content-Type: application/json; charset=utf-8
cache-control: no-cache
content-length: 35280

15:53:10.990 [AsyncHttpClient-1-3] DEBUG org.asynchttpclient.netty.channel.ChannelManager - Adding key: http://localhost:53227 for channel [id: 0x1a8b619e, L:/127.0.0.1:56342 - R:localhost/127.0.0.1:53227]
15:53:10.997 [main] DEBUG net.serenitybdd.core.photography.Darkroom - Send negative for processing for target\site\serenity\b0a95b66c2c82aa7786f4cc0114858c819cb5be0a2609542ba673fa8f9921e67.png
15:53:10.997 [main] DEBUG net.thucydides.core.steps.StepInterceptor - STEP DONE: clickAddButton
  &amp#27;[32mAnd &amp#27;[0m&amp#27;[32mI click + sign on the product&amp#27;[0m                      &amp#27;[90m# starter.stepdefinitions.OrderSteps.iClickAddSignOnTheProduct()&amp#27;[0m
15:53:11.001 [Darkroom Processing Line] DEBUG net.serenitybdd.core.photography.DarkroomProcessingLine - Processing screenshot image in /var/screenshots/screenshot-11217862126152909179
15:53:11.001 [Darkroom Processing Line] DEBUG net.serenitybdd.core.photography.DarkroomProcessingLine - Saving screenshot to target\site\serenity\b0a95b66c2c82aa7786f4cc0114858c819cb5be0a2609542ba673fa8f9921e67.png
15:53:11.030 [main] DEBUG net.thucydides.core.steps.StepInterceptor - STARTING STEP: OrderSteps.iClickReduceSignOnTheProduct - clickReduceButton
15:53:11.039 [Forwarding findElement on session d5a8b2baf2db049a065601ae62f0c5c7 to remote] DEBUG org.asynchttpclient.netty.request.NettyRequestSender - Using pooled Channel '[id: 0x1a8b619e, L:/127.0.0.1:56342 - R:localhost/127.0.0.1:53227]' for 'POST' to 'http://localhost:53227/session/d5a8b2baf2db049a065601ae62f0c5c7/element'
15:53:11.039 [Forwarding findElement on session d5a8b2baf2db049a065601ae62f0c5c7 to remote] DEBUG org.asynchttpclient.netty.request.NettyRequestSender - Using open Channel [id: 0x1a8b619e, L:/127.0.0.1:56342 - R:localhost/127.0.0.1:53227] for POST '/session/d5a8b2baf2db049a065601ae62f0c5c7/element'
15:53:11.075 [AsyncHttpClient-1-3] DEBUG org.asynchttpclient.netty.handler.HttpHandler - 

Request DefaultHttpRequest(decodeResult: success, version: HTTP/1.1)
POST /session/d5a8b2baf2db049a065601ae62f0c5c7/element HTTP/1.1
User-Agent: selenium/4.1.2 (java windows)
Content-Length: 94
Content-Type: application/json; charset=utf-8
host: localhost:53227
accept: */*

Response DefaultHttpResponse(decodeResult: success, version: HTTP/1.1)
HTTP/1.1 200 OK
Content-Type: application/json; charset=utf-8
cache-control: no-cache
content-length: 88

15:53:11.076 [AsyncHttpClient-1-3] DEBUG org.asynchttpclient.netty.channel.ChannelManager - Adding key: http://localhost:53227 for channel [id: 0x1a8b619e, L:/127.0.0.1:56342 - R:localhost/127.0.0.1:53227]
15:53:11.081 [Forwarding getElementTagName on session d5a8b2baf2db049a065601ae62f0c5c7 to remote] DEBUG org.asynchttpclient.netty.request.NettyRequestSender - Using pooled Channel '[id: 0x1a8b619e, L:/127.0.0.1:56342 - R:localhost/127.0.0.1:53227]' for 'GET' to 'http://localhost:53227/session/d5a8b2baf2db049a065601ae62f0c5c7/element/6de6cf31-5c60-42b0-a693-e136de20318f/name'
15:53:11.082 [Forwarding getElementTagName on session d5a8b2baf2db049a065601ae62f0c5c7 to remote] DEBUG org.asynchttpclient.netty.request.NettyRequestSender - Using open Channel [id: 0x1a8b619e, L:/127.0.0.1:56342 - R:localhost/127.0.0.1:53227] for GET '/session/d5a8b2baf2db049a065601ae62f0c5c7/element/6de6cf31-5c60-42b0-a693-e136de20318f/name'
15:53:11.091 [AsyncHttpClient-1-3] DEBUG org.asynchttpclient.netty.handler.HttpHandler - 

Request DefaultFullHttpRequest(decodeResult: success, version: HTTP/1.1, content: EmptyByteBufBE)
GET /session/d5a8b2baf2db049a065601ae62f0c5c7/element/6de6cf31-5c60-42b0-a693-e136de20318f/name HTTP/1.1
User-Agent: selenium/4.1.2 (java windows)
Cache-Control: no-cache
Content-Type: application/json; charset=utf-8
host: localhost:53227
accept: */*

Response DefaultHttpResponse(decodeResult: success, version: HTTP/1.1)
HTTP/1.1 200 OK
Content-Type: application/json; charset=utf-8
cache-control: no-cache
content-length: 16

15:53:11.091 [AsyncHttpClient-1-3] DEBUG org.asynchttpclient.netty.channel.ChannelManager - Adding key: http://localhost:53227 for channel [id: 0x1a8b619e, L:/127.0.0.1:56342 - R:localhost/127.0.0.1:53227]
15:53:11.100 [Forwarding getElementTagName on session d5a8b2baf2db049a065601ae62f0c5c7 to remote] DEBUG org.asynchttpclient.netty.request.NettyRequestSender - Using pooled Channel '[id: 0x1a8b619e, L:/127.0.0.1:56342 - R:localhost/127.0.0.1:53227]' for 'GET' to 'http://localhost:53227/session/d5a8b2baf2db049a065601ae62f0c5c7/element/6de6cf31-5c60-42b0-a693-e136de20318f/name'
15:53:11.101 [Forwarding getElementTagName on session d5a8b2baf2db049a065601ae62f0c5c7 to remote] DEBUG org.asynchttpclient.netty.request.NettyRequestSender - Using open Channel [id: 0x1a8b619e, L:/127.0.0.1:56342 - R:localhost/127.0.0.1:53227] for GET '/session/d5a8b2baf2db049a065601ae62f0c5c7/element/6de6cf31-5c60-42b0-a693-e136de20318f/name'
15:53:11.116 [AsyncHttpClient-1-3] DEBUG org.asynchttpclient.netty.handler.HttpHandler - 

Request DefaultFullHttpRequest(decodeResult: success, version: HTTP/1.1, content: EmptyByteBufBE)
GET /session/d5a8b2baf2db049a065601ae62f0c5c7/element/6de6cf31-5c60-42b0-a693-e136de20318f/name HTTP/1.1
User-Agent: selenium/4.1.2 (java windows)
Cache-Control: no-cache
Content-Type: application/json; charset=utf-8
host: localhost:53227
accept: */*

Response DefaultHttpResponse(decodeResult: success, version: HTTP/1.1)
HTTP/1.1 200 OK
Content-Type: application/json; charset=utf-8
cache-control: no-cache
content-length: 16

15:53:11.116 [AsyncHttpClient-1-3] DEBUG org.asynchttpclient.netty.channel.ChannelManager - Adding key: http://localhost:53227 for channel [id: 0x1a8b619e, L:/127.0.0.1:56342 - R:localhost/127.0.0.1:53227]
15:53:11.120 [Forwarding findElement on session d5a8b2baf2db049a065601ae62f0c5c7 to remote] DEBUG org.asynchttpclient.netty.request.NettyRequestSender - Using pooled Channel '[id: 0x1a8b619e, L:/127.0.0.1:56342 - R:localhost/127.0.0.1:53227]' for 'POST' to 'http://localhost:53227/session/d5a8b2baf2db049a065601ae62f0c5c7/element'
15:53:11.120 [Forwarding findElement on session d5a8b2baf2db049a065601ae62f0c5c7 to remote] DEBUG org.asynchttpclient.netty.request.NettyRequestSender - Using open Channel [id: 0x1a8b619e, L:/127.0.0.1:56342 - R:localhost/127.0.0.1:53227] for POST '/session/d5a8b2baf2db049a065601ae62f0c5c7/element'
15:53:11.140 [AsyncHttpClient-1-3] DEBUG org.asynchttpclient.netty.handler.HttpHandler - 

Request DefaultHttpRequest(decodeResult: success, version: HTTP/1.1)
POST /session/d5a8b2baf2db049a065601ae62f0c5c7/element HTTP/1.1
User-Agent: selenium/4.1.2 (java windows)
Content-Length: 94
Content-Type: application/json; charset=utf-8
host: localhost:53227
accept: */*

Response DefaultHttpResponse(decodeResult: success, version: HTTP/1.1)
HTTP/1.1 200 OK
Content-Type: application/json; charset=utf-8
cache-control: no-cache
content-length: 88

15:53:11.140 [AsyncHttpClient-1-3] DEBUG org.asynchttpclient.netty.channel.ChannelManager - Adding key: http://localhost:53227 for channel [id: 0x1a8b619e, L:/127.0.0.1:56342 - R:localhost/127.0.0.1:53227]
15:53:11.148 [Forwarding clickElement on session d5a8b2baf2db049a065601ae62f0c5c7 to remote] DEBUG org.asynchttpclient.netty.request.NettyRequestSender - Using pooled Channel '[id: 0x1a8b619e, L:/127.0.0.1:56342 - R:localhost/127.0.0.1:53227]' for 'POST' to 'http://localhost:53227/session/d5a8b2baf2db049a065601ae62f0c5c7/element/6de6cf31-5c60-42b0-a693-e136de20318f/click'
15:53:11.148 [Forwarding clickElement on session d5a8b2baf2db049a065601ae62f0c5c7 to remote] DEBUG org.asynchttpclient.netty.request.NettyRequestSender - Using open Channel [id: 0x1a8b619e, L:/127.0.0.1:56342 - R:localhost/127.0.0.1:53227] for POST '/session/d5a8b2baf2db049a065601ae62f0c5c7/element/6de6cf31-5c60-42b0-a693-e136de20318f/click'
15:53:11.257 [AsyncHttpClient-1-3] DEBUG org.asynchttpclient.netty.handler.HttpHandler - 

Request DefaultHttpRequest(decodeResult: success, version: HTTP/1.1)
POST /session/d5a8b2baf2db049a065601ae62f0c5c7/element/6de6cf31-5c60-42b0-a693-e136de20318f/click HTTP/1.1
User-Agent: selenium/4.1.2 (java windows)
Content-Length: 50
Content-Type: application/json; charset=utf-8
host: localhost:53227
accept: */*

Response DefaultHttpResponse(decodeResult: success, version: HTTP/1.1)
HTTP/1.1 200 OK
Content-Type: application/json; charset=utf-8
cache-control: no-cache
content-length: 14

15:53:11.258 [AsyncHttpClient-1-3] DEBUG org.asynchttpclient.netty.channel.ChannelManager - Adding key: http://localhost:53227 for channel [id: 0x1a8b619e, L:/127.0.0.1:56342 - R:localhost/127.0.0.1:53227]
15:53:11.274 [Forwarding screenshot on session d5a8b2baf2db049a065601ae62f0c5c7 to remote] DEBUG org.asynchttpclient.netty.request.NettyRequestSender - Using pooled Channel '[id: 0x1a8b619e, L:/127.0.0.1:56342 - R:localhost/127.0.0.1:53227]' for 'GET' to 'http://localhost:53227/session/d5a8b2baf2db049a065601ae62f0c5c7/screenshot'
15:53:11.274 [Forwarding screenshot on session d5a8b2baf2db049a065601ae62f0c5c7 to remote] DEBUG org.asynchttpclient.netty.request.NettyRequestSender - Using open Channel [id: 0x1a8b619e, L:/127.0.0.1:56342 - R:localhost/127.0.0.1:53227] for GET '/session/d5a8b2baf2db049a065601ae62f0c5c7/screenshot'
15:53:11.486 [AsyncHttpClient-1-3] DEBUG org.asynchttpclient.netty.handler.HttpHandler - 

Request DefaultFullHttpRequest(decodeResult: success, version: HTTP/1.1, content: EmptyByteBufBE)
GET /session/d5a8b2baf2db049a065601ae62f0c5c7/screenshot HTTP/1.1
User-Agent: selenium/4.1.2 (java windows)
Cache-Control: no-cache
Content-Type: application/json; charset=utf-8
host: localhost:53227
accept: */*

Response DefaultHttpResponse(decodeResult: success, version: HTTP/1.1)
HTTP/1.1 200 OK
Content-Type: application/json; charset=utf-8
cache-control: no-cache
content-length: 33448

15:53:11.487 [AsyncHttpClient-1-3] DEBUG org.asynchttpclient.netty.channel.ChannelManager - Adding key: http://localhost:53227 for channel [id: 0x1a8b619e, L:/127.0.0.1:56342 - R:localhost/127.0.0.1:53227]
15:53:11.490 [main] DEBUG net.serenitybdd.core.photography.Darkroom - Send negative for processing for target\site\serenity\26b544798bcdfe22f6ec78aa2bad61946b95de87dbd42d22a5016433d4c16e60.png
15:53:11.490 [main] DEBUG net.thucydides.core.steps.StepInterceptor - STEP DONE: clickReduceButton
  &amp#27;[32mAnd &amp#27;[0m&amp#27;[32mI click - sign on the product&amp#27;[0m                      &amp#27;[90m# starter.stepdefinitions.OrderSteps.iClickReduceSignOnTheProduct()&amp#27;[0m
15:53:11.491 [Darkroom Processing Line] DEBUG net.serenitybdd.core.photography.DarkroomProcessingLine - Processing screenshot image in /var/screenshots/screenshot-2663570840062449321
15:53:11.492 [Darkroom Processing Line] DEBUG net.serenitybdd.core.photography.DarkroomProcessingLine - Saving screenshot to target\site\serenity\26b544798bcdfe22f6ec78aa2bad61946b95de87dbd42d22a5016433d4c16e60.png
15:53:11.536 [main] DEBUG net.thucydides.core.steps.StepInterceptor - STARTING STEP: OrderSteps.theTotalQuantityOfTheProductIsReduced - totalAfterReduceIsEqual
15:53:11.540 [Forwarding findElement on session d5a8b2baf2db049a065601ae62f0c5c7 to remote] DEBUG org.asynchttpclient.netty.request.NettyRequestSender - Using pooled Channel '[id: 0x1a8b619e, L:/127.0.0.1:56342 - R:localhost/127.0.0.1:53227]' for 'POST' to 'http://localhost:53227/session/d5a8b2baf2db049a065601ae62f0c5c7/element'
15:53:11.540 [Forwarding findElement on session d5a8b2baf2db049a065601ae62f0c5c7 to remote] DEBUG org.asynchttpclient.netty.request.NettyRequestSender - Using open Channel [id: 0x1a8b619e, L:/127.0.0.1:56342 - R:localhost/127.0.0.1:53227] for POST '/session/d5a8b2baf2db049a065601ae62f0c5c7/element'
15:53:11.568 [AsyncHttpClient-1-3] DEBUG org.asynchttpclient.netty.handler.HttpHandler - 

Request DefaultHttpRequest(decodeResult: success, version: HTTP/1.1)
POST /session/d5a8b2baf2db049a065601ae62f0c5c7/element HTTP/1.1
User-Agent: selenium/4.1.2 (java windows)
Content-Length: 96
Content-Type: application/json; charset=utf-8
host: localhost:53227
accept: */*

Response DefaultHttpResponse(decodeResult: success, version: HTTP/1.1)
HTTP/1.1 200 OK
Content-Type: application/json; charset=utf-8
cache-control: no-cache
content-length: 88

15:53:11.568 [AsyncHttpClient-1-3] DEBUG org.asynchttpclient.netty.channel.ChannelManager - Adding key: http://localhost:53227 for channel [id: 0x1a8b619e, L:/127.0.0.1:56342 - R:localhost/127.0.0.1:53227]
15:53:11.575 [Forwarding isElementDisplayed on session d5a8b2baf2db049a065601ae62f0c5c7 to remote] DEBUG org.asynchttpclient.netty.request.NettyRequestSender - Using pooled Channel '[id: 0x1a8b619e, L:/127.0.0.1:56342 - R:localhost/127.0.0.1:53227]' for 'POST' to 'http://localhost:53227/session/d5a8b2baf2db049a065601ae62f0c5c7/execute/sync'
15:53:11.575 [Forwarding isElementDisplayed on session d5a8b2baf2db049a065601ae62f0c5c7 to remote] DEBUG org.asynchttpclient.netty.request.NettyRequestSender - Using open Channel [id: 0x1a8b619e, L:/127.0.0.1:56342 - R:localhost/127.0.0.1:53227] for POST '/session/d5a8b2baf2db049a065601ae62f0c5c7/execute/sync'
15:53:11.614 [AsyncHttpClient-1-3] DEBUG org.asynchttpclient.netty.handler.HttpHandler - 

Request DefaultHttpRequest(decodeResult: success, version: HTTP/1.1)
POST /session/d5a8b2baf2db049a065601ae62f0c5c7/execute/sync HTTP/1.1
User-Agent: selenium/4.1.2 (java windows)
Content-Length: 48780
Content-Type: application/json; charset=utf-8
host: localhost:53227
accept: */*

Response DefaultHttpResponse(decodeResult: success, version: HTTP/1.1)
HTTP/1.1 200 OK
Content-Type: application/json; charset=utf-8
cache-control: no-cache
content-length: 14

15:53:11.615 [AsyncHttpClient-1-3] DEBUG org.asynchttpclient.netty.channel.ChannelManager - Adding key: http://localhost:53227 for channel [id: 0x1a8b619e, L:/127.0.0.1:56342 - R:localhost/127.0.0.1:53227]
15:53:11.623 [Forwarding screenshot on session d5a8b2baf2db049a065601ae62f0c5c7 to remote] DEBUG org.asynchttpclient.netty.request.NettyRequestSender - Using pooled Channel '[id: 0x1a8b619e, L:/127.0.0.1:56342 - R:localhost/127.0.0.1:53227]' for 'GET' to 'http://localhost:53227/session/d5a8b2baf2db049a065601ae62f0c5c7/screenshot'
15:53:11.623 [Forwarding screenshot on session d5a8b2baf2db049a065601ae62f0c5c7 to remote] DEBUG org.asynchttpclient.netty.request.NettyRequestSender - Using open Channel [id: 0x1a8b619e, L:/127.0.0.1:56342 - R:localhost/127.0.0.1:53227] for GET '/session/d5a8b2baf2db049a065601ae62f0c5c7/screenshot'
15:53:11.766 [AsyncHttpClient-1-1] DEBUG org.asynchttpclient.netty.channel.DefaultChannelPool - Entry count for : http://localhost:56344 : 1
15:53:11.835 [AsyncHttpClient-1-3] DEBUG org.asynchttpclient.netty.handler.HttpHandler - 

Request DefaultFullHttpRequest(decodeResult: success, version: HTTP/1.1, content: EmptyByteBufBE)
GET /session/d5a8b2baf2db049a065601ae62f0c5c7/screenshot HTTP/1.1
User-Agent: selenium/4.1.2 (java windows)
Cache-Control: no-cache
Content-Type: application/json; charset=utf-8
host: localhost:53227
accept: */*

Response DefaultHttpResponse(decodeResult: success, version: HTTP/1.1)
HTTP/1.1 200 OK
Content-Type: application/json; charset=utf-8
cache-control: no-cache
content-length: 33776

15:53:11.835 [AsyncHttpClient-1-3] DEBUG org.asynchttpclient.netty.channel.ChannelManager - Adding key: http://localhost:53227 for channel [id: 0x1a8b619e, L:/127.0.0.1:56342 - R:localhost/127.0.0.1:53227]
15:53:11.838 [main] DEBUG net.serenitybdd.core.photography.Darkroom - Send negative for processing for target\site\serenity\3b4a9452e736bd5f50db9ea6973a55d069f69099dd684e7deb86ce69f20d9fc7.png
15:53:11.838 [Darkroom Processing Line] DEBUG net.serenitybdd.core.photography.DarkroomProcessingLine - Processing screenshot image in /var/screenshots/screenshot-10380488518742552167
15:53:11.839 [Darkroom Processing Line] DEBUG net.serenitybdd.core.photography.DarkroomProcessingLine - Saving screenshot to target\site\serenity\3b4a9452e736bd5f50db9ea6973a55d069f69099dd684e7deb86ce69f20d9fc7.png
15:53:11.840 [main] DEBUG net.thucydides.core.steps.StepInterceptor - STEP DONE: totalAfterReduceIsEqual
  &amp#27;[32mThen &amp#27;[0m&amp#27;[32mThe total quantity of the product is equal to 1&amp#27;[0m   &amp#27;[90m# starter.stepdefinitions.OrderSteps.theTotalQuantityOfTheProductIsReduced()&amp#27;[0m
15:53:11.851 [main] INFO  - 
  _____   ___   ___   _____     ___     _     ___   ___   ___   ___  
 |_   _| | __| / __| |_   _|   | _ \   /_\   / __| / __| | __| |   \ 
   | |   | _|  \__ \   | |     |  _/  / _ \  \__ \ \__ \ | _|  | |) |
   |_|   |___| |___/   |_|     |_|   /_/ \_\ |___/ |___/ |___| |___/ 

I reduce quantity of an item
----------------------------------------------------------------------
15:53:11.854 [AsyncHttpClient-1-5] DEBUG org.asynchttpclient.netty.handler.WebSocketHandler - Channel Closed: [id: 0x238963cf, L:/127.0.0.1:56351 ! R:localhost/127.0.0.1:56344] with attribute NettyResponseFuture{currentRetry=5,
	isDone=1,
	isCancelled=0,
	asyncHandler=org.asynchttpclient.ws.WebSocketUpgradeHandler@2416f7fb,
	nettyRequest=org.asynchttpclient.netty.request.NettyRequest@1655f5fb,
	future=java.util.concurrent.CompletableFuture@5af81539[Completed normally],
	uri=ws://localhost:56344/devtools/browser/e575a935-f2d2-49f2-93eb-03100a951d30,
	keepAlive=true,
	redirectCount=0,
	timeoutsHolder=null,
	inAuth=0,
	touch=1652863970027}
15:53:11.854 [AsyncHttpClient-1-5] DEBUG org.asynchttpclient.netty.channel.ChannelManager - Closing Channel [id: 0x238963cf, L:/127.0.0.1:56351 ! R:localhost/127.0.0.1:56344] 
15:53:11.855 [Driver Command Executor] DEBUG org.asynchttpclient.netty.request.NettyRequestSender - Using pooled Channel '[id: 0x1a8b619e, L:/127.0.0.1:56342 - R:localhost/127.0.0.1:53227]' for 'DELETE' to 'http://localhost:53227/session/d5a8b2baf2db049a065601ae62f0c5c7'
15:53:11.855 [Driver Command Executor] DEBUG org.asynchttpclient.netty.request.NettyRequestSender - Using open Channel [id: 0x1a8b619e, L:/127.0.0.1:56342 - R:localhost/127.0.0.1:53227] for DELETE '/session/d5a8b2baf2db049a065601ae62f0c5c7'
15:53:12.075 [AsyncHttpClient-1-4] DEBUG org.asynchttpclient.netty.handler.HttpHandler - Unexpected I/O exception on channel [id: 0x1f76ae06, L:/127.0.0.1:56350 - R:localhost/127.0.0.1:56344]
java.net.SocketException: Connection reset
	at java.base/sun.nio.ch.SocketChannelImpl.throwConnectionReset(SocketChannelImpl.java:367)
	at java.base/sun.nio.ch.SocketChannelImpl.read(SocketChannelImpl.java:398)
	at io.netty.buffer.PooledByteBuf.setBytes(PooledByteBuf.java:258)
	at io.netty.buffer.AbstractByteBuf.writeBytes(AbstractByteBuf.java:1132)
	at io.netty.channel.socket.nio.NioSocketChannel.doReadBytes(NioSocketChannel.java:350)
	at io.netty.channel.nio.AbstractNioByteChannel$NioByteUnsafe.read(AbstractNioByteChannel.java:151)
	at io.netty.channel.nio.NioEventLoop.processSelectedKey(NioEventLoop.java:722)
	at io.netty.channel.nio.NioEventLoop.processSelectedKeysOptimized(NioEventLoop.java:658)
	at io.netty.channel.nio.NioEventLoop.processSelectedKeys(NioEventLoop.java:584)
	at io.netty.channel.nio.NioEventLoop.run(NioEventLoop.java:496)
	at io.netty.util.concurrent.SingleThreadEventExecutor$4.run(SingleThreadEventExecutor.java:986)
	at io.netty.util.internal.ThreadExecutorMap$2.run(ThreadExecutorMap.java:74)
	at io.netty.util.concurrent.FastThreadLocalRunnable.run(FastThreadLocalRunnable.java:30)
	at java.base/java.lang.Thread.run(Thread.java:832)
15:53:12.076 [AsyncHttpClient-1-4] DEBUG org.asynchttpclient.netty.channel.ChannelManager - Closing Channel [id: 0x1f76ae06, L:/127.0.0.1:56350 - R:localhost/127.0.0.1:56344] 
15:53:12.077 [AsyncHttpClient-1-4] DEBUG org.asynchttpclient.netty.handler.HttpHandler - Channel Closed: [id: 0x1f76ae06, L:/127.0.0.1:56350 ! R:localhost/127.0.0.1:56344] with attribute DISCARD
15:53:12.109 [AsyncHttpClient-1-3] DEBUG org.asynchttpclient.netty.handler.HttpHandler - 

Request DefaultFullHttpRequest(decodeResult: success, version: HTTP/1.1, content: EmptyByteBufBE)
DELETE /session/d5a8b2baf2db049a065601ae62f0c5c7 HTTP/1.1
User-Agent: selenium/4.1.2 (java windows)
Content-Type: application/json; charset=utf-8
host: localhost:53227
accept: */*

Response DefaultHttpResponse(decodeResult: success, version: HTTP/1.1)
HTTP/1.1 200 OK
Content-Type: application/json; charset=utf-8
cache-control: no-cache
content-length: 14

15:53:12.109 [AsyncHttpClient-1-3] DEBUG org.asynchttpclient.netty.channel.ChannelManager - Adding key: http://localhost:53227 for channel [id: 0x1a8b619e, L:/127.0.0.1:56342 - R:localhost/127.0.0.1:53227]
15:53:12.823 [AsyncHttpClient-1-3] DEBUG org.asynchttpclient.netty.handler.HttpHandler - Channel Closed: [id: 0x1a8b619e, L:/127.0.0.1:56342 ! R:localhost/127.0.0.1:53227] with attribute DISCARD
15:53:12.861 [AsyncHttpClient-1-1] DEBUG org.asynchttpclient.netty.channel.DefaultChannelPool - Entry count for : http://localhost:56344 : 1
15:53:12.861 [AsyncHttpClient-1-1] DEBUG org.asynchttpclient.netty.channel.DefaultChannelPool - Entry count for : http://localhost:53227 : 1
15:53:12.861 [AsyncHttpClient-1-1] DEBUG org.asynchttpclient.netty.channel.DefaultChannelPool - Adding Candidate expired Channel [id: 0x1f76ae06, L:/127.0.0.1:56350 ! R:localhost/127.0.0.1:56344] isIdleTimeoutExpired=false isRemotelyClosed=true isTtlExpired=false
15:53:12.861 [AsyncHttpClient-1-1] DEBUG org.asynchttpclient.netty.channel.DefaultChannelPool - Closing Idle Channel [id: 0x1f76ae06, L:/127.0.0.1:56350 ! R:localhost/127.0.0.1:56344]
15:53:12.861 [AsyncHttpClient-1-1] DEBUG org.asynchttpclient.netty.channel.DefaultChannelPool - Adding Candidate expired Channel [id: 0x1a8b619e, L:/127.0.0.1:56342 ! R:localhost/127.0.0.1:53227] isIdleTimeoutExpired=false isRemotelyClosed=true isTtlExpired=false
15:53:12.861 [AsyncHttpClient-1-1] DEBUG org.asynchttpclient.netty.channel.DefaultChannelPool - Closing Idle Channel [id: 0x1a8b619e, L:/127.0.0.1:56342 ! R:localhost/127.0.0.1:53227]
15:53:12.861 [AsyncHttpClient-1-1] DEBUG org.asynchttpclient.netty.channel.DefaultChannelPool - Closed 2 connections out of 2 in 0 ms
]]></system-out>
    <system-err><![CDATA[Starting ChromeDriver 100.0.4896.60 (6a5d10861ce8de5fce22564658033b43cb7de047-refs/branch-heads/4896@{#875}) on port 53227
Only local connections are allowed.
Please see https://chromedriver.chromium.org/security-considerations for suggestions on keeping ChromeDriver safe.
ChromeDriver was started successfully.
[1652863969.653][WARNING]: This version of ChromeDriver has not been tested with Chrome version 101.
May 18, 2022 3:52:49 PM org.openqa.selenium.remote.ProtocolHandshake createSession
INFO: Detected dialect: W3C
May 18, 2022 3:52:50 PM org.openqa.selenium.devtools.CdpVersionFinder findNearestMatch
WARNING: Unable to find an exact match for CDP version 101, so returning the closest version found: 97
May 18, 2022 3:52:50 PM org.openqa.selenium.devtools.CdpVersionFinder findNearestMatch
INFO: Found CDP implementation for version 101 of 97
]]></system-err>
  </testcase>
  <testcase name="I remove the item in my shopping cart" classname="Change item&apos;s quantity on my shopping cart" time="26.385">
    <system-out><![CDATA[
Scenario: I remove the item in my shopping cart         &amp#27;[90m# src/test/resources/features/Order.feature:22&amp#27;[0m
15:53:13.394 [main] INFO io.cucumber.core.plugin.SerenityReporter - Running feature from file:///C:/Users/ponda/Documents/Final_Project/Final_Web/src/test/resources/features/Order.feature
15:53:13.399 [main] INFO  - 
  _____   ___   ___   _____     ___   _____     _     ___   _____   ___   ___  
 |_   _| | __| / __| |_   _|   / __| |_   _|   /_\   | _ \ |_   _| | __| |   \ 
   | |   | _|  \__ \   | |     \__ \   | |    / _ \  |   /   | |   | _|  | |) |
   |_|   |___| |___/   |_|     |___/   |_|   /_/ \_\ |_|_\   |_|   |___| |___/ 

I remove the item in my shopping cart(change-item-s-quantity-on-my-shopping-cart;i-remove-the-item-in-my-shopping-cart)
--------------------------------------------------------------------------------
15:53:13.458 [main] DEBUG net.thucydides.core.steps.StepInterceptor - STARTING STEP: ProductSteps.iAmOnProductPage - openUrl
15:53:13.461 [main] INFO net.serenitybdd.core.webdriver.driverproviders.ChromeDriverProvider - Using automatically driver download
15:53:13.772 [main] DEBUG io.github.bonigarcia.wdm.cache.ResolutionCache - Resolution chrome=101 in cache (valid until 16:36:25 18/05/2022 WIB)
15:53:13.792 [main] DEBUG io.github.bonigarcia.wdm.cache.ResolutionCache - Resolution chrome101=101.0.4951.41 in cache (valid until 16:04:06 18/05/2022 WIB)
15:53:13.797 [main] INFO io.github.bonigarcia.wdm.WebDriverManager - Using chromedriver 101.0.4951.41 (resolved driver for Chrome 101)
15:53:13.839 [main] DEBUG io.github.bonigarcia.wdm.WebDriverManager - Driver chromedriver 101.0.4951.41 found in cache
15:53:13.840 [main] INFO io.github.bonigarcia.wdm.WebDriverManager - Exporting webdriver.chrome.driver as C:\Users\ponda\.cache\selenium\chromedriver\win32\101.0.4951.41\chromedriver.exe
15:53:14.042 [main] DEBUG net.serenitybdd.core.webdriver.driverproviders.ProvideNewDriver - Instantiating driver
15:53:14.042 [main] DEBUG net.serenitybdd.core.webdriver.driverproviders.ProvideNewDriver - Driver capabilities: Capabilities {acceptInsecureCerts: false, base.url: https://qa.alta.id, browserName: chrome, chrome.driver: src/test/resources/webdrive..., driver: chrome, goog:chromeOptions: {args: [], extensions: []}}
15:53:14.597 [AsyncHttpClient-1-2] DEBUG org.asynchttpclient.netty.channel.NettyConnectListener - Using new Channel '[id: 0x656c6772, L:/127.0.0.1:56380 - R:localhost/127.0.0.1:62791]' for 'POST' to '/session'
15:53:17.101 [AsyncHttpClient-1-2] DEBUG org.asynchttpclient.netty.handler.HttpHandler - 

Request DefaultHttpRequest(decodeResult: success, version: HTTP/1.1)
POST /session HTTP/1.1
User-Agent: selenium/4.1.2 (java windows)
Content-Length: 599
Content-Type: application/json; charset=utf-8
host: localhost:62791
accept: */*

Response DefaultHttpResponse(decodeResult: success, version: HTTP/1.1)
HTTP/1.1 200 OK
Content-Type: application/json; charset=utf-8
cache-control: no-cache
content-length: 790

15:53:17.101 [AsyncHttpClient-1-2] DEBUG org.asynchttpclient.netty.channel.ChannelManager - Adding key: http://localhost:62791 for channel [id: 0x656c6772, L:/127.0.0.1:56380 - R:localhost/127.0.0.1:62791]
15:53:17.119 [AsyncHttpClient-1-3] DEBUG org.asynchttpclient.netty.channel.NettyConnectListener - Using new Channel '[id: 0xb1c13b6d, L:/127.0.0.1:56387 - R:localhost/127.0.0.1:56381]' for 'GET' to '/json/version'
15:53:17.122 [AsyncHttpClient-1-3] DEBUG org.asynchttpclient.netty.handler.HttpHandler - 

Request DefaultFullHttpRequest(decodeResult: success, version: HTTP/1.1, content: EmptyByteBufBE)
GET /json/version HTTP/1.1
User-Agent: selenium/4.1.2 (java windows)
host: localhost:56381
accept: */*

Response DefaultHttpResponse(decodeResult: success, version: HTTP/1.1)
HTTP/1.1 200 OK
Content-Type: application/json; charset=UTF-8
content-length: 427

15:53:17.122 [AsyncHttpClient-1-3] DEBUG org.asynchttpclient.netty.channel.ChannelManager - Adding key: http://localhost:56381 for channel [id: 0xb1c13b6d, L:/127.0.0.1:56387 - R:localhost/127.0.0.1:56381]
15:53:17.126 [AsyncHttpClient-1-4] DEBUG org.asynchttpclient.netty.channel.NettyConnectListener - Using new Channel '[id: 0x137c3078, L:/127.0.0.1:56388 - R:localhost/127.0.0.1:56381]' for 'GET' to '/devtools/browser/c8c90aa5-01a5-410b-b189-f23f5e17d290'
15:53:17.128 [AsyncHttpClient-1-4] DEBUG org.asynchttpclient.netty.handler.WebSocketHandler - 

Request DefaultFullHttpRequest(decodeResult: success, version: HTTP/1.1, content: EmptyByteBufBE)
GET /devtools/browser/c8c90aa5-01a5-410b-b189-f23f5e17d290 HTTP/1.1
upgrade: websocket
connection: upgrade
sec-websocket-key: CPSKZJDvnxHy0tXhQLWXPA==
sec-websocket-version: 13
origin: http://localhost:56381
host: localhost:56381
accept: */*
user-agent: AHC/2.1

Response DefaultHttpResponse(decodeResult: success, version: HTTP/1.1)
HTTP/1.1 101 WebSocket Protocol Handshake
Upgrade: WebSocket
Connection: Upgrade
Sec-WebSocket-Accept: 7eMLfo5ApSeF7NWxpHqNG66BOaw=

15:53:17.143 [Forwarding maximizeCurrentWindow on session 468fb91f9e87f10d77a05c2573fcc935 to remote] DEBUG org.asynchttpclient.netty.request.NettyRequestSender - Using pooled Channel '[id: 0x656c6772, L:/127.0.0.1:56380 - R:localhost/127.0.0.1:62791]' for 'POST' to 'http://localhost:62791/session/468fb91f9e87f10d77a05c2573fcc935/window/maximize'
15:53:17.143 [Forwarding maximizeCurrentWindow on session 468fb91f9e87f10d77a05c2573fcc935 to remote] DEBUG org.asynchttpclient.netty.request.NettyRequestSender - Using open Channel [id: 0x656c6772, L:/127.0.0.1:56380 - R:localhost/127.0.0.1:62791] for POST '/session/468fb91f9e87f10d77a05c2573fcc935/window/maximize'
15:53:17.468 [AsyncHttpClient-1-1] DEBUG org.asynchttpclient.netty.channel.DefaultChannelPool - Entry count for : http://localhost:56381 : 1
15:53:17.666 [AsyncHttpClient-1-2] DEBUG org.asynchttpclient.netty.handler.HttpHandler - 

Request DefaultHttpRequest(decodeResult: success, version: HTTP/1.1)
POST /session/468fb91f9e87f10d77a05c2573fcc935/window/maximize HTTP/1.1
User-Agent: selenium/4.1.2 (java windows)
Content-Length: 3
Content-Type: application/json; charset=utf-8
host: localhost:62791
accept: */*

Response DefaultHttpResponse(decodeResult: success, version: HTTP/1.1)
HTTP/1.1 200 OK
Content-Type: application/json; charset=utf-8
cache-control: no-cache
content-length: 51

15:53:17.667 [AsyncHttpClient-1-2] DEBUG org.asynchttpclient.netty.channel.ChannelManager - Adding key: http://localhost:62791 for channel [id: 0x656c6772, L:/127.0.0.1:56380 - R:localhost/127.0.0.1:62791]
15:53:17.671 [Forwarding get on session 468fb91f9e87f10d77a05c2573fcc935 to remote] DEBUG org.asynchttpclient.netty.request.NettyRequestSender - Using pooled Channel '[id: 0x656c6772, L:/127.0.0.1:56380 - R:localhost/127.0.0.1:62791]' for 'POST' to 'http://localhost:62791/session/468fb91f9e87f10d77a05c2573fcc935/url'
15:53:17.671 [Forwarding get on session 468fb91f9e87f10d77a05c2573fcc935 to remote] DEBUG org.asynchttpclient.netty.request.NettyRequestSender - Using open Channel [id: 0x656c6772, L:/127.0.0.1:56380 - R:localhost/127.0.0.1:62791] for POST '/session/468fb91f9e87f10d77a05c2573fcc935/url'
15:53:18.572 [AsyncHttpClient-1-1] DEBUG org.asynchttpclient.netty.channel.DefaultChannelPool - Entry count for : http://localhost:56381 : 1
15:53:19.712 [AsyncHttpClient-1-1] DEBUG org.asynchttpclient.netty.channel.DefaultChannelPool - Entry count for : http://localhost:56381 : 1
15:53:20.056 [AsyncHttpClient-1-2] DEBUG org.asynchttpclient.netty.handler.HttpHandler - 

Request DefaultHttpRequest(decodeResult: success, version: HTTP/1.1)
POST /session/468fb91f9e87f10d77a05c2573fcc935/url HTTP/1.1
User-Agent: selenium/4.1.2 (java windows)
Content-Length: 64
Content-Type: application/json; charset=utf-8
host: localhost:62791
accept: */*

Response DefaultHttpResponse(decodeResult: success, version: HTTP/1.1)
HTTP/1.1 200 OK
Content-Type: application/json; charset=utf-8
cache-control: no-cache
content-length: 14

15:53:20.056 [AsyncHttpClient-1-2] DEBUG org.asynchttpclient.netty.channel.ChannelManager - Adding key: http://localhost:62791 for channel [id: 0x656c6772, L:/127.0.0.1:56380 - R:localhost/127.0.0.1:62791]
15:53:20.058 [Forwarding setTimeout on session 468fb91f9e87f10d77a05c2573fcc935 to remote] DEBUG org.asynchttpclient.netty.request.NettyRequestSender - Using pooled Channel '[id: 0x656c6772, L:/127.0.0.1:56380 - R:localhost/127.0.0.1:62791]' for 'POST' to 'http://localhost:62791/session/468fb91f9e87f10d77a05c2573fcc935/timeouts'
15:53:20.058 [Forwarding setTimeout on session 468fb91f9e87f10d77a05c2573fcc935 to remote] DEBUG org.asynchttpclient.netty.request.NettyRequestSender - Using open Channel [id: 0x656c6772, L:/127.0.0.1:56380 - R:localhost/127.0.0.1:62791] for POST '/session/468fb91f9e87f10d77a05c2573fcc935/timeouts'
15:53:20.059 [AsyncHttpClient-1-2] DEBUG org.asynchttpclient.netty.handler.HttpHandler - 

Request DefaultHttpRequest(decodeResult: success, version: HTTP/1.1)
POST /session/468fb91f9e87f10d77a05c2573fcc935/timeouts HTTP/1.1
User-Agent: selenium/4.1.2 (java windows)
Content-Length: 22
Content-Type: application/json; charset=utf-8
host: localhost:62791
accept: */*

Response DefaultHttpResponse(decodeResult: success, version: HTTP/1.1)
HTTP/1.1 200 OK
Content-Type: application/json; charset=utf-8
cache-control: no-cache
content-length: 14

15:53:20.060 [AsyncHttpClient-1-2] DEBUG org.asynchttpclient.netty.channel.ChannelManager - Adding key: http://localhost:62791 for channel [id: 0x656c6772, L:/127.0.0.1:56380 - R:localhost/127.0.0.1:62791]
15:53:20.065 [Forwarding getCurrentUrl on session 468fb91f9e87f10d77a05c2573fcc935 to remote] DEBUG org.asynchttpclient.netty.request.NettyRequestSender - Using pooled Channel '[id: 0x656c6772, L:/127.0.0.1:56380 - R:localhost/127.0.0.1:62791]' for 'GET' to 'http://localhost:62791/session/468fb91f9e87f10d77a05c2573fcc935/url'
15:53:20.065 [Forwarding getCurrentUrl on session 468fb91f9e87f10d77a05c2573fcc935 to remote] DEBUG org.asynchttpclient.netty.request.NettyRequestSender - Using open Channel [id: 0x656c6772, L:/127.0.0.1:56380 - R:localhost/127.0.0.1:62791] for GET '/session/468fb91f9e87f10d77a05c2573fcc935/url'
15:53:20.092 [AsyncHttpClient-1-2] DEBUG org.asynchttpclient.netty.handler.HttpHandler - 

Request DefaultFullHttpRequest(decodeResult: success, version: HTTP/1.1, content: EmptyByteBufBE)
GET /session/468fb91f9e87f10d77a05c2573fcc935/url HTTP/1.1
User-Agent: selenium/4.1.2 (java windows)
Cache-Control: no-cache
Content-Type: application/json; charset=utf-8
host: localhost:62791
accept: */*

Response DefaultHttpResponse(decodeResult: success, version: HTTP/1.1)
HTTP/1.1 200 OK
Content-Type: application/json; charset=utf-8
cache-control: no-cache
content-length: 41

15:53:20.092 [AsyncHttpClient-1-2] DEBUG org.asynchttpclient.netty.channel.ChannelManager - Adding key: http://localhost:62791 for channel [id: 0x656c6772, L:/127.0.0.1:56380 - R:localhost/127.0.0.1:62791]
15:53:20.111 [Forwarding screenshot on session 468fb91f9e87f10d77a05c2573fcc935 to remote] DEBUG org.asynchttpclient.netty.request.NettyRequestSender - Using pooled Channel '[id: 0x656c6772, L:/127.0.0.1:56380 - R:localhost/127.0.0.1:62791]' for 'GET' to 'http://localhost:62791/session/468fb91f9e87f10d77a05c2573fcc935/screenshot'
15:53:20.111 [Forwarding screenshot on session 468fb91f9e87f10d77a05c2573fcc935 to remote] DEBUG org.asynchttpclient.netty.request.NettyRequestSender - Using open Channel [id: 0x656c6772, L:/127.0.0.1:56380 - R:localhost/127.0.0.1:62791] for GET '/session/468fb91f9e87f10d77a05c2573fcc935/screenshot'
15:53:20.494 [AsyncHttpClient-1-2] DEBUG org.asynchttpclient.netty.handler.HttpHandler - 

Request DefaultFullHttpRequest(decodeResult: success, version: HTTP/1.1, content: EmptyByteBufBE)
GET /session/468fb91f9e87f10d77a05c2573fcc935/screenshot HTTP/1.1
User-Agent: selenium/4.1.2 (java windows)
Cache-Control: no-cache
Content-Type: application/json; charset=utf-8
host: localhost:62791
accept: */*

Response DefaultHttpResponse(decodeResult: success, version: HTTP/1.1)
HTTP/1.1 200 OK
Content-Type: application/json; charset=utf-8
cache-control: no-cache
content-length: 25384

15:53:20.494 [AsyncHttpClient-1-2] DEBUG org.asynchttpclient.netty.channel.ChannelManager - Adding key: http://localhost:62791 for channel [id: 0x656c6772, L:/127.0.0.1:56380 - R:localhost/127.0.0.1:62791]
15:53:20.496 [main] DEBUG net.serenitybdd.core.photography.Darkroom - Send negative for processing for target\site\serenity\49a3ec3fe6e588bb357024d38ea075b8250cb5f32bd132770e4d40bc98d606c0.png
15:53:20.497 [main] DEBUG net.thucydides.core.steps.StepInterceptor - STEP DONE: openUrl
15:53:20.507 [main] DEBUG net.thucydides.core.steps.StepInterceptor - STARTING STEP: ProductSteps.iAmOnProductPage - inputEmail
15:53:20.510 [Forwarding findElement on session 468fb91f9e87f10d77a05c2573fcc935 to remote] DEBUG org.asynchttpclient.netty.request.NettyRequestSender - Using pooled Channel '[id: 0x656c6772, L:/127.0.0.1:56380 - R:localhost/127.0.0.1:62791]' for 'POST' to 'http://localhost:62791/session/468fb91f9e87f10d77a05c2573fcc935/element'
15:53:20.510 [Forwarding findElement on session 468fb91f9e87f10d77a05c2573fcc935 to remote] DEBUG org.asynchttpclient.netty.request.NettyRequestSender - Using open Channel [id: 0x656c6772, L:/127.0.0.1:56380 - R:localhost/127.0.0.1:62791] for POST '/session/468fb91f9e87f10d77a05c2573fcc935/element'
15:53:20.529 [AsyncHttpClient-1-2] DEBUG org.asynchttpclient.netty.handler.HttpHandler - 

Request DefaultHttpRequest(decodeResult: success, version: HTTP/1.1)
POST /session/468fb91f9e87f10d77a05c2573fcc935/element HTTP/1.1
User-Agent: selenium/4.1.2 (java windows)
Content-Length: 86
Content-Type: application/json; charset=utf-8
host: localhost:62791
accept: */*

Response DefaultHttpResponse(decodeResult: success, version: HTTP/1.1)
HTTP/1.1 200 OK
Content-Type: application/json; charset=utf-8
cache-control: no-cache
content-length: 88

15:53:20.530 [AsyncHttpClient-1-2] DEBUG org.asynchttpclient.netty.channel.ChannelManager - Adding key: http://localhost:62791 for channel [id: 0x656c6772, L:/127.0.0.1:56380 - R:localhost/127.0.0.1:62791]
15:53:20.532 [Forwarding clearElement on session 468fb91f9e87f10d77a05c2573fcc935 to remote] DEBUG org.asynchttpclient.netty.request.NettyRequestSender - Using pooled Channel '[id: 0x656c6772, L:/127.0.0.1:56380 - R:localhost/127.0.0.1:62791]' for 'POST' to 'http://localhost:62791/session/468fb91f9e87f10d77a05c2573fcc935/element/dd9a52dc-f5f5-42bf-8060-145eadd8df16/clear'
15:53:20.532 [Forwarding clearElement on session 468fb91f9e87f10d77a05c2573fcc935 to remote] DEBUG org.asynchttpclient.netty.request.NettyRequestSender - Using open Channel [id: 0x656c6772, L:/127.0.0.1:56380 - R:localhost/127.0.0.1:62791] for POST '/session/468fb91f9e87f10d77a05c2573fcc935/element/dd9a52dc-f5f5-42bf-8060-145eadd8df16/clear'
15:53:20.586 [AsyncHttpClient-1-2] DEBUG org.asynchttpclient.netty.handler.HttpHandler - 

Request DefaultHttpRequest(decodeResult: success, version: HTTP/1.1)
POST /session/468fb91f9e87f10d77a05c2573fcc935/element/dd9a52dc-f5f5-42bf-8060-145eadd8df16/clear HTTP/1.1
User-Agent: selenium/4.1.2 (java windows)
Content-Length: 50
Content-Type: application/json; charset=utf-8
host: localhost:62791
accept: */*

Response DefaultHttpResponse(decodeResult: success, version: HTTP/1.1)
HTTP/1.1 200 OK
Content-Type: application/json; charset=utf-8
cache-control: no-cache
content-length: 14

15:53:20.586 [AsyncHttpClient-1-2] DEBUG org.asynchttpclient.netty.channel.ChannelManager - Adding key: http://localhost:62791 for channel [id: 0x656c6772, L:/127.0.0.1:56380 - R:localhost/127.0.0.1:62791]
15:53:20.589 [Forwarding sendKeysToElement on session 468fb91f9e87f10d77a05c2573fcc935 to remote] DEBUG org.asynchttpclient.netty.request.NettyRequestSender - Using pooled Channel '[id: 0x656c6772, L:/127.0.0.1:56380 - R:localhost/127.0.0.1:62791]' for 'POST' to 'http://localhost:62791/session/468fb91f9e87f10d77a05c2573fcc935/element/dd9a52dc-f5f5-42bf-8060-145eadd8df16/value'
15:53:20.589 [Forwarding sendKeysToElement on session 468fb91f9e87f10d77a05c2573fcc935 to remote] DEBUG org.asynchttpclient.netty.request.NettyRequestSender - Using open Channel [id: 0x656c6772, L:/127.0.0.1:56380 - R:localhost/127.0.0.1:62791] for POST '/session/468fb91f9e87f10d77a05c2573fcc935/element/dd9a52dc-f5f5-42bf-8060-145eadd8df16/value'
15:53:20.762 [AsyncHttpClient-1-1] DEBUG org.asynchttpclient.netty.channel.DefaultChannelPool - Entry count for : http://localhost:56381 : 1
15:53:21.016 [AsyncHttpClient-1-2] DEBUG org.asynchttpclient.netty.handler.HttpHandler - 

Request DefaultHttpRequest(decodeResult: success, version: HTTP/1.1)
POST /session/468fb91f9e87f10d77a05c2573fcc935/element/dd9a52dc-f5f5-42bf-8060-145eadd8df16/value HTTP/1.1
User-Agent: selenium/4.1.2 (java windows)
Content-Length: 251
Content-Type: application/json; charset=utf-8
host: localhost:62791
accept: */*

Response DefaultHttpResponse(decodeResult: success, version: HTTP/1.1)
HTTP/1.1 200 OK
Content-Type: application/json; charset=utf-8
cache-control: no-cache
content-length: 14

15:53:21.018 [AsyncHttpClient-1-2] DEBUG org.asynchttpclient.netty.channel.ChannelManager - Adding key: http://localhost:62791 for channel [id: 0x656c6772, L:/127.0.0.1:56380 - R:localhost/127.0.0.1:62791]
15:53:21.031 [Forwarding screenshot on session 468fb91f9e87f10d77a05c2573fcc935 to remote] DEBUG org.asynchttpclient.netty.request.NettyRequestSender - Using pooled Channel '[id: 0x656c6772, L:/127.0.0.1:56380 - R:localhost/127.0.0.1:62791]' for 'GET' to 'http://localhost:62791/session/468fb91f9e87f10d77a05c2573fcc935/screenshot'
15:53:21.032 [Forwarding screenshot on session 468fb91f9e87f10d77a05c2573fcc935 to remote] DEBUG org.asynchttpclient.netty.request.NettyRequestSender - Using open Channel [id: 0x656c6772, L:/127.0.0.1:56380 - R:localhost/127.0.0.1:62791] for GET '/session/468fb91f9e87f10d77a05c2573fcc935/screenshot'
15:53:21.281 [AsyncHttpClient-1-2] DEBUG org.asynchttpclient.netty.handler.HttpHandler - 

Request DefaultFullHttpRequest(decodeResult: success, version: HTTP/1.1, content: EmptyByteBufBE)
GET /session/468fb91f9e87f10d77a05c2573fcc935/screenshot HTTP/1.1
User-Agent: selenium/4.1.2 (java windows)
Cache-Control: no-cache
Content-Type: application/json; charset=utf-8
host: localhost:62791
accept: */*

Response DefaultHttpResponse(decodeResult: success, version: HTTP/1.1)
HTTP/1.1 200 OK
Content-Type: application/json; charset=utf-8
cache-control: no-cache
content-length: 28896

15:53:21.281 [AsyncHttpClient-1-2] DEBUG org.asynchttpclient.netty.channel.ChannelManager - Adding key: http://localhost:62791 for channel [id: 0x656c6772, L:/127.0.0.1:56380 - R:localhost/127.0.0.1:62791]
15:53:21.291 [main] DEBUG net.serenitybdd.core.photography.Darkroom - Send negative for processing for target\site\serenity\d1ff4dca613d064b5b0d6931593e700b96467e10aa3130f0f4c794c281cbb3d3.png
15:53:21.293 [main] DEBUG net.thucydides.core.steps.StepInterceptor - STEP DONE: inputEmail
15:53:21.298 [Darkroom Processing Line] DEBUG net.serenitybdd.core.photography.DarkroomProcessingLine - Processing screenshot image in /var/screenshots/screenshot-13305417669807720046
15:53:21.298 [Darkroom Processing Line] DEBUG net.serenitybdd.core.photography.DarkroomProcessingLine - Saving screenshot to target\site\serenity\d1ff4dca613d064b5b0d6931593e700b96467e10aa3130f0f4c794c281cbb3d3.png
15:53:21.305 [main] DEBUG net.thucydides.core.steps.StepInterceptor - STARTING STEP: ProductSteps.iAmOnProductPage - inputPassword
15:53:21.309 [Forwarding findElement on session 468fb91f9e87f10d77a05c2573fcc935 to remote] DEBUG org.asynchttpclient.netty.request.NettyRequestSender - Using pooled Channel '[id: 0x656c6772, L:/127.0.0.1:56380 - R:localhost/127.0.0.1:62791]' for 'POST' to 'http://localhost:62791/session/468fb91f9e87f10d77a05c2573fcc935/element'
15:53:21.309 [Forwarding findElement on session 468fb91f9e87f10d77a05c2573fcc935 to remote] DEBUG org.asynchttpclient.netty.request.NettyRequestSender - Using open Channel [id: 0x656c6772, L:/127.0.0.1:56380 - R:localhost/127.0.0.1:62791] for POST '/session/468fb91f9e87f10d77a05c2573fcc935/element'
15:53:21.329 [AsyncHttpClient-1-2] DEBUG org.asynchttpclient.netty.handler.HttpHandler - 

Request DefaultHttpRequest(decodeResult: success, version: HTTP/1.1)
POST /session/468fb91f9e87f10d77a05c2573fcc935/element HTTP/1.1
User-Agent: selenium/4.1.2 (java windows)
Content-Length: 89
Content-Type: application/json; charset=utf-8
host: localhost:62791
accept: */*

Response DefaultHttpResponse(decodeResult: success, version: HTTP/1.1)
HTTP/1.1 200 OK
Content-Type: application/json; charset=utf-8
cache-control: no-cache
content-length: 88

15:53:21.330 [AsyncHttpClient-1-2] DEBUG org.asynchttpclient.netty.channel.ChannelManager - Adding key: http://localhost:62791 for channel [id: 0x656c6772, L:/127.0.0.1:56380 - R:localhost/127.0.0.1:62791]
15:53:21.332 [Forwarding clearElement on session 468fb91f9e87f10d77a05c2573fcc935 to remote] DEBUG org.asynchttpclient.netty.request.NettyRequestSender - Using pooled Channel '[id: 0x656c6772, L:/127.0.0.1:56380 - R:localhost/127.0.0.1:62791]' for 'POST' to 'http://localhost:62791/session/468fb91f9e87f10d77a05c2573fcc935/element/4c2bccd0-aaec-4a98-9970-50c67a112690/clear'
15:53:21.332 [Forwarding clearElement on session 468fb91f9e87f10d77a05c2573fcc935 to remote] DEBUG org.asynchttpclient.netty.request.NettyRequestSender - Using open Channel [id: 0x656c6772, L:/127.0.0.1:56380 - R:localhost/127.0.0.1:62791] for POST '/session/468fb91f9e87f10d77a05c2573fcc935/element/4c2bccd0-aaec-4a98-9970-50c67a112690/clear'
15:53:21.383 [AsyncHttpClient-1-2] DEBUG org.asynchttpclient.netty.handler.HttpHandler - 

Request DefaultHttpRequest(decodeResult: success, version: HTTP/1.1)
POST /session/468fb91f9e87f10d77a05c2573fcc935/element/4c2bccd0-aaec-4a98-9970-50c67a112690/clear HTTP/1.1
User-Agent: selenium/4.1.2 (java windows)
Content-Length: 50
Content-Type: application/json; charset=utf-8
host: localhost:62791
accept: */*

Response DefaultHttpResponse(decodeResult: success, version: HTTP/1.1)
HTTP/1.1 200 OK
Content-Type: application/json; charset=utf-8
cache-control: no-cache
content-length: 14

15:53:21.383 [AsyncHttpClient-1-2] DEBUG org.asynchttpclient.netty.channel.ChannelManager - Adding key: http://localhost:62791 for channel [id: 0x656c6772, L:/127.0.0.1:56380 - R:localhost/127.0.0.1:62791]
15:53:21.386 [Forwarding sendKeysToElement on session 468fb91f9e87f10d77a05c2573fcc935 to remote] DEBUG org.asynchttpclient.netty.request.NettyRequestSender - Using pooled Channel '[id: 0x656c6772, L:/127.0.0.1:56380 - R:localhost/127.0.0.1:62791]' for 'POST' to 'http://localhost:62791/session/468fb91f9e87f10d77a05c2573fcc935/element/4c2bccd0-aaec-4a98-9970-50c67a112690/value'
15:53:21.386 [Forwarding sendKeysToElement on session 468fb91f9e87f10d77a05c2573fcc935 to remote] DEBUG org.asynchttpclient.netty.request.NettyRequestSender - Using open Channel [id: 0x656c6772, L:/127.0.0.1:56380 - R:localhost/127.0.0.1:62791] for POST '/session/468fb91f9e87f10d77a05c2573fcc935/element/4c2bccd0-aaec-4a98-9970-50c67a112690/value'
15:53:21.780 [AsyncHttpClient-1-2] DEBUG org.asynchttpclient.netty.handler.HttpHandler - 

Request DefaultHttpRequest(decodeResult: success, version: HTTP/1.1)
POST /session/468fb91f9e87f10d77a05c2573fcc935/element/4c2bccd0-aaec-4a98-9970-50c67a112690/value HTTP/1.1
User-Agent: selenium/4.1.2 (java windows)
Content-Length: 231
Content-Type: application/json; charset=utf-8
host: localhost:62791
accept: */*

Response DefaultHttpResponse(decodeResult: success, version: HTTP/1.1)
HTTP/1.1 200 OK
Content-Type: application/json; charset=utf-8
cache-control: no-cache
content-length: 14

15:53:21.781 [AsyncHttpClient-1-2] DEBUG org.asynchttpclient.netty.channel.ChannelManager - Adding key: http://localhost:62791 for channel [id: 0x656c6772, L:/127.0.0.1:56380 - R:localhost/127.0.0.1:62791]
15:53:21.797 [Forwarding screenshot on session 468fb91f9e87f10d77a05c2573fcc935 to remote] DEBUG org.asynchttpclient.netty.request.NettyRequestSender - Using pooled Channel '[id: 0x656c6772, L:/127.0.0.1:56380 - R:localhost/127.0.0.1:62791]' for 'GET' to 'http://localhost:62791/session/468fb91f9e87f10d77a05c2573fcc935/screenshot'
15:53:21.797 [Forwarding screenshot on session 468fb91f9e87f10d77a05c2573fcc935 to remote] DEBUG org.asynchttpclient.netty.request.NettyRequestSender - Using open Channel [id: 0x656c6772, L:/127.0.0.1:56380 - R:localhost/127.0.0.1:62791] for GET '/session/468fb91f9e87f10d77a05c2573fcc935/screenshot'
15:53:21.876 [AsyncHttpClient-1-1] DEBUG org.asynchttpclient.netty.channel.DefaultChannelPool - Entry count for : http://localhost:56381 : 1
15:53:22.027 [AsyncHttpClient-1-2] DEBUG org.asynchttpclient.netty.handler.HttpHandler - 

Request DefaultFullHttpRequest(decodeResult: success, version: HTTP/1.1, content: EmptyByteBufBE)
GET /session/468fb91f9e87f10d77a05c2573fcc935/screenshot HTTP/1.1
User-Agent: selenium/4.1.2 (java windows)
Cache-Control: no-cache
Content-Type: application/json; charset=utf-8
host: localhost:62791
accept: */*

Response DefaultHttpResponse(decodeResult: success, version: HTTP/1.1)
HTTP/1.1 200 OK
Content-Type: application/json; charset=utf-8
cache-control: no-cache
content-length: 32248

15:53:22.028 [AsyncHttpClient-1-2] DEBUG org.asynchttpclient.netty.channel.ChannelManager - Adding key: http://localhost:62791 for channel [id: 0x656c6772, L:/127.0.0.1:56380 - R:localhost/127.0.0.1:62791]
15:53:22.034 [main] DEBUG net.serenitybdd.core.photography.Darkroom - Send negative for processing for target\site\serenity\a45555a2ae2e4dbcdcb167f3b0c531c6354ff771bac28ff38188c446695307f8.png
15:53:22.040 [main] DEBUG net.thucydides.core.steps.StepInterceptor - STEP DONE: inputPassword
15:53:22.158 [Forwarding screenshot on session 468fb91f9e87f10d77a05c2573fcc935 to remote] DEBUG org.asynchttpclient.netty.request.NettyRequestSender - Using pooled Channel '[id: 0x656c6772, L:/127.0.0.1:56380 - R:localhost/127.0.0.1:62791]' for 'GET' to 'http://localhost:62791/session/468fb91f9e87f10d77a05c2573fcc935/screenshot'
15:53:22.158 [Forwarding screenshot on session 468fb91f9e87f10d77a05c2573fcc935 to remote] DEBUG org.asynchttpclient.netty.request.NettyRequestSender - Using open Channel [id: 0x656c6772, L:/127.0.0.1:56380 - R:localhost/127.0.0.1:62791] for GET '/session/468fb91f9e87f10d77a05c2573fcc935/screenshot'
15:53:22.506 [AsyncHttpClient-1-2] DEBUG org.asynchttpclient.netty.handler.HttpHandler - 

Request DefaultFullHttpRequest(decodeResult: success, version: HTTP/1.1, content: EmptyByteBufBE)
GET /session/468fb91f9e87f10d77a05c2573fcc935/screenshot HTTP/1.1
User-Agent: selenium/4.1.2 (java windows)
Cache-Control: no-cache
Content-Type: application/json; charset=utf-8
host: localhost:62791
accept: */*

Response DefaultHttpResponse(decodeResult: success, version: HTTP/1.1)
HTTP/1.1 200 OK
Content-Type: application/json; charset=utf-8
cache-control: no-cache
content-length: 32216

15:53:22.506 [AsyncHttpClient-1-2] DEBUG org.asynchttpclient.netty.channel.ChannelManager - Adding key: http://localhost:62791 for channel [id: 0x656c6772, L:/127.0.0.1:56380 - R:localhost/127.0.0.1:62791]
15:53:22.509 [main] DEBUG net.serenitybdd.core.photography.Darkroom - Send negative for processing for target\site\serenity\9f7e4f9f2516bb9a030811cc3fd9870f55a5f22cab438662743f946f6e528cbe.png
15:53:22.510 [main] DEBUG net.thucydides.core.steps.StepInterceptor - STARTING STEP: ProductSteps.iAmOnProductPage - clickLoginButton
15:53:22.516 [Forwarding findElement on session 468fb91f9e87f10d77a05c2573fcc935 to remote] DEBUG org.asynchttpclient.netty.request.NettyRequestSender - Using pooled Channel '[id: 0x656c6772, L:/127.0.0.1:56380 - R:localhost/127.0.0.1:62791]' for 'POST' to 'http://localhost:62791/session/468fb91f9e87f10d77a05c2573fcc935/element'
15:53:22.516 [Forwarding findElement on session 468fb91f9e87f10d77a05c2573fcc935 to remote] DEBUG org.asynchttpclient.netty.request.NettyRequestSender - Using open Channel [id: 0x656c6772, L:/127.0.0.1:56380 - R:localhost/127.0.0.1:62791] for POST '/session/468fb91f9e87f10d77a05c2573fcc935/element'
15:53:22.518 [Darkroom Processing Line] DEBUG net.serenitybdd.core.photography.DarkroomProcessingLine - Processing screenshot image in /var/screenshots/screenshot-13234825805900152230
15:53:22.518 [Darkroom Processing Line] DEBUG net.serenitybdd.core.photography.DarkroomProcessingLine - Saving screenshot to target\site\serenity\9f7e4f9f2516bb9a030811cc3fd9870f55a5f22cab438662743f946f6e528cbe.png
15:53:22.542 [AsyncHttpClient-1-2] DEBUG org.asynchttpclient.netty.handler.HttpHandler - 

Request DefaultHttpRequest(decodeResult: success, version: HTTP/1.1)
POST /session/468fb91f9e87f10d77a05c2573fcc935/element HTTP/1.1
User-Agent: selenium/4.1.2 (java windows)
Content-Length: 136
Content-Type: application/json; charset=utf-8
host: localhost:62791
accept: */*

Response DefaultHttpResponse(decodeResult: success, version: HTTP/1.1)
HTTP/1.1 200 OK
Content-Type: application/json; charset=utf-8
cache-control: no-cache
content-length: 88

15:53:22.542 [AsyncHttpClient-1-2] DEBUG org.asynchttpclient.netty.channel.ChannelManager - Adding key: http://localhost:62791 for channel [id: 0x656c6772, L:/127.0.0.1:56380 - R:localhost/127.0.0.1:62791]
15:53:22.545 [Forwarding getElementTagName on session 468fb91f9e87f10d77a05c2573fcc935 to remote] DEBUG org.asynchttpclient.netty.request.NettyRequestSender - Using pooled Channel '[id: 0x656c6772, L:/127.0.0.1:56380 - R:localhost/127.0.0.1:62791]' for 'GET' to 'http://localhost:62791/session/468fb91f9e87f10d77a05c2573fcc935/element/92133237-ecb9-4a2c-9d1f-b87d1d2adc51/name'
15:53:22.545 [Forwarding getElementTagName on session 468fb91f9e87f10d77a05c2573fcc935 to remote] DEBUG org.asynchttpclient.netty.request.NettyRequestSender - Using open Channel [id: 0x656c6772, L:/127.0.0.1:56380 - R:localhost/127.0.0.1:62791] for GET '/session/468fb91f9e87f10d77a05c2573fcc935/element/92133237-ecb9-4a2c-9d1f-b87d1d2adc51/name'
15:53:22.565 [AsyncHttpClient-1-2] DEBUG org.asynchttpclient.netty.handler.HttpHandler - 

Request DefaultFullHttpRequest(decodeResult: success, version: HTTP/1.1, content: EmptyByteBufBE)
GET /session/468fb91f9e87f10d77a05c2573fcc935/element/92133237-ecb9-4a2c-9d1f-b87d1d2adc51/name HTTP/1.1
User-Agent: selenium/4.1.2 (java windows)
Cache-Control: no-cache
Content-Type: application/json; charset=utf-8
host: localhost:62791
accept: */*

Response DefaultHttpResponse(decodeResult: success, version: HTTP/1.1)
HTTP/1.1 200 OK
Content-Type: application/json; charset=utf-8
cache-control: no-cache
content-length: 18

15:53:22.566 [AsyncHttpClient-1-2] DEBUG org.asynchttpclient.netty.channel.ChannelManager - Adding key: http://localhost:62791 for channel [id: 0x656c6772, L:/127.0.0.1:56380 - R:localhost/127.0.0.1:62791]
15:53:22.574 [Forwarding getElementTagName on session 468fb91f9e87f10d77a05c2573fcc935 to remote] DEBUG org.asynchttpclient.netty.request.NettyRequestSender - Using pooled Channel '[id: 0x656c6772, L:/127.0.0.1:56380 - R:localhost/127.0.0.1:62791]' for 'GET' to 'http://localhost:62791/session/468fb91f9e87f10d77a05c2573fcc935/element/92133237-ecb9-4a2c-9d1f-b87d1d2adc51/name'
15:53:22.574 [Forwarding getElementTagName on session 468fb91f9e87f10d77a05c2573fcc935 to remote] DEBUG org.asynchttpclient.netty.request.NettyRequestSender - Using open Channel [id: 0x656c6772, L:/127.0.0.1:56380 - R:localhost/127.0.0.1:62791] for GET '/session/468fb91f9e87f10d77a05c2573fcc935/element/92133237-ecb9-4a2c-9d1f-b87d1d2adc51/name'
15:53:22.581 [AsyncHttpClient-1-2] DEBUG org.asynchttpclient.netty.handler.HttpHandler - 

Request DefaultFullHttpRequest(decodeResult: success, version: HTTP/1.1, content: EmptyByteBufBE)
GET /session/468fb91f9e87f10d77a05c2573fcc935/element/92133237-ecb9-4a2c-9d1f-b87d1d2adc51/name HTTP/1.1
User-Agent: selenium/4.1.2 (java windows)
Cache-Control: no-cache
Content-Type: application/json; charset=utf-8
host: localhost:62791
accept: */*

Response DefaultHttpResponse(decodeResult: success, version: HTTP/1.1)
HTTP/1.1 200 OK
Content-Type: application/json; charset=utf-8
cache-control: no-cache
content-length: 18

15:53:22.582 [AsyncHttpClient-1-2] DEBUG org.asynchttpclient.netty.channel.ChannelManager - Adding key: http://localhost:62791 for channel [id: 0x656c6772, L:/127.0.0.1:56380 - R:localhost/127.0.0.1:62791]
15:53:22.592 [Forwarding isElementEnabled on session 468fb91f9e87f10d77a05c2573fcc935 to remote] DEBUG org.asynchttpclient.netty.request.NettyRequestSender - Using pooled Channel '[id: 0x656c6772, L:/127.0.0.1:56380 - R:localhost/127.0.0.1:62791]' for 'GET' to 'http://localhost:62791/session/468fb91f9e87f10d77a05c2573fcc935/element/92133237-ecb9-4a2c-9d1f-b87d1d2adc51/enabled'
15:53:22.592 [Forwarding isElementEnabled on session 468fb91f9e87f10d77a05c2573fcc935 to remote] DEBUG org.asynchttpclient.netty.request.NettyRequestSender - Using open Channel [id: 0x656c6772, L:/127.0.0.1:56380 - R:localhost/127.0.0.1:62791] for GET '/session/468fb91f9e87f10d77a05c2573fcc935/element/92133237-ecb9-4a2c-9d1f-b87d1d2adc51/enabled'
15:53:22.620 [AsyncHttpClient-1-2] DEBUG org.asynchttpclient.netty.handler.HttpHandler - 

Request DefaultFullHttpRequest(decodeResult: success, version: HTTP/1.1, content: EmptyByteBufBE)
GET /session/468fb91f9e87f10d77a05c2573fcc935/element/92133237-ecb9-4a2c-9d1f-b87d1d2adc51/enabled HTTP/1.1
User-Agent: selenium/4.1.2 (java windows)
Cache-Control: no-cache
Content-Type: application/json; charset=utf-8
host: localhost:62791
accept: */*

Response DefaultHttpResponse(decodeResult: success, version: HTTP/1.1)
HTTP/1.1 200 OK
Content-Type: application/json; charset=utf-8
cache-control: no-cache
content-length: 14

15:53:22.621 [AsyncHttpClient-1-2] DEBUG org.asynchttpclient.netty.channel.ChannelManager - Adding key: http://localhost:62791 for channel [id: 0x656c6772, L:/127.0.0.1:56380 - R:localhost/127.0.0.1:62791]
15:53:22.623 [Forwarding isElementEnabled on session 468fb91f9e87f10d77a05c2573fcc935 to remote] DEBUG org.asynchttpclient.netty.request.NettyRequestSender - Using pooled Channel '[id: 0x656c6772, L:/127.0.0.1:56380 - R:localhost/127.0.0.1:62791]' for 'GET' to 'http://localhost:62791/session/468fb91f9e87f10d77a05c2573fcc935/element/92133237-ecb9-4a2c-9d1f-b87d1d2adc51/enabled'
15:53:22.623 [Forwarding isElementEnabled on session 468fb91f9e87f10d77a05c2573fcc935 to remote] DEBUG org.asynchttpclient.netty.request.NettyRequestSender - Using open Channel [id: 0x656c6772, L:/127.0.0.1:56380 - R:localhost/127.0.0.1:62791] for GET '/session/468fb91f9e87f10d77a05c2573fcc935/element/92133237-ecb9-4a2c-9d1f-b87d1d2adc51/enabled'
15:53:22.637 [AsyncHttpClient-1-2] DEBUG org.asynchttpclient.netty.handler.HttpHandler - 

Request DefaultFullHttpRequest(decodeResult: success, version: HTTP/1.1, content: EmptyByteBufBE)
GET /session/468fb91f9e87f10d77a05c2573fcc935/element/92133237-ecb9-4a2c-9d1f-b87d1d2adc51/enabled HTTP/1.1
User-Agent: selenium/4.1.2 (java windows)
Cache-Control: no-cache
Content-Type: application/json; charset=utf-8
host: localhost:62791
accept: */*

Response DefaultHttpResponse(decodeResult: success, version: HTTP/1.1)
HTTP/1.1 200 OK
Content-Type: application/json; charset=utf-8
cache-control: no-cache
content-length: 14

15:53:22.637 [AsyncHttpClient-1-2] DEBUG org.asynchttpclient.netty.channel.ChannelManager - Adding key: http://localhost:62791 for channel [id: 0x656c6772, L:/127.0.0.1:56380 - R:localhost/127.0.0.1:62791]
15:53:22.641 [Forwarding findElement on session 468fb91f9e87f10d77a05c2573fcc935 to remote] DEBUG org.asynchttpclient.netty.request.NettyRequestSender - Using pooled Channel '[id: 0x656c6772, L:/127.0.0.1:56380 - R:localhost/127.0.0.1:62791]' for 'POST' to 'http://localhost:62791/session/468fb91f9e87f10d77a05c2573fcc935/element'
15:53:22.641 [Forwarding findElement on session 468fb91f9e87f10d77a05c2573fcc935 to remote] DEBUG org.asynchttpclient.netty.request.NettyRequestSender - Using open Channel [id: 0x656c6772, L:/127.0.0.1:56380 - R:localhost/127.0.0.1:62791] for POST '/session/468fb91f9e87f10d77a05c2573fcc935/element'
15:53:22.653 [AsyncHttpClient-1-2] DEBUG org.asynchttpclient.netty.handler.HttpHandler - 

Request DefaultHttpRequest(decodeResult: success, version: HTTP/1.1)
POST /session/468fb91f9e87f10d77a05c2573fcc935/element HTTP/1.1
User-Agent: selenium/4.1.2 (java windows)
Content-Length: 136
Content-Type: application/json; charset=utf-8
host: localhost:62791
accept: */*

Response DefaultHttpResponse(decodeResult: success, version: HTTP/1.1)
HTTP/1.1 200 OK
Content-Type: application/json; charset=utf-8
cache-control: no-cache
content-length: 88

15:53:22.654 [AsyncHttpClient-1-2] DEBUG org.asynchttpclient.netty.channel.ChannelManager - Adding key: http://localhost:62791 for channel [id: 0x656c6772, L:/127.0.0.1:56380 - R:localhost/127.0.0.1:62791]
15:53:22.656 [Forwarding clickElement on session 468fb91f9e87f10d77a05c2573fcc935 to remote] DEBUG org.asynchttpclient.netty.request.NettyRequestSender - Using pooled Channel '[id: 0x656c6772, L:/127.0.0.1:56380 - R:localhost/127.0.0.1:62791]' for 'POST' to 'http://localhost:62791/session/468fb91f9e87f10d77a05c2573fcc935/element/92133237-ecb9-4a2c-9d1f-b87d1d2adc51/click'
15:53:22.656 [Forwarding clickElement on session 468fb91f9e87f10d77a05c2573fcc935 to remote] DEBUG org.asynchttpclient.netty.request.NettyRequestSender - Using open Channel [id: 0x656c6772, L:/127.0.0.1:56380 - R:localhost/127.0.0.1:62791] for POST '/session/468fb91f9e87f10d77a05c2573fcc935/element/92133237-ecb9-4a2c-9d1f-b87d1d2adc51/click'
15:53:22.811 [AsyncHttpClient-1-2] DEBUG org.asynchttpclient.netty.handler.HttpHandler - 

Request DefaultHttpRequest(decodeResult: success, version: HTTP/1.1)
POST /session/468fb91f9e87f10d77a05c2573fcc935/element/92133237-ecb9-4a2c-9d1f-b87d1d2adc51/click HTTP/1.1
User-Agent: selenium/4.1.2 (java windows)
Content-Length: 50
Content-Type: application/json; charset=utf-8
host: localhost:62791
accept: */*

Response DefaultHttpResponse(decodeResult: success, version: HTTP/1.1)
HTTP/1.1 200 OK
Content-Type: application/json; charset=utf-8
cache-control: no-cache
content-length: 14

15:53:22.829 [AsyncHttpClient-1-2] DEBUG org.asynchttpclient.netty.channel.ChannelManager - Adding key: http://localhost:62791 for channel [id: 0x656c6772, L:/127.0.0.1:56380 - R:localhost/127.0.0.1:62791]
15:53:22.870 [Forwarding screenshot on session 468fb91f9e87f10d77a05c2573fcc935 to remote] DEBUG org.asynchttpclient.netty.request.NettyRequestSender - Using pooled Channel '[id: 0x656c6772, L:/127.0.0.1:56380 - R:localhost/127.0.0.1:62791]' for 'GET' to 'http://localhost:62791/session/468fb91f9e87f10d77a05c2573fcc935/screenshot'
15:53:22.870 [Forwarding screenshot on session 468fb91f9e87f10d77a05c2573fcc935 to remote] DEBUG org.asynchttpclient.netty.request.NettyRequestSender - Using open Channel [id: 0x656c6772, L:/127.0.0.1:56380 - R:localhost/127.0.0.1:62791] for GET '/session/468fb91f9e87f10d77a05c2573fcc935/screenshot'
15:53:23.034 [AsyncHttpClient-1-1] DEBUG org.asynchttpclient.netty.channel.DefaultChannelPool - Entry count for : http://localhost:56381 : 1
15:53:24.022 [AsyncHttpClient-1-2] DEBUG org.asynchttpclient.netty.handler.HttpHandler - 

Request DefaultFullHttpRequest(decodeResult: success, version: HTTP/1.1, content: EmptyByteBufBE)
GET /session/468fb91f9e87f10d77a05c2573fcc935/screenshot HTTP/1.1
User-Agent: selenium/4.1.2 (java windows)
Cache-Control: no-cache
Content-Type: application/json; charset=utf-8
host: localhost:62791
accept: */*

Response DefaultHttpResponse(decodeResult: success, version: HTTP/1.1)
HTTP/1.1 200 OK
Content-Type: application/json; charset=utf-8
cache-control: no-cache
content-length: 31568

15:53:24.023 [AsyncHttpClient-1-2] DEBUG org.asynchttpclient.netty.channel.ChannelManager - Adding key: http://localhost:62791 for channel [id: 0x656c6772, L:/127.0.0.1:56380 - R:localhost/127.0.0.1:62791]
15:53:24.029 [main] DEBUG net.serenitybdd.core.photography.Darkroom - Send negative for processing for target\site\serenity\80af40d6e0ddd814b903a7eeafe654dc42caf4f09f388809c4609494672bdf6e.png
15:53:24.030 [main] DEBUG net.thucydides.core.steps.StepInterceptor - STEP DONE: clickLoginButton
  &amp#27;[32mGiven &amp#27;[0m&amp#27;[32mI am on product page&amp#27;[0m                            &amp#27;[90m# starter.stepdefinitions.ProductSteps.iAmOnProductPage()&amp#27;[0m
15:53:24.038 [Darkroom Processing Line] DEBUG net.serenitybdd.core.photography.DarkroomProcessingLine - Processing screenshot image in /var/screenshots/screenshot-7148483786681407928
15:53:24.038 [Darkroom Processing Line] DEBUG net.serenitybdd.core.photography.DarkroomProcessingLine - Saving screenshot to target\site\serenity\80af40d6e0ddd814b903a7eeafe654dc42caf4f09f388809c4609494672bdf6e.png
15:53:24.113 [AsyncHttpClient-1-1] DEBUG org.asynchttpclient.netty.channel.DefaultChannelPool - Entry count for : http://localhost:56381 : 1
15:53:24.113 [AsyncHttpClient-1-1] DEBUG org.asynchttpclient.netty.channel.DefaultChannelPool - Entry count for : http://localhost:62791 : 1
15:53:24.496 [Forwarding screenshot on session 468fb91f9e87f10d77a05c2573fcc935 to remote] DEBUG org.asynchttpclient.netty.request.NettyRequestSender - Using pooled Channel '[id: 0x656c6772, L:/127.0.0.1:56380 - R:localhost/127.0.0.1:62791]' for 'GET' to 'http://localhost:62791/session/468fb91f9e87f10d77a05c2573fcc935/screenshot'
15:53:24.496 [Forwarding screenshot on session 468fb91f9e87f10d77a05c2573fcc935 to remote] DEBUG org.asynchttpclient.netty.request.NettyRequestSender - Using open Channel [id: 0x656c6772, L:/127.0.0.1:56380 - R:localhost/127.0.0.1:62791] for GET '/session/468fb91f9e87f10d77a05c2573fcc935/screenshot'
15:53:25.162 [AsyncHttpClient-1-1] DEBUG org.asynchttpclient.netty.channel.DefaultChannelPool - Entry count for : http://localhost:56381 : 1
15:53:26.307 [AsyncHttpClient-1-1] DEBUG org.asynchttpclient.netty.channel.DefaultChannelPool - Entry count for : http://localhost:56381 : 1
15:53:27.358 [AsyncHttpClient-1-1] DEBUG org.asynchttpclient.netty.channel.DefaultChannelPool - Entry count for : http://localhost:56381 : 1
15:53:28.475 [AsyncHttpClient-1-1] DEBUG org.asynchttpclient.netty.channel.DefaultChannelPool - Entry count for : http://localhost:56381 : 1
15:53:29.603 [AsyncHttpClient-1-1] DEBUG org.asynchttpclient.netty.channel.DefaultChannelPool - Entry count for : http://localhost:56381 : 1
15:53:30.668 [AsyncHttpClient-1-1] DEBUG org.asynchttpclient.netty.channel.DefaultChannelPool - Entry count for : http://localhost:56381 : 1
15:53:31.833 [AsyncHttpClient-1-1] DEBUG org.asynchttpclient.netty.channel.DefaultChannelPool - Entry count for : http://localhost:56381 : 1
15:53:33.019 [AsyncHttpClient-1-1] DEBUG org.asynchttpclient.netty.channel.DefaultChannelPool - Entry count for : http://localhost:56381 : 1
15:53:34.065 [AsyncHttpClient-1-1] DEBUG org.asynchttpclient.netty.channel.DefaultChannelPool - Entry count for : http://localhost:56381 : 1
15:53:35.180 [AsyncHttpClient-1-1] DEBUG org.asynchttpclient.netty.channel.DefaultChannelPool - Entry count for : http://localhost:56381 : 1
15:53:35.696 [AsyncHttpClient-1-2] DEBUG org.asynchttpclient.netty.handler.HttpHandler - 

Request DefaultFullHttpRequest(decodeResult: success, version: HTTP/1.1, content: EmptyByteBufBE)
GET /session/468fb91f9e87f10d77a05c2573fcc935/screenshot HTTP/1.1
User-Agent: selenium/4.1.2 (java windows)
Cache-Control: no-cache
Content-Type: application/json; charset=utf-8
host: localhost:62791
accept: */*

Response DefaultHttpResponse(decodeResult: success, version: HTTP/1.1)
HTTP/1.1 200 OK
Content-Type: application/json; charset=utf-8
cache-control: no-cache
content-length: 89944

15:53:35.697 [AsyncHttpClient-1-2] DEBUG org.asynchttpclient.netty.channel.ChannelManager - Adding key: http://localhost:62791 for channel [id: 0x656c6772, L:/127.0.0.1:56380 - R:localhost/127.0.0.1:62791]
15:53:35.702 [main] DEBUG net.serenitybdd.core.photography.Darkroom - Send negative for processing for target\site\serenity\f5d72973b97ffb2b9c347bdaea51478810f802fd0d879d56737cfedc58dd7510.png
15:53:35.703 [main] DEBUG net.thucydides.core.steps.StepInterceptor - STARTING STEP: OrderSteps.iClickBuyFirstProductButtonOnProductPage - clickFirstProduct
15:53:35.710 [Forwarding findElement on session 468fb91f9e87f10d77a05c2573fcc935 to remote] DEBUG org.asynchttpclient.netty.request.NettyRequestSender - Using pooled Channel '[id: 0x656c6772, L:/127.0.0.1:56380 - R:localhost/127.0.0.1:62791]' for 'POST' to 'http://localhost:62791/session/468fb91f9e87f10d77a05c2573fcc935/element'
15:53:35.710 [Forwarding findElement on session 468fb91f9e87f10d77a05c2573fcc935 to remote] DEBUG org.asynchttpclient.netty.request.NettyRequestSender - Using open Channel [id: 0x656c6772, L:/127.0.0.1:56380 - R:localhost/127.0.0.1:62791] for POST '/session/468fb91f9e87f10d77a05c2573fcc935/element'
15:53:35.754 [AsyncHttpClient-1-2] DEBUG org.asynchttpclient.netty.handler.HttpHandler - 

Request DefaultHttpRequest(decodeResult: success, version: HTTP/1.1)
POST /session/468fb91f9e87f10d77a05c2573fcc935/element HTTP/1.1
User-Agent: selenium/4.1.2 (java windows)
Content-Length: 122
Content-Type: application/json; charset=utf-8
host: localhost:62791
accept: */*

Response DefaultHttpResponse(decodeResult: success, version: HTTP/1.1)
HTTP/1.1 200 OK
Content-Type: application/json; charset=utf-8
cache-control: no-cache
content-length: 88

15:53:35.754 [AsyncHttpClient-1-2] DEBUG org.asynchttpclient.netty.channel.ChannelManager - Adding key: http://localhost:62791 for channel [id: 0x656c6772, L:/127.0.0.1:56380 - R:localhost/127.0.0.1:62791]
15:53:35.756 [Forwarding getElementTagName on session 468fb91f9e87f10d77a05c2573fcc935 to remote] DEBUG org.asynchttpclient.netty.request.NettyRequestSender - Using pooled Channel '[id: 0x656c6772, L:/127.0.0.1:56380 - R:localhost/127.0.0.1:62791]' for 'GET' to 'http://localhost:62791/session/468fb91f9e87f10d77a05c2573fcc935/element/cf44041b-54fb-4b06-9938-fefd06beb898/name'
15:53:35.757 [Forwarding getElementTagName on session 468fb91f9e87f10d77a05c2573fcc935 to remote] DEBUG org.asynchttpclient.netty.request.NettyRequestSender - Using open Channel [id: 0x656c6772, L:/127.0.0.1:56380 - R:localhost/127.0.0.1:62791] for GET '/session/468fb91f9e87f10d77a05c2573fcc935/element/cf44041b-54fb-4b06-9938-fefd06beb898/name'
15:53:35.769 [AsyncHttpClient-1-2] DEBUG org.asynchttpclient.netty.handler.HttpHandler - 

Request DefaultFullHttpRequest(decodeResult: success, version: HTTP/1.1, content: EmptyByteBufBE)
GET /session/468fb91f9e87f10d77a05c2573fcc935/element/cf44041b-54fb-4b06-9938-fefd06beb898/name HTTP/1.1
User-Agent: selenium/4.1.2 (java windows)
Cache-Control: no-cache
Content-Type: application/json; charset=utf-8
host: localhost:62791
accept: */*

Response DefaultHttpResponse(decodeResult: success, version: HTTP/1.1)
HTTP/1.1 200 OK
Content-Type: application/json; charset=utf-8
cache-control: no-cache
content-length: 16

15:53:35.769 [AsyncHttpClient-1-2] DEBUG org.asynchttpclient.netty.channel.ChannelManager - Adding key: http://localhost:62791 for channel [id: 0x656c6772, L:/127.0.0.1:56380 - R:localhost/127.0.0.1:62791]
15:53:35.771 [Forwarding getElementTagName on session 468fb91f9e87f10d77a05c2573fcc935 to remote] DEBUG org.asynchttpclient.netty.request.NettyRequestSender - Using pooled Channel '[id: 0x656c6772, L:/127.0.0.1:56380 - R:localhost/127.0.0.1:62791]' for 'GET' to 'http://localhost:62791/session/468fb91f9e87f10d77a05c2573fcc935/element/cf44041b-54fb-4b06-9938-fefd06beb898/name'
15:53:35.771 [Forwarding getElementTagName on session 468fb91f9e87f10d77a05c2573fcc935 to remote] DEBUG org.asynchttpclient.netty.request.NettyRequestSender - Using open Channel [id: 0x656c6772, L:/127.0.0.1:56380 - R:localhost/127.0.0.1:62791] for GET '/session/468fb91f9e87f10d77a05c2573fcc935/element/cf44041b-54fb-4b06-9938-fefd06beb898/name'
15:53:35.777 [AsyncHttpClient-1-2] DEBUG org.asynchttpclient.netty.handler.HttpHandler - 

Request DefaultFullHttpRequest(decodeResult: success, version: HTTP/1.1, content: EmptyByteBufBE)
GET /session/468fb91f9e87f10d77a05c2573fcc935/element/cf44041b-54fb-4b06-9938-fefd06beb898/name HTTP/1.1
User-Agent: selenium/4.1.2 (java windows)
Cache-Control: no-cache
Content-Type: application/json; charset=utf-8
host: localhost:62791
accept: */*

Response DefaultHttpResponse(decodeResult: success, version: HTTP/1.1)
HTTP/1.1 200 OK
Content-Type: application/json; charset=utf-8
cache-control: no-cache
content-length: 16

15:53:35.777 [AsyncHttpClient-1-2] DEBUG org.asynchttpclient.netty.channel.ChannelManager - Adding key: http://localhost:62791 for channel [id: 0x656c6772, L:/127.0.0.1:56380 - R:localhost/127.0.0.1:62791]
15:53:35.780 [Forwarding findElement on session 468fb91f9e87f10d77a05c2573fcc935 to remote] DEBUG org.asynchttpclient.netty.request.NettyRequestSender - Using pooled Channel '[id: 0x656c6772, L:/127.0.0.1:56380 - R:localhost/127.0.0.1:62791]' for 'POST' to 'http://localhost:62791/session/468fb91f9e87f10d77a05c2573fcc935/element'
15:53:35.780 [Forwarding findElement on session 468fb91f9e87f10d77a05c2573fcc935 to remote] DEBUG org.asynchttpclient.netty.request.NettyRequestSender - Using open Channel [id: 0x656c6772, L:/127.0.0.1:56380 - R:localhost/127.0.0.1:62791] for POST '/session/468fb91f9e87f10d77a05c2573fcc935/element'
15:53:35.806 [AsyncHttpClient-1-2] DEBUG org.asynchttpclient.netty.handler.HttpHandler - 

Request DefaultHttpRequest(decodeResult: success, version: HTTP/1.1)
POST /session/468fb91f9e87f10d77a05c2573fcc935/element HTTP/1.1
User-Agent: selenium/4.1.2 (java windows)
Content-Length: 122
Content-Type: application/json; charset=utf-8
host: localhost:62791
accept: */*

Response DefaultHttpResponse(decodeResult: success, version: HTTP/1.1)
HTTP/1.1 200 OK
Content-Type: application/json; charset=utf-8
cache-control: no-cache
content-length: 88

15:53:35.806 [AsyncHttpClient-1-2] DEBUG org.asynchttpclient.netty.channel.ChannelManager - Adding key: http://localhost:62791 for channel [id: 0x656c6772, L:/127.0.0.1:56380 - R:localhost/127.0.0.1:62791]
15:53:35.807 [Forwarding clickElement on session 468fb91f9e87f10d77a05c2573fcc935 to remote] DEBUG org.asynchttpclient.netty.request.NettyRequestSender - Using pooled Channel '[id: 0x656c6772, L:/127.0.0.1:56380 - R:localhost/127.0.0.1:62791]' for 'POST' to 'http://localhost:62791/session/468fb91f9e87f10d77a05c2573fcc935/element/cf44041b-54fb-4b06-9938-fefd06beb898/click'
15:53:35.808 [Forwarding clickElement on session 468fb91f9e87f10d77a05c2573fcc935 to remote] DEBUG org.asynchttpclient.netty.request.NettyRequestSender - Using open Channel [id: 0x656c6772, L:/127.0.0.1:56380 - R:localhost/127.0.0.1:62791] for POST '/session/468fb91f9e87f10d77a05c2573fcc935/element/cf44041b-54fb-4b06-9938-fefd06beb898/click'
15:53:36.001 [AsyncHttpClient-1-2] DEBUG org.asynchttpclient.netty.handler.HttpHandler - 

Request DefaultHttpRequest(decodeResult: success, version: HTTP/1.1)
POST /session/468fb91f9e87f10d77a05c2573fcc935/element/cf44041b-54fb-4b06-9938-fefd06beb898/click HTTP/1.1
User-Agent: selenium/4.1.2 (java windows)
Content-Length: 50
Content-Type: application/json; charset=utf-8
host: localhost:62791
accept: */*

Response DefaultHttpResponse(decodeResult: success, version: HTTP/1.1)
HTTP/1.1 200 OK
Content-Type: application/json; charset=utf-8
cache-control: no-cache
content-length: 14

15:53:36.002 [AsyncHttpClient-1-2] DEBUG org.asynchttpclient.netty.channel.ChannelManager - Adding key: http://localhost:62791 for channel [id: 0x656c6772, L:/127.0.0.1:56380 - R:localhost/127.0.0.1:62791]
15:53:36.013 [Forwarding screenshot on session 468fb91f9e87f10d77a05c2573fcc935 to remote] DEBUG org.asynchttpclient.netty.request.NettyRequestSender - Using pooled Channel '[id: 0x656c6772, L:/127.0.0.1:56380 - R:localhost/127.0.0.1:62791]' for 'GET' to 'http://localhost:62791/session/468fb91f9e87f10d77a05c2573fcc935/screenshot'
15:53:36.013 [Forwarding screenshot on session 468fb91f9e87f10d77a05c2573fcc935 to remote] DEBUG org.asynchttpclient.netty.request.NettyRequestSender - Using open Channel [id: 0x656c6772, L:/127.0.0.1:56380 - R:localhost/127.0.0.1:62791] for GET '/session/468fb91f9e87f10d77a05c2573fcc935/screenshot'
15:53:36.296 [AsyncHttpClient-1-1] DEBUG org.asynchttpclient.netty.channel.DefaultChannelPool - Entry count for : http://localhost:56381 : 1
15:53:36.324 [AsyncHttpClient-1-2] DEBUG org.asynchttpclient.netty.handler.HttpHandler - 

Request DefaultFullHttpRequest(decodeResult: success, version: HTTP/1.1, content: EmptyByteBufBE)
GET /session/468fb91f9e87f10d77a05c2573fcc935/screenshot HTTP/1.1
User-Agent: selenium/4.1.2 (java windows)
Cache-Control: no-cache
Content-Type: application/json; charset=utf-8
host: localhost:62791
accept: */*

Response DefaultHttpResponse(decodeResult: success, version: HTTP/1.1)
HTTP/1.1 200 OK
Content-Type: application/json; charset=utf-8
cache-control: no-cache
content-length: 91744

15:53:36.325 [AsyncHttpClient-1-2] DEBUG org.asynchttpclient.netty.channel.ChannelManager - Adding key: http://localhost:62791 for channel [id: 0x656c6772, L:/127.0.0.1:56380 - R:localhost/127.0.0.1:62791]
15:53:36.330 [main] DEBUG net.serenitybdd.core.photography.Darkroom - Send negative for processing for target\site\serenity\09c17d0ca97282def230c9d509ce33d7b58adf9a8ec8a3a0ce8a5c60a536d6fe.png
15:53:36.331 [main] DEBUG net.thucydides.core.steps.StepInterceptor - STEP DONE: clickFirstProduct
  &amp#27;[32mWhen &amp#27;[0m&amp#27;[32mI click buy first product button on product page&amp#27;[0m &amp#27;[90m# starter.stepdefinitions.OrderSteps.iClickBuyFirstProductButtonOnProductPage()&amp#27;[0m
15:53:36.331 [Darkroom Processing Line] DEBUG net.serenitybdd.core.photography.DarkroomProcessingLine - Processing screenshot image in /var/screenshots/screenshot-7021268667759620145
15:53:36.331 [Darkroom Processing Line] DEBUG net.serenitybdd.core.photography.DarkroomProcessingLine - Saving screenshot to target\site\serenity\09c17d0ca97282def230c9d509ce33d7b58adf9a8ec8a3a0ce8a5c60a536d6fe.png
15:53:36.391 [main] DEBUG net.thucydides.core.steps.StepInterceptor - STARTING STEP: OrderSteps.iClickShoppingCartButton - clickShoppingCart
15:53:36.410 [Forwarding findElement on session 468fb91f9e87f10d77a05c2573fcc935 to remote] DEBUG org.asynchttpclient.netty.request.NettyRequestSender - Using pooled Channel '[id: 0x656c6772, L:/127.0.0.1:56380 - R:localhost/127.0.0.1:62791]' for 'POST' to 'http://localhost:62791/session/468fb91f9e87f10d77a05c2573fcc935/element'
15:53:36.411 [Forwarding findElement on session 468fb91f9e87f10d77a05c2573fcc935 to remote] DEBUG org.asynchttpclient.netty.request.NettyRequestSender - Using open Channel [id: 0x656c6772, L:/127.0.0.1:56380 - R:localhost/127.0.0.1:62791] for POST '/session/468fb91f9e87f10d77a05c2573fcc935/element'
15:53:36.475 [AsyncHttpClient-1-2] DEBUG org.asynchttpclient.netty.handler.HttpHandler - 

Request DefaultHttpRequest(decodeResult: success, version: HTTP/1.1)
POST /session/468fb91f9e87f10d77a05c2573fcc935/element HTTP/1.1
User-Agent: selenium/4.1.2 (java windows)
Content-Length: 213
Content-Type: application/json; charset=utf-8
host: localhost:62791
accept: */*

Response DefaultHttpResponse(decodeResult: success, version: HTTP/1.1)
HTTP/1.1 200 OK
Content-Type: application/json; charset=utf-8
cache-control: no-cache
content-length: 88

15:53:36.475 [AsyncHttpClient-1-2] DEBUG org.asynchttpclient.netty.channel.ChannelManager - Adding key: http://localhost:62791 for channel [id: 0x656c6772, L:/127.0.0.1:56380 - R:localhost/127.0.0.1:62791]
15:53:36.478 [Forwarding getElementTagName on session 468fb91f9e87f10d77a05c2573fcc935 to remote] DEBUG org.asynchttpclient.netty.request.NettyRequestSender - Using pooled Channel '[id: 0x656c6772, L:/127.0.0.1:56380 - R:localhost/127.0.0.1:62791]' for 'GET' to 'http://localhost:62791/session/468fb91f9e87f10d77a05c2573fcc935/element/afdb7436-ef95-493c-880f-2939eea51b35/name'
15:53:36.478 [Forwarding getElementTagName on session 468fb91f9e87f10d77a05c2573fcc935 to remote] DEBUG org.asynchttpclient.netty.request.NettyRequestSender - Using open Channel [id: 0x656c6772, L:/127.0.0.1:56380 - R:localhost/127.0.0.1:62791] for GET '/session/468fb91f9e87f10d77a05c2573fcc935/element/afdb7436-ef95-493c-880f-2939eea51b35/name'
15:53:36.489 [AsyncHttpClient-1-2] DEBUG org.asynchttpclient.netty.handler.HttpHandler - 

Request DefaultFullHttpRequest(decodeResult: success, version: HTTP/1.1, content: EmptyByteBufBE)
GET /session/468fb91f9e87f10d77a05c2573fcc935/element/afdb7436-ef95-493c-880f-2939eea51b35/name HTTP/1.1
User-Agent: selenium/4.1.2 (java windows)
Cache-Control: no-cache
Content-Type: application/json; charset=utf-8
host: localhost:62791
accept: */*

Response DefaultHttpResponse(decodeResult: success, version: HTTP/1.1)
HTTP/1.1 200 OK
Content-Type: application/json; charset=utf-8
cache-control: no-cache
content-length: 16

15:53:36.489 [AsyncHttpClient-1-2] DEBUG org.asynchttpclient.netty.channel.ChannelManager - Adding key: http://localhost:62791 for channel [id: 0x656c6772, L:/127.0.0.1:56380 - R:localhost/127.0.0.1:62791]
15:53:36.500 [Forwarding getElementTagName on session 468fb91f9e87f10d77a05c2573fcc935 to remote] DEBUG org.asynchttpclient.netty.request.NettyRequestSender - Using pooled Channel '[id: 0x656c6772, L:/127.0.0.1:56380 - R:localhost/127.0.0.1:62791]' for 'GET' to 'http://localhost:62791/session/468fb91f9e87f10d77a05c2573fcc935/element/afdb7436-ef95-493c-880f-2939eea51b35/name'
15:53:36.500 [Forwarding getElementTagName on session 468fb91f9e87f10d77a05c2573fcc935 to remote] DEBUG org.asynchttpclient.netty.request.NettyRequestSender - Using open Channel [id: 0x656c6772, L:/127.0.0.1:56380 - R:localhost/127.0.0.1:62791] for GET '/session/468fb91f9e87f10d77a05c2573fcc935/element/afdb7436-ef95-493c-880f-2939eea51b35/name'
15:53:36.543 [AsyncHttpClient-1-2] DEBUG org.asynchttpclient.netty.handler.HttpHandler - 

Request DefaultFullHttpRequest(decodeResult: success, version: HTTP/1.1, content: EmptyByteBufBE)
GET /session/468fb91f9e87f10d77a05c2573fcc935/element/afdb7436-ef95-493c-880f-2939eea51b35/name HTTP/1.1
User-Agent: selenium/4.1.2 (java windows)
Cache-Control: no-cache
Content-Type: application/json; charset=utf-8
host: localhost:62791
accept: */*

Response DefaultHttpResponse(decodeResult: success, version: HTTP/1.1)
HTTP/1.1 200 OK
Content-Type: application/json; charset=utf-8
cache-control: no-cache
content-length: 16

15:53:36.544 [AsyncHttpClient-1-2] DEBUG org.asynchttpclient.netty.channel.ChannelManager - Adding key: http://localhost:62791 for channel [id: 0x656c6772, L:/127.0.0.1:56380 - R:localhost/127.0.0.1:62791]
15:53:36.548 [Forwarding findElement on session 468fb91f9e87f10d77a05c2573fcc935 to remote] DEBUG org.asynchttpclient.netty.request.NettyRequestSender - Using pooled Channel '[id: 0x656c6772, L:/127.0.0.1:56380 - R:localhost/127.0.0.1:62791]' for 'POST' to 'http://localhost:62791/session/468fb91f9e87f10d77a05c2573fcc935/element'
15:53:36.548 [Forwarding findElement on session 468fb91f9e87f10d77a05c2573fcc935 to remote] DEBUG org.asynchttpclient.netty.request.NettyRequestSender - Using open Channel [id: 0x656c6772, L:/127.0.0.1:56380 - R:localhost/127.0.0.1:62791] for POST '/session/468fb91f9e87f10d77a05c2573fcc935/element'
15:53:36.594 [AsyncHttpClient-1-2] DEBUG org.asynchttpclient.netty.handler.HttpHandler - 

Request DefaultHttpRequest(decodeResult: success, version: HTTP/1.1)
POST /session/468fb91f9e87f10d77a05c2573fcc935/element HTTP/1.1
User-Agent: selenium/4.1.2 (java windows)
Content-Length: 213
Content-Type: application/json; charset=utf-8
host: localhost:62791
accept: */*

Response DefaultHttpResponse(decodeResult: success, version: HTTP/1.1)
HTTP/1.1 200 OK
Content-Type: application/json; charset=utf-8
cache-control: no-cache
content-length: 88

15:53:36.594 [AsyncHttpClient-1-2] DEBUG org.asynchttpclient.netty.channel.ChannelManager - Adding key: http://localhost:62791 for channel [id: 0x656c6772, L:/127.0.0.1:56380 - R:localhost/127.0.0.1:62791]
15:53:36.596 [Forwarding clickElement on session 468fb91f9e87f10d77a05c2573fcc935 to remote] DEBUG org.asynchttpclient.netty.request.NettyRequestSender - Using pooled Channel '[id: 0x656c6772, L:/127.0.0.1:56380 - R:localhost/127.0.0.1:62791]' for 'POST' to 'http://localhost:62791/session/468fb91f9e87f10d77a05c2573fcc935/element/afdb7436-ef95-493c-880f-2939eea51b35/click'
15:53:36.596 [Forwarding clickElement on session 468fb91f9e87f10d77a05c2573fcc935 to remote] DEBUG org.asynchttpclient.netty.request.NettyRequestSender - Using open Channel [id: 0x656c6772, L:/127.0.0.1:56380 - R:localhost/127.0.0.1:62791] for POST '/session/468fb91f9e87f10d77a05c2573fcc935/element/afdb7436-ef95-493c-880f-2939eea51b35/click'
15:53:36.732 [AsyncHttpClient-1-2] DEBUG org.asynchttpclient.netty.handler.HttpHandler - 

Request DefaultHttpRequest(decodeResult: success, version: HTTP/1.1)
POST /session/468fb91f9e87f10d77a05c2573fcc935/element/afdb7436-ef95-493c-880f-2939eea51b35/click HTTP/1.1
User-Agent: selenium/4.1.2 (java windows)
Content-Length: 50
Content-Type: application/json; charset=utf-8
host: localhost:62791
accept: */*

Response DefaultHttpResponse(decodeResult: success, version: HTTP/1.1)
HTTP/1.1 200 OK
Content-Type: application/json; charset=utf-8
cache-control: no-cache
content-length: 14

15:53:36.733 [AsyncHttpClient-1-2] DEBUG org.asynchttpclient.netty.channel.ChannelManager - Adding key: http://localhost:62791 for channel [id: 0x656c6772, L:/127.0.0.1:56380 - R:localhost/127.0.0.1:62791]
15:53:36.774 [Forwarding screenshot on session 468fb91f9e87f10d77a05c2573fcc935 to remote] DEBUG org.asynchttpclient.netty.request.NettyRequestSender - Using pooled Channel '[id: 0x656c6772, L:/127.0.0.1:56380 - R:localhost/127.0.0.1:62791]' for 'GET' to 'http://localhost:62791/session/468fb91f9e87f10d77a05c2573fcc935/screenshot'
15:53:36.774 [Forwarding screenshot on session 468fb91f9e87f10d77a05c2573fcc935 to remote] DEBUG org.asynchttpclient.netty.request.NettyRequestSender - Using open Channel [id: 0x656c6772, L:/127.0.0.1:56380 - R:localhost/127.0.0.1:62791] for GET '/session/468fb91f9e87f10d77a05c2573fcc935/screenshot'
15:53:37.393 [AsyncHttpClient-1-1] DEBUG org.asynchttpclient.netty.channel.DefaultChannelPool - Entry count for : http://localhost:56381 : 1
15:53:37.449 [AsyncHttpClient-1-2] DEBUG org.asynchttpclient.netty.handler.HttpHandler - 

Request DefaultFullHttpRequest(decodeResult: success, version: HTTP/1.1, content: EmptyByteBufBE)
GET /session/468fb91f9e87f10d77a05c2573fcc935/screenshot HTTP/1.1
User-Agent: selenium/4.1.2 (java windows)
Cache-Control: no-cache
Content-Type: application/json; charset=utf-8
host: localhost:62791
accept: */*

Response DefaultHttpResponse(decodeResult: success, version: HTTP/1.1)
HTTP/1.1 200 OK
Content-Type: application/json; charset=utf-8
cache-control: no-cache
content-length: 33240

15:53:37.450 [AsyncHttpClient-1-2] DEBUG org.asynchttpclient.netty.channel.ChannelManager - Adding key: http://localhost:62791 for channel [id: 0x656c6772, L:/127.0.0.1:56380 - R:localhost/127.0.0.1:62791]
15:53:37.457 [main] DEBUG net.serenitybdd.core.photography.Darkroom - Send negative for processing for target\site\serenity\988fa1d3c2080e17a21529ce9e5cf9be1c49055403865650ad3d1aa7b92d4d72.png
15:53:37.457 [main] DEBUG net.thucydides.core.steps.StepInterceptor - STEP DONE: clickShoppingCart
  &amp#27;[32mAnd &amp#27;[0m&amp#27;[32mI click shopping cart button&amp#27;[0m                      &amp#27;[90m# starter.stepdefinitions.OrderSteps.iClickShoppingCartButton()&amp#27;[0m
15:53:37.461 [Darkroom Processing Line] DEBUG net.serenitybdd.core.photography.DarkroomProcessingLine - Processing screenshot image in /var/screenshots/screenshot-6498887603370188424
15:53:37.461 [Darkroom Processing Line] DEBUG net.serenitybdd.core.photography.DarkroomProcessingLine - Saving screenshot to target\site\serenity\988fa1d3c2080e17a21529ce9e5cf9be1c49055403865650ad3d1aa7b92d4d72.png
15:53:37.492 [main] DEBUG net.thucydides.core.steps.StepInterceptor - STARTING STEP: OrderSteps.iClickReduceSignOnTheProduct - clickReduceButton
15:53:37.528 [Forwarding findElement on session 468fb91f9e87f10d77a05c2573fcc935 to remote] DEBUG org.asynchttpclient.netty.request.NettyRequestSender - Using pooled Channel '[id: 0x656c6772, L:/127.0.0.1:56380 - R:localhost/127.0.0.1:62791]' for 'POST' to 'http://localhost:62791/session/468fb91f9e87f10d77a05c2573fcc935/element'
15:53:37.528 [Forwarding findElement on session 468fb91f9e87f10d77a05c2573fcc935 to remote] DEBUG org.asynchttpclient.netty.request.NettyRequestSender - Using open Channel [id: 0x656c6772, L:/127.0.0.1:56380 - R:localhost/127.0.0.1:62791] for POST '/session/468fb91f9e87f10d77a05c2573fcc935/element'
15:53:37.556 [AsyncHttpClient-1-2] DEBUG org.asynchttpclient.netty.handler.HttpHandler - 

Request DefaultHttpRequest(decodeResult: success, version: HTTP/1.1)
POST /session/468fb91f9e87f10d77a05c2573fcc935/element HTTP/1.1
User-Agent: selenium/4.1.2 (java windows)
Content-Length: 94
Content-Type: application/json; charset=utf-8
host: localhost:62791
accept: */*

Response DefaultHttpResponse(decodeResult: success, version: HTTP/1.1)
HTTP/1.1 200 OK
Content-Type: application/json; charset=utf-8
cache-control: no-cache
content-length: 88

15:53:37.556 [AsyncHttpClient-1-2] DEBUG org.asynchttpclient.netty.channel.ChannelManager - Adding key: http://localhost:62791 for channel [id: 0x656c6772, L:/127.0.0.1:56380 - R:localhost/127.0.0.1:62791]
15:53:37.558 [Forwarding getElementTagName on session 468fb91f9e87f10d77a05c2573fcc935 to remote] DEBUG org.asynchttpclient.netty.request.NettyRequestSender - Using pooled Channel '[id: 0x656c6772, L:/127.0.0.1:56380 - R:localhost/127.0.0.1:62791]' for 'GET' to 'http://localhost:62791/session/468fb91f9e87f10d77a05c2573fcc935/element/9cb84dd8-13f6-4c59-a27d-b2204053462d/name'
15:53:37.558 [Forwarding getElementTagName on session 468fb91f9e87f10d77a05c2573fcc935 to remote] DEBUG org.asynchttpclient.netty.request.NettyRequestSender - Using open Channel [id: 0x656c6772, L:/127.0.0.1:56380 - R:localhost/127.0.0.1:62791] for GET '/session/468fb91f9e87f10d77a05c2573fcc935/element/9cb84dd8-13f6-4c59-a27d-b2204053462d/name'
15:53:37.566 [AsyncHttpClient-1-2] DEBUG org.asynchttpclient.netty.handler.HttpHandler - 

Request DefaultFullHttpRequest(decodeResult: success, version: HTTP/1.1, content: EmptyByteBufBE)
GET /session/468fb91f9e87f10d77a05c2573fcc935/element/9cb84dd8-13f6-4c59-a27d-b2204053462d/name HTTP/1.1
User-Agent: selenium/4.1.2 (java windows)
Cache-Control: no-cache
Content-Type: application/json; charset=utf-8
host: localhost:62791
accept: */*

Response DefaultHttpResponse(decodeResult: success, version: HTTP/1.1)
HTTP/1.1 200 OK
Content-Type: application/json; charset=utf-8
cache-control: no-cache
content-length: 16

15:53:37.567 [AsyncHttpClient-1-2] DEBUG org.asynchttpclient.netty.channel.ChannelManager - Adding key: http://localhost:62791 for channel [id: 0x656c6772, L:/127.0.0.1:56380 - R:localhost/127.0.0.1:62791]
15:53:37.569 [Forwarding getElementTagName on session 468fb91f9e87f10d77a05c2573fcc935 to remote] DEBUG org.asynchttpclient.netty.request.NettyRequestSender - Using pooled Channel '[id: 0x656c6772, L:/127.0.0.1:56380 - R:localhost/127.0.0.1:62791]' for 'GET' to 'http://localhost:62791/session/468fb91f9e87f10d77a05c2573fcc935/element/9cb84dd8-13f6-4c59-a27d-b2204053462d/name'
15:53:37.569 [Forwarding getElementTagName on session 468fb91f9e87f10d77a05c2573fcc935 to remote] DEBUG org.asynchttpclient.netty.request.NettyRequestSender - Using open Channel [id: 0x656c6772, L:/127.0.0.1:56380 - R:localhost/127.0.0.1:62791] for GET '/session/468fb91f9e87f10d77a05c2573fcc935/element/9cb84dd8-13f6-4c59-a27d-b2204053462d/name'
15:53:37.578 [AsyncHttpClient-1-2] DEBUG org.asynchttpclient.netty.handler.HttpHandler - 

Request DefaultFullHttpRequest(decodeResult: success, version: HTTP/1.1, content: EmptyByteBufBE)
GET /session/468fb91f9e87f10d77a05c2573fcc935/element/9cb84dd8-13f6-4c59-a27d-b2204053462d/name HTTP/1.1
User-Agent: selenium/4.1.2 (java windows)
Cache-Control: no-cache
Content-Type: application/json; charset=utf-8
host: localhost:62791
accept: */*

Response DefaultHttpResponse(decodeResult: success, version: HTTP/1.1)
HTTP/1.1 200 OK
Content-Type: application/json; charset=utf-8
cache-control: no-cache
content-length: 16

15:53:37.578 [AsyncHttpClient-1-2] DEBUG org.asynchttpclient.netty.channel.ChannelManager - Adding key: http://localhost:62791 for channel [id: 0x656c6772, L:/127.0.0.1:56380 - R:localhost/127.0.0.1:62791]
15:53:37.583 [Forwarding findElement on session 468fb91f9e87f10d77a05c2573fcc935 to remote] DEBUG org.asynchttpclient.netty.request.NettyRequestSender - Using pooled Channel '[id: 0x656c6772, L:/127.0.0.1:56380 - R:localhost/127.0.0.1:62791]' for 'POST' to 'http://localhost:62791/session/468fb91f9e87f10d77a05c2573fcc935/element'
15:53:37.583 [Forwarding findElement on session 468fb91f9e87f10d77a05c2573fcc935 to remote] DEBUG org.asynchttpclient.netty.request.NettyRequestSender - Using open Channel [id: 0x656c6772, L:/127.0.0.1:56380 - R:localhost/127.0.0.1:62791] for POST '/session/468fb91f9e87f10d77a05c2573fcc935/element'
15:53:37.609 [AsyncHttpClient-1-2] DEBUG org.asynchttpclient.netty.handler.HttpHandler - 

Request DefaultHttpRequest(decodeResult: success, version: HTTP/1.1)
POST /session/468fb91f9e87f10d77a05c2573fcc935/element HTTP/1.1
User-Agent: selenium/4.1.2 (java windows)
Content-Length: 94
Content-Type: application/json; charset=utf-8
host: localhost:62791
accept: */*

Response DefaultHttpResponse(decodeResult: success, version: HTTP/1.1)
HTTP/1.1 200 OK
Content-Type: application/json; charset=utf-8
cache-control: no-cache
content-length: 88

15:53:37.609 [AsyncHttpClient-1-2] DEBUG org.asynchttpclient.netty.channel.ChannelManager - Adding key: http://localhost:62791 for channel [id: 0x656c6772, L:/127.0.0.1:56380 - R:localhost/127.0.0.1:62791]
15:53:37.612 [Forwarding clickElement on session 468fb91f9e87f10d77a05c2573fcc935 to remote] DEBUG org.asynchttpclient.netty.request.NettyRequestSender - Using pooled Channel '[id: 0x656c6772, L:/127.0.0.1:56380 - R:localhost/127.0.0.1:62791]' for 'POST' to 'http://localhost:62791/session/468fb91f9e87f10d77a05c2573fcc935/element/9cb84dd8-13f6-4c59-a27d-b2204053462d/click'
15:53:37.612 [Forwarding clickElement on session 468fb91f9e87f10d77a05c2573fcc935 to remote] DEBUG org.asynchttpclient.netty.request.NettyRequestSender - Using open Channel [id: 0x656c6772, L:/127.0.0.1:56380 - R:localhost/127.0.0.1:62791] for POST '/session/468fb91f9e87f10d77a05c2573fcc935/element/9cb84dd8-13f6-4c59-a27d-b2204053462d/click'
15:53:37.793 [AsyncHttpClient-1-2] DEBUG org.asynchttpclient.netty.handler.HttpHandler - 

Request DefaultHttpRequest(decodeResult: success, version: HTTP/1.1)
POST /session/468fb91f9e87f10d77a05c2573fcc935/element/9cb84dd8-13f6-4c59-a27d-b2204053462d/click HTTP/1.1
User-Agent: selenium/4.1.2 (java windows)
Content-Length: 50
Content-Type: application/json; charset=utf-8
host: localhost:62791
accept: */*

Response DefaultHttpResponse(decodeResult: success, version: HTTP/1.1)
HTTP/1.1 200 OK
Content-Type: application/json; charset=utf-8
cache-control: no-cache
content-length: 14

15:53:37.793 [AsyncHttpClient-1-2] DEBUG org.asynchttpclient.netty.channel.ChannelManager - Adding key: http://localhost:62791 for channel [id: 0x656c6772, L:/127.0.0.1:56380 - R:localhost/127.0.0.1:62791]
15:53:37.805 [Forwarding screenshot on session 468fb91f9e87f10d77a05c2573fcc935 to remote] DEBUG org.asynchttpclient.netty.request.NettyRequestSender - Using pooled Channel '[id: 0x656c6772, L:/127.0.0.1:56380 - R:localhost/127.0.0.1:62791]' for 'GET' to 'http://localhost:62791/session/468fb91f9e87f10d77a05c2573fcc935/screenshot'
15:53:37.805 [Forwarding screenshot on session 468fb91f9e87f10d77a05c2573fcc935 to remote] DEBUG org.asynchttpclient.netty.request.NettyRequestSender - Using open Channel [id: 0x656c6772, L:/127.0.0.1:56380 - R:localhost/127.0.0.1:62791] for GET '/session/468fb91f9e87f10d77a05c2573fcc935/screenshot'
15:53:38.107 [AsyncHttpClient-1-2] DEBUG org.asynchttpclient.netty.handler.HttpHandler - 

Request DefaultFullHttpRequest(decodeResult: success, version: HTTP/1.1, content: EmptyByteBufBE)
GET /session/468fb91f9e87f10d77a05c2573fcc935/screenshot HTTP/1.1
User-Agent: selenium/4.1.2 (java windows)
Cache-Control: no-cache
Content-Type: application/json; charset=utf-8
host: localhost:62791
accept: */*

Response DefaultHttpResponse(decodeResult: success, version: HTTP/1.1)
HTTP/1.1 200 OK
Content-Type: application/json; charset=utf-8
cache-control: no-cache
content-length: 17744

15:53:38.108 [AsyncHttpClient-1-2] DEBUG org.asynchttpclient.netty.channel.ChannelManager - Adding key: http://localhost:62791 for channel [id: 0x656c6772, L:/127.0.0.1:56380 - R:localhost/127.0.0.1:62791]
15:53:38.110 [main] DEBUG net.serenitybdd.core.photography.Darkroom - Send negative for processing for target\site\serenity\076875ed388d7ba8b3eeb2dea3920cb712b12b5faea1c4adba34bc15846b0ee5.png
15:53:38.110 [main] DEBUG net.thucydides.core.steps.StepInterceptor - STEP DONE: clickReduceButton
  &amp#27;[32mAnd &amp#27;[0m&amp#27;[32mI click - sign on the product&amp#27;[0m                     &amp#27;[90m# starter.stepdefinitions.OrderSteps.iClickReduceSignOnTheProduct()&amp#27;[0m
15:53:38.115 [Darkroom Processing Line] DEBUG net.serenitybdd.core.photography.DarkroomProcessingLine - Processing screenshot image in /var/screenshots/screenshot-3595078657076659486
15:53:38.115 [Darkroom Processing Line] DEBUG net.serenitybdd.core.photography.DarkroomProcessingLine - Saving screenshot to target\site\serenity\076875ed388d7ba8b3eeb2dea3920cb712b12b5faea1c4adba34bc15846b0ee5.png
15:53:38.146 [main] DEBUG net.thucydides.core.steps.StepInterceptor - STARTING STEP: OrderSteps.iValidateTheProductIsRemoved - verifyCartIsEmpty
15:53:38.151 [Forwarding findElement on session 468fb91f9e87f10d77a05c2573fcc935 to remote] DEBUG org.asynchttpclient.netty.request.NettyRequestSender - Using pooled Channel '[id: 0x656c6772, L:/127.0.0.1:56380 - R:localhost/127.0.0.1:62791]' for 'POST' to 'http://localhost:62791/session/468fb91f9e87f10d77a05c2573fcc935/element'
15:53:38.151 [Forwarding findElement on session 468fb91f9e87f10d77a05c2573fcc935 to remote] DEBUG org.asynchttpclient.netty.request.NettyRequestSender - Using open Channel [id: 0x656c6772, L:/127.0.0.1:56380 - R:localhost/127.0.0.1:62791] for POST '/session/468fb91f9e87f10d77a05c2573fcc935/element'
15:53:38.160 [AsyncHttpClient-1-2] DEBUG org.asynchttpclient.netty.handler.HttpHandler - 

Request DefaultHttpRequest(decodeResult: success, version: HTTP/1.1)
POST /session/468fb91f9e87f10d77a05c2573fcc935/element HTTP/1.1
User-Agent: selenium/4.1.2 (java windows)
Content-Length: 53
Content-Type: application/json; charset=utf-8
host: localhost:62791
accept: */*

Response DefaultHttpResponse(decodeResult: success, version: HTTP/1.1)
HTTP/1.1 400 Bad Request
Content-Type: application/json; charset=utf-8
cache-control: no-cache
content-length: 957

15:53:38.160 [AsyncHttpClient-1-2] DEBUG org.asynchttpclient.netty.channel.ChannelManager - Adding key: http://localhost:62791 for channel [id: 0x656c6772, L:/127.0.0.1:56380 - R:localhost/127.0.0.1:62791]
15:53:38.163 [Forwarding findElement on session 468fb91f9e87f10d77a05c2573fcc935 to remote] DEBUG org.asynchttpclient.netty.request.NettyRequestSender - Using pooled Channel '[id: 0x656c6772, L:/127.0.0.1:56380 - R:localhost/127.0.0.1:62791]' for 'POST' to 'http://localhost:62791/session/468fb91f9e87f10d77a05c2573fcc935/element'
15:53:38.163 [Forwarding findElement on session 468fb91f9e87f10d77a05c2573fcc935 to remote] DEBUG org.asynchttpclient.netty.request.NettyRequestSender - Using open Channel [id: 0x656c6772, L:/127.0.0.1:56380 - R:localhost/127.0.0.1:62791] for POST '/session/468fb91f9e87f10d77a05c2573fcc935/element'
15:53:38.189 [AsyncHttpClient-1-2] DEBUG org.asynchttpclient.netty.handler.HttpHandler - 

Request DefaultHttpRequest(decodeResult: success, version: HTTP/1.1)
POST /session/468fb91f9e87f10d77a05c2573fcc935/element HTTP/1.1
User-Agent: selenium/4.1.2 (java windows)
Content-Length: 63
Content-Type: application/json; charset=utf-8
host: localhost:62791
accept: */*

Response DefaultHttpResponse(decodeResult: success, version: HTTP/1.1)
HTTP/1.1 200 OK
Content-Type: application/json; charset=utf-8
cache-control: no-cache
content-length: 88

15:53:38.189 [AsyncHttpClient-1-2] DEBUG org.asynchttpclient.netty.channel.ChannelManager - Adding key: http://localhost:62791 for channel [id: 0x656c6772, L:/127.0.0.1:56380 - R:localhost/127.0.0.1:62791]
15:53:38.196 [Forwarding isElementDisplayed on session 468fb91f9e87f10d77a05c2573fcc935 to remote] DEBUG org.asynchttpclient.netty.request.NettyRequestSender - Using pooled Channel '[id: 0x656c6772, L:/127.0.0.1:56380 - R:localhost/127.0.0.1:62791]' for 'POST' to 'http://localhost:62791/session/468fb91f9e87f10d77a05c2573fcc935/execute/sync'
15:53:38.196 [Forwarding isElementDisplayed on session 468fb91f9e87f10d77a05c2573fcc935 to remote] DEBUG org.asynchttpclient.netty.request.NettyRequestSender - Using open Channel [id: 0x656c6772, L:/127.0.0.1:56380 - R:localhost/127.0.0.1:62791] for POST '/session/468fb91f9e87f10d77a05c2573fcc935/execute/sync'
15:53:38.232 [AsyncHttpClient-1-2] DEBUG org.asynchttpclient.netty.handler.HttpHandler - 

Request DefaultHttpRequest(decodeResult: success, version: HTTP/1.1)
POST /session/468fb91f9e87f10d77a05c2573fcc935/execute/sync HTTP/1.1
User-Agent: selenium/4.1.2 (java windows)
Content-Length: 48780
Content-Type: application/json; charset=utf-8
host: localhost:62791
accept: */*

Response DefaultHttpResponse(decodeResult: success, version: HTTP/1.1)
HTTP/1.1 200 OK
Content-Type: application/json; charset=utf-8
cache-control: no-cache
content-length: 14

15:53:38.233 [AsyncHttpClient-1-2] DEBUG org.asynchttpclient.netty.channel.ChannelManager - Adding key: http://localhost:62791 for channel [id: 0x656c6772, L:/127.0.0.1:56380 - R:localhost/127.0.0.1:62791]
15:53:38.241 [Forwarding screenshot on session 468fb91f9e87f10d77a05c2573fcc935 to remote] DEBUG org.asynchttpclient.netty.request.NettyRequestSender - Using pooled Channel '[id: 0x656c6772, L:/127.0.0.1:56380 - R:localhost/127.0.0.1:62791]' for 'GET' to 'http://localhost:62791/session/468fb91f9e87f10d77a05c2573fcc935/screenshot'
15:53:38.242 [Forwarding screenshot on session 468fb91f9e87f10d77a05c2573fcc935 to remote] DEBUG org.asynchttpclient.netty.request.NettyRequestSender - Using open Channel [id: 0x656c6772, L:/127.0.0.1:56380 - R:localhost/127.0.0.1:62791] for GET '/session/468fb91f9e87f10d77a05c2573fcc935/screenshot'
15:53:38.442 [AsyncHttpClient-1-2] DEBUG org.asynchttpclient.netty.handler.HttpHandler - 

Request DefaultFullHttpRequest(decodeResult: success, version: HTTP/1.1, content: EmptyByteBufBE)
GET /session/468fb91f9e87f10d77a05c2573fcc935/screenshot HTTP/1.1
User-Agent: selenium/4.1.2 (java windows)
Cache-Control: no-cache
Content-Type: application/json; charset=utf-8
host: localhost:62791
accept: */*

Response DefaultHttpResponse(decodeResult: success, version: HTTP/1.1)
HTTP/1.1 200 OK
Content-Type: application/json; charset=utf-8
cache-control: no-cache
content-length: 17724

15:53:38.443 [AsyncHttpClient-1-2] DEBUG org.asynchttpclient.netty.channel.ChannelManager - Adding key: http://localhost:62791 for channel [id: 0x656c6772, L:/127.0.0.1:56380 - R:localhost/127.0.0.1:62791]
15:53:38.445 [main] DEBUG net.serenitybdd.core.photography.Darkroom - Send negative for processing for target\site\serenity\d0d3598a25adfc627cf8abd2ef78679da4436be5b4c9b8b4cbf96352734f30ea.png
15:53:38.445 [main] DEBUG net.thucydides.core.steps.StepInterceptor - STEP DONE: verifyCartIsEmpty
  &amp#27;[32mThen &amp#27;[0m&amp#27;[32mI validate the product is removed&amp#27;[0m                &amp#27;[90m# starter.stepdefinitions.OrderSteps.iValidateTheProductIsRemoved()&amp#27;[0m
15:53:38.456 [main] INFO  - 
  _____   ___   ___   _____     ___     _     ___   ___   ___   ___  
 |_   _| | __| / __| |_   _|   | _ \   /_\   / __| / __| | __| |   \ 
   | |   | _|  \__ \   | |     |  _/  / _ \  \__ \ \__ \ | _|  | |) |
   |_|   |___| |___/   |_|     |_|   /_/ \_\ |___/ |___/ |___| |___/ 

I remove the item in my shopping cart
----------------------------------------------------------------------
15:53:38.458 [AsyncHttpClient-1-4] DEBUG org.asynchttpclient.netty.handler.WebSocketHandler - Channel Closed: [id: 0x137c3078, L:/127.0.0.1:56388 ! R:localhost/127.0.0.1:56381] with attribute NettyResponseFuture{currentRetry=5,
	isDone=1,
	isCancelled=0,
	asyncHandler=org.asynchttpclient.ws.WebSocketUpgradeHandler@2997b0b3,
	nettyRequest=org.asynchttpclient.netty.request.NettyRequest@1e39c82f,
	future=java.util.concurrent.CompletableFuture@23880b4d[Completed normally],
	uri=ws://localhost:56381/devtools/browser/c8c90aa5-01a5-410b-b189-f23f5e17d290,
	keepAlive=true,
	redirectCount=0,
	timeoutsHolder=null,
	inAuth=0,
	touch=1652863997129}
15:53:38.459 [AsyncHttpClient-1-4] DEBUG org.asynchttpclient.netty.channel.ChannelManager - Closing Channel [id: 0x137c3078, L:/127.0.0.1:56388 ! R:localhost/127.0.0.1:56381] 
15:53:38.460 [Darkroom Processing Line] DEBUG net.serenitybdd.core.photography.DarkroomProcessingLine - Processing screenshot image in /var/screenshots/screenshot-15760413987193951027
15:53:38.460 [Darkroom Processing Line] DEBUG net.serenitybdd.core.photography.DarkroomProcessingLine - Saving screenshot to target\site\serenity\d0d3598a25adfc627cf8abd2ef78679da4436be5b4c9b8b4cbf96352734f30ea.png
15:53:38.462 [AsyncHttpClient-1-1] DEBUG org.asynchttpclient.netty.channel.DefaultChannelPool - Entry count for : http://localhost:56381 : 1
15:53:38.462 [AsyncHttpClient-1-1] DEBUG org.asynchttpclient.netty.channel.DefaultChannelPool - Entry count for : http://localhost:62791 : 1
15:53:38.464 [Driver Command Executor] DEBUG org.asynchttpclient.netty.request.NettyRequestSender - Using pooled Channel '[id: 0x656c6772, L:/127.0.0.1:56380 - R:localhost/127.0.0.1:62791]' for 'DELETE' to 'http://localhost:62791/session/468fb91f9e87f10d77a05c2573fcc935'
15:53:38.465 [Driver Command Executor] DEBUG org.asynchttpclient.netty.request.NettyRequestSender - Using open Channel [id: 0x656c6772, L:/127.0.0.1:56380 - R:localhost/127.0.0.1:62791] for DELETE '/session/468fb91f9e87f10d77a05c2573fcc935'
15:53:38.717 [AsyncHttpClient-1-3] DEBUG org.asynchttpclient.netty.handler.HttpHandler - Unexpected I/O exception on channel [id: 0xb1c13b6d, L:/127.0.0.1:56387 - R:localhost/127.0.0.1:56381]
java.net.SocketException: Connection reset
	at java.base/sun.nio.ch.SocketChannelImpl.throwConnectionReset(SocketChannelImpl.java:367)
	at java.base/sun.nio.ch.SocketChannelImpl.read(SocketChannelImpl.java:398)
	at io.netty.buffer.PooledByteBuf.setBytes(PooledByteBuf.java:258)
	at io.netty.buffer.AbstractByteBuf.writeBytes(AbstractByteBuf.java:1132)
	at io.netty.channel.socket.nio.NioSocketChannel.doReadBytes(NioSocketChannel.java:350)
	at io.netty.channel.nio.AbstractNioByteChannel$NioByteUnsafe.read(AbstractNioByteChannel.java:151)
	at io.netty.channel.nio.NioEventLoop.processSelectedKey(NioEventLoop.java:722)
	at io.netty.channel.nio.NioEventLoop.processSelectedKeysOptimized(NioEventLoop.java:658)
	at io.netty.channel.nio.NioEventLoop.processSelectedKeys(NioEventLoop.java:584)
	at io.netty.channel.nio.NioEventLoop.run(NioEventLoop.java:496)
	at io.netty.util.concurrent.SingleThreadEventExecutor$4.run(SingleThreadEventExecutor.java:986)
	at io.netty.util.internal.ThreadExecutorMap$2.run(ThreadExecutorMap.java:74)
	at io.netty.util.concurrent.FastThreadLocalRunnable.run(FastThreadLocalRunnable.java:30)
	at java.base/java.lang.Thread.run(Thread.java:832)
15:53:38.717 [AsyncHttpClient-1-3] DEBUG org.asynchttpclient.netty.channel.ChannelManager - Closing Channel [id: 0xb1c13b6d, L:/127.0.0.1:56387 - R:localhost/127.0.0.1:56381] 
15:53:38.717 [AsyncHttpClient-1-3] DEBUG org.asynchttpclient.netty.handler.HttpHandler - Channel Closed: [id: 0xb1c13b6d, L:/127.0.0.1:56387 ! R:localhost/127.0.0.1:56381] with attribute DISCARD
15:53:38.754 [AsyncHttpClient-1-2] DEBUG org.asynchttpclient.netty.handler.HttpHandler - 

Request DefaultFullHttpRequest(decodeResult: success, version: HTTP/1.1, content: EmptyByteBufBE)
DELETE /session/468fb91f9e87f10d77a05c2573fcc935 HTTP/1.1
User-Agent: selenium/4.1.2 (java windows)
Content-Type: application/json; charset=utf-8
host: localhost:62791
accept: */*

Response DefaultHttpResponse(decodeResult: success, version: HTTP/1.1)
HTTP/1.1 200 OK
Content-Type: application/json; charset=utf-8
cache-control: no-cache
content-length: 14

15:53:38.754 [AsyncHttpClient-1-2] DEBUG org.asynchttpclient.netty.channel.ChannelManager - Adding key: http://localhost:62791 for channel [id: 0x656c6772, L:/127.0.0.1:56380 - R:localhost/127.0.0.1:62791]
15:53:39.240 [AsyncHttpClient-1-2] DEBUG org.asynchttpclient.netty.handler.HttpHandler - Channel Closed: [id: 0x656c6772, L:/127.0.0.1:56380 ! R:localhost/127.0.0.1:62791] with attribute DISCARD
15:53:39.568 [AsyncHttpClient-1-1] DEBUG org.asynchttpclient.netty.channel.DefaultChannelPool - Entry count for : http://localhost:56381 : 1
15:53:39.568 [AsyncHttpClient-1-1] DEBUG org.asynchttpclient.netty.channel.DefaultChannelPool - Entry count for : http://localhost:62791 : 1
15:53:39.568 [AsyncHttpClient-1-1] DEBUG org.asynchttpclient.netty.channel.DefaultChannelPool - Adding Candidate expired Channel [id: 0xb1c13b6d, L:/127.0.0.1:56387 ! R:localhost/127.0.0.1:56381] isIdleTimeoutExpired=false isRemotelyClosed=true isTtlExpired=false
15:53:39.568 [AsyncHttpClient-1-1] DEBUG org.asynchttpclient.netty.channel.DefaultChannelPool - Closing Idle Channel [id: 0xb1c13b6d, L:/127.0.0.1:56387 ! R:localhost/127.0.0.1:56381]
15:53:39.568 [AsyncHttpClient-1-1] DEBUG org.asynchttpclient.netty.channel.DefaultChannelPool - Adding Candidate expired Channel [id: 0x656c6772, L:/127.0.0.1:56380 ! R:localhost/127.0.0.1:62791] isIdleTimeoutExpired=false isRemotelyClosed=true isTtlExpired=false
15:53:39.568 [AsyncHttpClient-1-1] DEBUG org.asynchttpclient.netty.channel.DefaultChannelPool - Closing Idle Channel [id: 0x656c6772, L:/127.0.0.1:56380 ! R:localhost/127.0.0.1:62791]
15:53:39.568 [AsyncHttpClient-1-1] DEBUG org.asynchttpclient.netty.channel.DefaultChannelPool - Closed 2 connections out of 2 in 0 ms
]]></system-out>
    <system-err><![CDATA[Starting ChromeDriver 100.0.4896.60 (6a5d10861ce8de5fce22564658033b43cb7de047-refs/branch-heads/4896@{#875}) on port 62791
Only local connections are allowed.
Please see https://chromedriver.chromium.org/security-considerations for suggestions on keeping ChromeDriver safe.
ChromeDriver was started successfully.
[1652863996.877][WARNING]: This version of ChromeDriver has not been tested with Chrome version 101.
May 18, 2022 3:53:17 PM org.openqa.selenium.remote.ProtocolHandshake createSession
INFO: Detected dialect: W3C
May 18, 2022 3:53:17 PM org.openqa.selenium.devtools.CdpVersionFinder findNearestMatch
WARNING: Unable to find an exact match for CDP version 101, so returning the closest version found: 97
May 18, 2022 3:53:17 PM org.openqa.selenium.devtools.CdpVersionFinder findNearestMatch
INFO: Found CDP implementation for version 101 of 97
]]></system-err>
  </testcase>
  <testcase name="I click Bayar button on product page" classname="Change item&apos;s quantity on my shopping cart" time="26.486">
    <system-out><![CDATA[
Scenario: I click Bayar button on product page &amp#27;[90m# src/test/resources/features/Order.feature:29&amp#27;[0m
15:53:39.775 [main] INFO io.cucumber.core.plugin.SerenityReporter - Running feature from file:///C:/Users/ponda/Documents/Final_Project/Final_Web/src/test/resources/features/Order.feature
15:53:39.779 [main] INFO  - 
  _____   ___   ___   _____     ___   _____     _     ___   _____   ___   ___  
 |_   _| | __| / __| |_   _|   / __| |_   _|   /_\   | _ \ |_   _| | __| |   \ 
   | |   | _|  \__ \   | |     \__ \   | |    / _ \  |   /   | |   | _|  | |) |
   |_|   |___| |___/   |_|     |___/   |_|   /_/ \_\ |_|_\   |_|   |___| |___/ 

I click Bayar button on product page(change-item-s-quantity-on-my-shopping-cart;i-click-bayar-button-on-product-page)
--------------------------------------------------------------------------------
15:53:39.835 [main] DEBUG net.thucydides.core.steps.StepInterceptor - STARTING STEP: ProductSteps.iAmOnProductPage - openUrl
15:53:39.838 [main] INFO net.serenitybdd.core.webdriver.driverproviders.ChromeDriverProvider - Using automatically driver download
15:53:40.064 [main] DEBUG io.github.bonigarcia.wdm.cache.ResolutionCache - Resolution chrome=101 in cache (valid until 16:36:25 18/05/2022 WIB)
15:53:40.079 [main] DEBUG io.github.bonigarcia.wdm.cache.ResolutionCache - Resolution chrome101=101.0.4951.41 in cache (valid until 16:04:06 18/05/2022 WIB)
15:53:40.083 [main] INFO io.github.bonigarcia.wdm.WebDriverManager - Using chromedriver 101.0.4951.41 (resolved driver for Chrome 101)
15:53:40.115 [main] DEBUG io.github.bonigarcia.wdm.WebDriverManager - Driver chromedriver 101.0.4951.41 found in cache
15:53:40.116 [main] INFO io.github.bonigarcia.wdm.WebDriverManager - Exporting webdriver.chrome.driver as C:\Users\ponda\.cache\selenium\chromedriver\win32\101.0.4951.41\chromedriver.exe
15:53:40.350 [main] DEBUG net.serenitybdd.core.webdriver.driverproviders.ProvideNewDriver - Instantiating driver
15:53:40.350 [main] DEBUG net.serenitybdd.core.webdriver.driverproviders.ProvideNewDriver - Driver capabilities: Capabilities {acceptInsecureCerts: false, base.url: https://qa.alta.id, browserName: chrome, chrome.driver: src/test/resources/webdrive..., driver: chrome, goog:chromeOptions: {args: [], extensions: []}}
15:53:40.947 [AsyncHttpClient-1-5] DEBUG org.asynchttpclient.netty.channel.NettyConnectListener - Using new Channel '[id: 0x4c89a9bf, L:/127.0.0.1:56419 - R:localhost/127.0.0.1:57666]' for 'POST' to '/session'
15:53:42.960 [AsyncHttpClient-1-5] DEBUG org.asynchttpclient.netty.handler.HttpHandler - 

Request DefaultHttpRequest(decodeResult: success, version: HTTP/1.1)
POST /session HTTP/1.1
User-Agent: selenium/4.1.2 (java windows)
Content-Length: 599
Content-Type: application/json; charset=utf-8
host: localhost:57666
accept: */*

Response DefaultHttpResponse(decodeResult: success, version: HTTP/1.1)
HTTP/1.1 200 OK
Content-Type: application/json; charset=utf-8
cache-control: no-cache
content-length: 790

15:53:42.960 [AsyncHttpClient-1-5] DEBUG org.asynchttpclient.netty.channel.ChannelManager - Adding key: http://localhost:57666 for channel [id: 0x4c89a9bf, L:/127.0.0.1:56419 - R:localhost/127.0.0.1:57666]
15:53:43.009 [AsyncHttpClient-1-2] DEBUG org.asynchttpclient.netty.channel.NettyConnectListener - Using new Channel '[id: 0xc5ff305d, L:/127.0.0.1:56427 - R:localhost/127.0.0.1:56421]' for 'GET' to '/json/version'
15:53:43.016 [AsyncHttpClient-1-2] DEBUG org.asynchttpclient.netty.handler.HttpHandler - 

Request DefaultFullHttpRequest(decodeResult: success, version: HTTP/1.1, content: EmptyByteBufBE)
GET /json/version HTTP/1.1
User-Agent: selenium/4.1.2 (java windows)
host: localhost:56421
accept: */*

Response DefaultHttpResponse(decodeResult: success, version: HTTP/1.1)
HTTP/1.1 200 OK
Content-Type: application/json; charset=UTF-8
content-length: 427

15:53:43.017 [AsyncHttpClient-1-2] DEBUG org.asynchttpclient.netty.channel.ChannelManager - Adding key: http://localhost:56421 for channel [id: 0xc5ff305d, L:/127.0.0.1:56427 - R:localhost/127.0.0.1:56421]
15:53:43.024 [AsyncHttpClient-1-3] DEBUG org.asynchttpclient.netty.channel.NettyConnectListener - Using new Channel '[id: 0x8c5bdb25, L:/127.0.0.1:56428 - R:localhost/127.0.0.1:56421]' for 'GET' to '/devtools/browser/e1f27272-1a16-4cde-843e-342b763bcb86'
15:53:43.026 [AsyncHttpClient-1-3] DEBUG org.asynchttpclient.netty.handler.WebSocketHandler - 

Request DefaultFullHttpRequest(decodeResult: success, version: HTTP/1.1, content: EmptyByteBufBE)
GET /devtools/browser/e1f27272-1a16-4cde-843e-342b763bcb86 HTTP/1.1
upgrade: websocket
connection: upgrade
sec-websocket-key: AYSdu5xh6DhqnDsZnLau3Q==
sec-websocket-version: 13
origin: http://localhost:56421
host: localhost:56421
accept: */*
user-agent: AHC/2.1

Response DefaultHttpResponse(decodeResult: success, version: HTTP/1.1)
HTTP/1.1 101 WebSocket Protocol Handshake
Upgrade: WebSocket
Connection: Upgrade
Sec-WebSocket-Accept: y1bEYMp8Rs7pHucjF/3OEJTzh0Y=

15:53:43.071 [Forwarding maximizeCurrentWindow on session f75e970eacde07a552e1b589fcda40b9 to remote] DEBUG org.asynchttpclient.netty.request.NettyRequestSender - Using pooled Channel '[id: 0x4c89a9bf, L:/127.0.0.1:56419 - R:localhost/127.0.0.1:57666]' for 'POST' to 'http://localhost:57666/session/f75e970eacde07a552e1b589fcda40b9/window/maximize'
15:53:43.071 [Forwarding maximizeCurrentWindow on session f75e970eacde07a552e1b589fcda40b9 to remote] DEBUG org.asynchttpclient.netty.request.NettyRequestSender - Using open Channel [id: 0x4c89a9bf, L:/127.0.0.1:56419 - R:localhost/127.0.0.1:57666] for POST '/session/f75e970eacde07a552e1b589fcda40b9/window/maximize'
15:53:43.444 [AsyncHttpClient-1-5] DEBUG org.asynchttpclient.netty.handler.HttpHandler - 

Request DefaultHttpRequest(decodeResult: success, version: HTTP/1.1)
POST /session/f75e970eacde07a552e1b589fcda40b9/window/maximize HTTP/1.1
User-Agent: selenium/4.1.2 (java windows)
Content-Length: 3
Content-Type: application/json; charset=utf-8
host: localhost:57666
accept: */*

Response DefaultHttpResponse(decodeResult: success, version: HTTP/1.1)
HTTP/1.1 200 OK
Content-Type: application/json; charset=utf-8
cache-control: no-cache
content-length: 51

15:53:43.444 [AsyncHttpClient-1-5] DEBUG org.asynchttpclient.netty.channel.ChannelManager - Adding key: http://localhost:57666 for channel [id: 0x4c89a9bf, L:/127.0.0.1:56419 - R:localhost/127.0.0.1:57666]
15:53:43.450 [Forwarding get on session f75e970eacde07a552e1b589fcda40b9 to remote] DEBUG org.asynchttpclient.netty.request.NettyRequestSender - Using pooled Channel '[id: 0x4c89a9bf, L:/127.0.0.1:56419 - R:localhost/127.0.0.1:57666]' for 'POST' to 'http://localhost:57666/session/f75e970eacde07a552e1b589fcda40b9/url'
15:53:43.450 [Forwarding get on session f75e970eacde07a552e1b589fcda40b9 to remote] DEBUG org.asynchttpclient.netty.request.NettyRequestSender - Using open Channel [id: 0x4c89a9bf, L:/127.0.0.1:56419 - R:localhost/127.0.0.1:57666] for POST '/session/f75e970eacde07a552e1b589fcda40b9/url'
15:53:43.965 [AsyncHttpClient-1-1] DEBUG org.asynchttpclient.netty.channel.DefaultChannelPool - Entry count for : http://localhost:56421 : 1
15:53:45.065 [AsyncHttpClient-1-1] DEBUG org.asynchttpclient.netty.channel.DefaultChannelPool - Entry count for : http://localhost:56421 : 1
15:53:46.037 [AsyncHttpClient-1-5] DEBUG org.asynchttpclient.netty.handler.HttpHandler - 

Request DefaultHttpRequest(decodeResult: success, version: HTTP/1.1)
POST /session/f75e970eacde07a552e1b589fcda40b9/url HTTP/1.1
User-Agent: selenium/4.1.2 (java windows)
Content-Length: 64
Content-Type: application/json; charset=utf-8
host: localhost:57666
accept: */*

Response DefaultHttpResponse(decodeResult: success, version: HTTP/1.1)
HTTP/1.1 200 OK
Content-Type: application/json; charset=utf-8
cache-control: no-cache
content-length: 14

15:53:46.037 [AsyncHttpClient-1-5] DEBUG org.asynchttpclient.netty.channel.ChannelManager - Adding key: http://localhost:57666 for channel [id: 0x4c89a9bf, L:/127.0.0.1:56419 - R:localhost/127.0.0.1:57666]
15:53:46.040 [Forwarding setTimeout on session f75e970eacde07a552e1b589fcda40b9 to remote] DEBUG org.asynchttpclient.netty.request.NettyRequestSender - Using pooled Channel '[id: 0x4c89a9bf, L:/127.0.0.1:56419 - R:localhost/127.0.0.1:57666]' for 'POST' to 'http://localhost:57666/session/f75e970eacde07a552e1b589fcda40b9/timeouts'
15:53:46.040 [Forwarding setTimeout on session f75e970eacde07a552e1b589fcda40b9 to remote] DEBUG org.asynchttpclient.netty.request.NettyRequestSender - Using open Channel [id: 0x4c89a9bf, L:/127.0.0.1:56419 - R:localhost/127.0.0.1:57666] for POST '/session/f75e970eacde07a552e1b589fcda40b9/timeouts'
15:53:46.047 [AsyncHttpClient-1-5] DEBUG org.asynchttpclient.netty.handler.HttpHandler - 

Request DefaultHttpRequest(decodeResult: success, version: HTTP/1.1)
POST /session/f75e970eacde07a552e1b589fcda40b9/timeouts HTTP/1.1
User-Agent: selenium/4.1.2 (java windows)
Content-Length: 22
Content-Type: application/json; charset=utf-8
host: localhost:57666
accept: */*

Response DefaultHttpResponse(decodeResult: success, version: HTTP/1.1)
HTTP/1.1 200 OK
Content-Type: application/json; charset=utf-8
cache-control: no-cache
content-length: 14

15:53:46.048 [AsyncHttpClient-1-5] DEBUG org.asynchttpclient.netty.channel.ChannelManager - Adding key: http://localhost:57666 for channel [id: 0x4c89a9bf, L:/127.0.0.1:56419 - R:localhost/127.0.0.1:57666]
15:53:46.076 [Forwarding getCurrentUrl on session f75e970eacde07a552e1b589fcda40b9 to remote] DEBUG org.asynchttpclient.netty.request.NettyRequestSender - Using pooled Channel '[id: 0x4c89a9bf, L:/127.0.0.1:56419 - R:localhost/127.0.0.1:57666]' for 'GET' to 'http://localhost:57666/session/f75e970eacde07a552e1b589fcda40b9/url'
15:53:46.076 [Forwarding getCurrentUrl on session f75e970eacde07a552e1b589fcda40b9 to remote] DEBUG org.asynchttpclient.netty.request.NettyRequestSender - Using open Channel [id: 0x4c89a9bf, L:/127.0.0.1:56419 - R:localhost/127.0.0.1:57666] for GET '/session/f75e970eacde07a552e1b589fcda40b9/url'
15:53:46.088 [AsyncHttpClient-1-5] DEBUG org.asynchttpclient.netty.handler.HttpHandler - 

Request DefaultFullHttpRequest(decodeResult: success, version: HTTP/1.1, content: EmptyByteBufBE)
GET /session/f75e970eacde07a552e1b589fcda40b9/url HTTP/1.1
User-Agent: selenium/4.1.2 (java windows)
Cache-Control: no-cache
Content-Type: application/json; charset=utf-8
host: localhost:57666
accept: */*

Response DefaultHttpResponse(decodeResult: success, version: HTTP/1.1)
HTTP/1.1 200 OK
Content-Type: application/json; charset=utf-8
cache-control: no-cache
content-length: 41

15:53:46.088 [AsyncHttpClient-1-5] DEBUG org.asynchttpclient.netty.channel.ChannelManager - Adding key: http://localhost:57666 for channel [id: 0x4c89a9bf, L:/127.0.0.1:56419 - R:localhost/127.0.0.1:57666]
15:53:46.104 [Forwarding screenshot on session f75e970eacde07a552e1b589fcda40b9 to remote] DEBUG org.asynchttpclient.netty.request.NettyRequestSender - Using pooled Channel '[id: 0x4c89a9bf, L:/127.0.0.1:56419 - R:localhost/127.0.0.1:57666]' for 'GET' to 'http://localhost:57666/session/f75e970eacde07a552e1b589fcda40b9/screenshot'
15:53:46.104 [Forwarding screenshot on session f75e970eacde07a552e1b589fcda40b9 to remote] DEBUG org.asynchttpclient.netty.request.NettyRequestSender - Using open Channel [id: 0x4c89a9bf, L:/127.0.0.1:56419 - R:localhost/127.0.0.1:57666] for GET '/session/f75e970eacde07a552e1b589fcda40b9/screenshot'
15:53:46.208 [AsyncHttpClient-1-1] DEBUG org.asynchttpclient.netty.channel.DefaultChannelPool - Entry count for : http://localhost:56421 : 1
15:53:46.451 [AsyncHttpClient-1-5] DEBUG org.asynchttpclient.netty.handler.HttpHandler - 

Request DefaultFullHttpRequest(decodeResult: success, version: HTTP/1.1, content: EmptyByteBufBE)
GET /session/f75e970eacde07a552e1b589fcda40b9/screenshot HTTP/1.1
User-Agent: selenium/4.1.2 (java windows)
Cache-Control: no-cache
Content-Type: application/json; charset=utf-8
host: localhost:57666
accept: */*

Response DefaultHttpResponse(decodeResult: success, version: HTTP/1.1)
HTTP/1.1 200 OK
Content-Type: application/json; charset=utf-8
cache-control: no-cache
content-length: 25384

15:53:46.452 [AsyncHttpClient-1-5] DEBUG org.asynchttpclient.netty.channel.ChannelManager - Adding key: http://localhost:57666 for channel [id: 0x4c89a9bf, L:/127.0.0.1:56419 - R:localhost/127.0.0.1:57666]
15:53:46.454 [main] DEBUG net.serenitybdd.core.photography.Darkroom - Send negative for processing for target\site\serenity\49a3ec3fe6e588bb357024d38ea075b8250cb5f32bd132770e4d40bc98d606c0.png
15:53:46.455 [main] DEBUG net.thucydides.core.steps.StepInterceptor - STEP DONE: openUrl
15:53:46.465 [main] DEBUG net.thucydides.core.steps.StepInterceptor - STARTING STEP: ProductSteps.iAmOnProductPage - inputEmail
15:53:46.470 [Forwarding findElement on session f75e970eacde07a552e1b589fcda40b9 to remote] DEBUG org.asynchttpclient.netty.request.NettyRequestSender - Using pooled Channel '[id: 0x4c89a9bf, L:/127.0.0.1:56419 - R:localhost/127.0.0.1:57666]' for 'POST' to 'http://localhost:57666/session/f75e970eacde07a552e1b589fcda40b9/element'
15:53:46.470 [Forwarding findElement on session f75e970eacde07a552e1b589fcda40b9 to remote] DEBUG org.asynchttpclient.netty.request.NettyRequestSender - Using open Channel [id: 0x4c89a9bf, L:/127.0.0.1:56419 - R:localhost/127.0.0.1:57666] for POST '/session/f75e970eacde07a552e1b589fcda40b9/element'
15:53:46.494 [AsyncHttpClient-1-5] DEBUG org.asynchttpclient.netty.handler.HttpHandler - 

Request DefaultHttpRequest(decodeResult: success, version: HTTP/1.1)
POST /session/f75e970eacde07a552e1b589fcda40b9/element HTTP/1.1
User-Agent: selenium/4.1.2 (java windows)
Content-Length: 86
Content-Type: application/json; charset=utf-8
host: localhost:57666
accept: */*

Response DefaultHttpResponse(decodeResult: success, version: HTTP/1.1)
HTTP/1.1 200 OK
Content-Type: application/json; charset=utf-8
cache-control: no-cache
content-length: 88

15:53:46.494 [AsyncHttpClient-1-5] DEBUG org.asynchttpclient.netty.channel.ChannelManager - Adding key: http://localhost:57666 for channel [id: 0x4c89a9bf, L:/127.0.0.1:56419 - R:localhost/127.0.0.1:57666]
15:53:46.497 [Forwarding clearElement on session f75e970eacde07a552e1b589fcda40b9 to remote] DEBUG org.asynchttpclient.netty.request.NettyRequestSender - Using pooled Channel '[id: 0x4c89a9bf, L:/127.0.0.1:56419 - R:localhost/127.0.0.1:57666]' for 'POST' to 'http://localhost:57666/session/f75e970eacde07a552e1b589fcda40b9/element/fd780f7c-e772-44b3-b1c2-96bd4909a47a/clear'
15:53:46.497 [Forwarding clearElement on session f75e970eacde07a552e1b589fcda40b9 to remote] DEBUG org.asynchttpclient.netty.request.NettyRequestSender - Using open Channel [id: 0x4c89a9bf, L:/127.0.0.1:56419 - R:localhost/127.0.0.1:57666] for POST '/session/f75e970eacde07a552e1b589fcda40b9/element/fd780f7c-e772-44b3-b1c2-96bd4909a47a/clear'
15:53:46.561 [AsyncHttpClient-1-5] DEBUG org.asynchttpclient.netty.handler.HttpHandler - 

Request DefaultHttpRequest(decodeResult: success, version: HTTP/1.1)
POST /session/f75e970eacde07a552e1b589fcda40b9/element/fd780f7c-e772-44b3-b1c2-96bd4909a47a/clear HTTP/1.1
User-Agent: selenium/4.1.2 (java windows)
Content-Length: 50
Content-Type: application/json; charset=utf-8
host: localhost:57666
accept: */*

Response DefaultHttpResponse(decodeResult: success, version: HTTP/1.1)
HTTP/1.1 200 OK
Content-Type: application/json; charset=utf-8
cache-control: no-cache
content-length: 14

15:53:46.561 [AsyncHttpClient-1-5] DEBUG org.asynchttpclient.netty.channel.ChannelManager - Adding key: http://localhost:57666 for channel [id: 0x4c89a9bf, L:/127.0.0.1:56419 - R:localhost/127.0.0.1:57666]
15:53:46.564 [Forwarding sendKeysToElement on session f75e970eacde07a552e1b589fcda40b9 to remote] DEBUG org.asynchttpclient.netty.request.NettyRequestSender - Using pooled Channel '[id: 0x4c89a9bf, L:/127.0.0.1:56419 - R:localhost/127.0.0.1:57666]' for 'POST' to 'http://localhost:57666/session/f75e970eacde07a552e1b589fcda40b9/element/fd780f7c-e772-44b3-b1c2-96bd4909a47a/value'
15:53:46.564 [Forwarding sendKeysToElement on session f75e970eacde07a552e1b589fcda40b9 to remote] DEBUG org.asynchttpclient.netty.request.NettyRequestSender - Using open Channel [id: 0x4c89a9bf, L:/127.0.0.1:56419 - R:localhost/127.0.0.1:57666] for POST '/session/f75e970eacde07a552e1b589fcda40b9/element/fd780f7c-e772-44b3-b1c2-96bd4909a47a/value'
15:53:46.919 [AsyncHttpClient-1-5] DEBUG org.asynchttpclient.netty.handler.HttpHandler - 

Request DefaultHttpRequest(decodeResult: success, version: HTTP/1.1)
POST /session/f75e970eacde07a552e1b589fcda40b9/element/fd780f7c-e772-44b3-b1c2-96bd4909a47a/value HTTP/1.1
User-Agent: selenium/4.1.2 (java windows)
Content-Length: 251
Content-Type: application/json; charset=utf-8
host: localhost:57666
accept: */*

Response DefaultHttpResponse(decodeResult: success, version: HTTP/1.1)
HTTP/1.1 200 OK
Content-Type: application/json; charset=utf-8
cache-control: no-cache
content-length: 14

15:53:46.919 [AsyncHttpClient-1-5] DEBUG org.asynchttpclient.netty.channel.ChannelManager - Adding key: http://localhost:57666 for channel [id: 0x4c89a9bf, L:/127.0.0.1:56419 - R:localhost/127.0.0.1:57666]
15:53:46.961 [Forwarding screenshot on session f75e970eacde07a552e1b589fcda40b9 to remote] DEBUG org.asynchttpclient.netty.request.NettyRequestSender - Using pooled Channel '[id: 0x4c89a9bf, L:/127.0.0.1:56419 - R:localhost/127.0.0.1:57666]' for 'GET' to 'http://localhost:57666/session/f75e970eacde07a552e1b589fcda40b9/screenshot'
15:53:46.961 [Forwarding screenshot on session f75e970eacde07a552e1b589fcda40b9 to remote] DEBUG org.asynchttpclient.netty.request.NettyRequestSender - Using open Channel [id: 0x4c89a9bf, L:/127.0.0.1:56419 - R:localhost/127.0.0.1:57666] for GET '/session/f75e970eacde07a552e1b589fcda40b9/screenshot'
15:53:47.221 [AsyncHttpClient-1-5] DEBUG org.asynchttpclient.netty.handler.HttpHandler - 

Request DefaultFullHttpRequest(decodeResult: success, version: HTTP/1.1, content: EmptyByteBufBE)
GET /session/f75e970eacde07a552e1b589fcda40b9/screenshot HTTP/1.1
User-Agent: selenium/4.1.2 (java windows)
Cache-Control: no-cache
Content-Type: application/json; charset=utf-8
host: localhost:57666
accept: */*

Response DefaultHttpResponse(decodeResult: success, version: HTTP/1.1)
HTTP/1.1 200 OK
Content-Type: application/json; charset=utf-8
cache-control: no-cache
content-length: 29296

15:53:47.222 [AsyncHttpClient-1-5] DEBUG org.asynchttpclient.netty.channel.ChannelManager - Adding key: http://localhost:57666 for channel [id: 0x4c89a9bf, L:/127.0.0.1:56419 - R:localhost/127.0.0.1:57666]
15:53:47.229 [main] DEBUG net.serenitybdd.core.photography.Darkroom - Send negative for processing for target\site\serenity\8d8f369e4984a831586545adb30b1f0d301829883ec8c980238294c6109af180.png
15:53:47.230 [main] DEBUG net.thucydides.core.steps.StepInterceptor - STEP DONE: inputEmail
15:53:47.230 [Darkroom Processing Line] DEBUG net.serenitybdd.core.photography.DarkroomProcessingLine - Processing screenshot image in /var/screenshots/screenshot-3628364733446138429
15:53:47.230 [Darkroom Processing Line] DEBUG net.serenitybdd.core.photography.DarkroomProcessingLine - Saving screenshot to target\site\serenity\8d8f369e4984a831586545adb30b1f0d301829883ec8c980238294c6109af180.png
15:53:47.246 [main] DEBUG net.thucydides.core.steps.StepInterceptor - STARTING STEP: ProductSteps.iAmOnProductPage - inputPassword
15:53:47.251 [Forwarding findElement on session f75e970eacde07a552e1b589fcda40b9 to remote] DEBUG org.asynchttpclient.netty.request.NettyRequestSender - Using pooled Channel '[id: 0x4c89a9bf, L:/127.0.0.1:56419 - R:localhost/127.0.0.1:57666]' for 'POST' to 'http://localhost:57666/session/f75e970eacde07a552e1b589fcda40b9/element'
15:53:47.251 [Forwarding findElement on session f75e970eacde07a552e1b589fcda40b9 to remote] DEBUG org.asynchttpclient.netty.request.NettyRequestSender - Using open Channel [id: 0x4c89a9bf, L:/127.0.0.1:56419 - R:localhost/127.0.0.1:57666] for POST '/session/f75e970eacde07a552e1b589fcda40b9/element'
15:53:47.265 [AsyncHttpClient-1-1] DEBUG org.asynchttpclient.netty.channel.DefaultChannelPool - Entry count for : http://localhost:56421 : 1
15:53:47.289 [AsyncHttpClient-1-5] DEBUG org.asynchttpclient.netty.handler.HttpHandler - 

Request DefaultHttpRequest(decodeResult: success, version: HTTP/1.1)
POST /session/f75e970eacde07a552e1b589fcda40b9/element HTTP/1.1
User-Agent: selenium/4.1.2 (java windows)
Content-Length: 89
Content-Type: application/json; charset=utf-8
host: localhost:57666
accept: */*

Response DefaultHttpResponse(decodeResult: success, version: HTTP/1.1)
HTTP/1.1 200 OK
Content-Type: application/json; charset=utf-8
cache-control: no-cache
content-length: 88

15:53:47.289 [AsyncHttpClient-1-5] DEBUG org.asynchttpclient.netty.channel.ChannelManager - Adding key: http://localhost:57666 for channel [id: 0x4c89a9bf, L:/127.0.0.1:56419 - R:localhost/127.0.0.1:57666]
15:53:47.295 [Forwarding clearElement on session f75e970eacde07a552e1b589fcda40b9 to remote] DEBUG org.asynchttpclient.netty.request.NettyRequestSender - Using pooled Channel '[id: 0x4c89a9bf, L:/127.0.0.1:56419 - R:localhost/127.0.0.1:57666]' for 'POST' to 'http://localhost:57666/session/f75e970eacde07a552e1b589fcda40b9/element/30141be1-3cd5-4cf1-933e-2cb4c6586279/clear'
15:53:47.295 [Forwarding clearElement on session f75e970eacde07a552e1b589fcda40b9 to remote] DEBUG org.asynchttpclient.netty.request.NettyRequestSender - Using open Channel [id: 0x4c89a9bf, L:/127.0.0.1:56419 - R:localhost/127.0.0.1:57666] for POST '/session/f75e970eacde07a552e1b589fcda40b9/element/30141be1-3cd5-4cf1-933e-2cb4c6586279/clear'
15:53:47.383 [AsyncHttpClient-1-5] DEBUG org.asynchttpclient.netty.handler.HttpHandler - 

Request DefaultHttpRequest(decodeResult: success, version: HTTP/1.1)
POST /session/f75e970eacde07a552e1b589fcda40b9/element/30141be1-3cd5-4cf1-933e-2cb4c6586279/clear HTTP/1.1
User-Agent: selenium/4.1.2 (java windows)
Content-Length: 50
Content-Type: application/json; charset=utf-8
host: localhost:57666
accept: */*

Response DefaultHttpResponse(decodeResult: success, version: HTTP/1.1)
HTTP/1.1 200 OK
Content-Type: application/json; charset=utf-8
cache-control: no-cache
content-length: 14

15:53:47.383 [AsyncHttpClient-1-5] DEBUG org.asynchttpclient.netty.channel.ChannelManager - Adding key: http://localhost:57666 for channel [id: 0x4c89a9bf, L:/127.0.0.1:56419 - R:localhost/127.0.0.1:57666]
15:53:47.386 [Forwarding sendKeysToElement on session f75e970eacde07a552e1b589fcda40b9 to remote] DEBUG org.asynchttpclient.netty.request.NettyRequestSender - Using pooled Channel '[id: 0x4c89a9bf, L:/127.0.0.1:56419 - R:localhost/127.0.0.1:57666]' for 'POST' to 'http://localhost:57666/session/f75e970eacde07a552e1b589fcda40b9/element/30141be1-3cd5-4cf1-933e-2cb4c6586279/value'
15:53:47.386 [Forwarding sendKeysToElement on session f75e970eacde07a552e1b589fcda40b9 to remote] DEBUG org.asynchttpclient.netty.request.NettyRequestSender - Using open Channel [id: 0x4c89a9bf, L:/127.0.0.1:56419 - R:localhost/127.0.0.1:57666] for POST '/session/f75e970eacde07a552e1b589fcda40b9/element/30141be1-3cd5-4cf1-933e-2cb4c6586279/value'
15:53:47.765 [AsyncHttpClient-1-5] DEBUG org.asynchttpclient.netty.handler.HttpHandler - 

Request DefaultHttpRequest(decodeResult: success, version: HTTP/1.1)
POST /session/f75e970eacde07a552e1b589fcda40b9/element/30141be1-3cd5-4cf1-933e-2cb4c6586279/value HTTP/1.1
User-Agent: selenium/4.1.2 (java windows)
Content-Length: 231
Content-Type: application/json; charset=utf-8
host: localhost:57666
accept: */*

Response DefaultHttpResponse(decodeResult: success, version: HTTP/1.1)
HTTP/1.1 200 OK
Content-Type: application/json; charset=utf-8
cache-control: no-cache
content-length: 14

15:53:47.766 [AsyncHttpClient-1-5] DEBUG org.asynchttpclient.netty.channel.ChannelManager - Adding key: http://localhost:57666 for channel [id: 0x4c89a9bf, L:/127.0.0.1:56419 - R:localhost/127.0.0.1:57666]
15:53:47.784 [Forwarding screenshot on session f75e970eacde07a552e1b589fcda40b9 to remote] DEBUG org.asynchttpclient.netty.request.NettyRequestSender - Using pooled Channel '[id: 0x4c89a9bf, L:/127.0.0.1:56419 - R:localhost/127.0.0.1:57666]' for 'GET' to 'http://localhost:57666/session/f75e970eacde07a552e1b589fcda40b9/screenshot'
15:53:47.784 [Forwarding screenshot on session f75e970eacde07a552e1b589fcda40b9 to remote] DEBUG org.asynchttpclient.netty.request.NettyRequestSender - Using open Channel [id: 0x4c89a9bf, L:/127.0.0.1:56419 - R:localhost/127.0.0.1:57666] for GET '/session/f75e970eacde07a552e1b589fcda40b9/screenshot'
15:53:48.024 [AsyncHttpClient-1-5] DEBUG org.asynchttpclient.netty.handler.HttpHandler - 

Request DefaultFullHttpRequest(decodeResult: success, version: HTTP/1.1, content: EmptyByteBufBE)
GET /session/f75e970eacde07a552e1b589fcda40b9/screenshot HTTP/1.1
User-Agent: selenium/4.1.2 (java windows)
Cache-Control: no-cache
Content-Type: application/json; charset=utf-8
host: localhost:57666
accept: */*

Response DefaultHttpResponse(decodeResult: success, version: HTTP/1.1)
HTTP/1.1 200 OK
Content-Type: application/json; charset=utf-8
cache-control: no-cache
content-length: 32248

15:53:48.026 [AsyncHttpClient-1-5] DEBUG org.asynchttpclient.netty.channel.ChannelManager - Adding key: http://localhost:57666 for channel [id: 0x4c89a9bf, L:/127.0.0.1:56419 - R:localhost/127.0.0.1:57666]
15:53:48.032 [main] DEBUG net.serenitybdd.core.photography.Darkroom - Send negative for processing for target\site\serenity\af91188fa8758febfe3cdeda61916f71902599a8606e727f75382e0a32c76755.png
15:53:48.032 [main] DEBUG net.thucydides.core.steps.StepInterceptor - STEP DONE: inputPassword
15:53:48.034 [Darkroom Processing Line] DEBUG net.serenitybdd.core.photography.DarkroomProcessingLine - Processing screenshot image in /var/screenshots/screenshot-7844202929104480955
15:53:48.036 [Darkroom Processing Line] DEBUG net.serenitybdd.core.photography.DarkroomProcessingLine - Saving screenshot to target\site\serenity\af91188fa8758febfe3cdeda61916f71902599a8606e727f75382e0a32c76755.png
15:53:48.052 [main] DEBUG net.thucydides.core.steps.StepInterceptor - STARTING STEP: ProductSteps.iAmOnProductPage - clickLoginButton
15:53:48.060 [Forwarding findElement on session f75e970eacde07a552e1b589fcda40b9 to remote] DEBUG org.asynchttpclient.netty.request.NettyRequestSender - Using pooled Channel '[id: 0x4c89a9bf, L:/127.0.0.1:56419 - R:localhost/127.0.0.1:57666]' for 'POST' to 'http://localhost:57666/session/f75e970eacde07a552e1b589fcda40b9/element'
15:53:48.060 [Forwarding findElement on session f75e970eacde07a552e1b589fcda40b9 to remote] DEBUG org.asynchttpclient.netty.request.NettyRequestSender - Using open Channel [id: 0x4c89a9bf, L:/127.0.0.1:56419 - R:localhost/127.0.0.1:57666] for POST '/session/f75e970eacde07a552e1b589fcda40b9/element'
15:53:48.100 [AsyncHttpClient-1-5] DEBUG org.asynchttpclient.netty.handler.HttpHandler - 

Request DefaultHttpRequest(decodeResult: success, version: HTTP/1.1)
POST /session/f75e970eacde07a552e1b589fcda40b9/element HTTP/1.1
User-Agent: selenium/4.1.2 (java windows)
Content-Length: 136
Content-Type: application/json; charset=utf-8
host: localhost:57666
accept: */*

Response DefaultHttpResponse(decodeResult: success, version: HTTP/1.1)
HTTP/1.1 200 OK
Content-Type: application/json; charset=utf-8
cache-control: no-cache
content-length: 88

15:53:48.100 [AsyncHttpClient-1-5] DEBUG org.asynchttpclient.netty.channel.ChannelManager - Adding key: http://localhost:57666 for channel [id: 0x4c89a9bf, L:/127.0.0.1:56419 - R:localhost/127.0.0.1:57666]
15:53:48.103 [Forwarding getElementTagName on session f75e970eacde07a552e1b589fcda40b9 to remote] DEBUG org.asynchttpclient.netty.request.NettyRequestSender - Using pooled Channel '[id: 0x4c89a9bf, L:/127.0.0.1:56419 - R:localhost/127.0.0.1:57666]' for 'GET' to 'http://localhost:57666/session/f75e970eacde07a552e1b589fcda40b9/element/947f2048-ce6b-4f79-be57-15174836be92/name'
15:53:48.103 [Forwarding getElementTagName on session f75e970eacde07a552e1b589fcda40b9 to remote] DEBUG org.asynchttpclient.netty.request.NettyRequestSender - Using open Channel [id: 0x4c89a9bf, L:/127.0.0.1:56419 - R:localhost/127.0.0.1:57666] for GET '/session/f75e970eacde07a552e1b589fcda40b9/element/947f2048-ce6b-4f79-be57-15174836be92/name'
15:53:48.114 [AsyncHttpClient-1-5] DEBUG org.asynchttpclient.netty.handler.HttpHandler - 

Request DefaultFullHttpRequest(decodeResult: success, version: HTTP/1.1, content: EmptyByteBufBE)
GET /session/f75e970eacde07a552e1b589fcda40b9/element/947f2048-ce6b-4f79-be57-15174836be92/name HTTP/1.1
User-Agent: selenium/4.1.2 (java windows)
Cache-Control: no-cache
Content-Type: application/json; charset=utf-8
host: localhost:57666
accept: */*

Response DefaultHttpResponse(decodeResult: success, version: HTTP/1.1)
HTTP/1.1 200 OK
Content-Type: application/json; charset=utf-8
cache-control: no-cache
content-length: 18

15:53:48.114 [AsyncHttpClient-1-5] DEBUG org.asynchttpclient.netty.channel.ChannelManager - Adding key: http://localhost:57666 for channel [id: 0x4c89a9bf, L:/127.0.0.1:56419 - R:localhost/127.0.0.1:57666]
15:53:48.119 [Forwarding getElementTagName on session f75e970eacde07a552e1b589fcda40b9 to remote] DEBUG org.asynchttpclient.netty.request.NettyRequestSender - Using pooled Channel '[id: 0x4c89a9bf, L:/127.0.0.1:56419 - R:localhost/127.0.0.1:57666]' for 'GET' to 'http://localhost:57666/session/f75e970eacde07a552e1b589fcda40b9/element/947f2048-ce6b-4f79-be57-15174836be92/name'
15:53:48.119 [Forwarding getElementTagName on session f75e970eacde07a552e1b589fcda40b9 to remote] DEBUG org.asynchttpclient.netty.request.NettyRequestSender - Using open Channel [id: 0x4c89a9bf, L:/127.0.0.1:56419 - R:localhost/127.0.0.1:57666] for GET '/session/f75e970eacde07a552e1b589fcda40b9/element/947f2048-ce6b-4f79-be57-15174836be92/name'
15:53:48.127 [AsyncHttpClient-1-5] DEBUG org.asynchttpclient.netty.handler.HttpHandler - 

Request DefaultFullHttpRequest(decodeResult: success, version: HTTP/1.1, content: EmptyByteBufBE)
GET /session/f75e970eacde07a552e1b589fcda40b9/element/947f2048-ce6b-4f79-be57-15174836be92/name HTTP/1.1
User-Agent: selenium/4.1.2 (java windows)
Cache-Control: no-cache
Content-Type: application/json; charset=utf-8
host: localhost:57666
accept: */*

Response DefaultHttpResponse(decodeResult: success, version: HTTP/1.1)
HTTP/1.1 200 OK
Content-Type: application/json; charset=utf-8
cache-control: no-cache
content-length: 18

15:53:48.127 [AsyncHttpClient-1-5] DEBUG org.asynchttpclient.netty.channel.ChannelManager - Adding key: http://localhost:57666 for channel [id: 0x4c89a9bf, L:/127.0.0.1:56419 - R:localhost/127.0.0.1:57666]
15:53:48.131 [Forwarding isElementEnabled on session f75e970eacde07a552e1b589fcda40b9 to remote] DEBUG org.asynchttpclient.netty.request.NettyRequestSender - Using pooled Channel '[id: 0x4c89a9bf, L:/127.0.0.1:56419 - R:localhost/127.0.0.1:57666]' for 'GET' to 'http://localhost:57666/session/f75e970eacde07a552e1b589fcda40b9/element/947f2048-ce6b-4f79-be57-15174836be92/enabled'
15:53:48.131 [Forwarding isElementEnabled on session f75e970eacde07a552e1b589fcda40b9 to remote] DEBUG org.asynchttpclient.netty.request.NettyRequestSender - Using open Channel [id: 0x4c89a9bf, L:/127.0.0.1:56419 - R:localhost/127.0.0.1:57666] for GET '/session/f75e970eacde07a552e1b589fcda40b9/element/947f2048-ce6b-4f79-be57-15174836be92/enabled'
15:53:48.148 [AsyncHttpClient-1-5] DEBUG org.asynchttpclient.netty.handler.HttpHandler - 

Request DefaultFullHttpRequest(decodeResult: success, version: HTTP/1.1, content: EmptyByteBufBE)
GET /session/f75e970eacde07a552e1b589fcda40b9/element/947f2048-ce6b-4f79-be57-15174836be92/enabled HTTP/1.1
User-Agent: selenium/4.1.2 (java windows)
Cache-Control: no-cache
Content-Type: application/json; charset=utf-8
host: localhost:57666
accept: */*

Response DefaultHttpResponse(decodeResult: success, version: HTTP/1.1)
HTTP/1.1 200 OK
Content-Type: application/json; charset=utf-8
cache-control: no-cache
content-length: 14

15:53:48.148 [AsyncHttpClient-1-5] DEBUG org.asynchttpclient.netty.channel.ChannelManager - Adding key: http://localhost:57666 for channel [id: 0x4c89a9bf, L:/127.0.0.1:56419 - R:localhost/127.0.0.1:57666]
15:53:48.151 [Forwarding isElementEnabled on session f75e970eacde07a552e1b589fcda40b9 to remote] DEBUG org.asynchttpclient.netty.request.NettyRequestSender - Using pooled Channel '[id: 0x4c89a9bf, L:/127.0.0.1:56419 - R:localhost/127.0.0.1:57666]' for 'GET' to 'http://localhost:57666/session/f75e970eacde07a552e1b589fcda40b9/element/947f2048-ce6b-4f79-be57-15174836be92/enabled'
15:53:48.151 [Forwarding isElementEnabled on session f75e970eacde07a552e1b589fcda40b9 to remote] DEBUG org.asynchttpclient.netty.request.NettyRequestSender - Using open Channel [id: 0x4c89a9bf, L:/127.0.0.1:56419 - R:localhost/127.0.0.1:57666] for GET '/session/f75e970eacde07a552e1b589fcda40b9/element/947f2048-ce6b-4f79-be57-15174836be92/enabled'
15:53:48.162 [AsyncHttpClient-1-5] DEBUG org.asynchttpclient.netty.handler.HttpHandler - 

Request DefaultFullHttpRequest(decodeResult: success, version: HTTP/1.1, content: EmptyByteBufBE)
GET /session/f75e970eacde07a552e1b589fcda40b9/element/947f2048-ce6b-4f79-be57-15174836be92/enabled HTTP/1.1
User-Agent: selenium/4.1.2 (java windows)
Cache-Control: no-cache
Content-Type: application/json; charset=utf-8
host: localhost:57666
accept: */*

Response DefaultHttpResponse(decodeResult: success, version: HTTP/1.1)
HTTP/1.1 200 OK
Content-Type: application/json; charset=utf-8
cache-control: no-cache
content-length: 14

15:53:48.163 [AsyncHttpClient-1-5] DEBUG org.asynchttpclient.netty.channel.ChannelManager - Adding key: http://localhost:57666 for channel [id: 0x4c89a9bf, L:/127.0.0.1:56419 - R:localhost/127.0.0.1:57666]
15:53:48.166 [Forwarding findElement on session f75e970eacde07a552e1b589fcda40b9 to remote] DEBUG org.asynchttpclient.netty.request.NettyRequestSender - Using pooled Channel '[id: 0x4c89a9bf, L:/127.0.0.1:56419 - R:localhost/127.0.0.1:57666]' for 'POST' to 'http://localhost:57666/session/f75e970eacde07a552e1b589fcda40b9/element'
15:53:48.167 [Forwarding findElement on session f75e970eacde07a552e1b589fcda40b9 to remote] DEBUG org.asynchttpclient.netty.request.NettyRequestSender - Using open Channel [id: 0x4c89a9bf, L:/127.0.0.1:56419 - R:localhost/127.0.0.1:57666] for POST '/session/f75e970eacde07a552e1b589fcda40b9/element'
15:53:48.186 [AsyncHttpClient-1-5] DEBUG org.asynchttpclient.netty.handler.HttpHandler - 

Request DefaultHttpRequest(decodeResult: success, version: HTTP/1.1)
POST /session/f75e970eacde07a552e1b589fcda40b9/element HTTP/1.1
User-Agent: selenium/4.1.2 (java windows)
Content-Length: 136
Content-Type: application/json; charset=utf-8
host: localhost:57666
accept: */*

Response DefaultHttpResponse(decodeResult: success, version: HTTP/1.1)
HTTP/1.1 200 OK
Content-Type: application/json; charset=utf-8
cache-control: no-cache
content-length: 88

15:53:48.186 [AsyncHttpClient-1-5] DEBUG org.asynchttpclient.netty.channel.ChannelManager - Adding key: http://localhost:57666 for channel [id: 0x4c89a9bf, L:/127.0.0.1:56419 - R:localhost/127.0.0.1:57666]
15:53:48.190 [Forwarding clickElement on session f75e970eacde07a552e1b589fcda40b9 to remote] DEBUG org.asynchttpclient.netty.request.NettyRequestSender - Using pooled Channel '[id: 0x4c89a9bf, L:/127.0.0.1:56419 - R:localhost/127.0.0.1:57666]' for 'POST' to 'http://localhost:57666/session/f75e970eacde07a552e1b589fcda40b9/element/947f2048-ce6b-4f79-be57-15174836be92/click'
15:53:48.190 [Forwarding clickElement on session f75e970eacde07a552e1b589fcda40b9 to remote] DEBUG org.asynchttpclient.netty.request.NettyRequestSender - Using open Channel [id: 0x4c89a9bf, L:/127.0.0.1:56419 - R:localhost/127.0.0.1:57666] for POST '/session/f75e970eacde07a552e1b589fcda40b9/element/947f2048-ce6b-4f79-be57-15174836be92/click'
15:53:48.367 [AsyncHttpClient-1-5] DEBUG org.asynchttpclient.netty.handler.HttpHandler - 

Request DefaultHttpRequest(decodeResult: success, version: HTTP/1.1)
POST /session/f75e970eacde07a552e1b589fcda40b9/element/947f2048-ce6b-4f79-be57-15174836be92/click HTTP/1.1
User-Agent: selenium/4.1.2 (java windows)
Content-Length: 50
Content-Type: application/json; charset=utf-8
host: localhost:57666
accept: */*

Response DefaultHttpResponse(decodeResult: success, version: HTTP/1.1)
HTTP/1.1 200 OK
Content-Type: application/json; charset=utf-8
cache-control: no-cache
content-length: 14

15:53:48.367 [AsyncHttpClient-1-5] DEBUG org.asynchttpclient.netty.channel.ChannelManager - Adding key: http://localhost:57666 for channel [id: 0x4c89a9bf, L:/127.0.0.1:56419 - R:localhost/127.0.0.1:57666]
15:53:48.385 [AsyncHttpClient-1-1] DEBUG org.asynchttpclient.netty.channel.DefaultChannelPool - Entry count for : http://localhost:57666 : 1
15:53:48.385 [AsyncHttpClient-1-1] DEBUG org.asynchttpclient.netty.channel.DefaultChannelPool - Entry count for : http://localhost:56421 : 1
15:53:48.387 [Forwarding screenshot on session f75e970eacde07a552e1b589fcda40b9 to remote] DEBUG org.asynchttpclient.netty.request.NettyRequestSender - Using pooled Channel '[id: 0x4c89a9bf, L:/127.0.0.1:56419 - R:localhost/127.0.0.1:57666]' for 'GET' to 'http://localhost:57666/session/f75e970eacde07a552e1b589fcda40b9/screenshot'
15:53:48.387 [Forwarding screenshot on session f75e970eacde07a552e1b589fcda40b9 to remote] DEBUG org.asynchttpclient.netty.request.NettyRequestSender - Using open Channel [id: 0x4c89a9bf, L:/127.0.0.1:56419 - R:localhost/127.0.0.1:57666] for GET '/session/f75e970eacde07a552e1b589fcda40b9/screenshot'
15:53:49.021 [AsyncHttpClient-1-5] DEBUG org.asynchttpclient.netty.handler.HttpHandler - 

Request DefaultFullHttpRequest(decodeResult: success, version: HTTP/1.1, content: EmptyByteBufBE)
GET /session/f75e970eacde07a552e1b589fcda40b9/screenshot HTTP/1.1
User-Agent: selenium/4.1.2 (java windows)
Cache-Control: no-cache
Content-Type: application/json; charset=utf-8
host: localhost:57666
accept: */*

Response DefaultHttpResponse(decodeResult: success, version: HTTP/1.1)
HTTP/1.1 200 OK
Content-Type: application/json; charset=utf-8
cache-control: no-cache
content-length: 31784

15:53:49.022 [AsyncHttpClient-1-5] DEBUG org.asynchttpclient.netty.channel.ChannelManager - Adding key: http://localhost:57666 for channel [id: 0x4c89a9bf, L:/127.0.0.1:56419 - R:localhost/127.0.0.1:57666]
15:53:49.026 [main] DEBUG net.serenitybdd.core.photography.Darkroom - Send negative for processing for target\site\serenity\fc89baa5e3276c944bdaff03c3e021aa0b483c24100eee88e25956d4f4da8d7b.png
15:53:49.026 [main] DEBUG net.thucydides.core.steps.StepInterceptor - STEP DONE: clickLoginButton
  &amp#27;[32mGiven &amp#27;[0m&amp#27;[32mI am on product page&amp#27;[0m                   &amp#27;[90m# starter.stepdefinitions.ProductSteps.iAmOnProductPage()&amp#27;[0m
15:53:49.028 [Darkroom Processing Line] DEBUG net.serenitybdd.core.photography.DarkroomProcessingLine - Processing screenshot image in /var/screenshots/screenshot-9884086995760997905
15:53:49.028 [Darkroom Processing Line] DEBUG net.serenitybdd.core.photography.DarkroomProcessingLine - Saving screenshot to target\site\serenity\fc89baa5e3276c944bdaff03c3e021aa0b483c24100eee88e25956d4f4da8d7b.png
15:53:49.065 [main] DEBUG net.thucydides.core.steps.StepInterceptor - STARTING STEP: ProductSteps.iClickBuyButtonOnTensiDarahManual - clickSecondPRoduct
15:53:49.076 [Forwarding findElement on session f75e970eacde07a552e1b589fcda40b9 to remote] DEBUG org.asynchttpclient.netty.request.NettyRequestSender - Using pooled Channel '[id: 0x4c89a9bf, L:/127.0.0.1:56419 - R:localhost/127.0.0.1:57666]' for 'POST' to 'http://localhost:57666/session/f75e970eacde07a552e1b589fcda40b9/element'
15:53:49.076 [Forwarding findElement on session f75e970eacde07a552e1b589fcda40b9 to remote] DEBUG org.asynchttpclient.netty.request.NettyRequestSender - Using open Channel [id: 0x4c89a9bf, L:/127.0.0.1:56419 - R:localhost/127.0.0.1:57666] for POST '/session/f75e970eacde07a552e1b589fcda40b9/element'
15:53:49.634 [AsyncHttpClient-1-1] DEBUG org.asynchttpclient.netty.channel.DefaultChannelPool - Entry count for : http://localhost:56421 : 1
15:53:50.785 [AsyncHttpClient-1-1] DEBUG org.asynchttpclient.netty.channel.DefaultChannelPool - Entry count for : http://localhost:56421 : 1
15:53:51.864 [AsyncHttpClient-1-1] DEBUG org.asynchttpclient.netty.channel.DefaultChannelPool - Entry count for : http://localhost:56421 : 1
15:53:52.979 [AsyncHttpClient-1-1] DEBUG org.asynchttpclient.netty.channel.DefaultChannelPool - Entry count for : http://localhost:56421 : 1
15:53:54.073 [AsyncHttpClient-1-1] DEBUG org.asynchttpclient.netty.channel.DefaultChannelPool - Entry count for : http://localhost:56421 : 1
15:53:55.294 [AsyncHttpClient-1-1] DEBUG org.asynchttpclient.netty.channel.DefaultChannelPool - Entry count for : http://localhost:56421 : 1
15:53:56.446 [AsyncHttpClient-1-1] DEBUG org.asynchttpclient.netty.channel.DefaultChannelPool - Entry count for : http://localhost:56421 : 1
15:53:57.463 [AsyncHttpClient-1-1] DEBUG org.asynchttpclient.netty.channel.DefaultChannelPool - Entry count for : http://localhost:56421 : 1
15:53:58.624 [AsyncHttpClient-1-1] DEBUG org.asynchttpclient.netty.channel.DefaultChannelPool - Entry count for : http://localhost:56421 : 1
15:53:59.660 [AsyncHttpClient-1-1] DEBUG org.asynchttpclient.netty.channel.DefaultChannelPool - Entry count for : http://localhost:56421 : 1
15:54:00.429 [AsyncHttpClient-1-5] DEBUG org.asynchttpclient.netty.handler.HttpHandler - 

Request DefaultHttpRequest(decodeResult: success, version: HTTP/1.1)
POST /session/f75e970eacde07a552e1b589fcda40b9/element HTTP/1.1
User-Agent: selenium/4.1.2 (java windows)
Content-Length: 122
Content-Type: application/json; charset=utf-8
host: localhost:57666
accept: */*

Response DefaultHttpResponse(decodeResult: success, version: HTTP/1.1)
HTTP/1.1 200 OK
Content-Type: application/json; charset=utf-8
cache-control: no-cache
content-length: 88

15:54:00.429 [AsyncHttpClient-1-5] DEBUG org.asynchttpclient.netty.channel.ChannelManager - Adding key: http://localhost:57666 for channel [id: 0x4c89a9bf, L:/127.0.0.1:56419 - R:localhost/127.0.0.1:57666]
15:54:00.432 [Forwarding getElementTagName on session f75e970eacde07a552e1b589fcda40b9 to remote] DEBUG org.asynchttpclient.netty.request.NettyRequestSender - Using pooled Channel '[id: 0x4c89a9bf, L:/127.0.0.1:56419 - R:localhost/127.0.0.1:57666]' for 'GET' to 'http://localhost:57666/session/f75e970eacde07a552e1b589fcda40b9/element/96bdd174-b057-4f81-83f4-51de1378d3f3/name'
15:54:00.432 [Forwarding getElementTagName on session f75e970eacde07a552e1b589fcda40b9 to remote] DEBUG org.asynchttpclient.netty.request.NettyRequestSender - Using open Channel [id: 0x4c89a9bf, L:/127.0.0.1:56419 - R:localhost/127.0.0.1:57666] for GET '/session/f75e970eacde07a552e1b589fcda40b9/element/96bdd174-b057-4f81-83f4-51de1378d3f3/name'
15:54:00.440 [AsyncHttpClient-1-5] DEBUG org.asynchttpclient.netty.handler.HttpHandler - 

Request DefaultFullHttpRequest(decodeResult: success, version: HTTP/1.1, content: EmptyByteBufBE)
GET /session/f75e970eacde07a552e1b589fcda40b9/element/96bdd174-b057-4f81-83f4-51de1378d3f3/name HTTP/1.1
User-Agent: selenium/4.1.2 (java windows)
Cache-Control: no-cache
Content-Type: application/json; charset=utf-8
host: localhost:57666
accept: */*

Response DefaultHttpResponse(decodeResult: success, version: HTTP/1.1)
HTTP/1.1 200 OK
Content-Type: application/json; charset=utf-8
cache-control: no-cache
content-length: 16

15:54:00.441 [AsyncHttpClient-1-5] DEBUG org.asynchttpclient.netty.channel.ChannelManager - Adding key: http://localhost:57666 for channel [id: 0x4c89a9bf, L:/127.0.0.1:56419 - R:localhost/127.0.0.1:57666]
15:54:00.443 [Forwarding getElementTagName on session f75e970eacde07a552e1b589fcda40b9 to remote] DEBUG org.asynchttpclient.netty.request.NettyRequestSender - Using pooled Channel '[id: 0x4c89a9bf, L:/127.0.0.1:56419 - R:localhost/127.0.0.1:57666]' for 'GET' to 'http://localhost:57666/session/f75e970eacde07a552e1b589fcda40b9/element/96bdd174-b057-4f81-83f4-51de1378d3f3/name'
15:54:00.443 [Forwarding getElementTagName on session f75e970eacde07a552e1b589fcda40b9 to remote] DEBUG org.asynchttpclient.netty.request.NettyRequestSender - Using open Channel [id: 0x4c89a9bf, L:/127.0.0.1:56419 - R:localhost/127.0.0.1:57666] for GET '/session/f75e970eacde07a552e1b589fcda40b9/element/96bdd174-b057-4f81-83f4-51de1378d3f3/name'
15:54:00.448 [AsyncHttpClient-1-5] DEBUG org.asynchttpclient.netty.handler.HttpHandler - 

Request DefaultFullHttpRequest(decodeResult: success, version: HTTP/1.1, content: EmptyByteBufBE)
GET /session/f75e970eacde07a552e1b589fcda40b9/element/96bdd174-b057-4f81-83f4-51de1378d3f3/name HTTP/1.1
User-Agent: selenium/4.1.2 (java windows)
Cache-Control: no-cache
Content-Type: application/json; charset=utf-8
host: localhost:57666
accept: */*

Response DefaultHttpResponse(decodeResult: success, version: HTTP/1.1)
HTTP/1.1 200 OK
Content-Type: application/json; charset=utf-8
cache-control: no-cache
content-length: 16

15:54:00.449 [AsyncHttpClient-1-5] DEBUG org.asynchttpclient.netty.channel.ChannelManager - Adding key: http://localhost:57666 for channel [id: 0x4c89a9bf, L:/127.0.0.1:56419 - R:localhost/127.0.0.1:57666]
15:54:00.452 [Forwarding findElement on session f75e970eacde07a552e1b589fcda40b9 to remote] DEBUG org.asynchttpclient.netty.request.NettyRequestSender - Using pooled Channel '[id: 0x4c89a9bf, L:/127.0.0.1:56419 - R:localhost/127.0.0.1:57666]' for 'POST' to 'http://localhost:57666/session/f75e970eacde07a552e1b589fcda40b9/element'
15:54:00.452 [Forwarding findElement on session f75e970eacde07a552e1b589fcda40b9 to remote] DEBUG org.asynchttpclient.netty.request.NettyRequestSender - Using open Channel [id: 0x4c89a9bf, L:/127.0.0.1:56419 - R:localhost/127.0.0.1:57666] for POST '/session/f75e970eacde07a552e1b589fcda40b9/element'
15:54:00.477 [AsyncHttpClient-1-5] DEBUG org.asynchttpclient.netty.handler.HttpHandler - 

Request DefaultHttpRequest(decodeResult: success, version: HTTP/1.1)
POST /session/f75e970eacde07a552e1b589fcda40b9/element HTTP/1.1
User-Agent: selenium/4.1.2 (java windows)
Content-Length: 122
Content-Type: application/json; charset=utf-8
host: localhost:57666
accept: */*

Response DefaultHttpResponse(decodeResult: success, version: HTTP/1.1)
HTTP/1.1 200 OK
Content-Type: application/json; charset=utf-8
cache-control: no-cache
content-length: 88

15:54:00.477 [AsyncHttpClient-1-5] DEBUG org.asynchttpclient.netty.channel.ChannelManager - Adding key: http://localhost:57666 for channel [id: 0x4c89a9bf, L:/127.0.0.1:56419 - R:localhost/127.0.0.1:57666]
15:54:00.482 [Forwarding clickElement on session f75e970eacde07a552e1b589fcda40b9 to remote] DEBUG org.asynchttpclient.netty.request.NettyRequestSender - Using pooled Channel '[id: 0x4c89a9bf, L:/127.0.0.1:56419 - R:localhost/127.0.0.1:57666]' for 'POST' to 'http://localhost:57666/session/f75e970eacde07a552e1b589fcda40b9/element/96bdd174-b057-4f81-83f4-51de1378d3f3/click'
15:54:00.482 [Forwarding clickElement on session f75e970eacde07a552e1b589fcda40b9 to remote] DEBUG org.asynchttpclient.netty.request.NettyRequestSender - Using open Channel [id: 0x4c89a9bf, L:/127.0.0.1:56419 - R:localhost/127.0.0.1:57666] for POST '/session/f75e970eacde07a552e1b589fcda40b9/element/96bdd174-b057-4f81-83f4-51de1378d3f3/click'
15:54:00.655 [AsyncHttpClient-1-5] DEBUG org.asynchttpclient.netty.handler.HttpHandler - 

Request DefaultHttpRequest(decodeResult: success, version: HTTP/1.1)
POST /session/f75e970eacde07a552e1b589fcda40b9/element/96bdd174-b057-4f81-83f4-51de1378d3f3/click HTTP/1.1
User-Agent: selenium/4.1.2 (java windows)
Content-Length: 50
Content-Type: application/json; charset=utf-8
host: localhost:57666
accept: */*

Response DefaultHttpResponse(decodeResult: success, version: HTTP/1.1)
HTTP/1.1 200 OK
Content-Type: application/json; charset=utf-8
cache-control: no-cache
content-length: 14

15:54:00.656 [AsyncHttpClient-1-5] DEBUG org.asynchttpclient.netty.channel.ChannelManager - Adding key: http://localhost:57666 for channel [id: 0x4c89a9bf, L:/127.0.0.1:56419 - R:localhost/127.0.0.1:57666]
15:54:00.670 [Forwarding screenshot on session f75e970eacde07a552e1b589fcda40b9 to remote] DEBUG org.asynchttpclient.netty.request.NettyRequestSender - Using pooled Channel '[id: 0x4c89a9bf, L:/127.0.0.1:56419 - R:localhost/127.0.0.1:57666]' for 'GET' to 'http://localhost:57666/session/f75e970eacde07a552e1b589fcda40b9/screenshot'
15:54:00.670 [Forwarding screenshot on session f75e970eacde07a552e1b589fcda40b9 to remote] DEBUG org.asynchttpclient.netty.request.NettyRequestSender - Using open Channel [id: 0x4c89a9bf, L:/127.0.0.1:56419 - R:localhost/127.0.0.1:57666] for GET '/session/f75e970eacde07a552e1b589fcda40b9/screenshot'
15:54:00.763 [AsyncHttpClient-1-1] DEBUG org.asynchttpclient.netty.channel.DefaultChannelPool - Entry count for : http://localhost:56421 : 1
15:54:00.928 [AsyncHttpClient-1-5] DEBUG org.asynchttpclient.netty.handler.HttpHandler - 

Request DefaultFullHttpRequest(decodeResult: success, version: HTTP/1.1, content: EmptyByteBufBE)
GET /session/f75e970eacde07a552e1b589fcda40b9/screenshot HTTP/1.1
User-Agent: selenium/4.1.2 (java windows)
Cache-Control: no-cache
Content-Type: application/json; charset=utf-8
host: localhost:57666
accept: */*

Response DefaultHttpResponse(decodeResult: success, version: HTTP/1.1)
HTTP/1.1 200 OK
Content-Type: application/json; charset=utf-8
cache-control: no-cache
content-length: 91792

15:54:00.932 [AsyncHttpClient-1-5] DEBUG org.asynchttpclient.netty.channel.ChannelManager - Adding key: http://localhost:57666 for channel [id: 0x4c89a9bf, L:/127.0.0.1:56419 - R:localhost/127.0.0.1:57666]
15:54:00.938 [main] DEBUG net.serenitybdd.core.photography.Darkroom - Send negative for processing for target\site\serenity\09413c1789f019f39818bf2f3992f436f1e440102a50bd4d4d355baf77c2b954.png
15:54:00.938 [main] DEBUG net.thucydides.core.steps.StepInterceptor - STEP DONE: clickSecondPRoduct
  &amp#27;[32mWhen &amp#27;[0m&amp#27;[32mI click buy button on second product&amp#27;[0m    &amp#27;[90m# starter.stepdefinitions.ProductSteps.iClickBuyButtonOnTensiDarahManual()&amp#27;[0m
15:54:00.947 [Darkroom Processing Line] DEBUG net.serenitybdd.core.photography.DarkroomProcessingLine - Processing screenshot image in /var/screenshots/screenshot-14629604172706714353
15:54:00.947 [Darkroom Processing Line] DEBUG net.serenitybdd.core.photography.DarkroomProcessingLine - Saving screenshot to target\site\serenity\09413c1789f019f39818bf2f3992f436f1e440102a50bd4d4d355baf77c2b954.png
15:54:01.102 [Forwarding screenshot on session f75e970eacde07a552e1b589fcda40b9 to remote] DEBUG org.asynchttpclient.netty.request.NettyRequestSender - Using pooled Channel '[id: 0x4c89a9bf, L:/127.0.0.1:56419 - R:localhost/127.0.0.1:57666]' for 'GET' to 'http://localhost:57666/session/f75e970eacde07a552e1b589fcda40b9/screenshot'
15:54:01.102 [Forwarding screenshot on session f75e970eacde07a552e1b589fcda40b9 to remote] DEBUG org.asynchttpclient.netty.request.NettyRequestSender - Using open Channel [id: 0x4c89a9bf, L:/127.0.0.1:56419 - R:localhost/127.0.0.1:57666] for GET '/session/f75e970eacde07a552e1b589fcda40b9/screenshot'
15:54:01.349 [AsyncHttpClient-1-5] DEBUG org.asynchttpclient.netty.handler.HttpHandler - 

Request DefaultFullHttpRequest(decodeResult: success, version: HTTP/1.1, content: EmptyByteBufBE)
GET /session/f75e970eacde07a552e1b589fcda40b9/screenshot HTTP/1.1
User-Agent: selenium/4.1.2 (java windows)
Cache-Control: no-cache
Content-Type: application/json; charset=utf-8
host: localhost:57666
accept: */*

Response DefaultHttpResponse(decodeResult: success, version: HTTP/1.1)
HTTP/1.1 200 OK
Content-Type: application/json; charset=utf-8
cache-control: no-cache
content-length: 90680

15:54:01.349 [AsyncHttpClient-1-5] DEBUG org.asynchttpclient.netty.channel.ChannelManager - Adding key: http://localhost:57666 for channel [id: 0x4c89a9bf, L:/127.0.0.1:56419 - R:localhost/127.0.0.1:57666]
15:54:01.354 [main] DEBUG net.serenitybdd.core.photography.Darkroom - Send negative for processing for target\site\serenity\0803b5a811aa540093ef2aad780f71549e971528e332515851ce742971cc560e.png
15:54:01.354 [main] DEBUG net.thucydides.core.steps.StepInterceptor - STARTING STEP: OrderSteps.iClickShoppingCartButton - clickShoppingCart
15:54:01.354 [Darkroom Processing Line] DEBUG net.serenitybdd.core.photography.DarkroomProcessingLine - Processing screenshot image in /var/screenshots/screenshot-4062146645218469056
15:54:01.354 [Darkroom Processing Line] DEBUG net.serenitybdd.core.photography.DarkroomProcessingLine - Saving screenshot to target\site\serenity\0803b5a811aa540093ef2aad780f71549e971528e332515851ce742971cc560e.png
15:54:01.363 [Forwarding findElement on session f75e970eacde07a552e1b589fcda40b9 to remote] DEBUG org.asynchttpclient.netty.request.NettyRequestSender - Using pooled Channel '[id: 0x4c89a9bf, L:/127.0.0.1:56419 - R:localhost/127.0.0.1:57666]' for 'POST' to 'http://localhost:57666/session/f75e970eacde07a552e1b589fcda40b9/element'
15:54:01.363 [Forwarding findElement on session f75e970eacde07a552e1b589fcda40b9 to remote] DEBUG org.asynchttpclient.netty.request.NettyRequestSender - Using open Channel [id: 0x4c89a9bf, L:/127.0.0.1:56419 - R:localhost/127.0.0.1:57666] for POST '/session/f75e970eacde07a552e1b589fcda40b9/element'
15:54:01.394 [AsyncHttpClient-1-5] DEBUG org.asynchttpclient.netty.handler.HttpHandler - 

Request DefaultHttpRequest(decodeResult: success, version: HTTP/1.1)
POST /session/f75e970eacde07a552e1b589fcda40b9/element HTTP/1.1
User-Agent: selenium/4.1.2 (java windows)
Content-Length: 213
Content-Type: application/json; charset=utf-8
host: localhost:57666
accept: */*

Response DefaultHttpResponse(decodeResult: success, version: HTTP/1.1)
HTTP/1.1 200 OK
Content-Type: application/json; charset=utf-8
cache-control: no-cache
content-length: 88

15:54:01.394 [AsyncHttpClient-1-5] DEBUG org.asynchttpclient.netty.channel.ChannelManager - Adding key: http://localhost:57666 for channel [id: 0x4c89a9bf, L:/127.0.0.1:56419 - R:localhost/127.0.0.1:57666]
15:54:01.396 [Forwarding getElementTagName on session f75e970eacde07a552e1b589fcda40b9 to remote] DEBUG org.asynchttpclient.netty.request.NettyRequestSender - Using pooled Channel '[id: 0x4c89a9bf, L:/127.0.0.1:56419 - R:localhost/127.0.0.1:57666]' for 'GET' to 'http://localhost:57666/session/f75e970eacde07a552e1b589fcda40b9/element/a187ffee-5fe6-4e1c-a825-4041fb9eb506/name'
15:54:01.396 [Forwarding getElementTagName on session f75e970eacde07a552e1b589fcda40b9 to remote] DEBUG org.asynchttpclient.netty.request.NettyRequestSender - Using open Channel [id: 0x4c89a9bf, L:/127.0.0.1:56419 - R:localhost/127.0.0.1:57666] for GET '/session/f75e970eacde07a552e1b589fcda40b9/element/a187ffee-5fe6-4e1c-a825-4041fb9eb506/name'
15:54:01.403 [AsyncHttpClient-1-5] DEBUG org.asynchttpclient.netty.handler.HttpHandler - 

Request DefaultFullHttpRequest(decodeResult: success, version: HTTP/1.1, content: EmptyByteBufBE)
GET /session/f75e970eacde07a552e1b589fcda40b9/element/a187ffee-5fe6-4e1c-a825-4041fb9eb506/name HTTP/1.1
User-Agent: selenium/4.1.2 (java windows)
Cache-Control: no-cache
Content-Type: application/json; charset=utf-8
host: localhost:57666
accept: */*

Response DefaultHttpResponse(decodeResult: success, version: HTTP/1.1)
HTTP/1.1 200 OK
Content-Type: application/json; charset=utf-8
cache-control: no-cache
content-length: 16

15:54:01.404 [AsyncHttpClient-1-5] DEBUG org.asynchttpclient.netty.channel.ChannelManager - Adding key: http://localhost:57666 for channel [id: 0x4c89a9bf, L:/127.0.0.1:56419 - R:localhost/127.0.0.1:57666]
15:54:01.406 [Forwarding getElementTagName on session f75e970eacde07a552e1b589fcda40b9 to remote] DEBUG org.asynchttpclient.netty.request.NettyRequestSender - Using pooled Channel '[id: 0x4c89a9bf, L:/127.0.0.1:56419 - R:localhost/127.0.0.1:57666]' for 'GET' to 'http://localhost:57666/session/f75e970eacde07a552e1b589fcda40b9/element/a187ffee-5fe6-4e1c-a825-4041fb9eb506/name'
15:54:01.406 [Forwarding getElementTagName on session f75e970eacde07a552e1b589fcda40b9 to remote] DEBUG org.asynchttpclient.netty.request.NettyRequestSender - Using open Channel [id: 0x4c89a9bf, L:/127.0.0.1:56419 - R:localhost/127.0.0.1:57666] for GET '/session/f75e970eacde07a552e1b589fcda40b9/element/a187ffee-5fe6-4e1c-a825-4041fb9eb506/name'
15:54:01.413 [AsyncHttpClient-1-5] DEBUG org.asynchttpclient.netty.handler.HttpHandler - 

Request DefaultFullHttpRequest(decodeResult: success, version: HTTP/1.1, content: EmptyByteBufBE)
GET /session/f75e970eacde07a552e1b589fcda40b9/element/a187ffee-5fe6-4e1c-a825-4041fb9eb506/name HTTP/1.1
User-Agent: selenium/4.1.2 (java windows)
Cache-Control: no-cache
Content-Type: application/json; charset=utf-8
host: localhost:57666
accept: */*

Response DefaultHttpResponse(decodeResult: success, version: HTTP/1.1)
HTTP/1.1 200 OK
Content-Type: application/json; charset=utf-8
cache-control: no-cache
content-length: 16

15:54:01.413 [AsyncHttpClient-1-5] DEBUG org.asynchttpclient.netty.channel.ChannelManager - Adding key: http://localhost:57666 for channel [id: 0x4c89a9bf, L:/127.0.0.1:56419 - R:localhost/127.0.0.1:57666]
15:54:01.422 [Forwarding findElement on session f75e970eacde07a552e1b589fcda40b9 to remote] DEBUG org.asynchttpclient.netty.request.NettyRequestSender - Using pooled Channel '[id: 0x4c89a9bf, L:/127.0.0.1:56419 - R:localhost/127.0.0.1:57666]' for 'POST' to 'http://localhost:57666/session/f75e970eacde07a552e1b589fcda40b9/element'
15:54:01.422 [Forwarding findElement on session f75e970eacde07a552e1b589fcda40b9 to remote] DEBUG org.asynchttpclient.netty.request.NettyRequestSender - Using open Channel [id: 0x4c89a9bf, L:/127.0.0.1:56419 - R:localhost/127.0.0.1:57666] for POST '/session/f75e970eacde07a552e1b589fcda40b9/element'
15:54:01.445 [AsyncHttpClient-1-5] DEBUG org.asynchttpclient.netty.handler.HttpHandler - 

Request DefaultHttpRequest(decodeResult: success, version: HTTP/1.1)
POST /session/f75e970eacde07a552e1b589fcda40b9/element HTTP/1.1
User-Agent: selenium/4.1.2 (java windows)
Content-Length: 213
Content-Type: application/json; charset=utf-8
host: localhost:57666
accept: */*

Response DefaultHttpResponse(decodeResult: success, version: HTTP/1.1)
HTTP/1.1 200 OK
Content-Type: application/json; charset=utf-8
cache-control: no-cache
content-length: 88

15:54:01.445 [AsyncHttpClient-1-5] DEBUG org.asynchttpclient.netty.channel.ChannelManager - Adding key: http://localhost:57666 for channel [id: 0x4c89a9bf, L:/127.0.0.1:56419 - R:localhost/127.0.0.1:57666]
15:54:01.447 [Forwarding clickElement on session f75e970eacde07a552e1b589fcda40b9 to remote] DEBUG org.asynchttpclient.netty.request.NettyRequestSender - Using pooled Channel '[id: 0x4c89a9bf, L:/127.0.0.1:56419 - R:localhost/127.0.0.1:57666]' for 'POST' to 'http://localhost:57666/session/f75e970eacde07a552e1b589fcda40b9/element/a187ffee-5fe6-4e1c-a825-4041fb9eb506/click'
15:54:01.447 [Forwarding clickElement on session f75e970eacde07a552e1b589fcda40b9 to remote] DEBUG org.asynchttpclient.netty.request.NettyRequestSender - Using open Channel [id: 0x4c89a9bf, L:/127.0.0.1:56419 - R:localhost/127.0.0.1:57666] for POST '/session/f75e970eacde07a552e1b589fcda40b9/element/a187ffee-5fe6-4e1c-a825-4041fb9eb506/click'
15:54:01.566 [AsyncHttpClient-1-5] DEBUG org.asynchttpclient.netty.handler.HttpHandler - 

Request DefaultHttpRequest(decodeResult: success, version: HTTP/1.1)
POST /session/f75e970eacde07a552e1b589fcda40b9/element/a187ffee-5fe6-4e1c-a825-4041fb9eb506/click HTTP/1.1
User-Agent: selenium/4.1.2 (java windows)
Content-Length: 50
Content-Type: application/json; charset=utf-8
host: localhost:57666
accept: */*

Response DefaultHttpResponse(decodeResult: success, version: HTTP/1.1)
HTTP/1.1 200 OK
Content-Type: application/json; charset=utf-8
cache-control: no-cache
content-length: 14

15:54:01.566 [AsyncHttpClient-1-5] DEBUG org.asynchttpclient.netty.channel.ChannelManager - Adding key: http://localhost:57666 for channel [id: 0x4c89a9bf, L:/127.0.0.1:56419 - R:localhost/127.0.0.1:57666]
15:54:01.581 [Forwarding screenshot on session f75e970eacde07a552e1b589fcda40b9 to remote] DEBUG org.asynchttpclient.netty.request.NettyRequestSender - Using pooled Channel '[id: 0x4c89a9bf, L:/127.0.0.1:56419 - R:localhost/127.0.0.1:57666]' for 'GET' to 'http://localhost:57666/session/f75e970eacde07a552e1b589fcda40b9/screenshot'
15:54:01.582 [Forwarding screenshot on session f75e970eacde07a552e1b589fcda40b9 to remote] DEBUG org.asynchttpclient.netty.request.NettyRequestSender - Using open Channel [id: 0x4c89a9bf, L:/127.0.0.1:56419 - R:localhost/127.0.0.1:57666] for GET '/session/f75e970eacde07a552e1b589fcda40b9/screenshot'
15:54:01.863 [AsyncHttpClient-1-1] DEBUG org.asynchttpclient.netty.channel.DefaultChannelPool - Entry count for : http://localhost:56421 : 1
15:54:02.212 [AsyncHttpClient-1-5] DEBUG org.asynchttpclient.netty.handler.HttpHandler - 

Request DefaultFullHttpRequest(decodeResult: success, version: HTTP/1.1, content: EmptyByteBufBE)
GET /session/f75e970eacde07a552e1b589fcda40b9/screenshot HTTP/1.1
User-Agent: selenium/4.1.2 (java windows)
Cache-Control: no-cache
Content-Type: application/json; charset=utf-8
host: localhost:57666
accept: */*

Response DefaultHttpResponse(decodeResult: success, version: HTTP/1.1)
HTTP/1.1 200 OK
Content-Type: application/json; charset=utf-8
cache-control: no-cache
content-length: 34000

15:54:02.213 [AsyncHttpClient-1-5] DEBUG org.asynchttpclient.netty.channel.ChannelManager - Adding key: http://localhost:57666 for channel [id: 0x4c89a9bf, L:/127.0.0.1:56419 - R:localhost/127.0.0.1:57666]
15:54:02.215 [main] DEBUG net.serenitybdd.core.photography.Darkroom - Send negative for processing for target\site\serenity\76dde2859d2c50a4114e6e50e59f017a36b9beccdaaa87623367459b96539893.png
15:54:02.216 [main] DEBUG net.thucydides.core.steps.StepInterceptor - STEP DONE: clickShoppingCart
  &amp#27;[32mAnd &amp#27;[0m&amp#27;[32mI click shopping cart button&amp#27;[0m             &amp#27;[90m# starter.stepdefinitions.OrderSteps.iClickShoppingCartButton()&amp#27;[0m
15:54:02.244 [main] DEBUG net.thucydides.core.steps.StepInterceptor - STARTING STEP: OrderSteps.iClickBayarButton - clickBayarButton
15:54:02.251 [Forwarding findElement on session f75e970eacde07a552e1b589fcda40b9 to remote] DEBUG org.asynchttpclient.netty.request.NettyRequestSender - Using pooled Channel '[id: 0x4c89a9bf, L:/127.0.0.1:56419 - R:localhost/127.0.0.1:57666]' for 'POST' to 'http://localhost:57666/session/f75e970eacde07a552e1b589fcda40b9/element'
15:54:02.251 [Forwarding findElement on session f75e970eacde07a552e1b589fcda40b9 to remote] DEBUG org.asynchttpclient.netty.request.NettyRequestSender - Using open Channel [id: 0x4c89a9bf, L:/127.0.0.1:56419 - R:localhost/127.0.0.1:57666] for POST '/session/f75e970eacde07a552e1b589fcda40b9/element'
15:54:02.273 [AsyncHttpClient-1-5] DEBUG org.asynchttpclient.netty.handler.HttpHandler - 

Request DefaultHttpRequest(decodeResult: success, version: HTTP/1.1)
POST /session/f75e970eacde07a552e1b589fcda40b9/element HTTP/1.1
User-Agent: selenium/4.1.2 (java windows)
Content-Length: 59
Content-Type: application/json; charset=utf-8
host: localhost:57666
accept: */*

Response DefaultHttpResponse(decodeResult: success, version: HTTP/1.1)
HTTP/1.1 200 OK
Content-Type: application/json; charset=utf-8
cache-control: no-cache
content-length: 88

15:54:02.273 [AsyncHttpClient-1-5] DEBUG org.asynchttpclient.netty.channel.ChannelManager - Adding key: http://localhost:57666 for channel [id: 0x4c89a9bf, L:/127.0.0.1:56419 - R:localhost/127.0.0.1:57666]
15:54:02.277 [Forwarding getElementTagName on session f75e970eacde07a552e1b589fcda40b9 to remote] DEBUG org.asynchttpclient.netty.request.NettyRequestSender - Using pooled Channel '[id: 0x4c89a9bf, L:/127.0.0.1:56419 - R:localhost/127.0.0.1:57666]' for 'GET' to 'http://localhost:57666/session/f75e970eacde07a552e1b589fcda40b9/element/9b69c158-ac00-4d1e-a745-b0385377e165/name'
15:54:02.278 [Forwarding getElementTagName on session f75e970eacde07a552e1b589fcda40b9 to remote] DEBUG org.asynchttpclient.netty.request.NettyRequestSender - Using open Channel [id: 0x4c89a9bf, L:/127.0.0.1:56419 - R:localhost/127.0.0.1:57666] for GET '/session/f75e970eacde07a552e1b589fcda40b9/element/9b69c158-ac00-4d1e-a745-b0385377e165/name'
15:54:02.291 [AsyncHttpClient-1-5] DEBUG org.asynchttpclient.netty.handler.HttpHandler - 

Request DefaultFullHttpRequest(decodeResult: success, version: HTTP/1.1, content: EmptyByteBufBE)
GET /session/f75e970eacde07a552e1b589fcda40b9/element/9b69c158-ac00-4d1e-a745-b0385377e165/name HTTP/1.1
User-Agent: selenium/4.1.2 (java windows)
Cache-Control: no-cache
Content-Type: application/json; charset=utf-8
host: localhost:57666
accept: */*

Response DefaultHttpResponse(decodeResult: success, version: HTTP/1.1)
HTTP/1.1 200 OK
Content-Type: application/json; charset=utf-8
cache-control: no-cache
content-length: 18

15:54:02.291 [AsyncHttpClient-1-5] DEBUG org.asynchttpclient.netty.channel.ChannelManager - Adding key: http://localhost:57666 for channel [id: 0x4c89a9bf, L:/127.0.0.1:56419 - R:localhost/127.0.0.1:57666]
15:54:02.295 [Forwarding getElementTagName on session f75e970eacde07a552e1b589fcda40b9 to remote] DEBUG org.asynchttpclient.netty.request.NettyRequestSender - Using pooled Channel '[id: 0x4c89a9bf, L:/127.0.0.1:56419 - R:localhost/127.0.0.1:57666]' for 'GET' to 'http://localhost:57666/session/f75e970eacde07a552e1b589fcda40b9/element/9b69c158-ac00-4d1e-a745-b0385377e165/name'
15:54:02.295 [Forwarding getElementTagName on session f75e970eacde07a552e1b589fcda40b9 to remote] DEBUG org.asynchttpclient.netty.request.NettyRequestSender - Using open Channel [id: 0x4c89a9bf, L:/127.0.0.1:56419 - R:localhost/127.0.0.1:57666] for GET '/session/f75e970eacde07a552e1b589fcda40b9/element/9b69c158-ac00-4d1e-a745-b0385377e165/name'
15:54:02.304 [AsyncHttpClient-1-5] DEBUG org.asynchttpclient.netty.handler.HttpHandler - 

Request DefaultFullHttpRequest(decodeResult: success, version: HTTP/1.1, content: EmptyByteBufBE)
GET /session/f75e970eacde07a552e1b589fcda40b9/element/9b69c158-ac00-4d1e-a745-b0385377e165/name HTTP/1.1
User-Agent: selenium/4.1.2 (java windows)
Cache-Control: no-cache
Content-Type: application/json; charset=utf-8
host: localhost:57666
accept: */*

Response DefaultHttpResponse(decodeResult: success, version: HTTP/1.1)
HTTP/1.1 200 OK
Content-Type: application/json; charset=utf-8
cache-control: no-cache
content-length: 18

15:54:02.304 [AsyncHttpClient-1-5] DEBUG org.asynchttpclient.netty.channel.ChannelManager - Adding key: http://localhost:57666 for channel [id: 0x4c89a9bf, L:/127.0.0.1:56419 - R:localhost/127.0.0.1:57666]
15:54:02.307 [Forwarding isElementEnabled on session f75e970eacde07a552e1b589fcda40b9 to remote] DEBUG org.asynchttpclient.netty.request.NettyRequestSender - Using pooled Channel '[id: 0x4c89a9bf, L:/127.0.0.1:56419 - R:localhost/127.0.0.1:57666]' for 'GET' to 'http://localhost:57666/session/f75e970eacde07a552e1b589fcda40b9/element/9b69c158-ac00-4d1e-a745-b0385377e165/enabled'
15:54:02.307 [Forwarding isElementEnabled on session f75e970eacde07a552e1b589fcda40b9 to remote] DEBUG org.asynchttpclient.netty.request.NettyRequestSender - Using open Channel [id: 0x4c89a9bf, L:/127.0.0.1:56419 - R:localhost/127.0.0.1:57666] for GET '/session/f75e970eacde07a552e1b589fcda40b9/element/9b69c158-ac00-4d1e-a745-b0385377e165/enabled'
15:54:02.323 [AsyncHttpClient-1-5] DEBUG org.asynchttpclient.netty.handler.HttpHandler - 

Request DefaultFullHttpRequest(decodeResult: success, version: HTTP/1.1, content: EmptyByteBufBE)
GET /session/f75e970eacde07a552e1b589fcda40b9/element/9b69c158-ac00-4d1e-a745-b0385377e165/enabled HTTP/1.1
User-Agent: selenium/4.1.2 (java windows)
Cache-Control: no-cache
Content-Type: application/json; charset=utf-8
host: localhost:57666
accept: */*

Response DefaultHttpResponse(decodeResult: success, version: HTTP/1.1)
HTTP/1.1 200 OK
Content-Type: application/json; charset=utf-8
cache-control: no-cache
content-length: 14

15:54:02.323 [AsyncHttpClient-1-5] DEBUG org.asynchttpclient.netty.channel.ChannelManager - Adding key: http://localhost:57666 for channel [id: 0x4c89a9bf, L:/127.0.0.1:56419 - R:localhost/127.0.0.1:57666]
15:54:02.327 [Forwarding isElementEnabled on session f75e970eacde07a552e1b589fcda40b9 to remote] DEBUG org.asynchttpclient.netty.request.NettyRequestSender - Using pooled Channel '[id: 0x4c89a9bf, L:/127.0.0.1:56419 - R:localhost/127.0.0.1:57666]' for 'GET' to 'http://localhost:57666/session/f75e970eacde07a552e1b589fcda40b9/element/9b69c158-ac00-4d1e-a745-b0385377e165/enabled'
15:54:02.327 [Forwarding isElementEnabled on session f75e970eacde07a552e1b589fcda40b9 to remote] DEBUG org.asynchttpclient.netty.request.NettyRequestSender - Using open Channel [id: 0x4c89a9bf, L:/127.0.0.1:56419 - R:localhost/127.0.0.1:57666] for GET '/session/f75e970eacde07a552e1b589fcda40b9/element/9b69c158-ac00-4d1e-a745-b0385377e165/enabled'
15:54:02.338 [AsyncHttpClient-1-5] DEBUG org.asynchttpclient.netty.handler.HttpHandler - 

Request DefaultFullHttpRequest(decodeResult: success, version: HTTP/1.1, content: EmptyByteBufBE)
GET /session/f75e970eacde07a552e1b589fcda40b9/element/9b69c158-ac00-4d1e-a745-b0385377e165/enabled HTTP/1.1
User-Agent: selenium/4.1.2 (java windows)
Cache-Control: no-cache
Content-Type: application/json; charset=utf-8
host: localhost:57666
accept: */*

Response DefaultHttpResponse(decodeResult: success, version: HTTP/1.1)
HTTP/1.1 200 OK
Content-Type: application/json; charset=utf-8
cache-control: no-cache
content-length: 14

15:54:02.348 [AsyncHttpClient-1-5] DEBUG org.asynchttpclient.netty.channel.ChannelManager - Adding key: http://localhost:57666 for channel [id: 0x4c89a9bf, L:/127.0.0.1:56419 - R:localhost/127.0.0.1:57666]
15:54:02.352 [Forwarding findElement on session f75e970eacde07a552e1b589fcda40b9 to remote] DEBUG org.asynchttpclient.netty.request.NettyRequestSender - Using pooled Channel '[id: 0x4c89a9bf, L:/127.0.0.1:56419 - R:localhost/127.0.0.1:57666]' for 'POST' to 'http://localhost:57666/session/f75e970eacde07a552e1b589fcda40b9/element'
15:54:02.352 [Forwarding findElement on session f75e970eacde07a552e1b589fcda40b9 to remote] DEBUG org.asynchttpclient.netty.request.NettyRequestSender - Using open Channel [id: 0x4c89a9bf, L:/127.0.0.1:56419 - R:localhost/127.0.0.1:57666] for POST '/session/f75e970eacde07a552e1b589fcda40b9/element'
15:54:02.366 [AsyncHttpClient-1-5] DEBUG org.asynchttpclient.netty.handler.HttpHandler - 

Request DefaultHttpRequest(decodeResult: success, version: HTTP/1.1)
POST /session/f75e970eacde07a552e1b589fcda40b9/element HTTP/1.1
User-Agent: selenium/4.1.2 (java windows)
Content-Length: 59
Content-Type: application/json; charset=utf-8
host: localhost:57666
accept: */*

Response DefaultHttpResponse(decodeResult: success, version: HTTP/1.1)
HTTP/1.1 200 OK
Content-Type: application/json; charset=utf-8
cache-control: no-cache
content-length: 88

15:54:02.366 [AsyncHttpClient-1-5] DEBUG org.asynchttpclient.netty.channel.ChannelManager - Adding key: http://localhost:57666 for channel [id: 0x4c89a9bf, L:/127.0.0.1:56419 - R:localhost/127.0.0.1:57666]
15:54:02.372 [Forwarding clickElement on session f75e970eacde07a552e1b589fcda40b9 to remote] DEBUG org.asynchttpclient.netty.request.NettyRequestSender - Using pooled Channel '[id: 0x4c89a9bf, L:/127.0.0.1:56419 - R:localhost/127.0.0.1:57666]' for 'POST' to 'http://localhost:57666/session/f75e970eacde07a552e1b589fcda40b9/element/9b69c158-ac00-4d1e-a745-b0385377e165/click'
15:54:02.372 [Forwarding clickElement on session f75e970eacde07a552e1b589fcda40b9 to remote] DEBUG org.asynchttpclient.netty.request.NettyRequestSender - Using open Channel [id: 0x4c89a9bf, L:/127.0.0.1:56419 - R:localhost/127.0.0.1:57666] for POST '/session/f75e970eacde07a552e1b589fcda40b9/element/9b69c158-ac00-4d1e-a745-b0385377e165/click'
15:54:02.484 [AsyncHttpClient-1-5] DEBUG org.asynchttpclient.netty.handler.HttpHandler - 

Request DefaultHttpRequest(decodeResult: success, version: HTTP/1.1)
POST /session/f75e970eacde07a552e1b589fcda40b9/element/9b69c158-ac00-4d1e-a745-b0385377e165/click HTTP/1.1
User-Agent: selenium/4.1.2 (java windows)
Content-Length: 50
Content-Type: application/json; charset=utf-8
host: localhost:57666
accept: */*

Response DefaultHttpResponse(decodeResult: success, version: HTTP/1.1)
HTTP/1.1 200 OK
Content-Type: application/json; charset=utf-8
cache-control: no-cache
content-length: 14

15:54:02.485 [AsyncHttpClient-1-5] DEBUG org.asynchttpclient.netty.channel.ChannelManager - Adding key: http://localhost:57666 for channel [id: 0x4c89a9bf, L:/127.0.0.1:56419 - R:localhost/127.0.0.1:57666]
15:54:02.499 [Forwarding screenshot on session f75e970eacde07a552e1b589fcda40b9 to remote] DEBUG org.asynchttpclient.netty.request.NettyRequestSender - Using pooled Channel '[id: 0x4c89a9bf, L:/127.0.0.1:56419 - R:localhost/127.0.0.1:57666]' for 'GET' to 'http://localhost:57666/session/f75e970eacde07a552e1b589fcda40b9/screenshot'
15:54:02.499 [Forwarding screenshot on session f75e970eacde07a552e1b589fcda40b9 to remote] DEBUG org.asynchttpclient.netty.request.NettyRequestSender - Using open Channel [id: 0x4c89a9bf, L:/127.0.0.1:56419 - R:localhost/127.0.0.1:57666] for GET '/session/f75e970eacde07a552e1b589fcda40b9/screenshot'
15:54:02.967 [AsyncHttpClient-1-1] DEBUG org.asynchttpclient.netty.channel.DefaultChannelPool - Entry count for : http://localhost:56421 : 1
15:54:03.695 [AsyncHttpClient-1-5] DEBUG org.asynchttpclient.netty.handler.HttpHandler - 

Request DefaultFullHttpRequest(decodeResult: success, version: HTTP/1.1, content: EmptyByteBufBE)
GET /session/f75e970eacde07a552e1b589fcda40b9/screenshot HTTP/1.1
User-Agent: selenium/4.1.2 (java windows)
Cache-Control: no-cache
Content-Type: application/json; charset=utf-8
host: localhost:57666
accept: */*

Response DefaultHttpResponse(decodeResult: success, version: HTTP/1.1)
HTTP/1.1 200 OK
Content-Type: application/json; charset=utf-8
cache-control: no-cache
content-length: 30824

15:54:03.696 [AsyncHttpClient-1-5] DEBUG org.asynchttpclient.netty.channel.ChannelManager - Adding key: http://localhost:57666 for channel [id: 0x4c89a9bf, L:/127.0.0.1:56419 - R:localhost/127.0.0.1:57666]
15:54:03.699 [main] DEBUG net.serenitybdd.core.photography.Darkroom - Send negative for processing for target\site\serenity\4056ad3839073e4596d246bd32b42bc995051da4840b4f9388f122654f48919e.png
15:54:03.699 [main] DEBUG net.thucydides.core.steps.StepInterceptor - STEP DONE: clickBayarButton
  &amp#27;[32mAnd &amp#27;[0m&amp#27;[32mI click Bayar button&amp#27;[0m                     &amp#27;[90m# starter.stepdefinitions.OrderSteps.iClickBayarButton()&amp#27;[0m
15:54:03.700 [Darkroom Processing Line] DEBUG net.serenitybdd.core.photography.DarkroomProcessingLine - Processing screenshot image in /var/screenshots/screenshot-17150498615101199159
15:54:03.700 [Darkroom Processing Line] DEBUG net.serenitybdd.core.photography.DarkroomProcessingLine - Saving screenshot to target\site\serenity\4056ad3839073e4596d246bd32b42bc995051da4840b4f9388f122654f48919e.png
15:54:04.061 [AsyncHttpClient-1-1] DEBUG org.asynchttpclient.netty.channel.DefaultChannelPool - Entry count for : http://localhost:57666 : 1
15:54:04.061 [AsyncHttpClient-1-1] DEBUG org.asynchttpclient.netty.channel.DefaultChannelPool - Entry count for : http://localhost:56421 : 1
15:54:04.344 [Forwarding screenshot on session f75e970eacde07a552e1b589fcda40b9 to remote] DEBUG org.asynchttpclient.netty.request.NettyRequestSender - Using pooled Channel '[id: 0x4c89a9bf, L:/127.0.0.1:56419 - R:localhost/127.0.0.1:57666]' for 'GET' to 'http://localhost:57666/session/f75e970eacde07a552e1b589fcda40b9/screenshot'
15:54:04.344 [Forwarding screenshot on session f75e970eacde07a552e1b589fcda40b9 to remote] DEBUG org.asynchttpclient.netty.request.NettyRequestSender - Using open Channel [id: 0x4c89a9bf, L:/127.0.0.1:56419 - R:localhost/127.0.0.1:57666] for GET '/session/f75e970eacde07a552e1b589fcda40b9/screenshot'
15:54:04.477 [AsyncHttpClient-1-5] DEBUG org.asynchttpclient.netty.handler.HttpHandler - 

Request DefaultFullHttpRequest(decodeResult: success, version: HTTP/1.1, content: EmptyByteBufBE)
GET /session/f75e970eacde07a552e1b589fcda40b9/screenshot HTTP/1.1
User-Agent: selenium/4.1.2 (java windows)
Cache-Control: no-cache
Content-Type: application/json; charset=utf-8
host: localhost:57666
accept: */*

Response DefaultHttpResponse(decodeResult: success, version: HTTP/1.1)
HTTP/1.1 200 OK
Content-Type: application/json; charset=utf-8
cache-control: no-cache
content-length: 30516

15:54:04.477 [AsyncHttpClient-1-5] DEBUG org.asynchttpclient.netty.channel.ChannelManager - Adding key: http://localhost:57666 for channel [id: 0x4c89a9bf, L:/127.0.0.1:56419 - R:localhost/127.0.0.1:57666]
15:54:04.480 [main] DEBUG net.serenitybdd.core.photography.Darkroom - Send negative for processing for target\site\serenity\53de485face6b5835865957611626eb10f8c1f3ac479d16ebb87750524d5bbb4.png
15:54:04.480 [main] DEBUG net.thucydides.core.steps.StepInterceptor - STARTING STEP: OrderSteps.iGoToTransactionsPage - selectRowAppears
15:54:04.480 [Darkroom Processing Line] DEBUG net.serenitybdd.core.photography.DarkroomProcessingLine - Processing screenshot image in /var/screenshots/screenshot-1482987124143849652
15:54:04.480 [Darkroom Processing Line] DEBUG net.serenitybdd.core.photography.DarkroomProcessingLine - Saving screenshot to target\site\serenity\53de485face6b5835865957611626eb10f8c1f3ac479d16ebb87750524d5bbb4.png
15:54:04.484 [Forwarding findElement on session f75e970eacde07a552e1b589fcda40b9 to remote] DEBUG org.asynchttpclient.netty.request.NettyRequestSender - Using pooled Channel '[id: 0x4c89a9bf, L:/127.0.0.1:56419 - R:localhost/127.0.0.1:57666]' for 'POST' to 'http://localhost:57666/session/f75e970eacde07a552e1b589fcda40b9/element'
15:54:04.484 [Forwarding findElement on session f75e970eacde07a552e1b589fcda40b9 to remote] DEBUG org.asynchttpclient.netty.request.NettyRequestSender - Using open Channel [id: 0x4c89a9bf, L:/127.0.0.1:56419 - R:localhost/127.0.0.1:57666] for POST '/session/f75e970eacde07a552e1b589fcda40b9/element'
15:54:04.490 [AsyncHttpClient-1-5] DEBUG org.asynchttpclient.netty.handler.HttpHandler - 

Request DefaultHttpRequest(decodeResult: success, version: HTTP/1.1)
POST /session/f75e970eacde07a552e1b589fcda40b9/element HTTP/1.1
User-Agent: selenium/4.1.2 (java windows)
Content-Length: 53
Content-Type: application/json; charset=utf-8
host: localhost:57666
accept: */*

Response DefaultHttpResponse(decodeResult: success, version: HTTP/1.1)
HTTP/1.1 400 Bad Request
Content-Type: application/json; charset=utf-8
cache-control: no-cache
content-length: 957

15:54:04.490 [AsyncHttpClient-1-5] DEBUG org.asynchttpclient.netty.channel.ChannelManager - Adding key: http://localhost:57666 for channel [id: 0x4c89a9bf, L:/127.0.0.1:56419 - R:localhost/127.0.0.1:57666]
15:54:04.493 [Forwarding findElement on session f75e970eacde07a552e1b589fcda40b9 to remote] DEBUG org.asynchttpclient.netty.request.NettyRequestSender - Using pooled Channel '[id: 0x4c89a9bf, L:/127.0.0.1:56419 - R:localhost/127.0.0.1:57666]' for 'POST' to 'http://localhost:57666/session/f75e970eacde07a552e1b589fcda40b9/element'
15:54:04.493 [Forwarding findElement on session f75e970eacde07a552e1b589fcda40b9 to remote] DEBUG org.asynchttpclient.netty.request.NettyRequestSender - Using open Channel [id: 0x4c89a9bf, L:/127.0.0.1:56419 - R:localhost/127.0.0.1:57666] for POST '/session/f75e970eacde07a552e1b589fcda40b9/element'
15:54:04.511 [AsyncHttpClient-1-5] DEBUG org.asynchttpclient.netty.handler.HttpHandler - 

Request DefaultHttpRequest(decodeResult: success, version: HTTP/1.1)
POST /session/f75e970eacde07a552e1b589fcda40b9/element HTTP/1.1
User-Agent: selenium/4.1.2 (java windows)
Content-Length: 63
Content-Type: application/json; charset=utf-8
host: localhost:57666
accept: */*

Response DefaultHttpResponse(decodeResult: success, version: HTTP/1.1)
HTTP/1.1 200 OK
Content-Type: application/json; charset=utf-8
cache-control: no-cache
content-length: 88

15:54:04.511 [AsyncHttpClient-1-5] DEBUG org.asynchttpclient.netty.channel.ChannelManager - Adding key: http://localhost:57666 for channel [id: 0x4c89a9bf, L:/127.0.0.1:56419 - R:localhost/127.0.0.1:57666]
15:54:04.517 [Forwarding isElementDisplayed on session f75e970eacde07a552e1b589fcda40b9 to remote] DEBUG org.asynchttpclient.netty.request.NettyRequestSender - Using pooled Channel '[id: 0x4c89a9bf, L:/127.0.0.1:56419 - R:localhost/127.0.0.1:57666]' for 'POST' to 'http://localhost:57666/session/f75e970eacde07a552e1b589fcda40b9/execute/sync'
15:54:04.517 [Forwarding isElementDisplayed on session f75e970eacde07a552e1b589fcda40b9 to remote] DEBUG org.asynchttpclient.netty.request.NettyRequestSender - Using open Channel [id: 0x4c89a9bf, L:/127.0.0.1:56419 - R:localhost/127.0.0.1:57666] for POST '/session/f75e970eacde07a552e1b589fcda40b9/execute/sync'
15:54:04.541 [AsyncHttpClient-1-5] DEBUG org.asynchttpclient.netty.handler.HttpHandler - 

Request DefaultHttpRequest(decodeResult: success, version: HTTP/1.1)
POST /session/f75e970eacde07a552e1b589fcda40b9/execute/sync HTTP/1.1
User-Agent: selenium/4.1.2 (java windows)
Content-Length: 48780
Content-Type: application/json; charset=utf-8
host: localhost:57666
accept: */*

Response DefaultHttpResponse(decodeResult: success, version: HTTP/1.1)
HTTP/1.1 200 OK
Content-Type: application/json; charset=utf-8
cache-control: no-cache
content-length: 14

15:54:04.541 [AsyncHttpClient-1-5] DEBUG org.asynchttpclient.netty.channel.ChannelManager - Adding key: http://localhost:57666 for channel [id: 0x4c89a9bf, L:/127.0.0.1:56419 - R:localhost/127.0.0.1:57666]
15:54:04.547 [Forwarding screenshot on session f75e970eacde07a552e1b589fcda40b9 to remote] DEBUG org.asynchttpclient.netty.request.NettyRequestSender - Using pooled Channel '[id: 0x4c89a9bf, L:/127.0.0.1:56419 - R:localhost/127.0.0.1:57666]' for 'GET' to 'http://localhost:57666/session/f75e970eacde07a552e1b589fcda40b9/screenshot'
15:54:04.547 [Forwarding screenshot on session f75e970eacde07a552e1b589fcda40b9 to remote] DEBUG org.asynchttpclient.netty.request.NettyRequestSender - Using open Channel [id: 0x4c89a9bf, L:/127.0.0.1:56419 - R:localhost/127.0.0.1:57666] for GET '/session/f75e970eacde07a552e1b589fcda40b9/screenshot'
15:54:04.711 [AsyncHttpClient-1-5] DEBUG org.asynchttpclient.netty.handler.HttpHandler - 

Request DefaultFullHttpRequest(decodeResult: success, version: HTTP/1.1, content: EmptyByteBufBE)
GET /session/f75e970eacde07a552e1b589fcda40b9/screenshot HTTP/1.1
User-Agent: selenium/4.1.2 (java windows)
Cache-Control: no-cache
Content-Type: application/json; charset=utf-8
host: localhost:57666
accept: */*

Response DefaultHttpResponse(decodeResult: success, version: HTTP/1.1)
HTTP/1.1 200 OK
Content-Type: application/json; charset=utf-8
cache-control: no-cache
content-length: 30516

15:54:04.712 [AsyncHttpClient-1-5] DEBUG org.asynchttpclient.netty.channel.ChannelManager - Adding key: http://localhost:57666 for channel [id: 0x4c89a9bf, L:/127.0.0.1:56419 - R:localhost/127.0.0.1:57666]
15:54:04.714 [main] DEBUG net.serenitybdd.core.photography.Darkroom - Send negative for processing for target\site\serenity\53de485face6b5835865957611626eb10f8c1f3ac479d16ebb87750524d5bbb4.png
15:54:04.714 [main] DEBUG net.thucydides.core.steps.StepInterceptor - STEP DONE: selectRowAppears
15:54:04.721 [main] DEBUG net.thucydides.core.steps.StepInterceptor - STARTING STEP: OrderSteps.iGoToTransactionsPage - BanyaknyaAppears
15:54:04.724 [Forwarding findElement on session f75e970eacde07a552e1b589fcda40b9 to remote] DEBUG org.asynchttpclient.netty.request.NettyRequestSender - Using pooled Channel '[id: 0x4c89a9bf, L:/127.0.0.1:56419 - R:localhost/127.0.0.1:57666]' for 'POST' to 'http://localhost:57666/session/f75e970eacde07a552e1b589fcda40b9/element'
15:54:04.724 [Forwarding findElement on session f75e970eacde07a552e1b589fcda40b9 to remote] DEBUG org.asynchttpclient.netty.request.NettyRequestSender - Using open Channel [id: 0x4c89a9bf, L:/127.0.0.1:56419 - R:localhost/127.0.0.1:57666] for POST '/session/f75e970eacde07a552e1b589fcda40b9/element'
15:54:04.743 [AsyncHttpClient-1-5] DEBUG org.asynchttpclient.netty.handler.HttpHandler - 

Request DefaultHttpRequest(decodeResult: success, version: HTTP/1.1)
POST /session/f75e970eacde07a552e1b589fcda40b9/element HTTP/1.1
User-Agent: selenium/4.1.2 (java windows)
Content-Length: 70
Content-Type: application/json; charset=utf-8
host: localhost:57666
accept: */*

Response DefaultHttpResponse(decodeResult: success, version: HTTP/1.1)
HTTP/1.1 200 OK
Content-Type: application/json; charset=utf-8
cache-control: no-cache
content-length: 88

15:54:04.744 [AsyncHttpClient-1-5] DEBUG org.asynchttpclient.netty.channel.ChannelManager - Adding key: http://localhost:57666 for channel [id: 0x4c89a9bf, L:/127.0.0.1:56419 - R:localhost/127.0.0.1:57666]
15:54:04.749 [Forwarding isElementDisplayed on session f75e970eacde07a552e1b589fcda40b9 to remote] DEBUG org.asynchttpclient.netty.request.NettyRequestSender - Using pooled Channel '[id: 0x4c89a9bf, L:/127.0.0.1:56419 - R:localhost/127.0.0.1:57666]' for 'POST' to 'http://localhost:57666/session/f75e970eacde07a552e1b589fcda40b9/execute/sync'
15:54:04.749 [Forwarding isElementDisplayed on session f75e970eacde07a552e1b589fcda40b9 to remote] DEBUG org.asynchttpclient.netty.request.NettyRequestSender - Using open Channel [id: 0x4c89a9bf, L:/127.0.0.1:56419 - R:localhost/127.0.0.1:57666] for POST '/session/f75e970eacde07a552e1b589fcda40b9/execute/sync'
15:54:04.770 [AsyncHttpClient-1-5] DEBUG org.asynchttpclient.netty.handler.HttpHandler - 

Request DefaultHttpRequest(decodeResult: success, version: HTTP/1.1)
POST /session/f75e970eacde07a552e1b589fcda40b9/execute/sync HTTP/1.1
User-Agent: selenium/4.1.2 (java windows)
Content-Length: 48780
Content-Type: application/json; charset=utf-8
host: localhost:57666
accept: */*

Response DefaultHttpResponse(decodeResult: success, version: HTTP/1.1)
HTTP/1.1 200 OK
Content-Type: application/json; charset=utf-8
cache-control: no-cache
content-length: 14

15:54:04.771 [AsyncHttpClient-1-5] DEBUG org.asynchttpclient.netty.channel.ChannelManager - Adding key: http://localhost:57666 for channel [id: 0x4c89a9bf, L:/127.0.0.1:56419 - R:localhost/127.0.0.1:57666]
15:54:04.776 [Forwarding screenshot on session f75e970eacde07a552e1b589fcda40b9 to remote] DEBUG org.asynchttpclient.netty.request.NettyRequestSender - Using pooled Channel '[id: 0x4c89a9bf, L:/127.0.0.1:56419 - R:localhost/127.0.0.1:57666]' for 'GET' to 'http://localhost:57666/session/f75e970eacde07a552e1b589fcda40b9/screenshot'
15:54:04.776 [Forwarding screenshot on session f75e970eacde07a552e1b589fcda40b9 to remote] DEBUG org.asynchttpclient.netty.request.NettyRequestSender - Using open Channel [id: 0x4c89a9bf, L:/127.0.0.1:56419 - R:localhost/127.0.0.1:57666] for GET '/session/f75e970eacde07a552e1b589fcda40b9/screenshot'
15:54:04.933 [AsyncHttpClient-1-5] DEBUG org.asynchttpclient.netty.handler.HttpHandler - 

Request DefaultFullHttpRequest(decodeResult: success, version: HTTP/1.1, content: EmptyByteBufBE)
GET /session/f75e970eacde07a552e1b589fcda40b9/screenshot HTTP/1.1
User-Agent: selenium/4.1.2 (java windows)
Cache-Control: no-cache
Content-Type: application/json; charset=utf-8
host: localhost:57666
accept: */*

Response DefaultHttpResponse(decodeResult: success, version: HTTP/1.1)
HTTP/1.1 200 OK
Content-Type: application/json; charset=utf-8
cache-control: no-cache
content-length: 30516

15:54:04.933 [AsyncHttpClient-1-5] DEBUG org.asynchttpclient.netty.channel.ChannelManager - Adding key: http://localhost:57666 for channel [id: 0x4c89a9bf, L:/127.0.0.1:56419 - R:localhost/127.0.0.1:57666]
15:54:04.936 [main] DEBUG net.serenitybdd.core.photography.Darkroom - Send negative for processing for target\site\serenity\53de485face6b5835865957611626eb10f8c1f3ac479d16ebb87750524d5bbb4.png
15:54:04.936 [main] DEBUG net.thucydides.core.steps.StepInterceptor - STEP DONE: BanyaknyaAppears
  &amp#27;[32mThen &amp#27;[0m&amp#27;[32mI go to transactions page&amp#27;[0m               &amp#27;[90m# starter.stepdefinitions.OrderSteps.iGoToTransactionsPage()&amp#27;[0m
15:54:04.944 [main] INFO  - 
  _____   ___   ___   _____     ___     _     ___   ___   ___   ___  
 |_   _| | __| / __| |_   _|   | _ \   /_\   / __| / __| | __| |   \ 
   | |   | _|  \__ \   | |     |  _/  / _ \  \__ \ \__ \ | _|  | |) |
   |_|   |___| |___/   |_|     |_|   /_/ \_\ |___/ |___/ |___| |___/ 

I click Bayar button on product page
----------------------------------------------------------------------
15:54:04.946 [AsyncHttpClient-1-3] DEBUG org.asynchttpclient.netty.handler.WebSocketHandler - Channel Closed: [id: 0x8c5bdb25, L:/127.0.0.1:56428 ! R:localhost/127.0.0.1:56421] with attribute NettyResponseFuture{currentRetry=5,
	isDone=1,
	isCancelled=0,
	asyncHandler=org.asynchttpclient.ws.WebSocketUpgradeHandler@43d36e36,
	nettyRequest=org.asynchttpclient.netty.request.NettyRequest@b6f66c1,
	future=java.util.concurrent.CompletableFuture@74fbc0ce[Completed normally],
	uri=ws://localhost:56421/devtools/browser/e1f27272-1a16-4cde-843e-342b763bcb86,
	keepAlive=true,
	redirectCount=0,
	timeoutsHolder=null,
	inAuth=0,
	touch=1652864023026}
15:54:04.947 [AsyncHttpClient-1-3] DEBUG org.asynchttpclient.netty.channel.ChannelManager - Closing Channel [id: 0x8c5bdb25, L:/127.0.0.1:56428 ! R:localhost/127.0.0.1:56421] 
15:54:04.948 [Driver Command Executor] DEBUG org.asynchttpclient.netty.request.NettyRequestSender - Using pooled Channel '[id: 0x4c89a9bf, L:/127.0.0.1:56419 - R:localhost/127.0.0.1:57666]' for 'DELETE' to 'http://localhost:57666/session/f75e970eacde07a552e1b589fcda40b9'
15:54:04.948 [Driver Command Executor] DEBUG org.asynchttpclient.netty.request.NettyRequestSender - Using open Channel [id: 0x4c89a9bf, L:/127.0.0.1:56419 - R:localhost/127.0.0.1:57666] for DELETE '/session/f75e970eacde07a552e1b589fcda40b9'
15:54:05.160 [AsyncHttpClient-1-1] DEBUG org.asynchttpclient.netty.channel.DefaultChannelPool - Entry count for : http://localhost:56421 : 1
15:54:05.210 [AsyncHttpClient-1-2] DEBUG org.asynchttpclient.netty.handler.HttpHandler - Unexpected I/O exception on channel [id: 0xc5ff305d, L:/127.0.0.1:56427 - R:localhost/127.0.0.1:56421]
java.net.SocketException: Connection reset
	at java.base/sun.nio.ch.SocketChannelImpl.throwConnectionReset(SocketChannelImpl.java:367)
	at java.base/sun.nio.ch.SocketChannelImpl.read(SocketChannelImpl.java:398)
	at io.netty.buffer.PooledByteBuf.setBytes(PooledByteBuf.java:258)
	at io.netty.buffer.AbstractByteBuf.writeBytes(AbstractByteBuf.java:1132)
	at io.netty.channel.socket.nio.NioSocketChannel.doReadBytes(NioSocketChannel.java:350)
	at io.netty.channel.nio.AbstractNioByteChannel$NioByteUnsafe.read(AbstractNioByteChannel.java:151)
	at io.netty.channel.nio.NioEventLoop.processSelectedKey(NioEventLoop.java:722)
	at io.netty.channel.nio.NioEventLoop.processSelectedKeysOptimized(NioEventLoop.java:658)
	at io.netty.channel.nio.NioEventLoop.processSelectedKeys(NioEventLoop.java:584)
	at io.netty.channel.nio.NioEventLoop.run(NioEventLoop.java:496)
	at io.netty.util.concurrent.SingleThreadEventExecutor$4.run(SingleThreadEventExecutor.java:986)
	at io.netty.util.internal.ThreadExecutorMap$2.run(ThreadExecutorMap.java:74)
	at io.netty.util.concurrent.FastThreadLocalRunnable.run(FastThreadLocalRunnable.java:30)
	at java.base/java.lang.Thread.run(Thread.java:832)
15:54:05.211 [AsyncHttpClient-1-2] DEBUG org.asynchttpclient.netty.channel.ChannelManager - Closing Channel [id: 0xc5ff305d, L:/127.0.0.1:56427 - R:localhost/127.0.0.1:56421] 
15:54:05.211 [AsyncHttpClient-1-2] DEBUG org.asynchttpclient.netty.handler.HttpHandler - Channel Closed: [id: 0xc5ff305d, L:/127.0.0.1:56427 ! R:localhost/127.0.0.1:56421] with attribute DISCARD
15:54:05.241 [AsyncHttpClient-1-5] DEBUG org.asynchttpclient.netty.handler.HttpHandler - 

Request DefaultFullHttpRequest(decodeResult: success, version: HTTP/1.1, content: EmptyByteBufBE)
DELETE /session/f75e970eacde07a552e1b589fcda40b9 HTTP/1.1
User-Agent: selenium/4.1.2 (java windows)
Content-Type: application/json; charset=utf-8
host: localhost:57666
accept: */*

Response DefaultHttpResponse(decodeResult: success, version: HTTP/1.1)
HTTP/1.1 200 OK
Content-Type: application/json; charset=utf-8
cache-control: no-cache
content-length: 14

15:54:05.241 [AsyncHttpClient-1-5] DEBUG org.asynchttpclient.netty.channel.ChannelManager - Adding key: http://localhost:57666 for channel [id: 0x4c89a9bf, L:/127.0.0.1:56419 - R:localhost/127.0.0.1:57666]
15:54:05.734 [AsyncHttpClient-1-5] DEBUG org.asynchttpclient.netty.handler.HttpHandler - Channel Closed: [id: 0x4c89a9bf, L:/127.0.0.1:56419 ! R:localhost/127.0.0.1:57666] with attribute DISCARD
]]></system-out>
    <system-err><![CDATA[Starting ChromeDriver 100.0.4896.60 (6a5d10861ce8de5fce22564658033b43cb7de047-refs/branch-heads/4896@{#875}) on port 57666
Only local connections are allowed.
Please see https://chromedriver.chromium.org/security-considerations for suggestions on keeping ChromeDriver safe.
ChromeDriver was started successfully.
[1652864022.312][WARNING]: This version of ChromeDriver has not been tested with Chrome version 101.
May 18, 2022 3:53:42 PM org.openqa.selenium.remote.ProtocolHandshake createSession
INFO: Detected dialect: W3C
May 18, 2022 3:53:43 PM org.openqa.selenium.devtools.CdpVersionFinder findNearestMatch
WARNING: Unable to find an exact match for CDP version 101, so returning the closest version found: 97
May 18, 2022 3:53:43 PM org.openqa.selenium.devtools.CdpVersionFinder findNearestMatch
INFO: Found CDP implementation for version 101 of 97
]]></system-err>
  </testcase>
  <testcase name="Buy first product" classname="Product" time="22.894">
    <system-out><![CDATA[15:54:06.251 [main] INFO io.cucumber.core.plugin.SerenityReporter - Running feature from file:///C:/Users/ponda/Documents/Final_Project/Final_Web/src/test/resources/features/Product.feature
15:54:06.258 [main] DEBUG net.thucydides.core.steps.StepEventBus - Test suite started for story net.thucydides.core.model.Story@fdbc81c8
15:54:06.259 [main] INFO  - Test Suite Started: Product

Scenario: Buy first product                    &amp#27;[90m# src/test/resources/features/Product.feature:7&amp#27;[0m
15:54:06.289 [main] INFO io.cucumber.core.plugin.SerenityReporter - Running feature from file:///C:/Users/ponda/Documents/Final_Project/Final_Web/src/test/resources/features/Product.feature
15:54:06.293 [main] INFO  - 
  _____   ___   ___   _____     ___   _____     _     ___   _____   ___   ___  
 |_   _| | __| / __| |_   _|   / __| |_   _|   /_\   | _ \ |_   _| | __| |   \ 
   | |   | _|  \__ \   | |     \__ \   | |    / _ \  |   /   | |   | _|  | |) |
   |_|   |___| |___/   |_|     |___/   |_|   /_/ \_\ |_|_\   |_|   |___| |___/ 

Buy first product(product;buy-first-product)
--------------------------------------------------------------------------------
15:54:06.318 [AsyncHttpClient-1-1] DEBUG org.asynchttpclient.netty.channel.DefaultChannelPool - Entry count for : http://localhost:57666 : 1
15:54:06.318 [AsyncHttpClient-1-1] DEBUG org.asynchttpclient.netty.channel.DefaultChannelPool - Entry count for : http://localhost:56421 : 1
15:54:06.318 [AsyncHttpClient-1-1] DEBUG org.asynchttpclient.netty.channel.DefaultChannelPool - Adding Candidate expired Channel [id: 0x4c89a9bf, L:/127.0.0.1:56419 ! R:localhost/127.0.0.1:57666] isIdleTimeoutExpired=false isRemotelyClosed=true isTtlExpired=false
15:54:06.318 [AsyncHttpClient-1-1] DEBUG org.asynchttpclient.netty.channel.DefaultChannelPool - Closing Idle Channel [id: 0x4c89a9bf, L:/127.0.0.1:56419 ! R:localhost/127.0.0.1:57666]
15:54:06.318 [AsyncHttpClient-1-1] DEBUG org.asynchttpclient.netty.channel.DefaultChannelPool - Adding Candidate expired Channel [id: 0xc5ff305d, L:/127.0.0.1:56427 ! R:localhost/127.0.0.1:56421] isIdleTimeoutExpired=false isRemotelyClosed=true isTtlExpired=false
15:54:06.318 [AsyncHttpClient-1-1] DEBUG org.asynchttpclient.netty.channel.DefaultChannelPool - Closing Idle Channel [id: 0xc5ff305d, L:/127.0.0.1:56427 ! R:localhost/127.0.0.1:56421]
15:54:06.318 [AsyncHttpClient-1-1] DEBUG org.asynchttpclient.netty.channel.DefaultChannelPool - Closed 2 connections out of 2 in 0 ms
15:54:06.384 [main] DEBUG net.thucydides.core.steps.StepInterceptor - STARTING STEP: ProductSteps.iAmOnProductPage - openUrl
15:54:06.386 [main] INFO net.serenitybdd.core.webdriver.driverproviders.ChromeDriverProvider - Using automatically driver download
15:54:06.675 [main] DEBUG io.github.bonigarcia.wdm.cache.ResolutionCache - Resolution chrome=101 in cache (valid until 16:36:25 18/05/2022 WIB)
15:54:06.683 [main] DEBUG io.github.bonigarcia.wdm.cache.ResolutionCache - Resolution chrome101=101.0.4951.41 in cache (valid until 16:04:06 18/05/2022 WIB)
15:54:06.686 [main] INFO io.github.bonigarcia.wdm.WebDriverManager - Using chromedriver 101.0.4951.41 (resolved driver for Chrome 101)
15:54:06.721 [main] DEBUG io.github.bonigarcia.wdm.WebDriverManager - Driver chromedriver 101.0.4951.41 found in cache
15:54:06.722 [main] INFO io.github.bonigarcia.wdm.WebDriverManager - Exporting webdriver.chrome.driver as C:\Users\ponda\.cache\selenium\chromedriver\win32\101.0.4951.41\chromedriver.exe
15:54:06.922 [main] DEBUG net.serenitybdd.core.webdriver.driverproviders.ProvideNewDriver - Instantiating driver
15:54:06.922 [main] DEBUG net.serenitybdd.core.webdriver.driverproviders.ProvideNewDriver - Driver capabilities: Capabilities {acceptInsecureCerts: false, base.url: https://qa.alta.id, browserName: chrome, chrome.driver: src/test/resources/webdrive..., driver: chrome, goog:chromeOptions: {args: [], extensions: []}}
15:54:07.484 [AsyncHttpClient-1-4] DEBUG org.asynchttpclient.netty.channel.NettyConnectListener - Using new Channel '[id: 0x781b63ab, L:/127.0.0.1:56456 - R:localhost/127.0.0.1:64955]' for 'POST' to '/session'
15:54:09.611 [AsyncHttpClient-1-4] DEBUG org.asynchttpclient.netty.handler.HttpHandler - 

Request DefaultHttpRequest(decodeResult: success, version: HTTP/1.1)
POST /session HTTP/1.1
User-Agent: selenium/4.1.2 (java windows)
Content-Length: 599
Content-Type: application/json; charset=utf-8
host: localhost:64955
accept: */*

Response DefaultHttpResponse(decodeResult: success, version: HTTP/1.1)
HTTP/1.1 200 OK
Content-Type: application/json; charset=utf-8
cache-control: no-cache
content-length: 790

15:54:09.612 [AsyncHttpClient-1-4] DEBUG org.asynchttpclient.netty.channel.ChannelManager - Adding key: http://localhost:64955 for channel [id: 0x781b63ab, L:/127.0.0.1:56456 - R:localhost/127.0.0.1:64955]
15:54:09.629 [AsyncHttpClient-1-5] DEBUG org.asynchttpclient.netty.channel.NettyConnectListener - Using new Channel '[id: 0x9d89dc4e, L:/127.0.0.1:56464 - R:localhost/127.0.0.1:56457]' for 'GET' to '/json/version'
15:54:09.630 [AsyncHttpClient-1-5] DEBUG org.asynchttpclient.netty.handler.HttpHandler - 

Request DefaultFullHttpRequest(decodeResult: success, version: HTTP/1.1, content: EmptyByteBufBE)
GET /json/version HTTP/1.1
User-Agent: selenium/4.1.2 (java windows)
host: localhost:56457
accept: */*

Response DefaultHttpResponse(decodeResult: success, version: HTTP/1.1)
HTTP/1.1 200 OK
Content-Type: application/json; charset=UTF-8
content-length: 427

15:54:09.630 [AsyncHttpClient-1-5] DEBUG org.asynchttpclient.netty.channel.ChannelManager - Adding key: http://localhost:56457 for channel [id: 0x9d89dc4e, L:/127.0.0.1:56464 - R:localhost/127.0.0.1:56457]
15:54:09.639 [AsyncHttpClient-1-2] DEBUG org.asynchttpclient.netty.channel.NettyConnectListener - Using new Channel '[id: 0x3978f9ed, L:/127.0.0.1:56465 - R:localhost/127.0.0.1:56457]' for 'GET' to '/devtools/browser/59355c6d-18e8-465d-b740-9bc230478414'
15:54:09.646 [AsyncHttpClient-1-2] DEBUG org.asynchttpclient.netty.handler.WebSocketHandler - 

Request DefaultFullHttpRequest(decodeResult: success, version: HTTP/1.1, content: EmptyByteBufBE)
GET /devtools/browser/59355c6d-18e8-465d-b740-9bc230478414 HTTP/1.1
upgrade: websocket
connection: upgrade
sec-websocket-key: 25Fg7E0WyjwgFpulkwfjwA==
sec-websocket-version: 13
origin: http://localhost:56457
host: localhost:56457
accept: */*
user-agent: AHC/2.1

Response DefaultHttpResponse(decodeResult: success, version: HTTP/1.1)
HTTP/1.1 101 WebSocket Protocol Handshake
Upgrade: WebSocket
Connection: Upgrade
Sec-WebSocket-Accept: 2XhelXqRF5x8ZHaS9CCbfMXya78=

15:54:09.654 [Forwarding maximizeCurrentWindow on session 5404d348eb47781d410431c3aae39346 to remote] DEBUG org.asynchttpclient.netty.request.NettyRequestSender - Using pooled Channel '[id: 0x781b63ab, L:/127.0.0.1:56456 - R:localhost/127.0.0.1:64955]' for 'POST' to 'http://localhost:64955/session/5404d348eb47781d410431c3aae39346/window/maximize'
15:54:09.655 [Forwarding maximizeCurrentWindow on session 5404d348eb47781d410431c3aae39346 to remote] DEBUG org.asynchttpclient.netty.request.NettyRequestSender - Using open Channel [id: 0x781b63ab, L:/127.0.0.1:56456 - R:localhost/127.0.0.1:64955] for POST '/session/5404d348eb47781d410431c3aae39346/window/maximize'
15:54:09.975 [AsyncHttpClient-1-4] DEBUG org.asynchttpclient.netty.handler.HttpHandler - 

Request DefaultHttpRequest(decodeResult: success, version: HTTP/1.1)
POST /session/5404d348eb47781d410431c3aae39346/window/maximize HTTP/1.1
User-Agent: selenium/4.1.2 (java windows)
Content-Length: 3
Content-Type: application/json; charset=utf-8
host: localhost:64955
accept: */*

Response DefaultHttpResponse(decodeResult: success, version: HTTP/1.1)
HTTP/1.1 200 OK
Content-Type: application/json; charset=utf-8
cache-control: no-cache
content-length: 51

15:54:09.976 [AsyncHttpClient-1-4] DEBUG org.asynchttpclient.netty.channel.ChannelManager - Adding key: http://localhost:64955 for channel [id: 0x781b63ab, L:/127.0.0.1:56456 - R:localhost/127.0.0.1:64955]
15:54:09.979 [Forwarding get on session 5404d348eb47781d410431c3aae39346 to remote] DEBUG org.asynchttpclient.netty.request.NettyRequestSender - Using pooled Channel '[id: 0x781b63ab, L:/127.0.0.1:56456 - R:localhost/127.0.0.1:64955]' for 'POST' to 'http://localhost:64955/session/5404d348eb47781d410431c3aae39346/url'
15:54:09.979 [Forwarding get on session 5404d348eb47781d410431c3aae39346 to remote] DEBUG org.asynchttpclient.netty.request.NettyRequestSender - Using open Channel [id: 0x781b63ab, L:/127.0.0.1:56456 - R:localhost/127.0.0.1:64955] for POST '/session/5404d348eb47781d410431c3aae39346/url'
15:54:10.661 [AsyncHttpClient-1-1] DEBUG org.asynchttpclient.netty.channel.DefaultChannelPool - Entry count for : http://localhost:56457 : 1
15:54:11.802 [AsyncHttpClient-1-1] DEBUG org.asynchttpclient.netty.channel.DefaultChannelPool - Entry count for : http://localhost:56457 : 1
15:54:12.292 [AsyncHttpClient-1-4] DEBUG org.asynchttpclient.netty.handler.HttpHandler - 

Request DefaultHttpRequest(decodeResult: success, version: HTTP/1.1)
POST /session/5404d348eb47781d410431c3aae39346/url HTTP/1.1
User-Agent: selenium/4.1.2 (java windows)
Content-Length: 64
Content-Type: application/json; charset=utf-8
host: localhost:64955
accept: */*

Response DefaultHttpResponse(decodeResult: success, version: HTTP/1.1)
HTTP/1.1 200 OK
Content-Type: application/json; charset=utf-8
cache-control: no-cache
content-length: 14

15:54:12.292 [AsyncHttpClient-1-4] DEBUG org.asynchttpclient.netty.channel.ChannelManager - Adding key: http://localhost:64955 for channel [id: 0x781b63ab, L:/127.0.0.1:56456 - R:localhost/127.0.0.1:64955]
15:54:12.294 [Forwarding setTimeout on session 5404d348eb47781d410431c3aae39346 to remote] DEBUG org.asynchttpclient.netty.request.NettyRequestSender - Using pooled Channel '[id: 0x781b63ab, L:/127.0.0.1:56456 - R:localhost/127.0.0.1:64955]' for 'POST' to 'http://localhost:64955/session/5404d348eb47781d410431c3aae39346/timeouts'
15:54:12.294 [Forwarding setTimeout on session 5404d348eb47781d410431c3aae39346 to remote] DEBUG org.asynchttpclient.netty.request.NettyRequestSender - Using open Channel [id: 0x781b63ab, L:/127.0.0.1:56456 - R:localhost/127.0.0.1:64955] for POST '/session/5404d348eb47781d410431c3aae39346/timeouts'
15:54:12.295 [AsyncHttpClient-1-4] DEBUG org.asynchttpclient.netty.handler.HttpHandler - 

Request DefaultHttpRequest(decodeResult: success, version: HTTP/1.1)
POST /session/5404d348eb47781d410431c3aae39346/timeouts HTTP/1.1
User-Agent: selenium/4.1.2 (java windows)
Content-Length: 22
Content-Type: application/json; charset=utf-8
host: localhost:64955
accept: */*

Response DefaultHttpResponse(decodeResult: success, version: HTTP/1.1)
HTTP/1.1 200 OK
Content-Type: application/json; charset=utf-8
cache-control: no-cache
content-length: 14

15:54:12.295 [AsyncHttpClient-1-4] DEBUG org.asynchttpclient.netty.channel.ChannelManager - Adding key: http://localhost:64955 for channel [id: 0x781b63ab, L:/127.0.0.1:56456 - R:localhost/127.0.0.1:64955]
15:54:12.302 [Forwarding getCurrentUrl on session 5404d348eb47781d410431c3aae39346 to remote] DEBUG org.asynchttpclient.netty.request.NettyRequestSender - Using pooled Channel '[id: 0x781b63ab, L:/127.0.0.1:56456 - R:localhost/127.0.0.1:64955]' for 'GET' to 'http://localhost:64955/session/5404d348eb47781d410431c3aae39346/url'
15:54:12.302 [Forwarding getCurrentUrl on session 5404d348eb47781d410431c3aae39346 to remote] DEBUG org.asynchttpclient.netty.request.NettyRequestSender - Using open Channel [id: 0x781b63ab, L:/127.0.0.1:56456 - R:localhost/127.0.0.1:64955] for GET '/session/5404d348eb47781d410431c3aae39346/url'
15:54:12.326 [AsyncHttpClient-1-4] DEBUG org.asynchttpclient.netty.handler.HttpHandler - 

Request DefaultFullHttpRequest(decodeResult: success, version: HTTP/1.1, content: EmptyByteBufBE)
GET /session/5404d348eb47781d410431c3aae39346/url HTTP/1.1
User-Agent: selenium/4.1.2 (java windows)
Cache-Control: no-cache
Content-Type: application/json; charset=utf-8
host: localhost:64955
accept: */*

Response DefaultHttpResponse(decodeResult: success, version: HTTP/1.1)
HTTP/1.1 200 OK
Content-Type: application/json; charset=utf-8
cache-control: no-cache
content-length: 41

15:54:12.326 [AsyncHttpClient-1-4] DEBUG org.asynchttpclient.netty.channel.ChannelManager - Adding key: http://localhost:64955 for channel [id: 0x781b63ab, L:/127.0.0.1:56456 - R:localhost/127.0.0.1:64955]
15:54:12.334 [main] DEBUG net.serenitybdd.core.photography.Darkroom - Opening darkroom
15:54:12.339 [Forwarding screenshot on session 5404d348eb47781d410431c3aae39346 to remote] DEBUG org.asynchttpclient.netty.request.NettyRequestSender - Using pooled Channel '[id: 0x781b63ab, L:/127.0.0.1:56456 - R:localhost/127.0.0.1:64955]' for 'GET' to 'http://localhost:64955/session/5404d348eb47781d410431c3aae39346/screenshot'
15:54:12.339 [Forwarding screenshot on session 5404d348eb47781d410431c3aae39346 to remote] DEBUG org.asynchttpclient.netty.request.NettyRequestSender - Using open Channel [id: 0x781b63ab, L:/127.0.0.1:56456 - R:localhost/127.0.0.1:64955] for GET '/session/5404d348eb47781d410431c3aae39346/screenshot'
15:54:12.400 [Darkroom Processing Line] DEBUG net.serenitybdd.core.photography.DarkroomProcessingLine - Darkroom processing line starting up
15:54:12.719 [AsyncHttpClient-1-4] DEBUG org.asynchttpclient.netty.handler.HttpHandler - 

Request DefaultFullHttpRequest(decodeResult: success, version: HTTP/1.1, content: EmptyByteBufBE)
GET /session/5404d348eb47781d410431c3aae39346/screenshot HTTP/1.1
User-Agent: selenium/4.1.2 (java windows)
Cache-Control: no-cache
Content-Type: application/json; charset=utf-8
host: localhost:64955
accept: */*

Response DefaultHttpResponse(decodeResult: success, version: HTTP/1.1)
HTTP/1.1 200 OK
Content-Type: application/json; charset=utf-8
cache-control: no-cache
content-length: 25384

15:54:12.719 [AsyncHttpClient-1-4] DEBUG org.asynchttpclient.netty.channel.ChannelManager - Adding key: http://localhost:64955 for channel [id: 0x781b63ab, L:/127.0.0.1:56456 - R:localhost/127.0.0.1:64955]
15:54:12.721 [main] DEBUG net.serenitybdd.core.photography.Darkroom - Send negative for processing for target\site\serenity\49a3ec3fe6e588bb357024d38ea075b8250cb5f32bd132770e4d40bc98d606c0.png
15:54:12.722 [main] DEBUG net.thucydides.core.steps.StepInterceptor - STEP DONE: openUrl
15:54:12.730 [main] DEBUG net.thucydides.core.steps.StepInterceptor - STARTING STEP: ProductSteps.iAmOnProductPage - inputEmail
15:54:12.736 [Forwarding findElement on session 5404d348eb47781d410431c3aae39346 to remote] DEBUG org.asynchttpclient.netty.request.NettyRequestSender - Using pooled Channel '[id: 0x781b63ab, L:/127.0.0.1:56456 - R:localhost/127.0.0.1:64955]' for 'POST' to 'http://localhost:64955/session/5404d348eb47781d410431c3aae39346/element'
15:54:12.736 [Forwarding findElement on session 5404d348eb47781d410431c3aae39346 to remote] DEBUG org.asynchttpclient.netty.request.NettyRequestSender - Using open Channel [id: 0x781b63ab, L:/127.0.0.1:56456 - R:localhost/127.0.0.1:64955] for POST '/session/5404d348eb47781d410431c3aae39346/element'
15:54:12.754 [AsyncHttpClient-1-4] DEBUG org.asynchttpclient.netty.handler.HttpHandler - 

Request DefaultHttpRequest(decodeResult: success, version: HTTP/1.1)
POST /session/5404d348eb47781d410431c3aae39346/element HTTP/1.1
User-Agent: selenium/4.1.2 (java windows)
Content-Length: 86
Content-Type: application/json; charset=utf-8
host: localhost:64955
accept: */*

Response DefaultHttpResponse(decodeResult: success, version: HTTP/1.1)
HTTP/1.1 200 OK
Content-Type: application/json; charset=utf-8
cache-control: no-cache
content-length: 88

15:54:12.755 [AsyncHttpClient-1-4] DEBUG org.asynchttpclient.netty.channel.ChannelManager - Adding key: http://localhost:64955 for channel [id: 0x781b63ab, L:/127.0.0.1:56456 - R:localhost/127.0.0.1:64955]
15:54:12.756 [Forwarding clearElement on session 5404d348eb47781d410431c3aae39346 to remote] DEBUG org.asynchttpclient.netty.request.NettyRequestSender - Using pooled Channel '[id: 0x781b63ab, L:/127.0.0.1:56456 - R:localhost/127.0.0.1:64955]' for 'POST' to 'http://localhost:64955/session/5404d348eb47781d410431c3aae39346/element/eeb25df7-8068-4d33-82c1-b94b2d3ac8c0/clear'
15:54:12.756 [Forwarding clearElement on session 5404d348eb47781d410431c3aae39346 to remote] DEBUG org.asynchttpclient.netty.request.NettyRequestSender - Using open Channel [id: 0x781b63ab, L:/127.0.0.1:56456 - R:localhost/127.0.0.1:64955] for POST '/session/5404d348eb47781d410431c3aae39346/element/eeb25df7-8068-4d33-82c1-b94b2d3ac8c0/clear'
15:54:12.809 [AsyncHttpClient-1-4] DEBUG org.asynchttpclient.netty.handler.HttpHandler - 

Request DefaultHttpRequest(decodeResult: success, version: HTTP/1.1)
POST /session/5404d348eb47781d410431c3aae39346/element/eeb25df7-8068-4d33-82c1-b94b2d3ac8c0/clear HTTP/1.1
User-Agent: selenium/4.1.2 (java windows)
Content-Length: 50
Content-Type: application/json; charset=utf-8
host: localhost:64955
accept: */*

Response DefaultHttpResponse(decodeResult: success, version: HTTP/1.1)
HTTP/1.1 200 OK
Content-Type: application/json; charset=utf-8
cache-control: no-cache
content-length: 14

15:54:12.809 [AsyncHttpClient-1-4] DEBUG org.asynchttpclient.netty.channel.ChannelManager - Adding key: http://localhost:64955 for channel [id: 0x781b63ab, L:/127.0.0.1:56456 - R:localhost/127.0.0.1:64955]
15:54:12.811 [Forwarding sendKeysToElement on session 5404d348eb47781d410431c3aae39346 to remote] DEBUG org.asynchttpclient.netty.request.NettyRequestSender - Using pooled Channel '[id: 0x781b63ab, L:/127.0.0.1:56456 - R:localhost/127.0.0.1:64955]' for 'POST' to 'http://localhost:64955/session/5404d348eb47781d410431c3aae39346/element/eeb25df7-8068-4d33-82c1-b94b2d3ac8c0/value'
15:54:12.811 [Forwarding sendKeysToElement on session 5404d348eb47781d410431c3aae39346 to remote] DEBUG org.asynchttpclient.netty.request.NettyRequestSender - Using open Channel [id: 0x781b63ab, L:/127.0.0.1:56456 - R:localhost/127.0.0.1:64955] for POST '/session/5404d348eb47781d410431c3aae39346/element/eeb25df7-8068-4d33-82c1-b94b2d3ac8c0/value'
15:54:12.860 [AsyncHttpClient-1-1] DEBUG org.asynchttpclient.netty.channel.DefaultChannelPool - Entry count for : http://localhost:56457 : 1
15:54:13.236 [AsyncHttpClient-1-4] DEBUG org.asynchttpclient.netty.handler.HttpHandler - 

Request DefaultHttpRequest(decodeResult: success, version: HTTP/1.1)
POST /session/5404d348eb47781d410431c3aae39346/element/eeb25df7-8068-4d33-82c1-b94b2d3ac8c0/value HTTP/1.1
User-Agent: selenium/4.1.2 (java windows)
Content-Length: 251
Content-Type: application/json; charset=utf-8
host: localhost:64955
accept: */*

Response DefaultHttpResponse(decodeResult: success, version: HTTP/1.1)
HTTP/1.1 200 OK
Content-Type: application/json; charset=utf-8
cache-control: no-cache
content-length: 14

15:54:13.236 [AsyncHttpClient-1-4] DEBUG org.asynchttpclient.netty.channel.ChannelManager - Adding key: http://localhost:64955 for channel [id: 0x781b63ab, L:/127.0.0.1:56456 - R:localhost/127.0.0.1:64955]
15:54:13.246 [Forwarding screenshot on session 5404d348eb47781d410431c3aae39346 to remote] DEBUG org.asynchttpclient.netty.request.NettyRequestSender - Using pooled Channel '[id: 0x781b63ab, L:/127.0.0.1:56456 - R:localhost/127.0.0.1:64955]' for 'GET' to 'http://localhost:64955/session/5404d348eb47781d410431c3aae39346/screenshot'
15:54:13.246 [Forwarding screenshot on session 5404d348eb47781d410431c3aae39346 to remote] DEBUG org.asynchttpclient.netty.request.NettyRequestSender - Using open Channel [id: 0x781b63ab, L:/127.0.0.1:56456 - R:localhost/127.0.0.1:64955] for GET '/session/5404d348eb47781d410431c3aae39346/screenshot'
15:54:13.489 [AsyncHttpClient-1-4] DEBUG org.asynchttpclient.netty.handler.HttpHandler - 

Request DefaultFullHttpRequest(decodeResult: success, version: HTTP/1.1, content: EmptyByteBufBE)
GET /session/5404d348eb47781d410431c3aae39346/screenshot HTTP/1.1
User-Agent: selenium/4.1.2 (java windows)
Cache-Control: no-cache
Content-Type: application/json; charset=utf-8
host: localhost:64955
accept: */*

Response DefaultHttpResponse(decodeResult: success, version: HTTP/1.1)
HTTP/1.1 200 OK
Content-Type: application/json; charset=utf-8
cache-control: no-cache
content-length: 28896

15:54:13.490 [AsyncHttpClient-1-4] DEBUG org.asynchttpclient.netty.channel.ChannelManager - Adding key: http://localhost:64955 for channel [id: 0x781b63ab, L:/127.0.0.1:56456 - R:localhost/127.0.0.1:64955]
15:54:13.492 [main] DEBUG net.serenitybdd.core.photography.Darkroom - Send negative for processing for target\site\serenity\d13567aec90a6a8b68a0216c9973905dea794e7d60446b72b49bd20659a4179c.png
15:54:13.493 [main] DEBUG net.thucydides.core.steps.StepInterceptor - STEP DONE: inputEmail
15:54:13.505 [main] DEBUG net.thucydides.core.steps.StepInterceptor - STARTING STEP: ProductSteps.iAmOnProductPage - inputPassword
15:54:13.519 [Darkroom Processing Line] DEBUG net.serenitybdd.core.photography.DarkroomProcessingLine - Processing screenshot image in /var/screenshots/screenshot-12816841272907253073
15:54:13.519 [Darkroom Processing Line] DEBUG net.serenitybdd.core.photography.DarkroomProcessingLine - Saving screenshot to target\site\serenity\d13567aec90a6a8b68a0216c9973905dea794e7d60446b72b49bd20659a4179c.png
15:54:13.526 [Forwarding findElement on session 5404d348eb47781d410431c3aae39346 to remote] DEBUG org.asynchttpclient.netty.request.NettyRequestSender - Using pooled Channel '[id: 0x781b63ab, L:/127.0.0.1:56456 - R:localhost/127.0.0.1:64955]' for 'POST' to 'http://localhost:64955/session/5404d348eb47781d410431c3aae39346/element'
15:54:13.526 [Forwarding findElement on session 5404d348eb47781d410431c3aae39346 to remote] DEBUG org.asynchttpclient.netty.request.NettyRequestSender - Using open Channel [id: 0x781b63ab, L:/127.0.0.1:56456 - R:localhost/127.0.0.1:64955] for POST '/session/5404d348eb47781d410431c3aae39346/element'
15:54:13.543 [AsyncHttpClient-1-4] DEBUG org.asynchttpclient.netty.handler.HttpHandler - 

Request DefaultHttpRequest(decodeResult: success, version: HTTP/1.1)
POST /session/5404d348eb47781d410431c3aae39346/element HTTP/1.1
User-Agent: selenium/4.1.2 (java windows)
Content-Length: 89
Content-Type: application/json; charset=utf-8
host: localhost:64955
accept: */*

Response DefaultHttpResponse(decodeResult: success, version: HTTP/1.1)
HTTP/1.1 200 OK
Content-Type: application/json; charset=utf-8
cache-control: no-cache
content-length: 88

15:54:13.544 [AsyncHttpClient-1-4] DEBUG org.asynchttpclient.netty.channel.ChannelManager - Adding key: http://localhost:64955 for channel [id: 0x781b63ab, L:/127.0.0.1:56456 - R:localhost/127.0.0.1:64955]
15:54:13.545 [Forwarding clearElement on session 5404d348eb47781d410431c3aae39346 to remote] DEBUG org.asynchttpclient.netty.request.NettyRequestSender - Using pooled Channel '[id: 0x781b63ab, L:/127.0.0.1:56456 - R:localhost/127.0.0.1:64955]' for 'POST' to 'http://localhost:64955/session/5404d348eb47781d410431c3aae39346/element/c71c140f-0146-447a-9189-092fc8656cb6/clear'
15:54:13.545 [Forwarding clearElement on session 5404d348eb47781d410431c3aae39346 to remote] DEBUG org.asynchttpclient.netty.request.NettyRequestSender - Using open Channel [id: 0x781b63ab, L:/127.0.0.1:56456 - R:localhost/127.0.0.1:64955] for POST '/session/5404d348eb47781d410431c3aae39346/element/c71c140f-0146-447a-9189-092fc8656cb6/clear'
15:54:13.596 [AsyncHttpClient-1-4] DEBUG org.asynchttpclient.netty.handler.HttpHandler - 

Request DefaultHttpRequest(decodeResult: success, version: HTTP/1.1)
POST /session/5404d348eb47781d410431c3aae39346/element/c71c140f-0146-447a-9189-092fc8656cb6/clear HTTP/1.1
User-Agent: selenium/4.1.2 (java windows)
Content-Length: 50
Content-Type: application/json; charset=utf-8
host: localhost:64955
accept: */*

Response DefaultHttpResponse(decodeResult: success, version: HTTP/1.1)
HTTP/1.1 200 OK
Content-Type: application/json; charset=utf-8
cache-control: no-cache
content-length: 14

15:54:13.596 [AsyncHttpClient-1-4] DEBUG org.asynchttpclient.netty.channel.ChannelManager - Adding key: http://localhost:64955 for channel [id: 0x781b63ab, L:/127.0.0.1:56456 - R:localhost/127.0.0.1:64955]
15:54:13.599 [Forwarding sendKeysToElement on session 5404d348eb47781d410431c3aae39346 to remote] DEBUG org.asynchttpclient.netty.request.NettyRequestSender - Using pooled Channel '[id: 0x781b63ab, L:/127.0.0.1:56456 - R:localhost/127.0.0.1:64955]' for 'POST' to 'http://localhost:64955/session/5404d348eb47781d410431c3aae39346/element/c71c140f-0146-447a-9189-092fc8656cb6/value'
15:54:13.599 [Forwarding sendKeysToElement on session 5404d348eb47781d410431c3aae39346 to remote] DEBUG org.asynchttpclient.netty.request.NettyRequestSender - Using open Channel [id: 0x781b63ab, L:/127.0.0.1:56456 - R:localhost/127.0.0.1:64955] for POST '/session/5404d348eb47781d410431c3aae39346/element/c71c140f-0146-447a-9189-092fc8656cb6/value'
15:54:13.938 [AsyncHttpClient-1-4] DEBUG org.asynchttpclient.netty.handler.HttpHandler - 

Request DefaultHttpRequest(decodeResult: success, version: HTTP/1.1)
POST /session/5404d348eb47781d410431c3aae39346/element/c71c140f-0146-447a-9189-092fc8656cb6/value HTTP/1.1
User-Agent: selenium/4.1.2 (java windows)
Content-Length: 231
Content-Type: application/json; charset=utf-8
host: localhost:64955
accept: */*

Response DefaultHttpResponse(decodeResult: success, version: HTTP/1.1)
HTTP/1.1 200 OK
Content-Type: application/json; charset=utf-8
cache-control: no-cache
content-length: 14

15:54:13.938 [AsyncHttpClient-1-4] DEBUG org.asynchttpclient.netty.channel.ChannelManager - Adding key: http://localhost:64955 for channel [id: 0x781b63ab, L:/127.0.0.1:56456 - R:localhost/127.0.0.1:64955]
15:54:13.959 [Forwarding screenshot on session 5404d348eb47781d410431c3aae39346 to remote] DEBUG org.asynchttpclient.netty.request.NettyRequestSender - Using pooled Channel '[id: 0x781b63ab, L:/127.0.0.1:56456 - R:localhost/127.0.0.1:64955]' for 'GET' to 'http://localhost:64955/session/5404d348eb47781d410431c3aae39346/screenshot'
15:54:13.974 [Forwarding screenshot on session 5404d348eb47781d410431c3aae39346 to remote] DEBUG org.asynchttpclient.netty.request.NettyRequestSender - Using open Channel [id: 0x781b63ab, L:/127.0.0.1:56456 - R:localhost/127.0.0.1:64955] for GET '/session/5404d348eb47781d410431c3aae39346/screenshot'
15:54:14.026 [AsyncHttpClient-1-1] DEBUG org.asynchttpclient.netty.channel.DefaultChannelPool - Entry count for : http://localhost:56457 : 1
15:54:14.291 [AsyncHttpClient-1-4] DEBUG org.asynchttpclient.netty.handler.HttpHandler - 

Request DefaultFullHttpRequest(decodeResult: success, version: HTTP/1.1, content: EmptyByteBufBE)
GET /session/5404d348eb47781d410431c3aae39346/screenshot HTTP/1.1
User-Agent: selenium/4.1.2 (java windows)
Cache-Control: no-cache
Content-Type: application/json; charset=utf-8
host: localhost:64955
accept: */*

Response DefaultHttpResponse(decodeResult: success, version: HTTP/1.1)
HTTP/1.1 200 OK
Content-Type: application/json; charset=utf-8
cache-control: no-cache
content-length: 32248

15:54:14.291 [AsyncHttpClient-1-4] DEBUG org.asynchttpclient.netty.channel.ChannelManager - Adding key: http://localhost:64955 for channel [id: 0x781b63ab, L:/127.0.0.1:56456 - R:localhost/127.0.0.1:64955]
15:54:14.307 [main] DEBUG net.serenitybdd.core.photography.Darkroom - Send negative for processing for target\site\serenity\3da7847072d87a24d13d67c8c837771d9a749ef7bdcf8e53806dd74b610129cb.png
15:54:14.307 [main] DEBUG net.thucydides.core.steps.StepInterceptor - STEP DONE: inputPassword
15:54:14.321 [main] DEBUG net.thucydides.core.steps.StepInterceptor - STARTING STEP: ProductSteps.iAmOnProductPage - clickLoginButton
15:54:14.326 [Forwarding findElement on session 5404d348eb47781d410431c3aae39346 to remote] DEBUG org.asynchttpclient.netty.request.NettyRequestSender - Using pooled Channel '[id: 0x781b63ab, L:/127.0.0.1:56456 - R:localhost/127.0.0.1:64955]' for 'POST' to 'http://localhost:64955/session/5404d348eb47781d410431c3aae39346/element'
15:54:14.326 [Forwarding findElement on session 5404d348eb47781d410431c3aae39346 to remote] DEBUG org.asynchttpclient.netty.request.NettyRequestSender - Using open Channel [id: 0x781b63ab, L:/127.0.0.1:56456 - R:localhost/127.0.0.1:64955] for POST '/session/5404d348eb47781d410431c3aae39346/element'
15:54:14.330 [Darkroom Processing Line] DEBUG net.serenitybdd.core.photography.DarkroomProcessingLine - Processing screenshot image in /var/screenshots/screenshot-15635852538516034138
15:54:14.330 [Darkroom Processing Line] DEBUG net.serenitybdd.core.photography.DarkroomProcessingLine - Saving screenshot to target\site\serenity\3da7847072d87a24d13d67c8c837771d9a749ef7bdcf8e53806dd74b610129cb.png
15:54:14.371 [AsyncHttpClient-1-4] DEBUG org.asynchttpclient.netty.handler.HttpHandler - 

Request DefaultHttpRequest(decodeResult: success, version: HTTP/1.1)
POST /session/5404d348eb47781d410431c3aae39346/element HTTP/1.1
User-Agent: selenium/4.1.2 (java windows)
Content-Length: 136
Content-Type: application/json; charset=utf-8
host: localhost:64955
accept: */*

Response DefaultHttpResponse(decodeResult: success, version: HTTP/1.1)
HTTP/1.1 200 OK
Content-Type: application/json; charset=utf-8
cache-control: no-cache
content-length: 88

15:54:14.371 [AsyncHttpClient-1-4] DEBUG org.asynchttpclient.netty.channel.ChannelManager - Adding key: http://localhost:64955 for channel [id: 0x781b63ab, L:/127.0.0.1:56456 - R:localhost/127.0.0.1:64955]
15:54:14.373 [Forwarding getElementTagName on session 5404d348eb47781d410431c3aae39346 to remote] DEBUG org.asynchttpclient.netty.request.NettyRequestSender - Using pooled Channel '[id: 0x781b63ab, L:/127.0.0.1:56456 - R:localhost/127.0.0.1:64955]' for 'GET' to 'http://localhost:64955/session/5404d348eb47781d410431c3aae39346/element/4530cd8c-07af-4f84-bcda-b0f4d92599c0/name'
15:54:14.373 [Forwarding getElementTagName on session 5404d348eb47781d410431c3aae39346 to remote] DEBUG org.asynchttpclient.netty.request.NettyRequestSender - Using open Channel [id: 0x781b63ab, L:/127.0.0.1:56456 - R:localhost/127.0.0.1:64955] for GET '/session/5404d348eb47781d410431c3aae39346/element/4530cd8c-07af-4f84-bcda-b0f4d92599c0/name'
15:54:14.389 [AsyncHttpClient-1-4] DEBUG org.asynchttpclient.netty.handler.HttpHandler - 

Request DefaultFullHttpRequest(decodeResult: success, version: HTTP/1.1, content: EmptyByteBufBE)
GET /session/5404d348eb47781d410431c3aae39346/element/4530cd8c-07af-4f84-bcda-b0f4d92599c0/name HTTP/1.1
User-Agent: selenium/4.1.2 (java windows)
Cache-Control: no-cache
Content-Type: application/json; charset=utf-8
host: localhost:64955
accept: */*

Response DefaultHttpResponse(decodeResult: success, version: HTTP/1.1)
HTTP/1.1 200 OK
Content-Type: application/json; charset=utf-8
cache-control: no-cache
content-length: 18

15:54:14.390 [AsyncHttpClient-1-4] DEBUG org.asynchttpclient.netty.channel.ChannelManager - Adding key: http://localhost:64955 for channel [id: 0x781b63ab, L:/127.0.0.1:56456 - R:localhost/127.0.0.1:64955]
15:54:14.392 [Forwarding getElementTagName on session 5404d348eb47781d410431c3aae39346 to remote] DEBUG org.asynchttpclient.netty.request.NettyRequestSender - Using pooled Channel '[id: 0x781b63ab, L:/127.0.0.1:56456 - R:localhost/127.0.0.1:64955]' for 'GET' to 'http://localhost:64955/session/5404d348eb47781d410431c3aae39346/element/4530cd8c-07af-4f84-bcda-b0f4d92599c0/name'
15:54:14.392 [Forwarding getElementTagName on session 5404d348eb47781d410431c3aae39346 to remote] DEBUG org.asynchttpclient.netty.request.NettyRequestSender - Using open Channel [id: 0x781b63ab, L:/127.0.0.1:56456 - R:localhost/127.0.0.1:64955] for GET '/session/5404d348eb47781d410431c3aae39346/element/4530cd8c-07af-4f84-bcda-b0f4d92599c0/name'
15:54:14.401 [AsyncHttpClient-1-4] DEBUG org.asynchttpclient.netty.handler.HttpHandler - 

Request DefaultFullHttpRequest(decodeResult: success, version: HTTP/1.1, content: EmptyByteBufBE)
GET /session/5404d348eb47781d410431c3aae39346/element/4530cd8c-07af-4f84-bcda-b0f4d92599c0/name HTTP/1.1
User-Agent: selenium/4.1.2 (java windows)
Cache-Control: no-cache
Content-Type: application/json; charset=utf-8
host: localhost:64955
accept: */*

Response DefaultHttpResponse(decodeResult: success, version: HTTP/1.1)
HTTP/1.1 200 OK
Content-Type: application/json; charset=utf-8
cache-control: no-cache
content-length: 18

15:54:14.402 [AsyncHttpClient-1-4] DEBUG org.asynchttpclient.netty.channel.ChannelManager - Adding key: http://localhost:64955 for channel [id: 0x781b63ab, L:/127.0.0.1:56456 - R:localhost/127.0.0.1:64955]
15:54:14.406 [Forwarding isElementEnabled on session 5404d348eb47781d410431c3aae39346 to remote] DEBUG org.asynchttpclient.netty.request.NettyRequestSender - Using pooled Channel '[id: 0x781b63ab, L:/127.0.0.1:56456 - R:localhost/127.0.0.1:64955]' for 'GET' to 'http://localhost:64955/session/5404d348eb47781d410431c3aae39346/element/4530cd8c-07af-4f84-bcda-b0f4d92599c0/enabled'
15:54:14.406 [Forwarding isElementEnabled on session 5404d348eb47781d410431c3aae39346 to remote] DEBUG org.asynchttpclient.netty.request.NettyRequestSender - Using open Channel [id: 0x781b63ab, L:/127.0.0.1:56456 - R:localhost/127.0.0.1:64955] for GET '/session/5404d348eb47781d410431c3aae39346/element/4530cd8c-07af-4f84-bcda-b0f4d92599c0/enabled'
15:54:14.424 [AsyncHttpClient-1-4] DEBUG org.asynchttpclient.netty.handler.HttpHandler - 

Request DefaultFullHttpRequest(decodeResult: success, version: HTTP/1.1, content: EmptyByteBufBE)
GET /session/5404d348eb47781d410431c3aae39346/element/4530cd8c-07af-4f84-bcda-b0f4d92599c0/enabled HTTP/1.1
User-Agent: selenium/4.1.2 (java windows)
Cache-Control: no-cache
Content-Type: application/json; charset=utf-8
host: localhost:64955
accept: */*

Response DefaultHttpResponse(decodeResult: success, version: HTTP/1.1)
HTTP/1.1 200 OK
Content-Type: application/json; charset=utf-8
cache-control: no-cache
content-length: 14

15:54:14.425 [AsyncHttpClient-1-4] DEBUG org.asynchttpclient.netty.channel.ChannelManager - Adding key: http://localhost:64955 for channel [id: 0x781b63ab, L:/127.0.0.1:56456 - R:localhost/127.0.0.1:64955]
15:54:14.427 [Forwarding isElementEnabled on session 5404d348eb47781d410431c3aae39346 to remote] DEBUG org.asynchttpclient.netty.request.NettyRequestSender - Using pooled Channel '[id: 0x781b63ab, L:/127.0.0.1:56456 - R:localhost/127.0.0.1:64955]' for 'GET' to 'http://localhost:64955/session/5404d348eb47781d410431c3aae39346/element/4530cd8c-07af-4f84-bcda-b0f4d92599c0/enabled'
15:54:14.427 [Forwarding isElementEnabled on session 5404d348eb47781d410431c3aae39346 to remote] DEBUG org.asynchttpclient.netty.request.NettyRequestSender - Using open Channel [id: 0x781b63ab, L:/127.0.0.1:56456 - R:localhost/127.0.0.1:64955] for GET '/session/5404d348eb47781d410431c3aae39346/element/4530cd8c-07af-4f84-bcda-b0f4d92599c0/enabled'
15:54:14.438 [AsyncHttpClient-1-4] DEBUG org.asynchttpclient.netty.handler.HttpHandler - 

Request DefaultFullHttpRequest(decodeResult: success, version: HTTP/1.1, content: EmptyByteBufBE)
GET /session/5404d348eb47781d410431c3aae39346/element/4530cd8c-07af-4f84-bcda-b0f4d92599c0/enabled HTTP/1.1
User-Agent: selenium/4.1.2 (java windows)
Cache-Control: no-cache
Content-Type: application/json; charset=utf-8
host: localhost:64955
accept: */*

Response DefaultHttpResponse(decodeResult: success, version: HTTP/1.1)
HTTP/1.1 200 OK
Content-Type: application/json; charset=utf-8
cache-control: no-cache
content-length: 14

15:54:14.438 [AsyncHttpClient-1-4] DEBUG org.asynchttpclient.netty.channel.ChannelManager - Adding key: http://localhost:64955 for channel [id: 0x781b63ab, L:/127.0.0.1:56456 - R:localhost/127.0.0.1:64955]
15:54:14.451 [Forwarding findElement on session 5404d348eb47781d410431c3aae39346 to remote] DEBUG org.asynchttpclient.netty.request.NettyRequestSender - Using pooled Channel '[id: 0x781b63ab, L:/127.0.0.1:56456 - R:localhost/127.0.0.1:64955]' for 'POST' to 'http://localhost:64955/session/5404d348eb47781d410431c3aae39346/element'
15:54:14.451 [Forwarding findElement on session 5404d348eb47781d410431c3aae39346 to remote] DEBUG org.asynchttpclient.netty.request.NettyRequestSender - Using open Channel [id: 0x781b63ab, L:/127.0.0.1:56456 - R:localhost/127.0.0.1:64955] for POST '/session/5404d348eb47781d410431c3aae39346/element'
15:54:14.473 [AsyncHttpClient-1-4] DEBUG org.asynchttpclient.netty.handler.HttpHandler - 

Request DefaultHttpRequest(decodeResult: success, version: HTTP/1.1)
POST /session/5404d348eb47781d410431c3aae39346/element HTTP/1.1
User-Agent: selenium/4.1.2 (java windows)
Content-Length: 136
Content-Type: application/json; charset=utf-8
host: localhost:64955
accept: */*

Response DefaultHttpResponse(decodeResult: success, version: HTTP/1.1)
HTTP/1.1 200 OK
Content-Type: application/json; charset=utf-8
cache-control: no-cache
content-length: 88

15:54:14.473 [AsyncHttpClient-1-4] DEBUG org.asynchttpclient.netty.channel.ChannelManager - Adding key: http://localhost:64955 for channel [id: 0x781b63ab, L:/127.0.0.1:56456 - R:localhost/127.0.0.1:64955]
15:54:14.475 [Forwarding clickElement on session 5404d348eb47781d410431c3aae39346 to remote] DEBUG org.asynchttpclient.netty.request.NettyRequestSender - Using pooled Channel '[id: 0x781b63ab, L:/127.0.0.1:56456 - R:localhost/127.0.0.1:64955]' for 'POST' to 'http://localhost:64955/session/5404d348eb47781d410431c3aae39346/element/4530cd8c-07af-4f84-bcda-b0f4d92599c0/click'
15:54:14.475 [Forwarding clickElement on session 5404d348eb47781d410431c3aae39346 to remote] DEBUG org.asynchttpclient.netty.request.NettyRequestSender - Using open Channel [id: 0x781b63ab, L:/127.0.0.1:56456 - R:localhost/127.0.0.1:64955] for POST '/session/5404d348eb47781d410431c3aae39346/element/4530cd8c-07af-4f84-bcda-b0f4d92599c0/click'
15:54:14.589 [AsyncHttpClient-1-4] DEBUG org.asynchttpclient.netty.handler.HttpHandler - 

Request DefaultHttpRequest(decodeResult: success, version: HTTP/1.1)
POST /session/5404d348eb47781d410431c3aae39346/element/4530cd8c-07af-4f84-bcda-b0f4d92599c0/click HTTP/1.1
User-Agent: selenium/4.1.2 (java windows)
Content-Length: 50
Content-Type: application/json; charset=utf-8
host: localhost:64955
accept: */*

Response DefaultHttpResponse(decodeResult: success, version: HTTP/1.1)
HTTP/1.1 200 OK
Content-Type: application/json; charset=utf-8
cache-control: no-cache
content-length: 14

15:54:14.589 [AsyncHttpClient-1-4] DEBUG org.asynchttpclient.netty.channel.ChannelManager - Adding key: http://localhost:64955 for channel [id: 0x781b63ab, L:/127.0.0.1:56456 - R:localhost/127.0.0.1:64955]
15:54:14.610 [Forwarding screenshot on session 5404d348eb47781d410431c3aae39346 to remote] DEBUG org.asynchttpclient.netty.request.NettyRequestSender - Using pooled Channel '[id: 0x781b63ab, L:/127.0.0.1:56456 - R:localhost/127.0.0.1:64955]' for 'GET' to 'http://localhost:64955/session/5404d348eb47781d410431c3aae39346/screenshot'
15:54:14.610 [Forwarding screenshot on session 5404d348eb47781d410431c3aae39346 to remote] DEBUG org.asynchttpclient.netty.request.NettyRequestSender - Using open Channel [id: 0x781b63ab, L:/127.0.0.1:56456 - R:localhost/127.0.0.1:64955] for GET '/session/5404d348eb47781d410431c3aae39346/screenshot'
15:54:15.090 [AsyncHttpClient-1-1] DEBUG org.asynchttpclient.netty.channel.DefaultChannelPool - Entry count for : http://localhost:56457 : 1
15:54:15.118 [AsyncHttpClient-1-4] DEBUG org.asynchttpclient.netty.handler.HttpHandler - 

Request DefaultFullHttpRequest(decodeResult: success, version: HTTP/1.1, content: EmptyByteBufBE)
GET /session/5404d348eb47781d410431c3aae39346/screenshot HTTP/1.1
User-Agent: selenium/4.1.2 (java windows)
Cache-Control: no-cache
Content-Type: application/json; charset=utf-8
host: localhost:64955
accept: */*

Response DefaultHttpResponse(decodeResult: success, version: HTTP/1.1)
HTTP/1.1 200 OK
Content-Type: application/json; charset=utf-8
cache-control: no-cache
content-length: 31808

15:54:15.119 [AsyncHttpClient-1-4] DEBUG org.asynchttpclient.netty.channel.ChannelManager - Adding key: http://localhost:64955 for channel [id: 0x781b63ab, L:/127.0.0.1:56456 - R:localhost/127.0.0.1:64955]
15:54:15.123 [main] DEBUG net.serenitybdd.core.photography.Darkroom - Send negative for processing for target\site\serenity\735532edf2b81f7cbc5fb5a49494c1f13e0c560f43d94bbe1a74c2f9d57768a2.png
15:54:15.123 [main] DEBUG net.thucydides.core.steps.StepInterceptor - STEP DONE: clickLoginButton
  &amp#27;[32mGiven &amp#27;[0m&amp#27;[32mI am on product page&amp#27;[0m                   &amp#27;[90m# starter.stepdefinitions.ProductSteps.iAmOnProductPage()&amp#27;[0m
15:54:15.182 [Darkroom Processing Line] DEBUG net.serenitybdd.core.photography.DarkroomProcessingLine - Processing screenshot image in /var/screenshots/screenshot-3044416855675428989
15:54:15.183 [Darkroom Processing Line] DEBUG net.serenitybdd.core.photography.DarkroomProcessingLine - Saving screenshot to target\site\serenity\735532edf2b81f7cbc5fb5a49494c1f13e0c560f43d94bbe1a74c2f9d57768a2.png
15:54:15.192 [Forwarding screenshot on session 5404d348eb47781d410431c3aae39346 to remote] DEBUG org.asynchttpclient.netty.request.NettyRequestSender - Using pooled Channel '[id: 0x781b63ab, L:/127.0.0.1:56456 - R:localhost/127.0.0.1:64955]' for 'GET' to 'http://localhost:64955/session/5404d348eb47781d410431c3aae39346/screenshot'
15:54:15.192 [Forwarding screenshot on session 5404d348eb47781d410431c3aae39346 to remote] DEBUG org.asynchttpclient.netty.request.NettyRequestSender - Using open Channel [id: 0x781b63ab, L:/127.0.0.1:56456 - R:localhost/127.0.0.1:64955] for GET '/session/5404d348eb47781d410431c3aae39346/screenshot'
15:54:16.206 [AsyncHttpClient-1-1] DEBUG org.asynchttpclient.netty.channel.DefaultChannelPool - Entry count for : http://localhost:56457 : 1
15:54:17.273 [AsyncHttpClient-1-1] DEBUG org.asynchttpclient.netty.channel.DefaultChannelPool - Entry count for : http://localhost:56457 : 1
15:54:18.392 [AsyncHttpClient-1-1] DEBUG org.asynchttpclient.netty.channel.DefaultChannelPool - Entry count for : http://localhost:56457 : 1
15:54:19.471 [AsyncHttpClient-1-1] DEBUG org.asynchttpclient.netty.channel.DefaultChannelPool - Entry count for : http://localhost:56457 : 1
15:54:20.568 [AsyncHttpClient-1-1] DEBUG org.asynchttpclient.netty.channel.DefaultChannelPool - Entry count for : http://localhost:56457 : 1
15:54:21.668 [AsyncHttpClient-1-1] DEBUG org.asynchttpclient.netty.channel.DefaultChannelPool - Entry count for : http://localhost:56457 : 1
15:54:22.900 [AsyncHttpClient-1-1] DEBUG org.asynchttpclient.netty.channel.DefaultChannelPool - Entry count for : http://localhost:56457 : 1
15:54:23.968 [AsyncHttpClient-1-1] DEBUG org.asynchttpclient.netty.channel.DefaultChannelPool - Entry count for : http://localhost:56457 : 1
15:54:25.083 [AsyncHttpClient-1-1] DEBUG org.asynchttpclient.netty.channel.DefaultChannelPool - Entry count for : http://localhost:56457 : 1
15:54:25.763 [AsyncHttpClient-1-4] DEBUG org.asynchttpclient.netty.handler.HttpHandler - 

Request DefaultFullHttpRequest(decodeResult: success, version: HTTP/1.1, content: EmptyByteBufBE)
GET /session/5404d348eb47781d410431c3aae39346/screenshot HTTP/1.1
User-Agent: selenium/4.1.2 (java windows)
Cache-Control: no-cache
Content-Type: application/json; charset=utf-8
host: localhost:64955
accept: */*

Response DefaultHttpResponse(decodeResult: success, version: HTTP/1.1)
HTTP/1.1 200 OK
Content-Type: application/json; charset=utf-8
cache-control: no-cache
content-length: 29896

15:54:25.763 [AsyncHttpClient-1-4] DEBUG org.asynchttpclient.netty.channel.ChannelManager - Adding key: http://localhost:64955 for channel [id: 0x781b63ab, L:/127.0.0.1:56456 - R:localhost/127.0.0.1:64955]
15:54:25.766 [main] DEBUG net.serenitybdd.core.photography.Darkroom - Send negative for processing for target\site\serenity\353681e003e5385494addc56683b9008394affd34725f0ecb32100d0e3f22cf7.png
15:54:25.766 [main] DEBUG net.thucydides.core.steps.StepInterceptor - STARTING STEP: ProductSteps.iClickBuyButtonOnTensiDarahElektrik - clickFirstProduct
15:54:25.772 [Forwarding findElement on session 5404d348eb47781d410431c3aae39346 to remote] DEBUG org.asynchttpclient.netty.request.NettyRequestSender - Using pooled Channel '[id: 0x781b63ab, L:/127.0.0.1:56456 - R:localhost/127.0.0.1:64955]' for 'POST' to 'http://localhost:64955/session/5404d348eb47781d410431c3aae39346/element'
15:54:25.772 [Forwarding findElement on session 5404d348eb47781d410431c3aae39346 to remote] DEBUG org.asynchttpclient.netty.request.NettyRequestSender - Using open Channel [id: 0x781b63ab, L:/127.0.0.1:56456 - R:localhost/127.0.0.1:64955] for POST '/session/5404d348eb47781d410431c3aae39346/element'
15:54:25.774 [Darkroom Processing Line] DEBUG net.serenitybdd.core.photography.DarkroomProcessingLine - Processing screenshot image in /var/screenshots/screenshot-8472538195297401658
15:54:25.775 [Darkroom Processing Line] DEBUG net.serenitybdd.core.photography.DarkroomProcessingLine - Saving screenshot to target\site\serenity\353681e003e5385494addc56683b9008394affd34725f0ecb32100d0e3f22cf7.png
15:54:25.821 [AsyncHttpClient-1-4] DEBUG org.asynchttpclient.netty.handler.HttpHandler - 

Request DefaultHttpRequest(decodeResult: success, version: HTTP/1.1)
POST /session/5404d348eb47781d410431c3aae39346/element HTTP/1.1
User-Agent: selenium/4.1.2 (java windows)
Content-Length: 122
Content-Type: application/json; charset=utf-8
host: localhost:64955
accept: */*

Response DefaultHttpResponse(decodeResult: success, version: HTTP/1.1)
HTTP/1.1 200 OK
Content-Type: application/json; charset=utf-8
cache-control: no-cache
content-length: 88

15:54:25.821 [AsyncHttpClient-1-4] DEBUG org.asynchttpclient.netty.channel.ChannelManager - Adding key: http://localhost:64955 for channel [id: 0x781b63ab, L:/127.0.0.1:56456 - R:localhost/127.0.0.1:64955]
15:54:25.823 [Forwarding getElementTagName on session 5404d348eb47781d410431c3aae39346 to remote] DEBUG org.asynchttpclient.netty.request.NettyRequestSender - Using pooled Channel '[id: 0x781b63ab, L:/127.0.0.1:56456 - R:localhost/127.0.0.1:64955]' for 'GET' to 'http://localhost:64955/session/5404d348eb47781d410431c3aae39346/element/2d417800-1360-4ab1-b099-8c5dca9b296e/name'
15:54:25.823 [Forwarding getElementTagName on session 5404d348eb47781d410431c3aae39346 to remote] DEBUG org.asynchttpclient.netty.request.NettyRequestSender - Using open Channel [id: 0x781b63ab, L:/127.0.0.1:56456 - R:localhost/127.0.0.1:64955] for GET '/session/5404d348eb47781d410431c3aae39346/element/2d417800-1360-4ab1-b099-8c5dca9b296e/name'
15:54:25.831 [AsyncHttpClient-1-4] DEBUG org.asynchttpclient.netty.handler.HttpHandler - 

Request DefaultFullHttpRequest(decodeResult: success, version: HTTP/1.1, content: EmptyByteBufBE)
GET /session/5404d348eb47781d410431c3aae39346/element/2d417800-1360-4ab1-b099-8c5dca9b296e/name HTTP/1.1
User-Agent: selenium/4.1.2 (java windows)
Cache-Control: no-cache
Content-Type: application/json; charset=utf-8
host: localhost:64955
accept: */*

Response DefaultHttpResponse(decodeResult: success, version: HTTP/1.1)
HTTP/1.1 200 OK
Content-Type: application/json; charset=utf-8
cache-control: no-cache
content-length: 16

15:54:25.831 [AsyncHttpClient-1-4] DEBUG org.asynchttpclient.netty.channel.ChannelManager - Adding key: http://localhost:64955 for channel [id: 0x781b63ab, L:/127.0.0.1:56456 - R:localhost/127.0.0.1:64955]
15:54:25.833 [Forwarding getElementTagName on session 5404d348eb47781d410431c3aae39346 to remote] DEBUG org.asynchttpclient.netty.request.NettyRequestSender - Using pooled Channel '[id: 0x781b63ab, L:/127.0.0.1:56456 - R:localhost/127.0.0.1:64955]' for 'GET' to 'http://localhost:64955/session/5404d348eb47781d410431c3aae39346/element/2d417800-1360-4ab1-b099-8c5dca9b296e/name'
15:54:25.833 [Forwarding getElementTagName on session 5404d348eb47781d410431c3aae39346 to remote] DEBUG org.asynchttpclient.netty.request.NettyRequestSender - Using open Channel [id: 0x781b63ab, L:/127.0.0.1:56456 - R:localhost/127.0.0.1:64955] for GET '/session/5404d348eb47781d410431c3aae39346/element/2d417800-1360-4ab1-b099-8c5dca9b296e/name'
15:54:25.840 [AsyncHttpClient-1-4] DEBUG org.asynchttpclient.netty.handler.HttpHandler - 

Request DefaultFullHttpRequest(decodeResult: success, version: HTTP/1.1, content: EmptyByteBufBE)
GET /session/5404d348eb47781d410431c3aae39346/element/2d417800-1360-4ab1-b099-8c5dca9b296e/name HTTP/1.1
User-Agent: selenium/4.1.2 (java windows)
Cache-Control: no-cache
Content-Type: application/json; charset=utf-8
host: localhost:64955
accept: */*

Response DefaultHttpResponse(decodeResult: success, version: HTTP/1.1)
HTTP/1.1 200 OK
Content-Type: application/json; charset=utf-8
cache-control: no-cache
content-length: 16

15:54:25.840 [AsyncHttpClient-1-4] DEBUG org.asynchttpclient.netty.channel.ChannelManager - Adding key: http://localhost:64955 for channel [id: 0x781b63ab, L:/127.0.0.1:56456 - R:localhost/127.0.0.1:64955]
15:54:25.843 [Forwarding findElement on session 5404d348eb47781d410431c3aae39346 to remote] DEBUG org.asynchttpclient.netty.request.NettyRequestSender - Using pooled Channel '[id: 0x781b63ab, L:/127.0.0.1:56456 - R:localhost/127.0.0.1:64955]' for 'POST' to 'http://localhost:64955/session/5404d348eb47781d410431c3aae39346/element'
15:54:25.843 [Forwarding findElement on session 5404d348eb47781d410431c3aae39346 to remote] DEBUG org.asynchttpclient.netty.request.NettyRequestSender - Using open Channel [id: 0x781b63ab, L:/127.0.0.1:56456 - R:localhost/127.0.0.1:64955] for POST '/session/5404d348eb47781d410431c3aae39346/element'
15:54:25.866 [AsyncHttpClient-1-4] DEBUG org.asynchttpclient.netty.handler.HttpHandler - 

Request DefaultHttpRequest(decodeResult: success, version: HTTP/1.1)
POST /session/5404d348eb47781d410431c3aae39346/element HTTP/1.1
User-Agent: selenium/4.1.2 (java windows)
Content-Length: 122
Content-Type: application/json; charset=utf-8
host: localhost:64955
accept: */*

Response DefaultHttpResponse(decodeResult: success, version: HTTP/1.1)
HTTP/1.1 200 OK
Content-Type: application/json; charset=utf-8
cache-control: no-cache
content-length: 88

15:54:25.866 [AsyncHttpClient-1-4] DEBUG org.asynchttpclient.netty.channel.ChannelManager - Adding key: http://localhost:64955 for channel [id: 0x781b63ab, L:/127.0.0.1:56456 - R:localhost/127.0.0.1:64955]
15:54:25.867 [Forwarding clickElement on session 5404d348eb47781d410431c3aae39346 to remote] DEBUG org.asynchttpclient.netty.request.NettyRequestSender - Using pooled Channel '[id: 0x781b63ab, L:/127.0.0.1:56456 - R:localhost/127.0.0.1:64955]' for 'POST' to 'http://localhost:64955/session/5404d348eb47781d410431c3aae39346/element/2d417800-1360-4ab1-b099-8c5dca9b296e/click'
15:54:25.867 [Forwarding clickElement on session 5404d348eb47781d410431c3aae39346 to remote] DEBUG org.asynchttpclient.netty.request.NettyRequestSender - Using open Channel [id: 0x781b63ab, L:/127.0.0.1:56456 - R:localhost/127.0.0.1:64955] for POST '/session/5404d348eb47781d410431c3aae39346/element/2d417800-1360-4ab1-b099-8c5dca9b296e/click'
15:54:25.994 [AsyncHttpClient-1-4] DEBUG org.asynchttpclient.netty.handler.HttpHandler - 

Request DefaultHttpRequest(decodeResult: success, version: HTTP/1.1)
POST /session/5404d348eb47781d410431c3aae39346/element/2d417800-1360-4ab1-b099-8c5dca9b296e/click HTTP/1.1
User-Agent: selenium/4.1.2 (java windows)
Content-Length: 50
Content-Type: application/json; charset=utf-8
host: localhost:64955
accept: */*

Response DefaultHttpResponse(decodeResult: success, version: HTTP/1.1)
HTTP/1.1 200 OK
Content-Type: application/json; charset=utf-8
cache-control: no-cache
content-length: 14

15:54:25.994 [AsyncHttpClient-1-4] DEBUG org.asynchttpclient.netty.channel.ChannelManager - Adding key: http://localhost:64955 for channel [id: 0x781b63ab, L:/127.0.0.1:56456 - R:localhost/127.0.0.1:64955]
15:54:26.025 [Forwarding screenshot on session 5404d348eb47781d410431c3aae39346 to remote] DEBUG org.asynchttpclient.netty.request.NettyRequestSender - Using pooled Channel '[id: 0x781b63ab, L:/127.0.0.1:56456 - R:localhost/127.0.0.1:64955]' for 'GET' to 'http://localhost:64955/session/5404d348eb47781d410431c3aae39346/screenshot'
15:54:26.025 [Forwarding screenshot on session 5404d348eb47781d410431c3aae39346 to remote] DEBUG org.asynchttpclient.netty.request.NettyRequestSender - Using open Channel [id: 0x781b63ab, L:/127.0.0.1:56456 - R:localhost/127.0.0.1:64955] for GET '/session/5404d348eb47781d410431c3aae39346/screenshot'
15:54:26.165 [AsyncHttpClient-1-1] DEBUG org.asynchttpclient.netty.channel.DefaultChannelPool - Entry count for : http://localhost:56457 : 1
15:54:26.349 [AsyncHttpClient-1-4] DEBUG org.asynchttpclient.netty.handler.HttpHandler - 

Request DefaultFullHttpRequest(decodeResult: success, version: HTTP/1.1, content: EmptyByteBufBE)
GET /session/5404d348eb47781d410431c3aae39346/screenshot HTTP/1.1
User-Agent: selenium/4.1.2 (java windows)
Cache-Control: no-cache
Content-Type: application/json; charset=utf-8
host: localhost:64955
accept: */*

Response DefaultHttpResponse(decodeResult: success, version: HTTP/1.1)
HTTP/1.1 200 OK
Content-Type: application/json; charset=utf-8
cache-control: no-cache
content-length: 91980

15:54:26.357 [AsyncHttpClient-1-4] DEBUG org.asynchttpclient.netty.channel.ChannelManager - Adding key: http://localhost:64955 for channel [id: 0x781b63ab, L:/127.0.0.1:56456 - R:localhost/127.0.0.1:64955]
15:54:26.361 [main] DEBUG net.serenitybdd.core.photography.Darkroom - Send negative for processing for target\site\serenity\7c8444dec3d6fe9daef3984f696870209a81ac1b6ef12d2915b55bbf0304c452.png
15:54:26.362 [main] DEBUG net.thucydides.core.steps.StepInterceptor - STEP DONE: clickFirstProduct
  &amp#27;[32mWhen &amp#27;[0m&amp#27;[32mI click buy button on first product&amp#27;[0m     &amp#27;[90m# starter.stepdefinitions.ProductSteps.iClickBuyButtonOnTensiDarahElektrik()&amp#27;[0m
15:54:26.396 [main] DEBUG net.thucydides.core.steps.StepInterceptor - STARTING STEP: ProductSteps.tensiDarahElektrikAddedToMyShoppingCart - clickShoppingCart
15:54:26.407 [Darkroom Processing Line] DEBUG net.serenitybdd.core.photography.DarkroomProcessingLine - Processing screenshot image in /var/screenshots/screenshot-4573201859076570052
15:54:26.407 [Darkroom Processing Line] DEBUG net.serenitybdd.core.photography.DarkroomProcessingLine - Saving screenshot to target\site\serenity\7c8444dec3d6fe9daef3984f696870209a81ac1b6ef12d2915b55bbf0304c452.png
15:54:26.424 [Forwarding findElement on session 5404d348eb47781d410431c3aae39346 to remote] DEBUG org.asynchttpclient.netty.request.NettyRequestSender - Using pooled Channel '[id: 0x781b63ab, L:/127.0.0.1:56456 - R:localhost/127.0.0.1:64955]' for 'POST' to 'http://localhost:64955/session/5404d348eb47781d410431c3aae39346/element'
15:54:26.424 [Forwarding findElement on session 5404d348eb47781d410431c3aae39346 to remote] DEBUG org.asynchttpclient.netty.request.NettyRequestSender - Using open Channel [id: 0x781b63ab, L:/127.0.0.1:56456 - R:localhost/127.0.0.1:64955] for POST '/session/5404d348eb47781d410431c3aae39346/element'
15:54:26.496 [AsyncHttpClient-1-4] DEBUG org.asynchttpclient.netty.handler.HttpHandler - 

Request DefaultHttpRequest(decodeResult: success, version: HTTP/1.1)
POST /session/5404d348eb47781d410431c3aae39346/element HTTP/1.1
User-Agent: selenium/4.1.2 (java windows)
Content-Length: 213
Content-Type: application/json; charset=utf-8
host: localhost:64955
accept: */*

Response DefaultHttpResponse(decodeResult: success, version: HTTP/1.1)
HTTP/1.1 200 OK
Content-Type: application/json; charset=utf-8
cache-control: no-cache
content-length: 88

15:54:26.496 [AsyncHttpClient-1-4] DEBUG org.asynchttpclient.netty.channel.ChannelManager - Adding key: http://localhost:64955 for channel [id: 0x781b63ab, L:/127.0.0.1:56456 - R:localhost/127.0.0.1:64955]
15:54:26.499 [Forwarding getElementTagName on session 5404d348eb47781d410431c3aae39346 to remote] DEBUG org.asynchttpclient.netty.request.NettyRequestSender - Using pooled Channel '[id: 0x781b63ab, L:/127.0.0.1:56456 - R:localhost/127.0.0.1:64955]' for 'GET' to 'http://localhost:64955/session/5404d348eb47781d410431c3aae39346/element/b34a3ff9-f8cd-49b9-aee4-cf6b5e4709b9/name'
15:54:26.499 [Forwarding getElementTagName on session 5404d348eb47781d410431c3aae39346 to remote] DEBUG org.asynchttpclient.netty.request.NettyRequestSender - Using open Channel [id: 0x781b63ab, L:/127.0.0.1:56456 - R:localhost/127.0.0.1:64955] for GET '/session/5404d348eb47781d410431c3aae39346/element/b34a3ff9-f8cd-49b9-aee4-cf6b5e4709b9/name'
15:54:26.512 [AsyncHttpClient-1-4] DEBUG org.asynchttpclient.netty.handler.HttpHandler - 

Request DefaultFullHttpRequest(decodeResult: success, version: HTTP/1.1, content: EmptyByteBufBE)
GET /session/5404d348eb47781d410431c3aae39346/element/b34a3ff9-f8cd-49b9-aee4-cf6b5e4709b9/name HTTP/1.1
User-Agent: selenium/4.1.2 (java windows)
Cache-Control: no-cache
Content-Type: application/json; charset=utf-8
host: localhost:64955
accept: */*

Response DefaultHttpResponse(decodeResult: success, version: HTTP/1.1)
HTTP/1.1 200 OK
Content-Type: application/json; charset=utf-8
cache-control: no-cache
content-length: 16

15:54:26.512 [AsyncHttpClient-1-4] DEBUG org.asynchttpclient.netty.channel.ChannelManager - Adding key: http://localhost:64955 for channel [id: 0x781b63ab, L:/127.0.0.1:56456 - R:localhost/127.0.0.1:64955]
15:54:26.514 [Forwarding getElementTagName on session 5404d348eb47781d410431c3aae39346 to remote] DEBUG org.asynchttpclient.netty.request.NettyRequestSender - Using pooled Channel '[id: 0x781b63ab, L:/127.0.0.1:56456 - R:localhost/127.0.0.1:64955]' for 'GET' to 'http://localhost:64955/session/5404d348eb47781d410431c3aae39346/element/b34a3ff9-f8cd-49b9-aee4-cf6b5e4709b9/name'
15:54:26.514 [Forwarding getElementTagName on session 5404d348eb47781d410431c3aae39346 to remote] DEBUG org.asynchttpclient.netty.request.NettyRequestSender - Using open Channel [id: 0x781b63ab, L:/127.0.0.1:56456 - R:localhost/127.0.0.1:64955] for GET '/session/5404d348eb47781d410431c3aae39346/element/b34a3ff9-f8cd-49b9-aee4-cf6b5e4709b9/name'
15:54:26.523 [AsyncHttpClient-1-4] DEBUG org.asynchttpclient.netty.handler.HttpHandler - 

Request DefaultFullHttpRequest(decodeResult: success, version: HTTP/1.1, content: EmptyByteBufBE)
GET /session/5404d348eb47781d410431c3aae39346/element/b34a3ff9-f8cd-49b9-aee4-cf6b5e4709b9/name HTTP/1.1
User-Agent: selenium/4.1.2 (java windows)
Cache-Control: no-cache
Content-Type: application/json; charset=utf-8
host: localhost:64955
accept: */*

Response DefaultHttpResponse(decodeResult: success, version: HTTP/1.1)
HTTP/1.1 200 OK
Content-Type: application/json; charset=utf-8
cache-control: no-cache
content-length: 16

15:54:26.523 [AsyncHttpClient-1-4] DEBUG org.asynchttpclient.netty.channel.ChannelManager - Adding key: http://localhost:64955 for channel [id: 0x781b63ab, L:/127.0.0.1:56456 - R:localhost/127.0.0.1:64955]
15:54:26.526 [Forwarding findElement on session 5404d348eb47781d410431c3aae39346 to remote] DEBUG org.asynchttpclient.netty.request.NettyRequestSender - Using pooled Channel '[id: 0x781b63ab, L:/127.0.0.1:56456 - R:localhost/127.0.0.1:64955]' for 'POST' to 'http://localhost:64955/session/5404d348eb47781d410431c3aae39346/element'
15:54:26.526 [Forwarding findElement on session 5404d348eb47781d410431c3aae39346 to remote] DEBUG org.asynchttpclient.netty.request.NettyRequestSender - Using open Channel [id: 0x781b63ab, L:/127.0.0.1:56456 - R:localhost/127.0.0.1:64955] for POST '/session/5404d348eb47781d410431c3aae39346/element'
15:54:26.574 [AsyncHttpClient-1-4] DEBUG org.asynchttpclient.netty.handler.HttpHandler - 

Request DefaultHttpRequest(decodeResult: success, version: HTTP/1.1)
POST /session/5404d348eb47781d410431c3aae39346/element HTTP/1.1
User-Agent: selenium/4.1.2 (java windows)
Content-Length: 213
Content-Type: application/json; charset=utf-8
host: localhost:64955
accept: */*

Response DefaultHttpResponse(decodeResult: success, version: HTTP/1.1)
HTTP/1.1 200 OK
Content-Type: application/json; charset=utf-8
cache-control: no-cache
content-length: 88

15:54:26.574 [AsyncHttpClient-1-4] DEBUG org.asynchttpclient.netty.channel.ChannelManager - Adding key: http://localhost:64955 for channel [id: 0x781b63ab, L:/127.0.0.1:56456 - R:localhost/127.0.0.1:64955]
15:54:26.576 [Forwarding clickElement on session 5404d348eb47781d410431c3aae39346 to remote] DEBUG org.asynchttpclient.netty.request.NettyRequestSender - Using pooled Channel '[id: 0x781b63ab, L:/127.0.0.1:56456 - R:localhost/127.0.0.1:64955]' for 'POST' to 'http://localhost:64955/session/5404d348eb47781d410431c3aae39346/element/b34a3ff9-f8cd-49b9-aee4-cf6b5e4709b9/click'
15:54:26.577 [Forwarding clickElement on session 5404d348eb47781d410431c3aae39346 to remote] DEBUG org.asynchttpclient.netty.request.NettyRequestSender - Using open Channel [id: 0x781b63ab, L:/127.0.0.1:56456 - R:localhost/127.0.0.1:64955] for POST '/session/5404d348eb47781d410431c3aae39346/element/b34a3ff9-f8cd-49b9-aee4-cf6b5e4709b9/click'
15:54:26.666 [AsyncHttpClient-1-4] DEBUG org.asynchttpclient.netty.handler.HttpHandler - 

Request DefaultHttpRequest(decodeResult: success, version: HTTP/1.1)
POST /session/5404d348eb47781d410431c3aae39346/element/b34a3ff9-f8cd-49b9-aee4-cf6b5e4709b9/click HTTP/1.1
User-Agent: selenium/4.1.2 (java windows)
Content-Length: 50
Content-Type: application/json; charset=utf-8
host: localhost:64955
accept: */*

Response DefaultHttpResponse(decodeResult: success, version: HTTP/1.1)
HTTP/1.1 200 OK
Content-Type: application/json; charset=utf-8
cache-control: no-cache
content-length: 14

15:54:26.667 [AsyncHttpClient-1-4] DEBUG org.asynchttpclient.netty.channel.ChannelManager - Adding key: http://localhost:64955 for channel [id: 0x781b63ab, L:/127.0.0.1:56456 - R:localhost/127.0.0.1:64955]
15:54:26.693 [Forwarding screenshot on session 5404d348eb47781d410431c3aae39346 to remote] DEBUG org.asynchttpclient.netty.request.NettyRequestSender - Using pooled Channel '[id: 0x781b63ab, L:/127.0.0.1:56456 - R:localhost/127.0.0.1:64955]' for 'GET' to 'http://localhost:64955/session/5404d348eb47781d410431c3aae39346/screenshot'
15:54:26.693 [Forwarding screenshot on session 5404d348eb47781d410431c3aae39346 to remote] DEBUG org.asynchttpclient.netty.request.NettyRequestSender - Using open Channel [id: 0x781b63ab, L:/127.0.0.1:56456 - R:localhost/127.0.0.1:64955] for GET '/session/5404d348eb47781d410431c3aae39346/screenshot'
15:54:27.239 [AsyncHttpClient-1-4] DEBUG org.asynchttpclient.netty.handler.HttpHandler - 

Request DefaultFullHttpRequest(decodeResult: success, version: HTTP/1.1, content: EmptyByteBufBE)
GET /session/5404d348eb47781d410431c3aae39346/screenshot HTTP/1.1
User-Agent: selenium/4.1.2 (java windows)
Cache-Control: no-cache
Content-Type: application/json; charset=utf-8
host: localhost:64955
accept: */*

Response DefaultHttpResponse(decodeResult: success, version: HTTP/1.1)
HTTP/1.1 200 OK
Content-Type: application/json; charset=utf-8
cache-control: no-cache
content-length: 33196

15:54:27.240 [AsyncHttpClient-1-4] DEBUG org.asynchttpclient.netty.channel.ChannelManager - Adding key: http://localhost:64955 for channel [id: 0x781b63ab, L:/127.0.0.1:56456 - R:localhost/127.0.0.1:64955]
15:54:27.242 [main] DEBUG net.serenitybdd.core.photography.Darkroom - Send negative for processing for target\site\serenity\dd34fabf13a8fdb565d40133671e2dd311446bc5b9f7ecfecd2ed8ce81370d41.png
15:54:27.242 [main] DEBUG net.thucydides.core.steps.StepInterceptor - STEP DONE: clickShoppingCart
15:54:27.244 [Darkroom Processing Line] DEBUG net.serenitybdd.core.photography.DarkroomProcessingLine - Processing screenshot image in /var/screenshots/screenshot-13728467533888527623
15:54:27.244 [Darkroom Processing Line] DEBUG net.serenitybdd.core.photography.DarkroomProcessingLine - Saving screenshot to target\site\serenity\dd34fabf13a8fdb565d40133671e2dd311446bc5b9f7ecfecd2ed8ce81370d41.png
15:54:27.254 [main] DEBUG net.thucydides.core.steps.StepInterceptor - STARTING STEP: ProductSteps.tensiDarahElektrikAddedToMyShoppingCart - verifyTotalBayar
15:54:27.257 [Forwarding findElement on session 5404d348eb47781d410431c3aae39346 to remote] DEBUG org.asynchttpclient.netty.request.NettyRequestSender - Using pooled Channel '[id: 0x781b63ab, L:/127.0.0.1:56456 - R:localhost/127.0.0.1:64955]' for 'POST' to 'http://localhost:64955/session/5404d348eb47781d410431c3aae39346/element'
15:54:27.258 [Forwarding findElement on session 5404d348eb47781d410431c3aae39346 to remote] DEBUG org.asynchttpclient.netty.request.NettyRequestSender - Using open Channel [id: 0x781b63ab, L:/127.0.0.1:56456 - R:localhost/127.0.0.1:64955] for POST '/session/5404d348eb47781d410431c3aae39346/element'
15:54:27.290 [AsyncHttpClient-1-4] DEBUG org.asynchttpclient.netty.handler.HttpHandler - 

Request DefaultHttpRequest(decodeResult: success, version: HTTP/1.1)
POST /session/5404d348eb47781d410431c3aae39346/element HTTP/1.1
User-Agent: selenium/4.1.2 (java windows)
Content-Length: 108
Content-Type: application/json; charset=utf-8
host: localhost:64955
accept: */*

Response DefaultHttpResponse(decodeResult: success, version: HTTP/1.1)
HTTP/1.1 200 OK
Content-Type: application/json; charset=utf-8
cache-control: no-cache
content-length: 88

15:54:27.290 [AsyncHttpClient-1-4] DEBUG org.asynchttpclient.netty.channel.ChannelManager - Adding key: http://localhost:64955 for channel [id: 0x781b63ab, L:/127.0.0.1:56456 - R:localhost/127.0.0.1:64955]
15:54:27.296 [Forwarding isElementDisplayed on session 5404d348eb47781d410431c3aae39346 to remote] DEBUG org.asynchttpclient.netty.request.NettyRequestSender - Using pooled Channel '[id: 0x781b63ab, L:/127.0.0.1:56456 - R:localhost/127.0.0.1:64955]' for 'POST' to 'http://localhost:64955/session/5404d348eb47781d410431c3aae39346/execute/sync'
15:54:27.296 [Forwarding isElementDisplayed on session 5404d348eb47781d410431c3aae39346 to remote] DEBUG org.asynchttpclient.netty.request.NettyRequestSender - Using open Channel [id: 0x781b63ab, L:/127.0.0.1:56456 - R:localhost/127.0.0.1:64955] for POST '/session/5404d348eb47781d410431c3aae39346/execute/sync'
15:54:27.340 [AsyncHttpClient-1-1] DEBUG org.asynchttpclient.netty.channel.DefaultChannelPool - Entry count for : http://localhost:56457 : 1
15:54:27.344 [AsyncHttpClient-1-4] DEBUG org.asynchttpclient.netty.handler.HttpHandler - 

Request DefaultHttpRequest(decodeResult: success, version: HTTP/1.1)
POST /session/5404d348eb47781d410431c3aae39346/execute/sync HTTP/1.1
User-Agent: selenium/4.1.2 (java windows)
Content-Length: 48780
Content-Type: application/json; charset=utf-8
host: localhost:64955
accept: */*

Response DefaultHttpResponse(decodeResult: success, version: HTTP/1.1)
HTTP/1.1 200 OK
Content-Type: application/json; charset=utf-8
cache-control: no-cache
content-length: 14

15:54:27.345 [AsyncHttpClient-1-4] DEBUG org.asynchttpclient.netty.channel.ChannelManager - Adding key: http://localhost:64955 for channel [id: 0x781b63ab, L:/127.0.0.1:56456 - R:localhost/127.0.0.1:64955]
15:54:27.358 [Forwarding screenshot on session 5404d348eb47781d410431c3aae39346 to remote] DEBUG org.asynchttpclient.netty.request.NettyRequestSender - Using pooled Channel '[id: 0x781b63ab, L:/127.0.0.1:56456 - R:localhost/127.0.0.1:64955]' for 'GET' to 'http://localhost:64955/session/5404d348eb47781d410431c3aae39346/screenshot'
15:54:27.358 [Forwarding screenshot on session 5404d348eb47781d410431c3aae39346 to remote] DEBUG org.asynchttpclient.netty.request.NettyRequestSender - Using open Channel [id: 0x781b63ab, L:/127.0.0.1:56456 - R:localhost/127.0.0.1:64955] for GET '/session/5404d348eb47781d410431c3aae39346/screenshot'
15:54:27.558 [AsyncHttpClient-1-4] DEBUG org.asynchttpclient.netty.handler.HttpHandler - 

Request DefaultFullHttpRequest(decodeResult: success, version: HTTP/1.1, content: EmptyByteBufBE)
GET /session/5404d348eb47781d410431c3aae39346/screenshot HTTP/1.1
User-Agent: selenium/4.1.2 (java windows)
Cache-Control: no-cache
Content-Type: application/json; charset=utf-8
host: localhost:64955
accept: */*

Response DefaultHttpResponse(decodeResult: success, version: HTTP/1.1)
HTTP/1.1 200 OK
Content-Type: application/json; charset=utf-8
cache-control: no-cache
content-length: 33072

15:54:27.558 [AsyncHttpClient-1-4] DEBUG org.asynchttpclient.netty.channel.ChannelManager - Adding key: http://localhost:64955 for channel [id: 0x781b63ab, L:/127.0.0.1:56456 - R:localhost/127.0.0.1:64955]
15:54:27.560 [main] DEBUG net.serenitybdd.core.photography.Darkroom - Send negative for processing for target\site\serenity\41c5718b9e8a70b6d31a923793f5e3afa11684dabf3bd9d2c5e50bb86867e1a4.png
15:54:27.561 [main] DEBUG net.thucydides.core.steps.StepInterceptor - STEP DONE: verifyTotalBayar
  &amp#27;[32mThen &amp#27;[0m&amp#27;[32mfirst product added to my shopping cart&amp#27;[0m &amp#27;[90m# starter.stepdefinitions.ProductSteps.tensiDarahElektrikAddedToMyShoppingCart()&amp#27;[0m
15:54:27.564 [Darkroom Processing Line] DEBUG net.serenitybdd.core.photography.DarkroomProcessingLine - Processing screenshot image in /var/screenshots/screenshot-14857888601800175866
15:54:27.564 [Darkroom Processing Line] DEBUG net.serenitybdd.core.photography.DarkroomProcessingLine - Saving screenshot to target\site\serenity\41c5718b9e8a70b6d31a923793f5e3afa11684dabf3bd9d2c5e50bb86867e1a4.png
15:54:27.571 [main] INFO  - 
  _____   ___   ___   _____     ___     _     ___   ___   ___   ___  
 |_   _| | __| / __| |_   _|   | _ \   /_\   / __| / __| | __| |   \ 
   | |   | _|  \__ \   | |     |  _/  / _ \  \__ \ \__ \ | _|  | |) |
   |_|   |___| |___/   |_|     |_|   /_/ \_\ |___/ |___/ |___| |___/ 

Buy first product
----------------------------------------------------------------------
15:54:27.573 [AsyncHttpClient-1-2] DEBUG org.asynchttpclient.netty.handler.WebSocketHandler - Channel Closed: [id: 0x3978f9ed, L:/127.0.0.1:56465 ! R:localhost/127.0.0.1:56457] with attribute NettyResponseFuture{currentRetry=5,
	isDone=1,
	isCancelled=0,
	asyncHandler=org.asynchttpclient.ws.WebSocketUpgradeHandler@4fc1f4bf,
	nettyRequest=org.asynchttpclient.netty.request.NettyRequest@3c48937f,
	future=java.util.concurrent.CompletableFuture@50b57a66[Completed normally],
	uri=ws://localhost:56457/devtools/browser/59355c6d-18e8-465d-b740-9bc230478414,
	keepAlive=true,
	redirectCount=0,
	timeoutsHolder=null,
	inAuth=0,
	touch=1652864049646}
15:54:27.573 [AsyncHttpClient-1-2] DEBUG org.asynchttpclient.netty.channel.ChannelManager - Closing Channel [id: 0x3978f9ed, L:/127.0.0.1:56465 ! R:localhost/127.0.0.1:56457] 
15:54:27.585 [Driver Command Executor] DEBUG org.asynchttpclient.netty.request.NettyRequestSender - Using pooled Channel '[id: 0x781b63ab, L:/127.0.0.1:56456 - R:localhost/127.0.0.1:64955]' for 'DELETE' to 'http://localhost:64955/session/5404d348eb47781d410431c3aae39346'
15:54:27.586 [Driver Command Executor] DEBUG org.asynchttpclient.netty.request.NettyRequestSender - Using open Channel [id: 0x781b63ab, L:/127.0.0.1:56456 - R:localhost/127.0.0.1:64955] for DELETE '/session/5404d348eb47781d410431c3aae39346'
15:54:28.011 [AsyncHttpClient-1-5] DEBUG org.asynchttpclient.netty.handler.HttpHandler - Unexpected I/O exception on channel [id: 0x9d89dc4e, L:/127.0.0.1:56464 - R:localhost/127.0.0.1:56457]
java.net.SocketException: Connection reset
	at java.base/sun.nio.ch.SocketChannelImpl.throwConnectionReset(SocketChannelImpl.java:367)
	at java.base/sun.nio.ch.SocketChannelImpl.read(SocketChannelImpl.java:398)
	at io.netty.buffer.PooledByteBuf.setBytes(PooledByteBuf.java:258)
	at io.netty.buffer.AbstractByteBuf.writeBytes(AbstractByteBuf.java:1132)
	at io.netty.channel.socket.nio.NioSocketChannel.doReadBytes(NioSocketChannel.java:350)
	at io.netty.channel.nio.AbstractNioByteChannel$NioByteUnsafe.read(AbstractNioByteChannel.java:151)
	at io.netty.channel.nio.NioEventLoop.processSelectedKey(NioEventLoop.java:722)
	at io.netty.channel.nio.NioEventLoop.processSelectedKeysOptimized(NioEventLoop.java:658)
	at io.netty.channel.nio.NioEventLoop.processSelectedKeys(NioEventLoop.java:584)
	at io.netty.channel.nio.NioEventLoop.run(NioEventLoop.java:496)
	at io.netty.util.concurrent.SingleThreadEventExecutor$4.run(SingleThreadEventExecutor.java:986)
	at io.netty.util.internal.ThreadExecutorMap$2.run(ThreadExecutorMap.java:74)
	at io.netty.util.concurrent.FastThreadLocalRunnable.run(FastThreadLocalRunnable.java:30)
	at java.base/java.lang.Thread.run(Thread.java:832)
15:54:28.011 [AsyncHttpClient-1-5] DEBUG org.asynchttpclient.netty.channel.ChannelManager - Closing Channel [id: 0x9d89dc4e, L:/127.0.0.1:56464 - R:localhost/127.0.0.1:56457] 
15:54:28.012 [AsyncHttpClient-1-5] DEBUG org.asynchttpclient.netty.handler.HttpHandler - Channel Closed: [id: 0x9d89dc4e, L:/127.0.0.1:56464 ! R:localhost/127.0.0.1:56457] with attribute DISCARD
15:54:28.060 [AsyncHttpClient-1-4] DEBUG org.asynchttpclient.netty.handler.HttpHandler - 

Request DefaultFullHttpRequest(decodeResult: success, version: HTTP/1.1, content: EmptyByteBufBE)
DELETE /session/5404d348eb47781d410431c3aae39346 HTTP/1.1
User-Agent: selenium/4.1.2 (java windows)
Content-Type: application/json; charset=utf-8
host: localhost:64955
accept: */*

Response DefaultHttpResponse(decodeResult: success, version: HTTP/1.1)
HTTP/1.1 200 OK
Content-Type: application/json; charset=utf-8
cache-control: no-cache
content-length: 14

15:54:28.060 [AsyncHttpClient-1-4] DEBUG org.asynchttpclient.netty.channel.ChannelManager - Adding key: http://localhost:64955 for channel [id: 0x781b63ab, L:/127.0.0.1:56456 - R:localhost/127.0.0.1:64955]
15:54:28.362 [AsyncHttpClient-1-1] DEBUG org.asynchttpclient.netty.channel.DefaultChannelPool - Entry count for : http://localhost:64955 : 1
15:54:28.362 [AsyncHttpClient-1-1] DEBUG org.asynchttpclient.netty.channel.DefaultChannelPool - Entry count for : http://localhost:56457 : 1
15:54:28.362 [AsyncHttpClient-1-1] DEBUG org.asynchttpclient.netty.channel.DefaultChannelPool - Adding Candidate expired Channel [id: 0x9d89dc4e, L:/127.0.0.1:56464 ! R:localhost/127.0.0.1:56457] isIdleTimeoutExpired=false isRemotelyClosed=true isTtlExpired=false
15:54:28.362 [AsyncHttpClient-1-1] DEBUG org.asynchttpclient.netty.channel.DefaultChannelPool - Closing Idle Channel [id: 0x9d89dc4e, L:/127.0.0.1:56464 ! R:localhost/127.0.0.1:56457]
15:54:28.362 [AsyncHttpClient-1-1] DEBUG org.asynchttpclient.netty.channel.DefaultChannelPool - Closed 1 connections out of 2 in 0 ms
15:54:28.637 [AsyncHttpClient-1-4] DEBUG org.asynchttpclient.netty.handler.HttpHandler - Channel Closed: [id: 0x781b63ab, L:/127.0.0.1:56456 ! R:localhost/127.0.0.1:64955] with attribute DISCARD
]]></system-out>
    <system-err><![CDATA[Starting ChromeDriver 100.0.4896.60 (6a5d10861ce8de5fce22564658033b43cb7de047-refs/branch-heads/4896@{#875}) on port 64955
Only local connections are allowed.
Please see https://chromedriver.chromium.org/security-considerations for suggestions on keeping ChromeDriver safe.
ChromeDriver was started successfully.
[1652864049.125][WARNING]: This version of ChromeDriver has not been tested with Chrome version 101.
May 18, 2022 3:54:09 PM org.openqa.selenium.remote.ProtocolHandshake createSession
INFO: Detected dialect: W3C
May 18, 2022 3:54:09 PM org.openqa.selenium.devtools.CdpVersionFinder findNearestMatch
WARNING: Unable to find an exact match for CDP version 101, so returning the closest version found: 97
May 18, 2022 3:54:09 PM org.openqa.selenium.devtools.CdpVersionFinder findNearestMatch
INFO: Found CDP implementation for version 101 of 97
]]></system-err>
  </testcase>
  <testcase name="Buy second product" classname="Product" time="22.695">
    <system-out><![CDATA[
Scenario: Buy second product                    &amp#27;[90m# src/test/resources/features/Product.feature:13&amp#27;[0m
15:54:29.177 [main] INFO io.cucumber.core.plugin.SerenityReporter - Running feature from file:///C:/Users/ponda/Documents/Final_Project/Final_Web/src/test/resources/features/Product.feature
15:54:29.182 [main] INFO  - 
  _____   ___   ___   _____     ___   _____     _     ___   _____   ___   ___  
 |_   _| | __| / __| |_   _|   / __| |_   _|   /_\   | _ \ |_   _| | __| |   \ 
   | |   | _|  \__ \   | |     \__ \   | |    / _ \  |   /   | |   | _|  | |) |
   |_|   |___| |___/   |_|     |___/   |_|   /_/ \_\ |_|_\   |_|   |___| |___/ 

Buy second product(product;buy-second-product)
--------------------------------------------------------------------------------
15:54:29.252 [main] DEBUG net.thucydides.core.steps.StepInterceptor - STARTING STEP: ProductSteps.iAmOnProductPage - openUrl
15:54:29.253 [main] INFO net.serenitybdd.core.webdriver.driverproviders.ChromeDriverProvider - Using automatically driver download
15:54:29.436 [main] DEBUG io.github.bonigarcia.wdm.cache.ResolutionCache - Resolution chrome=101 in cache (valid until 16:36:25 18/05/2022 WIB)
15:54:29.447 [main] DEBUG io.github.bonigarcia.wdm.cache.ResolutionCache - Resolution chrome101=101.0.4951.41 in cache (valid until 16:04:06 18/05/2022 WIB)
15:54:29.451 [main] INFO io.github.bonigarcia.wdm.WebDriverManager - Using chromedriver 101.0.4951.41 (resolved driver for Chrome 101)
15:54:29.483 [main] DEBUG io.github.bonigarcia.wdm.WebDriverManager - Driver chromedriver 101.0.4951.41 found in cache
15:54:29.485 [main] INFO io.github.bonigarcia.wdm.WebDriverManager - Exporting webdriver.chrome.driver as C:\Users\ponda\.cache\selenium\chromedriver\win32\101.0.4951.41\chromedriver.exe
15:54:29.494 [AsyncHttpClient-1-1] DEBUG org.asynchttpclient.netty.channel.DefaultChannelPool - Entry count for : http://localhost:64955 : 1
15:54:29.494 [AsyncHttpClient-1-1] DEBUG org.asynchttpclient.netty.channel.DefaultChannelPool - Adding Candidate expired Channel [id: 0x781b63ab, L:/127.0.0.1:56456 ! R:localhost/127.0.0.1:64955] isIdleTimeoutExpired=false isRemotelyClosed=true isTtlExpired=false
15:54:29.494 [AsyncHttpClient-1-1] DEBUG org.asynchttpclient.netty.channel.DefaultChannelPool - Closing Idle Channel [id: 0x781b63ab, L:/127.0.0.1:56456 ! R:localhost/127.0.0.1:64955]
15:54:29.494 [AsyncHttpClient-1-1] DEBUG org.asynchttpclient.netty.channel.DefaultChannelPool - Closed 1 connections out of 1 in 0 ms
15:54:29.758 [main] DEBUG net.serenitybdd.core.webdriver.driverproviders.ProvideNewDriver - Instantiating driver
15:54:29.758 [main] DEBUG net.serenitybdd.core.webdriver.driverproviders.ProvideNewDriver - Driver capabilities: Capabilities {acceptInsecureCerts: false, base.url: https://qa.alta.id, browserName: chrome, chrome.driver: src/test/resources/webdrive..., driver: chrome, goog:chromeOptions: {args: [], extensions: []}}
15:54:30.349 [AsyncHttpClient-1-3] DEBUG org.asynchttpclient.netty.channel.NettyConnectListener - Using new Channel '[id: 0xac2bac0c, L:/127.0.0.1:56491 - R:localhost/127.0.0.1:50694]' for 'POST' to '/session'
15:54:32.457 [AsyncHttpClient-1-3] DEBUG org.asynchttpclient.netty.handler.HttpHandler - 

Request DefaultHttpRequest(decodeResult: success, version: HTTP/1.1)
POST /session HTTP/1.1
User-Agent: selenium/4.1.2 (java windows)
Content-Length: 599
Content-Type: application/json; charset=utf-8
host: localhost:50694
accept: */*

Response DefaultHttpResponse(decodeResult: success, version: HTTP/1.1)
HTTP/1.1 200 OK
Content-Type: application/json; charset=utf-8
cache-control: no-cache
content-length: 789

15:54:32.458 [AsyncHttpClient-1-3] DEBUG org.asynchttpclient.netty.channel.ChannelManager - Adding key: http://localhost:50694 for channel [id: 0xac2bac0c, L:/127.0.0.1:56491 - R:localhost/127.0.0.1:50694]
15:54:32.474 [AsyncHttpClient-1-4] DEBUG org.asynchttpclient.netty.channel.NettyConnectListener - Using new Channel '[id: 0x1b2ca5b1, L:/127.0.0.1:56498 - R:localhost/127.0.0.1:56493]' for 'GET' to '/json/version'
15:54:32.476 [AsyncHttpClient-1-4] DEBUG org.asynchttpclient.netty.handler.HttpHandler - 

Request DefaultFullHttpRequest(decodeResult: success, version: HTTP/1.1, content: EmptyByteBufBE)
GET /json/version HTTP/1.1
User-Agent: selenium/4.1.2 (java windows)
host: localhost:56493
accept: */*

Response DefaultHttpResponse(decodeResult: success, version: HTTP/1.1)
HTTP/1.1 200 OK
Content-Type: application/json; charset=UTF-8
content-length: 427

15:54:32.476 [AsyncHttpClient-1-4] DEBUG org.asynchttpclient.netty.channel.ChannelManager - Adding key: http://localhost:56493 for channel [id: 0x1b2ca5b1, L:/127.0.0.1:56498 - R:localhost/127.0.0.1:56493]
15:54:32.481 [AsyncHttpClient-1-5] DEBUG org.asynchttpclient.netty.channel.NettyConnectListener - Using new Channel '[id: 0x838cf5af, L:/127.0.0.1:56499 - R:localhost/127.0.0.1:56493]' for 'GET' to '/devtools/browser/58d3015e-97a2-48b8-a61e-dff8badb2670'
15:54:32.483 [AsyncHttpClient-1-5] DEBUG org.asynchttpclient.netty.handler.WebSocketHandler - 

Request DefaultFullHttpRequest(decodeResult: success, version: HTTP/1.1, content: EmptyByteBufBE)
GET /devtools/browser/58d3015e-97a2-48b8-a61e-dff8badb2670 HTTP/1.1
upgrade: websocket
connection: upgrade
sec-websocket-key: HaofKqMkXcanp9rh2eM7RA==
sec-websocket-version: 13
origin: http://localhost:56493
host: localhost:56493
accept: */*
user-agent: AHC/2.1

Response DefaultHttpResponse(decodeResult: success, version: HTTP/1.1)
HTTP/1.1 101 WebSocket Protocol Handshake
Upgrade: WebSocket
Connection: Upgrade
Sec-WebSocket-Accept: GYtJr6ZxTAmtNDXJDiD36rgOM6Q=

15:54:32.492 [Forwarding maximizeCurrentWindow on session ccb553d709d356166d94bbff4ed76508 to remote] DEBUG org.asynchttpclient.netty.request.NettyRequestSender - Using pooled Channel '[id: 0xac2bac0c, L:/127.0.0.1:56491 - R:localhost/127.0.0.1:50694]' for 'POST' to 'http://localhost:50694/session/ccb553d709d356166d94bbff4ed76508/window/maximize'
15:54:32.492 [Forwarding maximizeCurrentWindow on session ccb553d709d356166d94bbff4ed76508 to remote] DEBUG org.asynchttpclient.netty.request.NettyRequestSender - Using open Channel [id: 0xac2bac0c, L:/127.0.0.1:56491 - R:localhost/127.0.0.1:50694] for POST '/session/ccb553d709d356166d94bbff4ed76508/window/maximize'
15:54:32.774 [AsyncHttpClient-1-3] DEBUG org.asynchttpclient.netty.handler.HttpHandler - 

Request DefaultHttpRequest(decodeResult: success, version: HTTP/1.1)
POST /session/ccb553d709d356166d94bbff4ed76508/window/maximize HTTP/1.1
User-Agent: selenium/4.1.2 (java windows)
Content-Length: 3
Content-Type: application/json; charset=utf-8
host: localhost:50694
accept: */*

Response DefaultHttpResponse(decodeResult: success, version: HTTP/1.1)
HTTP/1.1 200 OK
Content-Type: application/json; charset=utf-8
cache-control: no-cache
content-length: 51

15:54:32.774 [AsyncHttpClient-1-3] DEBUG org.asynchttpclient.netty.channel.ChannelManager - Adding key: http://localhost:50694 for channel [id: 0xac2bac0c, L:/127.0.0.1:56491 - R:localhost/127.0.0.1:50694]
15:54:32.778 [Forwarding get on session ccb553d709d356166d94bbff4ed76508 to remote] DEBUG org.asynchttpclient.netty.request.NettyRequestSender - Using pooled Channel '[id: 0xac2bac0c, L:/127.0.0.1:56491 - R:localhost/127.0.0.1:50694]' for 'POST' to 'http://localhost:50694/session/ccb553d709d356166d94bbff4ed76508/url'
15:54:32.778 [Forwarding get on session ccb553d709d356166d94bbff4ed76508 to remote] DEBUG org.asynchttpclient.netty.request.NettyRequestSender - Using open Channel [id: 0xac2bac0c, L:/127.0.0.1:56491 - R:localhost/127.0.0.1:50694] for POST '/session/ccb553d709d356166d94bbff4ed76508/url'
15:54:32.850 [AsyncHttpClient-1-1] DEBUG org.asynchttpclient.netty.channel.DefaultChannelPool - Entry count for : http://localhost:56493 : 1
15:54:33.860 [AsyncHttpClient-1-1] DEBUG org.asynchttpclient.netty.channel.DefaultChannelPool - Entry count for : http://localhost:56493 : 1
15:54:34.960 [AsyncHttpClient-1-1] DEBUG org.asynchttpclient.netty.channel.DefaultChannelPool - Entry count for : http://localhost:56493 : 1
15:54:35.272 [AsyncHttpClient-1-3] DEBUG org.asynchttpclient.netty.handler.HttpHandler - 

Request DefaultHttpRequest(decodeResult: success, version: HTTP/1.1)
POST /session/ccb553d709d356166d94bbff4ed76508/url HTTP/1.1
User-Agent: selenium/4.1.2 (java windows)
Content-Length: 64
Content-Type: application/json; charset=utf-8
host: localhost:50694
accept: */*

Response DefaultHttpResponse(decodeResult: success, version: HTTP/1.1)
HTTP/1.1 200 OK
Content-Type: application/json; charset=utf-8
cache-control: no-cache
content-length: 14

15:54:35.272 [AsyncHttpClient-1-3] DEBUG org.asynchttpclient.netty.channel.ChannelManager - Adding key: http://localhost:50694 for channel [id: 0xac2bac0c, L:/127.0.0.1:56491 - R:localhost/127.0.0.1:50694]
15:54:35.274 [Forwarding setTimeout on session ccb553d709d356166d94bbff4ed76508 to remote] DEBUG org.asynchttpclient.netty.request.NettyRequestSender - Using pooled Channel '[id: 0xac2bac0c, L:/127.0.0.1:56491 - R:localhost/127.0.0.1:50694]' for 'POST' to 'http://localhost:50694/session/ccb553d709d356166d94bbff4ed76508/timeouts'
15:54:35.275 [Forwarding setTimeout on session ccb553d709d356166d94bbff4ed76508 to remote] DEBUG org.asynchttpclient.netty.request.NettyRequestSender - Using open Channel [id: 0xac2bac0c, L:/127.0.0.1:56491 - R:localhost/127.0.0.1:50694] for POST '/session/ccb553d709d356166d94bbff4ed76508/timeouts'
15:54:35.276 [AsyncHttpClient-1-3] DEBUG org.asynchttpclient.netty.handler.HttpHandler - 

Request DefaultHttpRequest(decodeResult: success, version: HTTP/1.1)
POST /session/ccb553d709d356166d94bbff4ed76508/timeouts HTTP/1.1
User-Agent: selenium/4.1.2 (java windows)
Content-Length: 22
Content-Type: application/json; charset=utf-8
host: localhost:50694
accept: */*

Response DefaultHttpResponse(decodeResult: success, version: HTTP/1.1)
HTTP/1.1 200 OK
Content-Type: application/json; charset=utf-8
cache-control: no-cache
content-length: 14

15:54:35.276 [AsyncHttpClient-1-3] DEBUG org.asynchttpclient.netty.channel.ChannelManager - Adding key: http://localhost:50694 for channel [id: 0xac2bac0c, L:/127.0.0.1:56491 - R:localhost/127.0.0.1:50694]
15:54:35.283 [Forwarding getCurrentUrl on session ccb553d709d356166d94bbff4ed76508 to remote] DEBUG org.asynchttpclient.netty.request.NettyRequestSender - Using pooled Channel '[id: 0xac2bac0c, L:/127.0.0.1:56491 - R:localhost/127.0.0.1:50694]' for 'GET' to 'http://localhost:50694/session/ccb553d709d356166d94bbff4ed76508/url'
15:54:35.283 [Forwarding getCurrentUrl on session ccb553d709d356166d94bbff4ed76508 to remote] DEBUG org.asynchttpclient.netty.request.NettyRequestSender - Using open Channel [id: 0xac2bac0c, L:/127.0.0.1:56491 - R:localhost/127.0.0.1:50694] for GET '/session/ccb553d709d356166d94bbff4ed76508/url'
15:54:35.353 [AsyncHttpClient-1-3] DEBUG org.asynchttpclient.netty.handler.HttpHandler - 

Request DefaultFullHttpRequest(decodeResult: success, version: HTTP/1.1, content: EmptyByteBufBE)
GET /session/ccb553d709d356166d94bbff4ed76508/url HTTP/1.1
User-Agent: selenium/4.1.2 (java windows)
Cache-Control: no-cache
Content-Type: application/json; charset=utf-8
host: localhost:50694
accept: */*

Response DefaultHttpResponse(decodeResult: success, version: HTTP/1.1)
HTTP/1.1 200 OK
Content-Type: application/json; charset=utf-8
cache-control: no-cache
content-length: 41

15:54:35.353 [AsyncHttpClient-1-3] DEBUG org.asynchttpclient.netty.channel.ChannelManager - Adding key: http://localhost:50694 for channel [id: 0xac2bac0c, L:/127.0.0.1:56491 - R:localhost/127.0.0.1:50694]
15:54:35.363 [Forwarding screenshot on session ccb553d709d356166d94bbff4ed76508 to remote] DEBUG org.asynchttpclient.netty.request.NettyRequestSender - Using pooled Channel '[id: 0xac2bac0c, L:/127.0.0.1:56491 - R:localhost/127.0.0.1:50694]' for 'GET' to 'http://localhost:50694/session/ccb553d709d356166d94bbff4ed76508/screenshot'
15:54:35.363 [Forwarding screenshot on session ccb553d709d356166d94bbff4ed76508 to remote] DEBUG org.asynchttpclient.netty.request.NettyRequestSender - Using open Channel [id: 0xac2bac0c, L:/127.0.0.1:56491 - R:localhost/127.0.0.1:50694] for GET '/session/ccb553d709d356166d94bbff4ed76508/screenshot'
15:54:35.687 [AsyncHttpClient-1-3] DEBUG org.asynchttpclient.netty.handler.HttpHandler - 

Request DefaultFullHttpRequest(decodeResult: success, version: HTTP/1.1, content: EmptyByteBufBE)
GET /session/ccb553d709d356166d94bbff4ed76508/screenshot HTTP/1.1
User-Agent: selenium/4.1.2 (java windows)
Cache-Control: no-cache
Content-Type: application/json; charset=utf-8
host: localhost:50694
accept: */*

Response DefaultHttpResponse(decodeResult: success, version: HTTP/1.1)
HTTP/1.1 200 OK
Content-Type: application/json; charset=utf-8
cache-control: no-cache
content-length: 25384

15:54:35.688 [AsyncHttpClient-1-3] DEBUG org.asynchttpclient.netty.channel.ChannelManager - Adding key: http://localhost:50694 for channel [id: 0xac2bac0c, L:/127.0.0.1:56491 - R:localhost/127.0.0.1:50694]
15:54:35.690 [main] DEBUG net.serenitybdd.core.photography.Darkroom - Send negative for processing for target\site\serenity\49a3ec3fe6e588bb357024d38ea075b8250cb5f32bd132770e4d40bc98d606c0.png
15:54:35.690 [main] DEBUG net.thucydides.core.steps.StepInterceptor - STEP DONE: openUrl
15:54:35.697 [main] DEBUG net.thucydides.core.steps.StepInterceptor - STARTING STEP: ProductSteps.iAmOnProductPage - inputEmail
15:54:35.701 [Forwarding findElement on session ccb553d709d356166d94bbff4ed76508 to remote] DEBUG org.asynchttpclient.netty.request.NettyRequestSender - Using pooled Channel '[id: 0xac2bac0c, L:/127.0.0.1:56491 - R:localhost/127.0.0.1:50694]' for 'POST' to 'http://localhost:50694/session/ccb553d709d356166d94bbff4ed76508/element'
15:54:35.701 [Forwarding findElement on session ccb553d709d356166d94bbff4ed76508 to remote] DEBUG org.asynchttpclient.netty.request.NettyRequestSender - Using open Channel [id: 0xac2bac0c, L:/127.0.0.1:56491 - R:localhost/127.0.0.1:50694] for POST '/session/ccb553d709d356166d94bbff4ed76508/element'
15:54:35.720 [AsyncHttpClient-1-3] DEBUG org.asynchttpclient.netty.handler.HttpHandler - 

Request DefaultHttpRequest(decodeResult: success, version: HTTP/1.1)
POST /session/ccb553d709d356166d94bbff4ed76508/element HTTP/1.1
User-Agent: selenium/4.1.2 (java windows)
Content-Length: 86
Content-Type: application/json; charset=utf-8
host: localhost:50694
accept: */*

Response DefaultHttpResponse(decodeResult: success, version: HTTP/1.1)
HTTP/1.1 200 OK
Content-Type: application/json; charset=utf-8
cache-control: no-cache
content-length: 88

15:54:35.720 [AsyncHttpClient-1-3] DEBUG org.asynchttpclient.netty.channel.ChannelManager - Adding key: http://localhost:50694 for channel [id: 0xac2bac0c, L:/127.0.0.1:56491 - R:localhost/127.0.0.1:50694]
15:54:35.721 [Forwarding clearElement on session ccb553d709d356166d94bbff4ed76508 to remote] DEBUG org.asynchttpclient.netty.request.NettyRequestSender - Using pooled Channel '[id: 0xac2bac0c, L:/127.0.0.1:56491 - R:localhost/127.0.0.1:50694]' for 'POST' to 'http://localhost:50694/session/ccb553d709d356166d94bbff4ed76508/element/142d3fe2-ae33-47a1-bcf7-068c0a6e54b8/clear'
15:54:35.722 [Forwarding clearElement on session ccb553d709d356166d94bbff4ed76508 to remote] DEBUG org.asynchttpclient.netty.request.NettyRequestSender - Using open Channel [id: 0xac2bac0c, L:/127.0.0.1:56491 - R:localhost/127.0.0.1:50694] for POST '/session/ccb553d709d356166d94bbff4ed76508/element/142d3fe2-ae33-47a1-bcf7-068c0a6e54b8/clear'
15:54:35.777 [AsyncHttpClient-1-3] DEBUG org.asynchttpclient.netty.handler.HttpHandler - 

Request DefaultHttpRequest(decodeResult: success, version: HTTP/1.1)
POST /session/ccb553d709d356166d94bbff4ed76508/element/142d3fe2-ae33-47a1-bcf7-068c0a6e54b8/clear HTTP/1.1
User-Agent: selenium/4.1.2 (java windows)
Content-Length: 50
Content-Type: application/json; charset=utf-8
host: localhost:50694
accept: */*

Response DefaultHttpResponse(decodeResult: success, version: HTTP/1.1)
HTTP/1.1 200 OK
Content-Type: application/json; charset=utf-8
cache-control: no-cache
content-length: 14

15:54:35.778 [AsyncHttpClient-1-3] DEBUG org.asynchttpclient.netty.channel.ChannelManager - Adding key: http://localhost:50694 for channel [id: 0xac2bac0c, L:/127.0.0.1:56491 - R:localhost/127.0.0.1:50694]
15:54:35.780 [Forwarding sendKeysToElement on session ccb553d709d356166d94bbff4ed76508 to remote] DEBUG org.asynchttpclient.netty.request.NettyRequestSender - Using pooled Channel '[id: 0xac2bac0c, L:/127.0.0.1:56491 - R:localhost/127.0.0.1:50694]' for 'POST' to 'http://localhost:50694/session/ccb553d709d356166d94bbff4ed76508/element/142d3fe2-ae33-47a1-bcf7-068c0a6e54b8/value'
15:54:35.780 [Forwarding sendKeysToElement on session ccb553d709d356166d94bbff4ed76508 to remote] DEBUG org.asynchttpclient.netty.request.NettyRequestSender - Using open Channel [id: 0xac2bac0c, L:/127.0.0.1:56491 - R:localhost/127.0.0.1:50694] for POST '/session/ccb553d709d356166d94bbff4ed76508/element/142d3fe2-ae33-47a1-bcf7-068c0a6e54b8/value'
15:54:36.061 [AsyncHttpClient-1-1] DEBUG org.asynchttpclient.netty.channel.DefaultChannelPool - Entry count for : http://localhost:56493 : 1
15:54:36.222 [AsyncHttpClient-1-3] DEBUG org.asynchttpclient.netty.handler.HttpHandler - 

Request DefaultHttpRequest(decodeResult: success, version: HTTP/1.1)
POST /session/ccb553d709d356166d94bbff4ed76508/element/142d3fe2-ae33-47a1-bcf7-068c0a6e54b8/value HTTP/1.1
User-Agent: selenium/4.1.2 (java windows)
Content-Length: 251
Content-Type: application/json; charset=utf-8
host: localhost:50694
accept: */*

Response DefaultHttpResponse(decodeResult: success, version: HTTP/1.1)
HTTP/1.1 200 OK
Content-Type: application/json; charset=utf-8
cache-control: no-cache
content-length: 14

15:54:36.222 [AsyncHttpClient-1-3] DEBUG org.asynchttpclient.netty.channel.ChannelManager - Adding key: http://localhost:50694 for channel [id: 0xac2bac0c, L:/127.0.0.1:56491 - R:localhost/127.0.0.1:50694]
15:54:36.236 [Forwarding screenshot on session ccb553d709d356166d94bbff4ed76508 to remote] DEBUG org.asynchttpclient.netty.request.NettyRequestSender - Using pooled Channel '[id: 0xac2bac0c, L:/127.0.0.1:56491 - R:localhost/127.0.0.1:50694]' for 'GET' to 'http://localhost:50694/session/ccb553d709d356166d94bbff4ed76508/screenshot'
15:54:36.236 [Forwarding screenshot on session ccb553d709d356166d94bbff4ed76508 to remote] DEBUG org.asynchttpclient.netty.request.NettyRequestSender - Using open Channel [id: 0xac2bac0c, L:/127.0.0.1:56491 - R:localhost/127.0.0.1:50694] for GET '/session/ccb553d709d356166d94bbff4ed76508/screenshot'
15:54:36.453 [AsyncHttpClient-1-3] DEBUG org.asynchttpclient.netty.handler.HttpHandler - 

Request DefaultFullHttpRequest(decodeResult: success, version: HTTP/1.1, content: EmptyByteBufBE)
GET /session/ccb553d709d356166d94bbff4ed76508/screenshot HTTP/1.1
User-Agent: selenium/4.1.2 (java windows)
Cache-Control: no-cache
Content-Type: application/json; charset=utf-8
host: localhost:50694
accept: */*

Response DefaultHttpResponse(decodeResult: success, version: HTTP/1.1)
HTTP/1.1 200 OK
Content-Type: application/json; charset=utf-8
cache-control: no-cache
content-length: 28896

15:54:36.453 [AsyncHttpClient-1-3] DEBUG org.asynchttpclient.netty.channel.ChannelManager - Adding key: http://localhost:50694 for channel [id: 0xac2bac0c, L:/127.0.0.1:56491 - R:localhost/127.0.0.1:50694]
15:54:36.455 [main] DEBUG net.serenitybdd.core.photography.Darkroom - Send negative for processing for target\site\serenity\9592f00f8559b3503b7e034f9373d191b18829e29bcedd58bfbdd1a73c85368c.png
15:54:36.455 [main] DEBUG net.thucydides.core.steps.StepInterceptor - STEP DONE: inputEmail
15:54:36.455 [Darkroom Processing Line] DEBUG net.serenitybdd.core.photography.DarkroomProcessingLine - Processing screenshot image in /var/screenshots/screenshot-7400723728967658964
15:54:36.456 [Darkroom Processing Line] DEBUG net.serenitybdd.core.photography.DarkroomProcessingLine - Saving screenshot to target\site\serenity\9592f00f8559b3503b7e034f9373d191b18829e29bcedd58bfbdd1a73c85368c.png
15:54:36.471 [main] DEBUG net.thucydides.core.steps.StepInterceptor - STARTING STEP: ProductSteps.iAmOnProductPage - inputPassword
15:54:36.478 [Forwarding findElement on session ccb553d709d356166d94bbff4ed76508 to remote] DEBUG org.asynchttpclient.netty.request.NettyRequestSender - Using pooled Channel '[id: 0xac2bac0c, L:/127.0.0.1:56491 - R:localhost/127.0.0.1:50694]' for 'POST' to 'http://localhost:50694/session/ccb553d709d356166d94bbff4ed76508/element'
15:54:36.478 [Forwarding findElement on session ccb553d709d356166d94bbff4ed76508 to remote] DEBUG org.asynchttpclient.netty.request.NettyRequestSender - Using open Channel [id: 0xac2bac0c, L:/127.0.0.1:56491 - R:localhost/127.0.0.1:50694] for POST '/session/ccb553d709d356166d94bbff4ed76508/element'
15:54:36.498 [AsyncHttpClient-1-3] DEBUG org.asynchttpclient.netty.handler.HttpHandler - 

Request DefaultHttpRequest(decodeResult: success, version: HTTP/1.1)
POST /session/ccb553d709d356166d94bbff4ed76508/element HTTP/1.1
User-Agent: selenium/4.1.2 (java windows)
Content-Length: 89
Content-Type: application/json; charset=utf-8
host: localhost:50694
accept: */*

Response DefaultHttpResponse(decodeResult: success, version: HTTP/1.1)
HTTP/1.1 200 OK
Content-Type: application/json; charset=utf-8
cache-control: no-cache
content-length: 88

15:54:36.498 [AsyncHttpClient-1-3] DEBUG org.asynchttpclient.netty.channel.ChannelManager - Adding key: http://localhost:50694 for channel [id: 0xac2bac0c, L:/127.0.0.1:56491 - R:localhost/127.0.0.1:50694]
15:54:36.499 [Forwarding clearElement on session ccb553d709d356166d94bbff4ed76508 to remote] DEBUG org.asynchttpclient.netty.request.NettyRequestSender - Using pooled Channel '[id: 0xac2bac0c, L:/127.0.0.1:56491 - R:localhost/127.0.0.1:50694]' for 'POST' to 'http://localhost:50694/session/ccb553d709d356166d94bbff4ed76508/element/d76c4feb-653c-497a-9b42-b13c97f81a07/clear'
15:54:36.500 [Forwarding clearElement on session ccb553d709d356166d94bbff4ed76508 to remote] DEBUG org.asynchttpclient.netty.request.NettyRequestSender - Using open Channel [id: 0xac2bac0c, L:/127.0.0.1:56491 - R:localhost/127.0.0.1:50694] for POST '/session/ccb553d709d356166d94bbff4ed76508/element/d76c4feb-653c-497a-9b42-b13c97f81a07/clear'
15:54:36.552 [AsyncHttpClient-1-3] DEBUG org.asynchttpclient.netty.handler.HttpHandler - 

Request DefaultHttpRequest(decodeResult: success, version: HTTP/1.1)
POST /session/ccb553d709d356166d94bbff4ed76508/element/d76c4feb-653c-497a-9b42-b13c97f81a07/clear HTTP/1.1
User-Agent: selenium/4.1.2 (java windows)
Content-Length: 50
Content-Type: application/json; charset=utf-8
host: localhost:50694
accept: */*

Response DefaultHttpResponse(decodeResult: success, version: HTTP/1.1)
HTTP/1.1 200 OK
Content-Type: application/json; charset=utf-8
cache-control: no-cache
content-length: 14

15:54:36.553 [AsyncHttpClient-1-3] DEBUG org.asynchttpclient.netty.channel.ChannelManager - Adding key: http://localhost:50694 for channel [id: 0xac2bac0c, L:/127.0.0.1:56491 - R:localhost/127.0.0.1:50694]
15:54:36.555 [Forwarding sendKeysToElement on session ccb553d709d356166d94bbff4ed76508 to remote] DEBUG org.asynchttpclient.netty.request.NettyRequestSender - Using pooled Channel '[id: 0xac2bac0c, L:/127.0.0.1:56491 - R:localhost/127.0.0.1:50694]' for 'POST' to 'http://localhost:50694/session/ccb553d709d356166d94bbff4ed76508/element/d76c4feb-653c-497a-9b42-b13c97f81a07/value'
15:54:36.555 [Forwarding sendKeysToElement on session ccb553d709d356166d94bbff4ed76508 to remote] DEBUG org.asynchttpclient.netty.request.NettyRequestSender - Using open Channel [id: 0xac2bac0c, L:/127.0.0.1:56491 - R:localhost/127.0.0.1:50694] for POST '/session/ccb553d709d356166d94bbff4ed76508/element/d76c4feb-653c-497a-9b42-b13c97f81a07/value'
15:54:36.893 [AsyncHttpClient-1-3] DEBUG org.asynchttpclient.netty.handler.HttpHandler - 

Request DefaultHttpRequest(decodeResult: success, version: HTTP/1.1)
POST /session/ccb553d709d356166d94bbff4ed76508/element/d76c4feb-653c-497a-9b42-b13c97f81a07/value HTTP/1.1
User-Agent: selenium/4.1.2 (java windows)
Content-Length: 231
Content-Type: application/json; charset=utf-8
host: localhost:50694
accept: */*

Response DefaultHttpResponse(decodeResult: success, version: HTTP/1.1)
HTTP/1.1 200 OK
Content-Type: application/json; charset=utf-8
cache-control: no-cache
content-length: 14

15:54:36.894 [AsyncHttpClient-1-3] DEBUG org.asynchttpclient.netty.channel.ChannelManager - Adding key: http://localhost:50694 for channel [id: 0xac2bac0c, L:/127.0.0.1:56491 - R:localhost/127.0.0.1:50694]
15:54:36.907 [Forwarding screenshot on session ccb553d709d356166d94bbff4ed76508 to remote] DEBUG org.asynchttpclient.netty.request.NettyRequestSender - Using pooled Channel '[id: 0xac2bac0c, L:/127.0.0.1:56491 - R:localhost/127.0.0.1:50694]' for 'GET' to 'http://localhost:50694/session/ccb553d709d356166d94bbff4ed76508/screenshot'
15:54:36.907 [Forwarding screenshot on session ccb553d709d356166d94bbff4ed76508 to remote] DEBUG org.asynchttpclient.netty.request.NettyRequestSender - Using open Channel [id: 0xac2bac0c, L:/127.0.0.1:56491 - R:localhost/127.0.0.1:50694] for GET '/session/ccb553d709d356166d94bbff4ed76508/screenshot'
15:54:37.120 [AsyncHttpClient-1-3] DEBUG org.asynchttpclient.netty.handler.HttpHandler - 

Request DefaultFullHttpRequest(decodeResult: success, version: HTTP/1.1, content: EmptyByteBufBE)
GET /session/ccb553d709d356166d94bbff4ed76508/screenshot HTTP/1.1
User-Agent: selenium/4.1.2 (java windows)
Cache-Control: no-cache
Content-Type: application/json; charset=utf-8
host: localhost:50694
accept: */*

Response DefaultHttpResponse(decodeResult: success, version: HTTP/1.1)
HTTP/1.1 200 OK
Content-Type: application/json; charset=utf-8
cache-control: no-cache
content-length: 32248

15:54:37.120 [AsyncHttpClient-1-3] DEBUG org.asynchttpclient.netty.channel.ChannelManager - Adding key: http://localhost:50694 for channel [id: 0xac2bac0c, L:/127.0.0.1:56491 - R:localhost/127.0.0.1:50694]
15:54:37.123 [main] DEBUG net.serenitybdd.core.photography.Darkroom - Send negative for processing for target\site\serenity\ec5094fb70f968f1cf76daabd46eb85ccab94303e1a13202805d9a09eb058db0.png
15:54:37.126 [main] DEBUG net.thucydides.core.steps.StepInterceptor - STEP DONE: inputPassword
15:54:37.128 [Darkroom Processing Line] DEBUG net.serenitybdd.core.photography.DarkroomProcessingLine - Processing screenshot image in /var/screenshots/screenshot-14719139524947817706
15:54:37.128 [Darkroom Processing Line] DEBUG net.serenitybdd.core.photography.DarkroomProcessingLine - Saving screenshot to target\site\serenity\ec5094fb70f968f1cf76daabd46eb85ccab94303e1a13202805d9a09eb058db0.png
15:54:37.138 [main] DEBUG net.thucydides.core.steps.StepInterceptor - STARTING STEP: ProductSteps.iAmOnProductPage - clickLoginButton
15:54:37.149 [Forwarding findElement on session ccb553d709d356166d94bbff4ed76508 to remote] DEBUG org.asynchttpclient.netty.request.NettyRequestSender - Using pooled Channel '[id: 0xac2bac0c, L:/127.0.0.1:56491 - R:localhost/127.0.0.1:50694]' for 'POST' to 'http://localhost:50694/session/ccb553d709d356166d94bbff4ed76508/element'
15:54:37.149 [Forwarding findElement on session ccb553d709d356166d94bbff4ed76508 to remote] DEBUG org.asynchttpclient.netty.request.NettyRequestSender - Using open Channel [id: 0xac2bac0c, L:/127.0.0.1:56491 - R:localhost/127.0.0.1:50694] for POST '/session/ccb553d709d356166d94bbff4ed76508/element'
15:54:37.252 [AsyncHttpClient-1-1] DEBUG org.asynchttpclient.netty.channel.DefaultChannelPool - Entry count for : http://localhost:56493 : 1
15:54:37.264 [AsyncHttpClient-1-3] DEBUG org.asynchttpclient.netty.handler.HttpHandler - 

Request DefaultHttpRequest(decodeResult: success, version: HTTP/1.1)
POST /session/ccb553d709d356166d94bbff4ed76508/element HTTP/1.1
User-Agent: selenium/4.1.2 (java windows)
Content-Length: 136
Content-Type: application/json; charset=utf-8
host: localhost:50694
accept: */*

Response DefaultHttpResponse(decodeResult: success, version: HTTP/1.1)
HTTP/1.1 200 OK
Content-Type: application/json; charset=utf-8
cache-control: no-cache
content-length: 88

15:54:37.264 [AsyncHttpClient-1-3] DEBUG org.asynchttpclient.netty.channel.ChannelManager - Adding key: http://localhost:50694 for channel [id: 0xac2bac0c, L:/127.0.0.1:56491 - R:localhost/127.0.0.1:50694]
15:54:37.266 [Forwarding getElementTagName on session ccb553d709d356166d94bbff4ed76508 to remote] DEBUG org.asynchttpclient.netty.request.NettyRequestSender - Using pooled Channel '[id: 0xac2bac0c, L:/127.0.0.1:56491 - R:localhost/127.0.0.1:50694]' for 'GET' to 'http://localhost:50694/session/ccb553d709d356166d94bbff4ed76508/element/22d9fb19-56ac-44bc-ae2a-9cad53840670/name'
15:54:37.266 [Forwarding getElementTagName on session ccb553d709d356166d94bbff4ed76508 to remote] DEBUG org.asynchttpclient.netty.request.NettyRequestSender - Using open Channel [id: 0xac2bac0c, L:/127.0.0.1:56491 - R:localhost/127.0.0.1:50694] for GET '/session/ccb553d709d356166d94bbff4ed76508/element/22d9fb19-56ac-44bc-ae2a-9cad53840670/name'
15:54:37.277 [AsyncHttpClient-1-3] DEBUG org.asynchttpclient.netty.handler.HttpHandler - 

Request DefaultFullHttpRequest(decodeResult: success, version: HTTP/1.1, content: EmptyByteBufBE)
GET /session/ccb553d709d356166d94bbff4ed76508/element/22d9fb19-56ac-44bc-ae2a-9cad53840670/name HTTP/1.1
User-Agent: selenium/4.1.2 (java windows)
Cache-Control: no-cache
Content-Type: application/json; charset=utf-8
host: localhost:50694
accept: */*

Response DefaultHttpResponse(decodeResult: success, version: HTTP/1.1)
HTTP/1.1 200 OK
Content-Type: application/json; charset=utf-8
cache-control: no-cache
content-length: 18

15:54:37.277 [AsyncHttpClient-1-3] DEBUG org.asynchttpclient.netty.channel.ChannelManager - Adding key: http://localhost:50694 for channel [id: 0xac2bac0c, L:/127.0.0.1:56491 - R:localhost/127.0.0.1:50694]
15:54:37.287 [Forwarding getElementTagName on session ccb553d709d356166d94bbff4ed76508 to remote] DEBUG org.asynchttpclient.netty.request.NettyRequestSender - Using pooled Channel '[id: 0xac2bac0c, L:/127.0.0.1:56491 - R:localhost/127.0.0.1:50694]' for 'GET' to 'http://localhost:50694/session/ccb553d709d356166d94bbff4ed76508/element/22d9fb19-56ac-44bc-ae2a-9cad53840670/name'
15:54:37.287 [Forwarding getElementTagName on session ccb553d709d356166d94bbff4ed76508 to remote] DEBUG org.asynchttpclient.netty.request.NettyRequestSender - Using open Channel [id: 0xac2bac0c, L:/127.0.0.1:56491 - R:localhost/127.0.0.1:50694] for GET '/session/ccb553d709d356166d94bbff4ed76508/element/22d9fb19-56ac-44bc-ae2a-9cad53840670/name'
15:54:37.295 [AsyncHttpClient-1-3] DEBUG org.asynchttpclient.netty.handler.HttpHandler - 

Request DefaultFullHttpRequest(decodeResult: success, version: HTTP/1.1, content: EmptyByteBufBE)
GET /session/ccb553d709d356166d94bbff4ed76508/element/22d9fb19-56ac-44bc-ae2a-9cad53840670/name HTTP/1.1
User-Agent: selenium/4.1.2 (java windows)
Cache-Control: no-cache
Content-Type: application/json; charset=utf-8
host: localhost:50694
accept: */*

Response DefaultHttpResponse(decodeResult: success, version: HTTP/1.1)
HTTP/1.1 200 OK
Content-Type: application/json; charset=utf-8
cache-control: no-cache
content-length: 18

15:54:37.295 [AsyncHttpClient-1-3] DEBUG org.asynchttpclient.netty.channel.ChannelManager - Adding key: http://localhost:50694 for channel [id: 0xac2bac0c, L:/127.0.0.1:56491 - R:localhost/127.0.0.1:50694]
15:54:37.299 [Forwarding isElementEnabled on session ccb553d709d356166d94bbff4ed76508 to remote] DEBUG org.asynchttpclient.netty.request.NettyRequestSender - Using pooled Channel '[id: 0xac2bac0c, L:/127.0.0.1:56491 - R:localhost/127.0.0.1:50694]' for 'GET' to 'http://localhost:50694/session/ccb553d709d356166d94bbff4ed76508/element/22d9fb19-56ac-44bc-ae2a-9cad53840670/enabled'
15:54:37.299 [Forwarding isElementEnabled on session ccb553d709d356166d94bbff4ed76508 to remote] DEBUG org.asynchttpclient.netty.request.NettyRequestSender - Using open Channel [id: 0xac2bac0c, L:/127.0.0.1:56491 - R:localhost/127.0.0.1:50694] for GET '/session/ccb553d709d356166d94bbff4ed76508/element/22d9fb19-56ac-44bc-ae2a-9cad53840670/enabled'
15:54:37.316 [AsyncHttpClient-1-3] DEBUG org.asynchttpclient.netty.handler.HttpHandler - 

Request DefaultFullHttpRequest(decodeResult: success, version: HTTP/1.1, content: EmptyByteBufBE)
GET /session/ccb553d709d356166d94bbff4ed76508/element/22d9fb19-56ac-44bc-ae2a-9cad53840670/enabled HTTP/1.1
User-Agent: selenium/4.1.2 (java windows)
Cache-Control: no-cache
Content-Type: application/json; charset=utf-8
host: localhost:50694
accept: */*

Response DefaultHttpResponse(decodeResult: success, version: HTTP/1.1)
HTTP/1.1 200 OK
Content-Type: application/json; charset=utf-8
cache-control: no-cache
content-length: 14

15:54:37.316 [AsyncHttpClient-1-3] DEBUG org.asynchttpclient.netty.channel.ChannelManager - Adding key: http://localhost:50694 for channel [id: 0xac2bac0c, L:/127.0.0.1:56491 - R:localhost/127.0.0.1:50694]
15:54:37.319 [Forwarding isElementEnabled on session ccb553d709d356166d94bbff4ed76508 to remote] DEBUG org.asynchttpclient.netty.request.NettyRequestSender - Using pooled Channel '[id: 0xac2bac0c, L:/127.0.0.1:56491 - R:localhost/127.0.0.1:50694]' for 'GET' to 'http://localhost:50694/session/ccb553d709d356166d94bbff4ed76508/element/22d9fb19-56ac-44bc-ae2a-9cad53840670/enabled'
15:54:37.319 [Forwarding isElementEnabled on session ccb553d709d356166d94bbff4ed76508 to remote] DEBUG org.asynchttpclient.netty.request.NettyRequestSender - Using open Channel [id: 0xac2bac0c, L:/127.0.0.1:56491 - R:localhost/127.0.0.1:50694] for GET '/session/ccb553d709d356166d94bbff4ed76508/element/22d9fb19-56ac-44bc-ae2a-9cad53840670/enabled'
15:54:37.331 [AsyncHttpClient-1-3] DEBUG org.asynchttpclient.netty.handler.HttpHandler - 

Request DefaultFullHttpRequest(decodeResult: success, version: HTTP/1.1, content: EmptyByteBufBE)
GET /session/ccb553d709d356166d94bbff4ed76508/element/22d9fb19-56ac-44bc-ae2a-9cad53840670/enabled HTTP/1.1
User-Agent: selenium/4.1.2 (java windows)
Cache-Control: no-cache
Content-Type: application/json; charset=utf-8
host: localhost:50694
accept: */*

Response DefaultHttpResponse(decodeResult: success, version: HTTP/1.1)
HTTP/1.1 200 OK
Content-Type: application/json; charset=utf-8
cache-control: no-cache
content-length: 14

15:54:37.331 [AsyncHttpClient-1-3] DEBUG org.asynchttpclient.netty.channel.ChannelManager - Adding key: http://localhost:50694 for channel [id: 0xac2bac0c, L:/127.0.0.1:56491 - R:localhost/127.0.0.1:50694]
15:54:37.335 [Forwarding findElement on session ccb553d709d356166d94bbff4ed76508 to remote] DEBUG org.asynchttpclient.netty.request.NettyRequestSender - Using pooled Channel '[id: 0xac2bac0c, L:/127.0.0.1:56491 - R:localhost/127.0.0.1:50694]' for 'POST' to 'http://localhost:50694/session/ccb553d709d356166d94bbff4ed76508/element'
15:54:37.335 [Forwarding findElement on session ccb553d709d356166d94bbff4ed76508 to remote] DEBUG org.asynchttpclient.netty.request.NettyRequestSender - Using open Channel [id: 0xac2bac0c, L:/127.0.0.1:56491 - R:localhost/127.0.0.1:50694] for POST '/session/ccb553d709d356166d94bbff4ed76508/element'
15:54:37.346 [AsyncHttpClient-1-3] DEBUG org.asynchttpclient.netty.handler.HttpHandler - 

Request DefaultHttpRequest(decodeResult: success, version: HTTP/1.1)
POST /session/ccb553d709d356166d94bbff4ed76508/element HTTP/1.1
User-Agent: selenium/4.1.2 (java windows)
Content-Length: 136
Content-Type: application/json; charset=utf-8
host: localhost:50694
accept: */*

Response DefaultHttpResponse(decodeResult: success, version: HTTP/1.1)
HTTP/1.1 200 OK
Content-Type: application/json; charset=utf-8
cache-control: no-cache
content-length: 88

15:54:37.347 [AsyncHttpClient-1-3] DEBUG org.asynchttpclient.netty.channel.ChannelManager - Adding key: http://localhost:50694 for channel [id: 0xac2bac0c, L:/127.0.0.1:56491 - R:localhost/127.0.0.1:50694]
15:54:37.360 [Forwarding clickElement on session ccb553d709d356166d94bbff4ed76508 to remote] DEBUG org.asynchttpclient.netty.request.NettyRequestSender - Using pooled Channel '[id: 0xac2bac0c, L:/127.0.0.1:56491 - R:localhost/127.0.0.1:50694]' for 'POST' to 'http://localhost:50694/session/ccb553d709d356166d94bbff4ed76508/element/22d9fb19-56ac-44bc-ae2a-9cad53840670/click'
15:54:37.360 [Forwarding clickElement on session ccb553d709d356166d94bbff4ed76508 to remote] DEBUG org.asynchttpclient.netty.request.NettyRequestSender - Using open Channel [id: 0xac2bac0c, L:/127.0.0.1:56491 - R:localhost/127.0.0.1:50694] for POST '/session/ccb553d709d356166d94bbff4ed76508/element/22d9fb19-56ac-44bc-ae2a-9cad53840670/click'
15:54:37.524 [AsyncHttpClient-1-3] DEBUG org.asynchttpclient.netty.handler.HttpHandler - 

Request DefaultHttpRequest(decodeResult: success, version: HTTP/1.1)
POST /session/ccb553d709d356166d94bbff4ed76508/element/22d9fb19-56ac-44bc-ae2a-9cad53840670/click HTTP/1.1
User-Agent: selenium/4.1.2 (java windows)
Content-Length: 50
Content-Type: application/json; charset=utf-8
host: localhost:50694
accept: */*

Response DefaultHttpResponse(decodeResult: success, version: HTTP/1.1)
HTTP/1.1 200 OK
Content-Type: application/json; charset=utf-8
cache-control: no-cache
content-length: 14

15:54:37.524 [AsyncHttpClient-1-3] DEBUG org.asynchttpclient.netty.channel.ChannelManager - Adding key: http://localhost:50694 for channel [id: 0xac2bac0c, L:/127.0.0.1:56491 - R:localhost/127.0.0.1:50694]
15:54:37.557 [Forwarding screenshot on session ccb553d709d356166d94bbff4ed76508 to remote] DEBUG org.asynchttpclient.netty.request.NettyRequestSender - Using pooled Channel '[id: 0xac2bac0c, L:/127.0.0.1:56491 - R:localhost/127.0.0.1:50694]' for 'GET' to 'http://localhost:50694/session/ccb553d709d356166d94bbff4ed76508/screenshot'
15:54:37.557 [Forwarding screenshot on session ccb553d709d356166d94bbff4ed76508 to remote] DEBUG org.asynchttpclient.netty.request.NettyRequestSender - Using open Channel [id: 0xac2bac0c, L:/127.0.0.1:56491 - R:localhost/127.0.0.1:50694] for GET '/session/ccb553d709d356166d94bbff4ed76508/screenshot'
15:54:38.072 [AsyncHttpClient-1-3] DEBUG org.asynchttpclient.netty.handler.HttpHandler - 

Request DefaultFullHttpRequest(decodeResult: success, version: HTTP/1.1, content: EmptyByteBufBE)
GET /session/ccb553d709d356166d94bbff4ed76508/screenshot HTTP/1.1
User-Agent: selenium/4.1.2 (java windows)
Cache-Control: no-cache
Content-Type: application/json; charset=utf-8
host: localhost:50694
accept: */*

Response DefaultHttpResponse(decodeResult: success, version: HTTP/1.1)
HTTP/1.1 200 OK
Content-Type: application/json; charset=utf-8
cache-control: no-cache
content-length: 31708

15:54:38.072 [AsyncHttpClient-1-3] DEBUG org.asynchttpclient.netty.channel.ChannelManager - Adding key: http://localhost:50694 for channel [id: 0xac2bac0c, L:/127.0.0.1:56491 - R:localhost/127.0.0.1:50694]
15:54:38.079 [main] DEBUG net.serenitybdd.core.photography.Darkroom - Send negative for processing for target\site\serenity\2b6d581827b20b26539cf35c09f542f33cb1aa6b12ff1a4ba018edad4d6e2ead.png
15:54:38.079 [main] DEBUG net.thucydides.core.steps.StepInterceptor - STEP DONE: clickLoginButton
  &amp#27;[32mGiven &amp#27;[0m&amp#27;[32mI am on product page&amp#27;[0m                    &amp#27;[90m# starter.stepdefinitions.ProductSteps.iAmOnProductPage()&amp#27;[0m
15:54:38.146 [Forwarding screenshot on session ccb553d709d356166d94bbff4ed76508 to remote] DEBUG org.asynchttpclient.netty.request.NettyRequestSender - Using pooled Channel '[id: 0xac2bac0c, L:/127.0.0.1:56491 - R:localhost/127.0.0.1:50694]' for 'GET' to 'http://localhost:50694/session/ccb553d709d356166d94bbff4ed76508/screenshot'
15:54:38.146 [Forwarding screenshot on session ccb553d709d356166d94bbff4ed76508 to remote] DEBUG org.asynchttpclient.netty.request.NettyRequestSender - Using open Channel [id: 0xac2bac0c, L:/127.0.0.1:56491 - R:localhost/127.0.0.1:50694] for GET '/session/ccb553d709d356166d94bbff4ed76508/screenshot'
15:54:38.146 [Darkroom Processing Line] DEBUG net.serenitybdd.core.photography.DarkroomProcessingLine - Processing screenshot image in /var/screenshots/screenshot-17486347140105102899
15:54:38.146 [Darkroom Processing Line] DEBUG net.serenitybdd.core.photography.DarkroomProcessingLine - Saving screenshot to target\site\serenity\2b6d581827b20b26539cf35c09f542f33cb1aa6b12ff1a4ba018edad4d6e2ead.png
15:54:38.263 [AsyncHttpClient-1-1] DEBUG org.asynchttpclient.netty.channel.DefaultChannelPool - Entry count for : http://localhost:56493 : 1
15:54:39.370 [AsyncHttpClient-1-1] DEBUG org.asynchttpclient.netty.channel.DefaultChannelPool - Entry count for : http://localhost:56493 : 1
15:54:40.466 [AsyncHttpClient-1-1] DEBUG org.asynchttpclient.netty.channel.DefaultChannelPool - Entry count for : http://localhost:56493 : 1
15:54:41.569 [AsyncHttpClient-1-1] DEBUG org.asynchttpclient.netty.channel.DefaultChannelPool - Entry count for : http://localhost:56493 : 1
15:54:42.681 [AsyncHttpClient-1-1] DEBUG org.asynchttpclient.netty.channel.DefaultChannelPool - Entry count for : http://localhost:56493 : 1
15:54:43.784 [AsyncHttpClient-1-1] DEBUG org.asynchttpclient.netty.channel.DefaultChannelPool - Entry count for : http://localhost:56493 : 1
15:54:44.896 [AsyncHttpClient-1-1] DEBUG org.asynchttpclient.netty.channel.DefaultChannelPool - Entry count for : http://localhost:56493 : 1
15:54:45.978 [AsyncHttpClient-1-1] DEBUG org.asynchttpclient.netty.channel.DefaultChannelPool - Entry count for : http://localhost:56493 : 1
15:54:47.061 [AsyncHttpClient-1-1] DEBUG org.asynchttpclient.netty.channel.DefaultChannelPool - Entry count for : http://localhost:56493 : 1
15:54:48.179 [AsyncHttpClient-1-1] DEBUG org.asynchttpclient.netty.channel.DefaultChannelPool - Entry count for : http://localhost:56493 : 1
15:54:48.501 [AsyncHttpClient-1-3] DEBUG org.asynchttpclient.netty.handler.HttpHandler - 

Request DefaultFullHttpRequest(decodeResult: success, version: HTTP/1.1, content: EmptyByteBufBE)
GET /session/ccb553d709d356166d94bbff4ed76508/screenshot HTTP/1.1
User-Agent: selenium/4.1.2 (java windows)
Cache-Control: no-cache
Content-Type: application/json; charset=utf-8
host: localhost:50694
accept: */*

Response DefaultHttpResponse(decodeResult: success, version: HTTP/1.1)
HTTP/1.1 200 OK
Content-Type: application/json; charset=utf-8
cache-control: no-cache
content-length: 32072

15:54:48.501 [AsyncHttpClient-1-3] DEBUG org.asynchttpclient.netty.channel.ChannelManager - Adding key: http://localhost:50694 for channel [id: 0xac2bac0c, L:/127.0.0.1:56491 - R:localhost/127.0.0.1:50694]
15:54:48.503 [main] DEBUG net.serenitybdd.core.photography.Darkroom - Send negative for processing for target\site\serenity\05c05eca05c1261271da9be9e936d7d5bc910ad5f157b3cbd3384d6804b2f3a6.png
15:54:48.504 [main] DEBUG net.thucydides.core.steps.StepInterceptor - STARTING STEP: ProductSteps.iClickBuyButtonOnTensiDarahManual - clickSecondPRoduct
15:54:48.509 [Forwarding findElement on session ccb553d709d356166d94bbff4ed76508 to remote] DEBUG org.asynchttpclient.netty.request.NettyRequestSender - Using pooled Channel '[id: 0xac2bac0c, L:/127.0.0.1:56491 - R:localhost/127.0.0.1:50694]' for 'POST' to 'http://localhost:50694/session/ccb553d709d356166d94bbff4ed76508/element'
15:54:48.509 [Forwarding findElement on session ccb553d709d356166d94bbff4ed76508 to remote] DEBUG org.asynchttpclient.netty.request.NettyRequestSender - Using open Channel [id: 0xac2bac0c, L:/127.0.0.1:56491 - R:localhost/127.0.0.1:50694] for POST '/session/ccb553d709d356166d94bbff4ed76508/element'
15:54:48.510 [Darkroom Processing Line] DEBUG net.serenitybdd.core.photography.DarkroomProcessingLine - Processing screenshot image in /var/screenshots/screenshot-9852722689722580122
15:54:48.510 [Darkroom Processing Line] DEBUG net.serenitybdd.core.photography.DarkroomProcessingLine - Saving screenshot to target\site\serenity\05c05eca05c1261271da9be9e936d7d5bc910ad5f157b3cbd3384d6804b2f3a6.png
15:54:48.549 [AsyncHttpClient-1-3] DEBUG org.asynchttpclient.netty.handler.HttpHandler - 

Request DefaultHttpRequest(decodeResult: success, version: HTTP/1.1)
POST /session/ccb553d709d356166d94bbff4ed76508/element HTTP/1.1
User-Agent: selenium/4.1.2 (java windows)
Content-Length: 122
Content-Type: application/json; charset=utf-8
host: localhost:50694
accept: */*

Response DefaultHttpResponse(decodeResult: success, version: HTTP/1.1)
HTTP/1.1 200 OK
Content-Type: application/json; charset=utf-8
cache-control: no-cache
content-length: 88

15:54:48.549 [AsyncHttpClient-1-3] DEBUG org.asynchttpclient.netty.channel.ChannelManager - Adding key: http://localhost:50694 for channel [id: 0xac2bac0c, L:/127.0.0.1:56491 - R:localhost/127.0.0.1:50694]
15:54:48.551 [Forwarding getElementTagName on session ccb553d709d356166d94bbff4ed76508 to remote] DEBUG org.asynchttpclient.netty.request.NettyRequestSender - Using pooled Channel '[id: 0xac2bac0c, L:/127.0.0.1:56491 - R:localhost/127.0.0.1:50694]' for 'GET' to 'http://localhost:50694/session/ccb553d709d356166d94bbff4ed76508/element/783121d5-e63b-48b2-9260-e8ace791b32a/name'
15:54:48.551 [Forwarding getElementTagName on session ccb553d709d356166d94bbff4ed76508 to remote] DEBUG org.asynchttpclient.netty.request.NettyRequestSender - Using open Channel [id: 0xac2bac0c, L:/127.0.0.1:56491 - R:localhost/127.0.0.1:50694] for GET '/session/ccb553d709d356166d94bbff4ed76508/element/783121d5-e63b-48b2-9260-e8ace791b32a/name'
15:54:48.557 [AsyncHttpClient-1-3] DEBUG org.asynchttpclient.netty.handler.HttpHandler - 

Request DefaultFullHttpRequest(decodeResult: success, version: HTTP/1.1, content: EmptyByteBufBE)
GET /session/ccb553d709d356166d94bbff4ed76508/element/783121d5-e63b-48b2-9260-e8ace791b32a/name HTTP/1.1
User-Agent: selenium/4.1.2 (java windows)
Cache-Control: no-cache
Content-Type: application/json; charset=utf-8
host: localhost:50694
accept: */*

Response DefaultHttpResponse(decodeResult: success, version: HTTP/1.1)
HTTP/1.1 200 OK
Content-Type: application/json; charset=utf-8
cache-control: no-cache
content-length: 16

15:54:48.558 [AsyncHttpClient-1-3] DEBUG org.asynchttpclient.netty.channel.ChannelManager - Adding key: http://localhost:50694 for channel [id: 0xac2bac0c, L:/127.0.0.1:56491 - R:localhost/127.0.0.1:50694]
15:54:48.559 [Forwarding getElementTagName on session ccb553d709d356166d94bbff4ed76508 to remote] DEBUG org.asynchttpclient.netty.request.NettyRequestSender - Using pooled Channel '[id: 0xac2bac0c, L:/127.0.0.1:56491 - R:localhost/127.0.0.1:50694]' for 'GET' to 'http://localhost:50694/session/ccb553d709d356166d94bbff4ed76508/element/783121d5-e63b-48b2-9260-e8ace791b32a/name'
15:54:48.559 [Forwarding getElementTagName on session ccb553d709d356166d94bbff4ed76508 to remote] DEBUG org.asynchttpclient.netty.request.NettyRequestSender - Using open Channel [id: 0xac2bac0c, L:/127.0.0.1:56491 - R:localhost/127.0.0.1:50694] for GET '/session/ccb553d709d356166d94bbff4ed76508/element/783121d5-e63b-48b2-9260-e8ace791b32a/name'
15:54:48.565 [AsyncHttpClient-1-3] DEBUG org.asynchttpclient.netty.handler.HttpHandler - 

Request DefaultFullHttpRequest(decodeResult: success, version: HTTP/1.1, content: EmptyByteBufBE)
GET /session/ccb553d709d356166d94bbff4ed76508/element/783121d5-e63b-48b2-9260-e8ace791b32a/name HTTP/1.1
User-Agent: selenium/4.1.2 (java windows)
Cache-Control: no-cache
Content-Type: application/json; charset=utf-8
host: localhost:50694
accept: */*

Response DefaultHttpResponse(decodeResult: success, version: HTTP/1.1)
HTTP/1.1 200 OK
Content-Type: application/json; charset=utf-8
cache-control: no-cache
content-length: 16

15:54:48.565 [AsyncHttpClient-1-3] DEBUG org.asynchttpclient.netty.channel.ChannelManager - Adding key: http://localhost:50694 for channel [id: 0xac2bac0c, L:/127.0.0.1:56491 - R:localhost/127.0.0.1:50694]
15:54:48.567 [Forwarding findElement on session ccb553d709d356166d94bbff4ed76508 to remote] DEBUG org.asynchttpclient.netty.request.NettyRequestSender - Using pooled Channel '[id: 0xac2bac0c, L:/127.0.0.1:56491 - R:localhost/127.0.0.1:50694]' for 'POST' to 'http://localhost:50694/session/ccb553d709d356166d94bbff4ed76508/element'
15:54:48.567 [Forwarding findElement on session ccb553d709d356166d94bbff4ed76508 to remote] DEBUG org.asynchttpclient.netty.request.NettyRequestSender - Using open Channel [id: 0xac2bac0c, L:/127.0.0.1:56491 - R:localhost/127.0.0.1:50694] for POST '/session/ccb553d709d356166d94bbff4ed76508/element'
15:54:48.589 [AsyncHttpClient-1-3] DEBUG org.asynchttpclient.netty.handler.HttpHandler - 

Request DefaultHttpRequest(decodeResult: success, version: HTTP/1.1)
POST /session/ccb553d709d356166d94bbff4ed76508/element HTTP/1.1
User-Agent: selenium/4.1.2 (java windows)
Content-Length: 122
Content-Type: application/json; charset=utf-8
host: localhost:50694
accept: */*

Response DefaultHttpResponse(decodeResult: success, version: HTTP/1.1)
HTTP/1.1 200 OK
Content-Type: application/json; charset=utf-8
cache-control: no-cache
content-length: 88

15:54:48.589 [AsyncHttpClient-1-3] DEBUG org.asynchttpclient.netty.channel.ChannelManager - Adding key: http://localhost:50694 for channel [id: 0xac2bac0c, L:/127.0.0.1:56491 - R:localhost/127.0.0.1:50694]
15:54:48.590 [Forwarding clickElement on session ccb553d709d356166d94bbff4ed76508 to remote] DEBUG org.asynchttpclient.netty.request.NettyRequestSender - Using pooled Channel '[id: 0xac2bac0c, L:/127.0.0.1:56491 - R:localhost/127.0.0.1:50694]' for 'POST' to 'http://localhost:50694/session/ccb553d709d356166d94bbff4ed76508/element/783121d5-e63b-48b2-9260-e8ace791b32a/click'
15:54:48.590 [Forwarding clickElement on session ccb553d709d356166d94bbff4ed76508 to remote] DEBUG org.asynchttpclient.netty.request.NettyRequestSender - Using open Channel [id: 0xac2bac0c, L:/127.0.0.1:56491 - R:localhost/127.0.0.1:50694] for POST '/session/ccb553d709d356166d94bbff4ed76508/element/783121d5-e63b-48b2-9260-e8ace791b32a/click'
15:54:48.710 [AsyncHttpClient-1-3] DEBUG org.asynchttpclient.netty.handler.HttpHandler - 

Request DefaultHttpRequest(decodeResult: success, version: HTTP/1.1)
POST /session/ccb553d709d356166d94bbff4ed76508/element/783121d5-e63b-48b2-9260-e8ace791b32a/click HTTP/1.1
User-Agent: selenium/4.1.2 (java windows)
Content-Length: 50
Content-Type: application/json; charset=utf-8
host: localhost:50694
accept: */*

Response DefaultHttpResponse(decodeResult: success, version: HTTP/1.1)
HTTP/1.1 200 OK
Content-Type: application/json; charset=utf-8
cache-control: no-cache
content-length: 14

15:54:48.710 [AsyncHttpClient-1-3] DEBUG org.asynchttpclient.netty.channel.ChannelManager - Adding key: http://localhost:50694 for channel [id: 0xac2bac0c, L:/127.0.0.1:56491 - R:localhost/127.0.0.1:50694]
15:54:48.721 [Forwarding screenshot on session ccb553d709d356166d94bbff4ed76508 to remote] DEBUG org.asynchttpclient.netty.request.NettyRequestSender - Using pooled Channel '[id: 0xac2bac0c, L:/127.0.0.1:56491 - R:localhost/127.0.0.1:50694]' for 'GET' to 'http://localhost:50694/session/ccb553d709d356166d94bbff4ed76508/screenshot'
15:54:48.721 [Forwarding screenshot on session ccb553d709d356166d94bbff4ed76508 to remote] DEBUG org.asynchttpclient.netty.request.NettyRequestSender - Using open Channel [id: 0xac2bac0c, L:/127.0.0.1:56491 - R:localhost/127.0.0.1:50694] for GET '/session/ccb553d709d356166d94bbff4ed76508/screenshot'
15:54:48.985 [AsyncHttpClient-1-3] DEBUG org.asynchttpclient.netty.handler.HttpHandler - 

Request DefaultFullHttpRequest(decodeResult: success, version: HTTP/1.1, content: EmptyByteBufBE)
GET /session/ccb553d709d356166d94bbff4ed76508/screenshot HTTP/1.1
User-Agent: selenium/4.1.2 (java windows)
Cache-Control: no-cache
Content-Type: application/json; charset=utf-8
host: localhost:50694
accept: */*

Response DefaultHttpResponse(decodeResult: success, version: HTTP/1.1)
HTTP/1.1 200 OK
Content-Type: application/json; charset=utf-8
cache-control: no-cache
content-length: 91928

15:54:48.986 [AsyncHttpClient-1-3] DEBUG org.asynchttpclient.netty.channel.ChannelManager - Adding key: http://localhost:50694 for channel [id: 0xac2bac0c, L:/127.0.0.1:56491 - R:localhost/127.0.0.1:50694]
15:54:48.990 [main] DEBUG net.serenitybdd.core.photography.Darkroom - Send negative for processing for target\site\serenity\e390e156d3a39cb513081fbfdb0511251869bc45708d08b1959e963a3e66ad7f.png
15:54:48.990 [main] DEBUG net.thucydides.core.steps.StepInterceptor - STEP DONE: clickSecondPRoduct
15:54:48.991 [Darkroom Processing Line] DEBUG net.serenitybdd.core.photography.DarkroomProcessingLine - Processing screenshot image in /var/screenshots/screenshot-15046194222713827426
15:54:48.991 [Darkroom Processing Line] DEBUG net.serenitybdd.core.photography.DarkroomProcessingLine - Saving screenshot to target\site\serenity\e390e156d3a39cb513081fbfdb0511251869bc45708d08b1959e963a3e66ad7f.png
  &amp#27;[32mWhen &amp#27;[0m&amp#27;[32mI click buy button on second product&amp#27;[0m     &amp#27;[90m# starter.stepdefinitions.ProductSteps.iClickBuyButtonOnTensiDarahManual()&amp#27;[0m
15:54:49.023 [main] DEBUG net.thucydides.core.steps.StepInterceptor - STARTING STEP: ProductSteps.tensiDarahManualAddedToMyShoppingCart - clickShoppingCart
15:54:49.031 [Forwarding findElement on session ccb553d709d356166d94bbff4ed76508 to remote] DEBUG org.asynchttpclient.netty.request.NettyRequestSender - Using pooled Channel '[id: 0xac2bac0c, L:/127.0.0.1:56491 - R:localhost/127.0.0.1:50694]' for 'POST' to 'http://localhost:50694/session/ccb553d709d356166d94bbff4ed76508/element'
15:54:49.031 [Forwarding findElement on session ccb553d709d356166d94bbff4ed76508 to remote] DEBUG org.asynchttpclient.netty.request.NettyRequestSender - Using open Channel [id: 0xac2bac0c, L:/127.0.0.1:56491 - R:localhost/127.0.0.1:50694] for POST '/session/ccb553d709d356166d94bbff4ed76508/element'
15:54:49.123 [AsyncHttpClient-1-3] DEBUG org.asynchttpclient.netty.handler.HttpHandler - 

Request DefaultHttpRequest(decodeResult: success, version: HTTP/1.1)
POST /session/ccb553d709d356166d94bbff4ed76508/element HTTP/1.1
User-Agent: selenium/4.1.2 (java windows)
Content-Length: 213
Content-Type: application/json; charset=utf-8
host: localhost:50694
accept: */*

Response DefaultHttpResponse(decodeResult: success, version: HTTP/1.1)
HTTP/1.1 200 OK
Content-Type: application/json; charset=utf-8
cache-control: no-cache
content-length: 88

15:54:49.123 [AsyncHttpClient-1-3] DEBUG org.asynchttpclient.netty.channel.ChannelManager - Adding key: http://localhost:50694 for channel [id: 0xac2bac0c, L:/127.0.0.1:56491 - R:localhost/127.0.0.1:50694]
15:54:49.125 [Forwarding getElementTagName on session ccb553d709d356166d94bbff4ed76508 to remote] DEBUG org.asynchttpclient.netty.request.NettyRequestSender - Using pooled Channel '[id: 0xac2bac0c, L:/127.0.0.1:56491 - R:localhost/127.0.0.1:50694]' for 'GET' to 'http://localhost:50694/session/ccb553d709d356166d94bbff4ed76508/element/152317ce-1ccf-4e73-989e-12f3240612c9/name'
15:54:49.125 [Forwarding getElementTagName on session ccb553d709d356166d94bbff4ed76508 to remote] DEBUG org.asynchttpclient.netty.request.NettyRequestSender - Using open Channel [id: 0xac2bac0c, L:/127.0.0.1:56491 - R:localhost/127.0.0.1:50694] for GET '/session/ccb553d709d356166d94bbff4ed76508/element/152317ce-1ccf-4e73-989e-12f3240612c9/name'
15:54:49.136 [AsyncHttpClient-1-3] DEBUG org.asynchttpclient.netty.handler.HttpHandler - 

Request DefaultFullHttpRequest(decodeResult: success, version: HTTP/1.1, content: EmptyByteBufBE)
GET /session/ccb553d709d356166d94bbff4ed76508/element/152317ce-1ccf-4e73-989e-12f3240612c9/name HTTP/1.1
User-Agent: selenium/4.1.2 (java windows)
Cache-Control: no-cache
Content-Type: application/json; charset=utf-8
host: localhost:50694
accept: */*

Response DefaultHttpResponse(decodeResult: success, version: HTTP/1.1)
HTTP/1.1 200 OK
Content-Type: application/json; charset=utf-8
cache-control: no-cache
content-length: 16

15:54:49.136 [AsyncHttpClient-1-3] DEBUG org.asynchttpclient.netty.channel.ChannelManager - Adding key: http://localhost:50694 for channel [id: 0xac2bac0c, L:/127.0.0.1:56491 - R:localhost/127.0.0.1:50694]
15:54:49.137 [Forwarding getElementTagName on session ccb553d709d356166d94bbff4ed76508 to remote] DEBUG org.asynchttpclient.netty.request.NettyRequestSender - Using pooled Channel '[id: 0xac2bac0c, L:/127.0.0.1:56491 - R:localhost/127.0.0.1:50694]' for 'GET' to 'http://localhost:50694/session/ccb553d709d356166d94bbff4ed76508/element/152317ce-1ccf-4e73-989e-12f3240612c9/name'
15:54:49.137 [Forwarding getElementTagName on session ccb553d709d356166d94bbff4ed76508 to remote] DEBUG org.asynchttpclient.netty.request.NettyRequestSender - Using open Channel [id: 0xac2bac0c, L:/127.0.0.1:56491 - R:localhost/127.0.0.1:50694] for GET '/session/ccb553d709d356166d94bbff4ed76508/element/152317ce-1ccf-4e73-989e-12f3240612c9/name'
15:54:49.142 [AsyncHttpClient-1-3] DEBUG org.asynchttpclient.netty.handler.HttpHandler - 

Request DefaultFullHttpRequest(decodeResult: success, version: HTTP/1.1, content: EmptyByteBufBE)
GET /session/ccb553d709d356166d94bbff4ed76508/element/152317ce-1ccf-4e73-989e-12f3240612c9/name HTTP/1.1
User-Agent: selenium/4.1.2 (java windows)
Cache-Control: no-cache
Content-Type: application/json; charset=utf-8
host: localhost:50694
accept: */*

Response DefaultHttpResponse(decodeResult: success, version: HTTP/1.1)
HTTP/1.1 200 OK
Content-Type: application/json; charset=utf-8
cache-control: no-cache
content-length: 16

15:54:49.142 [AsyncHttpClient-1-3] DEBUG org.asynchttpclient.netty.channel.ChannelManager - Adding key: http://localhost:50694 for channel [id: 0xac2bac0c, L:/127.0.0.1:56491 - R:localhost/127.0.0.1:50694]
15:54:49.145 [Forwarding findElement on session ccb553d709d356166d94bbff4ed76508 to remote] DEBUG org.asynchttpclient.netty.request.NettyRequestSender - Using pooled Channel '[id: 0xac2bac0c, L:/127.0.0.1:56491 - R:localhost/127.0.0.1:50694]' for 'POST' to 'http://localhost:50694/session/ccb553d709d356166d94bbff4ed76508/element'
15:54:49.145 [Forwarding findElement on session ccb553d709d356166d94bbff4ed76508 to remote] DEBUG org.asynchttpclient.netty.request.NettyRequestSender - Using open Channel [id: 0xac2bac0c, L:/127.0.0.1:56491 - R:localhost/127.0.0.1:50694] for POST '/session/ccb553d709d356166d94bbff4ed76508/element'
15:54:49.172 [AsyncHttpClient-1-3] DEBUG org.asynchttpclient.netty.handler.HttpHandler - 

Request DefaultHttpRequest(decodeResult: success, version: HTTP/1.1)
POST /session/ccb553d709d356166d94bbff4ed76508/element HTTP/1.1
User-Agent: selenium/4.1.2 (java windows)
Content-Length: 213
Content-Type: application/json; charset=utf-8
host: localhost:50694
accept: */*

Response DefaultHttpResponse(decodeResult: success, version: HTTP/1.1)
HTTP/1.1 200 OK
Content-Type: application/json; charset=utf-8
cache-control: no-cache
content-length: 88

15:54:49.172 [AsyncHttpClient-1-3] DEBUG org.asynchttpclient.netty.channel.ChannelManager - Adding key: http://localhost:50694 for channel [id: 0xac2bac0c, L:/127.0.0.1:56491 - R:localhost/127.0.0.1:50694]
15:54:49.174 [Forwarding clickElement on session ccb553d709d356166d94bbff4ed76508 to remote] DEBUG org.asynchttpclient.netty.request.NettyRequestSender - Using pooled Channel '[id: 0xac2bac0c, L:/127.0.0.1:56491 - R:localhost/127.0.0.1:50694]' for 'POST' to 'http://localhost:50694/session/ccb553d709d356166d94bbff4ed76508/element/152317ce-1ccf-4e73-989e-12f3240612c9/click'
15:54:49.174 [Forwarding clickElement on session ccb553d709d356166d94bbff4ed76508 to remote] DEBUG org.asynchttpclient.netty.request.NettyRequestSender - Using open Channel [id: 0xac2bac0c, L:/127.0.0.1:56491 - R:localhost/127.0.0.1:50694] for POST '/session/ccb553d709d356166d94bbff4ed76508/element/152317ce-1ccf-4e73-989e-12f3240612c9/click'
15:54:49.268 [AsyncHttpClient-1-1] DEBUG org.asynchttpclient.netty.channel.DefaultChannelPool - Entry count for : http://localhost:56493 : 1
15:54:49.300 [AsyncHttpClient-1-3] DEBUG org.asynchttpclient.netty.handler.HttpHandler - 

Request DefaultHttpRequest(decodeResult: success, version: HTTP/1.1)
POST /session/ccb553d709d356166d94bbff4ed76508/element/152317ce-1ccf-4e73-989e-12f3240612c9/click HTTP/1.1
User-Agent: selenium/4.1.2 (java windows)
Content-Length: 50
Content-Type: application/json; charset=utf-8
host: localhost:50694
accept: */*

Response DefaultHttpResponse(decodeResult: success, version: HTTP/1.1)
HTTP/1.1 200 OK
Content-Type: application/json; charset=utf-8
cache-control: no-cache
content-length: 14

15:54:49.300 [AsyncHttpClient-1-3] DEBUG org.asynchttpclient.netty.channel.ChannelManager - Adding key: http://localhost:50694 for channel [id: 0xac2bac0c, L:/127.0.0.1:56491 - R:localhost/127.0.0.1:50694]
15:54:49.320 [Forwarding screenshot on session ccb553d709d356166d94bbff4ed76508 to remote] DEBUG org.asynchttpclient.netty.request.NettyRequestSender - Using pooled Channel '[id: 0xac2bac0c, L:/127.0.0.1:56491 - R:localhost/127.0.0.1:50694]' for 'GET' to 'http://localhost:50694/session/ccb553d709d356166d94bbff4ed76508/screenshot'
15:54:49.379 [Forwarding screenshot on session ccb553d709d356166d94bbff4ed76508 to remote] DEBUG org.asynchttpclient.netty.request.NettyRequestSender - Using open Channel [id: 0xac2bac0c, L:/127.0.0.1:56491 - R:localhost/127.0.0.1:50694] for GET '/session/ccb553d709d356166d94bbff4ed76508/screenshot'
15:54:50.168 [AsyncHttpClient-1-3] DEBUG org.asynchttpclient.netty.handler.HttpHandler - 

Request DefaultFullHttpRequest(decodeResult: success, version: HTTP/1.1, content: EmptyByteBufBE)
GET /session/ccb553d709d356166d94bbff4ed76508/screenshot HTTP/1.1
User-Agent: selenium/4.1.2 (java windows)
Cache-Control: no-cache
Content-Type: application/json; charset=utf-8
host: localhost:50694
accept: */*

Response DefaultHttpResponse(decodeResult: success, version: HTTP/1.1)
HTTP/1.1 200 OK
Content-Type: application/json; charset=utf-8
cache-control: no-cache
content-length: 33956

15:54:50.169 [AsyncHttpClient-1-3] DEBUG org.asynchttpclient.netty.channel.ChannelManager - Adding key: http://localhost:50694 for channel [id: 0xac2bac0c, L:/127.0.0.1:56491 - R:localhost/127.0.0.1:50694]
15:54:50.171 [main] DEBUG net.serenitybdd.core.photography.Darkroom - Send negative for processing for target\site\serenity\749e756b2442ef98c266f0219192e45cb4e4ee787dba793e5fa8e2c901cfc274.png
15:54:50.172 [main] DEBUG net.thucydides.core.steps.StepInterceptor - STEP DONE: clickShoppingCart
15:54:50.185 [main] DEBUG net.thucydides.core.steps.StepInterceptor - STARTING STEP: ProductSteps.tensiDarahManualAddedToMyShoppingCart - verifyTotalBayar
15:54:50.190 [Forwarding findElement on session ccb553d709d356166d94bbff4ed76508 to remote] DEBUG org.asynchttpclient.netty.request.NettyRequestSender - Using pooled Channel '[id: 0xac2bac0c, L:/127.0.0.1:56491 - R:localhost/127.0.0.1:50694]' for 'POST' to 'http://localhost:50694/session/ccb553d709d356166d94bbff4ed76508/element'
15:54:50.190 [Forwarding findElement on session ccb553d709d356166d94bbff4ed76508 to remote] DEBUG org.asynchttpclient.netty.request.NettyRequestSender - Using open Channel [id: 0xac2bac0c, L:/127.0.0.1:56491 - R:localhost/127.0.0.1:50694] for POST '/session/ccb553d709d356166d94bbff4ed76508/element'
15:54:50.192 [Darkroom Processing Line] DEBUG net.serenitybdd.core.photography.DarkroomProcessingLine - Processing screenshot image in /var/screenshots/screenshot-16579480927354938317
15:54:50.192 [Darkroom Processing Line] DEBUG net.serenitybdd.core.photography.DarkroomProcessingLine - Saving screenshot to target\site\serenity\749e756b2442ef98c266f0219192e45cb4e4ee787dba793e5fa8e2c901cfc274.png
15:54:50.228 [AsyncHttpClient-1-3] DEBUG org.asynchttpclient.netty.handler.HttpHandler - 

Request DefaultHttpRequest(decodeResult: success, version: HTTP/1.1)
POST /session/ccb553d709d356166d94bbff4ed76508/element HTTP/1.1
User-Agent: selenium/4.1.2 (java windows)
Content-Length: 108
Content-Type: application/json; charset=utf-8
host: localhost:50694
accept: */*

Response DefaultHttpResponse(decodeResult: success, version: HTTP/1.1)
HTTP/1.1 200 OK
Content-Type: application/json; charset=utf-8
cache-control: no-cache
content-length: 88

15:54:50.229 [AsyncHttpClient-1-3] DEBUG org.asynchttpclient.netty.channel.ChannelManager - Adding key: http://localhost:50694 for channel [id: 0xac2bac0c, L:/127.0.0.1:56491 - R:localhost/127.0.0.1:50694]
15:54:50.236 [Forwarding isElementDisplayed on session ccb553d709d356166d94bbff4ed76508 to remote] DEBUG org.asynchttpclient.netty.request.NettyRequestSender - Using pooled Channel '[id: 0xac2bac0c, L:/127.0.0.1:56491 - R:localhost/127.0.0.1:50694]' for 'POST' to 'http://localhost:50694/session/ccb553d709d356166d94bbff4ed76508/execute/sync'
15:54:50.236 [Forwarding isElementDisplayed on session ccb553d709d356166d94bbff4ed76508 to remote] DEBUG org.asynchttpclient.netty.request.NettyRequestSender - Using open Channel [id: 0xac2bac0c, L:/127.0.0.1:56491 - R:localhost/127.0.0.1:50694] for POST '/session/ccb553d709d356166d94bbff4ed76508/execute/sync'
15:54:50.280 [AsyncHttpClient-1-3] DEBUG org.asynchttpclient.netty.handler.HttpHandler - 

Request DefaultHttpRequest(decodeResult: success, version: HTTP/1.1)
POST /session/ccb553d709d356166d94bbff4ed76508/execute/sync HTTP/1.1
User-Agent: selenium/4.1.2 (java windows)
Content-Length: 48780
Content-Type: application/json; charset=utf-8
host: localhost:50694
accept: */*

Response DefaultHttpResponse(decodeResult: success, version: HTTP/1.1)
HTTP/1.1 200 OK
Content-Type: application/json; charset=utf-8
cache-control: no-cache
content-length: 14

15:54:50.281 [AsyncHttpClient-1-3] DEBUG org.asynchttpclient.netty.channel.ChannelManager - Adding key: http://localhost:50694 for channel [id: 0xac2bac0c, L:/127.0.0.1:56491 - R:localhost/127.0.0.1:50694]
15:54:50.289 [Forwarding screenshot on session ccb553d709d356166d94bbff4ed76508 to remote] DEBUG org.asynchttpclient.netty.request.NettyRequestSender - Using pooled Channel '[id: 0xac2bac0c, L:/127.0.0.1:56491 - R:localhost/127.0.0.1:50694]' for 'GET' to 'http://localhost:50694/session/ccb553d709d356166d94bbff4ed76508/screenshot'
15:54:50.289 [Forwarding screenshot on session ccb553d709d356166d94bbff4ed76508 to remote] DEBUG org.asynchttpclient.netty.request.NettyRequestSender - Using open Channel [id: 0xac2bac0c, L:/127.0.0.1:56491 - R:localhost/127.0.0.1:50694] for GET '/session/ccb553d709d356166d94bbff4ed76508/screenshot'
15:54:50.392 [AsyncHttpClient-1-1] DEBUG org.asynchttpclient.netty.channel.DefaultChannelPool - Entry count for : http://localhost:56493 : 1
15:54:50.447 [AsyncHttpClient-1-3] DEBUG org.asynchttpclient.netty.handler.HttpHandler - 

Request DefaultFullHttpRequest(decodeResult: success, version: HTTP/1.1, content: EmptyByteBufBE)
GET /session/ccb553d709d356166d94bbff4ed76508/screenshot HTTP/1.1
User-Agent: selenium/4.1.2 (java windows)
Cache-Control: no-cache
Content-Type: application/json; charset=utf-8
host: localhost:50694
accept: */*

Response DefaultHttpResponse(decodeResult: success, version: HTTP/1.1)
HTTP/1.1 200 OK
Content-Type: application/json; charset=utf-8
cache-control: no-cache
content-length: 33868

15:54:50.447 [AsyncHttpClient-1-3] DEBUG org.asynchttpclient.netty.channel.ChannelManager - Adding key: http://localhost:50694 for channel [id: 0xac2bac0c, L:/127.0.0.1:56491 - R:localhost/127.0.0.1:50694]
15:54:50.449 [main] DEBUG net.serenitybdd.core.photography.Darkroom - Send negative for processing for target\site\serenity\c12d7ea8eec322d63d35b69a4f9ad9f2658529380d8f06713ce73523f124d3c6.png
15:54:50.450 [Darkroom Processing Line] DEBUG net.serenitybdd.core.photography.DarkroomProcessingLine - Processing screenshot image in /var/screenshots/screenshot-12377026650441691800
15:54:50.450 [Darkroom Processing Line] DEBUG net.serenitybdd.core.photography.DarkroomProcessingLine - Saving screenshot to target\site\serenity\c12d7ea8eec322d63d35b69a4f9ad9f2658529380d8f06713ce73523f124d3c6.png
15:54:50.450 [main] DEBUG net.thucydides.core.steps.StepInterceptor - STEP DONE: verifyTotalBayar
  &amp#27;[32mThen &amp#27;[0m&amp#27;[32msecond product added to my shopping cart&amp#27;[0m &amp#27;[90m# starter.stepdefinitions.ProductSteps.tensiDarahManualAddedToMyShoppingCart()&amp#27;[0m
15:54:50.461 [main] INFO  - 
  _____   ___   ___   _____     ___     _     ___   ___   ___   ___  
 |_   _| | __| / __| |_   _|   | _ \   /_\   / __| / __| | __| |   \ 
   | |   | _|  \__ \   | |     |  _/  / _ \  \__ \ \__ \ | _|  | |) |
   |_|   |___| |___/   |_|     |_|   /_/ \_\ |___/ |___/ |___| |___/ 

Buy second product
----------------------------------------------------------------------
15:54:50.464 [AsyncHttpClient-1-5] DEBUG org.asynchttpclient.netty.handler.WebSocketHandler - Channel Closed: [id: 0x838cf5af, L:/127.0.0.1:56499 ! R:localhost/127.0.0.1:56493] with attribute NettyResponseFuture{currentRetry=5,
	isDone=1,
	isCancelled=0,
	asyncHandler=org.asynchttpclient.ws.WebSocketUpgradeHandler@6383d4e6,
	nettyRequest=org.asynchttpclient.netty.request.NettyRequest@6737a55e,
	future=java.util.concurrent.CompletableFuture@4972e554[Completed normally],
	uri=ws://localhost:56493/devtools/browser/58d3015e-97a2-48b8-a61e-dff8badb2670,
	keepAlive=true,
	redirectCount=0,
	timeoutsHolder=null,
	inAuth=0,
	touch=1652864072483}
15:54:50.464 [AsyncHttpClient-1-5] DEBUG org.asynchttpclient.netty.channel.ChannelManager - Closing Channel [id: 0x838cf5af, L:/127.0.0.1:56499 ! R:localhost/127.0.0.1:56493] 
15:54:50.486 [Driver Command Executor] DEBUG org.asynchttpclient.netty.request.NettyRequestSender - Using pooled Channel '[id: 0xac2bac0c, L:/127.0.0.1:56491 - R:localhost/127.0.0.1:50694]' for 'DELETE' to 'http://localhost:50694/session/ccb553d709d356166d94bbff4ed76508'
15:54:50.486 [Driver Command Executor] DEBUG org.asynchttpclient.netty.request.NettyRequestSender - Using open Channel [id: 0xac2bac0c, L:/127.0.0.1:56491 - R:localhost/127.0.0.1:50694] for DELETE '/session/ccb553d709d356166d94bbff4ed76508'
15:54:50.914 [AsyncHttpClient-1-4] DEBUG org.asynchttpclient.netty.handler.HttpHandler - Unexpected I/O exception on channel [id: 0x1b2ca5b1, L:/127.0.0.1:56498 - R:localhost/127.0.0.1:56493]
java.net.SocketException: Connection reset
	at java.base/sun.nio.ch.SocketChannelImpl.throwConnectionReset(SocketChannelImpl.java:367)
	at java.base/sun.nio.ch.SocketChannelImpl.read(SocketChannelImpl.java:398)
	at io.netty.buffer.PooledByteBuf.setBytes(PooledByteBuf.java:258)
	at io.netty.buffer.AbstractByteBuf.writeBytes(AbstractByteBuf.java:1132)
	at io.netty.channel.socket.nio.NioSocketChannel.doReadBytes(NioSocketChannel.java:350)
	at io.netty.channel.nio.AbstractNioByteChannel$NioByteUnsafe.read(AbstractNioByteChannel.java:151)
	at io.netty.channel.nio.NioEventLoop.processSelectedKey(NioEventLoop.java:722)
	at io.netty.channel.nio.NioEventLoop.processSelectedKeysOptimized(NioEventLoop.java:658)
	at io.netty.channel.nio.NioEventLoop.processSelectedKeys(NioEventLoop.java:584)
	at io.netty.channel.nio.NioEventLoop.run(NioEventLoop.java:496)
	at io.netty.util.concurrent.SingleThreadEventExecutor$4.run(SingleThreadEventExecutor.java:986)
	at io.netty.util.internal.ThreadExecutorMap$2.run(ThreadExecutorMap.java:74)
	at io.netty.util.concurrent.FastThreadLocalRunnable.run(FastThreadLocalRunnable.java:30)
	at java.base/java.lang.Thread.run(Thread.java:832)
15:54:50.914 [AsyncHttpClient-1-4] DEBUG org.asynchttpclient.netty.channel.ChannelManager - Closing Channel [id: 0x1b2ca5b1, L:/127.0.0.1:56498 - R:localhost/127.0.0.1:56493] 
15:54:50.914 [AsyncHttpClient-1-4] DEBUG org.asynchttpclient.netty.handler.HttpHandler - Channel Closed: [id: 0x1b2ca5b1, L:/127.0.0.1:56498 ! R:localhost/127.0.0.1:56493] with attribute DISCARD
15:54:50.946 [AsyncHttpClient-1-3] DEBUG org.asynchttpclient.netty.handler.HttpHandler - 

Request DefaultFullHttpRequest(decodeResult: success, version: HTTP/1.1, content: EmptyByteBufBE)
DELETE /session/ccb553d709d356166d94bbff4ed76508 HTTP/1.1
User-Agent: selenium/4.1.2 (java windows)
Content-Type: application/json; charset=utf-8
host: localhost:50694
accept: */*

Response DefaultHttpResponse(decodeResult: success, version: HTTP/1.1)
HTTP/1.1 200 OK
Content-Type: application/json; charset=utf-8
cache-control: no-cache
content-length: 14

15:54:50.946 [AsyncHttpClient-1-3] DEBUG org.asynchttpclient.netty.channel.ChannelManager - Adding key: http://localhost:50694 for channel [id: 0xac2bac0c, L:/127.0.0.1:56491 - R:localhost/127.0.0.1:50694]
15:54:51.333 [AsyncHttpClient-1-3] DEBUG org.asynchttpclient.netty.handler.HttpHandler - Channel Closed: [id: 0xac2bac0c, L:/127.0.0.1:56491 ! R:localhost/127.0.0.1:50694] with attribute DISCARD
15:54:51.472 [AsyncHttpClient-1-1] DEBUG org.asynchttpclient.netty.channel.DefaultChannelPool - Entry count for : http://localhost:56493 : 1
15:54:51.472 [AsyncHttpClient-1-1] DEBUG org.asynchttpclient.netty.channel.DefaultChannelPool - Entry count for : http://localhost:50694 : 1
15:54:51.472 [AsyncHttpClient-1-1] DEBUG org.asynchttpclient.netty.channel.DefaultChannelPool - Adding Candidate expired Channel [id: 0x1b2ca5b1, L:/127.0.0.1:56498 ! R:localhost/127.0.0.1:56493] isIdleTimeoutExpired=false isRemotelyClosed=true isTtlExpired=false
15:54:51.472 [AsyncHttpClient-1-1] DEBUG org.asynchttpclient.netty.channel.DefaultChannelPool - Closing Idle Channel [id: 0x1b2ca5b1, L:/127.0.0.1:56498 ! R:localhost/127.0.0.1:56493]
15:54:51.472 [AsyncHttpClient-1-1] DEBUG org.asynchttpclient.netty.channel.DefaultChannelPool - Adding Candidate expired Channel [id: 0xac2bac0c, L:/127.0.0.1:56491 ! R:localhost/127.0.0.1:50694] isIdleTimeoutExpired=false isRemotelyClosed=true isTtlExpired=false
15:54:51.472 [AsyncHttpClient-1-1] DEBUG org.asynchttpclient.netty.channel.DefaultChannelPool - Closing Idle Channel [id: 0xac2bac0c, L:/127.0.0.1:56491 ! R:localhost/127.0.0.1:50694]
15:54:51.472 [AsyncHttpClient-1-1] DEBUG org.asynchttpclient.netty.channel.DefaultChannelPool - Closed 2 connections out of 2 in 0 ms
]]></system-out>
    <system-err><![CDATA[Starting ChromeDriver 100.0.4896.60 (6a5d10861ce8de5fce22564658033b43cb7de047-refs/branch-heads/4896@{#875}) on port 50694
Only local connections are allowed.
Please see https://chromedriver.chromium.org/security-considerations for suggestions on keeping ChromeDriver safe.
ChromeDriver was started successfully.
[1652864072.277][WARNING]: This version of ChromeDriver has not been tested with Chrome version 101.
May 18, 2022 3:54:32 PM org.openqa.selenium.remote.ProtocolHandshake createSession
INFO: Detected dialect: W3C
May 18, 2022 3:54:32 PM org.openqa.selenium.devtools.CdpVersionFinder findNearestMatch
WARNING: Unable to find an exact match for CDP version 101, so returning the closest version found: 97
May 18, 2022 3:54:32 PM org.openqa.selenium.devtools.CdpVersionFinder findNearestMatch
INFO: Found CDP implementation for version 101 of 97
]]></system-err>
  </testcase>
  <testcase name="When i don&apos;t buy anything on product page" classname="Product" time="24.073">
    <system-out><![CDATA[
Scenario: When i don't buy anything on product page &amp#27;[90m# src/test/resources/features/Product.feature:18&amp#27;[0m
15:54:51.868 [main] INFO io.cucumber.core.plugin.SerenityReporter - Running feature from file:///C:/Users/ponda/Documents/Final_Project/Final_Web/src/test/resources/features/Product.feature
15:54:51.873 [main] INFO  - 
  _____   ___   ___   _____     ___   _____     _     ___   _____   ___   ___  
 |_   _| | __| / __| |_   _|   / __| |_   _|   /_\   | _ \ |_   _| | __| |   \ 
   | |   | _|  \__ \   | |     \__ \   | |    / _ \  |   /   | |   | _|  | |) |
   |_|   |___| |___/   |_|     |___/   |_|   /_/ \_\ |_|_\   |_|   |___| |___/ 

When i don't buy anything on product page(product;when-i-don-t-buy-anything-on-product-page)
--------------------------------------------------------------------------------
15:54:51.951 [main] DEBUG net.thucydides.core.steps.StepInterceptor - STARTING STEP: ProductSteps.iAmOnProductPage - openUrl
15:54:51.953 [main] INFO net.serenitybdd.core.webdriver.driverproviders.ChromeDriverProvider - Using automatically driver download
15:54:52.259 [main] DEBUG io.github.bonigarcia.wdm.cache.ResolutionCache - Resolution chrome=101 in cache (valid until 16:36:25 18/05/2022 WIB)
15:54:52.277 [main] DEBUG io.github.bonigarcia.wdm.cache.ResolutionCache - Resolution chrome101=101.0.4951.41 in cache (valid until 16:04:06 18/05/2022 WIB)
15:54:52.281 [main] INFO io.github.bonigarcia.wdm.WebDriverManager - Using chromedriver 101.0.4951.41 (resolved driver for Chrome 101)
15:54:52.302 [main] DEBUG io.github.bonigarcia.wdm.WebDriverManager - Driver chromedriver 101.0.4951.41 found in cache
15:54:52.303 [main] INFO io.github.bonigarcia.wdm.WebDriverManager - Exporting webdriver.chrome.driver as C:\Users\ponda\.cache\selenium\chromedriver\win32\101.0.4951.41\chromedriver.exe
15:54:52.501 [main] DEBUG net.serenitybdd.core.webdriver.driverproviders.ProvideNewDriver - Instantiating driver
15:54:52.501 [main] DEBUG net.serenitybdd.core.webdriver.driverproviders.ProvideNewDriver - Driver capabilities: Capabilities {acceptInsecureCerts: false, base.url: https://qa.alta.id, browserName: chrome, chrome.driver: src/test/resources/webdrive..., driver: chrome, goog:chromeOptions: {args: [], extensions: []}}
15:54:53.058 [AsyncHttpClient-1-2] DEBUG org.asynchttpclient.netty.channel.NettyConnectListener - Using new Channel '[id: 0x494219aa, L:/127.0.0.1:56527 - R:localhost/127.0.0.1:51911]' for 'POST' to '/session'
15:54:55.305 [AsyncHttpClient-1-2] DEBUG org.asynchttpclient.netty.handler.HttpHandler - 

Request DefaultHttpRequest(decodeResult: success, version: HTTP/1.1)
POST /session HTTP/1.1
User-Agent: selenium/4.1.2 (java windows)
Content-Length: 599
Content-Type: application/json; charset=utf-8
host: localhost:51911
accept: */*

Response DefaultHttpResponse(decodeResult: success, version: HTTP/1.1)
HTTP/1.1 200 OK
Content-Type: application/json; charset=utf-8
cache-control: no-cache
content-length: 789

15:54:55.306 [AsyncHttpClient-1-2] DEBUG org.asynchttpclient.netty.channel.ChannelManager - Adding key: http://localhost:51911 for channel [id: 0x494219aa, L:/127.0.0.1:56527 - R:localhost/127.0.0.1:51911]
15:54:55.343 [AsyncHttpClient-1-3] DEBUG org.asynchttpclient.netty.channel.NettyConnectListener - Using new Channel '[id: 0x65e30843, L:/127.0.0.1:56535 - R:localhost/127.0.0.1:56529]' for 'GET' to '/json/version'
15:54:55.344 [AsyncHttpClient-1-3] DEBUG org.asynchttpclient.netty.handler.HttpHandler - 

Request DefaultFullHttpRequest(decodeResult: success, version: HTTP/1.1, content: EmptyByteBufBE)
GET /json/version HTTP/1.1
User-Agent: selenium/4.1.2 (java windows)
host: localhost:56529
accept: */*

Response DefaultHttpResponse(decodeResult: success, version: HTTP/1.1)
HTTP/1.1 200 OK
Content-Type: application/json; charset=UTF-8
content-length: 427

15:54:55.345 [AsyncHttpClient-1-3] DEBUG org.asynchttpclient.netty.channel.ChannelManager - Adding key: http://localhost:56529 for channel [id: 0x65e30843, L:/127.0.0.1:56535 - R:localhost/127.0.0.1:56529]
15:54:55.354 [AsyncHttpClient-1-4] DEBUG org.asynchttpclient.netty.channel.NettyConnectListener - Using new Channel '[id: 0xc1d8360f, L:/127.0.0.1:56536 - R:localhost/127.0.0.1:56529]' for 'GET' to '/devtools/browser/8328931f-09cb-416d-87c0-610cf56aaff6'
15:54:55.355 [AsyncHttpClient-1-4] DEBUG org.asynchttpclient.netty.handler.WebSocketHandler - 

Request DefaultFullHttpRequest(decodeResult: success, version: HTTP/1.1, content: EmptyByteBufBE)
GET /devtools/browser/8328931f-09cb-416d-87c0-610cf56aaff6 HTTP/1.1
upgrade: websocket
connection: upgrade
sec-websocket-key: 0LdTQq0oSTOEaolQS8xBOw==
sec-websocket-version: 13
origin: http://localhost:56529
host: localhost:56529
accept: */*
user-agent: AHC/2.1

Response DefaultHttpResponse(decodeResult: success, version: HTTP/1.1)
HTTP/1.1 101 WebSocket Protocol Handshake
Upgrade: WebSocket
Connection: Upgrade
Sec-WebSocket-Accept: kVEJ7fzvEqQQZDN0et52ajFN6rU=

15:54:55.365 [Forwarding maximizeCurrentWindow on session 8cfe0ebbeb3a89dc8a05b2ab57524511 to remote] DEBUG org.asynchttpclient.netty.request.NettyRequestSender - Using pooled Channel '[id: 0x494219aa, L:/127.0.0.1:56527 - R:localhost/127.0.0.1:51911]' for 'POST' to 'http://localhost:51911/session/8cfe0ebbeb3a89dc8a05b2ab57524511/window/maximize'
15:54:55.365 [Forwarding maximizeCurrentWindow on session 8cfe0ebbeb3a89dc8a05b2ab57524511 to remote] DEBUG org.asynchttpclient.netty.request.NettyRequestSender - Using open Channel [id: 0x494219aa, L:/127.0.0.1:56527 - R:localhost/127.0.0.1:51911] for POST '/session/8cfe0ebbeb3a89dc8a05b2ab57524511/window/maximize'
15:54:55.617 [AsyncHttpClient-1-2] DEBUG org.asynchttpclient.netty.handler.HttpHandler - 

Request DefaultHttpRequest(decodeResult: success, version: HTTP/1.1)
POST /session/8cfe0ebbeb3a89dc8a05b2ab57524511/window/maximize HTTP/1.1
User-Agent: selenium/4.1.2 (java windows)
Content-Length: 3
Content-Type: application/json; charset=utf-8
host: localhost:51911
accept: */*

Response DefaultHttpResponse(decodeResult: success, version: HTTP/1.1)
HTTP/1.1 200 OK
Content-Type: application/json; charset=utf-8
cache-control: no-cache
content-length: 51

15:54:55.618 [AsyncHttpClient-1-2] DEBUG org.asynchttpclient.netty.channel.ChannelManager - Adding key: http://localhost:51911 for channel [id: 0x494219aa, L:/127.0.0.1:56527 - R:localhost/127.0.0.1:51911]
15:54:55.621 [Forwarding get on session 8cfe0ebbeb3a89dc8a05b2ab57524511 to remote] DEBUG org.asynchttpclient.netty.request.NettyRequestSender - Using pooled Channel '[id: 0x494219aa, L:/127.0.0.1:56527 - R:localhost/127.0.0.1:51911]' for 'POST' to 'http://localhost:51911/session/8cfe0ebbeb3a89dc8a05b2ab57524511/url'
15:54:55.621 [Forwarding get on session 8cfe0ebbeb3a89dc8a05b2ab57524511 to remote] DEBUG org.asynchttpclient.netty.request.NettyRequestSender - Using open Channel [id: 0x494219aa, L:/127.0.0.1:56527 - R:localhost/127.0.0.1:51911] for POST '/session/8cfe0ebbeb3a89dc8a05b2ab57524511/url'
15:54:55.866 [AsyncHttpClient-1-1] DEBUG org.asynchttpclient.netty.channel.DefaultChannelPool - Entry count for : http://localhost:56529 : 1
15:54:56.960 [AsyncHttpClient-1-1] DEBUG org.asynchttpclient.netty.channel.DefaultChannelPool - Entry count for : http://localhost:56529 : 1
15:54:58.059 [AsyncHttpClient-1-1] DEBUG org.asynchttpclient.netty.channel.DefaultChannelPool - Entry count for : http://localhost:56529 : 1
15:54:58.547 [AsyncHttpClient-1-2] DEBUG org.asynchttpclient.netty.handler.HttpHandler - 

Request DefaultHttpRequest(decodeResult: success, version: HTTP/1.1)
POST /session/8cfe0ebbeb3a89dc8a05b2ab57524511/url HTTP/1.1
User-Agent: selenium/4.1.2 (java windows)
Content-Length: 64
Content-Type: application/json; charset=utf-8
host: localhost:51911
accept: */*

Response DefaultHttpResponse(decodeResult: success, version: HTTP/1.1)
HTTP/1.1 200 OK
Content-Type: application/json; charset=utf-8
cache-control: no-cache
content-length: 14

15:54:58.547 [AsyncHttpClient-1-2] DEBUG org.asynchttpclient.netty.channel.ChannelManager - Adding key: http://localhost:51911 for channel [id: 0x494219aa, L:/127.0.0.1:56527 - R:localhost/127.0.0.1:51911]
15:54:58.552 [Forwarding setTimeout on session 8cfe0ebbeb3a89dc8a05b2ab57524511 to remote] DEBUG org.asynchttpclient.netty.request.NettyRequestSender - Using pooled Channel '[id: 0x494219aa, L:/127.0.0.1:56527 - R:localhost/127.0.0.1:51911]' for 'POST' to 'http://localhost:51911/session/8cfe0ebbeb3a89dc8a05b2ab57524511/timeouts'
15:54:58.552 [Forwarding setTimeout on session 8cfe0ebbeb3a89dc8a05b2ab57524511 to remote] DEBUG org.asynchttpclient.netty.request.NettyRequestSender - Using open Channel [id: 0x494219aa, L:/127.0.0.1:56527 - R:localhost/127.0.0.1:51911] for POST '/session/8cfe0ebbeb3a89dc8a05b2ab57524511/timeouts'
15:54:58.555 [AsyncHttpClient-1-2] DEBUG org.asynchttpclient.netty.handler.HttpHandler - 

Request DefaultHttpRequest(decodeResult: success, version: HTTP/1.1)
POST /session/8cfe0ebbeb3a89dc8a05b2ab57524511/timeouts HTTP/1.1
User-Agent: selenium/4.1.2 (java windows)
Content-Length: 22
Content-Type: application/json; charset=utf-8
host: localhost:51911
accept: */*

Response DefaultHttpResponse(decodeResult: success, version: HTTP/1.1)
HTTP/1.1 200 OK
Content-Type: application/json; charset=utf-8
cache-control: no-cache
content-length: 14

15:54:58.555 [AsyncHttpClient-1-2] DEBUG org.asynchttpclient.netty.channel.ChannelManager - Adding key: http://localhost:51911 for channel [id: 0x494219aa, L:/127.0.0.1:56527 - R:localhost/127.0.0.1:51911]
15:54:58.560 [Forwarding getCurrentUrl on session 8cfe0ebbeb3a89dc8a05b2ab57524511 to remote] DEBUG org.asynchttpclient.netty.request.NettyRequestSender - Using pooled Channel '[id: 0x494219aa, L:/127.0.0.1:56527 - R:localhost/127.0.0.1:51911]' for 'GET' to 'http://localhost:51911/session/8cfe0ebbeb3a89dc8a05b2ab57524511/url'
15:54:58.560 [Forwarding getCurrentUrl on session 8cfe0ebbeb3a89dc8a05b2ab57524511 to remote] DEBUG org.asynchttpclient.netty.request.NettyRequestSender - Using open Channel [id: 0x494219aa, L:/127.0.0.1:56527 - R:localhost/127.0.0.1:51911] for GET '/session/8cfe0ebbeb3a89dc8a05b2ab57524511/url'
15:54:58.585 [AsyncHttpClient-1-2] DEBUG org.asynchttpclient.netty.handler.HttpHandler - 

Request DefaultFullHttpRequest(decodeResult: success, version: HTTP/1.1, content: EmptyByteBufBE)
GET /session/8cfe0ebbeb3a89dc8a05b2ab57524511/url HTTP/1.1
User-Agent: selenium/4.1.2 (java windows)
Cache-Control: no-cache
Content-Type: application/json; charset=utf-8
host: localhost:51911
accept: */*

Response DefaultHttpResponse(decodeResult: success, version: HTTP/1.1)
HTTP/1.1 200 OK
Content-Type: application/json; charset=utf-8
cache-control: no-cache
content-length: 41

15:54:58.585 [AsyncHttpClient-1-2] DEBUG org.asynchttpclient.netty.channel.ChannelManager - Adding key: http://localhost:51911 for channel [id: 0x494219aa, L:/127.0.0.1:56527 - R:localhost/127.0.0.1:51911]
15:54:58.594 [Forwarding screenshot on session 8cfe0ebbeb3a89dc8a05b2ab57524511 to remote] DEBUG org.asynchttpclient.netty.request.NettyRequestSender - Using pooled Channel '[id: 0x494219aa, L:/127.0.0.1:56527 - R:localhost/127.0.0.1:51911]' for 'GET' to 'http://localhost:51911/session/8cfe0ebbeb3a89dc8a05b2ab57524511/screenshot'
15:54:58.594 [Forwarding screenshot on session 8cfe0ebbeb3a89dc8a05b2ab57524511 to remote] DEBUG org.asynchttpclient.netty.request.NettyRequestSender - Using open Channel [id: 0x494219aa, L:/127.0.0.1:56527 - R:localhost/127.0.0.1:51911] for GET '/session/8cfe0ebbeb3a89dc8a05b2ab57524511/screenshot'
15:54:58.949 [AsyncHttpClient-1-2] DEBUG org.asynchttpclient.netty.handler.HttpHandler - 

Request DefaultFullHttpRequest(decodeResult: success, version: HTTP/1.1, content: EmptyByteBufBE)
GET /session/8cfe0ebbeb3a89dc8a05b2ab57524511/screenshot HTTP/1.1
User-Agent: selenium/4.1.2 (java windows)
Cache-Control: no-cache
Content-Type: application/json; charset=utf-8
host: localhost:51911
accept: */*

Response DefaultHttpResponse(decodeResult: success, version: HTTP/1.1)
HTTP/1.1 200 OK
Content-Type: application/json; charset=utf-8
cache-control: no-cache
content-length: 25384

15:54:58.949 [AsyncHttpClient-1-2] DEBUG org.asynchttpclient.netty.channel.ChannelManager - Adding key: http://localhost:51911 for channel [id: 0x494219aa, L:/127.0.0.1:56527 - R:localhost/127.0.0.1:51911]
15:54:58.951 [main] DEBUG net.serenitybdd.core.photography.Darkroom - Send negative for processing for target\site\serenity\49a3ec3fe6e588bb357024d38ea075b8250cb5f32bd132770e4d40bc98d606c0.png
15:54:58.951 [main] DEBUG net.thucydides.core.steps.StepInterceptor - STEP DONE: openUrl
15:54:58.961 [main] DEBUG net.thucydides.core.steps.StepInterceptor - STARTING STEP: ProductSteps.iAmOnProductPage - inputEmail
15:54:58.964 [Forwarding findElement on session 8cfe0ebbeb3a89dc8a05b2ab57524511 to remote] DEBUG org.asynchttpclient.netty.request.NettyRequestSender - Using pooled Channel '[id: 0x494219aa, L:/127.0.0.1:56527 - R:localhost/127.0.0.1:51911]' for 'POST' to 'http://localhost:51911/session/8cfe0ebbeb3a89dc8a05b2ab57524511/element'
15:54:58.964 [Forwarding findElement on session 8cfe0ebbeb3a89dc8a05b2ab57524511 to remote] DEBUG org.asynchttpclient.netty.request.NettyRequestSender - Using open Channel [id: 0x494219aa, L:/127.0.0.1:56527 - R:localhost/127.0.0.1:51911] for POST '/session/8cfe0ebbeb3a89dc8a05b2ab57524511/element'
15:54:58.982 [AsyncHttpClient-1-2] DEBUG org.asynchttpclient.netty.handler.HttpHandler - 

Request DefaultHttpRequest(decodeResult: success, version: HTTP/1.1)
POST /session/8cfe0ebbeb3a89dc8a05b2ab57524511/element HTTP/1.1
User-Agent: selenium/4.1.2 (java windows)
Content-Length: 86
Content-Type: application/json; charset=utf-8
host: localhost:51911
accept: */*

Response DefaultHttpResponse(decodeResult: success, version: HTTP/1.1)
HTTP/1.1 200 OK
Content-Type: application/json; charset=utf-8
cache-control: no-cache
content-length: 88

15:54:58.982 [AsyncHttpClient-1-2] DEBUG org.asynchttpclient.netty.channel.ChannelManager - Adding key: http://localhost:51911 for channel [id: 0x494219aa, L:/127.0.0.1:56527 - R:localhost/127.0.0.1:51911]
15:54:58.984 [Forwarding clearElement on session 8cfe0ebbeb3a89dc8a05b2ab57524511 to remote] DEBUG org.asynchttpclient.netty.request.NettyRequestSender - Using pooled Channel '[id: 0x494219aa, L:/127.0.0.1:56527 - R:localhost/127.0.0.1:51911]' for 'POST' to 'http://localhost:51911/session/8cfe0ebbeb3a89dc8a05b2ab57524511/element/4e2b3e37-1a7e-4b2d-805e-aac1eb5f7dbc/clear'
15:54:58.984 [Forwarding clearElement on session 8cfe0ebbeb3a89dc8a05b2ab57524511 to remote] DEBUG org.asynchttpclient.netty.request.NettyRequestSender - Using open Channel [id: 0x494219aa, L:/127.0.0.1:56527 - R:localhost/127.0.0.1:51911] for POST '/session/8cfe0ebbeb3a89dc8a05b2ab57524511/element/4e2b3e37-1a7e-4b2d-805e-aac1eb5f7dbc/clear'
15:54:59.036 [AsyncHttpClient-1-2] DEBUG org.asynchttpclient.netty.handler.HttpHandler - 

Request DefaultHttpRequest(decodeResult: success, version: HTTP/1.1)
POST /session/8cfe0ebbeb3a89dc8a05b2ab57524511/element/4e2b3e37-1a7e-4b2d-805e-aac1eb5f7dbc/clear HTTP/1.1
User-Agent: selenium/4.1.2 (java windows)
Content-Length: 50
Content-Type: application/json; charset=utf-8
host: localhost:51911
accept: */*

Response DefaultHttpResponse(decodeResult: success, version: HTTP/1.1)
HTTP/1.1 200 OK
Content-Type: application/json; charset=utf-8
cache-control: no-cache
content-length: 14

15:54:59.037 [AsyncHttpClient-1-2] DEBUG org.asynchttpclient.netty.channel.ChannelManager - Adding key: http://localhost:51911 for channel [id: 0x494219aa, L:/127.0.0.1:56527 - R:localhost/127.0.0.1:51911]
15:54:59.039 [Forwarding sendKeysToElement on session 8cfe0ebbeb3a89dc8a05b2ab57524511 to remote] DEBUG org.asynchttpclient.netty.request.NettyRequestSender - Using pooled Channel '[id: 0x494219aa, L:/127.0.0.1:56527 - R:localhost/127.0.0.1:51911]' for 'POST' to 'http://localhost:51911/session/8cfe0ebbeb3a89dc8a05b2ab57524511/element/4e2b3e37-1a7e-4b2d-805e-aac1eb5f7dbc/value'
15:54:59.040 [Forwarding sendKeysToElement on session 8cfe0ebbeb3a89dc8a05b2ab57524511 to remote] DEBUG org.asynchttpclient.netty.request.NettyRequestSender - Using open Channel [id: 0x494219aa, L:/127.0.0.1:56527 - R:localhost/127.0.0.1:51911] for POST '/session/8cfe0ebbeb3a89dc8a05b2ab57524511/element/4e2b3e37-1a7e-4b2d-805e-aac1eb5f7dbc/value'
15:54:59.162 [AsyncHttpClient-1-1] DEBUG org.asynchttpclient.netty.channel.DefaultChannelPool - Entry count for : http://localhost:56529 : 1
15:54:59.488 [AsyncHttpClient-1-2] DEBUG org.asynchttpclient.netty.handler.HttpHandler - 

Request DefaultHttpRequest(decodeResult: success, version: HTTP/1.1)
POST /session/8cfe0ebbeb3a89dc8a05b2ab57524511/element/4e2b3e37-1a7e-4b2d-805e-aac1eb5f7dbc/value HTTP/1.1
User-Agent: selenium/4.1.2 (java windows)
Content-Length: 251
Content-Type: application/json; charset=utf-8
host: localhost:51911
accept: */*

Response DefaultHttpResponse(decodeResult: success, version: HTTP/1.1)
HTTP/1.1 200 OK
Content-Type: application/json; charset=utf-8
cache-control: no-cache
content-length: 14

15:54:59.488 [AsyncHttpClient-1-2] DEBUG org.asynchttpclient.netty.channel.ChannelManager - Adding key: http://localhost:51911 for channel [id: 0x494219aa, L:/127.0.0.1:56527 - R:localhost/127.0.0.1:51911]
15:54:59.505 [Forwarding screenshot on session 8cfe0ebbeb3a89dc8a05b2ab57524511 to remote] DEBUG org.asynchttpclient.netty.request.NettyRequestSender - Using pooled Channel '[id: 0x494219aa, L:/127.0.0.1:56527 - R:localhost/127.0.0.1:51911]' for 'GET' to 'http://localhost:51911/session/8cfe0ebbeb3a89dc8a05b2ab57524511/screenshot'
15:54:59.506 [Forwarding screenshot on session 8cfe0ebbeb3a89dc8a05b2ab57524511 to remote] DEBUG org.asynchttpclient.netty.request.NettyRequestSender - Using open Channel [id: 0x494219aa, L:/127.0.0.1:56527 - R:localhost/127.0.0.1:51911] for GET '/session/8cfe0ebbeb3a89dc8a05b2ab57524511/screenshot'
15:54:59.712 [AsyncHttpClient-1-2] DEBUG org.asynchttpclient.netty.handler.HttpHandler - 

Request DefaultFullHttpRequest(decodeResult: success, version: HTTP/1.1, content: EmptyByteBufBE)
GET /session/8cfe0ebbeb3a89dc8a05b2ab57524511/screenshot HTTP/1.1
User-Agent: selenium/4.1.2 (java windows)
Cache-Control: no-cache
Content-Type: application/json; charset=utf-8
host: localhost:51911
accept: */*

Response DefaultHttpResponse(decodeResult: success, version: HTTP/1.1)
HTTP/1.1 200 OK
Content-Type: application/json; charset=utf-8
cache-control: no-cache
content-length: 28896

15:54:59.712 [AsyncHttpClient-1-2] DEBUG org.asynchttpclient.netty.channel.ChannelManager - Adding key: http://localhost:51911 for channel [id: 0x494219aa, L:/127.0.0.1:56527 - R:localhost/127.0.0.1:51911]
15:54:59.714 [main] DEBUG net.serenitybdd.core.photography.Darkroom - Send negative for processing for target\site\serenity\da2f7b49c88bf8167de2895924e7c737ebb96b8f847f90db0b4d1a8f7ceea5ea.png
15:54:59.715 [main] DEBUG net.thucydides.core.steps.StepInterceptor - STEP DONE: inputEmail
15:54:59.715 [Darkroom Processing Line] DEBUG net.serenitybdd.core.photography.DarkroomProcessingLine - Processing screenshot image in /var/screenshots/screenshot-1882615332214716499
15:54:59.715 [Darkroom Processing Line] DEBUG net.serenitybdd.core.photography.DarkroomProcessingLine - Saving screenshot to target\site\serenity\da2f7b49c88bf8167de2895924e7c737ebb96b8f847f90db0b4d1a8f7ceea5ea.png
15:54:59.728 [main] DEBUG net.thucydides.core.steps.StepInterceptor - STARTING STEP: ProductSteps.iAmOnProductPage - inputPassword
15:54:59.731 [Forwarding findElement on session 8cfe0ebbeb3a89dc8a05b2ab57524511 to remote] DEBUG org.asynchttpclient.netty.request.NettyRequestSender - Using pooled Channel '[id: 0x494219aa, L:/127.0.0.1:56527 - R:localhost/127.0.0.1:51911]' for 'POST' to 'http://localhost:51911/session/8cfe0ebbeb3a89dc8a05b2ab57524511/element'
15:54:59.731 [Forwarding findElement on session 8cfe0ebbeb3a89dc8a05b2ab57524511 to remote] DEBUG org.asynchttpclient.netty.request.NettyRequestSender - Using open Channel [id: 0x494219aa, L:/127.0.0.1:56527 - R:localhost/127.0.0.1:51911] for POST '/session/8cfe0ebbeb3a89dc8a05b2ab57524511/element'
15:54:59.756 [AsyncHttpClient-1-2] DEBUG org.asynchttpclient.netty.handler.HttpHandler - 

Request DefaultHttpRequest(decodeResult: success, version: HTTP/1.1)
POST /session/8cfe0ebbeb3a89dc8a05b2ab57524511/element HTTP/1.1
User-Agent: selenium/4.1.2 (java windows)
Content-Length: 89
Content-Type: application/json; charset=utf-8
host: localhost:51911
accept: */*

Response DefaultHttpResponse(decodeResult: success, version: HTTP/1.1)
HTTP/1.1 200 OK
Content-Type: application/json; charset=utf-8
cache-control: no-cache
content-length: 88

15:54:59.757 [AsyncHttpClient-1-2] DEBUG org.asynchttpclient.netty.channel.ChannelManager - Adding key: http://localhost:51911 for channel [id: 0x494219aa, L:/127.0.0.1:56527 - R:localhost/127.0.0.1:51911]
15:54:59.758 [Forwarding clearElement on session 8cfe0ebbeb3a89dc8a05b2ab57524511 to remote] DEBUG org.asynchttpclient.netty.request.NettyRequestSender - Using pooled Channel '[id: 0x494219aa, L:/127.0.0.1:56527 - R:localhost/127.0.0.1:51911]' for 'POST' to 'http://localhost:51911/session/8cfe0ebbeb3a89dc8a05b2ab57524511/element/15030391-3561-48d0-aaa2-e541ed5b672f/clear'
15:54:59.759 [Forwarding clearElement on session 8cfe0ebbeb3a89dc8a05b2ab57524511 to remote] DEBUG org.asynchttpclient.netty.request.NettyRequestSender - Using open Channel [id: 0x494219aa, L:/127.0.0.1:56527 - R:localhost/127.0.0.1:51911] for POST '/session/8cfe0ebbeb3a89dc8a05b2ab57524511/element/15030391-3561-48d0-aaa2-e541ed5b672f/clear'
15:54:59.812 [AsyncHttpClient-1-2] DEBUG org.asynchttpclient.netty.handler.HttpHandler - 

Request DefaultHttpRequest(decodeResult: success, version: HTTP/1.1)
POST /session/8cfe0ebbeb3a89dc8a05b2ab57524511/element/15030391-3561-48d0-aaa2-e541ed5b672f/clear HTTP/1.1
User-Agent: selenium/4.1.2 (java windows)
Content-Length: 50
Content-Type: application/json; charset=utf-8
host: localhost:51911
accept: */*

Response DefaultHttpResponse(decodeResult: success, version: HTTP/1.1)
HTTP/1.1 200 OK
Content-Type: application/json; charset=utf-8
cache-control: no-cache
content-length: 14

15:54:59.812 [AsyncHttpClient-1-2] DEBUG org.asynchttpclient.netty.channel.ChannelManager - Adding key: http://localhost:51911 for channel [id: 0x494219aa, L:/127.0.0.1:56527 - R:localhost/127.0.0.1:51911]
15:54:59.815 [Forwarding sendKeysToElement on session 8cfe0ebbeb3a89dc8a05b2ab57524511 to remote] DEBUG org.asynchttpclient.netty.request.NettyRequestSender - Using pooled Channel '[id: 0x494219aa, L:/127.0.0.1:56527 - R:localhost/127.0.0.1:51911]' for 'POST' to 'http://localhost:51911/session/8cfe0ebbeb3a89dc8a05b2ab57524511/element/15030391-3561-48d0-aaa2-e541ed5b672f/value'
15:54:59.815 [Forwarding sendKeysToElement on session 8cfe0ebbeb3a89dc8a05b2ab57524511 to remote] DEBUG org.asynchttpclient.netty.request.NettyRequestSender - Using open Channel [id: 0x494219aa, L:/127.0.0.1:56527 - R:localhost/127.0.0.1:51911] for POST '/session/8cfe0ebbeb3a89dc8a05b2ab57524511/element/15030391-3561-48d0-aaa2-e541ed5b672f/value'
15:55:00.176 [AsyncHttpClient-1-2] DEBUG org.asynchttpclient.netty.handler.HttpHandler - 

Request DefaultHttpRequest(decodeResult: success, version: HTTP/1.1)
POST /session/8cfe0ebbeb3a89dc8a05b2ab57524511/element/15030391-3561-48d0-aaa2-e541ed5b672f/value HTTP/1.1
User-Agent: selenium/4.1.2 (java windows)
Content-Length: 231
Content-Type: application/json; charset=utf-8
host: localhost:51911
accept: */*

Response DefaultHttpResponse(decodeResult: success, version: HTTP/1.1)
HTTP/1.1 200 OK
Content-Type: application/json; charset=utf-8
cache-control: no-cache
content-length: 14

15:55:00.177 [AsyncHttpClient-1-2] DEBUG org.asynchttpclient.netty.channel.ChannelManager - Adding key: http://localhost:51911 for channel [id: 0x494219aa, L:/127.0.0.1:56527 - R:localhost/127.0.0.1:51911]
15:55:00.192 [Forwarding screenshot on session 8cfe0ebbeb3a89dc8a05b2ab57524511 to remote] DEBUG org.asynchttpclient.netty.request.NettyRequestSender - Using pooled Channel '[id: 0x494219aa, L:/127.0.0.1:56527 - R:localhost/127.0.0.1:51911]' for 'GET' to 'http://localhost:51911/session/8cfe0ebbeb3a89dc8a05b2ab57524511/screenshot'
15:55:00.193 [Forwarding screenshot on session 8cfe0ebbeb3a89dc8a05b2ab57524511 to remote] DEBUG org.asynchttpclient.netty.request.NettyRequestSender - Using open Channel [id: 0x494219aa, L:/127.0.0.1:56527 - R:localhost/127.0.0.1:51911] for GET '/session/8cfe0ebbeb3a89dc8a05b2ab57524511/screenshot'
15:55:00.274 [AsyncHttpClient-1-1] DEBUG org.asynchttpclient.netty.channel.DefaultChannelPool - Entry count for : http://localhost:56529 : 1
15:55:00.455 [AsyncHttpClient-1-2] DEBUG org.asynchttpclient.netty.handler.HttpHandler - 

Request DefaultFullHttpRequest(decodeResult: success, version: HTTP/1.1, content: EmptyByteBufBE)
GET /session/8cfe0ebbeb3a89dc8a05b2ab57524511/screenshot HTTP/1.1
User-Agent: selenium/4.1.2 (java windows)
Cache-Control: no-cache
Content-Type: application/json; charset=utf-8
host: localhost:51911
accept: */*

Response DefaultHttpResponse(decodeResult: success, version: HTTP/1.1)
HTTP/1.1 200 OK
Content-Type: application/json; charset=utf-8
cache-control: no-cache
content-length: 32248

15:55:00.456 [AsyncHttpClient-1-2] DEBUG org.asynchttpclient.netty.channel.ChannelManager - Adding key: http://localhost:51911 for channel [id: 0x494219aa, L:/127.0.0.1:56527 - R:localhost/127.0.0.1:51911]
15:55:00.459 [main] DEBUG net.serenitybdd.core.photography.Darkroom - Send negative for processing for target\site\serenity\dd606e318b0fc2c24891ab1167bddc660c49f4db2159053b0198af3b66dbb4e8.png
15:55:00.460 [main] DEBUG net.thucydides.core.steps.StepInterceptor - STEP DONE: inputPassword
15:55:00.472 [Darkroom Processing Line] DEBUG net.serenitybdd.core.photography.DarkroomProcessingLine - Processing screenshot image in /var/screenshots/screenshot-4188561729755822253
15:55:00.472 [Darkroom Processing Line] DEBUG net.serenitybdd.core.photography.DarkroomProcessingLine - Saving screenshot to target\site\serenity\dd606e318b0fc2c24891ab1167bddc660c49f4db2159053b0198af3b66dbb4e8.png
15:55:00.477 [main] DEBUG net.thucydides.core.steps.StepInterceptor - STARTING STEP: ProductSteps.iAmOnProductPage - clickLoginButton
15:55:00.482 [Forwarding findElement on session 8cfe0ebbeb3a89dc8a05b2ab57524511 to remote] DEBUG org.asynchttpclient.netty.request.NettyRequestSender - Using pooled Channel '[id: 0x494219aa, L:/127.0.0.1:56527 - R:localhost/127.0.0.1:51911]' for 'POST' to 'http://localhost:51911/session/8cfe0ebbeb3a89dc8a05b2ab57524511/element'
15:55:00.482 [Forwarding findElement on session 8cfe0ebbeb3a89dc8a05b2ab57524511 to remote] DEBUG org.asynchttpclient.netty.request.NettyRequestSender - Using open Channel [id: 0x494219aa, L:/127.0.0.1:56527 - R:localhost/127.0.0.1:51911] for POST '/session/8cfe0ebbeb3a89dc8a05b2ab57524511/element'
15:55:00.508 [AsyncHttpClient-1-2] DEBUG org.asynchttpclient.netty.handler.HttpHandler - 

Request DefaultHttpRequest(decodeResult: success, version: HTTP/1.1)
POST /session/8cfe0ebbeb3a89dc8a05b2ab57524511/element HTTP/1.1
User-Agent: selenium/4.1.2 (java windows)
Content-Length: 136
Content-Type: application/json; charset=utf-8
host: localhost:51911
accept: */*

Response DefaultHttpResponse(decodeResult: success, version: HTTP/1.1)
HTTP/1.1 200 OK
Content-Type: application/json; charset=utf-8
cache-control: no-cache
content-length: 88

15:55:00.508 [AsyncHttpClient-1-2] DEBUG org.asynchttpclient.netty.channel.ChannelManager - Adding key: http://localhost:51911 for channel [id: 0x494219aa, L:/127.0.0.1:56527 - R:localhost/127.0.0.1:51911]
15:55:00.510 [Forwarding getElementTagName on session 8cfe0ebbeb3a89dc8a05b2ab57524511 to remote] DEBUG org.asynchttpclient.netty.request.NettyRequestSender - Using pooled Channel '[id: 0x494219aa, L:/127.0.0.1:56527 - R:localhost/127.0.0.1:51911]' for 'GET' to 'http://localhost:51911/session/8cfe0ebbeb3a89dc8a05b2ab57524511/element/50b64ec5-1f9b-4a0f-9b96-689b76b86a69/name'
15:55:00.510 [Forwarding getElementTagName on session 8cfe0ebbeb3a89dc8a05b2ab57524511 to remote] DEBUG org.asynchttpclient.netty.request.NettyRequestSender - Using open Channel [id: 0x494219aa, L:/127.0.0.1:56527 - R:localhost/127.0.0.1:51911] for GET '/session/8cfe0ebbeb3a89dc8a05b2ab57524511/element/50b64ec5-1f9b-4a0f-9b96-689b76b86a69/name'
15:55:00.532 [AsyncHttpClient-1-2] DEBUG org.asynchttpclient.netty.handler.HttpHandler - 

Request DefaultFullHttpRequest(decodeResult: success, version: HTTP/1.1, content: EmptyByteBufBE)
GET /session/8cfe0ebbeb3a89dc8a05b2ab57524511/element/50b64ec5-1f9b-4a0f-9b96-689b76b86a69/name HTTP/1.1
User-Agent: selenium/4.1.2 (java windows)
Cache-Control: no-cache
Content-Type: application/json; charset=utf-8
host: localhost:51911
accept: */*

Response DefaultHttpResponse(decodeResult: success, version: HTTP/1.1)
HTTP/1.1 200 OK
Content-Type: application/json; charset=utf-8
cache-control: no-cache
content-length: 18

15:55:00.532 [AsyncHttpClient-1-2] DEBUG org.asynchttpclient.netty.channel.ChannelManager - Adding key: http://localhost:51911 for channel [id: 0x494219aa, L:/127.0.0.1:56527 - R:localhost/127.0.0.1:51911]
15:55:00.534 [Forwarding getElementTagName on session 8cfe0ebbeb3a89dc8a05b2ab57524511 to remote] DEBUG org.asynchttpclient.netty.request.NettyRequestSender - Using pooled Channel '[id: 0x494219aa, L:/127.0.0.1:56527 - R:localhost/127.0.0.1:51911]' for 'GET' to 'http://localhost:51911/session/8cfe0ebbeb3a89dc8a05b2ab57524511/element/50b64ec5-1f9b-4a0f-9b96-689b76b86a69/name'
15:55:00.534 [Forwarding getElementTagName on session 8cfe0ebbeb3a89dc8a05b2ab57524511 to remote] DEBUG org.asynchttpclient.netty.request.NettyRequestSender - Using open Channel [id: 0x494219aa, L:/127.0.0.1:56527 - R:localhost/127.0.0.1:51911] for GET '/session/8cfe0ebbeb3a89dc8a05b2ab57524511/element/50b64ec5-1f9b-4a0f-9b96-689b76b86a69/name'
15:55:00.546 [AsyncHttpClient-1-2] DEBUG org.asynchttpclient.netty.handler.HttpHandler - 

Request DefaultFullHttpRequest(decodeResult: success, version: HTTP/1.1, content: EmptyByteBufBE)
GET /session/8cfe0ebbeb3a89dc8a05b2ab57524511/element/50b64ec5-1f9b-4a0f-9b96-689b76b86a69/name HTTP/1.1
User-Agent: selenium/4.1.2 (java windows)
Cache-Control: no-cache
Content-Type: application/json; charset=utf-8
host: localhost:51911
accept: */*

Response DefaultHttpResponse(decodeResult: success, version: HTTP/1.1)
HTTP/1.1 200 OK
Content-Type: application/json; charset=utf-8
cache-control: no-cache
content-length: 18

15:55:00.547 [AsyncHttpClient-1-2] DEBUG org.asynchttpclient.netty.channel.ChannelManager - Adding key: http://localhost:51911 for channel [id: 0x494219aa, L:/127.0.0.1:56527 - R:localhost/127.0.0.1:51911]
15:55:00.567 [Forwarding isElementEnabled on session 8cfe0ebbeb3a89dc8a05b2ab57524511 to remote] DEBUG org.asynchttpclient.netty.request.NettyRequestSender - Using pooled Channel '[id: 0x494219aa, L:/127.0.0.1:56527 - R:localhost/127.0.0.1:51911]' for 'GET' to 'http://localhost:51911/session/8cfe0ebbeb3a89dc8a05b2ab57524511/element/50b64ec5-1f9b-4a0f-9b96-689b76b86a69/enabled'
15:55:00.567 [Forwarding isElementEnabled on session 8cfe0ebbeb3a89dc8a05b2ab57524511 to remote] DEBUG org.asynchttpclient.netty.request.NettyRequestSender - Using open Channel [id: 0x494219aa, L:/127.0.0.1:56527 - R:localhost/127.0.0.1:51911] for GET '/session/8cfe0ebbeb3a89dc8a05b2ab57524511/element/50b64ec5-1f9b-4a0f-9b96-689b76b86a69/enabled'
15:55:00.587 [AsyncHttpClient-1-2] DEBUG org.asynchttpclient.netty.handler.HttpHandler - 

Request DefaultFullHttpRequest(decodeResult: success, version: HTTP/1.1, content: EmptyByteBufBE)
GET /session/8cfe0ebbeb3a89dc8a05b2ab57524511/element/50b64ec5-1f9b-4a0f-9b96-689b76b86a69/enabled HTTP/1.1
User-Agent: selenium/4.1.2 (java windows)
Cache-Control: no-cache
Content-Type: application/json; charset=utf-8
host: localhost:51911
accept: */*

Response DefaultHttpResponse(decodeResult: success, version: HTTP/1.1)
HTTP/1.1 200 OK
Content-Type: application/json; charset=utf-8
cache-control: no-cache
content-length: 14

15:55:00.587 [AsyncHttpClient-1-2] DEBUG org.asynchttpclient.netty.channel.ChannelManager - Adding key: http://localhost:51911 for channel [id: 0x494219aa, L:/127.0.0.1:56527 - R:localhost/127.0.0.1:51911]
15:55:00.589 [Forwarding isElementEnabled on session 8cfe0ebbeb3a89dc8a05b2ab57524511 to remote] DEBUG org.asynchttpclient.netty.request.NettyRequestSender - Using pooled Channel '[id: 0x494219aa, L:/127.0.0.1:56527 - R:localhost/127.0.0.1:51911]' for 'GET' to 'http://localhost:51911/session/8cfe0ebbeb3a89dc8a05b2ab57524511/element/50b64ec5-1f9b-4a0f-9b96-689b76b86a69/enabled'
15:55:00.589 [Forwarding isElementEnabled on session 8cfe0ebbeb3a89dc8a05b2ab57524511 to remote] DEBUG org.asynchttpclient.netty.request.NettyRequestSender - Using open Channel [id: 0x494219aa, L:/127.0.0.1:56527 - R:localhost/127.0.0.1:51911] for GET '/session/8cfe0ebbeb3a89dc8a05b2ab57524511/element/50b64ec5-1f9b-4a0f-9b96-689b76b86a69/enabled'
15:55:00.610 [AsyncHttpClient-1-2] DEBUG org.asynchttpclient.netty.handler.HttpHandler - 

Request DefaultFullHttpRequest(decodeResult: success, version: HTTP/1.1, content: EmptyByteBufBE)
GET /session/8cfe0ebbeb3a89dc8a05b2ab57524511/element/50b64ec5-1f9b-4a0f-9b96-689b76b86a69/enabled HTTP/1.1
User-Agent: selenium/4.1.2 (java windows)
Cache-Control: no-cache
Content-Type: application/json; charset=utf-8
host: localhost:51911
accept: */*

Response DefaultHttpResponse(decodeResult: success, version: HTTP/1.1)
HTTP/1.1 200 OK
Content-Type: application/json; charset=utf-8
cache-control: no-cache
content-length: 14

15:55:00.610 [AsyncHttpClient-1-2] DEBUG org.asynchttpclient.netty.channel.ChannelManager - Adding key: http://localhost:51911 for channel [id: 0x494219aa, L:/127.0.0.1:56527 - R:localhost/127.0.0.1:51911]
15:55:00.617 [Forwarding findElement on session 8cfe0ebbeb3a89dc8a05b2ab57524511 to remote] DEBUG org.asynchttpclient.netty.request.NettyRequestSender - Using pooled Channel '[id: 0x494219aa, L:/127.0.0.1:56527 - R:localhost/127.0.0.1:51911]' for 'POST' to 'http://localhost:51911/session/8cfe0ebbeb3a89dc8a05b2ab57524511/element'
15:55:00.618 [Forwarding findElement on session 8cfe0ebbeb3a89dc8a05b2ab57524511 to remote] DEBUG org.asynchttpclient.netty.request.NettyRequestSender - Using open Channel [id: 0x494219aa, L:/127.0.0.1:56527 - R:localhost/127.0.0.1:51911] for POST '/session/8cfe0ebbeb3a89dc8a05b2ab57524511/element'
15:55:00.635 [AsyncHttpClient-1-2] DEBUG org.asynchttpclient.netty.handler.HttpHandler - 

Request DefaultHttpRequest(decodeResult: success, version: HTTP/1.1)
POST /session/8cfe0ebbeb3a89dc8a05b2ab57524511/element HTTP/1.1
User-Agent: selenium/4.1.2 (java windows)
Content-Length: 136
Content-Type: application/json; charset=utf-8
host: localhost:51911
accept: */*

Response DefaultHttpResponse(decodeResult: success, version: HTTP/1.1)
HTTP/1.1 200 OK
Content-Type: application/json; charset=utf-8
cache-control: no-cache
content-length: 88

15:55:00.635 [AsyncHttpClient-1-2] DEBUG org.asynchttpclient.netty.channel.ChannelManager - Adding key: http://localhost:51911 for channel [id: 0x494219aa, L:/127.0.0.1:56527 - R:localhost/127.0.0.1:51911]
15:55:00.640 [Forwarding clickElement on session 8cfe0ebbeb3a89dc8a05b2ab57524511 to remote] DEBUG org.asynchttpclient.netty.request.NettyRequestSender - Using pooled Channel '[id: 0x494219aa, L:/127.0.0.1:56527 - R:localhost/127.0.0.1:51911]' for 'POST' to 'http://localhost:51911/session/8cfe0ebbeb3a89dc8a05b2ab57524511/element/50b64ec5-1f9b-4a0f-9b96-689b76b86a69/click'
15:55:00.640 [Forwarding clickElement on session 8cfe0ebbeb3a89dc8a05b2ab57524511 to remote] DEBUG org.asynchttpclient.netty.request.NettyRequestSender - Using open Channel [id: 0x494219aa, L:/127.0.0.1:56527 - R:localhost/127.0.0.1:51911] for POST '/session/8cfe0ebbeb3a89dc8a05b2ab57524511/element/50b64ec5-1f9b-4a0f-9b96-689b76b86a69/click'
15:55:00.766 [AsyncHttpClient-1-2] DEBUG org.asynchttpclient.netty.handler.HttpHandler - 

Request DefaultHttpRequest(decodeResult: success, version: HTTP/1.1)
POST /session/8cfe0ebbeb3a89dc8a05b2ab57524511/element/50b64ec5-1f9b-4a0f-9b96-689b76b86a69/click HTTP/1.1
User-Agent: selenium/4.1.2 (java windows)
Content-Length: 50
Content-Type: application/json; charset=utf-8
host: localhost:51911
accept: */*

Response DefaultHttpResponse(decodeResult: success, version: HTTP/1.1)
HTTP/1.1 200 OK
Content-Type: application/json; charset=utf-8
cache-control: no-cache
content-length: 14

15:55:00.766 [AsyncHttpClient-1-2] DEBUG org.asynchttpclient.netty.channel.ChannelManager - Adding key: http://localhost:51911 for channel [id: 0x494219aa, L:/127.0.0.1:56527 - R:localhost/127.0.0.1:51911]
15:55:00.799 [Forwarding screenshot on session 8cfe0ebbeb3a89dc8a05b2ab57524511 to remote] DEBUG org.asynchttpclient.netty.request.NettyRequestSender - Using pooled Channel '[id: 0x494219aa, L:/127.0.0.1:56527 - R:localhost/127.0.0.1:51911]' for 'GET' to 'http://localhost:51911/session/8cfe0ebbeb3a89dc8a05b2ab57524511/screenshot'
15:55:00.800 [Forwarding screenshot on session 8cfe0ebbeb3a89dc8a05b2ab57524511 to remote] DEBUG org.asynchttpclient.netty.request.NettyRequestSender - Using open Channel [id: 0x494219aa, L:/127.0.0.1:56527 - R:localhost/127.0.0.1:51911] for GET '/session/8cfe0ebbeb3a89dc8a05b2ab57524511/screenshot'
15:55:01.364 [AsyncHttpClient-1-1] DEBUG org.asynchttpclient.netty.channel.DefaultChannelPool - Entry count for : http://localhost:56529 : 1
15:55:01.371 [AsyncHttpClient-1-2] DEBUG org.asynchttpclient.netty.handler.HttpHandler - 

Request DefaultFullHttpRequest(decodeResult: success, version: HTTP/1.1, content: EmptyByteBufBE)
GET /session/8cfe0ebbeb3a89dc8a05b2ab57524511/screenshot HTTP/1.1
User-Agent: selenium/4.1.2 (java windows)
Cache-Control: no-cache
Content-Type: application/json; charset=utf-8
host: localhost:51911
accept: */*

Response DefaultHttpResponse(decodeResult: success, version: HTTP/1.1)
HTTP/1.1 200 OK
Content-Type: application/json; charset=utf-8
cache-control: no-cache
content-length: 31708

15:55:01.372 [AsyncHttpClient-1-2] DEBUG org.asynchttpclient.netty.channel.ChannelManager - Adding key: http://localhost:51911 for channel [id: 0x494219aa, L:/127.0.0.1:56527 - R:localhost/127.0.0.1:51911]
15:55:01.375 [main] DEBUG net.serenitybdd.core.photography.Darkroom - Send negative for processing for target\site\serenity\eec740e892368f780aea74168492277753bdbb56e4805998eb7df09c2f0dd5a9.png
15:55:01.375 [main] DEBUG net.thucydides.core.steps.StepInterceptor - STEP DONE: clickLoginButton
  &amp#27;[32mGiven &amp#27;[0m&amp#27;[32mI am on product page&amp#27;[0m                        &amp#27;[90m# starter.stepdefinitions.ProductSteps.iAmOnProductPage()&amp#27;[0m
15:55:01.383 [Darkroom Processing Line] DEBUG net.serenitybdd.core.photography.DarkroomProcessingLine - Processing screenshot image in /var/screenshots/screenshot-10023676700238500306
15:55:01.383 [Darkroom Processing Line] DEBUG net.serenitybdd.core.photography.DarkroomProcessingLine - Saving screenshot to target\site\serenity\eec740e892368f780aea74168492277753bdbb56e4805998eb7df09c2f0dd5a9.png
15:55:01.407 [main] DEBUG net.thucydides.core.steps.StepInterceptor - STARTING STEP: ProductSteps.iDontClickAnyBuyButtonOnProductTitle - productNameAppears
15:55:01.459 [Forwarding findElement on session 8cfe0ebbeb3a89dc8a05b2ab57524511 to remote] DEBUG org.asynchttpclient.netty.request.NettyRequestSender - Using pooled Channel '[id: 0x494219aa, L:/127.0.0.1:56527 - R:localhost/127.0.0.1:51911]' for 'POST' to 'http://localhost:51911/session/8cfe0ebbeb3a89dc8a05b2ab57524511/element'
15:55:01.459 [Forwarding findElement on session 8cfe0ebbeb3a89dc8a05b2ab57524511 to remote] DEBUG org.asynchttpclient.netty.request.NettyRequestSender - Using open Channel [id: 0x494219aa, L:/127.0.0.1:56527 - R:localhost/127.0.0.1:51911] for POST '/session/8cfe0ebbeb3a89dc8a05b2ab57524511/element'
15:55:01.470 [AsyncHttpClient-1-2] DEBUG org.asynchttpclient.netty.handler.HttpHandler - 

Request DefaultHttpRequest(decodeResult: success, version: HTTP/1.1)
POST /session/8cfe0ebbeb3a89dc8a05b2ab57524511/element HTTP/1.1
User-Agent: selenium/4.1.2 (java windows)
Content-Length: 53
Content-Type: application/json; charset=utf-8
host: localhost:51911
accept: */*

Response DefaultHttpResponse(decodeResult: success, version: HTTP/1.1)
HTTP/1.1 400 Bad Request
Content-Type: application/json; charset=utf-8
cache-control: no-cache
content-length: 957

15:55:01.470 [AsyncHttpClient-1-2] DEBUG org.asynchttpclient.netty.channel.ChannelManager - Adding key: http://localhost:51911 for channel [id: 0x494219aa, L:/127.0.0.1:56527 - R:localhost/127.0.0.1:51911]
15:55:01.475 [Forwarding findElement on session 8cfe0ebbeb3a89dc8a05b2ab57524511 to remote] DEBUG org.asynchttpclient.netty.request.NettyRequestSender - Using pooled Channel '[id: 0x494219aa, L:/127.0.0.1:56527 - R:localhost/127.0.0.1:51911]' for 'POST' to 'http://localhost:51911/session/8cfe0ebbeb3a89dc8a05b2ab57524511/element'
15:55:01.475 [Forwarding findElement on session 8cfe0ebbeb3a89dc8a05b2ab57524511 to remote] DEBUG org.asynchttpclient.netty.request.NettyRequestSender - Using open Channel [id: 0x494219aa, L:/127.0.0.1:56527 - R:localhost/127.0.0.1:51911] for POST '/session/8cfe0ebbeb3a89dc8a05b2ab57524511/element'
15:55:01.509 [AsyncHttpClient-1-2] DEBUG org.asynchttpclient.netty.handler.HttpHandler - 

Request DefaultHttpRequest(decodeResult: success, version: HTTP/1.1)
POST /session/8cfe0ebbeb3a89dc8a05b2ab57524511/element HTTP/1.1
User-Agent: selenium/4.1.2 (java windows)
Content-Length: 63
Content-Type: application/json; charset=utf-8
host: localhost:51911
accept: */*

Response DefaultHttpResponse(decodeResult: success, version: HTTP/1.1)
HTTP/1.1 200 OK
Content-Type: application/json; charset=utf-8
cache-control: no-cache
content-length: 88

15:55:01.509 [AsyncHttpClient-1-2] DEBUG org.asynchttpclient.netty.channel.ChannelManager - Adding key: http://localhost:51911 for channel [id: 0x494219aa, L:/127.0.0.1:56527 - R:localhost/127.0.0.1:51911]
15:55:01.517 [Forwarding isElementDisplayed on session 8cfe0ebbeb3a89dc8a05b2ab57524511 to remote] DEBUG org.asynchttpclient.netty.request.NettyRequestSender - Using pooled Channel '[id: 0x494219aa, L:/127.0.0.1:56527 - R:localhost/127.0.0.1:51911]' for 'POST' to 'http://localhost:51911/session/8cfe0ebbeb3a89dc8a05b2ab57524511/execute/sync'
15:55:01.517 [Forwarding isElementDisplayed on session 8cfe0ebbeb3a89dc8a05b2ab57524511 to remote] DEBUG org.asynchttpclient.netty.request.NettyRequestSender - Using open Channel [id: 0x494219aa, L:/127.0.0.1:56527 - R:localhost/127.0.0.1:51911] for POST '/session/8cfe0ebbeb3a89dc8a05b2ab57524511/execute/sync'
15:55:01.611 [AsyncHttpClient-1-2] DEBUG org.asynchttpclient.netty.handler.HttpHandler - 

Request DefaultHttpRequest(decodeResult: success, version: HTTP/1.1)
POST /session/8cfe0ebbeb3a89dc8a05b2ab57524511/execute/sync HTTP/1.1
User-Agent: selenium/4.1.2 (java windows)
Content-Length: 48780
Content-Type: application/json; charset=utf-8
host: localhost:51911
accept: */*

Response DefaultHttpResponse(decodeResult: success, version: HTTP/1.1)
HTTP/1.1 200 OK
Content-Type: application/json; charset=utf-8
cache-control: no-cache
content-length: 14

15:55:01.611 [AsyncHttpClient-1-2] DEBUG org.asynchttpclient.netty.channel.ChannelManager - Adding key: http://localhost:51911 for channel [id: 0x494219aa, L:/127.0.0.1:56527 - R:localhost/127.0.0.1:51911]
15:55:01.654 [Forwarding screenshot on session 8cfe0ebbeb3a89dc8a05b2ab57524511 to remote] DEBUG org.asynchttpclient.netty.request.NettyRequestSender - Using pooled Channel '[id: 0x494219aa, L:/127.0.0.1:56527 - R:localhost/127.0.0.1:51911]' for 'GET' to 'http://localhost:51911/session/8cfe0ebbeb3a89dc8a05b2ab57524511/screenshot'
15:55:01.654 [Forwarding screenshot on session 8cfe0ebbeb3a89dc8a05b2ab57524511 to remote] DEBUG org.asynchttpclient.netty.request.NettyRequestSender - Using open Channel [id: 0x494219aa, L:/127.0.0.1:56527 - R:localhost/127.0.0.1:51911] for GET '/session/8cfe0ebbeb3a89dc8a05b2ab57524511/screenshot'
15:55:02.480 [AsyncHttpClient-1-1] DEBUG org.asynchttpclient.netty.channel.DefaultChannelPool - Entry count for : http://localhost:56529 : 1
15:55:03.562 [AsyncHttpClient-1-1] DEBUG org.asynchttpclient.netty.channel.DefaultChannelPool - Entry count for : http://localhost:56529 : 1
15:55:04.662 [AsyncHttpClient-1-1] DEBUG org.asynchttpclient.netty.channel.DefaultChannelPool - Entry count for : http://localhost:56529 : 1
15:55:05.763 [AsyncHttpClient-1-1] DEBUG org.asynchttpclient.netty.channel.DefaultChannelPool - Entry count for : http://localhost:56529 : 1
15:55:06.875 [AsyncHttpClient-1-1] DEBUG org.asynchttpclient.netty.channel.DefaultChannelPool - Entry count for : http://localhost:56529 : 1
15:55:07.974 [AsyncHttpClient-1-1] DEBUG org.asynchttpclient.netty.channel.DefaultChannelPool - Entry count for : http://localhost:56529 : 1
15:55:09.072 [AsyncHttpClient-1-1] DEBUG org.asynchttpclient.netty.channel.DefaultChannelPool - Entry count for : http://localhost:56529 : 1
15:55:10.170 [AsyncHttpClient-1-1] DEBUG org.asynchttpclient.netty.channel.DefaultChannelPool - Entry count for : http://localhost:56529 : 1
15:55:11.307 [AsyncHttpClient-1-1] DEBUG org.asynchttpclient.netty.channel.DefaultChannelPool - Entry count for : http://localhost:56529 : 1
15:55:12.389 [AsyncHttpClient-1-1] DEBUG org.asynchttpclient.netty.channel.DefaultChannelPool - Entry count for : http://localhost:56529 : 1
15:55:13.333 [AsyncHttpClient-1-2] DEBUG org.asynchttpclient.netty.handler.HttpHandler - 

Request DefaultFullHttpRequest(decodeResult: success, version: HTTP/1.1, content: EmptyByteBufBE)
GET /session/8cfe0ebbeb3a89dc8a05b2ab57524511/screenshot HTTP/1.1
User-Agent: selenium/4.1.2 (java windows)
Cache-Control: no-cache
Content-Type: application/json; charset=utf-8
host: localhost:51911
accept: */*

Response DefaultHttpResponse(decodeResult: success, version: HTTP/1.1)
HTTP/1.1 200 OK
Content-Type: application/json; charset=utf-8
cache-control: no-cache
content-length: 31792

15:55:13.334 [AsyncHttpClient-1-2] DEBUG org.asynchttpclient.netty.channel.ChannelManager - Adding key: http://localhost:51911 for channel [id: 0x494219aa, L:/127.0.0.1:56527 - R:localhost/127.0.0.1:51911]
15:55:13.345 [main] DEBUG net.serenitybdd.core.photography.Darkroom - Send negative for processing for target\site\serenity\7850278a72b73e8da059473a052e67d987ffb4a02c39a84fc83f3c1ac5e2a7b3.png
15:55:13.347 [main] DEBUG net.thucydides.core.steps.StepInterceptor - STEP DONE: productNameAppears
15:55:13.347 [Darkroom Processing Line] DEBUG net.serenitybdd.core.photography.DarkroomProcessingLine - Processing screenshot image in /var/screenshots/screenshot-16612141116118721889
15:55:13.348 [Darkroom Processing Line] DEBUG net.serenitybdd.core.photography.DarkroomProcessingLine - Saving screenshot to target\site\serenity\7850278a72b73e8da059473a052e67d987ffb4a02c39a84fc83f3c1ac5e2a7b3.png
15:55:13.361 [main] DEBUG net.thucydides.core.steps.StepInterceptor - STARTING STEP: ProductSteps.iDontClickAnyBuyButtonOnProductTitle - clickShoppingCart
15:55:13.367 [Forwarding findElement on session 8cfe0ebbeb3a89dc8a05b2ab57524511 to remote] DEBUG org.asynchttpclient.netty.request.NettyRequestSender - Using pooled Channel '[id: 0x494219aa, L:/127.0.0.1:56527 - R:localhost/127.0.0.1:51911]' for 'POST' to 'http://localhost:51911/session/8cfe0ebbeb3a89dc8a05b2ab57524511/element'
15:55:13.367 [Forwarding findElement on session 8cfe0ebbeb3a89dc8a05b2ab57524511 to remote] DEBUG org.asynchttpclient.netty.request.NettyRequestSender - Using open Channel [id: 0x494219aa, L:/127.0.0.1:56527 - R:localhost/127.0.0.1:51911] for POST '/session/8cfe0ebbeb3a89dc8a05b2ab57524511/element'
15:55:13.403 [AsyncHttpClient-1-2] DEBUG org.asynchttpclient.netty.handler.HttpHandler - 

Request DefaultHttpRequest(decodeResult: success, version: HTTP/1.1)
POST /session/8cfe0ebbeb3a89dc8a05b2ab57524511/element HTTP/1.1
User-Agent: selenium/4.1.2 (java windows)
Content-Length: 213
Content-Type: application/json; charset=utf-8
host: localhost:51911
accept: */*

Response DefaultHttpResponse(decodeResult: success, version: HTTP/1.1)
HTTP/1.1 200 OK
Content-Type: application/json; charset=utf-8
cache-control: no-cache
content-length: 88

15:55:13.403 [AsyncHttpClient-1-2] DEBUG org.asynchttpclient.netty.channel.ChannelManager - Adding key: http://localhost:51911 for channel [id: 0x494219aa, L:/127.0.0.1:56527 - R:localhost/127.0.0.1:51911]
15:55:13.405 [Forwarding getElementTagName on session 8cfe0ebbeb3a89dc8a05b2ab57524511 to remote] DEBUG org.asynchttpclient.netty.request.NettyRequestSender - Using pooled Channel '[id: 0x494219aa, L:/127.0.0.1:56527 - R:localhost/127.0.0.1:51911]' for 'GET' to 'http://localhost:51911/session/8cfe0ebbeb3a89dc8a05b2ab57524511/element/6e2381a8-6c7f-4ae8-b576-842ba15e5649/name'
15:55:13.405 [Forwarding getElementTagName on session 8cfe0ebbeb3a89dc8a05b2ab57524511 to remote] DEBUG org.asynchttpclient.netty.request.NettyRequestSender - Using open Channel [id: 0x494219aa, L:/127.0.0.1:56527 - R:localhost/127.0.0.1:51911] for GET '/session/8cfe0ebbeb3a89dc8a05b2ab57524511/element/6e2381a8-6c7f-4ae8-b576-842ba15e5649/name'
15:55:13.411 [AsyncHttpClient-1-2] DEBUG org.asynchttpclient.netty.handler.HttpHandler - 

Request DefaultFullHttpRequest(decodeResult: success, version: HTTP/1.1, content: EmptyByteBufBE)
GET /session/8cfe0ebbeb3a89dc8a05b2ab57524511/element/6e2381a8-6c7f-4ae8-b576-842ba15e5649/name HTTP/1.1
User-Agent: selenium/4.1.2 (java windows)
Cache-Control: no-cache
Content-Type: application/json; charset=utf-8
host: localhost:51911
accept: */*

Response DefaultHttpResponse(decodeResult: success, version: HTTP/1.1)
HTTP/1.1 200 OK
Content-Type: application/json; charset=utf-8
cache-control: no-cache
content-length: 16

15:55:13.411 [AsyncHttpClient-1-2] DEBUG org.asynchttpclient.netty.channel.ChannelManager - Adding key: http://localhost:51911 for channel [id: 0x494219aa, L:/127.0.0.1:56527 - R:localhost/127.0.0.1:51911]
15:55:13.413 [Forwarding getElementTagName on session 8cfe0ebbeb3a89dc8a05b2ab57524511 to remote] DEBUG org.asynchttpclient.netty.request.NettyRequestSender - Using pooled Channel '[id: 0x494219aa, L:/127.0.0.1:56527 - R:localhost/127.0.0.1:51911]' for 'GET' to 'http://localhost:51911/session/8cfe0ebbeb3a89dc8a05b2ab57524511/element/6e2381a8-6c7f-4ae8-b576-842ba15e5649/name'
15:55:13.413 [Forwarding getElementTagName on session 8cfe0ebbeb3a89dc8a05b2ab57524511 to remote] DEBUG org.asynchttpclient.netty.request.NettyRequestSender - Using open Channel [id: 0x494219aa, L:/127.0.0.1:56527 - R:localhost/127.0.0.1:51911] for GET '/session/8cfe0ebbeb3a89dc8a05b2ab57524511/element/6e2381a8-6c7f-4ae8-b576-842ba15e5649/name'
15:55:13.420 [AsyncHttpClient-1-2] DEBUG org.asynchttpclient.netty.handler.HttpHandler - 

Request DefaultFullHttpRequest(decodeResult: success, version: HTTP/1.1, content: EmptyByteBufBE)
GET /session/8cfe0ebbeb3a89dc8a05b2ab57524511/element/6e2381a8-6c7f-4ae8-b576-842ba15e5649/name HTTP/1.1
User-Agent: selenium/4.1.2 (java windows)
Cache-Control: no-cache
Content-Type: application/json; charset=utf-8
host: localhost:51911
accept: */*

Response DefaultHttpResponse(decodeResult: success, version: HTTP/1.1)
HTTP/1.1 200 OK
Content-Type: application/json; charset=utf-8
cache-control: no-cache
content-length: 16

15:55:13.420 [AsyncHttpClient-1-2] DEBUG org.asynchttpclient.netty.channel.ChannelManager - Adding key: http://localhost:51911 for channel [id: 0x494219aa, L:/127.0.0.1:56527 - R:localhost/127.0.0.1:51911]
15:55:13.423 [Forwarding findElement on session 8cfe0ebbeb3a89dc8a05b2ab57524511 to remote] DEBUG org.asynchttpclient.netty.request.NettyRequestSender - Using pooled Channel '[id: 0x494219aa, L:/127.0.0.1:56527 - R:localhost/127.0.0.1:51911]' for 'POST' to 'http://localhost:51911/session/8cfe0ebbeb3a89dc8a05b2ab57524511/element'
15:55:13.423 [Forwarding findElement on session 8cfe0ebbeb3a89dc8a05b2ab57524511 to remote] DEBUG org.asynchttpclient.netty.request.NettyRequestSender - Using open Channel [id: 0x494219aa, L:/127.0.0.1:56527 - R:localhost/127.0.0.1:51911] for POST '/session/8cfe0ebbeb3a89dc8a05b2ab57524511/element'
15:55:13.468 [AsyncHttpClient-1-2] DEBUG org.asynchttpclient.netty.handler.HttpHandler - 

Request DefaultHttpRequest(decodeResult: success, version: HTTP/1.1)
POST /session/8cfe0ebbeb3a89dc8a05b2ab57524511/element HTTP/1.1
User-Agent: selenium/4.1.2 (java windows)
Content-Length: 213
Content-Type: application/json; charset=utf-8
host: localhost:51911
accept: */*

Response DefaultHttpResponse(decodeResult: success, version: HTTP/1.1)
HTTP/1.1 200 OK
Content-Type: application/json; charset=utf-8
cache-control: no-cache
content-length: 88

15:55:13.468 [AsyncHttpClient-1-2] DEBUG org.asynchttpclient.netty.channel.ChannelManager - Adding key: http://localhost:51911 for channel [id: 0x494219aa, L:/127.0.0.1:56527 - R:localhost/127.0.0.1:51911]
15:55:13.470 [Forwarding clickElement on session 8cfe0ebbeb3a89dc8a05b2ab57524511 to remote] DEBUG org.asynchttpclient.netty.request.NettyRequestSender - Using pooled Channel '[id: 0x494219aa, L:/127.0.0.1:56527 - R:localhost/127.0.0.1:51911]' for 'POST' to 'http://localhost:51911/session/8cfe0ebbeb3a89dc8a05b2ab57524511/element/6e2381a8-6c7f-4ae8-b576-842ba15e5649/click'
15:55:13.470 [Forwarding clickElement on session 8cfe0ebbeb3a89dc8a05b2ab57524511 to remote] DEBUG org.asynchttpclient.netty.request.NettyRequestSender - Using open Channel [id: 0x494219aa, L:/127.0.0.1:56527 - R:localhost/127.0.0.1:51911] for POST '/session/8cfe0ebbeb3a89dc8a05b2ab57524511/element/6e2381a8-6c7f-4ae8-b576-842ba15e5649/click'
15:55:13.511 [AsyncHttpClient-1-1] DEBUG org.asynchttpclient.netty.channel.DefaultChannelPool - Entry count for : http://localhost:56529 : 1
15:55:13.607 [AsyncHttpClient-1-2] DEBUG org.asynchttpclient.netty.handler.HttpHandler - 

Request DefaultHttpRequest(decodeResult: success, version: HTTP/1.1)
POST /session/8cfe0ebbeb3a89dc8a05b2ab57524511/element/6e2381a8-6c7f-4ae8-b576-842ba15e5649/click HTTP/1.1
User-Agent: selenium/4.1.2 (java windows)
Content-Length: 50
Content-Type: application/json; charset=utf-8
host: localhost:51911
accept: */*

Response DefaultHttpResponse(decodeResult: success, version: HTTP/1.1)
HTTP/1.1 200 OK
Content-Type: application/json; charset=utf-8
cache-control: no-cache
content-length: 14

15:55:13.607 [AsyncHttpClient-1-2] DEBUG org.asynchttpclient.netty.channel.ChannelManager - Adding key: http://localhost:51911 for channel [id: 0x494219aa, L:/127.0.0.1:56527 - R:localhost/127.0.0.1:51911]
15:55:13.619 [Forwarding screenshot on session 8cfe0ebbeb3a89dc8a05b2ab57524511 to remote] DEBUG org.asynchttpclient.netty.request.NettyRequestSender - Using pooled Channel '[id: 0x494219aa, L:/127.0.0.1:56527 - R:localhost/127.0.0.1:51911]' for 'GET' to 'http://localhost:51911/session/8cfe0ebbeb3a89dc8a05b2ab57524511/screenshot'
15:55:13.619 [Forwarding screenshot on session 8cfe0ebbeb3a89dc8a05b2ab57524511 to remote] DEBUG org.asynchttpclient.netty.request.NettyRequestSender - Using open Channel [id: 0x494219aa, L:/127.0.0.1:56527 - R:localhost/127.0.0.1:51911] for GET '/session/8cfe0ebbeb3a89dc8a05b2ab57524511/screenshot'
15:55:14.409 [AsyncHttpClient-1-2] DEBUG org.asynchttpclient.netty.handler.HttpHandler - 

Request DefaultFullHttpRequest(decodeResult: success, version: HTTP/1.1, content: EmptyByteBufBE)
GET /session/8cfe0ebbeb3a89dc8a05b2ab57524511/screenshot HTTP/1.1
User-Agent: selenium/4.1.2 (java windows)
Cache-Control: no-cache
Content-Type: application/json; charset=utf-8
host: localhost:51911
accept: */*

Response DefaultHttpResponse(decodeResult: success, version: HTTP/1.1)
HTTP/1.1 200 OK
Content-Type: application/json; charset=utf-8
cache-control: no-cache
content-length: 18884

15:55:14.409 [AsyncHttpClient-1-2] DEBUG org.asynchttpclient.netty.channel.ChannelManager - Adding key: http://localhost:51911 for channel [id: 0x494219aa, L:/127.0.0.1:56527 - R:localhost/127.0.0.1:51911]
15:55:14.411 [main] DEBUG net.serenitybdd.core.photography.Darkroom - Send negative for processing for target\site\serenity\c0eb834926ff62504e7e8e60540f312111e9fceac1c85218bc3fcf4b1f5485fd.png
15:55:14.411 [main] DEBUG net.thucydides.core.steps.StepInterceptor - STEP DONE: clickShoppingCart
  &amp#27;[32mWhen &amp#27;[0m&amp#27;[32mI dont click any buy button on product title&amp#27;[0m &amp#27;[90m# starter.stepdefinitions.ProductSteps.iDontClickAnyBuyButtonOnProductTitle()&amp#27;[0m
15:55:14.412 [Darkroom Processing Line] DEBUG net.serenitybdd.core.photography.DarkroomProcessingLine - Processing screenshot image in /var/screenshots/screenshot-8019570551149298752
15:55:14.412 [Darkroom Processing Line] DEBUG net.serenitybdd.core.photography.DarkroomProcessingLine - Saving screenshot to target\site\serenity\c0eb834926ff62504e7e8e60540f312111e9fceac1c85218bc3fcf4b1f5485fd.png
15:55:14.436 [main] DEBUG net.thucydides.core.steps.StepInterceptor - STARTING STEP: ProductSteps.myShoppingCartIsEmpty - verifyCartIsEmpty
15:55:14.442 [Forwarding findElement on session 8cfe0ebbeb3a89dc8a05b2ab57524511 to remote] DEBUG org.asynchttpclient.netty.request.NettyRequestSender - Using pooled Channel '[id: 0x494219aa, L:/127.0.0.1:56527 - R:localhost/127.0.0.1:51911]' for 'POST' to 'http://localhost:51911/session/8cfe0ebbeb3a89dc8a05b2ab57524511/element'
15:55:14.442 [Forwarding findElement on session 8cfe0ebbeb3a89dc8a05b2ab57524511 to remote] DEBUG org.asynchttpclient.netty.request.NettyRequestSender - Using open Channel [id: 0x494219aa, L:/127.0.0.1:56527 - R:localhost/127.0.0.1:51911] for POST '/session/8cfe0ebbeb3a89dc8a05b2ab57524511/element'
15:55:14.468 [AsyncHttpClient-1-2] DEBUG org.asynchttpclient.netty.handler.HttpHandler - 

Request DefaultHttpRequest(decodeResult: success, version: HTTP/1.1)
POST /session/8cfe0ebbeb3a89dc8a05b2ab57524511/element HTTP/1.1
User-Agent: selenium/4.1.2 (java windows)
Content-Length: 63
Content-Type: application/json; charset=utf-8
host: localhost:51911
accept: */*

Response DefaultHttpResponse(decodeResult: success, version: HTTP/1.1)
HTTP/1.1 200 OK
Content-Type: application/json; charset=utf-8
cache-control: no-cache
content-length: 88

15:55:14.468 [AsyncHttpClient-1-2] DEBUG org.asynchttpclient.netty.channel.ChannelManager - Adding key: http://localhost:51911 for channel [id: 0x494219aa, L:/127.0.0.1:56527 - R:localhost/127.0.0.1:51911]
15:55:14.477 [Forwarding isElementDisplayed on session 8cfe0ebbeb3a89dc8a05b2ab57524511 to remote] DEBUG org.asynchttpclient.netty.request.NettyRequestSender - Using pooled Channel '[id: 0x494219aa, L:/127.0.0.1:56527 - R:localhost/127.0.0.1:51911]' for 'POST' to 'http://localhost:51911/session/8cfe0ebbeb3a89dc8a05b2ab57524511/execute/sync'
15:55:14.477 [Forwarding isElementDisplayed on session 8cfe0ebbeb3a89dc8a05b2ab57524511 to remote] DEBUG org.asynchttpclient.netty.request.NettyRequestSender - Using open Channel [id: 0x494219aa, L:/127.0.0.1:56527 - R:localhost/127.0.0.1:51911] for POST '/session/8cfe0ebbeb3a89dc8a05b2ab57524511/execute/sync'
15:55:14.503 [AsyncHttpClient-1-2] DEBUG org.asynchttpclient.netty.handler.HttpHandler - 

Request DefaultHttpRequest(decodeResult: success, version: HTTP/1.1)
POST /session/8cfe0ebbeb3a89dc8a05b2ab57524511/execute/sync HTTP/1.1
User-Agent: selenium/4.1.2 (java windows)
Content-Length: 48780
Content-Type: application/json; charset=utf-8
host: localhost:51911
accept: */*

Response DefaultHttpResponse(decodeResult: success, version: HTTP/1.1)
HTTP/1.1 200 OK
Content-Type: application/json; charset=utf-8
cache-control: no-cache
content-length: 14

15:55:14.503 [AsyncHttpClient-1-2] DEBUG org.asynchttpclient.netty.channel.ChannelManager - Adding key: http://localhost:51911 for channel [id: 0x494219aa, L:/127.0.0.1:56527 - R:localhost/127.0.0.1:51911]
15:55:14.511 [Forwarding screenshot on session 8cfe0ebbeb3a89dc8a05b2ab57524511 to remote] DEBUG org.asynchttpclient.netty.request.NettyRequestSender - Using pooled Channel '[id: 0x494219aa, L:/127.0.0.1:56527 - R:localhost/127.0.0.1:51911]' for 'GET' to 'http://localhost:51911/session/8cfe0ebbeb3a89dc8a05b2ab57524511/screenshot'
15:55:14.512 [Forwarding screenshot on session 8cfe0ebbeb3a89dc8a05b2ab57524511 to remote] DEBUG org.asynchttpclient.netty.request.NettyRequestSender - Using open Channel [id: 0x494219aa, L:/127.0.0.1:56527 - R:localhost/127.0.0.1:51911] for GET '/session/8cfe0ebbeb3a89dc8a05b2ab57524511/screenshot'
15:55:14.559 [AsyncHttpClient-1-1] DEBUG org.asynchttpclient.netty.channel.DefaultChannelPool - Entry count for : http://localhost:56529 : 1
15:55:14.678 [AsyncHttpClient-1-2] DEBUG org.asynchttpclient.netty.handler.HttpHandler - 

Request DefaultFullHttpRequest(decodeResult: success, version: HTTP/1.1, content: EmptyByteBufBE)
GET /session/8cfe0ebbeb3a89dc8a05b2ab57524511/screenshot HTTP/1.1
User-Agent: selenium/4.1.2 (java windows)
Cache-Control: no-cache
Content-Type: application/json; charset=utf-8
host: localhost:51911
accept: */*

Response DefaultHttpResponse(decodeResult: success, version: HTTP/1.1)
HTTP/1.1 200 OK
Content-Type: application/json; charset=utf-8
cache-control: no-cache
content-length: 18764

15:55:14.679 [AsyncHttpClient-1-2] DEBUG org.asynchttpclient.netty.channel.ChannelManager - Adding key: http://localhost:51911 for channel [id: 0x494219aa, L:/127.0.0.1:56527 - R:localhost/127.0.0.1:51911]
15:55:14.680 [main] DEBUG net.serenitybdd.core.photography.Darkroom - Send negative for processing for target\site\serenity\cdc3ccd7e3c97a6bfc8cb981dba82df5950f61920179e6f0d519c762cf7a185e.png
15:55:14.681 [main] DEBUG net.thucydides.core.steps.StepInterceptor - STEP DONE: verifyCartIsEmpty
  &amp#27;[32mThen &amp#27;[0m&amp#27;[32mMy shopping cart is empty&amp#27;[0m                    &amp#27;[90m# starter.stepdefinitions.ProductSteps.myShoppingCartIsEmpty()&amp#27;[0m
15:55:14.681 [Darkroom Processing Line] DEBUG net.serenitybdd.core.photography.DarkroomProcessingLine - Processing screenshot image in /var/screenshots/screenshot-8359097621882122288
15:55:14.681 [Darkroom Processing Line] DEBUG net.serenitybdd.core.photography.DarkroomProcessingLine - Saving screenshot to target\site\serenity\cdc3ccd7e3c97a6bfc8cb981dba82df5950f61920179e6f0d519c762cf7a185e.png
15:55:14.690 [main] INFO  - 
  _____   ___   ___   _____     ___     _     ___   ___   ___   ___  
 |_   _| | __| / __| |_   _|   | _ \   /_\   / __| / __| | __| |   \ 
   | |   | _|  \__ \   | |     |  _/  / _ \  \__ \ \__ \ | _|  | |) |
   |_|   |___| |___/   |_|     |_|   /_/ \_\ |___/ |___/ |___| |___/ 

When i don't buy anything on product page
----------------------------------------------------------------------
15:55:14.692 [AsyncHttpClient-1-4] DEBUG org.asynchttpclient.netty.handler.WebSocketHandler - Channel Closed: [id: 0xc1d8360f, L:/127.0.0.1:56536 ! R:localhost/127.0.0.1:56529] with attribute NettyResponseFuture{currentRetry=5,
	isDone=1,
	isCancelled=0,
	asyncHandler=org.asynchttpclient.ws.WebSocketUpgradeHandler@20fcad0d,
	nettyRequest=org.asynchttpclient.netty.request.NettyRequest@6e98d135,
	future=java.util.concurrent.CompletableFuture@5ca4b942[Completed normally],
	uri=ws://localhost:56529/devtools/browser/8328931f-09cb-416d-87c0-610cf56aaff6,
	keepAlive=true,
	redirectCount=0,
	timeoutsHolder=null,
	inAuth=0,
	touch=1652864095356}
15:55:14.692 [AsyncHttpClient-1-4] DEBUG org.asynchttpclient.netty.channel.ChannelManager - Closing Channel [id: 0xc1d8360f, L:/127.0.0.1:56536 ! R:localhost/127.0.0.1:56529] 
15:55:14.697 [Driver Command Executor] DEBUG org.asynchttpclient.netty.request.NettyRequestSender - Using pooled Channel '[id: 0x494219aa, L:/127.0.0.1:56527 - R:localhost/127.0.0.1:51911]' for 'DELETE' to 'http://localhost:51911/session/8cfe0ebbeb3a89dc8a05b2ab57524511'
15:55:14.697 [Driver Command Executor] DEBUG org.asynchttpclient.netty.request.NettyRequestSender - Using open Channel [id: 0x494219aa, L:/127.0.0.1:56527 - R:localhost/127.0.0.1:51911] for DELETE '/session/8cfe0ebbeb3a89dc8a05b2ab57524511'
15:55:14.909 [AsyncHttpClient-1-3] DEBUG org.asynchttpclient.netty.handler.HttpHandler - Unexpected I/O exception on channel [id: 0x65e30843, L:/127.0.0.1:56535 - R:localhost/127.0.0.1:56529]
java.net.SocketException: Connection reset
	at java.base/sun.nio.ch.SocketChannelImpl.throwConnectionReset(SocketChannelImpl.java:367)
	at java.base/sun.nio.ch.SocketChannelImpl.read(SocketChannelImpl.java:398)
	at io.netty.buffer.PooledByteBuf.setBytes(PooledByteBuf.java:258)
	at io.netty.buffer.AbstractByteBuf.writeBytes(AbstractByteBuf.java:1132)
	at io.netty.channel.socket.nio.NioSocketChannel.doReadBytes(NioSocketChannel.java:350)
	at io.netty.channel.nio.AbstractNioByteChannel$NioByteUnsafe.read(AbstractNioByteChannel.java:151)
	at io.netty.channel.nio.NioEventLoop.processSelectedKey(NioEventLoop.java:722)
	at io.netty.channel.nio.NioEventLoop.processSelectedKeysOptimized(NioEventLoop.java:658)
	at io.netty.channel.nio.NioEventLoop.processSelectedKeys(NioEventLoop.java:584)
	at io.netty.channel.nio.NioEventLoop.run(NioEventLoop.java:496)
	at io.netty.util.concurrent.SingleThreadEventExecutor$4.run(SingleThreadEventExecutor.java:986)
	at io.netty.util.internal.ThreadExecutorMap$2.run(ThreadExecutorMap.java:74)
	at io.netty.util.concurrent.FastThreadLocalRunnable.run(FastThreadLocalRunnable.java:30)
	at java.base/java.lang.Thread.run(Thread.java:832)
15:55:14.909 [AsyncHttpClient-1-3] DEBUG org.asynchttpclient.netty.channel.ChannelManager - Closing Channel [id: 0x65e30843, L:/127.0.0.1:56535 - R:localhost/127.0.0.1:56529] 
15:55:14.910 [AsyncHttpClient-1-3] DEBUG org.asynchttpclient.netty.handler.HttpHandler - Channel Closed: [id: 0x65e30843, L:/127.0.0.1:56535 ! R:localhost/127.0.0.1:56529] with attribute DISCARD
15:55:14.931 [AsyncHttpClient-1-2] DEBUG org.asynchttpclient.netty.handler.HttpHandler - 

Request DefaultFullHttpRequest(decodeResult: success, version: HTTP/1.1, content: EmptyByteBufBE)
DELETE /session/8cfe0ebbeb3a89dc8a05b2ab57524511 HTTP/1.1
User-Agent: selenium/4.1.2 (java windows)
Content-Type: application/json; charset=utf-8
host: localhost:51911
accept: */*

Response DefaultHttpResponse(decodeResult: success, version: HTTP/1.1)
HTTP/1.1 200 OK
Content-Type: application/json; charset=utf-8
cache-control: no-cache
content-length: 14

15:55:14.931 [AsyncHttpClient-1-2] DEBUG org.asynchttpclient.netty.channel.ChannelManager - Adding key: http://localhost:51911 for channel [id: 0x494219aa, L:/127.0.0.1:56527 - R:localhost/127.0.0.1:51911]
15:55:15.391 [AsyncHttpClient-1-2] DEBUG org.asynchttpclient.netty.handler.HttpHandler - Channel Closed: [id: 0x494219aa, L:/127.0.0.1:56527 ! R:localhost/127.0.0.1:51911] with attribute DISCARD
15:55:15.672 [AsyncHttpClient-1-1] DEBUG org.asynchttpclient.netty.channel.DefaultChannelPool - Entry count for : http://localhost:56529 : 1
15:55:15.672 [AsyncHttpClient-1-1] DEBUG org.asynchttpclient.netty.channel.DefaultChannelPool - Entry count for : http://localhost:51911 : 1
15:55:15.672 [AsyncHttpClient-1-1] DEBUG org.asynchttpclient.netty.channel.DefaultChannelPool - Adding Candidate expired Channel [id: 0x65e30843, L:/127.0.0.1:56535 ! R:localhost/127.0.0.1:56529] isIdleTimeoutExpired=false isRemotelyClosed=true isTtlExpired=false
15:55:15.672 [AsyncHttpClient-1-1] DEBUG org.asynchttpclient.netty.channel.DefaultChannelPool - Closing Idle Channel [id: 0x65e30843, L:/127.0.0.1:56535 ! R:localhost/127.0.0.1:56529]
15:55:15.672 [AsyncHttpClient-1-1] DEBUG org.asynchttpclient.netty.channel.DefaultChannelPool - Adding Candidate expired Channel [id: 0x494219aa, L:/127.0.0.1:56527 ! R:localhost/127.0.0.1:51911] isIdleTimeoutExpired=false isRemotelyClosed=true isTtlExpired=false
15:55:15.672 [AsyncHttpClient-1-1] DEBUG org.asynchttpclient.netty.channel.DefaultChannelPool - Closing Idle Channel [id: 0x494219aa, L:/127.0.0.1:56527 ! R:localhost/127.0.0.1:51911]
15:55:15.672 [AsyncHttpClient-1-1] DEBUG org.asynchttpclient.netty.channel.DefaultChannelPool - Closed 2 connections out of 2 in 0 ms
]]></system-out>
    <system-err><![CDATA[Starting ChromeDriver 100.0.4896.60 (6a5d10861ce8de5fce22564658033b43cb7de047-refs/branch-heads/4896@{#875}) on port 51911
Only local connections are allowed.
Please see https://chromedriver.chromium.org/security-considerations for suggestions on keeping ChromeDriver safe.
ChromeDriver was started successfully.
[1652864094.773][WARNING]: This version of ChromeDriver has not been tested with Chrome version 101.
May 18, 2022 3:54:55 PM org.openqa.selenium.remote.ProtocolHandshake createSession
INFO: Detected dialect: W3C
May 18, 2022 3:54:55 PM org.openqa.selenium.devtools.CdpVersionFinder findNearestMatch
WARNING: Unable to find an exact match for CDP version 101, so returning the closest version found: 97
May 18, 2022 3:54:55 PM org.openqa.selenium.devtools.CdpVersionFinder findNearestMatch
INFO: Found CDP implementation for version 101 of 97
]]></system-err>
  </testcase>
  <testcase name="Using category bar" classname="Product" time="25.369">
    <system-out><![CDATA[
Scenario: Using category bar                      &amp#27;[90m# src/test/resources/features/Product.feature:23&amp#27;[0m
15:55:15.965 [main] INFO io.cucumber.core.plugin.SerenityReporter - Running feature from file:///C:/Users/ponda/Documents/Final_Project/Final_Web/src/test/resources/features/Product.feature
15:55:15.972 [main] INFO  - 
  _____   ___   ___   _____     ___   _____     _     ___   _____   ___   ___  
 |_   _| | __| / __| |_   _|   / __| |_   _|   /_\   | _ \ |_   _| | __| |   \ 
   | |   | _|  \__ \   | |     \__ \   | |    / _ \  |   /   | |   | _|  | |) |
   |_|   |___| |___/   |_|     |___/   |_|   /_/ \_\ |_|_\   |_|   |___| |___/ 

Using category bar(product;using-category-bar)
--------------------------------------------------------------------------------
15:55:16.087 [main] DEBUG net.thucydides.core.steps.StepInterceptor - STARTING STEP: ProductSteps.iAmOnProductPage - openUrl
15:55:16.089 [main] INFO net.serenitybdd.core.webdriver.driverproviders.ChromeDriverProvider - Using automatically driver download
15:55:16.411 [main] DEBUG io.github.bonigarcia.wdm.cache.ResolutionCache - Resolution chrome=101 in cache (valid until 16:36:25 18/05/2022 WIB)
15:55:16.426 [main] DEBUG io.github.bonigarcia.wdm.cache.ResolutionCache - Resolution chrome101=101.0.4951.41 in cache (valid until 16:04:06 18/05/2022 WIB)
15:55:16.432 [main] INFO io.github.bonigarcia.wdm.WebDriverManager - Using chromedriver 101.0.4951.41 (resolved driver for Chrome 101)
15:55:16.478 [main] DEBUG io.github.bonigarcia.wdm.WebDriverManager - Driver chromedriver 101.0.4951.41 found in cache
15:55:16.479 [main] INFO io.github.bonigarcia.wdm.WebDriverManager - Exporting webdriver.chrome.driver as C:\Users\ponda\.cache\selenium\chromedriver\win32\101.0.4951.41\chromedriver.exe
15:55:16.686 [main] DEBUG net.serenitybdd.core.webdriver.driverproviders.ProvideNewDriver - Instantiating driver
15:55:16.686 [main] DEBUG net.serenitybdd.core.webdriver.driverproviders.ProvideNewDriver - Driver capabilities: Capabilities {acceptInsecureCerts: false, base.url: https://qa.alta.id, browserName: chrome, chrome.driver: src/test/resources/webdrive..., driver: chrome, goog:chromeOptions: {args: [], extensions: []}}
15:55:17.276 [AsyncHttpClient-1-5] DEBUG org.asynchttpclient.netty.channel.NettyConnectListener - Using new Channel '[id: 0xfd1ce392, L:/127.0.0.1:56563 - R:localhost/127.0.0.1:55754]' for 'POST' to '/session'
15:55:19.426 [AsyncHttpClient-1-5] DEBUG org.asynchttpclient.netty.handler.HttpHandler - 

Request DefaultHttpRequest(decodeResult: success, version: HTTP/1.1)
POST /session HTTP/1.1
User-Agent: selenium/4.1.2 (java windows)
Content-Length: 599
Content-Type: application/json; charset=utf-8
host: localhost:55754
accept: */*

Response DefaultHttpResponse(decodeResult: success, version: HTTP/1.1)
HTTP/1.1 200 OK
Content-Type: application/json; charset=utf-8
cache-control: no-cache
content-length: 790

15:55:19.426 [AsyncHttpClient-1-5] DEBUG org.asynchttpclient.netty.channel.ChannelManager - Adding key: http://localhost:55754 for channel [id: 0xfd1ce392, L:/127.0.0.1:56563 - R:localhost/127.0.0.1:55754]
15:55:19.439 [AsyncHttpClient-1-2] DEBUG org.asynchttpclient.netty.channel.NettyConnectListener - Using new Channel '[id: 0x02741d3c, L:/127.0.0.1:56570 - R:localhost/127.0.0.1:56565]' for 'GET' to '/json/version'
15:55:19.440 [AsyncHttpClient-1-2] DEBUG org.asynchttpclient.netty.handler.HttpHandler - 

Request DefaultFullHttpRequest(decodeResult: success, version: HTTP/1.1, content: EmptyByteBufBE)
GET /json/version HTTP/1.1
User-Agent: selenium/4.1.2 (java windows)
host: localhost:56565
accept: */*

Response DefaultHttpResponse(decodeResult: success, version: HTTP/1.1)
HTTP/1.1 200 OK
Content-Type: application/json; charset=UTF-8
content-length: 427

15:55:19.440 [AsyncHttpClient-1-2] DEBUG org.asynchttpclient.netty.channel.ChannelManager - Adding key: http://localhost:56565 for channel [id: 0x02741d3c, L:/127.0.0.1:56570 - R:localhost/127.0.0.1:56565]
15:55:19.445 [AsyncHttpClient-1-3] DEBUG org.asynchttpclient.netty.channel.NettyConnectListener - Using new Channel '[id: 0xd232acb8, L:/127.0.0.1:56571 - R:localhost/127.0.0.1:56565]' for 'GET' to '/devtools/browser/3f069e6a-0912-4e66-9e2a-9f4a9ff791ad'
15:55:19.454 [AsyncHttpClient-1-3] DEBUG org.asynchttpclient.netty.handler.WebSocketHandler - 

Request DefaultFullHttpRequest(decodeResult: success, version: HTTP/1.1, content: EmptyByteBufBE)
GET /devtools/browser/3f069e6a-0912-4e66-9e2a-9f4a9ff791ad HTTP/1.1
upgrade: websocket
connection: upgrade
sec-websocket-key: oVVhbHrSEPdX7aKIs0Zhhg==
sec-websocket-version: 13
origin: http://localhost:56565
host: localhost:56565
accept: */*
user-agent: AHC/2.1

Response DefaultHttpResponse(decodeResult: success, version: HTTP/1.1)
HTTP/1.1 101 WebSocket Protocol Handshake
Upgrade: WebSocket
Connection: Upgrade
Sec-WebSocket-Accept: VlkWTZ/Ond9s2wgGm2mbz4NfLtI=

15:55:19.462 [Forwarding maximizeCurrentWindow on session 5abd7f0866e61bfd06e3ee42ba72fad6 to remote] DEBUG org.asynchttpclient.netty.request.NettyRequestSender - Using pooled Channel '[id: 0xfd1ce392, L:/127.0.0.1:56563 - R:localhost/127.0.0.1:55754]' for 'POST' to 'http://localhost:55754/session/5abd7f0866e61bfd06e3ee42ba72fad6/window/maximize'
15:55:19.462 [Forwarding maximizeCurrentWindow on session 5abd7f0866e61bfd06e3ee42ba72fad6 to remote] DEBUG org.asynchttpclient.netty.request.NettyRequestSender - Using open Channel [id: 0xfd1ce392, L:/127.0.0.1:56563 - R:localhost/127.0.0.1:55754] for POST '/session/5abd7f0866e61bfd06e3ee42ba72fad6/window/maximize'
15:55:19.752 [AsyncHttpClient-1-5] DEBUG org.asynchttpclient.netty.handler.HttpHandler - 

Request DefaultHttpRequest(decodeResult: success, version: HTTP/1.1)
POST /session/5abd7f0866e61bfd06e3ee42ba72fad6/window/maximize HTTP/1.1
User-Agent: selenium/4.1.2 (java windows)
Content-Length: 3
Content-Type: application/json; charset=utf-8
host: localhost:55754
accept: */*

Response DefaultHttpResponse(decodeResult: success, version: HTTP/1.1)
HTTP/1.1 200 OK
Content-Type: application/json; charset=utf-8
cache-control: no-cache
content-length: 51

15:55:19.752 [AsyncHttpClient-1-5] DEBUG org.asynchttpclient.netty.channel.ChannelManager - Adding key: http://localhost:55754 for channel [id: 0xfd1ce392, L:/127.0.0.1:56563 - R:localhost/127.0.0.1:55754]
15:55:19.755 [Forwarding get on session 5abd7f0866e61bfd06e3ee42ba72fad6 to remote] DEBUG org.asynchttpclient.netty.request.NettyRequestSender - Using pooled Channel '[id: 0xfd1ce392, L:/127.0.0.1:56563 - R:localhost/127.0.0.1:55754]' for 'POST' to 'http://localhost:55754/session/5abd7f0866e61bfd06e3ee42ba72fad6/url'
15:55:19.755 [Forwarding get on session 5abd7f0866e61bfd06e3ee42ba72fad6 to remote] DEBUG org.asynchttpclient.netty.request.NettyRequestSender - Using open Channel [id: 0xfd1ce392, L:/127.0.0.1:56563 - R:localhost/127.0.0.1:55754] for POST '/session/5abd7f0866e61bfd06e3ee42ba72fad6/url'
15:55:20.114 [AsyncHttpClient-1-1] DEBUG org.asynchttpclient.netty.channel.DefaultChannelPool - Entry count for : http://localhost:56565 : 1
15:55:21.160 [AsyncHttpClient-1-1] DEBUG org.asynchttpclient.netty.channel.DefaultChannelPool - Entry count for : http://localhost:56565 : 1
15:55:22.132 [AsyncHttpClient-1-5] DEBUG org.asynchttpclient.netty.handler.HttpHandler - 

Request DefaultHttpRequest(decodeResult: success, version: HTTP/1.1)
POST /session/5abd7f0866e61bfd06e3ee42ba72fad6/url HTTP/1.1
User-Agent: selenium/4.1.2 (java windows)
Content-Length: 64
Content-Type: application/json; charset=utf-8
host: localhost:55754
accept: */*

Response DefaultHttpResponse(decodeResult: success, version: HTTP/1.1)
HTTP/1.1 200 OK
Content-Type: application/json; charset=utf-8
cache-control: no-cache
content-length: 14

15:55:22.132 [AsyncHttpClient-1-5] DEBUG org.asynchttpclient.netty.channel.ChannelManager - Adding key: http://localhost:55754 for channel [id: 0xfd1ce392, L:/127.0.0.1:56563 - R:localhost/127.0.0.1:55754]
15:55:22.134 [Forwarding setTimeout on session 5abd7f0866e61bfd06e3ee42ba72fad6 to remote] DEBUG org.asynchttpclient.netty.request.NettyRequestSender - Using pooled Channel '[id: 0xfd1ce392, L:/127.0.0.1:56563 - R:localhost/127.0.0.1:55754]' for 'POST' to 'http://localhost:55754/session/5abd7f0866e61bfd06e3ee42ba72fad6/timeouts'
15:55:22.134 [Forwarding setTimeout on session 5abd7f0866e61bfd06e3ee42ba72fad6 to remote] DEBUG org.asynchttpclient.netty.request.NettyRequestSender - Using open Channel [id: 0xfd1ce392, L:/127.0.0.1:56563 - R:localhost/127.0.0.1:55754] for POST '/session/5abd7f0866e61bfd06e3ee42ba72fad6/timeouts'
15:55:22.136 [AsyncHttpClient-1-5] DEBUG org.asynchttpclient.netty.handler.HttpHandler - 

Request DefaultHttpRequest(decodeResult: success, version: HTTP/1.1)
POST /session/5abd7f0866e61bfd06e3ee42ba72fad6/timeouts HTTP/1.1
User-Agent: selenium/4.1.2 (java windows)
Content-Length: 22
Content-Type: application/json; charset=utf-8
host: localhost:55754
accept: */*

Response DefaultHttpResponse(decodeResult: success, version: HTTP/1.1)
HTTP/1.1 200 OK
Content-Type: application/json; charset=utf-8
cache-control: no-cache
content-length: 14

15:55:22.136 [AsyncHttpClient-1-5] DEBUG org.asynchttpclient.netty.channel.ChannelManager - Adding key: http://localhost:55754 for channel [id: 0xfd1ce392, L:/127.0.0.1:56563 - R:localhost/127.0.0.1:55754]
15:55:22.152 [Forwarding getCurrentUrl on session 5abd7f0866e61bfd06e3ee42ba72fad6 to remote] DEBUG org.asynchttpclient.netty.request.NettyRequestSender - Using pooled Channel '[id: 0xfd1ce392, L:/127.0.0.1:56563 - R:localhost/127.0.0.1:55754]' for 'GET' to 'http://localhost:55754/session/5abd7f0866e61bfd06e3ee42ba72fad6/url'
15:55:22.152 [Forwarding getCurrentUrl on session 5abd7f0866e61bfd06e3ee42ba72fad6 to remote] DEBUG org.asynchttpclient.netty.request.NettyRequestSender - Using open Channel [id: 0xfd1ce392, L:/127.0.0.1:56563 - R:localhost/127.0.0.1:55754] for GET '/session/5abd7f0866e61bfd06e3ee42ba72fad6/url'
15:55:22.168 [AsyncHttpClient-1-5] DEBUG org.asynchttpclient.netty.handler.HttpHandler - 

Request DefaultFullHttpRequest(decodeResult: success, version: HTTP/1.1, content: EmptyByteBufBE)
GET /session/5abd7f0866e61bfd06e3ee42ba72fad6/url HTTP/1.1
User-Agent: selenium/4.1.2 (java windows)
Cache-Control: no-cache
Content-Type: application/json; charset=utf-8
host: localhost:55754
accept: */*

Response DefaultHttpResponse(decodeResult: success, version: HTTP/1.1)
HTTP/1.1 200 OK
Content-Type: application/json; charset=utf-8
cache-control: no-cache
content-length: 41

15:55:22.168 [AsyncHttpClient-1-5] DEBUG org.asynchttpclient.netty.channel.ChannelManager - Adding key: http://localhost:55754 for channel [id: 0xfd1ce392, L:/127.0.0.1:56563 - R:localhost/127.0.0.1:55754]
15:55:22.189 [Forwarding screenshot on session 5abd7f0866e61bfd06e3ee42ba72fad6 to remote] DEBUG org.asynchttpclient.netty.request.NettyRequestSender - Using pooled Channel '[id: 0xfd1ce392, L:/127.0.0.1:56563 - R:localhost/127.0.0.1:55754]' for 'GET' to 'http://localhost:55754/session/5abd7f0866e61bfd06e3ee42ba72fad6/screenshot'
15:55:22.189 [Forwarding screenshot on session 5abd7f0866e61bfd06e3ee42ba72fad6 to remote] DEBUG org.asynchttpclient.netty.request.NettyRequestSender - Using open Channel [id: 0xfd1ce392, L:/127.0.0.1:56563 - R:localhost/127.0.0.1:55754] for GET '/session/5abd7f0866e61bfd06e3ee42ba72fad6/screenshot'
15:55:22.259 [AsyncHttpClient-1-1] DEBUG org.asynchttpclient.netty.channel.DefaultChannelPool - Entry count for : http://localhost:56565 : 1
15:55:22.592 [AsyncHttpClient-1-5] DEBUG org.asynchttpclient.netty.handler.HttpHandler - 

Request DefaultFullHttpRequest(decodeResult: success, version: HTTP/1.1, content: EmptyByteBufBE)
GET /session/5abd7f0866e61bfd06e3ee42ba72fad6/screenshot HTTP/1.1
User-Agent: selenium/4.1.2 (java windows)
Cache-Control: no-cache
Content-Type: application/json; charset=utf-8
host: localhost:55754
accept: */*

Response DefaultHttpResponse(decodeResult: success, version: HTTP/1.1)
HTTP/1.1 200 OK
Content-Type: application/json; charset=utf-8
cache-control: no-cache
content-length: 25384

15:55:22.592 [AsyncHttpClient-1-5] DEBUG org.asynchttpclient.netty.channel.ChannelManager - Adding key: http://localhost:55754 for channel [id: 0xfd1ce392, L:/127.0.0.1:56563 - R:localhost/127.0.0.1:55754]
15:55:22.594 [main] DEBUG net.serenitybdd.core.photography.Darkroom - Send negative for processing for target\site\serenity\49a3ec3fe6e588bb357024d38ea075b8250cb5f32bd132770e4d40bc98d606c0.png
15:55:22.594 [main] DEBUG net.thucydides.core.steps.StepInterceptor - STEP DONE: openUrl
15:55:22.606 [main] DEBUG net.thucydides.core.steps.StepInterceptor - STARTING STEP: ProductSteps.iAmOnProductPage - inputEmail
15:55:22.610 [Forwarding findElement on session 5abd7f0866e61bfd06e3ee42ba72fad6 to remote] DEBUG org.asynchttpclient.netty.request.NettyRequestSender - Using pooled Channel '[id: 0xfd1ce392, L:/127.0.0.1:56563 - R:localhost/127.0.0.1:55754]' for 'POST' to 'http://localhost:55754/session/5abd7f0866e61bfd06e3ee42ba72fad6/element'
15:55:22.610 [Forwarding findElement on session 5abd7f0866e61bfd06e3ee42ba72fad6 to remote] DEBUG org.asynchttpclient.netty.request.NettyRequestSender - Using open Channel [id: 0xfd1ce392, L:/127.0.0.1:56563 - R:localhost/127.0.0.1:55754] for POST '/session/5abd7f0866e61bfd06e3ee42ba72fad6/element'
15:55:22.629 [AsyncHttpClient-1-5] DEBUG org.asynchttpclient.netty.handler.HttpHandler - 

Request DefaultHttpRequest(decodeResult: success, version: HTTP/1.1)
POST /session/5abd7f0866e61bfd06e3ee42ba72fad6/element HTTP/1.1
User-Agent: selenium/4.1.2 (java windows)
Content-Length: 86
Content-Type: application/json; charset=utf-8
host: localhost:55754
accept: */*

Response DefaultHttpResponse(decodeResult: success, version: HTTP/1.1)
HTTP/1.1 200 OK
Content-Type: application/json; charset=utf-8
cache-control: no-cache
content-length: 88

15:55:22.629 [AsyncHttpClient-1-5] DEBUG org.asynchttpclient.netty.channel.ChannelManager - Adding key: http://localhost:55754 for channel [id: 0xfd1ce392, L:/127.0.0.1:56563 - R:localhost/127.0.0.1:55754]
15:55:22.630 [Forwarding clearElement on session 5abd7f0866e61bfd06e3ee42ba72fad6 to remote] DEBUG org.asynchttpclient.netty.request.NettyRequestSender - Using pooled Channel '[id: 0xfd1ce392, L:/127.0.0.1:56563 - R:localhost/127.0.0.1:55754]' for 'POST' to 'http://localhost:55754/session/5abd7f0866e61bfd06e3ee42ba72fad6/element/bdbf898b-495a-4c87-b725-79af5314bde8/clear'
15:55:22.630 [Forwarding clearElement on session 5abd7f0866e61bfd06e3ee42ba72fad6 to remote] DEBUG org.asynchttpclient.netty.request.NettyRequestSender - Using open Channel [id: 0xfd1ce392, L:/127.0.0.1:56563 - R:localhost/127.0.0.1:55754] for POST '/session/5abd7f0866e61bfd06e3ee42ba72fad6/element/bdbf898b-495a-4c87-b725-79af5314bde8/clear'
15:55:22.680 [AsyncHttpClient-1-5] DEBUG org.asynchttpclient.netty.handler.HttpHandler - 

Request DefaultHttpRequest(decodeResult: success, version: HTTP/1.1)
POST /session/5abd7f0866e61bfd06e3ee42ba72fad6/element/bdbf898b-495a-4c87-b725-79af5314bde8/clear HTTP/1.1
User-Agent: selenium/4.1.2 (java windows)
Content-Length: 50
Content-Type: application/json; charset=utf-8
host: localhost:55754
accept: */*

Response DefaultHttpResponse(decodeResult: success, version: HTTP/1.1)
HTTP/1.1 200 OK
Content-Type: application/json; charset=utf-8
cache-control: no-cache
content-length: 14

15:55:22.680 [AsyncHttpClient-1-5] DEBUG org.asynchttpclient.netty.channel.ChannelManager - Adding key: http://localhost:55754 for channel [id: 0xfd1ce392, L:/127.0.0.1:56563 - R:localhost/127.0.0.1:55754]
15:55:22.682 [Forwarding sendKeysToElement on session 5abd7f0866e61bfd06e3ee42ba72fad6 to remote] DEBUG org.asynchttpclient.netty.request.NettyRequestSender - Using pooled Channel '[id: 0xfd1ce392, L:/127.0.0.1:56563 - R:localhost/127.0.0.1:55754]' for 'POST' to 'http://localhost:55754/session/5abd7f0866e61bfd06e3ee42ba72fad6/element/bdbf898b-495a-4c87-b725-79af5314bde8/value'
15:55:22.682 [Forwarding sendKeysToElement on session 5abd7f0866e61bfd06e3ee42ba72fad6 to remote] DEBUG org.asynchttpclient.netty.request.NettyRequestSender - Using open Channel [id: 0xfd1ce392, L:/127.0.0.1:56563 - R:localhost/127.0.0.1:55754] for POST '/session/5abd7f0866e61bfd06e3ee42ba72fad6/element/bdbf898b-495a-4c87-b725-79af5314bde8/value'
15:55:23.120 [AsyncHttpClient-1-5] DEBUG org.asynchttpclient.netty.handler.HttpHandler - 

Request DefaultHttpRequest(decodeResult: success, version: HTTP/1.1)
POST /session/5abd7f0866e61bfd06e3ee42ba72fad6/element/bdbf898b-495a-4c87-b725-79af5314bde8/value HTTP/1.1
User-Agent: selenium/4.1.2 (java windows)
Content-Length: 251
Content-Type: application/json; charset=utf-8
host: localhost:55754
accept: */*

Response DefaultHttpResponse(decodeResult: success, version: HTTP/1.1)
HTTP/1.1 200 OK
Content-Type: application/json; charset=utf-8
cache-control: no-cache
content-length: 14

15:55:23.121 [AsyncHttpClient-1-5] DEBUG org.asynchttpclient.netty.channel.ChannelManager - Adding key: http://localhost:55754 for channel [id: 0xfd1ce392, L:/127.0.0.1:56563 - R:localhost/127.0.0.1:55754]
15:55:23.132 [Forwarding screenshot on session 5abd7f0866e61bfd06e3ee42ba72fad6 to remote] DEBUG org.asynchttpclient.netty.request.NettyRequestSender - Using pooled Channel '[id: 0xfd1ce392, L:/127.0.0.1:56563 - R:localhost/127.0.0.1:55754]' for 'GET' to 'http://localhost:55754/session/5abd7f0866e61bfd06e3ee42ba72fad6/screenshot'
15:55:23.132 [Forwarding screenshot on session 5abd7f0866e61bfd06e3ee42ba72fad6 to remote] DEBUG org.asynchttpclient.netty.request.NettyRequestSender - Using open Channel [id: 0xfd1ce392, L:/127.0.0.1:56563 - R:localhost/127.0.0.1:55754] for GET '/session/5abd7f0866e61bfd06e3ee42ba72fad6/screenshot'
15:55:23.331 [AsyncHttpClient-1-5] DEBUG org.asynchttpclient.netty.handler.HttpHandler - 

Request DefaultFullHttpRequest(decodeResult: success, version: HTTP/1.1, content: EmptyByteBufBE)
GET /session/5abd7f0866e61bfd06e3ee42ba72fad6/screenshot HTTP/1.1
User-Agent: selenium/4.1.2 (java windows)
Cache-Control: no-cache
Content-Type: application/json; charset=utf-8
host: localhost:55754
accept: */*

Response DefaultHttpResponse(decodeResult: success, version: HTTP/1.1)
HTTP/1.1 200 OK
Content-Type: application/json; charset=utf-8
cache-control: no-cache
content-length: 28896

15:55:23.332 [AsyncHttpClient-1-5] DEBUG org.asynchttpclient.netty.channel.ChannelManager - Adding key: http://localhost:55754 for channel [id: 0xfd1ce392, L:/127.0.0.1:56563 - R:localhost/127.0.0.1:55754]
15:55:23.337 [main] DEBUG net.serenitybdd.core.photography.Darkroom - Send negative for processing for target\site\serenity\3ded2560aa657a205a16993a7bb803ff1d3d3890eb3c6adcee938c8c436d9e5b.png
15:55:23.337 [main] DEBUG net.thucydides.core.steps.StepInterceptor - STEP DONE: inputEmail
15:55:23.338 [Darkroom Processing Line] DEBUG net.serenitybdd.core.photography.DarkroomProcessingLine - Processing screenshot image in /var/screenshots/screenshot-15497073997568583997
15:55:23.338 [Darkroom Processing Line] DEBUG net.serenitybdd.core.photography.DarkroomProcessingLine - Saving screenshot to target\site\serenity\3ded2560aa657a205a16993a7bb803ff1d3d3890eb3c6adcee938c8c436d9e5b.png
15:55:23.351 [main] DEBUG net.thucydides.core.steps.StepInterceptor - STARTING STEP: ProductSteps.iAmOnProductPage - inputPassword
15:55:23.355 [Forwarding findElement on session 5abd7f0866e61bfd06e3ee42ba72fad6 to remote] DEBUG org.asynchttpclient.netty.request.NettyRequestSender - Using pooled Channel '[id: 0xfd1ce392, L:/127.0.0.1:56563 - R:localhost/127.0.0.1:55754]' for 'POST' to 'http://localhost:55754/session/5abd7f0866e61bfd06e3ee42ba72fad6/element'
15:55:23.355 [Forwarding findElement on session 5abd7f0866e61bfd06e3ee42ba72fad6 to remote] DEBUG org.asynchttpclient.netty.request.NettyRequestSender - Using open Channel [id: 0xfd1ce392, L:/127.0.0.1:56563 - R:localhost/127.0.0.1:55754] for POST '/session/5abd7f0866e61bfd06e3ee42ba72fad6/element'
15:55:23.360 [AsyncHttpClient-1-1] DEBUG org.asynchttpclient.netty.channel.DefaultChannelPool - Entry count for : http://localhost:56565 : 1
15:55:23.377 [AsyncHttpClient-1-5] DEBUG org.asynchttpclient.netty.handler.HttpHandler - 

Request DefaultHttpRequest(decodeResult: success, version: HTTP/1.1)
POST /session/5abd7f0866e61bfd06e3ee42ba72fad6/element HTTP/1.1
User-Agent: selenium/4.1.2 (java windows)
Content-Length: 89
Content-Type: application/json; charset=utf-8
host: localhost:55754
accept: */*

Response DefaultHttpResponse(decodeResult: success, version: HTTP/1.1)
HTTP/1.1 200 OK
Content-Type: application/json; charset=utf-8
cache-control: no-cache
content-length: 88

15:55:23.377 [AsyncHttpClient-1-5] DEBUG org.asynchttpclient.netty.channel.ChannelManager - Adding key: http://localhost:55754 for channel [id: 0xfd1ce392, L:/127.0.0.1:56563 - R:localhost/127.0.0.1:55754]
15:55:23.378 [Forwarding clearElement on session 5abd7f0866e61bfd06e3ee42ba72fad6 to remote] DEBUG org.asynchttpclient.netty.request.NettyRequestSender - Using pooled Channel '[id: 0xfd1ce392, L:/127.0.0.1:56563 - R:localhost/127.0.0.1:55754]' for 'POST' to 'http://localhost:55754/session/5abd7f0866e61bfd06e3ee42ba72fad6/element/97c931b6-9354-4ab0-9863-97b1887cd30f/clear'
15:55:23.378 [Forwarding clearElement on session 5abd7f0866e61bfd06e3ee42ba72fad6 to remote] DEBUG org.asynchttpclient.netty.request.NettyRequestSender - Using open Channel [id: 0xfd1ce392, L:/127.0.0.1:56563 - R:localhost/127.0.0.1:55754] for POST '/session/5abd7f0866e61bfd06e3ee42ba72fad6/element/97c931b6-9354-4ab0-9863-97b1887cd30f/clear'
15:55:23.439 [AsyncHttpClient-1-5] DEBUG org.asynchttpclient.netty.handler.HttpHandler - 

Request DefaultHttpRequest(decodeResult: success, version: HTTP/1.1)
POST /session/5abd7f0866e61bfd06e3ee42ba72fad6/element/97c931b6-9354-4ab0-9863-97b1887cd30f/clear HTTP/1.1
User-Agent: selenium/4.1.2 (java windows)
Content-Length: 50
Content-Type: application/json; charset=utf-8
host: localhost:55754
accept: */*

Response DefaultHttpResponse(decodeResult: success, version: HTTP/1.1)
HTTP/1.1 200 OK
Content-Type: application/json; charset=utf-8
cache-control: no-cache
content-length: 14

15:55:23.439 [AsyncHttpClient-1-5] DEBUG org.asynchttpclient.netty.channel.ChannelManager - Adding key: http://localhost:55754 for channel [id: 0xfd1ce392, L:/127.0.0.1:56563 - R:localhost/127.0.0.1:55754]
15:55:23.442 [Forwarding sendKeysToElement on session 5abd7f0866e61bfd06e3ee42ba72fad6 to remote] DEBUG org.asynchttpclient.netty.request.NettyRequestSender - Using pooled Channel '[id: 0xfd1ce392, L:/127.0.0.1:56563 - R:localhost/127.0.0.1:55754]' for 'POST' to 'http://localhost:55754/session/5abd7f0866e61bfd06e3ee42ba72fad6/element/97c931b6-9354-4ab0-9863-97b1887cd30f/value'
15:55:23.442 [Forwarding sendKeysToElement on session 5abd7f0866e61bfd06e3ee42ba72fad6 to remote] DEBUG org.asynchttpclient.netty.request.NettyRequestSender - Using open Channel [id: 0xfd1ce392, L:/127.0.0.1:56563 - R:localhost/127.0.0.1:55754] for POST '/session/5abd7f0866e61bfd06e3ee42ba72fad6/element/97c931b6-9354-4ab0-9863-97b1887cd30f/value'
15:55:23.785 [AsyncHttpClient-1-5] DEBUG org.asynchttpclient.netty.handler.HttpHandler - 

Request DefaultHttpRequest(decodeResult: success, version: HTTP/1.1)
POST /session/5abd7f0866e61bfd06e3ee42ba72fad6/element/97c931b6-9354-4ab0-9863-97b1887cd30f/value HTTP/1.1
User-Agent: selenium/4.1.2 (java windows)
Content-Length: 231
Content-Type: application/json; charset=utf-8
host: localhost:55754
accept: */*

Response DefaultHttpResponse(decodeResult: success, version: HTTP/1.1)
HTTP/1.1 200 OK
Content-Type: application/json; charset=utf-8
cache-control: no-cache
content-length: 14

15:55:23.785 [AsyncHttpClient-1-5] DEBUG org.asynchttpclient.netty.channel.ChannelManager - Adding key: http://localhost:55754 for channel [id: 0xfd1ce392, L:/127.0.0.1:56563 - R:localhost/127.0.0.1:55754]
15:55:23.806 [Forwarding screenshot on session 5abd7f0866e61bfd06e3ee42ba72fad6 to remote] DEBUG org.asynchttpclient.netty.request.NettyRequestSender - Using pooled Channel '[id: 0xfd1ce392, L:/127.0.0.1:56563 - R:localhost/127.0.0.1:55754]' for 'GET' to 'http://localhost:55754/session/5abd7f0866e61bfd06e3ee42ba72fad6/screenshot'
15:55:23.806 [Forwarding screenshot on session 5abd7f0866e61bfd06e3ee42ba72fad6 to remote] DEBUG org.asynchttpclient.netty.request.NettyRequestSender - Using open Channel [id: 0xfd1ce392, L:/127.0.0.1:56563 - R:localhost/127.0.0.1:55754] for GET '/session/5abd7f0866e61bfd06e3ee42ba72fad6/screenshot'
15:55:24.056 [AsyncHttpClient-1-5] DEBUG org.asynchttpclient.netty.handler.HttpHandler - 

Request DefaultFullHttpRequest(decodeResult: success, version: HTTP/1.1, content: EmptyByteBufBE)
GET /session/5abd7f0866e61bfd06e3ee42ba72fad6/screenshot HTTP/1.1
User-Agent: selenium/4.1.2 (java windows)
Cache-Control: no-cache
Content-Type: application/json; charset=utf-8
host: localhost:55754
accept: */*

Response DefaultHttpResponse(decodeResult: success, version: HTTP/1.1)
HTTP/1.1 200 OK
Content-Type: application/json; charset=utf-8
cache-control: no-cache
content-length: 32248

15:55:24.057 [AsyncHttpClient-1-5] DEBUG org.asynchttpclient.netty.channel.ChannelManager - Adding key: http://localhost:55754 for channel [id: 0xfd1ce392, L:/127.0.0.1:56563 - R:localhost/127.0.0.1:55754]
15:55:24.059 [main] DEBUG net.serenitybdd.core.photography.Darkroom - Send negative for processing for target\site\serenity\f126a71c564bce29d47008f5ab4e564027f1d97a7a9191cc871d8e21e934875d.png
15:55:24.060 [main] DEBUG net.thucydides.core.steps.StepInterceptor - STEP DONE: inputPassword
15:55:24.076 [main] DEBUG net.thucydides.core.steps.StepInterceptor - STARTING STEP: ProductSteps.iAmOnProductPage - clickLoginButton
15:55:24.085 [Forwarding findElement on session 5abd7f0866e61bfd06e3ee42ba72fad6 to remote] DEBUG org.asynchttpclient.netty.request.NettyRequestSender - Using pooled Channel '[id: 0xfd1ce392, L:/127.0.0.1:56563 - R:localhost/127.0.0.1:55754]' for 'POST' to 'http://localhost:55754/session/5abd7f0866e61bfd06e3ee42ba72fad6/element'
15:55:24.086 [Forwarding findElement on session 5abd7f0866e61bfd06e3ee42ba72fad6 to remote] DEBUG org.asynchttpclient.netty.request.NettyRequestSender - Using open Channel [id: 0xfd1ce392, L:/127.0.0.1:56563 - R:localhost/127.0.0.1:55754] for POST '/session/5abd7f0866e61bfd06e3ee42ba72fad6/element'
15:55:24.125 [AsyncHttpClient-1-5] DEBUG org.asynchttpclient.netty.handler.HttpHandler - 

Request DefaultHttpRequest(decodeResult: success, version: HTTP/1.1)
POST /session/5abd7f0866e61bfd06e3ee42ba72fad6/element HTTP/1.1
User-Agent: selenium/4.1.2 (java windows)
Content-Length: 136
Content-Type: application/json; charset=utf-8
host: localhost:55754
accept: */*

Response DefaultHttpResponse(decodeResult: success, version: HTTP/1.1)
HTTP/1.1 200 OK
Content-Type: application/json; charset=utf-8
cache-control: no-cache
content-length: 88

15:55:24.125 [AsyncHttpClient-1-5] DEBUG org.asynchttpclient.netty.channel.ChannelManager - Adding key: http://localhost:55754 for channel [id: 0xfd1ce392, L:/127.0.0.1:56563 - R:localhost/127.0.0.1:55754]
15:55:24.127 [Forwarding getElementTagName on session 5abd7f0866e61bfd06e3ee42ba72fad6 to remote] DEBUG org.asynchttpclient.netty.request.NettyRequestSender - Using pooled Channel '[id: 0xfd1ce392, L:/127.0.0.1:56563 - R:localhost/127.0.0.1:55754]' for 'GET' to 'http://localhost:55754/session/5abd7f0866e61bfd06e3ee42ba72fad6/element/ab625392-663e-4bd5-abb9-32cfedcadfc5/name'
15:55:24.127 [Forwarding getElementTagName on session 5abd7f0866e61bfd06e3ee42ba72fad6 to remote] DEBUG org.asynchttpclient.netty.request.NettyRequestSender - Using open Channel [id: 0xfd1ce392, L:/127.0.0.1:56563 - R:localhost/127.0.0.1:55754] for GET '/session/5abd7f0866e61bfd06e3ee42ba72fad6/element/ab625392-663e-4bd5-abb9-32cfedcadfc5/name'
15:55:24.150 [AsyncHttpClient-1-5] DEBUG org.asynchttpclient.netty.handler.HttpHandler - 

Request DefaultFullHttpRequest(decodeResult: success, version: HTTP/1.1, content: EmptyByteBufBE)
GET /session/5abd7f0866e61bfd06e3ee42ba72fad6/element/ab625392-663e-4bd5-abb9-32cfedcadfc5/name HTTP/1.1
User-Agent: selenium/4.1.2 (java windows)
Cache-Control: no-cache
Content-Type: application/json; charset=utf-8
host: localhost:55754
accept: */*

Response DefaultHttpResponse(decodeResult: success, version: HTTP/1.1)
HTTP/1.1 200 OK
Content-Type: application/json; charset=utf-8
cache-control: no-cache
content-length: 18

15:55:24.150 [AsyncHttpClient-1-5] DEBUG org.asynchttpclient.netty.channel.ChannelManager - Adding key: http://localhost:55754 for channel [id: 0xfd1ce392, L:/127.0.0.1:56563 - R:localhost/127.0.0.1:55754]
15:55:24.152 [Forwarding getElementTagName on session 5abd7f0866e61bfd06e3ee42ba72fad6 to remote] DEBUG org.asynchttpclient.netty.request.NettyRequestSender - Using pooled Channel '[id: 0xfd1ce392, L:/127.0.0.1:56563 - R:localhost/127.0.0.1:55754]' for 'GET' to 'http://localhost:55754/session/5abd7f0866e61bfd06e3ee42ba72fad6/element/ab625392-663e-4bd5-abb9-32cfedcadfc5/name'
15:55:24.152 [Forwarding getElementTagName on session 5abd7f0866e61bfd06e3ee42ba72fad6 to remote] DEBUG org.asynchttpclient.netty.request.NettyRequestSender - Using open Channel [id: 0xfd1ce392, L:/127.0.0.1:56563 - R:localhost/127.0.0.1:55754] for GET '/session/5abd7f0866e61bfd06e3ee42ba72fad6/element/ab625392-663e-4bd5-abb9-32cfedcadfc5/name'
15:55:24.160 [AsyncHttpClient-1-5] DEBUG org.asynchttpclient.netty.handler.HttpHandler - 

Request DefaultFullHttpRequest(decodeResult: success, version: HTTP/1.1, content: EmptyByteBufBE)
GET /session/5abd7f0866e61bfd06e3ee42ba72fad6/element/ab625392-663e-4bd5-abb9-32cfedcadfc5/name HTTP/1.1
User-Agent: selenium/4.1.2 (java windows)
Cache-Control: no-cache
Content-Type: application/json; charset=utf-8
host: localhost:55754
accept: */*

Response DefaultHttpResponse(decodeResult: success, version: HTTP/1.1)
HTTP/1.1 200 OK
Content-Type: application/json; charset=utf-8
cache-control: no-cache
content-length: 18

15:55:24.160 [AsyncHttpClient-1-5] DEBUG org.asynchttpclient.netty.channel.ChannelManager - Adding key: http://localhost:55754 for channel [id: 0xfd1ce392, L:/127.0.0.1:56563 - R:localhost/127.0.0.1:55754]
15:55:24.164 [Forwarding isElementEnabled on session 5abd7f0866e61bfd06e3ee42ba72fad6 to remote] DEBUG org.asynchttpclient.netty.request.NettyRequestSender - Using pooled Channel '[id: 0xfd1ce392, L:/127.0.0.1:56563 - R:localhost/127.0.0.1:55754]' for 'GET' to 'http://localhost:55754/session/5abd7f0866e61bfd06e3ee42ba72fad6/element/ab625392-663e-4bd5-abb9-32cfedcadfc5/enabled'
15:55:24.164 [Forwarding isElementEnabled on session 5abd7f0866e61bfd06e3ee42ba72fad6 to remote] DEBUG org.asynchttpclient.netty.request.NettyRequestSender - Using open Channel [id: 0xfd1ce392, L:/127.0.0.1:56563 - R:localhost/127.0.0.1:55754] for GET '/session/5abd7f0866e61bfd06e3ee42ba72fad6/element/ab625392-663e-4bd5-abb9-32cfedcadfc5/enabled'
15:55:24.188 [AsyncHttpClient-1-5] DEBUG org.asynchttpclient.netty.handler.HttpHandler - 

Request DefaultFullHttpRequest(decodeResult: success, version: HTTP/1.1, content: EmptyByteBufBE)
GET /session/5abd7f0866e61bfd06e3ee42ba72fad6/element/ab625392-663e-4bd5-abb9-32cfedcadfc5/enabled HTTP/1.1
User-Agent: selenium/4.1.2 (java windows)
Cache-Control: no-cache
Content-Type: application/json; charset=utf-8
host: localhost:55754
accept: */*

Response DefaultHttpResponse(decodeResult: success, version: HTTP/1.1)
HTTP/1.1 200 OK
Content-Type: application/json; charset=utf-8
cache-control: no-cache
content-length: 14

15:55:24.188 [AsyncHttpClient-1-5] DEBUG org.asynchttpclient.netty.channel.ChannelManager - Adding key: http://localhost:55754 for channel [id: 0xfd1ce392, L:/127.0.0.1:56563 - R:localhost/127.0.0.1:55754]
15:55:24.190 [Forwarding isElementEnabled on session 5abd7f0866e61bfd06e3ee42ba72fad6 to remote] DEBUG org.asynchttpclient.netty.request.NettyRequestSender - Using pooled Channel '[id: 0xfd1ce392, L:/127.0.0.1:56563 - R:localhost/127.0.0.1:55754]' for 'GET' to 'http://localhost:55754/session/5abd7f0866e61bfd06e3ee42ba72fad6/element/ab625392-663e-4bd5-abb9-32cfedcadfc5/enabled'
15:55:24.190 [Forwarding isElementEnabled on session 5abd7f0866e61bfd06e3ee42ba72fad6 to remote] DEBUG org.asynchttpclient.netty.request.NettyRequestSender - Using open Channel [id: 0xfd1ce392, L:/127.0.0.1:56563 - R:localhost/127.0.0.1:55754] for GET '/session/5abd7f0866e61bfd06e3ee42ba72fad6/element/ab625392-663e-4bd5-abb9-32cfedcadfc5/enabled'
15:55:24.205 [AsyncHttpClient-1-5] DEBUG org.asynchttpclient.netty.handler.HttpHandler - 

Request DefaultFullHttpRequest(decodeResult: success, version: HTTP/1.1, content: EmptyByteBufBE)
GET /session/5abd7f0866e61bfd06e3ee42ba72fad6/element/ab625392-663e-4bd5-abb9-32cfedcadfc5/enabled HTTP/1.1
User-Agent: selenium/4.1.2 (java windows)
Cache-Control: no-cache
Content-Type: application/json; charset=utf-8
host: localhost:55754
accept: */*

Response DefaultHttpResponse(decodeResult: success, version: HTTP/1.1)
HTTP/1.1 200 OK
Content-Type: application/json; charset=utf-8
cache-control: no-cache
content-length: 14

15:55:24.205 [AsyncHttpClient-1-5] DEBUG org.asynchttpclient.netty.channel.ChannelManager - Adding key: http://localhost:55754 for channel [id: 0xfd1ce392, L:/127.0.0.1:56563 - R:localhost/127.0.0.1:55754]
15:55:24.209 [Forwarding findElement on session 5abd7f0866e61bfd06e3ee42ba72fad6 to remote] DEBUG org.asynchttpclient.netty.request.NettyRequestSender - Using pooled Channel '[id: 0xfd1ce392, L:/127.0.0.1:56563 - R:localhost/127.0.0.1:55754]' for 'POST' to 'http://localhost:55754/session/5abd7f0866e61bfd06e3ee42ba72fad6/element'
15:55:24.209 [Forwarding findElement on session 5abd7f0866e61bfd06e3ee42ba72fad6 to remote] DEBUG org.asynchttpclient.netty.request.NettyRequestSender - Using open Channel [id: 0xfd1ce392, L:/127.0.0.1:56563 - R:localhost/127.0.0.1:55754] for POST '/session/5abd7f0866e61bfd06e3ee42ba72fad6/element'
15:55:24.222 [AsyncHttpClient-1-5] DEBUG org.asynchttpclient.netty.handler.HttpHandler - 

Request DefaultHttpRequest(decodeResult: success, version: HTTP/1.1)
POST /session/5abd7f0866e61bfd06e3ee42ba72fad6/element HTTP/1.1
User-Agent: selenium/4.1.2 (java windows)
Content-Length: 136
Content-Type: application/json; charset=utf-8
host: localhost:55754
accept: */*

Response DefaultHttpResponse(decodeResult: success, version: HTTP/1.1)
HTTP/1.1 200 OK
Content-Type: application/json; charset=utf-8
cache-control: no-cache
content-length: 88

15:55:24.222 [AsyncHttpClient-1-5] DEBUG org.asynchttpclient.netty.channel.ChannelManager - Adding key: http://localhost:55754 for channel [id: 0xfd1ce392, L:/127.0.0.1:56563 - R:localhost/127.0.0.1:55754]
15:55:24.224 [Forwarding clickElement on session 5abd7f0866e61bfd06e3ee42ba72fad6 to remote] DEBUG org.asynchttpclient.netty.request.NettyRequestSender - Using pooled Channel '[id: 0xfd1ce392, L:/127.0.0.1:56563 - R:localhost/127.0.0.1:55754]' for 'POST' to 'http://localhost:55754/session/5abd7f0866e61bfd06e3ee42ba72fad6/element/ab625392-663e-4bd5-abb9-32cfedcadfc5/click'
15:55:24.224 [Forwarding clickElement on session 5abd7f0866e61bfd06e3ee42ba72fad6 to remote] DEBUG org.asynchttpclient.netty.request.NettyRequestSender - Using open Channel [id: 0xfd1ce392, L:/127.0.0.1:56563 - R:localhost/127.0.0.1:55754] for POST '/session/5abd7f0866e61bfd06e3ee42ba72fad6/element/ab625392-663e-4bd5-abb9-32cfedcadfc5/click'
15:55:24.405 [AsyncHttpClient-1-5] DEBUG org.asynchttpclient.netty.handler.HttpHandler - 

Request DefaultHttpRequest(decodeResult: success, version: HTTP/1.1)
POST /session/5abd7f0866e61bfd06e3ee42ba72fad6/element/ab625392-663e-4bd5-abb9-32cfedcadfc5/click HTTP/1.1
User-Agent: selenium/4.1.2 (java windows)
Content-Length: 50
Content-Type: application/json; charset=utf-8
host: localhost:55754
accept: */*

Response DefaultHttpResponse(decodeResult: success, version: HTTP/1.1)
HTTP/1.1 200 OK
Content-Type: application/json; charset=utf-8
cache-control: no-cache
content-length: 14

15:55:24.406 [AsyncHttpClient-1-5] DEBUG org.asynchttpclient.netty.channel.ChannelManager - Adding key: http://localhost:55754 for channel [id: 0xfd1ce392, L:/127.0.0.1:56563 - R:localhost/127.0.0.1:55754]
15:55:24.418 [Forwarding screenshot on session 5abd7f0866e61bfd06e3ee42ba72fad6 to remote] DEBUG org.asynchttpclient.netty.request.NettyRequestSender - Using pooled Channel '[id: 0xfd1ce392, L:/127.0.0.1:56563 - R:localhost/127.0.0.1:55754]' for 'GET' to 'http://localhost:55754/session/5abd7f0866e61bfd06e3ee42ba72fad6/screenshot'
15:55:24.418 [Forwarding screenshot on session 5abd7f0866e61bfd06e3ee42ba72fad6 to remote] DEBUG org.asynchttpclient.netty.request.NettyRequestSender - Using open Channel [id: 0xfd1ce392, L:/127.0.0.1:56563 - R:localhost/127.0.0.1:55754] for GET '/session/5abd7f0866e61bfd06e3ee42ba72fad6/screenshot'
15:55:24.473 [AsyncHttpClient-1-1] DEBUG org.asynchttpclient.netty.channel.DefaultChannelPool - Entry count for : http://localhost:56565 : 1
15:55:24.993 [AsyncHttpClient-1-5] DEBUG org.asynchttpclient.netty.handler.HttpHandler - 

Request DefaultFullHttpRequest(decodeResult: success, version: HTTP/1.1, content: EmptyByteBufBE)
GET /session/5abd7f0866e61bfd06e3ee42ba72fad6/screenshot HTTP/1.1
User-Agent: selenium/4.1.2 (java windows)
Cache-Control: no-cache
Content-Type: application/json; charset=utf-8
host: localhost:55754
accept: */*

Response DefaultHttpResponse(decodeResult: success, version: HTTP/1.1)
HTTP/1.1 200 OK
Content-Type: application/json; charset=utf-8
cache-control: no-cache
content-length: 32292

15:55:24.994 [AsyncHttpClient-1-5] DEBUG org.asynchttpclient.netty.channel.ChannelManager - Adding key: http://localhost:55754 for channel [id: 0xfd1ce392, L:/127.0.0.1:56563 - R:localhost/127.0.0.1:55754]
15:55:24.996 [main] DEBUG net.serenitybdd.core.photography.Darkroom - Send negative for processing for target\site\serenity\4f00b2e0b74a865edd0728390e4c72824fbd8ec0f29b839177225ab473d5f518.png
15:55:24.996 [main] DEBUG net.thucydides.core.steps.StepInterceptor - STEP DONE: clickLoginButton
  &amp#27;[32mGiven &amp#27;[0m&amp#27;[32mI am on product page&amp#27;[0m                      &amp#27;[90m# starter.stepdefinitions.ProductSteps.iAmOnProductPage()&amp#27;[0m
15:55:24.997 [Darkroom Processing Line] DEBUG net.serenitybdd.core.photography.DarkroomProcessingLine - Processing screenshot image in /var/screenshots/screenshot-13009488043595878112
15:55:24.997 [Darkroom Processing Line] DEBUG net.serenitybdd.core.photography.DarkroomProcessingLine - Saving screenshot to target\site\serenity\4f00b2e0b74a865edd0728390e4c72824fbd8ec0f29b839177225ab473d5f518.png
15:55:25.738 [AsyncHttpClient-1-1] DEBUG org.asynchttpclient.netty.channel.DefaultChannelPool - Entry count for : http://localhost:56565 : 1
15:55:25.738 [AsyncHttpClient-1-1] DEBUG org.asynchttpclient.netty.channel.DefaultChannelPool - Entry count for : http://localhost:55754 : 1
15:55:25.875 [Forwarding screenshot on session 5abd7f0866e61bfd06e3ee42ba72fad6 to remote] DEBUG org.asynchttpclient.netty.request.NettyRequestSender - Using pooled Channel '[id: 0xfd1ce392, L:/127.0.0.1:56563 - R:localhost/127.0.0.1:55754]' for 'GET' to 'http://localhost:55754/session/5abd7f0866e61bfd06e3ee42ba72fad6/screenshot'
15:55:25.875 [Forwarding screenshot on session 5abd7f0866e61bfd06e3ee42ba72fad6 to remote] DEBUG org.asynchttpclient.netty.request.NettyRequestSender - Using open Channel [id: 0xfd1ce392, L:/127.0.0.1:56563 - R:localhost/127.0.0.1:55754] for GET '/session/5abd7f0866e61bfd06e3ee42ba72fad6/screenshot'
15:55:26.808 [AsyncHttpClient-1-1] DEBUG org.asynchttpclient.netty.channel.DefaultChannelPool - Entry count for : http://localhost:56565 : 1
15:55:27.874 [AsyncHttpClient-1-1] DEBUG org.asynchttpclient.netty.channel.DefaultChannelPool - Entry count for : http://localhost:56565 : 1
15:55:28.985 [AsyncHttpClient-1-1] DEBUG org.asynchttpclient.netty.channel.DefaultChannelPool - Entry count for : http://localhost:56565 : 1
15:55:30.064 [AsyncHttpClient-1-1] DEBUG org.asynchttpclient.netty.channel.DefaultChannelPool - Entry count for : http://localhost:56565 : 1
15:55:31.183 [AsyncHttpClient-1-1] DEBUG org.asynchttpclient.netty.channel.DefaultChannelPool - Entry count for : http://localhost:56565 : 1
15:55:32.299 [AsyncHttpClient-1-1] DEBUG org.asynchttpclient.netty.channel.DefaultChannelPool - Entry count for : http://localhost:56565 : 1
15:55:33.363 [AsyncHttpClient-1-1] DEBUG org.asynchttpclient.netty.channel.DefaultChannelPool - Entry count for : http://localhost:56565 : 1
15:55:34.481 [AsyncHttpClient-1-1] DEBUG org.asynchttpclient.netty.channel.DefaultChannelPool - Entry count for : http://localhost:56565 : 1
15:55:35.579 [AsyncHttpClient-1-1] DEBUG org.asynchttpclient.netty.channel.DefaultChannelPool - Entry count for : http://localhost:56565 : 1
15:55:36.664 [AsyncHttpClient-1-1] DEBUG org.asynchttpclient.netty.channel.DefaultChannelPool - Entry count for : http://localhost:56565 : 1
15:55:36.706 [AsyncHttpClient-1-5] DEBUG org.asynchttpclient.netty.handler.HttpHandler - 

Request DefaultFullHttpRequest(decodeResult: success, version: HTTP/1.1, content: EmptyByteBufBE)
GET /session/5abd7f0866e61bfd06e3ee42ba72fad6/screenshot HTTP/1.1
User-Agent: selenium/4.1.2 (java windows)
Cache-Control: no-cache
Content-Type: application/json; charset=utf-8
host: localhost:55754
accept: */*

Response DefaultHttpResponse(decodeResult: success, version: HTTP/1.1)
HTTP/1.1 200 OK
Content-Type: application/json; charset=utf-8
cache-control: no-cache
content-length: 89944

15:55:36.706 [AsyncHttpClient-1-5] DEBUG org.asynchttpclient.netty.channel.ChannelManager - Adding key: http://localhost:55754 for channel [id: 0xfd1ce392, L:/127.0.0.1:56563 - R:localhost/127.0.0.1:55754]
15:55:36.710 [main] DEBUG net.serenitybdd.core.photography.Darkroom - Send negative for processing for target\site\serenity\f5d72973b97ffb2b9c347bdaea51478810f802fd0d879d56737cfedc58dd7510.png
15:55:36.711 [main] DEBUG net.thucydides.core.steps.StepInterceptor - STARTING STEP: ProductSteps.iClickCategoryBar - clickCategoryBar
15:55:36.720 [Forwarding findElement on session 5abd7f0866e61bfd06e3ee42ba72fad6 to remote] DEBUG org.asynchttpclient.netty.request.NettyRequestSender - Using pooled Channel '[id: 0xfd1ce392, L:/127.0.0.1:56563 - R:localhost/127.0.0.1:55754]' for 'POST' to 'http://localhost:55754/session/5abd7f0866e61bfd06e3ee42ba72fad6/element'
15:55:36.720 [Forwarding findElement on session 5abd7f0866e61bfd06e3ee42ba72fad6 to remote] DEBUG org.asynchttpclient.netty.request.NettyRequestSender - Using open Channel [id: 0xfd1ce392, L:/127.0.0.1:56563 - R:localhost/127.0.0.1:55754] for POST '/session/5abd7f0866e61bfd06e3ee42ba72fad6/element'
15:55:36.748 [AsyncHttpClient-1-5] DEBUG org.asynchttpclient.netty.handler.HttpHandler - 

Request DefaultHttpRequest(decodeResult: success, version: HTTP/1.1)
POST /session/5abd7f0866e61bfd06e3ee42ba72fad6/element HTTP/1.1
User-Agent: selenium/4.1.2 (java windows)
Content-Length: 76
Content-Type: application/json; charset=utf-8
host: localhost:55754
accept: */*

Response DefaultHttpResponse(decodeResult: success, version: HTTP/1.1)
HTTP/1.1 200 OK
Content-Type: application/json; charset=utf-8
cache-control: no-cache
content-length: 88

15:55:36.749 [AsyncHttpClient-1-5] DEBUG org.asynchttpclient.netty.channel.ChannelManager - Adding key: http://localhost:55754 for channel [id: 0xfd1ce392, L:/127.0.0.1:56563 - R:localhost/127.0.0.1:55754]
15:55:36.750 [Forwarding getElementTagName on session 5abd7f0866e61bfd06e3ee42ba72fad6 to remote] DEBUG org.asynchttpclient.netty.request.NettyRequestSender - Using pooled Channel '[id: 0xfd1ce392, L:/127.0.0.1:56563 - R:localhost/127.0.0.1:55754]' for 'GET' to 'http://localhost:55754/session/5abd7f0866e61bfd06e3ee42ba72fad6/element/474c0f26-b13b-44c6-ad99-471d0e732a41/name'
15:55:36.750 [Forwarding getElementTagName on session 5abd7f0866e61bfd06e3ee42ba72fad6 to remote] DEBUG org.asynchttpclient.netty.request.NettyRequestSender - Using open Channel [id: 0xfd1ce392, L:/127.0.0.1:56563 - R:localhost/127.0.0.1:55754] for GET '/session/5abd7f0866e61bfd06e3ee42ba72fad6/element/474c0f26-b13b-44c6-ad99-471d0e732a41/name'
15:55:36.756 [AsyncHttpClient-1-5] DEBUG org.asynchttpclient.netty.handler.HttpHandler - 

Request DefaultFullHttpRequest(decodeResult: success, version: HTTP/1.1, content: EmptyByteBufBE)
GET /session/5abd7f0866e61bfd06e3ee42ba72fad6/element/474c0f26-b13b-44c6-ad99-471d0e732a41/name HTTP/1.1
User-Agent: selenium/4.1.2 (java windows)
Cache-Control: no-cache
Content-Type: application/json; charset=utf-8
host: localhost:55754
accept: */*

Response DefaultHttpResponse(decodeResult: success, version: HTTP/1.1)
HTTP/1.1 200 OK
Content-Type: application/json; charset=utf-8
cache-control: no-cache
content-length: 15

15:55:36.757 [AsyncHttpClient-1-5] DEBUG org.asynchttpclient.netty.channel.ChannelManager - Adding key: http://localhost:55754 for channel [id: 0xfd1ce392, L:/127.0.0.1:56563 - R:localhost/127.0.0.1:55754]
15:55:36.758 [Forwarding getElementTagName on session 5abd7f0866e61bfd06e3ee42ba72fad6 to remote] DEBUG org.asynchttpclient.netty.request.NettyRequestSender - Using pooled Channel '[id: 0xfd1ce392, L:/127.0.0.1:56563 - R:localhost/127.0.0.1:55754]' for 'GET' to 'http://localhost:55754/session/5abd7f0866e61bfd06e3ee42ba72fad6/element/474c0f26-b13b-44c6-ad99-471d0e732a41/name'
15:55:36.758 [Forwarding getElementTagName on session 5abd7f0866e61bfd06e3ee42ba72fad6 to remote] DEBUG org.asynchttpclient.netty.request.NettyRequestSender - Using open Channel [id: 0xfd1ce392, L:/127.0.0.1:56563 - R:localhost/127.0.0.1:55754] for GET '/session/5abd7f0866e61bfd06e3ee42ba72fad6/element/474c0f26-b13b-44c6-ad99-471d0e732a41/name'
15:55:36.764 [AsyncHttpClient-1-5] DEBUG org.asynchttpclient.netty.handler.HttpHandler - 

Request DefaultFullHttpRequest(decodeResult: success, version: HTTP/1.1, content: EmptyByteBufBE)
GET /session/5abd7f0866e61bfd06e3ee42ba72fad6/element/474c0f26-b13b-44c6-ad99-471d0e732a41/name HTTP/1.1
User-Agent: selenium/4.1.2 (java windows)
Cache-Control: no-cache
Content-Type: application/json; charset=utf-8
host: localhost:55754
accept: */*

Response DefaultHttpResponse(decodeResult: success, version: HTTP/1.1)
HTTP/1.1 200 OK
Content-Type: application/json; charset=utf-8
cache-control: no-cache
content-length: 15

15:55:36.764 [AsyncHttpClient-1-5] DEBUG org.asynchttpclient.netty.channel.ChannelManager - Adding key: http://localhost:55754 for channel [id: 0xfd1ce392, L:/127.0.0.1:56563 - R:localhost/127.0.0.1:55754]
15:55:36.767 [Forwarding findElement on session 5abd7f0866e61bfd06e3ee42ba72fad6 to remote] DEBUG org.asynchttpclient.netty.request.NettyRequestSender - Using pooled Channel '[id: 0xfd1ce392, L:/127.0.0.1:56563 - R:localhost/127.0.0.1:55754]' for 'POST' to 'http://localhost:55754/session/5abd7f0866e61bfd06e3ee42ba72fad6/element'
15:55:36.767 [Forwarding findElement on session 5abd7f0866e61bfd06e3ee42ba72fad6 to remote] DEBUG org.asynchttpclient.netty.request.NettyRequestSender - Using open Channel [id: 0xfd1ce392, L:/127.0.0.1:56563 - R:localhost/127.0.0.1:55754] for POST '/session/5abd7f0866e61bfd06e3ee42ba72fad6/element'
15:55:36.784 [AsyncHttpClient-1-5] DEBUG org.asynchttpclient.netty.handler.HttpHandler - 

Request DefaultHttpRequest(decodeResult: success, version: HTTP/1.1)
POST /session/5abd7f0866e61bfd06e3ee42ba72fad6/element HTTP/1.1
User-Agent: selenium/4.1.2 (java windows)
Content-Length: 76
Content-Type: application/json; charset=utf-8
host: localhost:55754
accept: */*

Response DefaultHttpResponse(decodeResult: success, version: HTTP/1.1)
HTTP/1.1 200 OK
Content-Type: application/json; charset=utf-8
cache-control: no-cache
content-length: 88

15:55:36.784 [AsyncHttpClient-1-5] DEBUG org.asynchttpclient.netty.channel.ChannelManager - Adding key: http://localhost:55754 for channel [id: 0xfd1ce392, L:/127.0.0.1:56563 - R:localhost/127.0.0.1:55754]
15:55:36.786 [Forwarding clickElement on session 5abd7f0866e61bfd06e3ee42ba72fad6 to remote] DEBUG org.asynchttpclient.netty.request.NettyRequestSender - Using pooled Channel '[id: 0xfd1ce392, L:/127.0.0.1:56563 - R:localhost/127.0.0.1:55754]' for 'POST' to 'http://localhost:55754/session/5abd7f0866e61bfd06e3ee42ba72fad6/element/474c0f26-b13b-44c6-ad99-471d0e732a41/click'
15:55:36.786 [Forwarding clickElement on session 5abd7f0866e61bfd06e3ee42ba72fad6 to remote] DEBUG org.asynchttpclient.netty.request.NettyRequestSender - Using open Channel [id: 0xfd1ce392, L:/127.0.0.1:56563 - R:localhost/127.0.0.1:55754] for POST '/session/5abd7f0866e61bfd06e3ee42ba72fad6/element/474c0f26-b13b-44c6-ad99-471d0e732a41/click'
15:55:36.957 [AsyncHttpClient-1-5] DEBUG org.asynchttpclient.netty.handler.HttpHandler - 

Request DefaultHttpRequest(decodeResult: success, version: HTTP/1.1)
POST /session/5abd7f0866e61bfd06e3ee42ba72fad6/element/474c0f26-b13b-44c6-ad99-471d0e732a41/click HTTP/1.1
User-Agent: selenium/4.1.2 (java windows)
Content-Length: 50
Content-Type: application/json; charset=utf-8
host: localhost:55754
accept: */*

Response DefaultHttpResponse(decodeResult: success, version: HTTP/1.1)
HTTP/1.1 200 OK
Content-Type: application/json; charset=utf-8
cache-control: no-cache
content-length: 14

15:55:36.958 [AsyncHttpClient-1-5] DEBUG org.asynchttpclient.netty.channel.ChannelManager - Adding key: http://localhost:55754 for channel [id: 0xfd1ce392, L:/127.0.0.1:56563 - R:localhost/127.0.0.1:55754]
15:55:36.970 [Forwarding screenshot on session 5abd7f0866e61bfd06e3ee42ba72fad6 to remote] DEBUG org.asynchttpclient.netty.request.NettyRequestSender - Using pooled Channel '[id: 0xfd1ce392, L:/127.0.0.1:56563 - R:localhost/127.0.0.1:55754]' for 'GET' to 'http://localhost:55754/session/5abd7f0866e61bfd06e3ee42ba72fad6/screenshot'
15:55:36.970 [Forwarding screenshot on session 5abd7f0866e61bfd06e3ee42ba72fad6 to remote] DEBUG org.asynchttpclient.netty.request.NettyRequestSender - Using open Channel [id: 0xfd1ce392, L:/127.0.0.1:56563 - R:localhost/127.0.0.1:55754] for GET '/session/5abd7f0866e61bfd06e3ee42ba72fad6/screenshot'
15:55:37.470 [AsyncHttpClient-1-5] DEBUG org.asynchttpclient.netty.handler.HttpHandler - 

Request DefaultFullHttpRequest(decodeResult: success, version: HTTP/1.1, content: EmptyByteBufBE)
GET /session/5abd7f0866e61bfd06e3ee42ba72fad6/screenshot HTTP/1.1
User-Agent: selenium/4.1.2 (java windows)
Cache-Control: no-cache
Content-Type: application/json; charset=utf-8
host: localhost:55754
accept: */*

Response DefaultHttpResponse(decodeResult: success, version: HTTP/1.1)
HTTP/1.1 200 OK
Content-Type: application/json; charset=utf-8
cache-control: no-cache
content-length: 73080

15:55:37.480 [AsyncHttpClient-1-5] DEBUG org.asynchttpclient.netty.channel.ChannelManager - Adding key: http://localhost:55754 for channel [id: 0xfd1ce392, L:/127.0.0.1:56563 - R:localhost/127.0.0.1:55754]
15:55:37.484 [main] DEBUG net.serenitybdd.core.photography.Darkroom - Send negative for processing for target\site\serenity\668ed177767054feda669467f935745693af089278e82e00625bb703a61d1b71.png
15:55:37.484 [main] DEBUG net.thucydides.core.steps.StepInterceptor - STEP DONE: clickCategoryBar
  &amp#27;[32mWhen &amp#27;[0m&amp#27;[32mI click category bar&amp#27;[0m                       &amp#27;[90m# starter.stepdefinitions.ProductSteps.iClickCategoryBar()&amp#27;[0m
15:55:37.485 [Darkroom Processing Line] DEBUG net.serenitybdd.core.photography.DarkroomProcessingLine - Processing screenshot image in /var/screenshots/screenshot-597809259820097484
15:55:37.485 [Darkroom Processing Line] DEBUG net.serenitybdd.core.photography.DarkroomProcessingLine - Saving screenshot to target\site\serenity\668ed177767054feda669467f935745693af089278e82e00625bb703a61d1b71.png
15:55:37.761 [AsyncHttpClient-1-1] DEBUG org.asynchttpclient.netty.channel.DefaultChannelPool - Entry count for : http://localhost:56565 : 1
15:55:37.761 [AsyncHttpClient-1-1] DEBUG org.asynchttpclient.netty.channel.DefaultChannelPool - Entry count for : http://localhost:55754 : 1
15:55:38.318 [Forwarding screenshot on session 5abd7f0866e61bfd06e3ee42ba72fad6 to remote] DEBUG org.asynchttpclient.netty.request.NettyRequestSender - Using pooled Channel '[id: 0xfd1ce392, L:/127.0.0.1:56563 - R:localhost/127.0.0.1:55754]' for 'GET' to 'http://localhost:55754/session/5abd7f0866e61bfd06e3ee42ba72fad6/screenshot'
15:55:38.318 [Forwarding screenshot on session 5abd7f0866e61bfd06e3ee42ba72fad6 to remote] DEBUG org.asynchttpclient.netty.request.NettyRequestSender - Using open Channel [id: 0xfd1ce392, L:/127.0.0.1:56563 - R:localhost/127.0.0.1:55754] for GET '/session/5abd7f0866e61bfd06e3ee42ba72fad6/screenshot'
15:55:38.455 [AsyncHttpClient-1-5] DEBUG org.asynchttpclient.netty.handler.HttpHandler - 

Request DefaultFullHttpRequest(decodeResult: success, version: HTTP/1.1, content: EmptyByteBufBE)
GET /session/5abd7f0866e61bfd06e3ee42ba72fad6/screenshot HTTP/1.1
User-Agent: selenium/4.1.2 (java windows)
Cache-Control: no-cache
Content-Type: application/json; charset=utf-8
host: localhost:55754
accept: */*

Response DefaultHttpResponse(decodeResult: success, version: HTTP/1.1)
HTTP/1.1 200 OK
Content-Type: application/json; charset=utf-8
cache-control: no-cache
content-length: 65772

15:55:38.455 [AsyncHttpClient-1-5] DEBUG org.asynchttpclient.netty.channel.ChannelManager - Adding key: http://localhost:55754 for channel [id: 0xfd1ce392, L:/127.0.0.1:56563 - R:localhost/127.0.0.1:55754]
15:55:38.458 [main] DEBUG net.serenitybdd.core.photography.Darkroom - Send negative for processing for target\site\serenity\8e8f797743fe9d62f252aed3167d3ffa647101216cfbd57007077e6153eb787c.png
15:55:38.459 [main] DEBUG net.thucydides.core.steps.StepInterceptor - STARTING STEP: ProductSteps.iClickCategoryThatIWant - verifyFirstKesahatan
15:55:38.459 [Darkroom Processing Line] DEBUG net.serenitybdd.core.photography.DarkroomProcessingLine - Processing screenshot image in /var/screenshots/screenshot-5281441436160254457
15:55:38.459 [Darkroom Processing Line] DEBUG net.serenitybdd.core.photography.DarkroomProcessingLine - Saving screenshot to target\site\serenity\8e8f797743fe9d62f252aed3167d3ffa647101216cfbd57007077e6153eb787c.png
15:55:38.462 [Forwarding findElement on session 5abd7f0866e61bfd06e3ee42ba72fad6 to remote] DEBUG org.asynchttpclient.netty.request.NettyRequestSender - Using pooled Channel '[id: 0xfd1ce392, L:/127.0.0.1:56563 - R:localhost/127.0.0.1:55754]' for 'POST' to 'http://localhost:55754/session/5abd7f0866e61bfd06e3ee42ba72fad6/element'
15:55:38.462 [Forwarding findElement on session 5abd7f0866e61bfd06e3ee42ba72fad6 to remote] DEBUG org.asynchttpclient.netty.request.NettyRequestSender - Using open Channel [id: 0xfd1ce392, L:/127.0.0.1:56563 - R:localhost/127.0.0.1:55754] for POST '/session/5abd7f0866e61bfd06e3ee42ba72fad6/element'
15:55:38.488 [AsyncHttpClient-1-5] DEBUG org.asynchttpclient.netty.handler.HttpHandler - 

Request DefaultHttpRequest(decodeResult: success, version: HTTP/1.1)
POST /session/5abd7f0866e61bfd06e3ee42ba72fad6/element HTTP/1.1
User-Agent: selenium/4.1.2 (java windows)
Content-Length: 70
Content-Type: application/json; charset=utf-8
host: localhost:55754
accept: */*

Response DefaultHttpResponse(decodeResult: success, version: HTTP/1.1)
HTTP/1.1 200 OK
Content-Type: application/json; charset=utf-8
cache-control: no-cache
content-length: 88

15:55:38.488 [AsyncHttpClient-1-5] DEBUG org.asynchttpclient.netty.channel.ChannelManager - Adding key: http://localhost:55754 for channel [id: 0xfd1ce392, L:/127.0.0.1:56563 - R:localhost/127.0.0.1:55754]
15:55:38.494 [Forwarding isElementDisplayed on session 5abd7f0866e61bfd06e3ee42ba72fad6 to remote] DEBUG org.asynchttpclient.netty.request.NettyRequestSender - Using pooled Channel '[id: 0xfd1ce392, L:/127.0.0.1:56563 - R:localhost/127.0.0.1:55754]' for 'POST' to 'http://localhost:55754/session/5abd7f0866e61bfd06e3ee42ba72fad6/execute/sync'
15:55:38.494 [Forwarding isElementDisplayed on session 5abd7f0866e61bfd06e3ee42ba72fad6 to remote] DEBUG org.asynchttpclient.netty.request.NettyRequestSender - Using open Channel [id: 0xfd1ce392, L:/127.0.0.1:56563 - R:localhost/127.0.0.1:55754] for POST '/session/5abd7f0866e61bfd06e3ee42ba72fad6/execute/sync'
15:55:38.514 [AsyncHttpClient-1-5] DEBUG org.asynchttpclient.netty.handler.HttpHandler - 

Request DefaultHttpRequest(decodeResult: success, version: HTTP/1.1)
POST /session/5abd7f0866e61bfd06e3ee42ba72fad6/execute/sync HTTP/1.1
User-Agent: selenium/4.1.2 (java windows)
Content-Length: 48780
Content-Type: application/json; charset=utf-8
host: localhost:55754
accept: */*

Response DefaultHttpResponse(decodeResult: success, version: HTTP/1.1)
HTTP/1.1 200 OK
Content-Type: application/json; charset=utf-8
cache-control: no-cache
content-length: 14

15:55:38.514 [AsyncHttpClient-1-5] DEBUG org.asynchttpclient.netty.channel.ChannelManager - Adding key: http://localhost:55754 for channel [id: 0xfd1ce392, L:/127.0.0.1:56563 - R:localhost/127.0.0.1:55754]
15:55:38.519 [Forwarding screenshot on session 5abd7f0866e61bfd06e3ee42ba72fad6 to remote] DEBUG org.asynchttpclient.netty.request.NettyRequestSender - Using pooled Channel '[id: 0xfd1ce392, L:/127.0.0.1:56563 - R:localhost/127.0.0.1:55754]' for 'GET' to 'http://localhost:55754/session/5abd7f0866e61bfd06e3ee42ba72fad6/screenshot'
15:55:38.519 [Forwarding screenshot on session 5abd7f0866e61bfd06e3ee42ba72fad6 to remote] DEBUG org.asynchttpclient.netty.request.NettyRequestSender - Using open Channel [id: 0xfd1ce392, L:/127.0.0.1:56563 - R:localhost/127.0.0.1:55754] for GET '/session/5abd7f0866e61bfd06e3ee42ba72fad6/screenshot'
15:55:38.668 [AsyncHttpClient-1-5] DEBUG org.asynchttpclient.netty.handler.HttpHandler - 

Request DefaultFullHttpRequest(decodeResult: success, version: HTTP/1.1, content: EmptyByteBufBE)
GET /session/5abd7f0866e61bfd06e3ee42ba72fad6/screenshot HTTP/1.1
User-Agent: selenium/4.1.2 (java windows)
Cache-Control: no-cache
Content-Type: application/json; charset=utf-8
host: localhost:55754
accept: */*

Response DefaultHttpResponse(decodeResult: success, version: HTTP/1.1)
HTTP/1.1 200 OK
Content-Type: application/json; charset=utf-8
cache-control: no-cache
content-length: 65772

15:55:38.669 [AsyncHttpClient-1-5] DEBUG org.asynchttpclient.netty.channel.ChannelManager - Adding key: http://localhost:55754 for channel [id: 0xfd1ce392, L:/127.0.0.1:56563 - R:localhost/127.0.0.1:55754]
15:55:38.672 [main] DEBUG net.serenitybdd.core.photography.Darkroom - Send negative for processing for target\site\serenity\8e8f797743fe9d62f252aed3167d3ffa647101216cfbd57007077e6153eb787c.png
15:55:38.672 [main] DEBUG net.thucydides.core.steps.StepInterceptor - STEP DONE: verifyFirstKesahatan
15:55:38.679 [main] DEBUG net.thucydides.core.steps.StepInterceptor - STARTING STEP: ProductSteps.iClickCategoryThatIWant - clickFirstKesehatan
15:55:38.683 [Forwarding findElement on session 5abd7f0866e61bfd06e3ee42ba72fad6 to remote] DEBUG org.asynchttpclient.netty.request.NettyRequestSender - Using pooled Channel '[id: 0xfd1ce392, L:/127.0.0.1:56563 - R:localhost/127.0.0.1:55754]' for 'POST' to 'http://localhost:55754/session/5abd7f0866e61bfd06e3ee42ba72fad6/element'
15:55:38.683 [Forwarding findElement on session 5abd7f0866e61bfd06e3ee42ba72fad6 to remote] DEBUG org.asynchttpclient.netty.request.NettyRequestSender - Using open Channel [id: 0xfd1ce392, L:/127.0.0.1:56563 - R:localhost/127.0.0.1:55754] for POST '/session/5abd7f0866e61bfd06e3ee42ba72fad6/element'
15:55:38.700 [AsyncHttpClient-1-5] DEBUG org.asynchttpclient.netty.handler.HttpHandler - 

Request DefaultHttpRequest(decodeResult: success, version: HTTP/1.1)
POST /session/5abd7f0866e61bfd06e3ee42ba72fad6/element HTTP/1.1
User-Agent: selenium/4.1.2 (java windows)
Content-Length: 70
Content-Type: application/json; charset=utf-8
host: localhost:55754
accept: */*

Response DefaultHttpResponse(decodeResult: success, version: HTTP/1.1)
HTTP/1.1 200 OK
Content-Type: application/json; charset=utf-8
cache-control: no-cache
content-length: 88

15:55:38.700 [AsyncHttpClient-1-5] DEBUG org.asynchttpclient.netty.channel.ChannelManager - Adding key: http://localhost:55754 for channel [id: 0xfd1ce392, L:/127.0.0.1:56563 - R:localhost/127.0.0.1:55754]
15:55:38.702 [Forwarding getElementTagName on session 5abd7f0866e61bfd06e3ee42ba72fad6 to remote] DEBUG org.asynchttpclient.netty.request.NettyRequestSender - Using pooled Channel '[id: 0xfd1ce392, L:/127.0.0.1:56563 - R:localhost/127.0.0.1:55754]' for 'GET' to 'http://localhost:55754/session/5abd7f0866e61bfd06e3ee42ba72fad6/element/321b5144-ecad-45e7-8bba-59055fe335fd/name'
15:55:38.702 [Forwarding getElementTagName on session 5abd7f0866e61bfd06e3ee42ba72fad6 to remote] DEBUG org.asynchttpclient.netty.request.NettyRequestSender - Using open Channel [id: 0xfd1ce392, L:/127.0.0.1:56563 - R:localhost/127.0.0.1:55754] for GET '/session/5abd7f0866e61bfd06e3ee42ba72fad6/element/321b5144-ecad-45e7-8bba-59055fe335fd/name'
15:55:38.750 [AsyncHttpClient-1-5] DEBUG org.asynchttpclient.netty.handler.HttpHandler - 

Request DefaultFullHttpRequest(decodeResult: success, version: HTTP/1.1, content: EmptyByteBufBE)
GET /session/5abd7f0866e61bfd06e3ee42ba72fad6/element/321b5144-ecad-45e7-8bba-59055fe335fd/name HTTP/1.1
User-Agent: selenium/4.1.2 (java windows)
Cache-Control: no-cache
Content-Type: application/json; charset=utf-8
host: localhost:55754
accept: */*

Response DefaultHttpResponse(decodeResult: success, version: HTTP/1.1)
HTTP/1.1 200 OK
Content-Type: application/json; charset=utf-8
cache-control: no-cache
content-length: 15

15:55:38.750 [AsyncHttpClient-1-5] DEBUG org.asynchttpclient.netty.channel.ChannelManager - Adding key: http://localhost:55754 for channel [id: 0xfd1ce392, L:/127.0.0.1:56563 - R:localhost/127.0.0.1:55754]
15:55:38.752 [Forwarding getElementTagName on session 5abd7f0866e61bfd06e3ee42ba72fad6 to remote] DEBUG org.asynchttpclient.netty.request.NettyRequestSender - Using pooled Channel '[id: 0xfd1ce392, L:/127.0.0.1:56563 - R:localhost/127.0.0.1:55754]' for 'GET' to 'http://localhost:55754/session/5abd7f0866e61bfd06e3ee42ba72fad6/element/321b5144-ecad-45e7-8bba-59055fe335fd/name'
15:55:38.752 [Forwarding getElementTagName on session 5abd7f0866e61bfd06e3ee42ba72fad6 to remote] DEBUG org.asynchttpclient.netty.request.NettyRequestSender - Using open Channel [id: 0xfd1ce392, L:/127.0.0.1:56563 - R:localhost/127.0.0.1:55754] for GET '/session/5abd7f0866e61bfd06e3ee42ba72fad6/element/321b5144-ecad-45e7-8bba-59055fe335fd/name'
15:55:38.764 [AsyncHttpClient-1-5] DEBUG org.asynchttpclient.netty.handler.HttpHandler - 

Request DefaultFullHttpRequest(decodeResult: success, version: HTTP/1.1, content: EmptyByteBufBE)
GET /session/5abd7f0866e61bfd06e3ee42ba72fad6/element/321b5144-ecad-45e7-8bba-59055fe335fd/name HTTP/1.1
User-Agent: selenium/4.1.2 (java windows)
Cache-Control: no-cache
Content-Type: application/json; charset=utf-8
host: localhost:55754
accept: */*

Response DefaultHttpResponse(decodeResult: success, version: HTTP/1.1)
HTTP/1.1 200 OK
Content-Type: application/json; charset=utf-8
cache-control: no-cache
content-length: 15

15:55:38.764 [AsyncHttpClient-1-5] DEBUG org.asynchttpclient.netty.channel.ChannelManager - Adding key: http://localhost:55754 for channel [id: 0xfd1ce392, L:/127.0.0.1:56563 - R:localhost/127.0.0.1:55754]
15:55:38.767 [Forwarding findElement on session 5abd7f0866e61bfd06e3ee42ba72fad6 to remote] DEBUG org.asynchttpclient.netty.request.NettyRequestSender - Using pooled Channel '[id: 0xfd1ce392, L:/127.0.0.1:56563 - R:localhost/127.0.0.1:55754]' for 'POST' to 'http://localhost:55754/session/5abd7f0866e61bfd06e3ee42ba72fad6/element'
15:55:38.767 [Forwarding findElement on session 5abd7f0866e61bfd06e3ee42ba72fad6 to remote] DEBUG org.asynchttpclient.netty.request.NettyRequestSender - Using open Channel [id: 0xfd1ce392, L:/127.0.0.1:56563 - R:localhost/127.0.0.1:55754] for POST '/session/5abd7f0866e61bfd06e3ee42ba72fad6/element'
15:55:38.789 [AsyncHttpClient-1-5] DEBUG org.asynchttpclient.netty.handler.HttpHandler - 

Request DefaultHttpRequest(decodeResult: success, version: HTTP/1.1)
POST /session/5abd7f0866e61bfd06e3ee42ba72fad6/element HTTP/1.1
User-Agent: selenium/4.1.2 (java windows)
Content-Length: 70
Content-Type: application/json; charset=utf-8
host: localhost:55754
accept: */*

Response DefaultHttpResponse(decodeResult: success, version: HTTP/1.1)
HTTP/1.1 200 OK
Content-Type: application/json; charset=utf-8
cache-control: no-cache
content-length: 88

15:55:38.789 [AsyncHttpClient-1-5] DEBUG org.asynchttpclient.netty.channel.ChannelManager - Adding key: http://localhost:55754 for channel [id: 0xfd1ce392, L:/127.0.0.1:56563 - R:localhost/127.0.0.1:55754]
15:55:38.791 [Forwarding clickElement on session 5abd7f0866e61bfd06e3ee42ba72fad6 to remote] DEBUG org.asynchttpclient.netty.request.NettyRequestSender - Using pooled Channel '[id: 0xfd1ce392, L:/127.0.0.1:56563 - R:localhost/127.0.0.1:55754]' for 'POST' to 'http://localhost:55754/session/5abd7f0866e61bfd06e3ee42ba72fad6/element/321b5144-ecad-45e7-8bba-59055fe335fd/click'
15:55:38.791 [Forwarding clickElement on session 5abd7f0866e61bfd06e3ee42ba72fad6 to remote] DEBUG org.asynchttpclient.netty.request.NettyRequestSender - Using open Channel [id: 0xfd1ce392, L:/127.0.0.1:56563 - R:localhost/127.0.0.1:55754] for POST '/session/5abd7f0866e61bfd06e3ee42ba72fad6/element/321b5144-ecad-45e7-8bba-59055fe335fd/click'
15:55:38.897 [AsyncHttpClient-1-1] DEBUG org.asynchttpclient.netty.channel.DefaultChannelPool - Entry count for : http://localhost:56565 : 1
15:55:39.401 [AsyncHttpClient-1-5] DEBUG org.asynchttpclient.netty.handler.HttpHandler - 

Request DefaultHttpRequest(decodeResult: success, version: HTTP/1.1)
POST /session/5abd7f0866e61bfd06e3ee42ba72fad6/element/321b5144-ecad-45e7-8bba-59055fe335fd/click HTTP/1.1
User-Agent: selenium/4.1.2 (java windows)
Content-Length: 50
Content-Type: application/json; charset=utf-8
host: localhost:55754
accept: */*

Response DefaultHttpResponse(decodeResult: success, version: HTTP/1.1)
HTTP/1.1 200 OK
Content-Type: application/json; charset=utf-8
cache-control: no-cache
content-length: 14

15:55:39.402 [AsyncHttpClient-1-5] DEBUG org.asynchttpclient.netty.channel.ChannelManager - Adding key: http://localhost:55754 for channel [id: 0xfd1ce392, L:/127.0.0.1:56563 - R:localhost/127.0.0.1:55754]
15:55:39.412 [Forwarding screenshot on session 5abd7f0866e61bfd06e3ee42ba72fad6 to remote] DEBUG org.asynchttpclient.netty.request.NettyRequestSender - Using pooled Channel '[id: 0xfd1ce392, L:/127.0.0.1:56563 - R:localhost/127.0.0.1:55754]' for 'GET' to 'http://localhost:55754/session/5abd7f0866e61bfd06e3ee42ba72fad6/screenshot'
15:55:39.412 [Forwarding screenshot on session 5abd7f0866e61bfd06e3ee42ba72fad6 to remote] DEBUG org.asynchttpclient.netty.request.NettyRequestSender - Using open Channel [id: 0xfd1ce392, L:/127.0.0.1:56563 - R:localhost/127.0.0.1:55754] for GET '/session/5abd7f0866e61bfd06e3ee42ba72fad6/screenshot'
15:55:39.706 [AsyncHttpClient-1-5] DEBUG org.asynchttpclient.netty.handler.HttpHandler - 

Request DefaultFullHttpRequest(decodeResult: success, version: HTTP/1.1, content: EmptyByteBufBE)
GET /session/5abd7f0866e61bfd06e3ee42ba72fad6/screenshot HTTP/1.1
User-Agent: selenium/4.1.2 (java windows)
Cache-Control: no-cache
Content-Type: application/json; charset=utf-8
host: localhost:55754
accept: */*

Response DefaultHttpResponse(decodeResult: success, version: HTTP/1.1)
HTTP/1.1 200 OK
Content-Type: application/json; charset=utf-8
cache-control: no-cache
content-length: 27080

15:55:39.707 [AsyncHttpClient-1-5] DEBUG org.asynchttpclient.netty.channel.ChannelManager - Adding key: http://localhost:55754 for channel [id: 0xfd1ce392, L:/127.0.0.1:56563 - R:localhost/127.0.0.1:55754]
15:55:39.711 [main] DEBUG net.serenitybdd.core.photography.Darkroom - Send negative for processing for target\site\serenity\df903834ffb372f44e7c695ddbf86ea46bdf4f5ecf7040c682ea4290f803045a.png
15:55:39.711 [main] DEBUG net.thucydides.core.steps.StepInterceptor - STEP DONE: clickFirstKesehatan
  &amp#27;[32mAnd &amp#27;[0m&amp#27;[32mI click category that i want&amp#27;[0m                &amp#27;[90m# starter.stepdefinitions.ProductSteps.iClickCategoryThatIWant()&amp#27;[0m
15:55:39.714 [Darkroom Processing Line] DEBUG net.serenitybdd.core.photography.DarkroomProcessingLine - Processing screenshot image in /var/screenshots/screenshot-16091524034212893357
15:55:39.715 [Darkroom Processing Line] DEBUG net.serenitybdd.core.photography.DarkroomProcessingLine - Saving screenshot to target\site\serenity\df903834ffb372f44e7c695ddbf86ea46bdf4f5ecf7040c682ea4290f803045a.png
15:55:39.738 [main] DEBUG net.thucydides.core.steps.StepInterceptor - STARTING STEP: ProductSteps.iCanSeeIsTheCategoryHaveItemsOrNot - verifyKesehatanIsEmpty
15:55:39.741 [Forwarding findElement on session 5abd7f0866e61bfd06e3ee42ba72fad6 to remote] DEBUG org.asynchttpclient.netty.request.NettyRequestSender - Using pooled Channel '[id: 0xfd1ce392, L:/127.0.0.1:56563 - R:localhost/127.0.0.1:55754]' for 'POST' to 'http://localhost:55754/session/5abd7f0866e61bfd06e3ee42ba72fad6/element'
15:55:39.741 [Forwarding findElement on session 5abd7f0866e61bfd06e3ee42ba72fad6 to remote] DEBUG org.asynchttpclient.netty.request.NettyRequestSender - Using open Channel [id: 0xfd1ce392, L:/127.0.0.1:56563 - R:localhost/127.0.0.1:55754] for POST '/session/5abd7f0866e61bfd06e3ee42ba72fad6/element'
15:55:39.763 [AsyncHttpClient-1-5] DEBUG org.asynchttpclient.netty.handler.HttpHandler - 

Request DefaultHttpRequest(decodeResult: success, version: HTTP/1.1)
POST /session/5abd7f0866e61bfd06e3ee42ba72fad6/element HTTP/1.1
User-Agent: selenium/4.1.2 (java windows)
Content-Length: 79
Content-Type: application/json; charset=utf-8
host: localhost:55754
accept: */*

Response DefaultHttpResponse(decodeResult: success, version: HTTP/1.1)
HTTP/1.1 200 OK
Content-Type: application/json; charset=utf-8
cache-control: no-cache
content-length: 88

15:55:39.763 [AsyncHttpClient-1-5] DEBUG org.asynchttpclient.netty.channel.ChannelManager - Adding key: http://localhost:55754 for channel [id: 0xfd1ce392, L:/127.0.0.1:56563 - R:localhost/127.0.0.1:55754]
15:55:39.769 [Forwarding isElementDisplayed on session 5abd7f0866e61bfd06e3ee42ba72fad6 to remote] DEBUG org.asynchttpclient.netty.request.NettyRequestSender - Using pooled Channel '[id: 0xfd1ce392, L:/127.0.0.1:56563 - R:localhost/127.0.0.1:55754]' for 'POST' to 'http://localhost:55754/session/5abd7f0866e61bfd06e3ee42ba72fad6/execute/sync'
15:55:39.769 [Forwarding isElementDisplayed on session 5abd7f0866e61bfd06e3ee42ba72fad6 to remote] DEBUG org.asynchttpclient.netty.request.NettyRequestSender - Using open Channel [id: 0xfd1ce392, L:/127.0.0.1:56563 - R:localhost/127.0.0.1:55754] for POST '/session/5abd7f0866e61bfd06e3ee42ba72fad6/execute/sync'
15:55:39.803 [AsyncHttpClient-1-5] DEBUG org.asynchttpclient.netty.handler.HttpHandler - 

Request DefaultHttpRequest(decodeResult: success, version: HTTP/1.1)
POST /session/5abd7f0866e61bfd06e3ee42ba72fad6/execute/sync HTTP/1.1
User-Agent: selenium/4.1.2 (java windows)
Content-Length: 48780
Content-Type: application/json; charset=utf-8
host: localhost:55754
accept: */*

Response DefaultHttpResponse(decodeResult: success, version: HTTP/1.1)
HTTP/1.1 200 OK
Content-Type: application/json; charset=utf-8
cache-control: no-cache
content-length: 14

15:55:39.803 [AsyncHttpClient-1-5] DEBUG org.asynchttpclient.netty.channel.ChannelManager - Adding key: http://localhost:55754 for channel [id: 0xfd1ce392, L:/127.0.0.1:56563 - R:localhost/127.0.0.1:55754]
15:55:39.809 [Forwarding screenshot on session 5abd7f0866e61bfd06e3ee42ba72fad6 to remote] DEBUG org.asynchttpclient.netty.request.NettyRequestSender - Using pooled Channel '[id: 0xfd1ce392, L:/127.0.0.1:56563 - R:localhost/127.0.0.1:55754]' for 'GET' to 'http://localhost:55754/session/5abd7f0866e61bfd06e3ee42ba72fad6/screenshot'
15:55:39.809 [Forwarding screenshot on session 5abd7f0866e61bfd06e3ee42ba72fad6 to remote] DEBUG org.asynchttpclient.netty.request.NettyRequestSender - Using open Channel [id: 0xfd1ce392, L:/127.0.0.1:56563 - R:localhost/127.0.0.1:55754] for GET '/session/5abd7f0866e61bfd06e3ee42ba72fad6/screenshot'
15:55:39.959 [AsyncHttpClient-1-1] DEBUG org.asynchttpclient.netty.channel.DefaultChannelPool - Entry count for : http://localhost:56565 : 1
15:55:39.988 [AsyncHttpClient-1-5] DEBUG org.asynchttpclient.netty.handler.HttpHandler - 

Request DefaultFullHttpRequest(decodeResult: success, version: HTTP/1.1, content: EmptyByteBufBE)
GET /session/5abd7f0866e61bfd06e3ee42ba72fad6/screenshot HTTP/1.1
User-Agent: selenium/4.1.2 (java windows)
Cache-Control: no-cache
Content-Type: application/json; charset=utf-8
host: localhost:55754
accept: */*

Response DefaultHttpResponse(decodeResult: success, version: HTTP/1.1)
HTTP/1.1 200 OK
Content-Type: application/json; charset=utf-8
cache-control: no-cache
content-length: 22852

15:55:39.988 [AsyncHttpClient-1-5] DEBUG org.asynchttpclient.netty.channel.ChannelManager - Adding key: http://localhost:55754 for channel [id: 0xfd1ce392, L:/127.0.0.1:56563 - R:localhost/127.0.0.1:55754]
15:55:39.990 [main] DEBUG net.serenitybdd.core.photography.Darkroom - Send negative for processing for target\site\serenity\4083ea6ade29b91bd2f99fd0d35c14acb3b1fcc70a87ea9c4ebe9963df3e64cc.png
15:55:39.991 [main] DEBUG net.thucydides.core.steps.StepInterceptor - STEP DONE: verifyKesehatanIsEmpty
  &amp#27;[32mThen &amp#27;[0m&amp#27;[32mI can see is the category has items or not&amp#27;[0m &amp#27;[90m# starter.stepdefinitions.ProductSteps.iCanSeeIsTheCategoryHaveItemsOrNot()&amp#27;[0m
15:55:40.000 [main] INFO  - 
  _____   ___   ___   _____     ___     _     ___   ___   ___   ___  
 |_   _| | __| / __| |_   _|   | _ \   /_\   / __| / __| | __| |   \ 
   | |   | _|  \__ \   | |     |  _/  / _ \  \__ \ \__ \ | _|  | |) |
   |_|   |___| |___/   |_|     |_|   /_/ \_\ |___/ |___/ |___| |___/ 

Using category bar
----------------------------------------------------------------------
15:55:40.003 [AsyncHttpClient-1-3] DEBUG org.asynchttpclient.netty.handler.WebSocketHandler - Channel Closed: [id: 0xd232acb8, L:/127.0.0.1:56571 ! R:localhost/127.0.0.1:56565] with attribute NettyResponseFuture{currentRetry=5,
	isDone=1,
	isCancelled=0,
	asyncHandler=org.asynchttpclient.ws.WebSocketUpgradeHandler@5fa5c01b,
	nettyRequest=org.asynchttpclient.netty.request.NettyRequest@303ad018,
	future=java.util.concurrent.CompletableFuture@1f8ae5e1[Completed normally],
	uri=ws://localhost:56565/devtools/browser/3f069e6a-0912-4e66-9e2a-9f4a9ff791ad,
	keepAlive=true,
	redirectCount=0,
	timeoutsHolder=null,
	inAuth=0,
	touch=1652864119454}
15:55:40.003 [AsyncHttpClient-1-3] DEBUG org.asynchttpclient.netty.channel.ChannelManager - Closing Channel [id: 0xd232acb8, L:/127.0.0.1:56571 ! R:localhost/127.0.0.1:56565] 
15:55:40.004 [Darkroom Processing Line] DEBUG net.serenitybdd.core.photography.DarkroomProcessingLine - Processing screenshot image in /var/screenshots/screenshot-16249612537722020014
15:55:40.004 [Darkroom Processing Line] DEBUG net.serenitybdd.core.photography.DarkroomProcessingLine - Saving screenshot to target\site\serenity\4083ea6ade29b91bd2f99fd0d35c14acb3b1fcc70a87ea9c4ebe9963df3e64cc.png
15:55:40.023 [Driver Command Executor] DEBUG org.asynchttpclient.netty.request.NettyRequestSender - Using pooled Channel '[id: 0xfd1ce392, L:/127.0.0.1:56563 - R:localhost/127.0.0.1:55754]' for 'DELETE' to 'http://localhost:55754/session/5abd7f0866e61bfd06e3ee42ba72fad6'
15:55:40.023 [Driver Command Executor] DEBUG org.asynchttpclient.netty.request.NettyRequestSender - Using open Channel [id: 0xfd1ce392, L:/127.0.0.1:56563 - R:localhost/127.0.0.1:55754] for DELETE '/session/5abd7f0866e61bfd06e3ee42ba72fad6'
15:55:40.293 [AsyncHttpClient-1-2] DEBUG org.asynchttpclient.netty.handler.HttpHandler - Unexpected I/O exception on channel [id: 0x02741d3c, L:/127.0.0.1:56570 - R:localhost/127.0.0.1:56565]
java.net.SocketException: Connection reset
	at java.base/sun.nio.ch.SocketChannelImpl.throwConnectionReset(SocketChannelImpl.java:367)
	at java.base/sun.nio.ch.SocketChannelImpl.read(SocketChannelImpl.java:398)
	at io.netty.buffer.PooledByteBuf.setBytes(PooledByteBuf.java:258)
	at io.netty.buffer.AbstractByteBuf.writeBytes(AbstractByteBuf.java:1132)
	at io.netty.channel.socket.nio.NioSocketChannel.doReadBytes(NioSocketChannel.java:350)
	at io.netty.channel.nio.AbstractNioByteChannel$NioByteUnsafe.read(AbstractNioByteChannel.java:151)
	at io.netty.channel.nio.NioEventLoop.processSelectedKey(NioEventLoop.java:722)
	at io.netty.channel.nio.NioEventLoop.processSelectedKeysOptimized(NioEventLoop.java:658)
	at io.netty.channel.nio.NioEventLoop.processSelectedKeys(NioEventLoop.java:584)
	at io.netty.channel.nio.NioEventLoop.run(NioEventLoop.java:496)
	at io.netty.util.concurrent.SingleThreadEventExecutor$4.run(SingleThreadEventExecutor.java:986)
	at io.netty.util.internal.ThreadExecutorMap$2.run(ThreadExecutorMap.java:74)
	at io.netty.util.concurrent.FastThreadLocalRunnable.run(FastThreadLocalRunnable.java:30)
	at java.base/java.lang.Thread.run(Thread.java:832)
15:55:40.293 [AsyncHttpClient-1-2] DEBUG org.asynchttpclient.netty.channel.ChannelManager - Closing Channel [id: 0x02741d3c, L:/127.0.0.1:56570 - R:localhost/127.0.0.1:56565] 
15:55:40.294 [AsyncHttpClient-1-2] DEBUG org.asynchttpclient.netty.handler.HttpHandler - Channel Closed: [id: 0x02741d3c, L:/127.0.0.1:56570 ! R:localhost/127.0.0.1:56565] with attribute DISCARD
15:55:40.327 [AsyncHttpClient-1-5] DEBUG org.asynchttpclient.netty.handler.HttpHandler - 

Request DefaultFullHttpRequest(decodeResult: success, version: HTTP/1.1, content: EmptyByteBufBE)
DELETE /session/5abd7f0866e61bfd06e3ee42ba72fad6 HTTP/1.1
User-Agent: selenium/4.1.2 (java windows)
Content-Type: application/json; charset=utf-8
host: localhost:55754
accept: */*

Response DefaultHttpResponse(decodeResult: success, version: HTTP/1.1)
HTTP/1.1 200 OK
Content-Type: application/json; charset=utf-8
cache-control: no-cache
content-length: 14

15:55:40.327 [AsyncHttpClient-1-5] DEBUG org.asynchttpclient.netty.channel.ChannelManager - Adding key: http://localhost:55754 for channel [id: 0xfd1ce392, L:/127.0.0.1:56563 - R:localhost/127.0.0.1:55754]
15:55:40.777 [AsyncHttpClient-1-5] DEBUG org.asynchttpclient.netty.handler.HttpHandler - Channel Closed: [id: 0xfd1ce392, L:/127.0.0.1:56563 ! R:localhost/127.0.0.1:55754] with attribute DISCARD
15:55:41.059 [AsyncHttpClient-1-1] DEBUG org.asynchttpclient.netty.channel.DefaultChannelPool - Entry count for : http://localhost:56565 : 1
15:55:41.059 [AsyncHttpClient-1-1] DEBUG org.asynchttpclient.netty.channel.DefaultChannelPool - Entry count for : http://localhost:55754 : 1
15:55:41.059 [AsyncHttpClient-1-1] DEBUG org.asynchttpclient.netty.channel.DefaultChannelPool - Adding Candidate expired Channel [id: 0x02741d3c, L:/127.0.0.1:56570 ! R:localhost/127.0.0.1:56565] isIdleTimeoutExpired=false isRemotelyClosed=true isTtlExpired=false
15:55:41.059 [AsyncHttpClient-1-1] DEBUG org.asynchttpclient.netty.channel.DefaultChannelPool - Closing Idle Channel [id: 0x02741d3c, L:/127.0.0.1:56570 ! R:localhost/127.0.0.1:56565]
15:55:41.059 [AsyncHttpClient-1-1] DEBUG org.asynchttpclient.netty.channel.DefaultChannelPool - Adding Candidate expired Channel [id: 0xfd1ce392, L:/127.0.0.1:56563 ! R:localhost/127.0.0.1:55754] isIdleTimeoutExpired=false isRemotelyClosed=true isTtlExpired=false
15:55:41.059 [AsyncHttpClient-1-1] DEBUG org.asynchttpclient.netty.channel.DefaultChannelPool - Closing Idle Channel [id: 0xfd1ce392, L:/127.0.0.1:56563 ! R:localhost/127.0.0.1:55754]
15:55:41.059 [AsyncHttpClient-1-1] DEBUG org.asynchttpclient.netty.channel.DefaultChannelPool - Closed 2 connections out of 2 in 0 ms
]]></system-out>
    <system-err><![CDATA[Starting ChromeDriver 100.0.4896.60 (6a5d10861ce8de5fce22564658033b43cb7de047-refs/branch-heads/4896@{#875}) on port 55754
Only local connections are allowed.
Please see https://chromedriver.chromium.org/security-considerations for suggestions on keeping ChromeDriver safe.
ChromeDriver was started successfully.
[1652864119.294][WARNING]: This version of ChromeDriver has not been tested with Chrome version 101.
May 18, 2022 3:55:19 PM org.openqa.selenium.remote.ProtocolHandshake createSession
INFO: Detected dialect: W3C
May 18, 2022 3:55:19 PM org.openqa.selenium.devtools.CdpVersionFinder findNearestMatch
WARNING: Unable to find an exact match for CDP version 101, so returning the closest version found: 97
May 18, 2022 3:55:19 PM org.openqa.selenium.devtools.CdpVersionFinder findNearestMatch
INFO: Found CDP implementation for version 101 of 97
[1652864136.030][SEVERE]: Timed out receiving message from renderer: 10.000
[1652864136.033][WARNING]: screenshot failed, retrying timeout: Timed out receiving message from renderer: 10.000
]]></system-err>
  </testcase>
  <testcase name="Register #1" classname="Register" time="12.571">
    <system-out><![CDATA[15:55:41.298 [main] INFO io.cucumber.core.plugin.SerenityReporter - Running feature from file:///C:/Users/ponda/Documents/Final_Project/Final_Web/src/test/resources/features/Register.feature
15:55:41.306 [main] DEBUG net.thucydides.core.steps.StepEventBus - Test suite started for story net.thucydides.core.model.Story@30e75088
15:55:41.307 [main] INFO  - Test Suite Started: Register

Scenario Outline: Register         &amp#27;[90m# src/test/resources/features/Register.feature:16&amp#27;[0m
15:55:41.335 [main] INFO io.cucumber.core.plugin.SerenityReporter - Running feature from file:///C:/Users/ponda/Documents/Final_Project/Final_Web/src/test/resources/features/Register.feature
15:55:41.344 [main] INFO  - 
  _____   ___   ___   _____     ___   _____     _     ___   _____   ___   ___  
 |_   _| | __| / __| |_   _|   / __| |_   _|   /_\   | _ \ |_   _| | __| |   \ 
   | |   | _|  \__ \   | |     \__ \   | |    / _ \  |   /   | |   | _|  | |) |
   |_|   |___| |___/   |_|     |___/   |_|   /_/ \_\ |_|_\   |_|   |___| |___/ 

Register(register;register)
--------------------------------------------------------------------------------
15:55:41.576 [main] DEBUG net.thucydides.core.steps.StepInterceptor - STARTING STEP: RegisterSteps.onRegisterPage - openRegisURL
15:55:41.578 [main] INFO net.serenitybdd.core.webdriver.driverproviders.ChromeDriverProvider - Using automatically driver download
15:55:41.858 [main] DEBUG io.github.bonigarcia.wdm.cache.ResolutionCache - Resolution chrome=101 in cache (valid until 16:36:25 18/05/2022 WIB)
15:55:41.866 [main] DEBUG io.github.bonigarcia.wdm.cache.ResolutionCache - Resolution chrome101=101.0.4951.41 in cache (valid until 16:04:06 18/05/2022 WIB)
15:55:41.869 [main] INFO io.github.bonigarcia.wdm.WebDriverManager - Using chromedriver 101.0.4951.41 (resolved driver for Chrome 101)
15:55:41.889 [main] DEBUG io.github.bonigarcia.wdm.WebDriverManager - Driver chromedriver 101.0.4951.41 found in cache
15:55:41.890 [main] INFO io.github.bonigarcia.wdm.WebDriverManager - Exporting webdriver.chrome.driver as C:\Users\ponda\.cache\selenium\chromedriver\win32\101.0.4951.41\chromedriver.exe
15:55:42.076 [main] DEBUG net.serenitybdd.core.webdriver.driverproviders.ProvideNewDriver - Instantiating driver
15:55:42.076 [main] DEBUG net.serenitybdd.core.webdriver.driverproviders.ProvideNewDriver - Driver capabilities: Capabilities {acceptInsecureCerts: false, base.url: https://qa.alta.id, browserName: chrome, chrome.driver: src/test/resources/webdrive..., driver: chrome, goog:chromeOptions: {args: [], extensions: []}}
15:55:42.629 [AsyncHttpClient-1-4] DEBUG org.asynchttpclient.netty.channel.NettyConnectListener - Using new Channel '[id: 0xedf78069, L:/127.0.0.1:56599 - R:localhost/127.0.0.1:65198]' for 'POST' to '/session'
15:55:44.553 [AsyncHttpClient-1-4] DEBUG org.asynchttpclient.netty.handler.HttpHandler - 

Request DefaultHttpRequest(decodeResult: success, version: HTTP/1.1)
POST /session HTTP/1.1
User-Agent: selenium/4.1.2 (java windows)
Content-Length: 599
Content-Type: application/json; charset=utf-8
host: localhost:65198
accept: */*

Response DefaultHttpResponse(decodeResult: success, version: HTTP/1.1)
HTTP/1.1 200 OK
Content-Type: application/json; charset=utf-8
cache-control: no-cache
content-length: 790

15:55:44.553 [AsyncHttpClient-1-4] DEBUG org.asynchttpclient.netty.channel.ChannelManager - Adding key: http://localhost:65198 for channel [id: 0xedf78069, L:/127.0.0.1:56599 - R:localhost/127.0.0.1:65198]
15:55:44.568 [AsyncHttpClient-1-5] DEBUG org.asynchttpclient.netty.channel.NettyConnectListener - Using new Channel '[id: 0xbae5a118, L:/127.0.0.1:56608 - R:localhost/127.0.0.1:56601]' for 'GET' to '/json/version'
15:55:44.569 [AsyncHttpClient-1-5] DEBUG org.asynchttpclient.netty.handler.HttpHandler - 

Request DefaultFullHttpRequest(decodeResult: success, version: HTTP/1.1, content: EmptyByteBufBE)
GET /json/version HTTP/1.1
User-Agent: selenium/4.1.2 (java windows)
host: localhost:56601
accept: */*

Response DefaultHttpResponse(decodeResult: success, version: HTTP/1.1)
HTTP/1.1 200 OK
Content-Type: application/json; charset=UTF-8
content-length: 427

15:55:44.569 [AsyncHttpClient-1-5] DEBUG org.asynchttpclient.netty.channel.ChannelManager - Adding key: http://localhost:56601 for channel [id: 0xbae5a118, L:/127.0.0.1:56608 - R:localhost/127.0.0.1:56601]
15:55:44.572 [AsyncHttpClient-1-2] DEBUG org.asynchttpclient.netty.channel.NettyConnectListener - Using new Channel '[id: 0x1b781132, L:/127.0.0.1:56609 - R:localhost/127.0.0.1:56601]' for 'GET' to '/devtools/browser/ba78c563-be7a-49c1-9166-2339f2e741e1'
15:55:44.574 [AsyncHttpClient-1-2] DEBUG org.asynchttpclient.netty.handler.WebSocketHandler - 

Request DefaultFullHttpRequest(decodeResult: success, version: HTTP/1.1, content: EmptyByteBufBE)
GET /devtools/browser/ba78c563-be7a-49c1-9166-2339f2e741e1 HTTP/1.1
upgrade: websocket
connection: upgrade
sec-websocket-key: Qj2sa8hmwmyZSGG03PvRuQ==
sec-websocket-version: 13
origin: http://localhost:56601
host: localhost:56601
accept: */*
user-agent: AHC/2.1

Response DefaultHttpResponse(decodeResult: success, version: HTTP/1.1)
HTTP/1.1 101 WebSocket Protocol Handshake
Upgrade: WebSocket
Connection: Upgrade
Sec-WebSocket-Accept: /chE7GNySADT9q21z61jEUq7/8M=

15:55:44.587 [Forwarding maximizeCurrentWindow on session 9e0b2c46f5579cc5fb268186cee6f915 to remote] DEBUG org.asynchttpclient.netty.request.NettyRequestSender - Using pooled Channel '[id: 0xedf78069, L:/127.0.0.1:56599 - R:localhost/127.0.0.1:65198]' for 'POST' to 'http://localhost:65198/session/9e0b2c46f5579cc5fb268186cee6f915/window/maximize'
15:55:44.587 [Forwarding maximizeCurrentWindow on session 9e0b2c46f5579cc5fb268186cee6f915 to remote] DEBUG org.asynchttpclient.netty.request.NettyRequestSender - Using open Channel [id: 0xedf78069, L:/127.0.0.1:56599 - R:localhost/127.0.0.1:65198] for POST '/session/9e0b2c46f5579cc5fb268186cee6f915/window/maximize'
15:55:45.065 [AsyncHttpClient-1-4] DEBUG org.asynchttpclient.netty.handler.HttpHandler - 

Request DefaultHttpRequest(decodeResult: success, version: HTTP/1.1)
POST /session/9e0b2c46f5579cc5fb268186cee6f915/window/maximize HTTP/1.1
User-Agent: selenium/4.1.2 (java windows)
Content-Length: 3
Content-Type: application/json; charset=utf-8
host: localhost:65198
accept: */*

Response DefaultHttpResponse(decodeResult: success, version: HTTP/1.1)
HTTP/1.1 200 OK
Content-Type: application/json; charset=utf-8
cache-control: no-cache
content-length: 51

15:55:45.065 [AsyncHttpClient-1-4] DEBUG org.asynchttpclient.netty.channel.ChannelManager - Adding key: http://localhost:65198 for channel [id: 0xedf78069, L:/127.0.0.1:56599 - R:localhost/127.0.0.1:65198]
15:55:45.076 [Forwarding get on session 9e0b2c46f5579cc5fb268186cee6f915 to remote] DEBUG org.asynchttpclient.netty.request.NettyRequestSender - Using pooled Channel '[id: 0xedf78069, L:/127.0.0.1:56599 - R:localhost/127.0.0.1:65198]' for 'POST' to 'http://localhost:65198/session/9e0b2c46f5579cc5fb268186cee6f915/url'
15:55:45.076 [Forwarding get on session 9e0b2c46f5579cc5fb268186cee6f915 to remote] DEBUG org.asynchttpclient.netty.request.NettyRequestSender - Using open Channel [id: 0xedf78069, L:/127.0.0.1:56599 - R:localhost/127.0.0.1:65198] for POST '/session/9e0b2c46f5579cc5fb268186cee6f915/url'
15:55:45.469 [AsyncHttpClient-1-1] DEBUG org.asynchttpclient.netty.channel.DefaultChannelPool - Entry count for : http://localhost:56601 : 1
15:55:46.568 [AsyncHttpClient-1-1] DEBUG org.asynchttpclient.netty.channel.DefaultChannelPool - Entry count for : http://localhost:56601 : 1
15:55:47.665 [AsyncHttpClient-1-1] DEBUG org.asynchttpclient.netty.channel.DefaultChannelPool - Entry count for : http://localhost:56601 : 1
15:55:47.903 [AsyncHttpClient-1-4] DEBUG org.asynchttpclient.netty.handler.HttpHandler - 

Request DefaultHttpRequest(decodeResult: success, version: HTTP/1.1)
POST /session/9e0b2c46f5579cc5fb268186cee6f915/url HTTP/1.1
User-Agent: selenium/4.1.2 (java windows)
Content-Length: 67
Content-Type: application/json; charset=utf-8
host: localhost:65198
accept: */*

Response DefaultHttpResponse(decodeResult: success, version: HTTP/1.1)
HTTP/1.1 200 OK
Content-Type: application/json; charset=utf-8
cache-control: no-cache
content-length: 14

15:55:47.903 [AsyncHttpClient-1-4] DEBUG org.asynchttpclient.netty.channel.ChannelManager - Adding key: http://localhost:65198 for channel [id: 0xedf78069, L:/127.0.0.1:56599 - R:localhost/127.0.0.1:65198]
15:55:47.905 [Forwarding setTimeout on session 9e0b2c46f5579cc5fb268186cee6f915 to remote] DEBUG org.asynchttpclient.netty.request.NettyRequestSender - Using pooled Channel '[id: 0xedf78069, L:/127.0.0.1:56599 - R:localhost/127.0.0.1:65198]' for 'POST' to 'http://localhost:65198/session/9e0b2c46f5579cc5fb268186cee6f915/timeouts'
15:55:47.905 [Forwarding setTimeout on session 9e0b2c46f5579cc5fb268186cee6f915 to remote] DEBUG org.asynchttpclient.netty.request.NettyRequestSender - Using open Channel [id: 0xedf78069, L:/127.0.0.1:56599 - R:localhost/127.0.0.1:65198] for POST '/session/9e0b2c46f5579cc5fb268186cee6f915/timeouts'
15:55:47.907 [AsyncHttpClient-1-4] DEBUG org.asynchttpclient.netty.handler.HttpHandler - 

Request DefaultHttpRequest(decodeResult: success, version: HTTP/1.1)
POST /session/9e0b2c46f5579cc5fb268186cee6f915/timeouts HTTP/1.1
User-Agent: selenium/4.1.2 (java windows)
Content-Length: 22
Content-Type: application/json; charset=utf-8
host: localhost:65198
accept: */*

Response DefaultHttpResponse(decodeResult: success, version: HTTP/1.1)
HTTP/1.1 200 OK
Content-Type: application/json; charset=utf-8
cache-control: no-cache
content-length: 14

15:55:47.907 [AsyncHttpClient-1-4] DEBUG org.asynchttpclient.netty.channel.ChannelManager - Adding key: http://localhost:65198 for channel [id: 0xedf78069, L:/127.0.0.1:56599 - R:localhost/127.0.0.1:65198]
15:55:47.920 [Forwarding getCurrentUrl on session 9e0b2c46f5579cc5fb268186cee6f915 to remote] DEBUG org.asynchttpclient.netty.request.NettyRequestSender - Using pooled Channel '[id: 0xedf78069, L:/127.0.0.1:56599 - R:localhost/127.0.0.1:65198]' for 'GET' to 'http://localhost:65198/session/9e0b2c46f5579cc5fb268186cee6f915/url'
15:55:47.920 [Forwarding getCurrentUrl on session 9e0b2c46f5579cc5fb268186cee6f915 to remote] DEBUG org.asynchttpclient.netty.request.NettyRequestSender - Using open Channel [id: 0xedf78069, L:/127.0.0.1:56599 - R:localhost/127.0.0.1:65198] for GET '/session/9e0b2c46f5579cc5fb268186cee6f915/url'
15:55:47.930 [AsyncHttpClient-1-4] DEBUG org.asynchttpclient.netty.handler.HttpHandler - 

Request DefaultFullHttpRequest(decodeResult: success, version: HTTP/1.1, content: EmptyByteBufBE)
GET /session/9e0b2c46f5579cc5fb268186cee6f915/url HTTP/1.1
User-Agent: selenium/4.1.2 (java windows)
Cache-Control: no-cache
Content-Type: application/json; charset=utf-8
host: localhost:65198
accept: */*

Response DefaultHttpResponse(decodeResult: success, version: HTTP/1.1)
HTTP/1.1 200 OK
Content-Type: application/json; charset=utf-8
cache-control: no-cache
content-length: 44

15:55:47.930 [AsyncHttpClient-1-4] DEBUG org.asynchttpclient.netty.channel.ChannelManager - Adding key: http://localhost:65198 for channel [id: 0xedf78069, L:/127.0.0.1:56599 - R:localhost/127.0.0.1:65198]
15:55:47.979 [main] DEBUG net.serenitybdd.core.photography.Darkroom - Opening darkroom
15:55:47.981 [Forwarding screenshot on session 9e0b2c46f5579cc5fb268186cee6f915 to remote] DEBUG org.asynchttpclient.netty.request.NettyRequestSender - Using pooled Channel '[id: 0xedf78069, L:/127.0.0.1:56599 - R:localhost/127.0.0.1:65198]' for 'GET' to 'http://localhost:65198/session/9e0b2c46f5579cc5fb268186cee6f915/screenshot'
15:55:47.981 [Forwarding screenshot on session 9e0b2c46f5579cc5fb268186cee6f915 to remote] DEBUG org.asynchttpclient.netty.request.NettyRequestSender - Using open Channel [id: 0xedf78069, L:/127.0.0.1:56599 - R:localhost/127.0.0.1:65198] for GET '/session/9e0b2c46f5579cc5fb268186cee6f915/screenshot'
15:55:48.061 [Darkroom Processing Line] DEBUG net.serenitybdd.core.photography.DarkroomProcessingLine - Darkroom processing line starting up
15:55:48.331 [AsyncHttpClient-1-4] DEBUG org.asynchttpclient.netty.handler.HttpHandler - 

Request DefaultFullHttpRequest(decodeResult: success, version: HTTP/1.1, content: EmptyByteBufBE)
GET /session/9e0b2c46f5579cc5fb268186cee6f915/screenshot HTTP/1.1
User-Agent: selenium/4.1.2 (java windows)
Cache-Control: no-cache
Content-Type: application/json; charset=utf-8
host: localhost:65198
accept: */*

Response DefaultHttpResponse(decodeResult: success, version: HTTP/1.1)
HTTP/1.1 200 OK
Content-Type: application/json; charset=utf-8
cache-control: no-cache
content-length: 30072

15:55:48.333 [AsyncHttpClient-1-4] DEBUG org.asynchttpclient.netty.channel.ChannelManager - Adding key: http://localhost:65198 for channel [id: 0xedf78069, L:/127.0.0.1:56599 - R:localhost/127.0.0.1:65198]
15:55:48.335 [main] DEBUG net.serenitybdd.core.photography.Darkroom - Send negative for processing for target\site\serenity\bd159e4f239b6f9d4ba999f8a11b183ce613e281485ea2c4cc7c03dfabddb843.png
15:55:48.335 [main] DEBUG net.thucydides.core.steps.StepInterceptor - STEP DONE: openRegisURL
  &amp#27;[32mGiven &amp#27;[0m&amp#27;[32mI am on register page&amp#27;[0m      &amp#27;[90m# starter.stepdefinitions.RegisterSteps.onRegisterPage()&amp#27;[0m
15:55:48.336 [Darkroom Processing Line] DEBUG net.serenitybdd.core.photography.DarkroomProcessingLine - Processing screenshot image in /var/screenshots/screenshot-1350713516551133629
15:55:48.336 [Darkroom Processing Line] DEBUG net.serenitybdd.core.photography.DarkroomProcessingLine - Saving screenshot to target\site\serenity\bd159e4f239b6f9d4ba999f8a11b183ce613e281485ea2c4cc7c03dfabddb843.png
15:55:48.363 [main] DEBUG net.thucydides.core.steps.StepInterceptor - STARTING STEP: RegisterSteps.inputNamaLengkap - inputNamaLengkap
15:55:48.369 [Forwarding findElement on session 9e0b2c46f5579cc5fb268186cee6f915 to remote] DEBUG org.asynchttpclient.netty.request.NettyRequestSender - Using pooled Channel '[id: 0xedf78069, L:/127.0.0.1:56599 - R:localhost/127.0.0.1:65198]' for 'POST' to 'http://localhost:65198/session/9e0b2c46f5579cc5fb268186cee6f915/element'
15:55:48.369 [Forwarding findElement on session 9e0b2c46f5579cc5fb268186cee6f915 to remote] DEBUG org.asynchttpclient.netty.request.NettyRequestSender - Using open Channel [id: 0xedf78069, L:/127.0.0.1:56599 - R:localhost/127.0.0.1:65198] for POST '/session/9e0b2c46f5579cc5fb268186cee6f915/element'
15:55:48.388 [AsyncHttpClient-1-4] DEBUG org.asynchttpclient.netty.handler.HttpHandler - 

Request DefaultHttpRequest(decodeResult: success, version: HTTP/1.1)
POST /session/9e0b2c46f5579cc5fb268186cee6f915/element HTTP/1.1
User-Agent: selenium/4.1.2 (java windows)
Content-Length: 93
Content-Type: application/json; charset=utf-8
host: localhost:65198
accept: */*

Response DefaultHttpResponse(decodeResult: success, version: HTTP/1.1)
HTTP/1.1 200 OK
Content-Type: application/json; charset=utf-8
cache-control: no-cache
content-length: 88

15:55:48.389 [AsyncHttpClient-1-4] DEBUG org.asynchttpclient.netty.channel.ChannelManager - Adding key: http://localhost:65198 for channel [id: 0xedf78069, L:/127.0.0.1:56599 - R:localhost/127.0.0.1:65198]
15:55:48.390 [Forwarding clearElement on session 9e0b2c46f5579cc5fb268186cee6f915 to remote] DEBUG org.asynchttpclient.netty.request.NettyRequestSender - Using pooled Channel '[id: 0xedf78069, L:/127.0.0.1:56599 - R:localhost/127.0.0.1:65198]' for 'POST' to 'http://localhost:65198/session/9e0b2c46f5579cc5fb268186cee6f915/element/2d82b4fa-1845-45e9-adcd-89531d3daa64/clear'
15:55:48.390 [Forwarding clearElement on session 9e0b2c46f5579cc5fb268186cee6f915 to remote] DEBUG org.asynchttpclient.netty.request.NettyRequestSender - Using open Channel [id: 0xedf78069, L:/127.0.0.1:56599 - R:localhost/127.0.0.1:65198] for POST '/session/9e0b2c46f5579cc5fb268186cee6f915/element/2d82b4fa-1845-45e9-adcd-89531d3daa64/clear'
15:55:48.441 [AsyncHttpClient-1-4] DEBUG org.asynchttpclient.netty.handler.HttpHandler - 

Request DefaultHttpRequest(decodeResult: success, version: HTTP/1.1)
POST /session/9e0b2c46f5579cc5fb268186cee6f915/element/2d82b4fa-1845-45e9-adcd-89531d3daa64/clear HTTP/1.1
User-Agent: selenium/4.1.2 (java windows)
Content-Length: 50
Content-Type: application/json; charset=utf-8
host: localhost:65198
accept: */*

Response DefaultHttpResponse(decodeResult: success, version: HTTP/1.1)
HTTP/1.1 200 OK
Content-Type: application/json; charset=utf-8
cache-control: no-cache
content-length: 14

15:55:48.441 [AsyncHttpClient-1-4] DEBUG org.asynchttpclient.netty.channel.ChannelManager - Adding key: http://localhost:65198 for channel [id: 0xedf78069, L:/127.0.0.1:56599 - R:localhost/127.0.0.1:65198]
15:55:48.443 [Forwarding sendKeysToElement on session 9e0b2c46f5579cc5fb268186cee6f915 to remote] DEBUG org.asynchttpclient.netty.request.NettyRequestSender - Using pooled Channel '[id: 0xedf78069, L:/127.0.0.1:56599 - R:localhost/127.0.0.1:65198]' for 'POST' to 'http://localhost:65198/session/9e0b2c46f5579cc5fb268186cee6f915/element/2d82b4fa-1845-45e9-adcd-89531d3daa64/value'
15:55:48.443 [Forwarding sendKeysToElement on session 9e0b2c46f5579cc5fb268186cee6f915 to remote] DEBUG org.asynchttpclient.netty.request.NettyRequestSender - Using open Channel [id: 0xedf78069, L:/127.0.0.1:56599 - R:localhost/127.0.0.1:65198] for POST '/session/9e0b2c46f5579cc5fb268186cee6f915/element/2d82b4fa-1845-45e9-adcd-89531d3daa64/value'
15:55:48.702 [AsyncHttpClient-1-4] DEBUG org.asynchttpclient.netty.handler.HttpHandler - 

Request DefaultHttpRequest(decodeResult: success, version: HTTP/1.1)
POST /session/9e0b2c46f5579cc5fb268186cee6f915/element/2d82b4fa-1845-45e9-adcd-89531d3daa64/value HTTP/1.1
User-Agent: selenium/4.1.2 (java windows)
Content-Length: 151
Content-Type: application/json; charset=utf-8
host: localhost:65198
accept: */*

Response DefaultHttpResponse(decodeResult: success, version: HTTP/1.1)
HTTP/1.1 200 OK
Content-Type: application/json; charset=utf-8
cache-control: no-cache
content-length: 14

15:55:48.703 [AsyncHttpClient-1-4] DEBUG org.asynchttpclient.netty.channel.ChannelManager - Adding key: http://localhost:65198 for channel [id: 0xedf78069, L:/127.0.0.1:56599 - R:localhost/127.0.0.1:65198]
15:55:48.719 [Forwarding screenshot on session 9e0b2c46f5579cc5fb268186cee6f915 to remote] DEBUG org.asynchttpclient.netty.request.NettyRequestSender - Using pooled Channel '[id: 0xedf78069, L:/127.0.0.1:56599 - R:localhost/127.0.0.1:65198]' for 'GET' to 'http://localhost:65198/session/9e0b2c46f5579cc5fb268186cee6f915/screenshot'
15:55:48.719 [Forwarding screenshot on session 9e0b2c46f5579cc5fb268186cee6f915 to remote] DEBUG org.asynchttpclient.netty.request.NettyRequestSender - Using open Channel [id: 0xedf78069, L:/127.0.0.1:56599 - R:localhost/127.0.0.1:65198] for GET '/session/9e0b2c46f5579cc5fb268186cee6f915/screenshot'
15:55:48.760 [AsyncHttpClient-1-1] DEBUG org.asynchttpclient.netty.channel.DefaultChannelPool - Entry count for : http://localhost:56601 : 1
15:55:49.029 [AsyncHttpClient-1-4] DEBUG org.asynchttpclient.netty.handler.HttpHandler - 

Request DefaultFullHttpRequest(decodeResult: success, version: HTTP/1.1, content: EmptyByteBufBE)
GET /session/9e0b2c46f5579cc5fb268186cee6f915/screenshot HTTP/1.1
User-Agent: selenium/4.1.2 (java windows)
Cache-Control: no-cache
Content-Type: application/json; charset=utf-8
host: localhost:65198
accept: */*

Response DefaultHttpResponse(decodeResult: success, version: HTTP/1.1)
HTTP/1.1 200 OK
Content-Type: application/json; charset=utf-8
cache-control: no-cache
content-length: 30868

15:55:49.029 [AsyncHttpClient-1-4] DEBUG org.asynchttpclient.netty.channel.ChannelManager - Adding key: http://localhost:65198 for channel [id: 0xedf78069, L:/127.0.0.1:56599 - R:localhost/127.0.0.1:65198]
15:55:49.031 [main] DEBUG net.serenitybdd.core.photography.Darkroom - Send negative for processing for target\site\serenity\62f3f579e1b7051a81eb03b2b2595ac346ddd0df5831c5fccfe01b7c711dcb65.png
15:55:49.031 [main] DEBUG net.thucydides.core.steps.StepInterceptor - STEP DONE: inputNamaLengkap
  &amp#27;[32mWhen &amp#27;[0m&amp#27;[32mI input fullname &amp#27;[0m&amp#27;[32m&amp#27;[1m"Inggrit"&amp#27;[0m  &amp#27;[90m# starter.stepdefinitions.RegisterSteps.inputNamaLengkap(java.lang.String)&amp#27;[0m
15:55:49.033 [Darkroom Processing Line] DEBUG net.serenitybdd.core.photography.DarkroomProcessingLine - Processing screenshot image in /var/screenshots/screenshot-1682632373968840715
15:55:49.033 [Darkroom Processing Line] DEBUG net.serenitybdd.core.photography.DarkroomProcessingLine - Saving screenshot to target\site\serenity\62f3f579e1b7051a81eb03b2b2595ac346ddd0df5831c5fccfe01b7c711dcb65.png
15:55:49.065 [main] DEBUG net.thucydides.core.steps.StepInterceptor - STARTING STEP: RegisterSteps.iInputEmail - inputEmailForRegist
15:55:49.068 [Forwarding findElement on session 9e0b2c46f5579cc5fb268186cee6f915 to remote] DEBUG org.asynchttpclient.netty.request.NettyRequestSender - Using pooled Channel '[id: 0xedf78069, L:/127.0.0.1:56599 - R:localhost/127.0.0.1:65198]' for 'POST' to 'http://localhost:65198/session/9e0b2c46f5579cc5fb268186cee6f915/element'
15:55:49.068 [Forwarding findElement on session 9e0b2c46f5579cc5fb268186cee6f915 to remote] DEBUG org.asynchttpclient.netty.request.NettyRequestSender - Using open Channel [id: 0xedf78069, L:/127.0.0.1:56599 - R:localhost/127.0.0.1:65198] for POST '/session/9e0b2c46f5579cc5fb268186cee6f915/element'
15:55:49.091 [AsyncHttpClient-1-4] DEBUG org.asynchttpclient.netty.handler.HttpHandler - 

Request DefaultHttpRequest(decodeResult: success, version: HTTP/1.1)
POST /session/9e0b2c46f5579cc5fb268186cee6f915/element HTTP/1.1
User-Agent: selenium/4.1.2 (java windows)
Content-Length: 86
Content-Type: application/json; charset=utf-8
host: localhost:65198
accept: */*

Response DefaultHttpResponse(decodeResult: success, version: HTTP/1.1)
HTTP/1.1 200 OK
Content-Type: application/json; charset=utf-8
cache-control: no-cache
content-length: 88

15:55:49.091 [AsyncHttpClient-1-4] DEBUG org.asynchttpclient.netty.channel.ChannelManager - Adding key: http://localhost:65198 for channel [id: 0xedf78069, L:/127.0.0.1:56599 - R:localhost/127.0.0.1:65198]
15:55:49.092 [Forwarding clearElement on session 9e0b2c46f5579cc5fb268186cee6f915 to remote] DEBUG org.asynchttpclient.netty.request.NettyRequestSender - Using pooled Channel '[id: 0xedf78069, L:/127.0.0.1:56599 - R:localhost/127.0.0.1:65198]' for 'POST' to 'http://localhost:65198/session/9e0b2c46f5579cc5fb268186cee6f915/element/b0d4d07b-1bba-4a91-be2d-48f7033f05fd/clear'
15:55:49.092 [Forwarding clearElement on session 9e0b2c46f5579cc5fb268186cee6f915 to remote] DEBUG org.asynchttpclient.netty.request.NettyRequestSender - Using open Channel [id: 0xedf78069, L:/127.0.0.1:56599 - R:localhost/127.0.0.1:65198] for POST '/session/9e0b2c46f5579cc5fb268186cee6f915/element/b0d4d07b-1bba-4a91-be2d-48f7033f05fd/clear'
15:55:49.145 [AsyncHttpClient-1-4] DEBUG org.asynchttpclient.netty.handler.HttpHandler - 

Request DefaultHttpRequest(decodeResult: success, version: HTTP/1.1)
POST /session/9e0b2c46f5579cc5fb268186cee6f915/element/b0d4d07b-1bba-4a91-be2d-48f7033f05fd/clear HTTP/1.1
User-Agent: selenium/4.1.2 (java windows)
Content-Length: 50
Content-Type: application/json; charset=utf-8
host: localhost:65198
accept: */*

Response DefaultHttpResponse(decodeResult: success, version: HTTP/1.1)
HTTP/1.1 200 OK
Content-Type: application/json; charset=utf-8
cache-control: no-cache
content-length: 14

15:55:49.145 [AsyncHttpClient-1-4] DEBUG org.asynchttpclient.netty.channel.ChannelManager - Adding key: http://localhost:65198 for channel [id: 0xedf78069, L:/127.0.0.1:56599 - R:localhost/127.0.0.1:65198]
15:55:49.148 [Forwarding sendKeysToElement on session 9e0b2c46f5579cc5fb268186cee6f915 to remote] DEBUG org.asynchttpclient.netty.request.NettyRequestSender - Using pooled Channel '[id: 0xedf78069, L:/127.0.0.1:56599 - R:localhost/127.0.0.1:65198]' for 'POST' to 'http://localhost:65198/session/9e0b2c46f5579cc5fb268186cee6f915/element/b0d4d07b-1bba-4a91-be2d-48f7033f05fd/value'
15:55:49.148 [Forwarding sendKeysToElement on session 9e0b2c46f5579cc5fb268186cee6f915 to remote] DEBUG org.asynchttpclient.netty.request.NettyRequestSender - Using open Channel [id: 0xedf78069, L:/127.0.0.1:56599 - R:localhost/127.0.0.1:65198] for POST '/session/9e0b2c46f5579cc5fb268186cee6f915/element/b0d4d07b-1bba-4a91-be2d-48f7033f05fd/value'
15:55:49.606 [AsyncHttpClient-1-4] DEBUG org.asynchttpclient.netty.handler.HttpHandler - 

Request DefaultHttpRequest(decodeResult: success, version: HTTP/1.1)
POST /session/9e0b2c46f5579cc5fb268186cee6f915/element/b0d4d07b-1bba-4a91-be2d-48f7033f05fd/value HTTP/1.1
User-Agent: selenium/4.1.2 (java windows)
Content-Length: 291
Content-Type: application/json; charset=utf-8
host: localhost:65198
accept: */*

Response DefaultHttpResponse(decodeResult: success, version: HTTP/1.1)
HTTP/1.1 200 OK
Content-Type: application/json; charset=utf-8
cache-control: no-cache
content-length: 14

15:55:49.606 [AsyncHttpClient-1-4] DEBUG org.asynchttpclient.netty.channel.ChannelManager - Adding key: http://localhost:65198 for channel [id: 0xedf78069, L:/127.0.0.1:56599 - R:localhost/127.0.0.1:65198]
15:55:49.624 [Forwarding screenshot on session 9e0b2c46f5579cc5fb268186cee6f915 to remote] DEBUG org.asynchttpclient.netty.request.NettyRequestSender - Using pooled Channel '[id: 0xedf78069, L:/127.0.0.1:56599 - R:localhost/127.0.0.1:65198]' for 'GET' to 'http://localhost:65198/session/9e0b2c46f5579cc5fb268186cee6f915/screenshot'
15:55:49.624 [Forwarding screenshot on session 9e0b2c46f5579cc5fb268186cee6f915 to remote] DEBUG org.asynchttpclient.netty.request.NettyRequestSender - Using open Channel [id: 0xedf78069, L:/127.0.0.1:56599 - R:localhost/127.0.0.1:65198] for GET '/session/9e0b2c46f5579cc5fb268186cee6f915/screenshot'
15:55:49.828 [AsyncHttpClient-1-4] DEBUG org.asynchttpclient.netty.handler.HttpHandler - 

Request DefaultFullHttpRequest(decodeResult: success, version: HTTP/1.1, content: EmptyByteBufBE)
GET /session/9e0b2c46f5579cc5fb268186cee6f915/screenshot HTTP/1.1
User-Agent: selenium/4.1.2 (java windows)
Cache-Control: no-cache
Content-Type: application/json; charset=utf-8
host: localhost:65198
accept: */*

Response DefaultHttpResponse(decodeResult: success, version: HTTP/1.1)
HTTP/1.1 200 OK
Content-Type: application/json; charset=utf-8
cache-control: no-cache
content-length: 34780

15:55:49.829 [AsyncHttpClient-1-4] DEBUG org.asynchttpclient.netty.channel.ChannelManager - Adding key: http://localhost:65198 for channel [id: 0xedf78069, L:/127.0.0.1:56599 - R:localhost/127.0.0.1:65198]
15:55:49.843 [main] DEBUG net.serenitybdd.core.photography.Darkroom - Send negative for processing for target\site\serenity\1ee25d910fed3d279a5c388bbb2ff994c3dd2c98b4716ef81d6bab04c4fe78db.png
15:55:49.843 [main] DEBUG net.thucydides.core.steps.StepInterceptor - STEP DONE: inputEmailForRegist
  &amp#27;[32mAnd &amp#27;[0m&amp#27;[32mI input email &amp#27;[0m&amp#27;[32m&amp#27;[1m"new"&amp#27;[0m          &amp#27;[90m# starter.stepdefinitions.RegisterSteps.iInputEmail(java.lang.String)&amp#27;[0m
15:55:49.852 [Darkroom Processing Line] DEBUG net.serenitybdd.core.photography.DarkroomProcessingLine - Processing screenshot image in /var/screenshots/screenshot-4681340026958903969
15:55:49.852 [Darkroom Processing Line] DEBUG net.serenitybdd.core.photography.DarkroomProcessingLine - Saving screenshot to target\site\serenity\1ee25d910fed3d279a5c388bbb2ff994c3dd2c98b4716ef81d6bab04c4fe78db.png
15:55:49.881 [main] DEBUG net.thucydides.core.steps.StepInterceptor - STARTING STEP: RegisterSteps.inputPass - inputPassForRegist
15:55:49.883 [AsyncHttpClient-1-1] DEBUG org.asynchttpclient.netty.channel.DefaultChannelPool - Entry count for : http://localhost:56601 : 1
15:55:49.883 [AsyncHttpClient-1-1] DEBUG org.asynchttpclient.netty.channel.DefaultChannelPool - Entry count for : http://localhost:65198 : 1
15:55:49.891 [Forwarding findElement on session 9e0b2c46f5579cc5fb268186cee6f915 to remote] DEBUG org.asynchttpclient.netty.request.NettyRequestSender - Using pooled Channel '[id: 0xedf78069, L:/127.0.0.1:56599 - R:localhost/127.0.0.1:65198]' for 'POST' to 'http://localhost:65198/session/9e0b2c46f5579cc5fb268186cee6f915/element'
15:55:49.891 [Forwarding findElement on session 9e0b2c46f5579cc5fb268186cee6f915 to remote] DEBUG org.asynchttpclient.netty.request.NettyRequestSender - Using open Channel [id: 0xedf78069, L:/127.0.0.1:56599 - R:localhost/127.0.0.1:65198] for POST '/session/9e0b2c46f5579cc5fb268186cee6f915/element'
15:55:49.942 [AsyncHttpClient-1-4] DEBUG org.asynchttpclient.netty.handler.HttpHandler - 

Request DefaultHttpRequest(decodeResult: success, version: HTTP/1.1)
POST /session/9e0b2c46f5579cc5fb268186cee6f915/element HTTP/1.1
User-Agent: selenium/4.1.2 (java windows)
Content-Length: 89
Content-Type: application/json; charset=utf-8
host: localhost:65198
accept: */*

Response DefaultHttpResponse(decodeResult: success, version: HTTP/1.1)
HTTP/1.1 200 OK
Content-Type: application/json; charset=utf-8
cache-control: no-cache
content-length: 88

15:55:49.943 [AsyncHttpClient-1-4] DEBUG org.asynchttpclient.netty.channel.ChannelManager - Adding key: http://localhost:65198 for channel [id: 0xedf78069, L:/127.0.0.1:56599 - R:localhost/127.0.0.1:65198]
15:55:49.944 [Forwarding clearElement on session 9e0b2c46f5579cc5fb268186cee6f915 to remote] DEBUG org.asynchttpclient.netty.request.NettyRequestSender - Using pooled Channel '[id: 0xedf78069, L:/127.0.0.1:56599 - R:localhost/127.0.0.1:65198]' for 'POST' to 'http://localhost:65198/session/9e0b2c46f5579cc5fb268186cee6f915/element/867a72c7-951b-40cf-957f-48860d1a7977/clear'
15:55:49.945 [Forwarding clearElement on session 9e0b2c46f5579cc5fb268186cee6f915 to remote] DEBUG org.asynchttpclient.netty.request.NettyRequestSender - Using open Channel [id: 0xedf78069, L:/127.0.0.1:56599 - R:localhost/127.0.0.1:65198] for POST '/session/9e0b2c46f5579cc5fb268186cee6f915/element/867a72c7-951b-40cf-957f-48860d1a7977/clear'
15:55:50.018 [AsyncHttpClient-1-4] DEBUG org.asynchttpclient.netty.handler.HttpHandler - 

Request DefaultHttpRequest(decodeResult: success, version: HTTP/1.1)
POST /session/9e0b2c46f5579cc5fb268186cee6f915/element/867a72c7-951b-40cf-957f-48860d1a7977/clear HTTP/1.1
User-Agent: selenium/4.1.2 (java windows)
Content-Length: 50
Content-Type: application/json; charset=utf-8
host: localhost:65198
accept: */*

Response DefaultHttpResponse(decodeResult: success, version: HTTP/1.1)
HTTP/1.1 200 OK
Content-Type: application/json; charset=utf-8
cache-control: no-cache
content-length: 14

15:55:50.019 [AsyncHttpClient-1-4] DEBUG org.asynchttpclient.netty.channel.ChannelManager - Adding key: http://localhost:65198 for channel [id: 0xedf78069, L:/127.0.0.1:56599 - R:localhost/127.0.0.1:65198]
15:55:50.025 [Forwarding sendKeysToElement on session 9e0b2c46f5579cc5fb268186cee6f915 to remote] DEBUG org.asynchttpclient.netty.request.NettyRequestSender - Using pooled Channel '[id: 0xedf78069, L:/127.0.0.1:56599 - R:localhost/127.0.0.1:65198]' for 'POST' to 'http://localhost:65198/session/9e0b2c46f5579cc5fb268186cee6f915/element/867a72c7-951b-40cf-957f-48860d1a7977/value'
15:55:50.025 [Forwarding sendKeysToElement on session 9e0b2c46f5579cc5fb268186cee6f915 to remote] DEBUG org.asynchttpclient.netty.request.NettyRequestSender - Using open Channel [id: 0xedf78069, L:/127.0.0.1:56599 - R:localhost/127.0.0.1:65198] for POST '/session/9e0b2c46f5579cc5fb268186cee6f915/element/867a72c7-951b-40cf-957f-48860d1a7977/value'
15:55:50.388 [AsyncHttpClient-1-4] DEBUG org.asynchttpclient.netty.handler.HttpHandler - 

Request DefaultHttpRequest(decodeResult: success, version: HTTP/1.1)
POST /session/9e0b2c46f5579cc5fb268186cee6f915/element/867a72c7-951b-40cf-957f-48860d1a7977/value HTTP/1.1
User-Agent: selenium/4.1.2 (java windows)
Content-Length: 211
Content-Type: application/json; charset=utf-8
host: localhost:65198
accept: */*

Response DefaultHttpResponse(decodeResult: success, version: HTTP/1.1)
HTTP/1.1 200 OK
Content-Type: application/json; charset=utf-8
cache-control: no-cache
content-length: 14

15:55:50.388 [AsyncHttpClient-1-4] DEBUG org.asynchttpclient.netty.channel.ChannelManager - Adding key: http://localhost:65198 for channel [id: 0xedf78069, L:/127.0.0.1:56599 - R:localhost/127.0.0.1:65198]
15:55:50.407 [Forwarding screenshot on session 9e0b2c46f5579cc5fb268186cee6f915 to remote] DEBUG org.asynchttpclient.netty.request.NettyRequestSender - Using pooled Channel '[id: 0xedf78069, L:/127.0.0.1:56599 - R:localhost/127.0.0.1:65198]' for 'GET' to 'http://localhost:65198/session/9e0b2c46f5579cc5fb268186cee6f915/screenshot'
15:55:50.407 [Forwarding screenshot on session 9e0b2c46f5579cc5fb268186cee6f915 to remote] DEBUG org.asynchttpclient.netty.request.NettyRequestSender - Using open Channel [id: 0xedf78069, L:/127.0.0.1:56599 - R:localhost/127.0.0.1:65198] for GET '/session/9e0b2c46f5579cc5fb268186cee6f915/screenshot'
15:55:50.613 [AsyncHttpClient-1-4] DEBUG org.asynchttpclient.netty.handler.HttpHandler - 

Request DefaultFullHttpRequest(decodeResult: success, version: HTTP/1.1, content: EmptyByteBufBE)
GET /session/9e0b2c46f5579cc5fb268186cee6f915/screenshot HTTP/1.1
User-Agent: selenium/4.1.2 (java windows)
Cache-Control: no-cache
Content-Type: application/json; charset=utf-8
host: localhost:65198
accept: */*

Response DefaultHttpResponse(decodeResult: success, version: HTTP/1.1)
HTTP/1.1 200 OK
Content-Type: application/json; charset=utf-8
cache-control: no-cache
content-length: 37780

15:55:50.614 [AsyncHttpClient-1-4] DEBUG org.asynchttpclient.netty.channel.ChannelManager - Adding key: http://localhost:65198 for channel [id: 0xedf78069, L:/127.0.0.1:56599 - R:localhost/127.0.0.1:65198]
15:55:50.616 [main] DEBUG net.serenitybdd.core.photography.Darkroom - Send negative for processing for target\site\serenity\12891d36ef79d060795d395e8f40899cb8f0b20fcd7c70dac7565ad7dae3f7a8.png
15:55:50.618 [main] DEBUG net.thucydides.core.steps.StepInterceptor - STEP DONE: inputPassForRegist
  &amp#27;[32mAnd &amp#27;[0m&amp#27;[32mI input pass &amp#27;[0m&amp#27;[32m&amp#27;[1m"Rosieeposie45"&amp#27;[0m &amp#27;[90m# starter.stepdefinitions.RegisterSteps.inputPass(java.lang.String)&amp#27;[0m
15:55:50.642 [Darkroom Processing Line] DEBUG net.serenitybdd.core.photography.DarkroomProcessingLine - Processing screenshot image in /var/screenshots/screenshot-18064871321341017375
15:55:50.642 [Darkroom Processing Line] DEBUG net.serenitybdd.core.photography.DarkroomProcessingLine - Saving screenshot to target\site\serenity\12891d36ef79d060795d395e8f40899cb8f0b20fcd7c70dac7565ad7dae3f7a8.png
15:55:50.651 [main] DEBUG net.thucydides.core.steps.StepInterceptor - STARTING STEP: RegisterSteps.clickRegisterButton - clickRegisButton
15:55:50.661 [Forwarding findElement on session 9e0b2c46f5579cc5fb268186cee6f915 to remote] DEBUG org.asynchttpclient.netty.request.NettyRequestSender - Using pooled Channel '[id: 0xedf78069, L:/127.0.0.1:56599 - R:localhost/127.0.0.1:65198]' for 'POST' to 'http://localhost:65198/session/9e0b2c46f5579cc5fb268186cee6f915/element'
15:55:50.661 [Forwarding findElement on session 9e0b2c46f5579cc5fb268186cee6f915 to remote] DEBUG org.asynchttpclient.netty.request.NettyRequestSender - Using open Channel [id: 0xedf78069, L:/127.0.0.1:56599 - R:localhost/127.0.0.1:65198] for POST '/session/9e0b2c46f5579cc5fb268186cee6f915/element'
15:55:50.682 [AsyncHttpClient-1-4] DEBUG org.asynchttpclient.netty.handler.HttpHandler - 

Request DefaultHttpRequest(decodeResult: success, version: HTTP/1.1)
POST /session/9e0b2c46f5579cc5fb268186cee6f915/element HTTP/1.1
User-Agent: selenium/4.1.2 (java windows)
Content-Length: 138
Content-Type: application/json; charset=utf-8
host: localhost:65198
accept: */*

Response DefaultHttpResponse(decodeResult: success, version: HTTP/1.1)
HTTP/1.1 200 OK
Content-Type: application/json; charset=utf-8
cache-control: no-cache
content-length: 88

15:55:50.682 [AsyncHttpClient-1-4] DEBUG org.asynchttpclient.netty.channel.ChannelManager - Adding key: http://localhost:65198 for channel [id: 0xedf78069, L:/127.0.0.1:56599 - R:localhost/127.0.0.1:65198]
15:55:50.684 [Forwarding getElementTagName on session 9e0b2c46f5579cc5fb268186cee6f915 to remote] DEBUG org.asynchttpclient.netty.request.NettyRequestSender - Using pooled Channel '[id: 0xedf78069, L:/127.0.0.1:56599 - R:localhost/127.0.0.1:65198]' for 'GET' to 'http://localhost:65198/session/9e0b2c46f5579cc5fb268186cee6f915/element/142d9fbf-70a0-437d-b399-e52d3b80d645/name'
15:55:50.684 [Forwarding getElementTagName on session 9e0b2c46f5579cc5fb268186cee6f915 to remote] DEBUG org.asynchttpclient.netty.request.NettyRequestSender - Using open Channel [id: 0xedf78069, L:/127.0.0.1:56599 - R:localhost/127.0.0.1:65198] for GET '/session/9e0b2c46f5579cc5fb268186cee6f915/element/142d9fbf-70a0-437d-b399-e52d3b80d645/name'
15:55:50.696 [AsyncHttpClient-1-4] DEBUG org.asynchttpclient.netty.handler.HttpHandler - 

Request DefaultFullHttpRequest(decodeResult: success, version: HTTP/1.1, content: EmptyByteBufBE)
GET /session/9e0b2c46f5579cc5fb268186cee6f915/element/142d9fbf-70a0-437d-b399-e52d3b80d645/name HTTP/1.1
User-Agent: selenium/4.1.2 (java windows)
Cache-Control: no-cache
Content-Type: application/json; charset=utf-8
host: localhost:65198
accept: */*

Response DefaultHttpResponse(decodeResult: success, version: HTTP/1.1)
HTTP/1.1 200 OK
Content-Type: application/json; charset=utf-8
cache-control: no-cache
content-length: 18

15:55:50.696 [AsyncHttpClient-1-4] DEBUG org.asynchttpclient.netty.channel.ChannelManager - Adding key: http://localhost:65198 for channel [id: 0xedf78069, L:/127.0.0.1:56599 - R:localhost/127.0.0.1:65198]
15:55:50.697 [Forwarding getElementTagName on session 9e0b2c46f5579cc5fb268186cee6f915 to remote] DEBUG org.asynchttpclient.netty.request.NettyRequestSender - Using pooled Channel '[id: 0xedf78069, L:/127.0.0.1:56599 - R:localhost/127.0.0.1:65198]' for 'GET' to 'http://localhost:65198/session/9e0b2c46f5579cc5fb268186cee6f915/element/142d9fbf-70a0-437d-b399-e52d3b80d645/name'
15:55:50.697 [Forwarding getElementTagName on session 9e0b2c46f5579cc5fb268186cee6f915 to remote] DEBUG org.asynchttpclient.netty.request.NettyRequestSender - Using open Channel [id: 0xedf78069, L:/127.0.0.1:56599 - R:localhost/127.0.0.1:65198] for GET '/session/9e0b2c46f5579cc5fb268186cee6f915/element/142d9fbf-70a0-437d-b399-e52d3b80d645/name'
15:55:50.705 [AsyncHttpClient-1-4] DEBUG org.asynchttpclient.netty.handler.HttpHandler - 

Request DefaultFullHttpRequest(decodeResult: success, version: HTTP/1.1, content: EmptyByteBufBE)
GET /session/9e0b2c46f5579cc5fb268186cee6f915/element/142d9fbf-70a0-437d-b399-e52d3b80d645/name HTTP/1.1
User-Agent: selenium/4.1.2 (java windows)
Cache-Control: no-cache
Content-Type: application/json; charset=utf-8
host: localhost:65198
accept: */*

Response DefaultHttpResponse(decodeResult: success, version: HTTP/1.1)
HTTP/1.1 200 OK
Content-Type: application/json; charset=utf-8
cache-control: no-cache
content-length: 18

15:55:50.705 [AsyncHttpClient-1-4] DEBUG org.asynchttpclient.netty.channel.ChannelManager - Adding key: http://localhost:65198 for channel [id: 0xedf78069, L:/127.0.0.1:56599 - R:localhost/127.0.0.1:65198]
15:55:50.708 [Forwarding isElementEnabled on session 9e0b2c46f5579cc5fb268186cee6f915 to remote] DEBUG org.asynchttpclient.netty.request.NettyRequestSender - Using pooled Channel '[id: 0xedf78069, L:/127.0.0.1:56599 - R:localhost/127.0.0.1:65198]' for 'GET' to 'http://localhost:65198/session/9e0b2c46f5579cc5fb268186cee6f915/element/142d9fbf-70a0-437d-b399-e52d3b80d645/enabled'
15:55:50.708 [Forwarding isElementEnabled on session 9e0b2c46f5579cc5fb268186cee6f915 to remote] DEBUG org.asynchttpclient.netty.request.NettyRequestSender - Using open Channel [id: 0xedf78069, L:/127.0.0.1:56599 - R:localhost/127.0.0.1:65198] for GET '/session/9e0b2c46f5579cc5fb268186cee6f915/element/142d9fbf-70a0-437d-b399-e52d3b80d645/enabled'
15:55:50.721 [AsyncHttpClient-1-4] DEBUG org.asynchttpclient.netty.handler.HttpHandler - 

Request DefaultFullHttpRequest(decodeResult: success, version: HTTP/1.1, content: EmptyByteBufBE)
GET /session/9e0b2c46f5579cc5fb268186cee6f915/element/142d9fbf-70a0-437d-b399-e52d3b80d645/enabled HTTP/1.1
User-Agent: selenium/4.1.2 (java windows)
Cache-Control: no-cache
Content-Type: application/json; charset=utf-8
host: localhost:65198
accept: */*

Response DefaultHttpResponse(decodeResult: success, version: HTTP/1.1)
HTTP/1.1 200 OK
Content-Type: application/json; charset=utf-8
cache-control: no-cache
content-length: 14

15:55:50.721 [AsyncHttpClient-1-4] DEBUG org.asynchttpclient.netty.channel.ChannelManager - Adding key: http://localhost:65198 for channel [id: 0xedf78069, L:/127.0.0.1:56599 - R:localhost/127.0.0.1:65198]
15:55:50.722 [Forwarding isElementEnabled on session 9e0b2c46f5579cc5fb268186cee6f915 to remote] DEBUG org.asynchttpclient.netty.request.NettyRequestSender - Using pooled Channel '[id: 0xedf78069, L:/127.0.0.1:56599 - R:localhost/127.0.0.1:65198]' for 'GET' to 'http://localhost:65198/session/9e0b2c46f5579cc5fb268186cee6f915/element/142d9fbf-70a0-437d-b399-e52d3b80d645/enabled'
15:55:50.722 [Forwarding isElementEnabled on session 9e0b2c46f5579cc5fb268186cee6f915 to remote] DEBUG org.asynchttpclient.netty.request.NettyRequestSender - Using open Channel [id: 0xedf78069, L:/127.0.0.1:56599 - R:localhost/127.0.0.1:65198] for GET '/session/9e0b2c46f5579cc5fb268186cee6f915/element/142d9fbf-70a0-437d-b399-e52d3b80d645/enabled'
15:55:50.730 [AsyncHttpClient-1-4] DEBUG org.asynchttpclient.netty.handler.HttpHandler - 

Request DefaultFullHttpRequest(decodeResult: success, version: HTTP/1.1, content: EmptyByteBufBE)
GET /session/9e0b2c46f5579cc5fb268186cee6f915/element/142d9fbf-70a0-437d-b399-e52d3b80d645/enabled HTTP/1.1
User-Agent: selenium/4.1.2 (java windows)
Cache-Control: no-cache
Content-Type: application/json; charset=utf-8
host: localhost:65198
accept: */*

Response DefaultHttpResponse(decodeResult: success, version: HTTP/1.1)
HTTP/1.1 200 OK
Content-Type: application/json; charset=utf-8
cache-control: no-cache
content-length: 14

15:55:50.731 [AsyncHttpClient-1-4] DEBUG org.asynchttpclient.netty.channel.ChannelManager - Adding key: http://localhost:65198 for channel [id: 0xedf78069, L:/127.0.0.1:56599 - R:localhost/127.0.0.1:65198]
15:55:50.733 [Forwarding findElement on session 9e0b2c46f5579cc5fb268186cee6f915 to remote] DEBUG org.asynchttpclient.netty.request.NettyRequestSender - Using pooled Channel '[id: 0xedf78069, L:/127.0.0.1:56599 - R:localhost/127.0.0.1:65198]' for 'POST' to 'http://localhost:65198/session/9e0b2c46f5579cc5fb268186cee6f915/element'
15:55:50.733 [Forwarding findElement on session 9e0b2c46f5579cc5fb268186cee6f915 to remote] DEBUG org.asynchttpclient.netty.request.NettyRequestSender - Using open Channel [id: 0xedf78069, L:/127.0.0.1:56599 - R:localhost/127.0.0.1:65198] for POST '/session/9e0b2c46f5579cc5fb268186cee6f915/element'
15:55:50.744 [AsyncHttpClient-1-4] DEBUG org.asynchttpclient.netty.handler.HttpHandler - 

Request DefaultHttpRequest(decodeResult: success, version: HTTP/1.1)
POST /session/9e0b2c46f5579cc5fb268186cee6f915/element HTTP/1.1
User-Agent: selenium/4.1.2 (java windows)
Content-Length: 138
Content-Type: application/json; charset=utf-8
host: localhost:65198
accept: */*

Response DefaultHttpResponse(decodeResult: success, version: HTTP/1.1)
HTTP/1.1 200 OK
Content-Type: application/json; charset=utf-8
cache-control: no-cache
content-length: 88

15:55:50.744 [AsyncHttpClient-1-4] DEBUG org.asynchttpclient.netty.channel.ChannelManager - Adding key: http://localhost:65198 for channel [id: 0xedf78069, L:/127.0.0.1:56599 - R:localhost/127.0.0.1:65198]
15:55:50.746 [Forwarding clickElement on session 9e0b2c46f5579cc5fb268186cee6f915 to remote] DEBUG org.asynchttpclient.netty.request.NettyRequestSender - Using pooled Channel '[id: 0xedf78069, L:/127.0.0.1:56599 - R:localhost/127.0.0.1:65198]' for 'POST' to 'http://localhost:65198/session/9e0b2c46f5579cc5fb268186cee6f915/element/142d9fbf-70a0-437d-b399-e52d3b80d645/click'
15:55:50.746 [Forwarding clickElement on session 9e0b2c46f5579cc5fb268186cee6f915 to remote] DEBUG org.asynchttpclient.netty.request.NettyRequestSender - Using open Channel [id: 0xedf78069, L:/127.0.0.1:56599 - R:localhost/127.0.0.1:65198] for POST '/session/9e0b2c46f5579cc5fb268186cee6f915/element/142d9fbf-70a0-437d-b399-e52d3b80d645/click'
15:55:50.880 [AsyncHttpClient-1-4] DEBUG org.asynchttpclient.netty.handler.HttpHandler - 

Request DefaultHttpRequest(decodeResult: success, version: HTTP/1.1)
POST /session/9e0b2c46f5579cc5fb268186cee6f915/element/142d9fbf-70a0-437d-b399-e52d3b80d645/click HTTP/1.1
User-Agent: selenium/4.1.2 (java windows)
Content-Length: 50
Content-Type: application/json; charset=utf-8
host: localhost:65198
accept: */*

Response DefaultHttpResponse(decodeResult: success, version: HTTP/1.1)
HTTP/1.1 200 OK
Content-Type: application/json; charset=utf-8
cache-control: no-cache
content-length: 14

15:55:50.880 [AsyncHttpClient-1-4] DEBUG org.asynchttpclient.netty.channel.ChannelManager - Adding key: http://localhost:65198 for channel [id: 0xedf78069, L:/127.0.0.1:56599 - R:localhost/127.0.0.1:65198]
15:55:50.900 [Forwarding screenshot on session 9e0b2c46f5579cc5fb268186cee6f915 to remote] DEBUG org.asynchttpclient.netty.request.NettyRequestSender - Using pooled Channel '[id: 0xedf78069, L:/127.0.0.1:56599 - R:localhost/127.0.0.1:65198]' for 'GET' to 'http://localhost:65198/session/9e0b2c46f5579cc5fb268186cee6f915/screenshot'
15:55:50.901 [Forwarding screenshot on session 9e0b2c46f5579cc5fb268186cee6f915 to remote] DEBUG org.asynchttpclient.netty.request.NettyRequestSender - Using open Channel [id: 0xedf78069, L:/127.0.0.1:56599 - R:localhost/127.0.0.1:65198] for GET '/session/9e0b2c46f5579cc5fb268186cee6f915/screenshot'
15:55:50.981 [AsyncHttpClient-1-1] DEBUG org.asynchttpclient.netty.channel.DefaultChannelPool - Entry count for : http://localhost:56601 : 1
15:55:51.349 [AsyncHttpClient-1-4] DEBUG org.asynchttpclient.netty.handler.HttpHandler - 

Request DefaultFullHttpRequest(decodeResult: success, version: HTTP/1.1, content: EmptyByteBufBE)
GET /session/9e0b2c46f5579cc5fb268186cee6f915/screenshot HTTP/1.1
User-Agent: selenium/4.1.2 (java windows)
Cache-Control: no-cache
Content-Type: application/json; charset=utf-8
host: localhost:65198
accept: */*

Response DefaultHttpResponse(decodeResult: success, version: HTTP/1.1)
HTTP/1.1 200 OK
Content-Type: application/json; charset=utf-8
cache-control: no-cache
content-length: 37008

15:55:51.350 [AsyncHttpClient-1-4] DEBUG org.asynchttpclient.netty.channel.ChannelManager - Adding key: http://localhost:65198 for channel [id: 0xedf78069, L:/127.0.0.1:56599 - R:localhost/127.0.0.1:65198]
15:55:51.354 [main] DEBUG net.serenitybdd.core.photography.Darkroom - Send negative for processing for target\site\serenity\ba2836e86095683d08aaa6551aba7292178b6a1f8844d6d76512ab6459804572.png
15:55:51.355 [main] DEBUG net.thucydides.core.steps.StepInterceptor - STEP DONE: clickRegisButton
  &amp#27;[32mAnd &amp#27;[0m&amp#27;[32mclick register button&amp#27;[0m        &amp#27;[90m# starter.stepdefinitions.RegisterSteps.clickRegisterButton()&amp#27;[0m
15:55:51.396 [Darkroom Processing Line] DEBUG net.serenitybdd.core.photography.DarkroomProcessingLine - Processing screenshot image in /var/screenshots/screenshot-3875140366287081786
15:55:51.396 [Darkroom Processing Line] DEBUG net.serenitybdd.core.photography.DarkroomProcessingLine - Saving screenshot to target\site\serenity\ba2836e86095683d08aaa6551aba7292178b6a1f8844d6d76512ab6459804572.png
15:55:51.406 [Forwarding screenshot on session 9e0b2c46f5579cc5fb268186cee6f915 to remote] DEBUG org.asynchttpclient.netty.request.NettyRequestSender - Using pooled Channel '[id: 0xedf78069, L:/127.0.0.1:56599 - R:localhost/127.0.0.1:65198]' for 'GET' to 'http://localhost:65198/session/9e0b2c46f5579cc5fb268186cee6f915/screenshot'
15:55:51.406 [Forwarding screenshot on session 9e0b2c46f5579cc5fb268186cee6f915 to remote] DEBUG org.asynchttpclient.netty.request.NettyRequestSender - Using open Channel [id: 0xedf78069, L:/127.0.0.1:56599 - R:localhost/127.0.0.1:65198] for GET '/session/9e0b2c46f5579cc5fb268186cee6f915/screenshot'
15:55:51.674 [AsyncHttpClient-1-4] DEBUG org.asynchttpclient.netty.handler.HttpHandler - 

Request DefaultFullHttpRequest(decodeResult: success, version: HTTP/1.1, content: EmptyByteBufBE)
GET /session/9e0b2c46f5579cc5fb268186cee6f915/screenshot HTTP/1.1
User-Agent: selenium/4.1.2 (java windows)
Cache-Control: no-cache
Content-Type: application/json; charset=utf-8
host: localhost:65198
accept: */*

Response DefaultHttpResponse(decodeResult: success, version: HTTP/1.1)
HTTP/1.1 200 OK
Content-Type: application/json; charset=utf-8
cache-control: no-cache
content-length: 25384

15:55:51.675 [AsyncHttpClient-1-4] DEBUG org.asynchttpclient.netty.channel.ChannelManager - Adding key: http://localhost:65198 for channel [id: 0xedf78069, L:/127.0.0.1:56599 - R:localhost/127.0.0.1:65198]
15:55:51.677 [main] DEBUG net.serenitybdd.core.photography.Darkroom - Send negative for processing for target\site\serenity\49a3ec3fe6e588bb357024d38ea075b8250cb5f32bd132770e4d40bc98d606c0.png
15:55:51.677 [main] DEBUG net.thucydides.core.steps.StepInterceptor - STARTING STEP: RegisterSteps.iGetResult - openUrl
15:55:51.679 [Forwarding get on session 9e0b2c46f5579cc5fb268186cee6f915 to remote] DEBUG org.asynchttpclient.netty.request.NettyRequestSender - Using pooled Channel '[id: 0xedf78069, L:/127.0.0.1:56599 - R:localhost/127.0.0.1:65198]' for 'POST' to 'http://localhost:65198/session/9e0b2c46f5579cc5fb268186cee6f915/url'
15:55:51.679 [Forwarding get on session 9e0b2c46f5579cc5fb268186cee6f915 to remote] DEBUG org.asynchttpclient.netty.request.NettyRequestSender - Using open Channel [id: 0xedf78069, L:/127.0.0.1:56599 - R:localhost/127.0.0.1:65198] for POST '/session/9e0b2c46f5579cc5fb268186cee6f915/url'
15:55:52.067 [AsyncHttpClient-1-1] DEBUG org.asynchttpclient.netty.channel.DefaultChannelPool - Entry count for : http://localhost:56601 : 1
15:55:52.425 [AsyncHttpClient-1-4] DEBUG org.asynchttpclient.netty.handler.HttpHandler - 

Request DefaultHttpRequest(decodeResult: success, version: HTTP/1.1)
POST /session/9e0b2c46f5579cc5fb268186cee6f915/url HTTP/1.1
User-Agent: selenium/4.1.2 (java windows)
Content-Length: 64
Content-Type: application/json; charset=utf-8
host: localhost:65198
accept: */*

Response DefaultHttpResponse(decodeResult: success, version: HTTP/1.1)
HTTP/1.1 200 OK
Content-Type: application/json; charset=utf-8
cache-control: no-cache
content-length: 14

15:55:52.425 [AsyncHttpClient-1-4] DEBUG org.asynchttpclient.netty.channel.ChannelManager - Adding key: http://localhost:65198 for channel [id: 0xedf78069, L:/127.0.0.1:56599 - R:localhost/127.0.0.1:65198]
15:55:52.433 [Forwarding getCurrentUrl on session 9e0b2c46f5579cc5fb268186cee6f915 to remote] DEBUG org.asynchttpclient.netty.request.NettyRequestSender - Using pooled Channel '[id: 0xedf78069, L:/127.0.0.1:56599 - R:localhost/127.0.0.1:65198]' for 'GET' to 'http://localhost:65198/session/9e0b2c46f5579cc5fb268186cee6f915/url'
15:55:52.433 [Forwarding getCurrentUrl on session 9e0b2c46f5579cc5fb268186cee6f915 to remote] DEBUG org.asynchttpclient.netty.request.NettyRequestSender - Using open Channel [id: 0xedf78069, L:/127.0.0.1:56599 - R:localhost/127.0.0.1:65198] for GET '/session/9e0b2c46f5579cc5fb268186cee6f915/url'
15:55:52.532 [AsyncHttpClient-1-4] DEBUG org.asynchttpclient.netty.handler.HttpHandler - 

Request DefaultFullHttpRequest(decodeResult: success, version: HTTP/1.1, content: EmptyByteBufBE)
GET /session/9e0b2c46f5579cc5fb268186cee6f915/url HTTP/1.1
User-Agent: selenium/4.1.2 (java windows)
Cache-Control: no-cache
Content-Type: application/json; charset=utf-8
host: localhost:65198
accept: */*

Response DefaultHttpResponse(decodeResult: success, version: HTTP/1.1)
HTTP/1.1 200 OK
Content-Type: application/json; charset=utf-8
cache-control: no-cache
content-length: 41

15:55:52.532 [AsyncHttpClient-1-4] DEBUG org.asynchttpclient.netty.channel.ChannelManager - Adding key: http://localhost:65198 for channel [id: 0xedf78069, L:/127.0.0.1:56599 - R:localhost/127.0.0.1:65198]
15:55:52.543 [Forwarding screenshot on session 9e0b2c46f5579cc5fb268186cee6f915 to remote] DEBUG org.asynchttpclient.netty.request.NettyRequestSender - Using pooled Channel '[id: 0xedf78069, L:/127.0.0.1:56599 - R:localhost/127.0.0.1:65198]' for 'GET' to 'http://localhost:65198/session/9e0b2c46f5579cc5fb268186cee6f915/screenshot'
15:55:52.543 [Forwarding screenshot on session 9e0b2c46f5579cc5fb268186cee6f915 to remote] DEBUG org.asynchttpclient.netty.request.NettyRequestSender - Using open Channel [id: 0xedf78069, L:/127.0.0.1:56599 - R:localhost/127.0.0.1:65198] for GET '/session/9e0b2c46f5579cc5fb268186cee6f915/screenshot'
15:55:52.721 [AsyncHttpClient-1-4] DEBUG org.asynchttpclient.netty.handler.HttpHandler - 

Request DefaultFullHttpRequest(decodeResult: success, version: HTTP/1.1, content: EmptyByteBufBE)
GET /session/9e0b2c46f5579cc5fb268186cee6f915/screenshot HTTP/1.1
User-Agent: selenium/4.1.2 (java windows)
Cache-Control: no-cache
Content-Type: application/json; charset=utf-8
host: localhost:65198
accept: */*

Response DefaultHttpResponse(decodeResult: success, version: HTTP/1.1)
HTTP/1.1 200 OK
Content-Type: application/json; charset=utf-8
cache-control: no-cache
content-length: 25384

15:55:52.721 [AsyncHttpClient-1-4] DEBUG org.asynchttpclient.netty.channel.ChannelManager - Adding key: http://localhost:65198 for channel [id: 0xedf78069, L:/127.0.0.1:56599 - R:localhost/127.0.0.1:65198]
15:55:52.723 [main] DEBUG net.serenitybdd.core.photography.Darkroom - Send negative for processing for target\site\serenity\49a3ec3fe6e588bb357024d38ea075b8250cb5f32bd132770e4d40bc98d606c0.png
15:55:52.723 [main] DEBUG net.thucydides.core.steps.StepInterceptor - STEP DONE: openUrl
  &amp#27;[32mThen &amp#27;[0m&amp#27;[32mI get the &amp#27;[0m&amp#27;[32m&amp#27;[1m"login_page"&amp#27;[0m      &amp#27;[90m# starter.stepdefinitions.RegisterSteps.iGetResult(java.lang.String)&amp#27;[0m
15:55:52.739 [AsyncHttpClient-1-2] DEBUG org.asynchttpclient.netty.handler.WebSocketHandler - Channel Closed: [id: 0x1b781132, L:/127.0.0.1:56609 ! R:localhost/127.0.0.1:56601] with attribute NettyResponseFuture{currentRetry=5,
	isDone=1,
	isCancelled=0,
	asyncHandler=org.asynchttpclient.ws.WebSocketUpgradeHandler@18ad5387,
	nettyRequest=org.asynchttpclient.netty.request.NettyRequest@12b92084,
	future=java.util.concurrent.CompletableFuture@37004555[Completed normally],
	uri=ws://localhost:56601/devtools/browser/ba78c563-be7a-49c1-9166-2339f2e741e1,
	keepAlive=true,
	redirectCount=0,
	timeoutsHolder=null,
	inAuth=0,
	touch=1652864144574}
15:55:52.740 [AsyncHttpClient-1-2] DEBUG org.asynchttpclient.netty.channel.ChannelManager - Closing Channel [id: 0x1b781132, L:/127.0.0.1:56609 ! R:localhost/127.0.0.1:56601] 
15:55:52.741 [Driver Command Executor] DEBUG org.asynchttpclient.netty.request.NettyRequestSender - Using pooled Channel '[id: 0xedf78069, L:/127.0.0.1:56599 - R:localhost/127.0.0.1:65198]' for 'DELETE' to 'http://localhost:65198/session/9e0b2c46f5579cc5fb268186cee6f915'
15:55:52.741 [Driver Command Executor] DEBUG org.asynchttpclient.netty.request.NettyRequestSender - Using open Channel [id: 0xedf78069, L:/127.0.0.1:56599 - R:localhost/127.0.0.1:65198] for DELETE '/session/9e0b2c46f5579cc5fb268186cee6f915'
15:55:52.969 [AsyncHttpClient-1-5] DEBUG org.asynchttpclient.netty.handler.HttpHandler - Unexpected I/O exception on channel [id: 0xbae5a118, L:/127.0.0.1:56608 - R:localhost/127.0.0.1:56601]
java.net.SocketException: Connection reset
	at java.base/sun.nio.ch.SocketChannelImpl.throwConnectionReset(SocketChannelImpl.java:367)
	at java.base/sun.nio.ch.SocketChannelImpl.read(SocketChannelImpl.java:398)
	at io.netty.buffer.PooledByteBuf.setBytes(PooledByteBuf.java:258)
	at io.netty.buffer.AbstractByteBuf.writeBytes(AbstractByteBuf.java:1132)
	at io.netty.channel.socket.nio.NioSocketChannel.doReadBytes(NioSocketChannel.java:350)
	at io.netty.channel.nio.AbstractNioByteChannel$NioByteUnsafe.read(AbstractNioByteChannel.java:151)
	at io.netty.channel.nio.NioEventLoop.processSelectedKey(NioEventLoop.java:722)
	at io.netty.channel.nio.NioEventLoop.processSelectedKeysOptimized(NioEventLoop.java:658)
	at io.netty.channel.nio.NioEventLoop.processSelectedKeys(NioEventLoop.java:584)
	at io.netty.channel.nio.NioEventLoop.run(NioEventLoop.java:496)
	at io.netty.util.concurrent.SingleThreadEventExecutor$4.run(SingleThreadEventExecutor.java:986)
	at io.netty.util.internal.ThreadExecutorMap$2.run(ThreadExecutorMap.java:74)
	at io.netty.util.concurrent.FastThreadLocalRunnable.run(FastThreadLocalRunnable.java:30)
	at java.base/java.lang.Thread.run(Thread.java:832)
15:55:52.969 [AsyncHttpClient-1-5] DEBUG org.asynchttpclient.netty.channel.ChannelManager - Closing Channel [id: 0xbae5a118, L:/127.0.0.1:56608 - R:localhost/127.0.0.1:56601] 
15:55:52.969 [AsyncHttpClient-1-5] DEBUG org.asynchttpclient.netty.handler.HttpHandler - Channel Closed: [id: 0xbae5a118, L:/127.0.0.1:56608 ! R:localhost/127.0.0.1:56601] with attribute DISCARD
15:55:52.996 [AsyncHttpClient-1-4] DEBUG org.asynchttpclient.netty.handler.HttpHandler - 

Request DefaultFullHttpRequest(decodeResult: success, version: HTTP/1.1, content: EmptyByteBufBE)
DELETE /session/9e0b2c46f5579cc5fb268186cee6f915 HTTP/1.1
User-Agent: selenium/4.1.2 (java windows)
Content-Type: application/json; charset=utf-8
host: localhost:65198
accept: */*

Response DefaultHttpResponse(decodeResult: success, version: HTTP/1.1)
HTTP/1.1 200 OK
Content-Type: application/json; charset=utf-8
cache-control: no-cache
content-length: 14

15:55:52.996 [AsyncHttpClient-1-4] DEBUG org.asynchttpclient.netty.channel.ChannelManager - Adding key: http://localhost:65198 for channel [id: 0xedf78069, L:/127.0.0.1:56599 - R:localhost/127.0.0.1:65198]
15:55:53.161 [AsyncHttpClient-1-1] DEBUG org.asynchttpclient.netty.channel.DefaultChannelPool - Entry count for : http://localhost:56601 : 1
15:55:53.161 [AsyncHttpClient-1-1] DEBUG org.asynchttpclient.netty.channel.DefaultChannelPool - Entry count for : http://localhost:65198 : 1
15:55:53.161 [AsyncHttpClient-1-1] DEBUG org.asynchttpclient.netty.channel.DefaultChannelPool - Adding Candidate expired Channel [id: 0xbae5a118, L:/127.0.0.1:56608 ! R:localhost/127.0.0.1:56601] isIdleTimeoutExpired=false isRemotelyClosed=true isTtlExpired=false
15:55:53.161 [AsyncHttpClient-1-1] DEBUG org.asynchttpclient.netty.channel.DefaultChannelPool - Closing Idle Channel [id: 0xbae5a118, L:/127.0.0.1:56608 ! R:localhost/127.0.0.1:56601]
15:55:53.161 [AsyncHttpClient-1-1] DEBUG org.asynchttpclient.netty.channel.DefaultChannelPool - Closed 1 connections out of 2 in 0 ms
15:55:53.347 [AsyncHttpClient-1-4] DEBUG org.asynchttpclient.netty.handler.HttpHandler - Channel Closed: [id: 0xedf78069, L:/127.0.0.1:56599 ! R:localhost/127.0.0.1:65198] with attribute DISCARD
15:55:53.876 [main] INFO  - 
  _____   ___   ___   _____     ___     _     ___   ___   ___   ___  
 |_   _| | __| / __| |_   _|   | _ \   /_\   / __| / __| | __| |   \ 
   | |   | _|  \__ \   | |     |  _/  / _ \  \__ \ \__ \ | _|  | |) |
   |_|   |___| |___/   |_|     |_|   /_/ \_\ |___/ |___/ |___| |___/ 

Register
----------------------------------------------------------------------
]]></system-out>
    <system-err><![CDATA[Starting ChromeDriver 100.0.4896.60 (6a5d10861ce8de5fce22564658033b43cb7de047-refs/branch-heads/4896@{#875}) on port 65198
Only local connections are allowed.
Please see https://chromedriver.chromium.org/security-considerations for suggestions on keeping ChromeDriver safe.
ChromeDriver was started successfully.
[1652864144.010][WARNING]: This version of ChromeDriver has not been tested with Chrome version 101.
May 18, 2022 3:55:44 PM org.openqa.selenium.remote.ProtocolHandshake createSession
INFO: Detected dialect: W3C
May 18, 2022 3:55:44 PM org.openqa.selenium.devtools.CdpVersionFinder findNearestMatch
WARNING: Unable to find an exact match for CDP version 101, so returning the closest version found: 97
May 18, 2022 3:55:44 PM org.openqa.selenium.devtools.CdpVersionFinder findNearestMatch
INFO: Found CDP implementation for version 101 of 97
]]></system-err>
  </testcase>
  <testcase name="Register #2" classname="Register" time="12.19">
    <system-out><![CDATA[
Scenario Outline: Register                      &amp#27;[90m# src/test/resources/features/Register.feature:17&amp#27;[0m
15:55:53.898 [main] INFO io.cucumber.core.plugin.SerenityReporter - Running feature from file:///C:/Users/ponda/Documents/Final_Project/Final_Web/src/test/resources/features/Register.feature
15:55:53.935 [main] DEBUG net.thucydides.core.steps.StepInterceptor - STARTING STEP: RegisterSteps.onRegisterPage - openRegisURL
15:55:53.937 [main] INFO net.serenitybdd.core.webdriver.driverproviders.ChromeDriverProvider - Using automatically driver download
15:55:54.237 [main] DEBUG io.github.bonigarcia.wdm.cache.ResolutionCache - Resolution chrome=101 in cache (valid until 16:36:25 18/05/2022 WIB)
15:55:54.251 [main] DEBUG io.github.bonigarcia.wdm.cache.ResolutionCache - Resolution chrome101=101.0.4951.41 in cache (valid until 16:04:06 18/05/2022 WIB)
15:55:54.255 [main] INFO io.github.bonigarcia.wdm.WebDriverManager - Using chromedriver 101.0.4951.41 (resolved driver for Chrome 101)
15:55:54.258 [AsyncHttpClient-1-1] DEBUG org.asynchttpclient.netty.channel.DefaultChannelPool - Entry count for : http://localhost:65198 : 1
15:55:54.258 [AsyncHttpClient-1-1] DEBUG org.asynchttpclient.netty.channel.DefaultChannelPool - Adding Candidate expired Channel [id: 0xedf78069, L:/127.0.0.1:56599 ! R:localhost/127.0.0.1:65198] isIdleTimeoutExpired=false isRemotelyClosed=true isTtlExpired=false
15:55:54.258 [AsyncHttpClient-1-1] DEBUG org.asynchttpclient.netty.channel.DefaultChannelPool - Closing Idle Channel [id: 0xedf78069, L:/127.0.0.1:56599 ! R:localhost/127.0.0.1:65198]
15:55:54.258 [AsyncHttpClient-1-1] DEBUG org.asynchttpclient.netty.channel.DefaultChannelPool - Closed 1 connections out of 1 in 0 ms
15:55:54.287 [main] DEBUG io.github.bonigarcia.wdm.WebDriverManager - Driver chromedriver 101.0.4951.41 found in cache
15:55:54.288 [main] INFO io.github.bonigarcia.wdm.WebDriverManager - Exporting webdriver.chrome.driver as C:\Users\ponda\.cache\selenium\chromedriver\win32\101.0.4951.41\chromedriver.exe
15:55:54.486 [main] DEBUG net.serenitybdd.core.webdriver.driverproviders.ProvideNewDriver - Instantiating driver
15:55:54.486 [main] DEBUG net.serenitybdd.core.webdriver.driverproviders.ProvideNewDriver - Driver capabilities: Capabilities {acceptInsecureCerts: false, base.url: https://qa.alta.id, browserName: chrome, chrome.driver: src/test/resources/webdrive..., driver: chrome, goog:chromeOptions: {args: [], extensions: []}}
15:55:55.060 [AsyncHttpClient-1-3] DEBUG org.asynchttpclient.netty.channel.NettyConnectListener - Using new Channel '[id: 0x0968d542, L:/127.0.0.1:56630 - R:localhost/127.0.0.1:56038]' for 'POST' to '/session'
15:55:57.175 [AsyncHttpClient-1-3] DEBUG org.asynchttpclient.netty.handler.HttpHandler - 

Request DefaultHttpRequest(decodeResult: success, version: HTTP/1.1)
POST /session HTTP/1.1
User-Agent: selenium/4.1.2 (java windows)
Content-Length: 599
Content-Type: application/json; charset=utf-8
host: localhost:56038
accept: */*

Response DefaultHttpResponse(decodeResult: success, version: HTTP/1.1)
HTTP/1.1 200 OK
Content-Type: application/json; charset=utf-8
cache-control: no-cache
content-length: 787

15:55:57.175 [AsyncHttpClient-1-3] DEBUG org.asynchttpclient.netty.channel.ChannelManager - Adding key: http://localhost:56038 for channel [id: 0x0968d542, L:/127.0.0.1:56630 - R:localhost/127.0.0.1:56038]
15:55:57.199 [AsyncHttpClient-1-4] DEBUG org.asynchttpclient.netty.channel.NettyConnectListener - Using new Channel '[id: 0x15ed5ace, L:/127.0.0.1:56638 - R:localhost/127.0.0.1:56631]' for 'GET' to '/json/version'
15:55:57.204 [AsyncHttpClient-1-4] DEBUG org.asynchttpclient.netty.handler.HttpHandler - 

Request DefaultFullHttpRequest(decodeResult: success, version: HTTP/1.1, content: EmptyByteBufBE)
GET /json/version HTTP/1.1
User-Agent: selenium/4.1.2 (java windows)
host: localhost:56631
accept: */*

Response DefaultHttpResponse(decodeResult: success, version: HTTP/1.1)
HTTP/1.1 200 OK
Content-Type: application/json; charset=UTF-8
content-length: 427

15:55:57.205 [AsyncHttpClient-1-4] DEBUG org.asynchttpclient.netty.channel.ChannelManager - Adding key: http://localhost:56631 for channel [id: 0x15ed5ace, L:/127.0.0.1:56638 - R:localhost/127.0.0.1:56631]
15:55:57.209 [AsyncHttpClient-1-5] DEBUG org.asynchttpclient.netty.channel.NettyConnectListener - Using new Channel '[id: 0x0435cbc0, L:/127.0.0.1:56639 - R:localhost/127.0.0.1:56631]' for 'GET' to '/devtools/browser/dc784841-6c4f-45b8-98ae-cc6abbdea069'
15:55:57.210 [AsyncHttpClient-1-5] DEBUG org.asynchttpclient.netty.handler.WebSocketHandler - 

Request DefaultFullHttpRequest(decodeResult: success, version: HTTP/1.1, content: EmptyByteBufBE)
GET /devtools/browser/dc784841-6c4f-45b8-98ae-cc6abbdea069 HTTP/1.1
upgrade: websocket
connection: upgrade
sec-websocket-key: rO60sWWYjWFb/mKOh60CHw==
sec-websocket-version: 13
origin: http://localhost:56631
host: localhost:56631
accept: */*
user-agent: AHC/2.1

Response DefaultHttpResponse(decodeResult: success, version: HTTP/1.1)
HTTP/1.1 101 WebSocket Protocol Handshake
Upgrade: WebSocket
Connection: Upgrade
Sec-WebSocket-Accept: xszC2cPRMXDVilqafQk3SmQsmK8=

15:55:57.227 [Forwarding maximizeCurrentWindow on session 0e6bc68cd35b8b0ecc3065c7d4979617 to remote] DEBUG org.asynchttpclient.netty.request.NettyRequestSender - Using pooled Channel '[id: 0x0968d542, L:/127.0.0.1:56630 - R:localhost/127.0.0.1:56038]' for 'POST' to 'http://localhost:56038/session/0e6bc68cd35b8b0ecc3065c7d4979617/window/maximize'
15:55:57.227 [Forwarding maximizeCurrentWindow on session 0e6bc68cd35b8b0ecc3065c7d4979617 to remote] DEBUG org.asynchttpclient.netty.request.NettyRequestSender - Using open Channel [id: 0x0968d542, L:/127.0.0.1:56630 - R:localhost/127.0.0.1:56038] for POST '/session/0e6bc68cd35b8b0ecc3065c7d4979617/window/maximize'
15:55:57.490 [AsyncHttpClient-1-3] DEBUG org.asynchttpclient.netty.handler.HttpHandler - 

Request DefaultHttpRequest(decodeResult: success, version: HTTP/1.1)
POST /session/0e6bc68cd35b8b0ecc3065c7d4979617/window/maximize HTTP/1.1
User-Agent: selenium/4.1.2 (java windows)
Content-Length: 3
Content-Type: application/json; charset=utf-8
host: localhost:56038
accept: */*

Response DefaultHttpResponse(decodeResult: success, version: HTTP/1.1)
HTTP/1.1 200 OK
Content-Type: application/json; charset=utf-8
cache-control: no-cache
content-length: 51

15:55:57.490 [AsyncHttpClient-1-3] DEBUG org.asynchttpclient.netty.channel.ChannelManager - Adding key: http://localhost:56038 for channel [id: 0x0968d542, L:/127.0.0.1:56630 - R:localhost/127.0.0.1:56038]
15:55:57.492 [Forwarding get on session 0e6bc68cd35b8b0ecc3065c7d4979617 to remote] DEBUG org.asynchttpclient.netty.request.NettyRequestSender - Using pooled Channel '[id: 0x0968d542, L:/127.0.0.1:56630 - R:localhost/127.0.0.1:56038]' for 'POST' to 'http://localhost:56038/session/0e6bc68cd35b8b0ecc3065c7d4979617/url'
15:55:57.492 [Forwarding get on session 0e6bc68cd35b8b0ecc3065c7d4979617 to remote] DEBUG org.asynchttpclient.netty.request.NettyRequestSender - Using open Channel [id: 0x0968d542, L:/127.0.0.1:56630 - R:localhost/127.0.0.1:56038] for POST '/session/0e6bc68cd35b8b0ecc3065c7d4979617/url'
15:55:57.708 [AsyncHttpClient-1-1] DEBUG org.asynchttpclient.netty.channel.DefaultChannelPool - Entry count for : http://localhost:56631 : 1
15:55:58.760 [AsyncHttpClient-1-1] DEBUG org.asynchttpclient.netty.channel.DefaultChannelPool - Entry count for : http://localhost:56631 : 1
15:55:59.859 [AsyncHttpClient-1-1] DEBUG org.asynchttpclient.netty.channel.DefaultChannelPool - Entry count for : http://localhost:56631 : 1
15:56:00.872 [AsyncHttpClient-1-3] DEBUG org.asynchttpclient.netty.handler.HttpHandler - 

Request DefaultHttpRequest(decodeResult: success, version: HTTP/1.1)
POST /session/0e6bc68cd35b8b0ecc3065c7d4979617/url HTTP/1.1
User-Agent: selenium/4.1.2 (java windows)
Content-Length: 67
Content-Type: application/json; charset=utf-8
host: localhost:56038
accept: */*

Response DefaultHttpResponse(decodeResult: success, version: HTTP/1.1)
HTTP/1.1 200 OK
Content-Type: application/json; charset=utf-8
cache-control: no-cache
content-length: 14

15:56:00.872 [AsyncHttpClient-1-3] DEBUG org.asynchttpclient.netty.channel.ChannelManager - Adding key: http://localhost:56038 for channel [id: 0x0968d542, L:/127.0.0.1:56630 - R:localhost/127.0.0.1:56038]
15:56:00.873 [Forwarding setTimeout on session 0e6bc68cd35b8b0ecc3065c7d4979617 to remote] DEBUG org.asynchttpclient.netty.request.NettyRequestSender - Using pooled Channel '[id: 0x0968d542, L:/127.0.0.1:56630 - R:localhost/127.0.0.1:56038]' for 'POST' to 'http://localhost:56038/session/0e6bc68cd35b8b0ecc3065c7d4979617/timeouts'
15:56:00.874 [Forwarding setTimeout on session 0e6bc68cd35b8b0ecc3065c7d4979617 to remote] DEBUG org.asynchttpclient.netty.request.NettyRequestSender - Using open Channel [id: 0x0968d542, L:/127.0.0.1:56630 - R:localhost/127.0.0.1:56038] for POST '/session/0e6bc68cd35b8b0ecc3065c7d4979617/timeouts'
15:56:00.875 [AsyncHttpClient-1-3] DEBUG org.asynchttpclient.netty.handler.HttpHandler - 

Request DefaultHttpRequest(decodeResult: success, version: HTTP/1.1)
POST /session/0e6bc68cd35b8b0ecc3065c7d4979617/timeouts HTTP/1.1
User-Agent: selenium/4.1.2 (java windows)
Content-Length: 22
Content-Type: application/json; charset=utf-8
host: localhost:56038
accept: */*

Response DefaultHttpResponse(decodeResult: success, version: HTTP/1.1)
HTTP/1.1 200 OK
Content-Type: application/json; charset=utf-8
cache-control: no-cache
content-length: 14

15:56:00.875 [AsyncHttpClient-1-3] DEBUG org.asynchttpclient.netty.channel.ChannelManager - Adding key: http://localhost:56038 for channel [id: 0x0968d542, L:/127.0.0.1:56630 - R:localhost/127.0.0.1:56038]
15:56:00.879 [Forwarding getCurrentUrl on session 0e6bc68cd35b8b0ecc3065c7d4979617 to remote] DEBUG org.asynchttpclient.netty.request.NettyRequestSender - Using pooled Channel '[id: 0x0968d542, L:/127.0.0.1:56630 - R:localhost/127.0.0.1:56038]' for 'GET' to 'http://localhost:56038/session/0e6bc68cd35b8b0ecc3065c7d4979617/url'
15:56:00.879 [Forwarding getCurrentUrl on session 0e6bc68cd35b8b0ecc3065c7d4979617 to remote] DEBUG org.asynchttpclient.netty.request.NettyRequestSender - Using open Channel [id: 0x0968d542, L:/127.0.0.1:56630 - R:localhost/127.0.0.1:56038] for GET '/session/0e6bc68cd35b8b0ecc3065c7d4979617/url'
15:56:00.888 [AsyncHttpClient-1-3] DEBUG org.asynchttpclient.netty.handler.HttpHandler - 

Request DefaultFullHttpRequest(decodeResult: success, version: HTTP/1.1, content: EmptyByteBufBE)
GET /session/0e6bc68cd35b8b0ecc3065c7d4979617/url HTTP/1.1
User-Agent: selenium/4.1.2 (java windows)
Cache-Control: no-cache
Content-Type: application/json; charset=utf-8
host: localhost:56038
accept: */*

Response DefaultHttpResponse(decodeResult: success, version: HTTP/1.1)
HTTP/1.1 200 OK
Content-Type: application/json; charset=utf-8
cache-control: no-cache
content-length: 44

15:56:00.888 [AsyncHttpClient-1-3] DEBUG org.asynchttpclient.netty.channel.ChannelManager - Adding key: http://localhost:56038 for channel [id: 0x0968d542, L:/127.0.0.1:56630 - R:localhost/127.0.0.1:56038]
15:56:00.897 [Forwarding screenshot on session 0e6bc68cd35b8b0ecc3065c7d4979617 to remote] DEBUG org.asynchttpclient.netty.request.NettyRequestSender - Using pooled Channel '[id: 0x0968d542, L:/127.0.0.1:56630 - R:localhost/127.0.0.1:56038]' for 'GET' to 'http://localhost:56038/session/0e6bc68cd35b8b0ecc3065c7d4979617/screenshot'
15:56:00.897 [Forwarding screenshot on session 0e6bc68cd35b8b0ecc3065c7d4979617 to remote] DEBUG org.asynchttpclient.netty.request.NettyRequestSender - Using open Channel [id: 0x0968d542, L:/127.0.0.1:56630 - R:localhost/127.0.0.1:56038] for GET '/session/0e6bc68cd35b8b0ecc3065c7d4979617/screenshot'
15:56:00.982 [AsyncHttpClient-1-1] DEBUG org.asynchttpclient.netty.channel.DefaultChannelPool - Entry count for : http://localhost:56631 : 1
15:56:01.205 [AsyncHttpClient-1-3] DEBUG org.asynchttpclient.netty.handler.HttpHandler - 

Request DefaultFullHttpRequest(decodeResult: success, version: HTTP/1.1, content: EmptyByteBufBE)
GET /session/0e6bc68cd35b8b0ecc3065c7d4979617/screenshot HTTP/1.1
User-Agent: selenium/4.1.2 (java windows)
Cache-Control: no-cache
Content-Type: application/json; charset=utf-8
host: localhost:56038
accept: */*

Response DefaultHttpResponse(decodeResult: success, version: HTTP/1.1)
HTTP/1.1 200 OK
Content-Type: application/json; charset=utf-8
cache-control: no-cache
content-length: 30072

15:56:01.205 [AsyncHttpClient-1-3] DEBUG org.asynchttpclient.netty.channel.ChannelManager - Adding key: http://localhost:56038 for channel [id: 0x0968d542, L:/127.0.0.1:56630 - R:localhost/127.0.0.1:56038]
15:56:01.207 [main] DEBUG net.serenitybdd.core.photography.Darkroom - Send negative for processing for target\site\serenity\bd159e4f239b6f9d4ba999f8a11b183ce613e281485ea2c4cc7c03dfabddb843.png
15:56:01.207 [main] DEBUG net.thucydides.core.steps.StepInterceptor - STEP DONE: openRegisURL
  &amp#27;[32mGiven &amp#27;[0m&amp#27;[32mI am on register page&amp#27;[0m                   &amp#27;[90m# starter.stepdefinitions.RegisterSteps.onRegisterPage()&amp#27;[0m
15:56:01.227 [main] DEBUG net.thucydides.core.steps.StepInterceptor - STARTING STEP: RegisterSteps.inputNamaLengkap - inputNamaLengkap
15:56:01.230 [Forwarding findElement on session 0e6bc68cd35b8b0ecc3065c7d4979617 to remote] DEBUG org.asynchttpclient.netty.request.NettyRequestSender - Using pooled Channel '[id: 0x0968d542, L:/127.0.0.1:56630 - R:localhost/127.0.0.1:56038]' for 'POST' to 'http://localhost:56038/session/0e6bc68cd35b8b0ecc3065c7d4979617/element'
15:56:01.231 [Forwarding findElement on session 0e6bc68cd35b8b0ecc3065c7d4979617 to remote] DEBUG org.asynchttpclient.netty.request.NettyRequestSender - Using open Channel [id: 0x0968d542, L:/127.0.0.1:56630 - R:localhost/127.0.0.1:56038] for POST '/session/0e6bc68cd35b8b0ecc3065c7d4979617/element'
15:56:01.250 [AsyncHttpClient-1-3] DEBUG org.asynchttpclient.netty.handler.HttpHandler - 

Request DefaultHttpRequest(decodeResult: success, version: HTTP/1.1)
POST /session/0e6bc68cd35b8b0ecc3065c7d4979617/element HTTP/1.1
User-Agent: selenium/4.1.2 (java windows)
Content-Length: 93
Content-Type: application/json; charset=utf-8
host: localhost:56038
accept: */*

Response DefaultHttpResponse(decodeResult: success, version: HTTP/1.1)
HTTP/1.1 200 OK
Content-Type: application/json; charset=utf-8
cache-control: no-cache
content-length: 88

15:56:01.250 [AsyncHttpClient-1-3] DEBUG org.asynchttpclient.netty.channel.ChannelManager - Adding key: http://localhost:56038 for channel [id: 0x0968d542, L:/127.0.0.1:56630 - R:localhost/127.0.0.1:56038]
15:56:01.252 [Forwarding clearElement on session 0e6bc68cd35b8b0ecc3065c7d4979617 to remote] DEBUG org.asynchttpclient.netty.request.NettyRequestSender - Using pooled Channel '[id: 0x0968d542, L:/127.0.0.1:56630 - R:localhost/127.0.0.1:56038]' for 'POST' to 'http://localhost:56038/session/0e6bc68cd35b8b0ecc3065c7d4979617/element/306d5181-3485-4b68-a503-a38a315c4f83/clear'
15:56:01.252 [Forwarding clearElement on session 0e6bc68cd35b8b0ecc3065c7d4979617 to remote] DEBUG org.asynchttpclient.netty.request.NettyRequestSender - Using open Channel [id: 0x0968d542, L:/127.0.0.1:56630 - R:localhost/127.0.0.1:56038] for POST '/session/0e6bc68cd35b8b0ecc3065c7d4979617/element/306d5181-3485-4b68-a503-a38a315c4f83/clear'
15:56:01.302 [AsyncHttpClient-1-3] DEBUG org.asynchttpclient.netty.handler.HttpHandler - 

Request DefaultHttpRequest(decodeResult: success, version: HTTP/1.1)
POST /session/0e6bc68cd35b8b0ecc3065c7d4979617/element/306d5181-3485-4b68-a503-a38a315c4f83/clear HTTP/1.1
User-Agent: selenium/4.1.2 (java windows)
Content-Length: 50
Content-Type: application/json; charset=utf-8
host: localhost:56038
accept: */*

Response DefaultHttpResponse(decodeResult: success, version: HTTP/1.1)
HTTP/1.1 200 OK
Content-Type: application/json; charset=utf-8
cache-control: no-cache
content-length: 14

15:56:01.302 [AsyncHttpClient-1-3] DEBUG org.asynchttpclient.netty.channel.ChannelManager - Adding key: http://localhost:56038 for channel [id: 0x0968d542, L:/127.0.0.1:56630 - R:localhost/127.0.0.1:56038]
15:56:01.304 [Forwarding sendKeysToElement on session 0e6bc68cd35b8b0ecc3065c7d4979617 to remote] DEBUG org.asynchttpclient.netty.request.NettyRequestSender - Using pooled Channel '[id: 0x0968d542, L:/127.0.0.1:56630 - R:localhost/127.0.0.1:56038]' for 'POST' to 'http://localhost:56038/session/0e6bc68cd35b8b0ecc3065c7d4979617/element/306d5181-3485-4b68-a503-a38a315c4f83/value'
15:56:01.304 [Forwarding sendKeysToElement on session 0e6bc68cd35b8b0ecc3065c7d4979617 to remote] DEBUG org.asynchttpclient.netty.request.NettyRequestSender - Using open Channel [id: 0x0968d542, L:/127.0.0.1:56630 - R:localhost/127.0.0.1:56038] for POST '/session/0e6bc68cd35b8b0ecc3065c7d4979617/element/306d5181-3485-4b68-a503-a38a315c4f83/value'
15:56:01.567 [AsyncHttpClient-1-3] DEBUG org.asynchttpclient.netty.handler.HttpHandler - 

Request DefaultHttpRequest(decodeResult: success, version: HTTP/1.1)
POST /session/0e6bc68cd35b8b0ecc3065c7d4979617/element/306d5181-3485-4b68-a503-a38a315c4f83/value HTTP/1.1
User-Agent: selenium/4.1.2 (java windows)
Content-Length: 151
Content-Type: application/json; charset=utf-8
host: localhost:56038
accept: */*

Response DefaultHttpResponse(decodeResult: success, version: HTTP/1.1)
HTTP/1.1 200 OK
Content-Type: application/json; charset=utf-8
cache-control: no-cache
content-length: 14

15:56:01.567 [AsyncHttpClient-1-3] DEBUG org.asynchttpclient.netty.channel.ChannelManager - Adding key: http://localhost:56038 for channel [id: 0x0968d542, L:/127.0.0.1:56630 - R:localhost/127.0.0.1:56038]
15:56:01.586 [Forwarding screenshot on session 0e6bc68cd35b8b0ecc3065c7d4979617 to remote] DEBUG org.asynchttpclient.netty.request.NettyRequestSender - Using pooled Channel '[id: 0x0968d542, L:/127.0.0.1:56630 - R:localhost/127.0.0.1:56038]' for 'GET' to 'http://localhost:56038/session/0e6bc68cd35b8b0ecc3065c7d4979617/screenshot'
15:56:01.586 [Forwarding screenshot on session 0e6bc68cd35b8b0ecc3065c7d4979617 to remote] DEBUG org.asynchttpclient.netty.request.NettyRequestSender - Using open Channel [id: 0x0968d542, L:/127.0.0.1:56630 - R:localhost/127.0.0.1:56038] for GET '/session/0e6bc68cd35b8b0ecc3065c7d4979617/screenshot'
15:56:01.850 [AsyncHttpClient-1-3] DEBUG org.asynchttpclient.netty.handler.HttpHandler - 

Request DefaultFullHttpRequest(decodeResult: success, version: HTTP/1.1, content: EmptyByteBufBE)
GET /session/0e6bc68cd35b8b0ecc3065c7d4979617/screenshot HTTP/1.1
User-Agent: selenium/4.1.2 (java windows)
Cache-Control: no-cache
Content-Type: application/json; charset=utf-8
host: localhost:56038
accept: */*

Response DefaultHttpResponse(decodeResult: success, version: HTTP/1.1)
HTTP/1.1 200 OK
Content-Type: application/json; charset=utf-8
cache-control: no-cache
content-length: 30868

15:56:01.851 [AsyncHttpClient-1-3] DEBUG org.asynchttpclient.netty.channel.ChannelManager - Adding key: http://localhost:56038 for channel [id: 0x0968d542, L:/127.0.0.1:56630 - R:localhost/127.0.0.1:56038]
15:56:01.852 [main] DEBUG net.serenitybdd.core.photography.Darkroom - Send negative for processing for target\site\serenity\10b7cf82c1667da89c49e3d9a203829462c48a4743e96d213474c5ae0599f923.png
15:56:01.853 [main] DEBUG net.thucydides.core.steps.StepInterceptor - STEP DONE: inputNamaLengkap
  &amp#27;[32mWhen &amp#27;[0m&amp#27;[32mI input fullname &amp#27;[0m&amp#27;[32m&amp#27;[1m"Inggrit"&amp#27;[0m               &amp#27;[90m# starter.stepdefinitions.RegisterSteps.inputNamaLengkap(java.lang.String)&amp#27;[0m
15:56:01.853 [Darkroom Processing Line] DEBUG net.serenitybdd.core.photography.DarkroomProcessingLine - Processing screenshot image in /var/screenshots/screenshot-15035554259442915654
15:56:01.853 [Darkroom Processing Line] DEBUG net.serenitybdd.core.photography.DarkroomProcessingLine - Saving screenshot to target\site\serenity\10b7cf82c1667da89c49e3d9a203829462c48a4743e96d213474c5ae0599f923.png
15:56:01.884 [main] DEBUG net.thucydides.core.steps.StepInterceptor - STARTING STEP: RegisterSteps.iInputEmail - inputEmailForRegist
15:56:01.887 [Forwarding findElement on session 0e6bc68cd35b8b0ecc3065c7d4979617 to remote] DEBUG org.asynchttpclient.netty.request.NettyRequestSender - Using pooled Channel '[id: 0x0968d542, L:/127.0.0.1:56630 - R:localhost/127.0.0.1:56038]' for 'POST' to 'http://localhost:56038/session/0e6bc68cd35b8b0ecc3065c7d4979617/element'
15:56:01.887 [Forwarding findElement on session 0e6bc68cd35b8b0ecc3065c7d4979617 to remote] DEBUG org.asynchttpclient.netty.request.NettyRequestSender - Using open Channel [id: 0x0968d542, L:/127.0.0.1:56630 - R:localhost/127.0.0.1:56038] for POST '/session/0e6bc68cd35b8b0ecc3065c7d4979617/element'
15:56:01.918 [AsyncHttpClient-1-3] DEBUG org.asynchttpclient.netty.handler.HttpHandler - 

Request DefaultHttpRequest(decodeResult: success, version: HTTP/1.1)
POST /session/0e6bc68cd35b8b0ecc3065c7d4979617/element HTTP/1.1
User-Agent: selenium/4.1.2 (java windows)
Content-Length: 86
Content-Type: application/json; charset=utf-8
host: localhost:56038
accept: */*

Response DefaultHttpResponse(decodeResult: success, version: HTTP/1.1)
HTTP/1.1 200 OK
Content-Type: application/json; charset=utf-8
cache-control: no-cache
content-length: 88

15:56:01.918 [AsyncHttpClient-1-3] DEBUG org.asynchttpclient.netty.channel.ChannelManager - Adding key: http://localhost:56038 for channel [id: 0x0968d542, L:/127.0.0.1:56630 - R:localhost/127.0.0.1:56038]
15:56:01.921 [Forwarding clearElement on session 0e6bc68cd35b8b0ecc3065c7d4979617 to remote] DEBUG org.asynchttpclient.netty.request.NettyRequestSender - Using pooled Channel '[id: 0x0968d542, L:/127.0.0.1:56630 - R:localhost/127.0.0.1:56038]' for 'POST' to 'http://localhost:56038/session/0e6bc68cd35b8b0ecc3065c7d4979617/element/36c7d7b4-303e-4096-a319-24fba874165f/clear'
15:56:01.921 [Forwarding clearElement on session 0e6bc68cd35b8b0ecc3065c7d4979617 to remote] DEBUG org.asynchttpclient.netty.request.NettyRequestSender - Using open Channel [id: 0x0968d542, L:/127.0.0.1:56630 - R:localhost/127.0.0.1:56038] for POST '/session/0e6bc68cd35b8b0ecc3065c7d4979617/element/36c7d7b4-303e-4096-a319-24fba874165f/clear'
15:56:01.988 [AsyncHttpClient-1-3] DEBUG org.asynchttpclient.netty.handler.HttpHandler - 

Request DefaultHttpRequest(decodeResult: success, version: HTTP/1.1)
POST /session/0e6bc68cd35b8b0ecc3065c7d4979617/element/36c7d7b4-303e-4096-a319-24fba874165f/clear HTTP/1.1
User-Agent: selenium/4.1.2 (java windows)
Content-Length: 50
Content-Type: application/json; charset=utf-8
host: localhost:56038
accept: */*

Response DefaultHttpResponse(decodeResult: success, version: HTTP/1.1)
HTTP/1.1 200 OK
Content-Type: application/json; charset=utf-8
cache-control: no-cache
content-length: 14

15:56:01.988 [AsyncHttpClient-1-3] DEBUG org.asynchttpclient.netty.channel.ChannelManager - Adding key: http://localhost:56038 for channel [id: 0x0968d542, L:/127.0.0.1:56630 - R:localhost/127.0.0.1:56038]
15:56:01.991 [Forwarding sendKeysToElement on session 0e6bc68cd35b8b0ecc3065c7d4979617 to remote] DEBUG org.asynchttpclient.netty.request.NettyRequestSender - Using pooled Channel '[id: 0x0968d542, L:/127.0.0.1:56630 - R:localhost/127.0.0.1:56038]' for 'POST' to 'http://localhost:56038/session/0e6bc68cd35b8b0ecc3065c7d4979617/element/36c7d7b4-303e-4096-a319-24fba874165f/value'
15:56:01.991 [Forwarding sendKeysToElement on session 0e6bc68cd35b8b0ecc3065c7d4979617 to remote] DEBUG org.asynchttpclient.netty.request.NettyRequestSender - Using open Channel [id: 0x0968d542, L:/127.0.0.1:56630 - R:localhost/127.0.0.1:56038] for POST '/session/0e6bc68cd35b8b0ecc3065c7d4979617/element/36c7d7b4-303e-4096-a319-24fba874165f/value'
15:56:02.110 [AsyncHttpClient-1-1] DEBUG org.asynchttpclient.netty.channel.DefaultChannelPool - Entry count for : http://localhost:56631 : 1
15:56:02.481 [AsyncHttpClient-1-3] DEBUG org.asynchttpclient.netty.handler.HttpHandler - 

Request DefaultHttpRequest(decodeResult: success, version: HTTP/1.1)
POST /session/0e6bc68cd35b8b0ecc3065c7d4979617/element/36c7d7b4-303e-4096-a319-24fba874165f/value HTTP/1.1
User-Agent: selenium/4.1.2 (java windows)
Content-Length: 331
Content-Type: application/json; charset=utf-8
host: localhost:56038
accept: */*

Response DefaultHttpResponse(decodeResult: success, version: HTTP/1.1)
HTTP/1.1 200 OK
Content-Type: application/json; charset=utf-8
cache-control: no-cache
content-length: 14

15:56:02.481 [AsyncHttpClient-1-3] DEBUG org.asynchttpclient.netty.channel.ChannelManager - Adding key: http://localhost:56038 for channel [id: 0x0968d542, L:/127.0.0.1:56630 - R:localhost/127.0.0.1:56038]
15:56:02.500 [Forwarding screenshot on session 0e6bc68cd35b8b0ecc3065c7d4979617 to remote] DEBUG org.asynchttpclient.netty.request.NettyRequestSender - Using pooled Channel '[id: 0x0968d542, L:/127.0.0.1:56630 - R:localhost/127.0.0.1:56038]' for 'GET' to 'http://localhost:56038/session/0e6bc68cd35b8b0ecc3065c7d4979617/screenshot'
15:56:02.500 [Forwarding screenshot on session 0e6bc68cd35b8b0ecc3065c7d4979617 to remote] DEBUG org.asynchttpclient.netty.request.NettyRequestSender - Using open Channel [id: 0x0968d542, L:/127.0.0.1:56630 - R:localhost/127.0.0.1:56038] for GET '/session/0e6bc68cd35b8b0ecc3065c7d4979617/screenshot'
15:56:02.702 [AsyncHttpClient-1-3] DEBUG org.asynchttpclient.netty.handler.HttpHandler - 

Request DefaultFullHttpRequest(decodeResult: success, version: HTTP/1.1, content: EmptyByteBufBE)
GET /session/0e6bc68cd35b8b0ecc3065c7d4979617/screenshot HTTP/1.1
User-Agent: selenium/4.1.2 (java windows)
Cache-Control: no-cache
Content-Type: application/json; charset=utf-8
host: localhost:56038
accept: */*

Response DefaultHttpResponse(decodeResult: success, version: HTTP/1.1)
HTTP/1.1 200 OK
Content-Type: application/json; charset=utf-8
cache-control: no-cache
content-length: 34308

15:56:02.702 [AsyncHttpClient-1-3] DEBUG org.asynchttpclient.netty.channel.ChannelManager - Adding key: http://localhost:56038 for channel [id: 0x0968d542, L:/127.0.0.1:56630 - R:localhost/127.0.0.1:56038]
15:56:02.705 [main] DEBUG net.serenitybdd.core.photography.Darkroom - Send negative for processing for target\site\serenity\3e2af96137af62b25463ec9a47472f1d3a4d020b12b2bf8b854eef16b309251c.png
15:56:02.705 [main] DEBUG net.thucydides.core.steps.StepInterceptor - STEP DONE: inputEmailForRegist
  &amp#27;[32mAnd &amp#27;[0m&amp#27;[32mI input email &amp#27;[0m&amp#27;[32m&amp#27;[1m"pondaaginggrit1@gmail.com"&amp#27;[0m &amp#27;[90m# starter.stepdefinitions.RegisterSteps.iInputEmail(java.lang.String)&amp#27;[0m
15:56:02.709 [Darkroom Processing Line] DEBUG net.serenitybdd.core.photography.DarkroomProcessingLine - Processing screenshot image in /var/screenshots/screenshot-16357902059303408111
15:56:02.709 [Darkroom Processing Line] DEBUG net.serenitybdd.core.photography.DarkroomProcessingLine - Saving screenshot to target\site\serenity\3e2af96137af62b25463ec9a47472f1d3a4d020b12b2bf8b854eef16b309251c.png
15:56:02.740 [main] DEBUG net.thucydides.core.steps.StepInterceptor - STARTING STEP: RegisterSteps.inputPass - inputPassForRegist
15:56:02.766 [Forwarding findElement on session 0e6bc68cd35b8b0ecc3065c7d4979617 to remote] DEBUG org.asynchttpclient.netty.request.NettyRequestSender - Using pooled Channel '[id: 0x0968d542, L:/127.0.0.1:56630 - R:localhost/127.0.0.1:56038]' for 'POST' to 'http://localhost:56038/session/0e6bc68cd35b8b0ecc3065c7d4979617/element'
15:56:02.766 [Forwarding findElement on session 0e6bc68cd35b8b0ecc3065c7d4979617 to remote] DEBUG org.asynchttpclient.netty.request.NettyRequestSender - Using open Channel [id: 0x0968d542, L:/127.0.0.1:56630 - R:localhost/127.0.0.1:56038] for POST '/session/0e6bc68cd35b8b0ecc3065c7d4979617/element'
15:56:02.796 [AsyncHttpClient-1-3] DEBUG org.asynchttpclient.netty.handler.HttpHandler - 

Request DefaultHttpRequest(decodeResult: success, version: HTTP/1.1)
POST /session/0e6bc68cd35b8b0ecc3065c7d4979617/element HTTP/1.1
User-Agent: selenium/4.1.2 (java windows)
Content-Length: 89
Content-Type: application/json; charset=utf-8
host: localhost:56038
accept: */*

Response DefaultHttpResponse(decodeResult: success, version: HTTP/1.1)
HTTP/1.1 200 OK
Content-Type: application/json; charset=utf-8
cache-control: no-cache
content-length: 88

15:56:02.796 [AsyncHttpClient-1-3] DEBUG org.asynchttpclient.netty.channel.ChannelManager - Adding key: http://localhost:56038 for channel [id: 0x0968d542, L:/127.0.0.1:56630 - R:localhost/127.0.0.1:56038]
15:56:02.798 [Forwarding clearElement on session 0e6bc68cd35b8b0ecc3065c7d4979617 to remote] DEBUG org.asynchttpclient.netty.request.NettyRequestSender - Using pooled Channel '[id: 0x0968d542, L:/127.0.0.1:56630 - R:localhost/127.0.0.1:56038]' for 'POST' to 'http://localhost:56038/session/0e6bc68cd35b8b0ecc3065c7d4979617/element/79984d88-3b10-4153-8d85-1169f96ecb77/clear'
15:56:02.798 [Forwarding clearElement on session 0e6bc68cd35b8b0ecc3065c7d4979617 to remote] DEBUG org.asynchttpclient.netty.request.NettyRequestSender - Using open Channel [id: 0x0968d542, L:/127.0.0.1:56630 - R:localhost/127.0.0.1:56038] for POST '/session/0e6bc68cd35b8b0ecc3065c7d4979617/element/79984d88-3b10-4153-8d85-1169f96ecb77/clear'
15:56:02.908 [AsyncHttpClient-1-3] DEBUG org.asynchttpclient.netty.handler.HttpHandler - 

Request DefaultHttpRequest(decodeResult: success, version: HTTP/1.1)
POST /session/0e6bc68cd35b8b0ecc3065c7d4979617/element/79984d88-3b10-4153-8d85-1169f96ecb77/clear HTTP/1.1
User-Agent: selenium/4.1.2 (java windows)
Content-Length: 50
Content-Type: application/json; charset=utf-8
host: localhost:56038
accept: */*

Response DefaultHttpResponse(decodeResult: success, version: HTTP/1.1)
HTTP/1.1 200 OK
Content-Type: application/json; charset=utf-8
cache-control: no-cache
content-length: 14

15:56:02.908 [AsyncHttpClient-1-3] DEBUG org.asynchttpclient.netty.channel.ChannelManager - Adding key: http://localhost:56038 for channel [id: 0x0968d542, L:/127.0.0.1:56630 - R:localhost/127.0.0.1:56038]
15:56:02.911 [Forwarding sendKeysToElement on session 0e6bc68cd35b8b0ecc3065c7d4979617 to remote] DEBUG org.asynchttpclient.netty.request.NettyRequestSender - Using pooled Channel '[id: 0x0968d542, L:/127.0.0.1:56630 - R:localhost/127.0.0.1:56038]' for 'POST' to 'http://localhost:56038/session/0e6bc68cd35b8b0ecc3065c7d4979617/element/79984d88-3b10-4153-8d85-1169f96ecb77/value'
15:56:02.911 [Forwarding sendKeysToElement on session 0e6bc68cd35b8b0ecc3065c7d4979617 to remote] DEBUG org.asynchttpclient.netty.request.NettyRequestSender - Using open Channel [id: 0x0968d542, L:/127.0.0.1:56630 - R:localhost/127.0.0.1:56038] for POST '/session/0e6bc68cd35b8b0ecc3065c7d4979617/element/79984d88-3b10-4153-8d85-1169f96ecb77/value'
15:56:03.183 [AsyncHttpClient-1-1] DEBUG org.asynchttpclient.netty.channel.DefaultChannelPool - Entry count for : http://localhost:56631 : 1
15:56:03.265 [AsyncHttpClient-1-3] DEBUG org.asynchttpclient.netty.handler.HttpHandler - 

Request DefaultHttpRequest(decodeResult: success, version: HTTP/1.1)
POST /session/0e6bc68cd35b8b0ecc3065c7d4979617/element/79984d88-3b10-4153-8d85-1169f96ecb77/value HTTP/1.1
User-Agent: selenium/4.1.2 (java windows)
Content-Length: 201
Content-Type: application/json; charset=utf-8
host: localhost:56038
accept: */*

Response DefaultHttpResponse(decodeResult: success, version: HTTP/1.1)
HTTP/1.1 200 OK
Content-Type: application/json; charset=utf-8
cache-control: no-cache
content-length: 14

15:56:03.265 [AsyncHttpClient-1-3] DEBUG org.asynchttpclient.netty.channel.ChannelManager - Adding key: http://localhost:56038 for channel [id: 0x0968d542, L:/127.0.0.1:56630 - R:localhost/127.0.0.1:56038]
15:56:03.287 [Forwarding screenshot on session 0e6bc68cd35b8b0ecc3065c7d4979617 to remote] DEBUG org.asynchttpclient.netty.request.NettyRequestSender - Using pooled Channel '[id: 0x0968d542, L:/127.0.0.1:56630 - R:localhost/127.0.0.1:56038]' for 'GET' to 'http://localhost:56038/session/0e6bc68cd35b8b0ecc3065c7d4979617/screenshot'
15:56:03.287 [Forwarding screenshot on session 0e6bc68cd35b8b0ecc3065c7d4979617 to remote] DEBUG org.asynchttpclient.netty.request.NettyRequestSender - Using open Channel [id: 0x0968d542, L:/127.0.0.1:56630 - R:localhost/127.0.0.1:56038] for GET '/session/0e6bc68cd35b8b0ecc3065c7d4979617/screenshot'
15:56:03.534 [AsyncHttpClient-1-3] DEBUG org.asynchttpclient.netty.handler.HttpHandler - 

Request DefaultFullHttpRequest(decodeResult: success, version: HTTP/1.1, content: EmptyByteBufBE)
GET /session/0e6bc68cd35b8b0ecc3065c7d4979617/screenshot HTTP/1.1
User-Agent: selenium/4.1.2 (java windows)
Cache-Control: no-cache
Content-Type: application/json; charset=utf-8
host: localhost:56038
accept: */*

Response DefaultHttpResponse(decodeResult: success, version: HTTP/1.1)
HTTP/1.1 200 OK
Content-Type: application/json; charset=utf-8
cache-control: no-cache
content-length: 37020

15:56:03.534 [AsyncHttpClient-1-3] DEBUG org.asynchttpclient.netty.channel.ChannelManager - Adding key: http://localhost:56038 for channel [id: 0x0968d542, L:/127.0.0.1:56630 - R:localhost/127.0.0.1:56038]
15:56:03.536 [main] DEBUG net.serenitybdd.core.photography.Darkroom - Send negative for processing for target\site\serenity\05f5d84de79843e2bd7829ae5933a18e103ac455c3b34086aaeab3dc260283d9.png
15:56:03.537 [main] DEBUG net.thucydides.core.steps.StepInterceptor - STEP DONE: inputPassForRegist
  &amp#27;[32mAnd &amp#27;[0m&amp#27;[32mI input pass &amp#27;[0m&amp#27;[32m&amp#27;[1m"Password3211"&amp#27;[0m               &amp#27;[90m# starter.stepdefinitions.RegisterSteps.inputPass(java.lang.String)&amp#27;[0m
15:56:03.537 [Darkroom Processing Line] DEBUG net.serenitybdd.core.photography.DarkroomProcessingLine - Processing screenshot image in /var/screenshots/screenshot-4407124234707636506
15:56:03.537 [Darkroom Processing Line] DEBUG net.serenitybdd.core.photography.DarkroomProcessingLine - Saving screenshot to target\site\serenity\05f5d84de79843e2bd7829ae5933a18e103ac455c3b34086aaeab3dc260283d9.png
15:56:03.567 [main] DEBUG net.thucydides.core.steps.StepInterceptor - STARTING STEP: RegisterSteps.clickRegisterButton - clickRegisButton
15:56:03.571 [Forwarding findElement on session 0e6bc68cd35b8b0ecc3065c7d4979617 to remote] DEBUG org.asynchttpclient.netty.request.NettyRequestSender - Using pooled Channel '[id: 0x0968d542, L:/127.0.0.1:56630 - R:localhost/127.0.0.1:56038]' for 'POST' to 'http://localhost:56038/session/0e6bc68cd35b8b0ecc3065c7d4979617/element'
15:56:03.571 [Forwarding findElement on session 0e6bc68cd35b8b0ecc3065c7d4979617 to remote] DEBUG org.asynchttpclient.netty.request.NettyRequestSender - Using open Channel [id: 0x0968d542, L:/127.0.0.1:56630 - R:localhost/127.0.0.1:56038] for POST '/session/0e6bc68cd35b8b0ecc3065c7d4979617/element'
15:56:03.589 [AsyncHttpClient-1-3] DEBUG org.asynchttpclient.netty.handler.HttpHandler - 

Request DefaultHttpRequest(decodeResult: success, version: HTTP/1.1)
POST /session/0e6bc68cd35b8b0ecc3065c7d4979617/element HTTP/1.1
User-Agent: selenium/4.1.2 (java windows)
Content-Length: 138
Content-Type: application/json; charset=utf-8
host: localhost:56038
accept: */*

Response DefaultHttpResponse(decodeResult: success, version: HTTP/1.1)
HTTP/1.1 200 OK
Content-Type: application/json; charset=utf-8
cache-control: no-cache
content-length: 88

15:56:03.589 [AsyncHttpClient-1-3] DEBUG org.asynchttpclient.netty.channel.ChannelManager - Adding key: http://localhost:56038 for channel [id: 0x0968d542, L:/127.0.0.1:56630 - R:localhost/127.0.0.1:56038]
15:56:03.592 [Forwarding getElementTagName on session 0e6bc68cd35b8b0ecc3065c7d4979617 to remote] DEBUG org.asynchttpclient.netty.request.NettyRequestSender - Using pooled Channel '[id: 0x0968d542, L:/127.0.0.1:56630 - R:localhost/127.0.0.1:56038]' for 'GET' to 'http://localhost:56038/session/0e6bc68cd35b8b0ecc3065c7d4979617/element/937441f5-e073-480b-8c57-e9a8ef4144ee/name'
15:56:03.592 [Forwarding getElementTagName on session 0e6bc68cd35b8b0ecc3065c7d4979617 to remote] DEBUG org.asynchttpclient.netty.request.NettyRequestSender - Using open Channel [id: 0x0968d542, L:/127.0.0.1:56630 - R:localhost/127.0.0.1:56038] for GET '/session/0e6bc68cd35b8b0ecc3065c7d4979617/element/937441f5-e073-480b-8c57-e9a8ef4144ee/name'
15:56:03.599 [AsyncHttpClient-1-3] DEBUG org.asynchttpclient.netty.handler.HttpHandler - 

Request DefaultFullHttpRequest(decodeResult: success, version: HTTP/1.1, content: EmptyByteBufBE)
GET /session/0e6bc68cd35b8b0ecc3065c7d4979617/element/937441f5-e073-480b-8c57-e9a8ef4144ee/name HTTP/1.1
User-Agent: selenium/4.1.2 (java windows)
Cache-Control: no-cache
Content-Type: application/json; charset=utf-8
host: localhost:56038
accept: */*

Response DefaultHttpResponse(decodeResult: success, version: HTTP/1.1)
HTTP/1.1 200 OK
Content-Type: application/json; charset=utf-8
cache-control: no-cache
content-length: 18

15:56:03.599 [AsyncHttpClient-1-3] DEBUG org.asynchttpclient.netty.channel.ChannelManager - Adding key: http://localhost:56038 for channel [id: 0x0968d542, L:/127.0.0.1:56630 - R:localhost/127.0.0.1:56038]
15:56:03.601 [Forwarding getElementTagName on session 0e6bc68cd35b8b0ecc3065c7d4979617 to remote] DEBUG org.asynchttpclient.netty.request.NettyRequestSender - Using pooled Channel '[id: 0x0968d542, L:/127.0.0.1:56630 - R:localhost/127.0.0.1:56038]' for 'GET' to 'http://localhost:56038/session/0e6bc68cd35b8b0ecc3065c7d4979617/element/937441f5-e073-480b-8c57-e9a8ef4144ee/name'
15:56:03.601 [Forwarding getElementTagName on session 0e6bc68cd35b8b0ecc3065c7d4979617 to remote] DEBUG org.asynchttpclient.netty.request.NettyRequestSender - Using open Channel [id: 0x0968d542, L:/127.0.0.1:56630 - R:localhost/127.0.0.1:56038] for GET '/session/0e6bc68cd35b8b0ecc3065c7d4979617/element/937441f5-e073-480b-8c57-e9a8ef4144ee/name'
15:56:03.608 [AsyncHttpClient-1-3] DEBUG org.asynchttpclient.netty.handler.HttpHandler - 

Request DefaultFullHttpRequest(decodeResult: success, version: HTTP/1.1, content: EmptyByteBufBE)
GET /session/0e6bc68cd35b8b0ecc3065c7d4979617/element/937441f5-e073-480b-8c57-e9a8ef4144ee/name HTTP/1.1
User-Agent: selenium/4.1.2 (java windows)
Cache-Control: no-cache
Content-Type: application/json; charset=utf-8
host: localhost:56038
accept: */*

Response DefaultHttpResponse(decodeResult: success, version: HTTP/1.1)
HTTP/1.1 200 OK
Content-Type: application/json; charset=utf-8
cache-control: no-cache
content-length: 18

15:56:03.608 [AsyncHttpClient-1-3] DEBUG org.asynchttpclient.netty.channel.ChannelManager - Adding key: http://localhost:56038 for channel [id: 0x0968d542, L:/127.0.0.1:56630 - R:localhost/127.0.0.1:56038]
15:56:03.612 [Forwarding isElementEnabled on session 0e6bc68cd35b8b0ecc3065c7d4979617 to remote] DEBUG org.asynchttpclient.netty.request.NettyRequestSender - Using pooled Channel '[id: 0x0968d542, L:/127.0.0.1:56630 - R:localhost/127.0.0.1:56038]' for 'GET' to 'http://localhost:56038/session/0e6bc68cd35b8b0ecc3065c7d4979617/element/937441f5-e073-480b-8c57-e9a8ef4144ee/enabled'
15:56:03.612 [Forwarding isElementEnabled on session 0e6bc68cd35b8b0ecc3065c7d4979617 to remote] DEBUG org.asynchttpclient.netty.request.NettyRequestSender - Using open Channel [id: 0x0968d542, L:/127.0.0.1:56630 - R:localhost/127.0.0.1:56038] for GET '/session/0e6bc68cd35b8b0ecc3065c7d4979617/element/937441f5-e073-480b-8c57-e9a8ef4144ee/enabled'
15:56:03.628 [AsyncHttpClient-1-3] DEBUG org.asynchttpclient.netty.handler.HttpHandler - 

Request DefaultFullHttpRequest(decodeResult: success, version: HTTP/1.1, content: EmptyByteBufBE)
GET /session/0e6bc68cd35b8b0ecc3065c7d4979617/element/937441f5-e073-480b-8c57-e9a8ef4144ee/enabled HTTP/1.1
User-Agent: selenium/4.1.2 (java windows)
Cache-Control: no-cache
Content-Type: application/json; charset=utf-8
host: localhost:56038
accept: */*

Response DefaultHttpResponse(decodeResult: success, version: HTTP/1.1)
HTTP/1.1 200 OK
Content-Type: application/json; charset=utf-8
cache-control: no-cache
content-length: 14

15:56:03.629 [AsyncHttpClient-1-3] DEBUG org.asynchttpclient.netty.channel.ChannelManager - Adding key: http://localhost:56038 for channel [id: 0x0968d542, L:/127.0.0.1:56630 - R:localhost/127.0.0.1:56038]
15:56:03.630 [Forwarding isElementEnabled on session 0e6bc68cd35b8b0ecc3065c7d4979617 to remote] DEBUG org.asynchttpclient.netty.request.NettyRequestSender - Using pooled Channel '[id: 0x0968d542, L:/127.0.0.1:56630 - R:localhost/127.0.0.1:56038]' for 'GET' to 'http://localhost:56038/session/0e6bc68cd35b8b0ecc3065c7d4979617/element/937441f5-e073-480b-8c57-e9a8ef4144ee/enabled'
15:56:03.630 [Forwarding isElementEnabled on session 0e6bc68cd35b8b0ecc3065c7d4979617 to remote] DEBUG org.asynchttpclient.netty.request.NettyRequestSender - Using open Channel [id: 0x0968d542, L:/127.0.0.1:56630 - R:localhost/127.0.0.1:56038] for GET '/session/0e6bc68cd35b8b0ecc3065c7d4979617/element/937441f5-e073-480b-8c57-e9a8ef4144ee/enabled'
15:56:03.638 [AsyncHttpClient-1-3] DEBUG org.asynchttpclient.netty.handler.HttpHandler - 

Request DefaultFullHttpRequest(decodeResult: success, version: HTTP/1.1, content: EmptyByteBufBE)
GET /session/0e6bc68cd35b8b0ecc3065c7d4979617/element/937441f5-e073-480b-8c57-e9a8ef4144ee/enabled HTTP/1.1
User-Agent: selenium/4.1.2 (java windows)
Cache-Control: no-cache
Content-Type: application/json; charset=utf-8
host: localhost:56038
accept: */*

Response DefaultHttpResponse(decodeResult: success, version: HTTP/1.1)
HTTP/1.1 200 OK
Content-Type: application/json; charset=utf-8
cache-control: no-cache
content-length: 14

15:56:03.638 [AsyncHttpClient-1-3] DEBUG org.asynchttpclient.netty.channel.ChannelManager - Adding key: http://localhost:56038 for channel [id: 0x0968d542, L:/127.0.0.1:56630 - R:localhost/127.0.0.1:56038]
15:56:03.641 [Forwarding findElement on session 0e6bc68cd35b8b0ecc3065c7d4979617 to remote] DEBUG org.asynchttpclient.netty.request.NettyRequestSender - Using pooled Channel '[id: 0x0968d542, L:/127.0.0.1:56630 - R:localhost/127.0.0.1:56038]' for 'POST' to 'http://localhost:56038/session/0e6bc68cd35b8b0ecc3065c7d4979617/element'
15:56:03.641 [Forwarding findElement on session 0e6bc68cd35b8b0ecc3065c7d4979617 to remote] DEBUG org.asynchttpclient.netty.request.NettyRequestSender - Using open Channel [id: 0x0968d542, L:/127.0.0.1:56630 - R:localhost/127.0.0.1:56038] for POST '/session/0e6bc68cd35b8b0ecc3065c7d4979617/element'
15:56:03.650 [AsyncHttpClient-1-3] DEBUG org.asynchttpclient.netty.handler.HttpHandler - 

Request DefaultHttpRequest(decodeResult: success, version: HTTP/1.1)
POST /session/0e6bc68cd35b8b0ecc3065c7d4979617/element HTTP/1.1
User-Agent: selenium/4.1.2 (java windows)
Content-Length: 138
Content-Type: application/json; charset=utf-8
host: localhost:56038
accept: */*

Response DefaultHttpResponse(decodeResult: success, version: HTTP/1.1)
HTTP/1.1 200 OK
Content-Type: application/json; charset=utf-8
cache-control: no-cache
content-length: 88

15:56:03.651 [AsyncHttpClient-1-3] DEBUG org.asynchttpclient.netty.channel.ChannelManager - Adding key: http://localhost:56038 for channel [id: 0x0968d542, L:/127.0.0.1:56630 - R:localhost/127.0.0.1:56038]
15:56:03.652 [Forwarding clickElement on session 0e6bc68cd35b8b0ecc3065c7d4979617 to remote] DEBUG org.asynchttpclient.netty.request.NettyRequestSender - Using pooled Channel '[id: 0x0968d542, L:/127.0.0.1:56630 - R:localhost/127.0.0.1:56038]' for 'POST' to 'http://localhost:56038/session/0e6bc68cd35b8b0ecc3065c7d4979617/element/937441f5-e073-480b-8c57-e9a8ef4144ee/click'
15:56:03.652 [Forwarding clickElement on session 0e6bc68cd35b8b0ecc3065c7d4979617 to remote] DEBUG org.asynchttpclient.netty.request.NettyRequestSender - Using open Channel [id: 0x0968d542, L:/127.0.0.1:56630 - R:localhost/127.0.0.1:56038] for POST '/session/0e6bc68cd35b8b0ecc3065c7d4979617/element/937441f5-e073-480b-8c57-e9a8ef4144ee/click'
15:56:03.738 [AsyncHttpClient-1-3] DEBUG org.asynchttpclient.netty.handler.HttpHandler - 

Request DefaultHttpRequest(decodeResult: success, version: HTTP/1.1)
POST /session/0e6bc68cd35b8b0ecc3065c7d4979617/element/937441f5-e073-480b-8c57-e9a8ef4144ee/click HTTP/1.1
User-Agent: selenium/4.1.2 (java windows)
Content-Length: 50
Content-Type: application/json; charset=utf-8
host: localhost:56038
accept: */*

Response DefaultHttpResponse(decodeResult: success, version: HTTP/1.1)
HTTP/1.1 200 OK
Content-Type: application/json; charset=utf-8
cache-control: no-cache
content-length: 14

15:56:03.738 [AsyncHttpClient-1-3] DEBUG org.asynchttpclient.netty.channel.ChannelManager - Adding key: http://localhost:56038 for channel [id: 0x0968d542, L:/127.0.0.1:56630 - R:localhost/127.0.0.1:56038]
15:56:03.752 [Forwarding screenshot on session 0e6bc68cd35b8b0ecc3065c7d4979617 to remote] DEBUG org.asynchttpclient.netty.request.NettyRequestSender - Using pooled Channel '[id: 0x0968d542, L:/127.0.0.1:56630 - R:localhost/127.0.0.1:56038]' for 'GET' to 'http://localhost:56038/session/0e6bc68cd35b8b0ecc3065c7d4979617/screenshot'
15:56:03.752 [Forwarding screenshot on session 0e6bc68cd35b8b0ecc3065c7d4979617 to remote] DEBUG org.asynchttpclient.netty.request.NettyRequestSender - Using open Channel [id: 0x0968d542, L:/127.0.0.1:56630 - R:localhost/127.0.0.1:56038] for GET '/session/0e6bc68cd35b8b0ecc3065c7d4979617/screenshot'
15:56:04.193 [AsyncHttpClient-1-3] DEBUG org.asynchttpclient.netty.handler.HttpHandler - 

Request DefaultFullHttpRequest(decodeResult: success, version: HTTP/1.1, content: EmptyByteBufBE)
GET /session/0e6bc68cd35b8b0ecc3065c7d4979617/screenshot HTTP/1.1
User-Agent: selenium/4.1.2 (java windows)
Cache-Control: no-cache
Content-Type: application/json; charset=utf-8
host: localhost:56038
accept: */*

Response DefaultHttpResponse(decodeResult: success, version: HTTP/1.1)
HTTP/1.1 200 OK
Content-Type: application/json; charset=utf-8
cache-control: no-cache
content-length: 36880

15:56:04.194 [AsyncHttpClient-1-3] DEBUG org.asynchttpclient.netty.channel.ChannelManager - Adding key: http://localhost:56038 for channel [id: 0x0968d542, L:/127.0.0.1:56630 - R:localhost/127.0.0.1:56038]
15:56:04.196 [main] DEBUG net.serenitybdd.core.photography.Darkroom - Send negative for processing for target\site\serenity\2480f884b4bc401335cfe74ad177ccf028604c8877c2d2ae5f54c6ac7acf61ea.png
15:56:04.196 [main] DEBUG net.thucydides.core.steps.StepInterceptor - STEP DONE: clickRegisButton
  &amp#27;[32mAnd &amp#27;[0m&amp#27;[32mclick register button&amp#27;[0m                     &amp#27;[90m# starter.stepdefinitions.RegisterSteps.clickRegisterButton()&amp#27;[0m
15:56:04.220 [main] DEBUG net.thucydides.core.steps.StepInterceptor - STARTING STEP: RegisterSteps.iGetResult - alertSymbolAppears
15:56:04.224 [Forwarding findElement on session 0e6bc68cd35b8b0ecc3065c7d4979617 to remote] DEBUG org.asynchttpclient.netty.request.NettyRequestSender - Using pooled Channel '[id: 0x0968d542, L:/127.0.0.1:56630 - R:localhost/127.0.0.1:56038]' for 'POST' to 'http://localhost:56038/session/0e6bc68cd35b8b0ecc3065c7d4979617/element'
15:56:04.224 [Forwarding findElement on session 0e6bc68cd35b8b0ecc3065c7d4979617 to remote] DEBUG org.asynchttpclient.netty.request.NettyRequestSender - Using open Channel [id: 0x0968d542, L:/127.0.0.1:56630 - R:localhost/127.0.0.1:56038] for POST '/session/0e6bc68cd35b8b0ecc3065c7d4979617/element'
15:56:04.225 [Darkroom Processing Line] DEBUG net.serenitybdd.core.photography.DarkroomProcessingLine - Processing screenshot image in /var/screenshots/screenshot-1325844684016018856
15:56:04.225 [Darkroom Processing Line] DEBUG net.serenitybdd.core.photography.DarkroomProcessingLine - Saving screenshot to target\site\serenity\2480f884b4bc401335cfe74ad177ccf028604c8877c2d2ae5f54c6ac7acf61ea.png
15:56:04.240 [AsyncHttpClient-1-3] DEBUG org.asynchttpclient.netty.handler.HttpHandler - 

Request DefaultHttpRequest(decodeResult: success, version: HTTP/1.1)
POST /session/0e6bc68cd35b8b0ecc3065c7d4979617/element HTTP/1.1
User-Agent: selenium/4.1.2 (java windows)
Content-Length: 53
Content-Type: application/json; charset=utf-8
host: localhost:56038
accept: */*

Response DefaultHttpResponse(decodeResult: success, version: HTTP/1.1)
HTTP/1.1 400 Bad Request
Content-Type: application/json; charset=utf-8
cache-control: no-cache
content-length: 957

15:56:04.240 [AsyncHttpClient-1-3] DEBUG org.asynchttpclient.netty.channel.ChannelManager - Adding key: http://localhost:56038 for channel [id: 0x0968d542, L:/127.0.0.1:56630 - R:localhost/127.0.0.1:56038]
15:56:04.249 [Forwarding findElement on session 0e6bc68cd35b8b0ecc3065c7d4979617 to remote] DEBUG org.asynchttpclient.netty.request.NettyRequestSender - Using pooled Channel '[id: 0x0968d542, L:/127.0.0.1:56630 - R:localhost/127.0.0.1:56038]' for 'POST' to 'http://localhost:56038/session/0e6bc68cd35b8b0ecc3065c7d4979617/element'
15:56:04.249 [Forwarding findElement on session 0e6bc68cd35b8b0ecc3065c7d4979617 to remote] DEBUG org.asynchttpclient.netty.request.NettyRequestSender - Using open Channel [id: 0x0968d542, L:/127.0.0.1:56630 - R:localhost/127.0.0.1:56038] for POST '/session/0e6bc68cd35b8b0ecc3065c7d4979617/element'
15:56:04.306 [AsyncHttpClient-1-1] DEBUG org.asynchttpclient.netty.channel.DefaultChannelPool - Entry count for : http://localhost:56631 : 1
15:56:04.308 [AsyncHttpClient-1-3] DEBUG org.asynchttpclient.netty.handler.HttpHandler - 

Request DefaultHttpRequest(decodeResult: success, version: HTTP/1.1)
POST /session/0e6bc68cd35b8b0ecc3065c7d4979617/element HTTP/1.1
User-Agent: selenium/4.1.2 (java windows)
Content-Length: 63
Content-Type: application/json; charset=utf-8
host: localhost:56038
accept: */*

Response DefaultHttpResponse(decodeResult: success, version: HTTP/1.1)
HTTP/1.1 200 OK
Content-Type: application/json; charset=utf-8
cache-control: no-cache
content-length: 88

15:56:04.309 [AsyncHttpClient-1-3] DEBUG org.asynchttpclient.netty.channel.ChannelManager - Adding key: http://localhost:56038 for channel [id: 0x0968d542, L:/127.0.0.1:56630 - R:localhost/127.0.0.1:56038]
15:56:04.314 [Forwarding isElementDisplayed on session 0e6bc68cd35b8b0ecc3065c7d4979617 to remote] DEBUG org.asynchttpclient.netty.request.NettyRequestSender - Using pooled Channel '[id: 0x0968d542, L:/127.0.0.1:56630 - R:localhost/127.0.0.1:56038]' for 'POST' to 'http://localhost:56038/session/0e6bc68cd35b8b0ecc3065c7d4979617/execute/sync'
15:56:04.314 [Forwarding isElementDisplayed on session 0e6bc68cd35b8b0ecc3065c7d4979617 to remote] DEBUG org.asynchttpclient.netty.request.NettyRequestSender - Using open Channel [id: 0x0968d542, L:/127.0.0.1:56630 - R:localhost/127.0.0.1:56038] for POST '/session/0e6bc68cd35b8b0ecc3065c7d4979617/execute/sync'
15:56:04.344 [AsyncHttpClient-1-3] DEBUG org.asynchttpclient.netty.handler.HttpHandler - 

Request DefaultHttpRequest(decodeResult: success, version: HTTP/1.1)
POST /session/0e6bc68cd35b8b0ecc3065c7d4979617/execute/sync HTTP/1.1
User-Agent: selenium/4.1.2 (java windows)
Content-Length: 48780
Content-Type: application/json; charset=utf-8
host: localhost:56038
accept: */*

Response DefaultHttpResponse(decodeResult: success, version: HTTP/1.1)
HTTP/1.1 200 OK
Content-Type: application/json; charset=utf-8
cache-control: no-cache
content-length: 14

15:56:04.344 [AsyncHttpClient-1-3] DEBUG org.asynchttpclient.netty.channel.ChannelManager - Adding key: http://localhost:56038 for channel [id: 0x0968d542, L:/127.0.0.1:56630 - R:localhost/127.0.0.1:56038]
15:56:04.351 [Forwarding screenshot on session 0e6bc68cd35b8b0ecc3065c7d4979617 to remote] DEBUG org.asynchttpclient.netty.request.NettyRequestSender - Using pooled Channel '[id: 0x0968d542, L:/127.0.0.1:56630 - R:localhost/127.0.0.1:56038]' for 'GET' to 'http://localhost:56038/session/0e6bc68cd35b8b0ecc3065c7d4979617/screenshot'
15:56:04.351 [Forwarding screenshot on session 0e6bc68cd35b8b0ecc3065c7d4979617 to remote] DEBUG org.asynchttpclient.netty.request.NettyRequestSender - Using open Channel [id: 0x0968d542, L:/127.0.0.1:56630 - R:localhost/127.0.0.1:56038] for GET '/session/0e6bc68cd35b8b0ecc3065c7d4979617/screenshot'
15:56:04.597 [AsyncHttpClient-1-3] DEBUG org.asynchttpclient.netty.handler.HttpHandler - 

Request DefaultFullHttpRequest(decodeResult: success, version: HTTP/1.1, content: EmptyByteBufBE)
GET /session/0e6bc68cd35b8b0ecc3065c7d4979617/screenshot HTTP/1.1
User-Agent: selenium/4.1.2 (java windows)
Cache-Control: no-cache
Content-Type: application/json; charset=utf-8
host: localhost:56038
accept: */*

Response DefaultHttpResponse(decodeResult: success, version: HTTP/1.1)
HTTP/1.1 200 OK
Content-Type: application/json; charset=utf-8
cache-control: no-cache
content-length: 38644

15:56:04.597 [AsyncHttpClient-1-3] DEBUG org.asynchttpclient.netty.channel.ChannelManager - Adding key: http://localhost:56038 for channel [id: 0x0968d542, L:/127.0.0.1:56630 - R:localhost/127.0.0.1:56038]
15:56:04.600 [main] DEBUG net.serenitybdd.core.photography.Darkroom - Send negative for processing for target\site\serenity\db1917a24b19deabe6165eedd7b0b9606a401d3c3d33a84904bd44eedc5b3f27.png
15:56:04.600 [main] DEBUG net.thucydides.core.steps.StepInterceptor - STEP DONE: alertSymbolAppears
15:56:04.600 [Darkroom Processing Line] DEBUG net.serenitybdd.core.photography.DarkroomProcessingLine - Processing screenshot image in /var/screenshots/screenshot-6661261532003164118
15:56:04.601 [Darkroom Processing Line] DEBUG net.serenitybdd.core.photography.DarkroomProcessingLine - Saving screenshot to target\site\serenity\db1917a24b19deabe6165eedd7b0b9606a401d3c3d33a84904bd44eedc5b3f27.png
15:56:04.693 [Forwarding findElement on session 0e6bc68cd35b8b0ecc3065c7d4979617 to remote] DEBUG org.asynchttpclient.netty.request.NettyRequestSender - Using pooled Channel '[id: 0x0968d542, L:/127.0.0.1:56630 - R:localhost/127.0.0.1:56038]' for 'POST' to 'http://localhost:56038/session/0e6bc68cd35b8b0ecc3065c7d4979617/element'
15:56:04.693 [Forwarding findElement on session 0e6bc68cd35b8b0ecc3065c7d4979617 to remote] DEBUG org.asynchttpclient.netty.request.NettyRequestSender - Using open Channel [id: 0x0968d542, L:/127.0.0.1:56630 - R:localhost/127.0.0.1:56038] for POST '/session/0e6bc68cd35b8b0ecc3065c7d4979617/element'
15:56:04.703 [AsyncHttpClient-1-3] DEBUG org.asynchttpclient.netty.handler.HttpHandler - 

Request DefaultHttpRequest(decodeResult: success, version: HTTP/1.1)
POST /session/0e6bc68cd35b8b0ecc3065c7d4979617/element HTTP/1.1
User-Agent: selenium/4.1.2 (java windows)
Content-Length: 63
Content-Type: application/json; charset=utf-8
host: localhost:56038
accept: */*

Response DefaultHttpResponse(decodeResult: success, version: HTTP/1.1)
HTTP/1.1 200 OK
Content-Type: application/json; charset=utf-8
cache-control: no-cache
content-length: 88

15:56:04.703 [AsyncHttpClient-1-3] DEBUG org.asynchttpclient.netty.channel.ChannelManager - Adding key: http://localhost:56038 for channel [id: 0x0968d542, L:/127.0.0.1:56630 - R:localhost/127.0.0.1:56038]
15:56:04.704 [Forwarding getElementText on session 0e6bc68cd35b8b0ecc3065c7d4979617 to remote] DEBUG org.asynchttpclient.netty.request.NettyRequestSender - Using pooled Channel '[id: 0x0968d542, L:/127.0.0.1:56630 - R:localhost/127.0.0.1:56038]' for 'GET' to 'http://localhost:56038/session/0e6bc68cd35b8b0ecc3065c7d4979617/element/d7b45d63-3974-4375-8611-28e7bd528923/text'
15:56:04.704 [Forwarding getElementText on session 0e6bc68cd35b8b0ecc3065c7d4979617 to remote] DEBUG org.asynchttpclient.netty.request.NettyRequestSender - Using open Channel [id: 0x0968d542, L:/127.0.0.1:56630 - R:localhost/127.0.0.1:56038] for GET '/session/0e6bc68cd35b8b0ecc3065c7d4979617/element/d7b45d63-3974-4375-8611-28e7bd528923/text'
15:56:04.724 [AsyncHttpClient-1-3] DEBUG org.asynchttpclient.netty.handler.HttpHandler - 

Request DefaultFullHttpRequest(decodeResult: success, version: HTTP/1.1, content: EmptyByteBufBE)
GET /session/0e6bc68cd35b8b0ecc3065c7d4979617/element/d7b45d63-3974-4375-8611-28e7bd528923/text HTTP/1.1
User-Agent: selenium/4.1.2 (java windows)
Cache-Control: no-cache
Content-Type: application/json; charset=utf-8
host: localhost:56038
accept: */*

Response DefaultHttpResponse(decodeResult: success, version: HTTP/1.1)
HTTP/1.1 200 OK
Content-Type: application/json; charset=utf-8
cache-control: no-cache
content-length: 12

15:56:04.724 [AsyncHttpClient-1-3] DEBUG org.asynchttpclient.netty.channel.ChannelManager - Adding key: http://localhost:56038 for channel [id: 0x0968d542, L:/127.0.0.1:56630 - R:localhost/127.0.0.1:56038]
  &amp#27;[32mThen &amp#27;[0m&amp#27;[32mI get the &amp#27;[0m&amp#27;[32m&amp#27;[1m"alert symbol"&amp#27;[0m                 &amp#27;[90m# starter.stepdefinitions.RegisterSteps.iGetResult(java.lang.String)&amp#27;[0m
15:56:04.731 [Forwarding screenshot on session 0e6bc68cd35b8b0ecc3065c7d4979617 to remote] DEBUG org.asynchttpclient.netty.request.NettyRequestSender - Using pooled Channel '[id: 0x0968d542, L:/127.0.0.1:56630 - R:localhost/127.0.0.1:56038]' for 'GET' to 'http://localhost:56038/session/0e6bc68cd35b8b0ecc3065c7d4979617/screenshot'
15:56:04.731 [Forwarding screenshot on session 0e6bc68cd35b8b0ecc3065c7d4979617 to remote] DEBUG org.asynchttpclient.netty.request.NettyRequestSender - Using open Channel [id: 0x0968d542, L:/127.0.0.1:56630 - R:localhost/127.0.0.1:56038] for GET '/session/0e6bc68cd35b8b0ecc3065c7d4979617/screenshot'
15:56:04.897 [AsyncHttpClient-1-3] DEBUG org.asynchttpclient.netty.handler.HttpHandler - 

Request DefaultFullHttpRequest(decodeResult: success, version: HTTP/1.1, content: EmptyByteBufBE)
GET /session/0e6bc68cd35b8b0ecc3065c7d4979617/screenshot HTTP/1.1
User-Agent: selenium/4.1.2 (java windows)
Cache-Control: no-cache
Content-Type: application/json; charset=utf-8
host: localhost:56038
accept: */*

Response DefaultHttpResponse(decodeResult: success, version: HTTP/1.1)
HTTP/1.1 200 OK
Content-Type: application/json; charset=utf-8
cache-control: no-cache
content-length: 38644

15:56:04.897 [AsyncHttpClient-1-3] DEBUG org.asynchttpclient.netty.channel.ChannelManager - Adding key: http://localhost:56038 for channel [id: 0x0968d542, L:/127.0.0.1:56630 - R:localhost/127.0.0.1:56038]
15:56:04.899 [main] DEBUG net.serenitybdd.core.photography.Darkroom - Send negative for processing for target\site\serenity\db1917a24b19deabe6165eedd7b0b9606a401d3c3d33a84904bd44eedc5b3f27.png
15:56:04.908 [AsyncHttpClient-1-5] DEBUG org.asynchttpclient.netty.handler.WebSocketHandler - Channel Closed: [id: 0x0435cbc0, L:/127.0.0.1:56639 ! R:localhost/127.0.0.1:56631] with attribute NettyResponseFuture{currentRetry=5,
	isDone=1,
	isCancelled=0,
	asyncHandler=org.asynchttpclient.ws.WebSocketUpgradeHandler@102b80e9,
	nettyRequest=org.asynchttpclient.netty.request.NettyRequest@16697ee4,
	future=java.util.concurrent.CompletableFuture@2c2916e8[Completed normally],
	uri=ws://localhost:56631/devtools/browser/dc784841-6c4f-45b8-98ae-cc6abbdea069,
	keepAlive=true,
	redirectCount=0,
	timeoutsHolder=null,
	inAuth=0,
	touch=1652864157211}
15:56:04.908 [AsyncHttpClient-1-5] DEBUG org.asynchttpclient.netty.channel.ChannelManager - Closing Channel [id: 0x0435cbc0, L:/127.0.0.1:56639 ! R:localhost/127.0.0.1:56631] 
15:56:04.909 [Driver Command Executor] DEBUG org.asynchttpclient.netty.request.NettyRequestSender - Using pooled Channel '[id: 0x0968d542, L:/127.0.0.1:56630 - R:localhost/127.0.0.1:56038]' for 'DELETE' to 'http://localhost:56038/session/0e6bc68cd35b8b0ecc3065c7d4979617'
15:56:04.909 [Driver Command Executor] DEBUG org.asynchttpclient.netty.request.NettyRequestSender - Using open Channel [id: 0x0968d542, L:/127.0.0.1:56630 - R:localhost/127.0.0.1:56038] for DELETE '/session/0e6bc68cd35b8b0ecc3065c7d4979617'
15:56:05.004 [AsyncHttpClient-1-4] DEBUG org.asynchttpclient.netty.handler.HttpHandler - Unexpected I/O exception on channel [id: 0x15ed5ace, L:/127.0.0.1:56638 - R:localhost/127.0.0.1:56631]
java.net.SocketException: Connection reset
	at java.base/sun.nio.ch.SocketChannelImpl.throwConnectionReset(SocketChannelImpl.java:367)
	at java.base/sun.nio.ch.SocketChannelImpl.read(SocketChannelImpl.java:398)
	at io.netty.buffer.PooledByteBuf.setBytes(PooledByteBuf.java:258)
	at io.netty.buffer.AbstractByteBuf.writeBytes(AbstractByteBuf.java:1132)
	at io.netty.channel.socket.nio.NioSocketChannel.doReadBytes(NioSocketChannel.java:350)
	at io.netty.channel.nio.AbstractNioByteChannel$NioByteUnsafe.read(AbstractNioByteChannel.java:151)
	at io.netty.channel.nio.NioEventLoop.processSelectedKey(NioEventLoop.java:722)
	at io.netty.channel.nio.NioEventLoop.processSelectedKeysOptimized(NioEventLoop.java:658)
	at io.netty.channel.nio.NioEventLoop.processSelectedKeys(NioEventLoop.java:584)
	at io.netty.channel.nio.NioEventLoop.run(NioEventLoop.java:496)
	at io.netty.util.concurrent.SingleThreadEventExecutor$4.run(SingleThreadEventExecutor.java:986)
	at io.netty.util.internal.ThreadExecutorMap$2.run(ThreadExecutorMap.java:74)
	at io.netty.util.concurrent.FastThreadLocalRunnable.run(FastThreadLocalRunnable.java:30)
	at java.base/java.lang.Thread.run(Thread.java:832)
15:56:05.004 [AsyncHttpClient-1-4] DEBUG org.asynchttpclient.netty.channel.ChannelManager - Closing Channel [id: 0x15ed5ace, L:/127.0.0.1:56638 - R:localhost/127.0.0.1:56631] 
15:56:05.004 [AsyncHttpClient-1-4] DEBUG org.asynchttpclient.netty.handler.HttpHandler - Channel Closed: [id: 0x15ed5ace, L:/127.0.0.1:56638 ! R:localhost/127.0.0.1:56631] with attribute DISCARD
15:56:05.158 [AsyncHttpClient-1-3] DEBUG org.asynchttpclient.netty.handler.HttpHandler - 

Request DefaultFullHttpRequest(decodeResult: success, version: HTTP/1.1, content: EmptyByteBufBE)
DELETE /session/0e6bc68cd35b8b0ecc3065c7d4979617 HTTP/1.1
User-Agent: selenium/4.1.2 (java windows)
Content-Type: application/json; charset=utf-8
host: localhost:56038
accept: */*

Response DefaultHttpResponse(decodeResult: success, version: HTTP/1.1)
HTTP/1.1 200 OK
Content-Type: application/json; charset=utf-8
cache-control: no-cache
content-length: 14

15:56:05.159 [AsyncHttpClient-1-3] DEBUG org.asynchttpclient.netty.channel.ChannelManager - Adding key: http://localhost:56038 for channel [id: 0x0968d542, L:/127.0.0.1:56630 - R:localhost/127.0.0.1:56038]
15:56:05.367 [AsyncHttpClient-1-1] DEBUG org.asynchttpclient.netty.channel.DefaultChannelPool - Entry count for : http://localhost:56631 : 1
15:56:05.367 [AsyncHttpClient-1-1] DEBUG org.asynchttpclient.netty.channel.DefaultChannelPool - Entry count for : http://localhost:56038 : 1
15:56:05.367 [AsyncHttpClient-1-1] DEBUG org.asynchttpclient.netty.channel.DefaultChannelPool - Adding Candidate expired Channel [id: 0x15ed5ace, L:/127.0.0.1:56638 ! R:localhost/127.0.0.1:56631] isIdleTimeoutExpired=false isRemotelyClosed=true isTtlExpired=false
15:56:05.368 [AsyncHttpClient-1-1] DEBUG org.asynchttpclient.netty.channel.DefaultChannelPool - Closing Idle Channel [id: 0x15ed5ace, L:/127.0.0.1:56638 ! R:localhost/127.0.0.1:56631]
15:56:05.368 [AsyncHttpClient-1-1] DEBUG org.asynchttpclient.netty.channel.DefaultChannelPool - Closed 1 connections out of 2 in 1 ms
15:56:05.547 [AsyncHttpClient-1-3] DEBUG org.asynchttpclient.netty.handler.HttpHandler - Channel Closed: [id: 0x0968d542, L:/127.0.0.1:56630 ! R:localhost/127.0.0.1:56038] with attribute DISCARD
15:56:06.067 [main] INFO  - 
  _____   ___   ___   _____     ___     _     ___   ___   ___   ___  
 |_   _| | __| / __| |_   _|   | _ \   /_\   / __| / __| | __| |   \ 
   | |   | _|  \__ \   | |     |  _/  / _ \  \__ \ \__ \ | _|  | |) |
   |_|   |___| |___/   |_|     |_|   /_/ \_\ |___/ |___/ |___| |___/ 

Register
----------------------------------------------------------------------
]]></system-out>
    <system-err><![CDATA[Starting ChromeDriver 100.0.4896.60 (6a5d10861ce8de5fce22564658033b43cb7de047-refs/branch-heads/4896@{#875}) on port 56038
Only local connections are allowed.
Please see https://chromedriver.chromium.org/security-considerations for suggestions on keeping ChromeDriver safe.
ChromeDriver was started successfully.
[1652864156.591][WARNING]: This version of ChromeDriver has not been tested with Chrome version 101.
May 18, 2022 3:55:57 PM org.openqa.selenium.remote.ProtocolHandshake createSession
INFO: Detected dialect: W3C
May 18, 2022 3:55:57 PM org.openqa.selenium.devtools.CdpVersionFinder findNearestMatch
WARNING: Unable to find an exact match for CDP version 101, so returning the closest version found: 97
May 18, 2022 3:55:57 PM org.openqa.selenium.devtools.CdpVersionFinder findNearestMatch
INFO: Found CDP implementation for version 101 of 97
]]></system-err>
  </testcase>
  <testcase name="Register #3" classname="Register" time="11.52">
    <system-out><![CDATA[
Scenario Outline: Register      &amp#27;[90m# src/test/resources/features/Register.feature:18&amp#27;[0m
15:56:06.093 [main] INFO io.cucumber.core.plugin.SerenityReporter - Running feature from file:///C:/Users/ponda/Documents/Final_Project/Final_Web/src/test/resources/features/Register.feature
15:56:06.259 [main] DEBUG net.thucydides.core.steps.StepInterceptor - STARTING STEP: RegisterSteps.onRegisterPage - openRegisURL
15:56:06.260 [main] INFO net.serenitybdd.core.webdriver.driverproviders.ChromeDriverProvider - Using automatically driver download
15:56:06.471 [AsyncHttpClient-1-1] DEBUG org.asynchttpclient.netty.channel.DefaultChannelPool - Entry count for : http://localhost:56038 : 1
15:56:06.472 [AsyncHttpClient-1-1] DEBUG org.asynchttpclient.netty.channel.DefaultChannelPool - Adding Candidate expired Channel [id: 0x0968d542, L:/127.0.0.1:56630 ! R:localhost/127.0.0.1:56038] isIdleTimeoutExpired=false isRemotelyClosed=true isTtlExpired=false
15:56:06.472 [AsyncHttpClient-1-1] DEBUG org.asynchttpclient.netty.channel.DefaultChannelPool - Closing Idle Channel [id: 0x0968d542, L:/127.0.0.1:56630 ! R:localhost/127.0.0.1:56038]
15:56:06.472 [AsyncHttpClient-1-1] DEBUG org.asynchttpclient.netty.channel.DefaultChannelPool - Closed 1 connections out of 1 in 0 ms
15:56:06.507 [main] DEBUG io.github.bonigarcia.wdm.cache.ResolutionCache - Resolution chrome=101 in cache (valid until 16:36:25 18/05/2022 WIB)
15:56:06.514 [main] DEBUG io.github.bonigarcia.wdm.cache.ResolutionCache - Resolution chrome101=101.0.4951.41 in cache (valid until 16:04:06 18/05/2022 WIB)
15:56:06.517 [main] INFO io.github.bonigarcia.wdm.WebDriverManager - Using chromedriver 101.0.4951.41 (resolved driver for Chrome 101)
15:56:06.537 [main] DEBUG io.github.bonigarcia.wdm.WebDriverManager - Driver chromedriver 101.0.4951.41 found in cache
15:56:06.538 [main] INFO io.github.bonigarcia.wdm.WebDriverManager - Exporting webdriver.chrome.driver as C:\Users\ponda\.cache\selenium\chromedriver\win32\101.0.4951.41\chromedriver.exe
15:56:06.784 [main] DEBUG net.serenitybdd.core.webdriver.driverproviders.ProvideNewDriver - Instantiating driver
15:56:06.784 [main] DEBUG net.serenitybdd.core.webdriver.driverproviders.ProvideNewDriver - Driver capabilities: Capabilities {acceptInsecureCerts: false, base.url: https://qa.alta.id, browserName: chrome, chrome.driver: src/test/resources/webdrive..., driver: chrome, goog:chromeOptions: {args: [], extensions: []}}
15:56:07.344 [AsyncHttpClient-1-2] DEBUG org.asynchttpclient.netty.channel.NettyConnectListener - Using new Channel '[id: 0x5bd5e2a6, L:/127.0.0.1:56660 - R:localhost/127.0.0.1:65498]' for 'POST' to '/session'
15:56:09.481 [AsyncHttpClient-1-2] DEBUG org.asynchttpclient.netty.handler.HttpHandler - 

Request DefaultHttpRequest(decodeResult: success, version: HTTP/1.1)
POST /session HTTP/1.1
User-Agent: selenium/4.1.2 (java windows)
Content-Length: 599
Content-Type: application/json; charset=utf-8
host: localhost:65498
accept: */*

Response DefaultHttpResponse(decodeResult: success, version: HTTP/1.1)
HTTP/1.1 200 OK
Content-Type: application/json; charset=utf-8
cache-control: no-cache
content-length: 790

15:56:09.481 [AsyncHttpClient-1-2] DEBUG org.asynchttpclient.netty.channel.ChannelManager - Adding key: http://localhost:65498 for channel [id: 0x5bd5e2a6, L:/127.0.0.1:56660 - R:localhost/127.0.0.1:65498]
15:56:09.507 [AsyncHttpClient-1-3] DEBUG org.asynchttpclient.netty.channel.NettyConnectListener - Using new Channel '[id: 0xd9fd80c0, L:/127.0.0.1:56668 - R:localhost/127.0.0.1:56661]' for 'GET' to '/json/version'
15:56:09.509 [AsyncHttpClient-1-3] DEBUG org.asynchttpclient.netty.handler.HttpHandler - 

Request DefaultFullHttpRequest(decodeResult: success, version: HTTP/1.1, content: EmptyByteBufBE)
GET /json/version HTTP/1.1
User-Agent: selenium/4.1.2 (java windows)
host: localhost:56661
accept: */*

Response DefaultHttpResponse(decodeResult: success, version: HTTP/1.1)
HTTP/1.1 200 OK
Content-Type: application/json; charset=UTF-8
content-length: 427

15:56:09.509 [AsyncHttpClient-1-3] DEBUG org.asynchttpclient.netty.channel.ChannelManager - Adding key: http://localhost:56661 for channel [id: 0xd9fd80c0, L:/127.0.0.1:56668 - R:localhost/127.0.0.1:56661]
15:56:09.515 [AsyncHttpClient-1-4] DEBUG org.asynchttpclient.netty.channel.NettyConnectListener - Using new Channel '[id: 0xc790b6d7, L:/127.0.0.1:56669 - R:localhost/127.0.0.1:56661]' for 'GET' to '/devtools/browser/13185331-87ed-440c-a1db-800e6a532405'
15:56:09.516 [AsyncHttpClient-1-4] DEBUG org.asynchttpclient.netty.handler.WebSocketHandler - 

Request DefaultFullHttpRequest(decodeResult: success, version: HTTP/1.1, content: EmptyByteBufBE)
GET /devtools/browser/13185331-87ed-440c-a1db-800e6a532405 HTTP/1.1
upgrade: websocket
connection: upgrade
sec-websocket-key: Kh8mY2xI9cFtMK22F64ZwQ==
sec-websocket-version: 13
origin: http://localhost:56661
host: localhost:56661
accept: */*
user-agent: AHC/2.1

Response DefaultHttpResponse(decodeResult: success, version: HTTP/1.1)
HTTP/1.1 101 WebSocket Protocol Handshake
Upgrade: WebSocket
Connection: Upgrade
Sec-WebSocket-Accept: +Fa6nVlzPmI6yQyS8N9DWcwIKpg=

15:56:09.533 [Forwarding maximizeCurrentWindow on session 7a5a1403e9664b588efb6e14a88f473b to remote] DEBUG org.asynchttpclient.netty.request.NettyRequestSender - Using pooled Channel '[id: 0x5bd5e2a6, L:/127.0.0.1:56660 - R:localhost/127.0.0.1:65498]' for 'POST' to 'http://localhost:65498/session/7a5a1403e9664b588efb6e14a88f473b/window/maximize'
15:56:09.534 [Forwarding maximizeCurrentWindow on session 7a5a1403e9664b588efb6e14a88f473b to remote] DEBUG org.asynchttpclient.netty.request.NettyRequestSender - Using open Channel [id: 0x5bd5e2a6, L:/127.0.0.1:56660 - R:localhost/127.0.0.1:65498] for POST '/session/7a5a1403e9664b588efb6e14a88f473b/window/maximize'
15:56:09.764 [AsyncHttpClient-1-1] DEBUG org.asynchttpclient.netty.channel.DefaultChannelPool - Entry count for : http://localhost:56661 : 1
15:56:09.826 [AsyncHttpClient-1-2] DEBUG org.asynchttpclient.netty.handler.HttpHandler - 

Request DefaultHttpRequest(decodeResult: success, version: HTTP/1.1)
POST /session/7a5a1403e9664b588efb6e14a88f473b/window/maximize HTTP/1.1
User-Agent: selenium/4.1.2 (java windows)
Content-Length: 3
Content-Type: application/json; charset=utf-8
host: localhost:65498
accept: */*

Response DefaultHttpResponse(decodeResult: success, version: HTTP/1.1)
HTTP/1.1 200 OK
Content-Type: application/json; charset=utf-8
cache-control: no-cache
content-length: 51

15:56:09.826 [AsyncHttpClient-1-2] DEBUG org.asynchttpclient.netty.channel.ChannelManager - Adding key: http://localhost:65498 for channel [id: 0x5bd5e2a6, L:/127.0.0.1:56660 - R:localhost/127.0.0.1:65498]
15:56:09.828 [Forwarding get on session 7a5a1403e9664b588efb6e14a88f473b to remote] DEBUG org.asynchttpclient.netty.request.NettyRequestSender - Using pooled Channel '[id: 0x5bd5e2a6, L:/127.0.0.1:56660 - R:localhost/127.0.0.1:65498]' for 'POST' to 'http://localhost:65498/session/7a5a1403e9664b588efb6e14a88f473b/url'
15:56:09.828 [Forwarding get on session 7a5a1403e9664b588efb6e14a88f473b to remote] DEBUG org.asynchttpclient.netty.request.NettyRequestSender - Using open Channel [id: 0x5bd5e2a6, L:/127.0.0.1:56660 - R:localhost/127.0.0.1:65498] for POST '/session/7a5a1403e9664b588efb6e14a88f473b/url'
15:56:10.861 [AsyncHttpClient-1-1] DEBUG org.asynchttpclient.netty.channel.DefaultChannelPool - Entry count for : http://localhost:56661 : 1
15:56:11.960 [AsyncHttpClient-1-1] DEBUG org.asynchttpclient.netty.channel.DefaultChannelPool - Entry count for : http://localhost:56661 : 1
15:56:12.600 [AsyncHttpClient-1-2] DEBUG org.asynchttpclient.netty.handler.HttpHandler - 

Request DefaultHttpRequest(decodeResult: success, version: HTTP/1.1)
POST /session/7a5a1403e9664b588efb6e14a88f473b/url HTTP/1.1
User-Agent: selenium/4.1.2 (java windows)
Content-Length: 67
Content-Type: application/json; charset=utf-8
host: localhost:65498
accept: */*

Response DefaultHttpResponse(decodeResult: success, version: HTTP/1.1)
HTTP/1.1 200 OK
Content-Type: application/json; charset=utf-8
cache-control: no-cache
content-length: 14

15:56:12.600 [AsyncHttpClient-1-2] DEBUG org.asynchttpclient.netty.channel.ChannelManager - Adding key: http://localhost:65498 for channel [id: 0x5bd5e2a6, L:/127.0.0.1:56660 - R:localhost/127.0.0.1:65498]
15:56:12.602 [Forwarding setTimeout on session 7a5a1403e9664b588efb6e14a88f473b to remote] DEBUG org.asynchttpclient.netty.request.NettyRequestSender - Using pooled Channel '[id: 0x5bd5e2a6, L:/127.0.0.1:56660 - R:localhost/127.0.0.1:65498]' for 'POST' to 'http://localhost:65498/session/7a5a1403e9664b588efb6e14a88f473b/timeouts'
15:56:12.602 [Forwarding setTimeout on session 7a5a1403e9664b588efb6e14a88f473b to remote] DEBUG org.asynchttpclient.netty.request.NettyRequestSender - Using open Channel [id: 0x5bd5e2a6, L:/127.0.0.1:56660 - R:localhost/127.0.0.1:65498] for POST '/session/7a5a1403e9664b588efb6e14a88f473b/timeouts'
15:56:12.603 [AsyncHttpClient-1-2] DEBUG org.asynchttpclient.netty.handler.HttpHandler - 

Request DefaultHttpRequest(decodeResult: success, version: HTTP/1.1)
POST /session/7a5a1403e9664b588efb6e14a88f473b/timeouts HTTP/1.1
User-Agent: selenium/4.1.2 (java windows)
Content-Length: 22
Content-Type: application/json; charset=utf-8
host: localhost:65498
accept: */*

Response DefaultHttpResponse(decodeResult: success, version: HTTP/1.1)
HTTP/1.1 200 OK
Content-Type: application/json; charset=utf-8
cache-control: no-cache
content-length: 14

15:56:12.604 [AsyncHttpClient-1-2] DEBUG org.asynchttpclient.netty.channel.ChannelManager - Adding key: http://localhost:65498 for channel [id: 0x5bd5e2a6, L:/127.0.0.1:56660 - R:localhost/127.0.0.1:65498]
15:56:12.620 [Forwarding getCurrentUrl on session 7a5a1403e9664b588efb6e14a88f473b to remote] DEBUG org.asynchttpclient.netty.request.NettyRequestSender - Using pooled Channel '[id: 0x5bd5e2a6, L:/127.0.0.1:56660 - R:localhost/127.0.0.1:65498]' for 'GET' to 'http://localhost:65498/session/7a5a1403e9664b588efb6e14a88f473b/url'
15:56:12.620 [Forwarding getCurrentUrl on session 7a5a1403e9664b588efb6e14a88f473b to remote] DEBUG org.asynchttpclient.netty.request.NettyRequestSender - Using open Channel [id: 0x5bd5e2a6, L:/127.0.0.1:56660 - R:localhost/127.0.0.1:65498] for GET '/session/7a5a1403e9664b588efb6e14a88f473b/url'
15:56:12.653 [AsyncHttpClient-1-2] DEBUG org.asynchttpclient.netty.handler.HttpHandler - 

Request DefaultFullHttpRequest(decodeResult: success, version: HTTP/1.1, content: EmptyByteBufBE)
GET /session/7a5a1403e9664b588efb6e14a88f473b/url HTTP/1.1
User-Agent: selenium/4.1.2 (java windows)
Cache-Control: no-cache
Content-Type: application/json; charset=utf-8
host: localhost:65498
accept: */*

Response DefaultHttpResponse(decodeResult: success, version: HTTP/1.1)
HTTP/1.1 200 OK
Content-Type: application/json; charset=utf-8
cache-control: no-cache
content-length: 44

15:56:12.653 [AsyncHttpClient-1-2] DEBUG org.asynchttpclient.netty.channel.ChannelManager - Adding key: http://localhost:65498 for channel [id: 0x5bd5e2a6, L:/127.0.0.1:56660 - R:localhost/127.0.0.1:65498]
15:56:12.666 [Forwarding screenshot on session 7a5a1403e9664b588efb6e14a88f473b to remote] DEBUG org.asynchttpclient.netty.request.NettyRequestSender - Using pooled Channel '[id: 0x5bd5e2a6, L:/127.0.0.1:56660 - R:localhost/127.0.0.1:65498]' for 'GET' to 'http://localhost:65498/session/7a5a1403e9664b588efb6e14a88f473b/screenshot'
15:56:12.666 [Forwarding screenshot on session 7a5a1403e9664b588efb6e14a88f473b to remote] DEBUG org.asynchttpclient.netty.request.NettyRequestSender - Using open Channel [id: 0x5bd5e2a6, L:/127.0.0.1:56660 - R:localhost/127.0.0.1:65498] for GET '/session/7a5a1403e9664b588efb6e14a88f473b/screenshot'
15:56:13.039 [AsyncHttpClient-1-2] DEBUG org.asynchttpclient.netty.handler.HttpHandler - 

Request DefaultFullHttpRequest(decodeResult: success, version: HTTP/1.1, content: EmptyByteBufBE)
GET /session/7a5a1403e9664b588efb6e14a88f473b/screenshot HTTP/1.1
User-Agent: selenium/4.1.2 (java windows)
Cache-Control: no-cache
Content-Type: application/json; charset=utf-8
host: localhost:65498
accept: */*

Response DefaultHttpResponse(decodeResult: success, version: HTTP/1.1)
HTTP/1.1 200 OK
Content-Type: application/json; charset=utf-8
cache-control: no-cache
content-length: 30072

15:56:13.040 [AsyncHttpClient-1-2] DEBUG org.asynchttpclient.netty.channel.ChannelManager - Adding key: http://localhost:65498 for channel [id: 0x5bd5e2a6, L:/127.0.0.1:56660 - R:localhost/127.0.0.1:65498]
15:56:13.041 [main] DEBUG net.serenitybdd.core.photography.Darkroom - Send negative for processing for target\site\serenity\bd159e4f239b6f9d4ba999f8a11b183ce613e281485ea2c4cc7c03dfabddb843.png
15:56:13.042 [main] DEBUG net.thucydides.core.steps.StepInterceptor - STEP DONE: openRegisURL
  &amp#27;[32mGiven &amp#27;[0m&amp#27;[32mI am on register page&amp#27;[0m   &amp#27;[90m# starter.stepdefinitions.RegisterSteps.onRegisterPage()&amp#27;[0m
15:56:13.061 [main] DEBUG net.thucydides.core.steps.StepInterceptor - STARTING STEP: RegisterSteps.inputNamaLengkap - inputNamaLengkap
15:56:13.065 [Forwarding findElement on session 7a5a1403e9664b588efb6e14a88f473b to remote] DEBUG org.asynchttpclient.netty.request.NettyRequestSender - Using pooled Channel '[id: 0x5bd5e2a6, L:/127.0.0.1:56660 - R:localhost/127.0.0.1:65498]' for 'POST' to 'http://localhost:65498/session/7a5a1403e9664b588efb6e14a88f473b/element'
15:56:13.065 [Forwarding findElement on session 7a5a1403e9664b588efb6e14a88f473b to remote] DEBUG org.asynchttpclient.netty.request.NettyRequestSender - Using open Channel [id: 0x5bd5e2a6, L:/127.0.0.1:56660 - R:localhost/127.0.0.1:65498] for POST '/session/7a5a1403e9664b588efb6e14a88f473b/element'
15:56:13.066 [AsyncHttpClient-1-1] DEBUG org.asynchttpclient.netty.channel.DefaultChannelPool - Entry count for : http://localhost:56661 : 1
15:56:13.084 [AsyncHttpClient-1-2] DEBUG org.asynchttpclient.netty.handler.HttpHandler - 

Request DefaultHttpRequest(decodeResult: success, version: HTTP/1.1)
POST /session/7a5a1403e9664b588efb6e14a88f473b/element HTTP/1.1
User-Agent: selenium/4.1.2 (java windows)
Content-Length: 93
Content-Type: application/json; charset=utf-8
host: localhost:65498
accept: */*

Response DefaultHttpResponse(decodeResult: success, version: HTTP/1.1)
HTTP/1.1 200 OK
Content-Type: application/json; charset=utf-8
cache-control: no-cache
content-length: 88

15:56:13.084 [AsyncHttpClient-1-2] DEBUG org.asynchttpclient.netty.channel.ChannelManager - Adding key: http://localhost:65498 for channel [id: 0x5bd5e2a6, L:/127.0.0.1:56660 - R:localhost/127.0.0.1:65498]
15:56:13.085 [Forwarding clearElement on session 7a5a1403e9664b588efb6e14a88f473b to remote] DEBUG org.asynchttpclient.netty.request.NettyRequestSender - Using pooled Channel '[id: 0x5bd5e2a6, L:/127.0.0.1:56660 - R:localhost/127.0.0.1:65498]' for 'POST' to 'http://localhost:65498/session/7a5a1403e9664b588efb6e14a88f473b/element/a6a29fd6-d0af-433b-bc55-0593e22f1a96/clear'
15:56:13.085 [Forwarding clearElement on session 7a5a1403e9664b588efb6e14a88f473b to remote] DEBUG org.asynchttpclient.netty.request.NettyRequestSender - Using open Channel [id: 0x5bd5e2a6, L:/127.0.0.1:56660 - R:localhost/127.0.0.1:65498] for POST '/session/7a5a1403e9664b588efb6e14a88f473b/element/a6a29fd6-d0af-433b-bc55-0593e22f1a96/clear'
15:56:13.136 [AsyncHttpClient-1-2] DEBUG org.asynchttpclient.netty.handler.HttpHandler - 

Request DefaultHttpRequest(decodeResult: success, version: HTTP/1.1)
POST /session/7a5a1403e9664b588efb6e14a88f473b/element/a6a29fd6-d0af-433b-bc55-0593e22f1a96/clear HTTP/1.1
User-Agent: selenium/4.1.2 (java windows)
Content-Length: 50
Content-Type: application/json; charset=utf-8
host: localhost:65498
accept: */*

Response DefaultHttpResponse(decodeResult: success, version: HTTP/1.1)
HTTP/1.1 200 OK
Content-Type: application/json; charset=utf-8
cache-control: no-cache
content-length: 14

15:56:13.136 [AsyncHttpClient-1-2] DEBUG org.asynchttpclient.netty.channel.ChannelManager - Adding key: http://localhost:65498 for channel [id: 0x5bd5e2a6, L:/127.0.0.1:56660 - R:localhost/127.0.0.1:65498]
15:56:13.138 [Forwarding sendKeysToElement on session 7a5a1403e9664b588efb6e14a88f473b to remote] DEBUG org.asynchttpclient.netty.request.NettyRequestSender - Using pooled Channel '[id: 0x5bd5e2a6, L:/127.0.0.1:56660 - R:localhost/127.0.0.1:65498]' for 'POST' to 'http://localhost:65498/session/7a5a1403e9664b588efb6e14a88f473b/element/a6a29fd6-d0af-433b-bc55-0593e22f1a96/value'
15:56:13.138 [Forwarding sendKeysToElement on session 7a5a1403e9664b588efb6e14a88f473b to remote] DEBUG org.asynchttpclient.netty.request.NettyRequestSender - Using open Channel [id: 0x5bd5e2a6, L:/127.0.0.1:56660 - R:localhost/127.0.0.1:65498] for POST '/session/7a5a1403e9664b588efb6e14a88f473b/element/a6a29fd6-d0af-433b-bc55-0593e22f1a96/value'
15:56:13.255 [AsyncHttpClient-1-2] DEBUG org.asynchttpclient.netty.handler.HttpHandler - 

Request DefaultHttpRequest(decodeResult: success, version: HTTP/1.1)
POST /session/7a5a1403e9664b588efb6e14a88f473b/element/a6a29fd6-d0af-433b-bc55-0593e22f1a96/value HTTP/1.1
User-Agent: selenium/4.1.2 (java windows)
Content-Length: 82
Content-Type: application/json; charset=utf-8
host: localhost:65498
accept: */*

Response DefaultHttpResponse(decodeResult: success, version: HTTP/1.1)
HTTP/1.1 200 OK
Content-Type: application/json; charset=utf-8
cache-control: no-cache
content-length: 14

15:56:13.255 [AsyncHttpClient-1-2] DEBUG org.asynchttpclient.netty.channel.ChannelManager - Adding key: http://localhost:65498 for channel [id: 0x5bd5e2a6, L:/127.0.0.1:56660 - R:localhost/127.0.0.1:65498]
15:56:13.268 [Forwarding screenshot on session 7a5a1403e9664b588efb6e14a88f473b to remote] DEBUG org.asynchttpclient.netty.request.NettyRequestSender - Using pooled Channel '[id: 0x5bd5e2a6, L:/127.0.0.1:56660 - R:localhost/127.0.0.1:65498]' for 'GET' to 'http://localhost:65498/session/7a5a1403e9664b588efb6e14a88f473b/screenshot'
15:56:13.268 [Forwarding screenshot on session 7a5a1403e9664b588efb6e14a88f473b to remote] DEBUG org.asynchttpclient.netty.request.NettyRequestSender - Using open Channel [id: 0x5bd5e2a6, L:/127.0.0.1:56660 - R:localhost/127.0.0.1:65498] for GET '/session/7a5a1403e9664b588efb6e14a88f473b/screenshot'
15:56:13.561 [AsyncHttpClient-1-2] DEBUG org.asynchttpclient.netty.handler.HttpHandler - 

Request DefaultFullHttpRequest(decodeResult: success, version: HTTP/1.1, content: EmptyByteBufBE)
GET /session/7a5a1403e9664b588efb6e14a88f473b/screenshot HTTP/1.1
User-Agent: selenium/4.1.2 (java windows)
Cache-Control: no-cache
Content-Type: application/json; charset=utf-8
host: localhost:65498
accept: */*

Response DefaultHttpResponse(decodeResult: success, version: HTTP/1.1)
HTTP/1.1 200 OK
Content-Type: application/json; charset=utf-8
cache-control: no-cache
content-length: 29820

15:56:13.562 [AsyncHttpClient-1-2] DEBUG org.asynchttpclient.netty.channel.ChannelManager - Adding key: http://localhost:65498 for channel [id: 0x5bd5e2a6, L:/127.0.0.1:56660 - R:localhost/127.0.0.1:65498]
15:56:13.564 [main] DEBUG net.serenitybdd.core.photography.Darkroom - Send negative for processing for target\site\serenity\85221d3d1b40df28bc29c1832bdb365dc7742e0411cfbc0058a6730d4650896f.png
15:56:13.564 [main] DEBUG net.thucydides.core.steps.StepInterceptor - STEP DONE: inputNamaLengkap
  &amp#27;[32mWhen &amp#27;[0m&amp#27;[32mI input fullname &amp#27;[0m&amp#27;[32m&amp#27;[1m""&amp#27;[0m      &amp#27;[90m# starter.stepdefinitions.RegisterSteps.inputNamaLengkap(java.lang.String)&amp#27;[0m
15:56:13.567 [Darkroom Processing Line] DEBUG net.serenitybdd.core.photography.DarkroomProcessingLine - Processing screenshot image in /var/screenshots/screenshot-2081463116766141009
15:56:13.567 [Darkroom Processing Line] DEBUG net.serenitybdd.core.photography.DarkroomProcessingLine - Saving screenshot to target\site\serenity\85221d3d1b40df28bc29c1832bdb365dc7742e0411cfbc0058a6730d4650896f.png
15:56:13.603 [main] DEBUG net.thucydides.core.steps.StepInterceptor - STARTING STEP: RegisterSteps.iInputEmail - inputEmailForRegist
15:56:13.610 [Forwarding findElement on session 7a5a1403e9664b588efb6e14a88f473b to remote] DEBUG org.asynchttpclient.netty.request.NettyRequestSender - Using pooled Channel '[id: 0x5bd5e2a6, L:/127.0.0.1:56660 - R:localhost/127.0.0.1:65498]' for 'POST' to 'http://localhost:65498/session/7a5a1403e9664b588efb6e14a88f473b/element'
15:56:13.610 [Forwarding findElement on session 7a5a1403e9664b588efb6e14a88f473b to remote] DEBUG org.asynchttpclient.netty.request.NettyRequestSender - Using open Channel [id: 0x5bd5e2a6, L:/127.0.0.1:56660 - R:localhost/127.0.0.1:65498] for POST '/session/7a5a1403e9664b588efb6e14a88f473b/element'
15:56:13.653 [AsyncHttpClient-1-2] DEBUG org.asynchttpclient.netty.handler.HttpHandler - 

Request DefaultHttpRequest(decodeResult: success, version: HTTP/1.1)
POST /session/7a5a1403e9664b588efb6e14a88f473b/element HTTP/1.1
User-Agent: selenium/4.1.2 (java windows)
Content-Length: 86
Content-Type: application/json; charset=utf-8
host: localhost:65498
accept: */*

Response DefaultHttpResponse(decodeResult: success, version: HTTP/1.1)
HTTP/1.1 200 OK
Content-Type: application/json; charset=utf-8
cache-control: no-cache
content-length: 88

15:56:13.653 [AsyncHttpClient-1-2] DEBUG org.asynchttpclient.netty.channel.ChannelManager - Adding key: http://localhost:65498 for channel [id: 0x5bd5e2a6, L:/127.0.0.1:56660 - R:localhost/127.0.0.1:65498]
15:56:13.655 [Forwarding clearElement on session 7a5a1403e9664b588efb6e14a88f473b to remote] DEBUG org.asynchttpclient.netty.request.NettyRequestSender - Using pooled Channel '[id: 0x5bd5e2a6, L:/127.0.0.1:56660 - R:localhost/127.0.0.1:65498]' for 'POST' to 'http://localhost:65498/session/7a5a1403e9664b588efb6e14a88f473b/element/cd9c0866-aa3a-41b3-bc95-82fc860af8b1/clear'
15:56:13.655 [Forwarding clearElement on session 7a5a1403e9664b588efb6e14a88f473b to remote] DEBUG org.asynchttpclient.netty.request.NettyRequestSender - Using open Channel [id: 0x5bd5e2a6, L:/127.0.0.1:56660 - R:localhost/127.0.0.1:65498] for POST '/session/7a5a1403e9664b588efb6e14a88f473b/element/cd9c0866-aa3a-41b3-bc95-82fc860af8b1/clear'
15:56:13.738 [AsyncHttpClient-1-2] DEBUG org.asynchttpclient.netty.handler.HttpHandler - 

Request DefaultHttpRequest(decodeResult: success, version: HTTP/1.1)
POST /session/7a5a1403e9664b588efb6e14a88f473b/element/cd9c0866-aa3a-41b3-bc95-82fc860af8b1/clear HTTP/1.1
User-Agent: selenium/4.1.2 (java windows)
Content-Length: 50
Content-Type: application/json; charset=utf-8
host: localhost:65498
accept: */*

Response DefaultHttpResponse(decodeResult: success, version: HTTP/1.1)
HTTP/1.1 200 OK
Content-Type: application/json; charset=utf-8
cache-control: no-cache
content-length: 14

15:56:13.738 [AsyncHttpClient-1-2] DEBUG org.asynchttpclient.netty.channel.ChannelManager - Adding key: http://localhost:65498 for channel [id: 0x5bd5e2a6, L:/127.0.0.1:56660 - R:localhost/127.0.0.1:65498]
15:56:13.741 [Forwarding sendKeysToElement on session 7a5a1403e9664b588efb6e14a88f473b to remote] DEBUG org.asynchttpclient.netty.request.NettyRequestSender - Using pooled Channel '[id: 0x5bd5e2a6, L:/127.0.0.1:56660 - R:localhost/127.0.0.1:65498]' for 'POST' to 'http://localhost:65498/session/7a5a1403e9664b588efb6e14a88f473b/element/cd9c0866-aa3a-41b3-bc95-82fc860af8b1/value'
15:56:13.741 [Forwarding sendKeysToElement on session 7a5a1403e9664b588efb6e14a88f473b to remote] DEBUG org.asynchttpclient.netty.request.NettyRequestSender - Using open Channel [id: 0x5bd5e2a6, L:/127.0.0.1:56660 - R:localhost/127.0.0.1:65498] for POST '/session/7a5a1403e9664b588efb6e14a88f473b/element/cd9c0866-aa3a-41b3-bc95-82fc860af8b1/value'
15:56:13.854 [AsyncHttpClient-1-2] DEBUG org.asynchttpclient.netty.handler.HttpHandler - 

Request DefaultHttpRequest(decodeResult: success, version: HTTP/1.1)
POST /session/7a5a1403e9664b588efb6e14a88f473b/element/cd9c0866-aa3a-41b3-bc95-82fc860af8b1/value HTTP/1.1
User-Agent: selenium/4.1.2 (java windows)
Content-Length: 82
Content-Type: application/json; charset=utf-8
host: localhost:65498
accept: */*

Response DefaultHttpResponse(decodeResult: success, version: HTTP/1.1)
HTTP/1.1 200 OK
Content-Type: application/json; charset=utf-8
cache-control: no-cache
content-length: 14

15:56:13.855 [AsyncHttpClient-1-2] DEBUG org.asynchttpclient.netty.channel.ChannelManager - Adding key: http://localhost:65498 for channel [id: 0x5bd5e2a6, L:/127.0.0.1:56660 - R:localhost/127.0.0.1:65498]
15:56:13.868 [Forwarding screenshot on session 7a5a1403e9664b588efb6e14a88f473b to remote] DEBUG org.asynchttpclient.netty.request.NettyRequestSender - Using pooled Channel '[id: 0x5bd5e2a6, L:/127.0.0.1:56660 - R:localhost/127.0.0.1:65498]' for 'GET' to 'http://localhost:65498/session/7a5a1403e9664b588efb6e14a88f473b/screenshot'
15:56:13.868 [Forwarding screenshot on session 7a5a1403e9664b588efb6e14a88f473b to remote] DEBUG org.asynchttpclient.netty.request.NettyRequestSender - Using open Channel [id: 0x5bd5e2a6, L:/127.0.0.1:56660 - R:localhost/127.0.0.1:65498] for GET '/session/7a5a1403e9664b588efb6e14a88f473b/screenshot'
15:56:14.143 [AsyncHttpClient-1-2] DEBUG org.asynchttpclient.netty.handler.HttpHandler - 

Request DefaultFullHttpRequest(decodeResult: success, version: HTTP/1.1, content: EmptyByteBufBE)
GET /session/7a5a1403e9664b588efb6e14a88f473b/screenshot HTTP/1.1
User-Agent: selenium/4.1.2 (java windows)
Cache-Control: no-cache
Content-Type: application/json; charset=utf-8
host: localhost:65498
accept: */*

Response DefaultHttpResponse(decodeResult: success, version: HTTP/1.1)
HTTP/1.1 200 OK
Content-Type: application/json; charset=utf-8
cache-control: no-cache
content-length: 31348

15:56:14.144 [AsyncHttpClient-1-2] DEBUG org.asynchttpclient.netty.channel.ChannelManager - Adding key: http://localhost:65498 for channel [id: 0x5bd5e2a6, L:/127.0.0.1:56660 - R:localhost/127.0.0.1:65498]
15:56:14.152 [main] DEBUG net.serenitybdd.core.photography.Darkroom - Send negative for processing for target\site\serenity\0e0ae187be934d0d281a368a7423d129d9f2a78247a3c91bc44db387da0c5886.png
15:56:14.153 [main] DEBUG net.thucydides.core.steps.StepInterceptor - STEP DONE: inputEmailForRegist
  &amp#27;[32mAnd &amp#27;[0m&amp#27;[32mI input email &amp#27;[0m&amp#27;[32m&amp#27;[1m""&amp#27;[0m          &amp#27;[90m# starter.stepdefinitions.RegisterSteps.iInputEmail(java.lang.String)&amp#27;[0m
15:56:14.154 [Darkroom Processing Line] DEBUG net.serenitybdd.core.photography.DarkroomProcessingLine - Processing screenshot image in /var/screenshots/screenshot-18377628574317914881
15:56:14.154 [Darkroom Processing Line] DEBUG net.serenitybdd.core.photography.DarkroomProcessingLine - Saving screenshot to target\site\serenity\0e0ae187be934d0d281a368a7423d129d9f2a78247a3c91bc44db387da0c5886.png
15:56:14.188 [main] DEBUG net.thucydides.core.steps.StepInterceptor - STARTING STEP: RegisterSteps.inputPass - inputPassForRegist
15:56:14.193 [AsyncHttpClient-1-1] DEBUG org.asynchttpclient.netty.channel.DefaultChannelPool - Entry count for : http://localhost:56661 : 1
15:56:14.193 [AsyncHttpClient-1-1] DEBUG org.asynchttpclient.netty.channel.DefaultChannelPool - Entry count for : http://localhost:65498 : 1
15:56:14.204 [Forwarding findElement on session 7a5a1403e9664b588efb6e14a88f473b to remote] DEBUG org.asynchttpclient.netty.request.NettyRequestSender - Using pooled Channel '[id: 0x5bd5e2a6, L:/127.0.0.1:56660 - R:localhost/127.0.0.1:65498]' for 'POST' to 'http://localhost:65498/session/7a5a1403e9664b588efb6e14a88f473b/element'
15:56:14.204 [Forwarding findElement on session 7a5a1403e9664b588efb6e14a88f473b to remote] DEBUG org.asynchttpclient.netty.request.NettyRequestSender - Using open Channel [id: 0x5bd5e2a6, L:/127.0.0.1:56660 - R:localhost/127.0.0.1:65498] for POST '/session/7a5a1403e9664b588efb6e14a88f473b/element'
15:56:14.261 [AsyncHttpClient-1-2] DEBUG org.asynchttpclient.netty.handler.HttpHandler - 

Request DefaultHttpRequest(decodeResult: success, version: HTTP/1.1)
POST /session/7a5a1403e9664b588efb6e14a88f473b/element HTTP/1.1
User-Agent: selenium/4.1.2 (java windows)
Content-Length: 89
Content-Type: application/json; charset=utf-8
host: localhost:65498
accept: */*

Response DefaultHttpResponse(decodeResult: success, version: HTTP/1.1)
HTTP/1.1 200 OK
Content-Type: application/json; charset=utf-8
cache-control: no-cache
content-length: 88

15:56:14.261 [AsyncHttpClient-1-2] DEBUG org.asynchttpclient.netty.channel.ChannelManager - Adding key: http://localhost:65498 for channel [id: 0x5bd5e2a6, L:/127.0.0.1:56660 - R:localhost/127.0.0.1:65498]
15:56:14.269 [Forwarding clearElement on session 7a5a1403e9664b588efb6e14a88f473b to remote] DEBUG org.asynchttpclient.netty.request.NettyRequestSender - Using pooled Channel '[id: 0x5bd5e2a6, L:/127.0.0.1:56660 - R:localhost/127.0.0.1:65498]' for 'POST' to 'http://localhost:65498/session/7a5a1403e9664b588efb6e14a88f473b/element/60f27d09-d83a-4aee-9b9d-79c43d574bb5/clear'
15:56:14.269 [Forwarding clearElement on session 7a5a1403e9664b588efb6e14a88f473b to remote] DEBUG org.asynchttpclient.netty.request.NettyRequestSender - Using open Channel [id: 0x5bd5e2a6, L:/127.0.0.1:56660 - R:localhost/127.0.0.1:65498] for POST '/session/7a5a1403e9664b588efb6e14a88f473b/element/60f27d09-d83a-4aee-9b9d-79c43d574bb5/clear'
15:56:14.408 [AsyncHttpClient-1-2] DEBUG org.asynchttpclient.netty.handler.HttpHandler - 

Request DefaultHttpRequest(decodeResult: success, version: HTTP/1.1)
POST /session/7a5a1403e9664b588efb6e14a88f473b/element/60f27d09-d83a-4aee-9b9d-79c43d574bb5/clear HTTP/1.1
User-Agent: selenium/4.1.2 (java windows)
Content-Length: 50
Content-Type: application/json; charset=utf-8
host: localhost:65498
accept: */*

Response DefaultHttpResponse(decodeResult: success, version: HTTP/1.1)
HTTP/1.1 200 OK
Content-Type: application/json; charset=utf-8
cache-control: no-cache
content-length: 14

15:56:14.408 [AsyncHttpClient-1-2] DEBUG org.asynchttpclient.netty.channel.ChannelManager - Adding key: http://localhost:65498 for channel [id: 0x5bd5e2a6, L:/127.0.0.1:56660 - R:localhost/127.0.0.1:65498]
15:56:14.411 [Forwarding sendKeysToElement on session 7a5a1403e9664b588efb6e14a88f473b to remote] DEBUG org.asynchttpclient.netty.request.NettyRequestSender - Using pooled Channel '[id: 0x5bd5e2a6, L:/127.0.0.1:56660 - R:localhost/127.0.0.1:65498]' for 'POST' to 'http://localhost:65498/session/7a5a1403e9664b588efb6e14a88f473b/element/60f27d09-d83a-4aee-9b9d-79c43d574bb5/value'
15:56:14.411 [Forwarding sendKeysToElement on session 7a5a1403e9664b588efb6e14a88f473b to remote] DEBUG org.asynchttpclient.netty.request.NettyRequestSender - Using open Channel [id: 0x5bd5e2a6, L:/127.0.0.1:56660 - R:localhost/127.0.0.1:65498] for POST '/session/7a5a1403e9664b588efb6e14a88f473b/element/60f27d09-d83a-4aee-9b9d-79c43d574bb5/value'
15:56:14.566 [AsyncHttpClient-1-2] DEBUG org.asynchttpclient.netty.handler.HttpHandler - 

Request DefaultHttpRequest(decodeResult: success, version: HTTP/1.1)
POST /session/7a5a1403e9664b588efb6e14a88f473b/element/60f27d09-d83a-4aee-9b9d-79c43d574bb5/value HTTP/1.1
User-Agent: selenium/4.1.2 (java windows)
Content-Length: 82
Content-Type: application/json; charset=utf-8
host: localhost:65498
accept: */*

Response DefaultHttpResponse(decodeResult: success, version: HTTP/1.1)
HTTP/1.1 200 OK
Content-Type: application/json; charset=utf-8
cache-control: no-cache
content-length: 14

15:56:14.567 [AsyncHttpClient-1-2] DEBUG org.asynchttpclient.netty.channel.ChannelManager - Adding key: http://localhost:65498 for channel [id: 0x5bd5e2a6, L:/127.0.0.1:56660 - R:localhost/127.0.0.1:65498]
15:56:14.581 [Forwarding screenshot on session 7a5a1403e9664b588efb6e14a88f473b to remote] DEBUG org.asynchttpclient.netty.request.NettyRequestSender - Using pooled Channel '[id: 0x5bd5e2a6, L:/127.0.0.1:56660 - R:localhost/127.0.0.1:65498]' for 'GET' to 'http://localhost:65498/session/7a5a1403e9664b588efb6e14a88f473b/screenshot'
15:56:14.581 [Forwarding screenshot on session 7a5a1403e9664b588efb6e14a88f473b to remote] DEBUG org.asynchttpclient.netty.request.NettyRequestSender - Using open Channel [id: 0x5bd5e2a6, L:/127.0.0.1:56660 - R:localhost/127.0.0.1:65498] for GET '/session/7a5a1403e9664b588efb6e14a88f473b/screenshot'
15:56:14.852 [AsyncHttpClient-1-2] DEBUG org.asynchttpclient.netty.handler.HttpHandler - 

Request DefaultFullHttpRequest(decodeResult: success, version: HTTP/1.1, content: EmptyByteBufBE)
GET /session/7a5a1403e9664b588efb6e14a88f473b/screenshot HTTP/1.1
User-Agent: selenium/4.1.2 (java windows)
Cache-Control: no-cache
Content-Type: application/json; charset=utf-8
host: localhost:65498
accept: */*

Response DefaultHttpResponse(decodeResult: success, version: HTTP/1.1)
HTTP/1.1 200 OK
Content-Type: application/json; charset=utf-8
cache-control: no-cache
content-length: 30312

15:56:14.853 [AsyncHttpClient-1-2] DEBUG org.asynchttpclient.netty.channel.ChannelManager - Adding key: http://localhost:65498 for channel [id: 0x5bd5e2a6, L:/127.0.0.1:56660 - R:localhost/127.0.0.1:65498]
15:56:14.855 [main] DEBUG net.serenitybdd.core.photography.Darkroom - Send negative for processing for target\site\serenity\344e4ecaf91ac6a22f052d210fae379586fd2cce6b4f803c3b0f57a3206367fc.png
15:56:14.856 [main] DEBUG net.thucydides.core.steps.StepInterceptor - STEP DONE: inputPassForRegist
  &amp#27;[32mAnd &amp#27;[0m&amp#27;[32mI input pass &amp#27;[0m&amp#27;[32m&amp#27;[1m""&amp#27;[0m           &amp#27;[90m# starter.stepdefinitions.RegisterSteps.inputPass(java.lang.String)&amp#27;[0m
15:56:14.866 [Darkroom Processing Line] DEBUG net.serenitybdd.core.photography.DarkroomProcessingLine - Processing screenshot image in /var/screenshots/screenshot-8712162812870128602
15:56:14.866 [Darkroom Processing Line] DEBUG net.serenitybdd.core.photography.DarkroomProcessingLine - Saving screenshot to target\site\serenity\344e4ecaf91ac6a22f052d210fae379586fd2cce6b4f803c3b0f57a3206367fc.png
15:56:14.892 [main] DEBUG net.thucydides.core.steps.StepInterceptor - STARTING STEP: RegisterSteps.clickRegisterButton - clickRegisButton
15:56:14.918 [Forwarding findElement on session 7a5a1403e9664b588efb6e14a88f473b to remote] DEBUG org.asynchttpclient.netty.request.NettyRequestSender - Using pooled Channel '[id: 0x5bd5e2a6, L:/127.0.0.1:56660 - R:localhost/127.0.0.1:65498]' for 'POST' to 'http://localhost:65498/session/7a5a1403e9664b588efb6e14a88f473b/element'
15:56:14.918 [Forwarding findElement on session 7a5a1403e9664b588efb6e14a88f473b to remote] DEBUG org.asynchttpclient.netty.request.NettyRequestSender - Using open Channel [id: 0x5bd5e2a6, L:/127.0.0.1:56660 - R:localhost/127.0.0.1:65498] for POST '/session/7a5a1403e9664b588efb6e14a88f473b/element'
15:56:14.952 [AsyncHttpClient-1-2] DEBUG org.asynchttpclient.netty.handler.HttpHandler - 

Request DefaultHttpRequest(decodeResult: success, version: HTTP/1.1)
POST /session/7a5a1403e9664b588efb6e14a88f473b/element HTTP/1.1
User-Agent: selenium/4.1.2 (java windows)
Content-Length: 138
Content-Type: application/json; charset=utf-8
host: localhost:65498
accept: */*

Response DefaultHttpResponse(decodeResult: success, version: HTTP/1.1)
HTTP/1.1 200 OK
Content-Type: application/json; charset=utf-8
cache-control: no-cache
content-length: 88

15:56:14.953 [AsyncHttpClient-1-2] DEBUG org.asynchttpclient.netty.channel.ChannelManager - Adding key: http://localhost:65498 for channel [id: 0x5bd5e2a6, L:/127.0.0.1:56660 - R:localhost/127.0.0.1:65498]
15:56:14.955 [Forwarding getElementTagName on session 7a5a1403e9664b588efb6e14a88f473b to remote] DEBUG org.asynchttpclient.netty.request.NettyRequestSender - Using pooled Channel '[id: 0x5bd5e2a6, L:/127.0.0.1:56660 - R:localhost/127.0.0.1:65498]' for 'GET' to 'http://localhost:65498/session/7a5a1403e9664b588efb6e14a88f473b/element/6ccd9e5e-182c-4d1b-95a7-083c65bbf111/name'
15:56:14.955 [Forwarding getElementTagName on session 7a5a1403e9664b588efb6e14a88f473b to remote] DEBUG org.asynchttpclient.netty.request.NettyRequestSender - Using open Channel [id: 0x5bd5e2a6, L:/127.0.0.1:56660 - R:localhost/127.0.0.1:65498] for GET '/session/7a5a1403e9664b588efb6e14a88f473b/element/6ccd9e5e-182c-4d1b-95a7-083c65bbf111/name'
15:56:14.972 [AsyncHttpClient-1-2] DEBUG org.asynchttpclient.netty.handler.HttpHandler - 

Request DefaultFullHttpRequest(decodeResult: success, version: HTTP/1.1, content: EmptyByteBufBE)
GET /session/7a5a1403e9664b588efb6e14a88f473b/element/6ccd9e5e-182c-4d1b-95a7-083c65bbf111/name HTTP/1.1
User-Agent: selenium/4.1.2 (java windows)
Cache-Control: no-cache
Content-Type: application/json; charset=utf-8
host: localhost:65498
accept: */*

Response DefaultHttpResponse(decodeResult: success, version: HTTP/1.1)
HTTP/1.1 200 OK
Content-Type: application/json; charset=utf-8
cache-control: no-cache
content-length: 18

15:56:14.972 [AsyncHttpClient-1-2] DEBUG org.asynchttpclient.netty.channel.ChannelManager - Adding key: http://localhost:65498 for channel [id: 0x5bd5e2a6, L:/127.0.0.1:56660 - R:localhost/127.0.0.1:65498]
15:56:14.974 [Forwarding getElementTagName on session 7a5a1403e9664b588efb6e14a88f473b to remote] DEBUG org.asynchttpclient.netty.request.NettyRequestSender - Using pooled Channel '[id: 0x5bd5e2a6, L:/127.0.0.1:56660 - R:localhost/127.0.0.1:65498]' for 'GET' to 'http://localhost:65498/session/7a5a1403e9664b588efb6e14a88f473b/element/6ccd9e5e-182c-4d1b-95a7-083c65bbf111/name'
15:56:14.974 [Forwarding getElementTagName on session 7a5a1403e9664b588efb6e14a88f473b to remote] DEBUG org.asynchttpclient.netty.request.NettyRequestSender - Using open Channel [id: 0x5bd5e2a6, L:/127.0.0.1:56660 - R:localhost/127.0.0.1:65498] for GET '/session/7a5a1403e9664b588efb6e14a88f473b/element/6ccd9e5e-182c-4d1b-95a7-083c65bbf111/name'
15:56:14.986 [AsyncHttpClient-1-2] DEBUG org.asynchttpclient.netty.handler.HttpHandler - 

Request DefaultFullHttpRequest(decodeResult: success, version: HTTP/1.1, content: EmptyByteBufBE)
GET /session/7a5a1403e9664b588efb6e14a88f473b/element/6ccd9e5e-182c-4d1b-95a7-083c65bbf111/name HTTP/1.1
User-Agent: selenium/4.1.2 (java windows)
Cache-Control: no-cache
Content-Type: application/json; charset=utf-8
host: localhost:65498
accept: */*

Response DefaultHttpResponse(decodeResult: success, version: HTTP/1.1)
HTTP/1.1 200 OK
Content-Type: application/json; charset=utf-8
cache-control: no-cache
content-length: 18

15:56:14.986 [AsyncHttpClient-1-2] DEBUG org.asynchttpclient.netty.channel.ChannelManager - Adding key: http://localhost:65498 for channel [id: 0x5bd5e2a6, L:/127.0.0.1:56660 - R:localhost/127.0.0.1:65498]
15:56:14.989 [Forwarding isElementEnabled on session 7a5a1403e9664b588efb6e14a88f473b to remote] DEBUG org.asynchttpclient.netty.request.NettyRequestSender - Using pooled Channel '[id: 0x5bd5e2a6, L:/127.0.0.1:56660 - R:localhost/127.0.0.1:65498]' for 'GET' to 'http://localhost:65498/session/7a5a1403e9664b588efb6e14a88f473b/element/6ccd9e5e-182c-4d1b-95a7-083c65bbf111/enabled'
15:56:14.989 [Forwarding isElementEnabled on session 7a5a1403e9664b588efb6e14a88f473b to remote] DEBUG org.asynchttpclient.netty.request.NettyRequestSender - Using open Channel [id: 0x5bd5e2a6, L:/127.0.0.1:56660 - R:localhost/127.0.0.1:65498] for GET '/session/7a5a1403e9664b588efb6e14a88f473b/element/6ccd9e5e-182c-4d1b-95a7-083c65bbf111/enabled'
15:56:15.008 [AsyncHttpClient-1-2] DEBUG org.asynchttpclient.netty.handler.HttpHandler - 

Request DefaultFullHttpRequest(decodeResult: success, version: HTTP/1.1, content: EmptyByteBufBE)
GET /session/7a5a1403e9664b588efb6e14a88f473b/element/6ccd9e5e-182c-4d1b-95a7-083c65bbf111/enabled HTTP/1.1
User-Agent: selenium/4.1.2 (java windows)
Cache-Control: no-cache
Content-Type: application/json; charset=utf-8
host: localhost:65498
accept: */*

Response DefaultHttpResponse(decodeResult: success, version: HTTP/1.1)
HTTP/1.1 200 OK
Content-Type: application/json; charset=utf-8
cache-control: no-cache
content-length: 14

15:56:15.008 [AsyncHttpClient-1-2] DEBUG org.asynchttpclient.netty.channel.ChannelManager - Adding key: http://localhost:65498 for channel [id: 0x5bd5e2a6, L:/127.0.0.1:56660 - R:localhost/127.0.0.1:65498]
15:56:15.010 [Forwarding isElementEnabled on session 7a5a1403e9664b588efb6e14a88f473b to remote] DEBUG org.asynchttpclient.netty.request.NettyRequestSender - Using pooled Channel '[id: 0x5bd5e2a6, L:/127.0.0.1:56660 - R:localhost/127.0.0.1:65498]' for 'GET' to 'http://localhost:65498/session/7a5a1403e9664b588efb6e14a88f473b/element/6ccd9e5e-182c-4d1b-95a7-083c65bbf111/enabled'
15:56:15.010 [Forwarding isElementEnabled on session 7a5a1403e9664b588efb6e14a88f473b to remote] DEBUG org.asynchttpclient.netty.request.NettyRequestSender - Using open Channel [id: 0x5bd5e2a6, L:/127.0.0.1:56660 - R:localhost/127.0.0.1:65498] for GET '/session/7a5a1403e9664b588efb6e14a88f473b/element/6ccd9e5e-182c-4d1b-95a7-083c65bbf111/enabled'
15:56:15.025 [AsyncHttpClient-1-2] DEBUG org.asynchttpclient.netty.handler.HttpHandler - 

Request DefaultFullHttpRequest(decodeResult: success, version: HTTP/1.1, content: EmptyByteBufBE)
GET /session/7a5a1403e9664b588efb6e14a88f473b/element/6ccd9e5e-182c-4d1b-95a7-083c65bbf111/enabled HTTP/1.1
User-Agent: selenium/4.1.2 (java windows)
Cache-Control: no-cache
Content-Type: application/json; charset=utf-8
host: localhost:65498
accept: */*

Response DefaultHttpResponse(decodeResult: success, version: HTTP/1.1)
HTTP/1.1 200 OK
Content-Type: application/json; charset=utf-8
cache-control: no-cache
content-length: 14

15:56:15.026 [AsyncHttpClient-1-2] DEBUG org.asynchttpclient.netty.channel.ChannelManager - Adding key: http://localhost:65498 for channel [id: 0x5bd5e2a6, L:/127.0.0.1:56660 - R:localhost/127.0.0.1:65498]
15:56:15.030 [Forwarding findElement on session 7a5a1403e9664b588efb6e14a88f473b to remote] DEBUG org.asynchttpclient.netty.request.NettyRequestSender - Using pooled Channel '[id: 0x5bd5e2a6, L:/127.0.0.1:56660 - R:localhost/127.0.0.1:65498]' for 'POST' to 'http://localhost:65498/session/7a5a1403e9664b588efb6e14a88f473b/element'
15:56:15.030 [Forwarding findElement on session 7a5a1403e9664b588efb6e14a88f473b to remote] DEBUG org.asynchttpclient.netty.request.NettyRequestSender - Using open Channel [id: 0x5bd5e2a6, L:/127.0.0.1:56660 - R:localhost/127.0.0.1:65498] for POST '/session/7a5a1403e9664b588efb6e14a88f473b/element'
15:56:15.052 [AsyncHttpClient-1-2] DEBUG org.asynchttpclient.netty.handler.HttpHandler - 

Request DefaultHttpRequest(decodeResult: success, version: HTTP/1.1)
POST /session/7a5a1403e9664b588efb6e14a88f473b/element HTTP/1.1
User-Agent: selenium/4.1.2 (java windows)
Content-Length: 138
Content-Type: application/json; charset=utf-8
host: localhost:65498
accept: */*

Response DefaultHttpResponse(decodeResult: success, version: HTTP/1.1)
HTTP/1.1 200 OK
Content-Type: application/json; charset=utf-8
cache-control: no-cache
content-length: 88

15:56:15.052 [AsyncHttpClient-1-2] DEBUG org.asynchttpclient.netty.channel.ChannelManager - Adding key: http://localhost:65498 for channel [id: 0x5bd5e2a6, L:/127.0.0.1:56660 - R:localhost/127.0.0.1:65498]
15:56:15.054 [Forwarding clickElement on session 7a5a1403e9664b588efb6e14a88f473b to remote] DEBUG org.asynchttpclient.netty.request.NettyRequestSender - Using pooled Channel '[id: 0x5bd5e2a6, L:/127.0.0.1:56660 - R:localhost/127.0.0.1:65498]' for 'POST' to 'http://localhost:65498/session/7a5a1403e9664b588efb6e14a88f473b/element/6ccd9e5e-182c-4d1b-95a7-083c65bbf111/click'
15:56:15.054 [Forwarding clickElement on session 7a5a1403e9664b588efb6e14a88f473b to remote] DEBUG org.asynchttpclient.netty.request.NettyRequestSender - Using open Channel [id: 0x5bd5e2a6, L:/127.0.0.1:56660 - R:localhost/127.0.0.1:65498] for POST '/session/7a5a1403e9664b588efb6e14a88f473b/element/6ccd9e5e-182c-4d1b-95a7-083c65bbf111/click'
15:56:15.235 [AsyncHttpClient-1-2] DEBUG org.asynchttpclient.netty.handler.HttpHandler - 

Request DefaultHttpRequest(decodeResult: success, version: HTTP/1.1)
POST /session/7a5a1403e9664b588efb6e14a88f473b/element/6ccd9e5e-182c-4d1b-95a7-083c65bbf111/click HTTP/1.1
User-Agent: selenium/4.1.2 (java windows)
Content-Length: 50
Content-Type: application/json; charset=utf-8
host: localhost:65498
accept: */*

Response DefaultHttpResponse(decodeResult: success, version: HTTP/1.1)
HTTP/1.1 200 OK
Content-Type: application/json; charset=utf-8
cache-control: no-cache
content-length: 14

15:56:15.237 [AsyncHttpClient-1-2] DEBUG org.asynchttpclient.netty.channel.ChannelManager - Adding key: http://localhost:65498 for channel [id: 0x5bd5e2a6, L:/127.0.0.1:56660 - R:localhost/127.0.0.1:65498]
15:56:15.258 [Forwarding screenshot on session 7a5a1403e9664b588efb6e14a88f473b to remote] DEBUG org.asynchttpclient.netty.request.NettyRequestSender - Using pooled Channel '[id: 0x5bd5e2a6, L:/127.0.0.1:56660 - R:localhost/127.0.0.1:65498]' for 'GET' to 'http://localhost:65498/session/7a5a1403e9664b588efb6e14a88f473b/screenshot'
15:56:15.258 [Forwarding screenshot on session 7a5a1403e9664b588efb6e14a88f473b to remote] DEBUG org.asynchttpclient.netty.request.NettyRequestSender - Using open Channel [id: 0x5bd5e2a6, L:/127.0.0.1:56660 - R:localhost/127.0.0.1:65498] for GET '/session/7a5a1403e9664b588efb6e14a88f473b/screenshot'
15:56:15.273 [AsyncHttpClient-1-1] DEBUG org.asynchttpclient.netty.channel.DefaultChannelPool - Entry count for : http://localhost:56661 : 1
15:56:15.757 [AsyncHttpClient-1-2] DEBUG org.asynchttpclient.netty.handler.HttpHandler - 

Request DefaultFullHttpRequest(decodeResult: success, version: HTTP/1.1, content: EmptyByteBufBE)
GET /session/7a5a1403e9664b588efb6e14a88f473b/screenshot HTTP/1.1
User-Agent: selenium/4.1.2 (java windows)
Cache-Control: no-cache
Content-Type: application/json; charset=utf-8
host: localhost:65498
accept: */*

Response DefaultHttpResponse(decodeResult: success, version: HTTP/1.1)
HTTP/1.1 200 OK
Content-Type: application/json; charset=utf-8
cache-control: no-cache
content-length: 29812

15:56:15.758 [AsyncHttpClient-1-2] DEBUG org.asynchttpclient.netty.channel.ChannelManager - Adding key: http://localhost:65498 for channel [id: 0x5bd5e2a6, L:/127.0.0.1:56660 - R:localhost/127.0.0.1:65498]
15:56:15.760 [main] DEBUG net.serenitybdd.core.photography.Darkroom - Send negative for processing for target\site\serenity\7c0f73f9a0da6d98cbdec43e4c3be21ddbc88fe05918603d47ae3699c22bf452.png
15:56:15.760 [main] DEBUG net.thucydides.core.steps.StepInterceptor - STEP DONE: clickRegisButton
  &amp#27;[32mAnd &amp#27;[0m&amp#27;[32mclick register button&amp#27;[0m     &amp#27;[90m# starter.stepdefinitions.RegisterSteps.clickRegisterButton()&amp#27;[0m
15:56:15.763 [Darkroom Processing Line] DEBUG net.serenitybdd.core.photography.DarkroomProcessingLine - Processing screenshot image in /var/screenshots/screenshot-5178038727704310779
15:56:15.763 [Darkroom Processing Line] DEBUG net.serenitybdd.core.photography.DarkroomProcessingLine - Saving screenshot to target\site\serenity\7c0f73f9a0da6d98cbdec43e4c3be21ddbc88fe05918603d47ae3699c22bf452.png
15:56:15.791 [main] DEBUG net.thucydides.core.steps.StepInterceptor - STARTING STEP: RegisterSteps.iGetResult - alertSymbolAppears
15:56:15.801 [Forwarding findElement on session 7a5a1403e9664b588efb6e14a88f473b to remote] DEBUG org.asynchttpclient.netty.request.NettyRequestSender - Using pooled Channel '[id: 0x5bd5e2a6, L:/127.0.0.1:56660 - R:localhost/127.0.0.1:65498]' for 'POST' to 'http://localhost:65498/session/7a5a1403e9664b588efb6e14a88f473b/element'
15:56:15.801 [Forwarding findElement on session 7a5a1403e9664b588efb6e14a88f473b to remote] DEBUG org.asynchttpclient.netty.request.NettyRequestSender - Using open Channel [id: 0x5bd5e2a6, L:/127.0.0.1:56660 - R:localhost/127.0.0.1:65498] for POST '/session/7a5a1403e9664b588efb6e14a88f473b/element'
15:56:15.841 [AsyncHttpClient-1-2] DEBUG org.asynchttpclient.netty.handler.HttpHandler - 

Request DefaultHttpRequest(decodeResult: success, version: HTTP/1.1)
POST /session/7a5a1403e9664b588efb6e14a88f473b/element HTTP/1.1
User-Agent: selenium/4.1.2 (java windows)
Content-Length: 53
Content-Type: application/json; charset=utf-8
host: localhost:65498
accept: */*

Response DefaultHttpResponse(decodeResult: success, version: HTTP/1.1)
HTTP/1.1 400 Bad Request
Content-Type: application/json; charset=utf-8
cache-control: no-cache
content-length: 957

15:56:15.841 [AsyncHttpClient-1-2] DEBUG org.asynchttpclient.netty.channel.ChannelManager - Adding key: http://localhost:65498 for channel [id: 0x5bd5e2a6, L:/127.0.0.1:56660 - R:localhost/127.0.0.1:65498]
15:56:15.844 [Forwarding findElement on session 7a5a1403e9664b588efb6e14a88f473b to remote] DEBUG org.asynchttpclient.netty.request.NettyRequestSender - Using pooled Channel '[id: 0x5bd5e2a6, L:/127.0.0.1:56660 - R:localhost/127.0.0.1:65498]' for 'POST' to 'http://localhost:65498/session/7a5a1403e9664b588efb6e14a88f473b/element'
15:56:15.844 [Forwarding findElement on session 7a5a1403e9664b588efb6e14a88f473b to remote] DEBUG org.asynchttpclient.netty.request.NettyRequestSender - Using open Channel [id: 0x5bd5e2a6, L:/127.0.0.1:56660 - R:localhost/127.0.0.1:65498] for POST '/session/7a5a1403e9664b588efb6e14a88f473b/element'
15:56:15.873 [AsyncHttpClient-1-2] DEBUG org.asynchttpclient.netty.handler.HttpHandler - 

Request DefaultHttpRequest(decodeResult: success, version: HTTP/1.1)
POST /session/7a5a1403e9664b588efb6e14a88f473b/element HTTP/1.1
User-Agent: selenium/4.1.2 (java windows)
Content-Length: 63
Content-Type: application/json; charset=utf-8
host: localhost:65498
accept: */*

Response DefaultHttpResponse(decodeResult: success, version: HTTP/1.1)
HTTP/1.1 200 OK
Content-Type: application/json; charset=utf-8
cache-control: no-cache
content-length: 88

15:56:15.873 [AsyncHttpClient-1-2] DEBUG org.asynchttpclient.netty.channel.ChannelManager - Adding key: http://localhost:65498 for channel [id: 0x5bd5e2a6, L:/127.0.0.1:56660 - R:localhost/127.0.0.1:65498]
15:56:15.882 [Forwarding isElementDisplayed on session 7a5a1403e9664b588efb6e14a88f473b to remote] DEBUG org.asynchttpclient.netty.request.NettyRequestSender - Using pooled Channel '[id: 0x5bd5e2a6, L:/127.0.0.1:56660 - R:localhost/127.0.0.1:65498]' for 'POST' to 'http://localhost:65498/session/7a5a1403e9664b588efb6e14a88f473b/execute/sync'
15:56:15.882 [Forwarding isElementDisplayed on session 7a5a1403e9664b588efb6e14a88f473b to remote] DEBUG org.asynchttpclient.netty.request.NettyRequestSender - Using open Channel [id: 0x5bd5e2a6, L:/127.0.0.1:56660 - R:localhost/127.0.0.1:65498] for POST '/session/7a5a1403e9664b588efb6e14a88f473b/execute/sync'
15:56:15.914 [AsyncHttpClient-1-2] DEBUG org.asynchttpclient.netty.handler.HttpHandler - 

Request DefaultHttpRequest(decodeResult: success, version: HTTP/1.1)
POST /session/7a5a1403e9664b588efb6e14a88f473b/execute/sync HTTP/1.1
User-Agent: selenium/4.1.2 (java windows)
Content-Length: 48780
Content-Type: application/json; charset=utf-8
host: localhost:65498
accept: */*

Response DefaultHttpResponse(decodeResult: success, version: HTTP/1.1)
HTTP/1.1 200 OK
Content-Type: application/json; charset=utf-8
cache-control: no-cache
content-length: 14

15:56:15.915 [AsyncHttpClient-1-2] DEBUG org.asynchttpclient.netty.channel.ChannelManager - Adding key: http://localhost:65498 for channel [id: 0x5bd5e2a6, L:/127.0.0.1:56660 - R:localhost/127.0.0.1:65498]
15:56:15.923 [Forwarding screenshot on session 7a5a1403e9664b588efb6e14a88f473b to remote] DEBUG org.asynchttpclient.netty.request.NettyRequestSender - Using pooled Channel '[id: 0x5bd5e2a6, L:/127.0.0.1:56660 - R:localhost/127.0.0.1:65498]' for 'GET' to 'http://localhost:65498/session/7a5a1403e9664b588efb6e14a88f473b/screenshot'
15:56:15.923 [Forwarding screenshot on session 7a5a1403e9664b588efb6e14a88f473b to remote] DEBUG org.asynchttpclient.netty.request.NettyRequestSender - Using open Channel [id: 0x5bd5e2a6, L:/127.0.0.1:56660 - R:localhost/127.0.0.1:65498] for GET '/session/7a5a1403e9664b588efb6e14a88f473b/screenshot'
15:56:16.099 [AsyncHttpClient-1-2] DEBUG org.asynchttpclient.netty.handler.HttpHandler - 

Request DefaultFullHttpRequest(decodeResult: success, version: HTTP/1.1, content: EmptyByteBufBE)
GET /session/7a5a1403e9664b588efb6e14a88f473b/screenshot HTTP/1.1
User-Agent: selenium/4.1.2 (java windows)
Cache-Control: no-cache
Content-Type: application/json; charset=utf-8
host: localhost:65498
accept: */*

Response DefaultHttpResponse(decodeResult: success, version: HTTP/1.1)
HTTP/1.1 200 OK
Content-Type: application/json; charset=utf-8
cache-control: no-cache
content-length: 31624

15:56:16.100 [AsyncHttpClient-1-2] DEBUG org.asynchttpclient.netty.channel.ChannelManager - Adding key: http://localhost:65498 for channel [id: 0x5bd5e2a6, L:/127.0.0.1:56660 - R:localhost/127.0.0.1:65498]
15:56:16.102 [main] DEBUG net.serenitybdd.core.photography.Darkroom - Send negative for processing for target\site\serenity\1dd2db1d2100f2dac0259fe31ff7a28b2c36003660d8492f8cbac40fc1409e6f.png
15:56:16.103 [main] DEBUG net.thucydides.core.steps.StepInterceptor - STEP DONE: alertSymbolAppears
15:56:16.103 [Darkroom Processing Line] DEBUG net.serenitybdd.core.photography.DarkroomProcessingLine - Processing screenshot image in /var/screenshots/screenshot-17324193893166813925
15:56:16.103 [Darkroom Processing Line] DEBUG net.serenitybdd.core.photography.DarkroomProcessingLine - Saving screenshot to target\site\serenity\1dd2db1d2100f2dac0259fe31ff7a28b2c36003660d8492f8cbac40fc1409e6f.png
15:56:16.110 [Forwarding findElement on session 7a5a1403e9664b588efb6e14a88f473b to remote] DEBUG org.asynchttpclient.netty.request.NettyRequestSender - Using pooled Channel '[id: 0x5bd5e2a6, L:/127.0.0.1:56660 - R:localhost/127.0.0.1:65498]' for 'POST' to 'http://localhost:65498/session/7a5a1403e9664b588efb6e14a88f473b/element'
15:56:16.110 [Forwarding findElement on session 7a5a1403e9664b588efb6e14a88f473b to remote] DEBUG org.asynchttpclient.netty.request.NettyRequestSender - Using open Channel [id: 0x5bd5e2a6, L:/127.0.0.1:56660 - R:localhost/127.0.0.1:65498] for POST '/session/7a5a1403e9664b588efb6e14a88f473b/element'
15:56:16.121 [AsyncHttpClient-1-2] DEBUG org.asynchttpclient.netty.handler.HttpHandler - 

Request DefaultHttpRequest(decodeResult: success, version: HTTP/1.1)
POST /session/7a5a1403e9664b588efb6e14a88f473b/element HTTP/1.1
User-Agent: selenium/4.1.2 (java windows)
Content-Length: 63
Content-Type: application/json; charset=utf-8
host: localhost:65498
accept: */*

Response DefaultHttpResponse(decodeResult: success, version: HTTP/1.1)
HTTP/1.1 200 OK
Content-Type: application/json; charset=utf-8
cache-control: no-cache
content-length: 88

15:56:16.121 [AsyncHttpClient-1-2] DEBUG org.asynchttpclient.netty.channel.ChannelManager - Adding key: http://localhost:65498 for channel [id: 0x5bd5e2a6, L:/127.0.0.1:56660 - R:localhost/127.0.0.1:65498]
15:56:16.122 [Forwarding getElementText on session 7a5a1403e9664b588efb6e14a88f473b to remote] DEBUG org.asynchttpclient.netty.request.NettyRequestSender - Using pooled Channel '[id: 0x5bd5e2a6, L:/127.0.0.1:56660 - R:localhost/127.0.0.1:65498]' for 'GET' to 'http://localhost:65498/session/7a5a1403e9664b588efb6e14a88f473b/element/9be3b6d8-45df-4763-87f0-119a7e708917/text'
15:56:16.123 [Forwarding getElementText on session 7a5a1403e9664b588efb6e14a88f473b to remote] DEBUG org.asynchttpclient.netty.request.NettyRequestSender - Using open Channel [id: 0x5bd5e2a6, L:/127.0.0.1:56660 - R:localhost/127.0.0.1:65498] for GET '/session/7a5a1403e9664b588efb6e14a88f473b/element/9be3b6d8-45df-4763-87f0-119a7e708917/text'
15:56:16.149 [AsyncHttpClient-1-2] DEBUG org.asynchttpclient.netty.handler.HttpHandler - 

Request DefaultFullHttpRequest(decodeResult: success, version: HTTP/1.1, content: EmptyByteBufBE)
GET /session/7a5a1403e9664b588efb6e14a88f473b/element/9be3b6d8-45df-4763-87f0-119a7e708917/text HTTP/1.1
User-Agent: selenium/4.1.2 (java windows)
Cache-Control: no-cache
Content-Type: application/json; charset=utf-8
host: localhost:65498
accept: */*

Response DefaultHttpResponse(decodeResult: success, version: HTTP/1.1)
HTTP/1.1 200 OK
Content-Type: application/json; charset=utf-8
cache-control: no-cache
content-length: 12

15:56:16.149 [AsyncHttpClient-1-2] DEBUG org.asynchttpclient.netty.channel.ChannelManager - Adding key: http://localhost:65498 for channel [id: 0x5bd5e2a6, L:/127.0.0.1:56660 - R:localhost/127.0.0.1:65498]
  &amp#27;[32mThen &amp#27;[0m&amp#27;[32mI get the &amp#27;[0m&amp#27;[32m&amp#27;[1m"alert symbol"&amp#27;[0m &amp#27;[90m# starter.stepdefinitions.RegisterSteps.iGetResult(java.lang.String)&amp#27;[0m
15:56:16.157 [Forwarding screenshot on session 7a5a1403e9664b588efb6e14a88f473b to remote] DEBUG org.asynchttpclient.netty.request.NettyRequestSender - Using pooled Channel '[id: 0x5bd5e2a6, L:/127.0.0.1:56660 - R:localhost/127.0.0.1:65498]' for 'GET' to 'http://localhost:65498/session/7a5a1403e9664b588efb6e14a88f473b/screenshot'
15:56:16.157 [Forwarding screenshot on session 7a5a1403e9664b588efb6e14a88f473b to remote] DEBUG org.asynchttpclient.netty.request.NettyRequestSender - Using open Channel [id: 0x5bd5e2a6, L:/127.0.0.1:56660 - R:localhost/127.0.0.1:65498] for GET '/session/7a5a1403e9664b588efb6e14a88f473b/screenshot'
15:56:16.316 [AsyncHttpClient-1-2] DEBUG org.asynchttpclient.netty.handler.HttpHandler - 

Request DefaultFullHttpRequest(decodeResult: success, version: HTTP/1.1, content: EmptyByteBufBE)
GET /session/7a5a1403e9664b588efb6e14a88f473b/screenshot HTTP/1.1
User-Agent: selenium/4.1.2 (java windows)
Cache-Control: no-cache
Content-Type: application/json; charset=utf-8
host: localhost:65498
accept: */*

Response DefaultHttpResponse(decodeResult: success, version: HTTP/1.1)
HTTP/1.1 200 OK
Content-Type: application/json; charset=utf-8
cache-control: no-cache
content-length: 31624

15:56:16.316 [AsyncHttpClient-1-2] DEBUG org.asynchttpclient.netty.channel.ChannelManager - Adding key: http://localhost:65498 for channel [id: 0x5bd5e2a6, L:/127.0.0.1:56660 - R:localhost/127.0.0.1:65498]
15:56:16.318 [main] DEBUG net.serenitybdd.core.photography.Darkroom - Send negative for processing for target\site\serenity\1dd2db1d2100f2dac0259fe31ff7a28b2c36003660d8492f8cbac40fc1409e6f.png
15:56:16.327 [AsyncHttpClient-1-4] DEBUG org.asynchttpclient.netty.handler.WebSocketHandler - Channel Closed: [id: 0xc790b6d7, L:/127.0.0.1:56669 ! R:localhost/127.0.0.1:56661] with attribute NettyResponseFuture{currentRetry=5,
	isDone=1,
	isCancelled=0,
	asyncHandler=org.asynchttpclient.ws.WebSocketUpgradeHandler@23fd4fb5,
	nettyRequest=org.asynchttpclient.netty.request.NettyRequest@2c0d220a,
	future=java.util.concurrent.CompletableFuture@4f69fd19[Completed normally],
	uri=ws://localhost:56661/devtools/browser/13185331-87ed-440c-a1db-800e6a532405,
	keepAlive=true,
	redirectCount=0,
	timeoutsHolder=null,
	inAuth=0,
	touch=1652864169516}
15:56:16.328 [AsyncHttpClient-1-4] DEBUG org.asynchttpclient.netty.channel.ChannelManager - Closing Channel [id: 0xc790b6d7, L:/127.0.0.1:56669 ! R:localhost/127.0.0.1:56661] 
15:56:16.331 [Driver Command Executor] DEBUG org.asynchttpclient.netty.request.NettyRequestSender - Using pooled Channel '[id: 0x5bd5e2a6, L:/127.0.0.1:56660 - R:localhost/127.0.0.1:65498]' for 'DELETE' to 'http://localhost:65498/session/7a5a1403e9664b588efb6e14a88f473b'
15:56:16.331 [Driver Command Executor] DEBUG org.asynchttpclient.netty.request.NettyRequestSender - Using open Channel [id: 0x5bd5e2a6, L:/127.0.0.1:56660 - R:localhost/127.0.0.1:65498] for DELETE '/session/7a5a1403e9664b588efb6e14a88f473b'
15:56:16.392 [AsyncHttpClient-1-1] DEBUG org.asynchttpclient.netty.channel.DefaultChannelPool - Entry count for : http://localhost:56661 : 1
15:56:16.642 [AsyncHttpClient-1-3] DEBUG org.asynchttpclient.netty.handler.HttpHandler - Unexpected I/O exception on channel [id: 0xd9fd80c0, L:/127.0.0.1:56668 - R:localhost/127.0.0.1:56661]
java.net.SocketException: Connection reset
	at java.base/sun.nio.ch.SocketChannelImpl.throwConnectionReset(SocketChannelImpl.java:367)
	at java.base/sun.nio.ch.SocketChannelImpl.read(SocketChannelImpl.java:398)
	at io.netty.buffer.PooledByteBuf.setBytes(PooledByteBuf.java:258)
	at io.netty.buffer.AbstractByteBuf.writeBytes(AbstractByteBuf.java:1132)
	at io.netty.channel.socket.nio.NioSocketChannel.doReadBytes(NioSocketChannel.java:350)
	at io.netty.channel.nio.AbstractNioByteChannel$NioByteUnsafe.read(AbstractNioByteChannel.java:151)
	at io.netty.channel.nio.NioEventLoop.processSelectedKey(NioEventLoop.java:722)
	at io.netty.channel.nio.NioEventLoop.processSelectedKeysOptimized(NioEventLoop.java:658)
	at io.netty.channel.nio.NioEventLoop.processSelectedKeys(NioEventLoop.java:584)
	at io.netty.channel.nio.NioEventLoop.run(NioEventLoop.java:496)
	at io.netty.util.concurrent.SingleThreadEventExecutor$4.run(SingleThreadEventExecutor.java:986)
	at io.netty.util.internal.ThreadExecutorMap$2.run(ThreadExecutorMap.java:74)
	at io.netty.util.concurrent.FastThreadLocalRunnable.run(FastThreadLocalRunnable.java:30)
	at java.base/java.lang.Thread.run(Thread.java:832)
15:56:16.642 [AsyncHttpClient-1-3] DEBUG org.asynchttpclient.netty.channel.ChannelManager - Closing Channel [id: 0xd9fd80c0, L:/127.0.0.1:56668 - R:localhost/127.0.0.1:56661] 
15:56:16.642 [AsyncHttpClient-1-3] DEBUG org.asynchttpclient.netty.handler.HttpHandler - Channel Closed: [id: 0xd9fd80c0, L:/127.0.0.1:56668 ! R:localhost/127.0.0.1:56661] with attribute DISCARD
15:56:16.683 [AsyncHttpClient-1-2] DEBUG org.asynchttpclient.netty.handler.HttpHandler - 

Request DefaultFullHttpRequest(decodeResult: success, version: HTTP/1.1, content: EmptyByteBufBE)
DELETE /session/7a5a1403e9664b588efb6e14a88f473b HTTP/1.1
User-Agent: selenium/4.1.2 (java windows)
Content-Type: application/json; charset=utf-8
host: localhost:65498
accept: */*

Response DefaultHttpResponse(decodeResult: success, version: HTTP/1.1)
HTTP/1.1 200 OK
Content-Type: application/json; charset=utf-8
cache-control: no-cache
content-length: 14

15:56:16.683 [AsyncHttpClient-1-2] DEBUG org.asynchttpclient.netty.channel.ChannelManager - Adding key: http://localhost:65498 for channel [id: 0x5bd5e2a6, L:/127.0.0.1:56660 - R:localhost/127.0.0.1:65498]
15:56:17.066 [AsyncHttpClient-1-2] DEBUG org.asynchttpclient.netty.handler.HttpHandler - Channel Closed: [id: 0x5bd5e2a6, L:/127.0.0.1:56660 ! R:localhost/127.0.0.1:65498] with attribute DISCARD
15:56:17.462 [AsyncHttpClient-1-1] DEBUG org.asynchttpclient.netty.channel.DefaultChannelPool - Entry count for : http://localhost:56661 : 1
15:56:17.462 [AsyncHttpClient-1-1] DEBUG org.asynchttpclient.netty.channel.DefaultChannelPool - Entry count for : http://localhost:65498 : 1
15:56:17.462 [AsyncHttpClient-1-1] DEBUG org.asynchttpclient.netty.channel.DefaultChannelPool - Adding Candidate expired Channel [id: 0xd9fd80c0, L:/127.0.0.1:56668 ! R:localhost/127.0.0.1:56661] isIdleTimeoutExpired=false isRemotelyClosed=true isTtlExpired=false
15:56:17.462 [AsyncHttpClient-1-1] DEBUG org.asynchttpclient.netty.channel.DefaultChannelPool - Closing Idle Channel [id: 0xd9fd80c0, L:/127.0.0.1:56668 ! R:localhost/127.0.0.1:56661]
15:56:17.462 [AsyncHttpClient-1-1] DEBUG org.asynchttpclient.netty.channel.DefaultChannelPool - Adding Candidate expired Channel [id: 0x5bd5e2a6, L:/127.0.0.1:56660 ! R:localhost/127.0.0.1:65498] isIdleTimeoutExpired=false isRemotelyClosed=true isTtlExpired=false
15:56:17.462 [AsyncHttpClient-1-1] DEBUG org.asynchttpclient.netty.channel.DefaultChannelPool - Closing Idle Channel [id: 0x5bd5e2a6, L:/127.0.0.1:56660 ! R:localhost/127.0.0.1:65498]
15:56:17.462 [AsyncHttpClient-1-1] DEBUG org.asynchttpclient.netty.channel.DefaultChannelPool - Closed 2 connections out of 2 in 0 ms
]]></system-out>
    <system-err><![CDATA[Starting ChromeDriver 100.0.4896.60 (6a5d10861ce8de5fce22564658033b43cb7de047-refs/branch-heads/4896@{#875}) on port 65498
Only local connections are allowed.
Please see https://chromedriver.chromium.org/security-considerations for suggestions on keeping ChromeDriver safe.
ChromeDriver was started successfully.
[1652864168.915][WARNING]: This version of ChromeDriver has not been tested with Chrome version 101.
May 18, 2022 3:56:09 PM org.openqa.selenium.remote.ProtocolHandshake createSession
INFO: Detected dialect: W3C
May 18, 2022 3:56:09 PM org.openqa.selenium.devtools.CdpVersionFinder findNearestMatch
WARNING: Unable to find an exact match for CDP version 101, so returning the closest version found: 97
May 18, 2022 3:56:09 PM org.openqa.selenium.devtools.CdpVersionFinder findNearestMatch
INFO: Found CDP implementation for version 101 of 97
]]></system-err>
  </testcase>
  <testcase name="Register #4" classname="Register" time="11.962">
    <system-out><![CDATA[
Scenario Outline: Register                             &amp#27;[90m# src/test/resources/features/Register.feature:19&amp#27;[0m
15:56:17.615 [main] INFO io.cucumber.core.plugin.SerenityReporter - Running feature from file:///C:/Users/ponda/Documents/Final_Project/Final_Web/src/test/resources/features/Register.feature
15:56:17.677 [main] DEBUG net.thucydides.core.steps.StepInterceptor - STARTING STEP: RegisterSteps.onRegisterPage - openRegisURL
15:56:17.685 [main] INFO net.serenitybdd.core.webdriver.driverproviders.ChromeDriverProvider - Using automatically driver download
15:56:17.998 [main] DEBUG io.github.bonigarcia.wdm.cache.ResolutionCache - Resolution chrome=101 in cache (valid until 16:36:25 18/05/2022 WIB)
15:56:18.008 [main] DEBUG io.github.bonigarcia.wdm.cache.ResolutionCache - Resolution chrome101=101.0.4951.41 in cache (valid until 16:04:06 18/05/2022 WIB)
15:56:18.012 [main] INFO io.github.bonigarcia.wdm.WebDriverManager - Using chromedriver 101.0.4951.41 (resolved driver for Chrome 101)
15:56:18.049 [main] DEBUG io.github.bonigarcia.wdm.WebDriverManager - Driver chromedriver 101.0.4951.41 found in cache
15:56:18.051 [main] INFO io.github.bonigarcia.wdm.WebDriverManager - Exporting webdriver.chrome.driver as C:\Users\ponda\.cache\selenium\chromedriver\win32\101.0.4951.41\chromedriver.exe
15:56:18.245 [main] DEBUG net.serenitybdd.core.webdriver.driverproviders.ProvideNewDriver - Instantiating driver
15:56:18.245 [main] DEBUG net.serenitybdd.core.webdriver.driverproviders.ProvideNewDriver - Driver capabilities: Capabilities {acceptInsecureCerts: false, base.url: https://qa.alta.id, browserName: chrome, chrome.driver: src/test/resources/webdrive..., driver: chrome, goog:chromeOptions: {args: [], extensions: []}}
15:56:18.818 [AsyncHttpClient-1-5] DEBUG org.asynchttpclient.netty.channel.NettyConnectListener - Using new Channel '[id: 0x56d0afb4, L:/127.0.0.1:56689 - R:localhost/127.0.0.1:57626]' for 'POST' to '/session'
15:56:21.055 [AsyncHttpClient-1-5] DEBUG org.asynchttpclient.netty.handler.HttpHandler - 

Request DefaultHttpRequest(decodeResult: success, version: HTTP/1.1)
POST /session HTTP/1.1
User-Agent: selenium/4.1.2 (java windows)
Content-Length: 599
Content-Type: application/json; charset=utf-8
host: localhost:57626
accept: */*

Response DefaultHttpResponse(decodeResult: success, version: HTTP/1.1)
HTTP/1.1 200 OK
Content-Type: application/json; charset=utf-8
cache-control: no-cache
content-length: 790

15:56:21.055 [AsyncHttpClient-1-5] DEBUG org.asynchttpclient.netty.channel.ChannelManager - Adding key: http://localhost:57626 for channel [id: 0x56d0afb4, L:/127.0.0.1:56689 - R:localhost/127.0.0.1:57626]
15:56:21.084 [AsyncHttpClient-1-2] DEBUG org.asynchttpclient.netty.channel.NettyConnectListener - Using new Channel '[id: 0xb002a465, L:/127.0.0.1:56698 - R:localhost/127.0.0.1:56690]' for 'GET' to '/json/version'
15:56:21.085 [AsyncHttpClient-1-2] DEBUG org.asynchttpclient.netty.handler.HttpHandler - 

Request DefaultFullHttpRequest(decodeResult: success, version: HTTP/1.1, content: EmptyByteBufBE)
GET /json/version HTTP/1.1
User-Agent: selenium/4.1.2 (java windows)
host: localhost:56690
accept: */*

Response DefaultHttpResponse(decodeResult: success, version: HTTP/1.1)
HTTP/1.1 200 OK
Content-Type: application/json; charset=UTF-8
content-length: 427

15:56:21.085 [AsyncHttpClient-1-2] DEBUG org.asynchttpclient.netty.channel.ChannelManager - Adding key: http://localhost:56690 for channel [id: 0xb002a465, L:/127.0.0.1:56698 - R:localhost/127.0.0.1:56690]
15:56:21.088 [AsyncHttpClient-1-3] DEBUG org.asynchttpclient.netty.channel.NettyConnectListener - Using new Channel '[id: 0xdb982a88, L:/127.0.0.1:56699 - R:localhost/127.0.0.1:56690]' for 'GET' to '/devtools/browser/512417cb-a33f-40f2-9f41-18b2c68d967c'
15:56:21.093 [AsyncHttpClient-1-3] DEBUG org.asynchttpclient.netty.handler.WebSocketHandler - 

Request DefaultFullHttpRequest(decodeResult: success, version: HTTP/1.1, content: EmptyByteBufBE)
GET /devtools/browser/512417cb-a33f-40f2-9f41-18b2c68d967c HTTP/1.1
upgrade: websocket
connection: upgrade
sec-websocket-key: VboOZuTqrCjCI2vWCMfxQA==
sec-websocket-version: 13
origin: http://localhost:56690
host: localhost:56690
accept: */*
user-agent: AHC/2.1

Response DefaultHttpResponse(decodeResult: success, version: HTTP/1.1)
HTTP/1.1 101 WebSocket Protocol Handshake
Upgrade: WebSocket
Connection: Upgrade
Sec-WebSocket-Accept: bkPpGfVSCYhYURmOXlYxbA0A08M=

15:56:21.100 [Forwarding maximizeCurrentWindow on session 6886c4ff603b7a208577cf5560b78b36 to remote] DEBUG org.asynchttpclient.netty.request.NettyRequestSender - Using pooled Channel '[id: 0x56d0afb4, L:/127.0.0.1:56689 - R:localhost/127.0.0.1:57626]' for 'POST' to 'http://localhost:57626/session/6886c4ff603b7a208577cf5560b78b36/window/maximize'
15:56:21.101 [Forwarding maximizeCurrentWindow on session 6886c4ff603b7a208577cf5560b78b36 to remote] DEBUG org.asynchttpclient.netty.request.NettyRequestSender - Using open Channel [id: 0x56d0afb4, L:/127.0.0.1:56689 - R:localhost/127.0.0.1:57626] for POST '/session/6886c4ff603b7a208577cf5560b78b36/window/maximize'
15:56:21.275 [AsyncHttpClient-1-5] DEBUG org.asynchttpclient.netty.handler.HttpHandler - 

Request DefaultHttpRequest(decodeResult: success, version: HTTP/1.1)
POST /session/6886c4ff603b7a208577cf5560b78b36/window/maximize HTTP/1.1
User-Agent: selenium/4.1.2 (java windows)
Content-Length: 3
Content-Type: application/json; charset=utf-8
host: localhost:57626
accept: */*

Response DefaultHttpResponse(decodeResult: success, version: HTTP/1.1)
HTTP/1.1 200 OK
Content-Type: application/json; charset=utf-8
cache-control: no-cache
content-length: 51

15:56:21.276 [AsyncHttpClient-1-5] DEBUG org.asynchttpclient.netty.channel.ChannelManager - Adding key: http://localhost:57626 for channel [id: 0x56d0afb4, L:/127.0.0.1:56689 - R:localhost/127.0.0.1:57626]
15:56:21.278 [Forwarding get on session 6886c4ff603b7a208577cf5560b78b36 to remote] DEBUG org.asynchttpclient.netty.request.NettyRequestSender - Using pooled Channel '[id: 0x56d0afb4, L:/127.0.0.1:56689 - R:localhost/127.0.0.1:57626]' for 'POST' to 'http://localhost:57626/session/6886c4ff603b7a208577cf5560b78b36/url'
15:56:21.278 [Forwarding get on session 6886c4ff603b7a208577cf5560b78b36 to remote] DEBUG org.asynchttpclient.netty.request.NettyRequestSender - Using open Channel [id: 0x56d0afb4, L:/127.0.0.1:56689 - R:localhost/127.0.0.1:57626] for POST '/session/6886c4ff603b7a208577cf5560b78b36/url'
15:56:21.959 [AsyncHttpClient-1-1] DEBUG org.asynchttpclient.netty.channel.DefaultChannelPool - Entry count for : http://localhost:56690 : 1
15:56:23.059 [AsyncHttpClient-1-1] DEBUG org.asynchttpclient.netty.channel.DefaultChannelPool - Entry count for : http://localhost:56690 : 1
15:56:24.184 [AsyncHttpClient-1-1] DEBUG org.asynchttpclient.netty.channel.DefaultChannelPool - Entry count for : http://localhost:56690 : 1
15:56:24.678 [AsyncHttpClient-1-5] DEBUG org.asynchttpclient.netty.handler.HttpHandler - 

Request DefaultHttpRequest(decodeResult: success, version: HTTP/1.1)
POST /session/6886c4ff603b7a208577cf5560b78b36/url HTTP/1.1
User-Agent: selenium/4.1.2 (java windows)
Content-Length: 67
Content-Type: application/json; charset=utf-8
host: localhost:57626
accept: */*

Response DefaultHttpResponse(decodeResult: success, version: HTTP/1.1)
HTTP/1.1 200 OK
Content-Type: application/json; charset=utf-8
cache-control: no-cache
content-length: 14

15:56:24.678 [AsyncHttpClient-1-5] DEBUG org.asynchttpclient.netty.channel.ChannelManager - Adding key: http://localhost:57626 for channel [id: 0x56d0afb4, L:/127.0.0.1:56689 - R:localhost/127.0.0.1:57626]
15:56:24.679 [Forwarding setTimeout on session 6886c4ff603b7a208577cf5560b78b36 to remote] DEBUG org.asynchttpclient.netty.request.NettyRequestSender - Using pooled Channel '[id: 0x56d0afb4, L:/127.0.0.1:56689 - R:localhost/127.0.0.1:57626]' for 'POST' to 'http://localhost:57626/session/6886c4ff603b7a208577cf5560b78b36/timeouts'
15:56:24.679 [Forwarding setTimeout on session 6886c4ff603b7a208577cf5560b78b36 to remote] DEBUG org.asynchttpclient.netty.request.NettyRequestSender - Using open Channel [id: 0x56d0afb4, L:/127.0.0.1:56689 - R:localhost/127.0.0.1:57626] for POST '/session/6886c4ff603b7a208577cf5560b78b36/timeouts'
15:56:24.680 [AsyncHttpClient-1-5] DEBUG org.asynchttpclient.netty.handler.HttpHandler - 

Request DefaultHttpRequest(decodeResult: success, version: HTTP/1.1)
POST /session/6886c4ff603b7a208577cf5560b78b36/timeouts HTTP/1.1
User-Agent: selenium/4.1.2 (java windows)
Content-Length: 22
Content-Type: application/json; charset=utf-8
host: localhost:57626
accept: */*

Response DefaultHttpResponse(decodeResult: success, version: HTTP/1.1)
HTTP/1.1 200 OK
Content-Type: application/json; charset=utf-8
cache-control: no-cache
content-length: 14

15:56:24.681 [AsyncHttpClient-1-5] DEBUG org.asynchttpclient.netty.channel.ChannelManager - Adding key: http://localhost:57626 for channel [id: 0x56d0afb4, L:/127.0.0.1:56689 - R:localhost/127.0.0.1:57626]
15:56:24.695 [Forwarding getCurrentUrl on session 6886c4ff603b7a208577cf5560b78b36 to remote] DEBUG org.asynchttpclient.netty.request.NettyRequestSender - Using pooled Channel '[id: 0x56d0afb4, L:/127.0.0.1:56689 - R:localhost/127.0.0.1:57626]' for 'GET' to 'http://localhost:57626/session/6886c4ff603b7a208577cf5560b78b36/url'
15:56:24.695 [Forwarding getCurrentUrl on session 6886c4ff603b7a208577cf5560b78b36 to remote] DEBUG org.asynchttpclient.netty.request.NettyRequestSender - Using open Channel [id: 0x56d0afb4, L:/127.0.0.1:56689 - R:localhost/127.0.0.1:57626] for GET '/session/6886c4ff603b7a208577cf5560b78b36/url'
15:56:24.768 [AsyncHttpClient-1-5] DEBUG org.asynchttpclient.netty.handler.HttpHandler - 

Request DefaultFullHttpRequest(decodeResult: success, version: HTTP/1.1, content: EmptyByteBufBE)
GET /session/6886c4ff603b7a208577cf5560b78b36/url HTTP/1.1
User-Agent: selenium/4.1.2 (java windows)
Cache-Control: no-cache
Content-Type: application/json; charset=utf-8
host: localhost:57626
accept: */*

Response DefaultHttpResponse(decodeResult: success, version: HTTP/1.1)
HTTP/1.1 200 OK
Content-Type: application/json; charset=utf-8
cache-control: no-cache
content-length: 44

15:56:24.768 [AsyncHttpClient-1-5] DEBUG org.asynchttpclient.netty.channel.ChannelManager - Adding key: http://localhost:57626 for channel [id: 0x56d0afb4, L:/127.0.0.1:56689 - R:localhost/127.0.0.1:57626]
15:56:24.782 [Forwarding screenshot on session 6886c4ff603b7a208577cf5560b78b36 to remote] DEBUG org.asynchttpclient.netty.request.NettyRequestSender - Using pooled Channel '[id: 0x56d0afb4, L:/127.0.0.1:56689 - R:localhost/127.0.0.1:57626]' for 'GET' to 'http://localhost:57626/session/6886c4ff603b7a208577cf5560b78b36/screenshot'
15:56:24.783 [Forwarding screenshot on session 6886c4ff603b7a208577cf5560b78b36 to remote] DEBUG org.asynchttpclient.netty.request.NettyRequestSender - Using open Channel [id: 0x56d0afb4, L:/127.0.0.1:56689 - R:localhost/127.0.0.1:57626] for GET '/session/6886c4ff603b7a208577cf5560b78b36/screenshot'
15:56:24.981 [AsyncHttpClient-1-5] DEBUG org.asynchttpclient.netty.handler.HttpHandler - 

Request DefaultFullHttpRequest(decodeResult: success, version: HTTP/1.1, content: EmptyByteBufBE)
GET /session/6886c4ff603b7a208577cf5560b78b36/screenshot HTTP/1.1
User-Agent: selenium/4.1.2 (java windows)
Cache-Control: no-cache
Content-Type: application/json; charset=utf-8
host: localhost:57626
accept: */*

Response DefaultHttpResponse(decodeResult: success, version: HTTP/1.1)
HTTP/1.1 200 OK
Content-Type: application/json; charset=utf-8
cache-control: no-cache
content-length: 30072

15:56:24.982 [AsyncHttpClient-1-5] DEBUG org.asynchttpclient.netty.channel.ChannelManager - Adding key: http://localhost:57626 for channel [id: 0x56d0afb4, L:/127.0.0.1:56689 - R:localhost/127.0.0.1:57626]
15:56:24.983 [main] DEBUG net.serenitybdd.core.photography.Darkroom - Send negative for processing for target\site\serenity\bd159e4f239b6f9d4ba999f8a11b183ce613e281485ea2c4cc7c03dfabddb843.png
15:56:24.984 [main] DEBUG net.thucydides.core.steps.StepInterceptor - STEP DONE: openRegisURL
  &amp#27;[32mGiven &amp#27;[0m&amp#27;[32mI am on register page&amp#27;[0m                          &amp#27;[90m# starter.stepdefinitions.RegisterSteps.onRegisterPage()&amp#27;[0m
15:56:25.006 [main] DEBUG net.thucydides.core.steps.StepInterceptor - STARTING STEP: RegisterSteps.inputNamaLengkap - inputNamaLengkap
15:56:25.011 [Forwarding findElement on session 6886c4ff603b7a208577cf5560b78b36 to remote] DEBUG org.asynchttpclient.netty.request.NettyRequestSender - Using pooled Channel '[id: 0x56d0afb4, L:/127.0.0.1:56689 - R:localhost/127.0.0.1:57626]' for 'POST' to 'http://localhost:57626/session/6886c4ff603b7a208577cf5560b78b36/element'
15:56:25.011 [Forwarding findElement on session 6886c4ff603b7a208577cf5560b78b36 to remote] DEBUG org.asynchttpclient.netty.request.NettyRequestSender - Using open Channel [id: 0x56d0afb4, L:/127.0.0.1:56689 - R:localhost/127.0.0.1:57626] for POST '/session/6886c4ff603b7a208577cf5560b78b36/element'
15:56:25.035 [AsyncHttpClient-1-5] DEBUG org.asynchttpclient.netty.handler.HttpHandler - 

Request DefaultHttpRequest(decodeResult: success, version: HTTP/1.1)
POST /session/6886c4ff603b7a208577cf5560b78b36/element HTTP/1.1
User-Agent: selenium/4.1.2 (java windows)
Content-Length: 93
Content-Type: application/json; charset=utf-8
host: localhost:57626
accept: */*

Response DefaultHttpResponse(decodeResult: success, version: HTTP/1.1)
HTTP/1.1 200 OK
Content-Type: application/json; charset=utf-8
cache-control: no-cache
content-length: 88

15:56:25.035 [AsyncHttpClient-1-5] DEBUG org.asynchttpclient.netty.channel.ChannelManager - Adding key: http://localhost:57626 for channel [id: 0x56d0afb4, L:/127.0.0.1:56689 - R:localhost/127.0.0.1:57626]
15:56:25.038 [Forwarding clearElement on session 6886c4ff603b7a208577cf5560b78b36 to remote] DEBUG org.asynchttpclient.netty.request.NettyRequestSender - Using pooled Channel '[id: 0x56d0afb4, L:/127.0.0.1:56689 - R:localhost/127.0.0.1:57626]' for 'POST' to 'http://localhost:57626/session/6886c4ff603b7a208577cf5560b78b36/element/ca7ba59e-f0ad-4782-b190-459f14453ac4/clear'
15:56:25.038 [Forwarding clearElement on session 6886c4ff603b7a208577cf5560b78b36 to remote] DEBUG org.asynchttpclient.netty.request.NettyRequestSender - Using open Channel [id: 0x56d0afb4, L:/127.0.0.1:56689 - R:localhost/127.0.0.1:57626] for POST '/session/6886c4ff603b7a208577cf5560b78b36/element/ca7ba59e-f0ad-4782-b190-459f14453ac4/clear'
15:56:25.095 [AsyncHttpClient-1-5] DEBUG org.asynchttpclient.netty.handler.HttpHandler - 

Request DefaultHttpRequest(decodeResult: success, version: HTTP/1.1)
POST /session/6886c4ff603b7a208577cf5560b78b36/element/ca7ba59e-f0ad-4782-b190-459f14453ac4/clear HTTP/1.1
User-Agent: selenium/4.1.2 (java windows)
Content-Length: 50
Content-Type: application/json; charset=utf-8
host: localhost:57626
accept: */*

Response DefaultHttpResponse(decodeResult: success, version: HTTP/1.1)
HTTP/1.1 200 OK
Content-Type: application/json; charset=utf-8
cache-control: no-cache
content-length: 14

15:56:25.095 [AsyncHttpClient-1-5] DEBUG org.asynchttpclient.netty.channel.ChannelManager - Adding key: http://localhost:57626 for channel [id: 0x56d0afb4, L:/127.0.0.1:56689 - R:localhost/127.0.0.1:57626]
15:56:25.099 [Forwarding sendKeysToElement on session 6886c4ff603b7a208577cf5560b78b36 to remote] DEBUG org.asynchttpclient.netty.request.NettyRequestSender - Using pooled Channel '[id: 0x56d0afb4, L:/127.0.0.1:56689 - R:localhost/127.0.0.1:57626]' for 'POST' to 'http://localhost:57626/session/6886c4ff603b7a208577cf5560b78b36/element/ca7ba59e-f0ad-4782-b190-459f14453ac4/value'
15:56:25.099 [Forwarding sendKeysToElement on session 6886c4ff603b7a208577cf5560b78b36 to remote] DEBUG org.asynchttpclient.netty.request.NettyRequestSender - Using open Channel [id: 0x56d0afb4, L:/127.0.0.1:56689 - R:localhost/127.0.0.1:57626] for POST '/session/6886c4ff603b7a208577cf5560b78b36/element/ca7ba59e-f0ad-4782-b190-459f14453ac4/value'
15:56:25.209 [AsyncHttpClient-1-5] DEBUG org.asynchttpclient.netty.handler.HttpHandler - 

Request DefaultHttpRequest(decodeResult: success, version: HTTP/1.1)
POST /session/6886c4ff603b7a208577cf5560b78b36/element/ca7ba59e-f0ad-4782-b190-459f14453ac4/value HTTP/1.1
User-Agent: selenium/4.1.2 (java windows)
Content-Length: 82
Content-Type: application/json; charset=utf-8
host: localhost:57626
accept: */*

Response DefaultHttpResponse(decodeResult: success, version: HTTP/1.1)
HTTP/1.1 200 OK
Content-Type: application/json; charset=utf-8
cache-control: no-cache
content-length: 14

15:56:25.209 [AsyncHttpClient-1-5] DEBUG org.asynchttpclient.netty.channel.ChannelManager - Adding key: http://localhost:57626 for channel [id: 0x56d0afb4, L:/127.0.0.1:56689 - R:localhost/127.0.0.1:57626]
15:56:25.233 [Forwarding screenshot on session 6886c4ff603b7a208577cf5560b78b36 to remote] DEBUG org.asynchttpclient.netty.request.NettyRequestSender - Using pooled Channel '[id: 0x56d0afb4, L:/127.0.0.1:56689 - R:localhost/127.0.0.1:57626]' for 'GET' to 'http://localhost:57626/session/6886c4ff603b7a208577cf5560b78b36/screenshot'
15:56:25.233 [Forwarding screenshot on session 6886c4ff603b7a208577cf5560b78b36 to remote] DEBUG org.asynchttpclient.netty.request.NettyRequestSender - Using open Channel [id: 0x56d0afb4, L:/127.0.0.1:56689 - R:localhost/127.0.0.1:57626] for GET '/session/6886c4ff603b7a208577cf5560b78b36/screenshot'
15:56:25.262 [AsyncHttpClient-1-1] DEBUG org.asynchttpclient.netty.channel.DefaultChannelPool - Entry count for : http://localhost:56690 : 1
15:56:25.464 [AsyncHttpClient-1-5] DEBUG org.asynchttpclient.netty.handler.HttpHandler - 

Request DefaultFullHttpRequest(decodeResult: success, version: HTTP/1.1, content: EmptyByteBufBE)
GET /session/6886c4ff603b7a208577cf5560b78b36/screenshot HTTP/1.1
User-Agent: selenium/4.1.2 (java windows)
Cache-Control: no-cache
Content-Type: application/json; charset=utf-8
host: localhost:57626
accept: */*

Response DefaultHttpResponse(decodeResult: success, version: HTTP/1.1)
HTTP/1.1 200 OK
Content-Type: application/json; charset=utf-8
cache-control: no-cache
content-length: 29708

15:56:25.465 [AsyncHttpClient-1-5] DEBUG org.asynchttpclient.netty.channel.ChannelManager - Adding key: http://localhost:57626 for channel [id: 0x56d0afb4, L:/127.0.0.1:56689 - R:localhost/127.0.0.1:57626]
15:56:25.467 [main] DEBUG net.serenitybdd.core.photography.Darkroom - Send negative for processing for target\site\serenity\1dbc1c58e6d4bcb219f4a6610d36c18fa708dd08b746058bcf32e1769b9599fc.png
15:56:25.473 [main] DEBUG net.thucydides.core.steps.StepInterceptor - STEP DONE: inputNamaLengkap
  &amp#27;[32mWhen &amp#27;[0m&amp#27;[32mI input fullname &amp#27;[0m&amp#27;[32m&amp#27;[1m""&amp#27;[0m                             &amp#27;[90m# starter.stepdefinitions.RegisterSteps.inputNamaLengkap(java.lang.String)&amp#27;[0m
15:56:25.478 [Darkroom Processing Line] DEBUG net.serenitybdd.core.photography.DarkroomProcessingLine - Processing screenshot image in /var/screenshots/screenshot-16560364529082513535
15:56:25.478 [Darkroom Processing Line] DEBUG net.serenitybdd.core.photography.DarkroomProcessingLine - Saving screenshot to target\site\serenity\1dbc1c58e6d4bcb219f4a6610d36c18fa708dd08b746058bcf32e1769b9599fc.png
15:56:25.529 [Forwarding screenshot on session 6886c4ff603b7a208577cf5560b78b36 to remote] DEBUG org.asynchttpclient.netty.request.NettyRequestSender - Using pooled Channel '[id: 0x56d0afb4, L:/127.0.0.1:56689 - R:localhost/127.0.0.1:57626]' for 'GET' to 'http://localhost:57626/session/6886c4ff603b7a208577cf5560b78b36/screenshot'
15:56:25.529 [Forwarding screenshot on session 6886c4ff603b7a208577cf5560b78b36 to remote] DEBUG org.asynchttpclient.netty.request.NettyRequestSender - Using open Channel [id: 0x56d0afb4, L:/127.0.0.1:56689 - R:localhost/127.0.0.1:57626] for GET '/session/6886c4ff603b7a208577cf5560b78b36/screenshot'
15:56:25.742 [AsyncHttpClient-1-5] DEBUG org.asynchttpclient.netty.handler.HttpHandler - 

Request DefaultFullHttpRequest(decodeResult: success, version: HTTP/1.1, content: EmptyByteBufBE)
GET /session/6886c4ff603b7a208577cf5560b78b36/screenshot HTTP/1.1
User-Agent: selenium/4.1.2 (java windows)
Cache-Control: no-cache
Content-Type: application/json; charset=utf-8
host: localhost:57626
accept: */*

Response DefaultHttpResponse(decodeResult: success, version: HTTP/1.1)
HTTP/1.1 200 OK
Content-Type: application/json; charset=utf-8
cache-control: no-cache
content-length: 28984

15:56:25.743 [AsyncHttpClient-1-5] DEBUG org.asynchttpclient.netty.channel.ChannelManager - Adding key: http://localhost:57626 for channel [id: 0x56d0afb4, L:/127.0.0.1:56689 - R:localhost/127.0.0.1:57626]
15:56:25.745 [main] DEBUG net.serenitybdd.core.photography.Darkroom - Send negative for processing for target\site\serenity\5e778f38386d7a80fba5708ae7359afc0c286379f88a26b731a8befb3b5dee3e.png
15:56:25.745 [main] DEBUG net.thucydides.core.steps.StepInterceptor - STARTING STEP: RegisterSteps.iInputEmail - inputEmailForRegist
15:56:25.745 [Darkroom Processing Line] DEBUG net.serenitybdd.core.photography.DarkroomProcessingLine - Processing screenshot image in /var/screenshots/screenshot-7068352750810369052
15:56:25.745 [Darkroom Processing Line] DEBUG net.serenitybdd.core.photography.DarkroomProcessingLine - Saving screenshot to target\site\serenity\5e778f38386d7a80fba5708ae7359afc0c286379f88a26b731a8befb3b5dee3e.png
15:56:25.750 [Forwarding findElement on session 6886c4ff603b7a208577cf5560b78b36 to remote] DEBUG org.asynchttpclient.netty.request.NettyRequestSender - Using pooled Channel '[id: 0x56d0afb4, L:/127.0.0.1:56689 - R:localhost/127.0.0.1:57626]' for 'POST' to 'http://localhost:57626/session/6886c4ff603b7a208577cf5560b78b36/element'
15:56:25.750 [Forwarding findElement on session 6886c4ff603b7a208577cf5560b78b36 to remote] DEBUG org.asynchttpclient.netty.request.NettyRequestSender - Using open Channel [id: 0x56d0afb4, L:/127.0.0.1:56689 - R:localhost/127.0.0.1:57626] for POST '/session/6886c4ff603b7a208577cf5560b78b36/element'
15:56:25.771 [AsyncHttpClient-1-5] DEBUG org.asynchttpclient.netty.handler.HttpHandler - 

Request DefaultHttpRequest(decodeResult: success, version: HTTP/1.1)
POST /session/6886c4ff603b7a208577cf5560b78b36/element HTTP/1.1
User-Agent: selenium/4.1.2 (java windows)
Content-Length: 86
Content-Type: application/json; charset=utf-8
host: localhost:57626
accept: */*

Response DefaultHttpResponse(decodeResult: success, version: HTTP/1.1)
HTTP/1.1 200 OK
Content-Type: application/json; charset=utf-8
cache-control: no-cache
content-length: 88

15:56:25.771 [AsyncHttpClient-1-5] DEBUG org.asynchttpclient.netty.channel.ChannelManager - Adding key: http://localhost:57626 for channel [id: 0x56d0afb4, L:/127.0.0.1:56689 - R:localhost/127.0.0.1:57626]
15:56:25.772 [Forwarding clearElement on session 6886c4ff603b7a208577cf5560b78b36 to remote] DEBUG org.asynchttpclient.netty.request.NettyRequestSender - Using pooled Channel '[id: 0x56d0afb4, L:/127.0.0.1:56689 - R:localhost/127.0.0.1:57626]' for 'POST' to 'http://localhost:57626/session/6886c4ff603b7a208577cf5560b78b36/element/95e4e963-8453-4db3-99a2-e7fa8a8b7818/clear'
15:56:25.772 [Forwarding clearElement on session 6886c4ff603b7a208577cf5560b78b36 to remote] DEBUG org.asynchttpclient.netty.request.NettyRequestSender - Using open Channel [id: 0x56d0afb4, L:/127.0.0.1:56689 - R:localhost/127.0.0.1:57626] for POST '/session/6886c4ff603b7a208577cf5560b78b36/element/95e4e963-8453-4db3-99a2-e7fa8a8b7818/clear'
15:56:25.825 [AsyncHttpClient-1-5] DEBUG org.asynchttpclient.netty.handler.HttpHandler - 

Request DefaultHttpRequest(decodeResult: success, version: HTTP/1.1)
POST /session/6886c4ff603b7a208577cf5560b78b36/element/95e4e963-8453-4db3-99a2-e7fa8a8b7818/clear HTTP/1.1
User-Agent: selenium/4.1.2 (java windows)
Content-Length: 50
Content-Type: application/json; charset=utf-8
host: localhost:57626
accept: */*

Response DefaultHttpResponse(decodeResult: success, version: HTTP/1.1)
HTTP/1.1 200 OK
Content-Type: application/json; charset=utf-8
cache-control: no-cache
content-length: 14

15:56:25.825 [AsyncHttpClient-1-5] DEBUG org.asynchttpclient.netty.channel.ChannelManager - Adding key: http://localhost:57626 for channel [id: 0x56d0afb4, L:/127.0.0.1:56689 - R:localhost/127.0.0.1:57626]
15:56:25.828 [Forwarding sendKeysToElement on session 6886c4ff603b7a208577cf5560b78b36 to remote] DEBUG org.asynchttpclient.netty.request.NettyRequestSender - Using pooled Channel '[id: 0x56d0afb4, L:/127.0.0.1:56689 - R:localhost/127.0.0.1:57626]' for 'POST' to 'http://localhost:57626/session/6886c4ff603b7a208577cf5560b78b36/element/95e4e963-8453-4db3-99a2-e7fa8a8b7818/value'
15:56:25.828 [Forwarding sendKeysToElement on session 6886c4ff603b7a208577cf5560b78b36 to remote] DEBUG org.asynchttpclient.netty.request.NettyRequestSender - Using open Channel [id: 0x56d0afb4, L:/127.0.0.1:56689 - R:localhost/127.0.0.1:57626] for POST '/session/6886c4ff603b7a208577cf5560b78b36/element/95e4e963-8453-4db3-99a2-e7fa8a8b7818/value'
15:56:26.241 [AsyncHttpClient-1-5] DEBUG org.asynchttpclient.netty.handler.HttpHandler - 

Request DefaultHttpRequest(decodeResult: success, version: HTTP/1.1)
POST /session/6886c4ff603b7a208577cf5560b78b36/element/95e4e963-8453-4db3-99a2-e7fa8a8b7818/value HTTP/1.1
User-Agent: selenium/4.1.2 (java windows)
Content-Length: 251
Content-Type: application/json; charset=utf-8
host: localhost:57626
accept: */*

Response DefaultHttpResponse(decodeResult: success, version: HTTP/1.1)
HTTP/1.1 200 OK
Content-Type: application/json; charset=utf-8
cache-control: no-cache
content-length: 14

15:56:26.241 [AsyncHttpClient-1-5] DEBUG org.asynchttpclient.netty.channel.ChannelManager - Adding key: http://localhost:57626 for channel [id: 0x56d0afb4, L:/127.0.0.1:56689 - R:localhost/127.0.0.1:57626]
15:56:26.260 [Forwarding screenshot on session 6886c4ff603b7a208577cf5560b78b36 to remote] DEBUG org.asynchttpclient.netty.request.NettyRequestSender - Using pooled Channel '[id: 0x56d0afb4, L:/127.0.0.1:56689 - R:localhost/127.0.0.1:57626]' for 'GET' to 'http://localhost:57626/session/6886c4ff603b7a208577cf5560b78b36/screenshot'
15:56:26.260 [Forwarding screenshot on session 6886c4ff603b7a208577cf5560b78b36 to remote] DEBUG org.asynchttpclient.netty.request.NettyRequestSender - Using open Channel [id: 0x56d0afb4, L:/127.0.0.1:56689 - R:localhost/127.0.0.1:57626] for GET '/session/6886c4ff603b7a208577cf5560b78b36/screenshot'
15:56:26.359 [AsyncHttpClient-1-1] DEBUG org.asynchttpclient.netty.channel.DefaultChannelPool - Entry count for : http://localhost:56690 : 1
15:56:26.523 [AsyncHttpClient-1-5] DEBUG org.asynchttpclient.netty.handler.HttpHandler - 

Request DefaultFullHttpRequest(decodeResult: success, version: HTTP/1.1, content: EmptyByteBufBE)
GET /session/6886c4ff603b7a208577cf5560b78b36/screenshot HTTP/1.1
User-Agent: selenium/4.1.2 (java windows)
Cache-Control: no-cache
Content-Type: application/json; charset=utf-8
host: localhost:57626
accept: */*

Response DefaultHttpResponse(decodeResult: success, version: HTTP/1.1)
HTTP/1.1 200 OK
Content-Type: application/json; charset=utf-8
cache-control: no-cache
content-length: 33356

15:56:26.523 [AsyncHttpClient-1-5] DEBUG org.asynchttpclient.netty.channel.ChannelManager - Adding key: http://localhost:57626 for channel [id: 0x56d0afb4, L:/127.0.0.1:56689 - R:localhost/127.0.0.1:57626]
15:56:26.527 [main] DEBUG net.serenitybdd.core.photography.Darkroom - Send negative for processing for target\site\serenity\23c6ae680b24cc6f1127568411696c27297801681ca95c360c6ea57c5a9a89ba.png
15:56:26.533 [main] DEBUG net.thucydides.core.steps.StepInterceptor - STEP DONE: inputEmailForRegist
  &amp#27;[32mAnd &amp#27;[0m&amp#27;[32mI input email &amp#27;[0m&amp#27;[32m&amp#27;[1m"jichuuu@gmail.com"&amp#27;[0m                &amp#27;[90m# starter.stepdefinitions.RegisterSteps.iInputEmail(java.lang.String)&amp#27;[0m
15:56:26.536 [Darkroom Processing Line] DEBUG net.serenitybdd.core.photography.DarkroomProcessingLine - Processing screenshot image in /var/screenshots/screenshot-4486336693176968025
15:56:26.536 [Darkroom Processing Line] DEBUG net.serenitybdd.core.photography.DarkroomProcessingLine - Saving screenshot to target\site\serenity\23c6ae680b24cc6f1127568411696c27297801681ca95c360c6ea57c5a9a89ba.png
15:56:26.564 [main] DEBUG net.thucydides.core.steps.StepInterceptor - STARTING STEP: RegisterSteps.inputPass - inputPassForRegist
15:56:26.572 [Forwarding findElement on session 6886c4ff603b7a208577cf5560b78b36 to remote] DEBUG org.asynchttpclient.netty.request.NettyRequestSender - Using pooled Channel '[id: 0x56d0afb4, L:/127.0.0.1:56689 - R:localhost/127.0.0.1:57626]' for 'POST' to 'http://localhost:57626/session/6886c4ff603b7a208577cf5560b78b36/element'
15:56:26.572 [Forwarding findElement on session 6886c4ff603b7a208577cf5560b78b36 to remote] DEBUG org.asynchttpclient.netty.request.NettyRequestSender - Using open Channel [id: 0x56d0afb4, L:/127.0.0.1:56689 - R:localhost/127.0.0.1:57626] for POST '/session/6886c4ff603b7a208577cf5560b78b36/element'
15:56:26.602 [AsyncHttpClient-1-5] DEBUG org.asynchttpclient.netty.handler.HttpHandler - 

Request DefaultHttpRequest(decodeResult: success, version: HTTP/1.1)
POST /session/6886c4ff603b7a208577cf5560b78b36/element HTTP/1.1
User-Agent: selenium/4.1.2 (java windows)
Content-Length: 89
Content-Type: application/json; charset=utf-8
host: localhost:57626
accept: */*

Response DefaultHttpResponse(decodeResult: success, version: HTTP/1.1)
HTTP/1.1 200 OK
Content-Type: application/json; charset=utf-8
cache-control: no-cache
content-length: 88

15:56:26.602 [AsyncHttpClient-1-5] DEBUG org.asynchttpclient.netty.channel.ChannelManager - Adding key: http://localhost:57626 for channel [id: 0x56d0afb4, L:/127.0.0.1:56689 - R:localhost/127.0.0.1:57626]
15:56:26.612 [Forwarding clearElement on session 6886c4ff603b7a208577cf5560b78b36 to remote] DEBUG org.asynchttpclient.netty.request.NettyRequestSender - Using pooled Channel '[id: 0x56d0afb4, L:/127.0.0.1:56689 - R:localhost/127.0.0.1:57626]' for 'POST' to 'http://localhost:57626/session/6886c4ff603b7a208577cf5560b78b36/element/09d6a079-7ded-43fd-b964-ed036faac07e/clear'
15:56:26.612 [Forwarding clearElement on session 6886c4ff603b7a208577cf5560b78b36 to remote] DEBUG org.asynchttpclient.netty.request.NettyRequestSender - Using open Channel [id: 0x56d0afb4, L:/127.0.0.1:56689 - R:localhost/127.0.0.1:57626] for POST '/session/6886c4ff603b7a208577cf5560b78b36/element/09d6a079-7ded-43fd-b964-ed036faac07e/clear'
15:56:26.687 [AsyncHttpClient-1-5] DEBUG org.asynchttpclient.netty.handler.HttpHandler - 

Request DefaultHttpRequest(decodeResult: success, version: HTTP/1.1)
POST /session/6886c4ff603b7a208577cf5560b78b36/element/09d6a079-7ded-43fd-b964-ed036faac07e/clear HTTP/1.1
User-Agent: selenium/4.1.2 (java windows)
Content-Length: 50
Content-Type: application/json; charset=utf-8
host: localhost:57626
accept: */*

Response DefaultHttpResponse(decodeResult: success, version: HTTP/1.1)
HTTP/1.1 200 OK
Content-Type: application/json; charset=utf-8
cache-control: no-cache
content-length: 14

15:56:26.687 [AsyncHttpClient-1-5] DEBUG org.asynchttpclient.netty.channel.ChannelManager - Adding key: http://localhost:57626 for channel [id: 0x56d0afb4, L:/127.0.0.1:56689 - R:localhost/127.0.0.1:57626]
15:56:26.689 [Forwarding sendKeysToElement on session 6886c4ff603b7a208577cf5560b78b36 to remote] DEBUG org.asynchttpclient.netty.request.NettyRequestSender - Using pooled Channel '[id: 0x56d0afb4, L:/127.0.0.1:56689 - R:localhost/127.0.0.1:57626]' for 'POST' to 'http://localhost:57626/session/6886c4ff603b7a208577cf5560b78b36/element/09d6a079-7ded-43fd-b964-ed036faac07e/value'
15:56:26.689 [Forwarding sendKeysToElement on session 6886c4ff603b7a208577cf5560b78b36 to remote] DEBUG org.asynchttpclient.netty.request.NettyRequestSender - Using open Channel [id: 0x56d0afb4, L:/127.0.0.1:56689 - R:localhost/127.0.0.1:57626] for POST '/session/6886c4ff603b7a208577cf5560b78b36/element/09d6a079-7ded-43fd-b964-ed036faac07e/value'
15:56:26.945 [AsyncHttpClient-1-5] DEBUG org.asynchttpclient.netty.handler.HttpHandler - 

Request DefaultHttpRequest(decodeResult: success, version: HTTP/1.1)
POST /session/6886c4ff603b7a208577cf5560b78b36/element/09d6a079-7ded-43fd-b964-ed036faac07e/value HTTP/1.1
User-Agent: selenium/4.1.2 (java windows)
Content-Length: 171
Content-Type: application/json; charset=utf-8
host: localhost:57626
accept: */*

Response DefaultHttpResponse(decodeResult: success, version: HTTP/1.1)
HTTP/1.1 200 OK
Content-Type: application/json; charset=utf-8
cache-control: no-cache
content-length: 14

15:56:26.945 [AsyncHttpClient-1-5] DEBUG org.asynchttpclient.netty.channel.ChannelManager - Adding key: http://localhost:57626 for channel [id: 0x56d0afb4, L:/127.0.0.1:56689 - R:localhost/127.0.0.1:57626]
15:56:26.961 [Forwarding screenshot on session 6886c4ff603b7a208577cf5560b78b36 to remote] DEBUG org.asynchttpclient.netty.request.NettyRequestSender - Using pooled Channel '[id: 0x56d0afb4, L:/127.0.0.1:56689 - R:localhost/127.0.0.1:57626]' for 'GET' to 'http://localhost:57626/session/6886c4ff603b7a208577cf5560b78b36/screenshot'
15:56:26.961 [Forwarding screenshot on session 6886c4ff603b7a208577cf5560b78b36 to remote] DEBUG org.asynchttpclient.netty.request.NettyRequestSender - Using open Channel [id: 0x56d0afb4, L:/127.0.0.1:56689 - R:localhost/127.0.0.1:57626] for GET '/session/6886c4ff603b7a208577cf5560b78b36/screenshot'
15:56:27.172 [AsyncHttpClient-1-5] DEBUG org.asynchttpclient.netty.handler.HttpHandler - 

Request DefaultFullHttpRequest(decodeResult: success, version: HTTP/1.1, content: EmptyByteBufBE)
GET /session/6886c4ff603b7a208577cf5560b78b36/screenshot HTTP/1.1
User-Agent: selenium/4.1.2 (java windows)
Cache-Control: no-cache
Content-Type: application/json; charset=utf-8
host: localhost:57626
accept: */*

Response DefaultHttpResponse(decodeResult: success, version: HTTP/1.1)
HTTP/1.1 200 OK
Content-Type: application/json; charset=utf-8
cache-control: no-cache
content-length: 34892

15:56:27.174 [AsyncHttpClient-1-5] DEBUG org.asynchttpclient.netty.channel.ChannelManager - Adding key: http://localhost:57626 for channel [id: 0x56d0afb4, L:/127.0.0.1:56689 - R:localhost/127.0.0.1:57626]
15:56:27.177 [main] DEBUG net.serenitybdd.core.photography.Darkroom - Send negative for processing for target\site\serenity\b8637aed4a9750003960156b60f62b4d9d9aa87b1d4e25bf4e3c4c3e5db9ef10.png
15:56:27.178 [main] DEBUG net.thucydides.core.steps.StepInterceptor - STEP DONE: inputPassForRegist
  &amp#27;[32mAnd &amp#27;[0m&amp#27;[32mI input pass &amp#27;[0m&amp#27;[32m&amp#27;[1m"Halloo321"&amp#27;[0m                         &amp#27;[90m# starter.stepdefinitions.RegisterSteps.inputPass(java.lang.String)&amp#27;[0m
15:56:27.178 [Darkroom Processing Line] DEBUG net.serenitybdd.core.photography.DarkroomProcessingLine - Processing screenshot image in /var/screenshots/screenshot-11341930594368804571
15:56:27.178 [Darkroom Processing Line] DEBUG net.serenitybdd.core.photography.DarkroomProcessingLine - Saving screenshot to target\site\serenity\b8637aed4a9750003960156b60f62b4d9d9aa87b1d4e25bf4e3c4c3e5db9ef10.png
15:56:27.207 [main] DEBUG net.thucydides.core.steps.StepInterceptor - STARTING STEP: RegisterSteps.clickRegisterButton - clickRegisButton
15:56:27.211 [Forwarding findElement on session 6886c4ff603b7a208577cf5560b78b36 to remote] DEBUG org.asynchttpclient.netty.request.NettyRequestSender - Using pooled Channel '[id: 0x56d0afb4, L:/127.0.0.1:56689 - R:localhost/127.0.0.1:57626]' for 'POST' to 'http://localhost:57626/session/6886c4ff603b7a208577cf5560b78b36/element'
15:56:27.211 [Forwarding findElement on session 6886c4ff603b7a208577cf5560b78b36 to remote] DEBUG org.asynchttpclient.netty.request.NettyRequestSender - Using open Channel [id: 0x56d0afb4, L:/127.0.0.1:56689 - R:localhost/127.0.0.1:57626] for POST '/session/6886c4ff603b7a208577cf5560b78b36/element'
15:56:27.235 [AsyncHttpClient-1-5] DEBUG org.asynchttpclient.netty.handler.HttpHandler - 

Request DefaultHttpRequest(decodeResult: success, version: HTTP/1.1)
POST /session/6886c4ff603b7a208577cf5560b78b36/element HTTP/1.1
User-Agent: selenium/4.1.2 (java windows)
Content-Length: 138
Content-Type: application/json; charset=utf-8
host: localhost:57626
accept: */*

Response DefaultHttpResponse(decodeResult: success, version: HTTP/1.1)
HTTP/1.1 200 OK
Content-Type: application/json; charset=utf-8
cache-control: no-cache
content-length: 88

15:56:27.235 [AsyncHttpClient-1-5] DEBUG org.asynchttpclient.netty.channel.ChannelManager - Adding key: http://localhost:57626 for channel [id: 0x56d0afb4, L:/127.0.0.1:56689 - R:localhost/127.0.0.1:57626]
15:56:27.239 [Forwarding getElementTagName on session 6886c4ff603b7a208577cf5560b78b36 to remote] DEBUG org.asynchttpclient.netty.request.NettyRequestSender - Using pooled Channel '[id: 0x56d0afb4, L:/127.0.0.1:56689 - R:localhost/127.0.0.1:57626]' for 'GET' to 'http://localhost:57626/session/6886c4ff603b7a208577cf5560b78b36/element/ef7cd053-9cf2-4307-95cc-2df718679fbd/name'
15:56:27.240 [Forwarding getElementTagName on session 6886c4ff603b7a208577cf5560b78b36 to remote] DEBUG org.asynchttpclient.netty.request.NettyRequestSender - Using open Channel [id: 0x56d0afb4, L:/127.0.0.1:56689 - R:localhost/127.0.0.1:57626] for GET '/session/6886c4ff603b7a208577cf5560b78b36/element/ef7cd053-9cf2-4307-95cc-2df718679fbd/name'
15:56:27.246 [AsyncHttpClient-1-5] DEBUG org.asynchttpclient.netty.handler.HttpHandler - 

Request DefaultFullHttpRequest(decodeResult: success, version: HTTP/1.1, content: EmptyByteBufBE)
GET /session/6886c4ff603b7a208577cf5560b78b36/element/ef7cd053-9cf2-4307-95cc-2df718679fbd/name HTTP/1.1
User-Agent: selenium/4.1.2 (java windows)
Cache-Control: no-cache
Content-Type: application/json; charset=utf-8
host: localhost:57626
accept: */*

Response DefaultHttpResponse(decodeResult: success, version: HTTP/1.1)
HTTP/1.1 200 OK
Content-Type: application/json; charset=utf-8
cache-control: no-cache
content-length: 18

15:56:27.246 [AsyncHttpClient-1-5] DEBUG org.asynchttpclient.netty.channel.ChannelManager - Adding key: http://localhost:57626 for channel [id: 0x56d0afb4, L:/127.0.0.1:56689 - R:localhost/127.0.0.1:57626]
15:56:27.247 [Forwarding getElementTagName on session 6886c4ff603b7a208577cf5560b78b36 to remote] DEBUG org.asynchttpclient.netty.request.NettyRequestSender - Using pooled Channel '[id: 0x56d0afb4, L:/127.0.0.1:56689 - R:localhost/127.0.0.1:57626]' for 'GET' to 'http://localhost:57626/session/6886c4ff603b7a208577cf5560b78b36/element/ef7cd053-9cf2-4307-95cc-2df718679fbd/name'
15:56:27.247 [Forwarding getElementTagName on session 6886c4ff603b7a208577cf5560b78b36 to remote] DEBUG org.asynchttpclient.netty.request.NettyRequestSender - Using open Channel [id: 0x56d0afb4, L:/127.0.0.1:56689 - R:localhost/127.0.0.1:57626] for GET '/session/6886c4ff603b7a208577cf5560b78b36/element/ef7cd053-9cf2-4307-95cc-2df718679fbd/name'
15:56:27.257 [AsyncHttpClient-1-5] DEBUG org.asynchttpclient.netty.handler.HttpHandler - 

Request DefaultFullHttpRequest(decodeResult: success, version: HTTP/1.1, content: EmptyByteBufBE)
GET /session/6886c4ff603b7a208577cf5560b78b36/element/ef7cd053-9cf2-4307-95cc-2df718679fbd/name HTTP/1.1
User-Agent: selenium/4.1.2 (java windows)
Cache-Control: no-cache
Content-Type: application/json; charset=utf-8
host: localhost:57626
accept: */*

Response DefaultHttpResponse(decodeResult: success, version: HTTP/1.1)
HTTP/1.1 200 OK
Content-Type: application/json; charset=utf-8
cache-control: no-cache
content-length: 18

15:56:27.257 [AsyncHttpClient-1-5] DEBUG org.asynchttpclient.netty.channel.ChannelManager - Adding key: http://localhost:57626 for channel [id: 0x56d0afb4, L:/127.0.0.1:56689 - R:localhost/127.0.0.1:57626]
15:56:27.260 [Forwarding isElementEnabled on session 6886c4ff603b7a208577cf5560b78b36 to remote] DEBUG org.asynchttpclient.netty.request.NettyRequestSender - Using pooled Channel '[id: 0x56d0afb4, L:/127.0.0.1:56689 - R:localhost/127.0.0.1:57626]' for 'GET' to 'http://localhost:57626/session/6886c4ff603b7a208577cf5560b78b36/element/ef7cd053-9cf2-4307-95cc-2df718679fbd/enabled'
15:56:27.260 [Forwarding isElementEnabled on session 6886c4ff603b7a208577cf5560b78b36 to remote] DEBUG org.asynchttpclient.netty.request.NettyRequestSender - Using open Channel [id: 0x56d0afb4, L:/127.0.0.1:56689 - R:localhost/127.0.0.1:57626] for GET '/session/6886c4ff603b7a208577cf5560b78b36/element/ef7cd053-9cf2-4307-95cc-2df718679fbd/enabled'
15:56:27.274 [AsyncHttpClient-1-5] DEBUG org.asynchttpclient.netty.handler.HttpHandler - 

Request DefaultFullHttpRequest(decodeResult: success, version: HTTP/1.1, content: EmptyByteBufBE)
GET /session/6886c4ff603b7a208577cf5560b78b36/element/ef7cd053-9cf2-4307-95cc-2df718679fbd/enabled HTTP/1.1
User-Agent: selenium/4.1.2 (java windows)
Cache-Control: no-cache
Content-Type: application/json; charset=utf-8
host: localhost:57626
accept: */*

Response DefaultHttpResponse(decodeResult: success, version: HTTP/1.1)
HTTP/1.1 200 OK
Content-Type: application/json; charset=utf-8
cache-control: no-cache
content-length: 14

15:56:27.275 [AsyncHttpClient-1-5] DEBUG org.asynchttpclient.netty.channel.ChannelManager - Adding key: http://localhost:57626 for channel [id: 0x56d0afb4, L:/127.0.0.1:56689 - R:localhost/127.0.0.1:57626]
15:56:27.276 [Forwarding isElementEnabled on session 6886c4ff603b7a208577cf5560b78b36 to remote] DEBUG org.asynchttpclient.netty.request.NettyRequestSender - Using pooled Channel '[id: 0x56d0afb4, L:/127.0.0.1:56689 - R:localhost/127.0.0.1:57626]' for 'GET' to 'http://localhost:57626/session/6886c4ff603b7a208577cf5560b78b36/element/ef7cd053-9cf2-4307-95cc-2df718679fbd/enabled'
15:56:27.276 [Forwarding isElementEnabled on session 6886c4ff603b7a208577cf5560b78b36 to remote] DEBUG org.asynchttpclient.netty.request.NettyRequestSender - Using open Channel [id: 0x56d0afb4, L:/127.0.0.1:56689 - R:localhost/127.0.0.1:57626] for GET '/session/6886c4ff603b7a208577cf5560b78b36/element/ef7cd053-9cf2-4307-95cc-2df718679fbd/enabled'
15:56:27.288 [AsyncHttpClient-1-5] DEBUG org.asynchttpclient.netty.handler.HttpHandler - 

Request DefaultFullHttpRequest(decodeResult: success, version: HTTP/1.1, content: EmptyByteBufBE)
GET /session/6886c4ff603b7a208577cf5560b78b36/element/ef7cd053-9cf2-4307-95cc-2df718679fbd/enabled HTTP/1.1
User-Agent: selenium/4.1.2 (java windows)
Cache-Control: no-cache
Content-Type: application/json; charset=utf-8
host: localhost:57626
accept: */*

Response DefaultHttpResponse(decodeResult: success, version: HTTP/1.1)
HTTP/1.1 200 OK
Content-Type: application/json; charset=utf-8
cache-control: no-cache
content-length: 14

15:56:27.289 [AsyncHttpClient-1-5] DEBUG org.asynchttpclient.netty.channel.ChannelManager - Adding key: http://localhost:57626 for channel [id: 0x56d0afb4, L:/127.0.0.1:56689 - R:localhost/127.0.0.1:57626]
15:56:27.291 [Forwarding findElement on session 6886c4ff603b7a208577cf5560b78b36 to remote] DEBUG org.asynchttpclient.netty.request.NettyRequestSender - Using pooled Channel '[id: 0x56d0afb4, L:/127.0.0.1:56689 - R:localhost/127.0.0.1:57626]' for 'POST' to 'http://localhost:57626/session/6886c4ff603b7a208577cf5560b78b36/element'
15:56:27.291 [Forwarding findElement on session 6886c4ff603b7a208577cf5560b78b36 to remote] DEBUG org.asynchttpclient.netty.request.NettyRequestSender - Using open Channel [id: 0x56d0afb4, L:/127.0.0.1:56689 - R:localhost/127.0.0.1:57626] for POST '/session/6886c4ff603b7a208577cf5560b78b36/element'
15:56:27.303 [AsyncHttpClient-1-5] DEBUG org.asynchttpclient.netty.handler.HttpHandler - 

Request DefaultHttpRequest(decodeResult: success, version: HTTP/1.1)
POST /session/6886c4ff603b7a208577cf5560b78b36/element HTTP/1.1
User-Agent: selenium/4.1.2 (java windows)
Content-Length: 138
Content-Type: application/json; charset=utf-8
host: localhost:57626
accept: */*

Response DefaultHttpResponse(decodeResult: success, version: HTTP/1.1)
HTTP/1.1 200 OK
Content-Type: application/json; charset=utf-8
cache-control: no-cache
content-length: 88

15:56:27.303 [AsyncHttpClient-1-5] DEBUG org.asynchttpclient.netty.channel.ChannelManager - Adding key: http://localhost:57626 for channel [id: 0x56d0afb4, L:/127.0.0.1:56689 - R:localhost/127.0.0.1:57626]
15:56:27.305 [Forwarding clickElement on session 6886c4ff603b7a208577cf5560b78b36 to remote] DEBUG org.asynchttpclient.netty.request.NettyRequestSender - Using pooled Channel '[id: 0x56d0afb4, L:/127.0.0.1:56689 - R:localhost/127.0.0.1:57626]' for 'POST' to 'http://localhost:57626/session/6886c4ff603b7a208577cf5560b78b36/element/ef7cd053-9cf2-4307-95cc-2df718679fbd/click'
15:56:27.305 [Forwarding clickElement on session 6886c4ff603b7a208577cf5560b78b36 to remote] DEBUG org.asynchttpclient.netty.request.NettyRequestSender - Using open Channel [id: 0x56d0afb4, L:/127.0.0.1:56689 - R:localhost/127.0.0.1:57626] for POST '/session/6886c4ff603b7a208577cf5560b78b36/element/ef7cd053-9cf2-4307-95cc-2df718679fbd/click'
15:56:27.392 [AsyncHttpClient-1-5] DEBUG org.asynchttpclient.netty.handler.HttpHandler - 

Request DefaultHttpRequest(decodeResult: success, version: HTTP/1.1)
POST /session/6886c4ff603b7a208577cf5560b78b36/element/ef7cd053-9cf2-4307-95cc-2df718679fbd/click HTTP/1.1
User-Agent: selenium/4.1.2 (java windows)
Content-Length: 50
Content-Type: application/json; charset=utf-8
host: localhost:57626
accept: */*

Response DefaultHttpResponse(decodeResult: success, version: HTTP/1.1)
HTTP/1.1 200 OK
Content-Type: application/json; charset=utf-8
cache-control: no-cache
content-length: 14

15:56:27.393 [AsyncHttpClient-1-5] DEBUG org.asynchttpclient.netty.channel.ChannelManager - Adding key: http://localhost:57626 for channel [id: 0x56d0afb4, L:/127.0.0.1:56689 - R:localhost/127.0.0.1:57626]
15:56:27.405 [Forwarding screenshot on session 6886c4ff603b7a208577cf5560b78b36 to remote] DEBUG org.asynchttpclient.netty.request.NettyRequestSender - Using pooled Channel '[id: 0x56d0afb4, L:/127.0.0.1:56689 - R:localhost/127.0.0.1:57626]' for 'GET' to 'http://localhost:57626/session/6886c4ff603b7a208577cf5560b78b36/screenshot'
15:56:27.405 [Forwarding screenshot on session 6886c4ff603b7a208577cf5560b78b36 to remote] DEBUG org.asynchttpclient.netty.request.NettyRequestSender - Using open Channel [id: 0x56d0afb4, L:/127.0.0.1:56689 - R:localhost/127.0.0.1:57626] for GET '/session/6886c4ff603b7a208577cf5560b78b36/screenshot'
15:56:27.461 [AsyncHttpClient-1-1] DEBUG org.asynchttpclient.netty.channel.DefaultChannelPool - Entry count for : http://localhost:56690 : 1
15:56:27.769 [AsyncHttpClient-1-5] DEBUG org.asynchttpclient.netty.handler.HttpHandler - 

Request DefaultFullHttpRequest(decodeResult: success, version: HTTP/1.1, content: EmptyByteBufBE)
GET /session/6886c4ff603b7a208577cf5560b78b36/screenshot HTTP/1.1
User-Agent: selenium/4.1.2 (java windows)
Cache-Control: no-cache
Content-Type: application/json; charset=utf-8
host: localhost:57626
accept: */*

Response DefaultHttpResponse(decodeResult: success, version: HTTP/1.1)
HTTP/1.1 200 OK
Content-Type: application/json; charset=utf-8
cache-control: no-cache
content-length: 34288

15:56:27.769 [AsyncHttpClient-1-5] DEBUG org.asynchttpclient.netty.channel.ChannelManager - Adding key: http://localhost:57626 for channel [id: 0x56d0afb4, L:/127.0.0.1:56689 - R:localhost/127.0.0.1:57626]
15:56:27.772 [main] DEBUG net.serenitybdd.core.photography.Darkroom - Send negative for processing for target\site\serenity\cd2aa7c6edc0918d5dbf1d8e35a2b4e2bd20be703aa64e334a19d9db17defa8a.png
15:56:27.772 [main] DEBUG net.thucydides.core.steps.StepInterceptor - STEP DONE: clickRegisButton
  &amp#27;[32mAnd &amp#27;[0m&amp#27;[32mclick register button&amp#27;[0m                            &amp#27;[90m# starter.stepdefinitions.RegisterSteps.clickRegisterButton()&amp#27;[0m
15:56:27.772 [Darkroom Processing Line] DEBUG net.serenitybdd.core.photography.DarkroomProcessingLine - Processing screenshot image in /var/screenshots/screenshot-18243350744374952669
15:56:27.772 [Darkroom Processing Line] DEBUG net.serenitybdd.core.photography.DarkroomProcessingLine - Saving screenshot to target\site\serenity\cd2aa7c6edc0918d5dbf1d8e35a2b4e2bd20be703aa64e334a19d9db17defa8a.png
15:56:27.810 [main] DEBUG net.thucydides.core.steps.StepInterceptor - STARTING STEP: RegisterSteps.iGetResult - alertSymbolAppears
15:56:27.841 [Forwarding findElement on session 6886c4ff603b7a208577cf5560b78b36 to remote] DEBUG org.asynchttpclient.netty.request.NettyRequestSender - Using pooled Channel '[id: 0x56d0afb4, L:/127.0.0.1:56689 - R:localhost/127.0.0.1:57626]' for 'POST' to 'http://localhost:57626/session/6886c4ff603b7a208577cf5560b78b36/element'
15:56:27.841 [Forwarding findElement on session 6886c4ff603b7a208577cf5560b78b36 to remote] DEBUG org.asynchttpclient.netty.request.NettyRequestSender - Using open Channel [id: 0x56d0afb4, L:/127.0.0.1:56689 - R:localhost/127.0.0.1:57626] for POST '/session/6886c4ff603b7a208577cf5560b78b36/element'
15:56:27.849 [AsyncHttpClient-1-5] DEBUG org.asynchttpclient.netty.handler.HttpHandler - 

Request DefaultHttpRequest(decodeResult: success, version: HTTP/1.1)
POST /session/6886c4ff603b7a208577cf5560b78b36/element HTTP/1.1
User-Agent: selenium/4.1.2 (java windows)
Content-Length: 53
Content-Type: application/json; charset=utf-8
host: localhost:57626
accept: */*

Response DefaultHttpResponse(decodeResult: success, version: HTTP/1.1)
HTTP/1.1 400 Bad Request
Content-Type: application/json; charset=utf-8
cache-control: no-cache
content-length: 957

15:56:27.850 [AsyncHttpClient-1-5] DEBUG org.asynchttpclient.netty.channel.ChannelManager - Adding key: http://localhost:57626 for channel [id: 0x56d0afb4, L:/127.0.0.1:56689 - R:localhost/127.0.0.1:57626]
15:56:27.852 [Forwarding findElement on session 6886c4ff603b7a208577cf5560b78b36 to remote] DEBUG org.asynchttpclient.netty.request.NettyRequestSender - Using pooled Channel '[id: 0x56d0afb4, L:/127.0.0.1:56689 - R:localhost/127.0.0.1:57626]' for 'POST' to 'http://localhost:57626/session/6886c4ff603b7a208577cf5560b78b36/element'
15:56:27.852 [Forwarding findElement on session 6886c4ff603b7a208577cf5560b78b36 to remote] DEBUG org.asynchttpclient.netty.request.NettyRequestSender - Using open Channel [id: 0x56d0afb4, L:/127.0.0.1:56689 - R:localhost/127.0.0.1:57626] for POST '/session/6886c4ff603b7a208577cf5560b78b36/element'
15:56:27.874 [AsyncHttpClient-1-5] DEBUG org.asynchttpclient.netty.handler.HttpHandler - 

Request DefaultHttpRequest(decodeResult: success, version: HTTP/1.1)
POST /session/6886c4ff603b7a208577cf5560b78b36/element HTTP/1.1
User-Agent: selenium/4.1.2 (java windows)
Content-Length: 63
Content-Type: application/json; charset=utf-8
host: localhost:57626
accept: */*

Response DefaultHttpResponse(decodeResult: success, version: HTTP/1.1)
HTTP/1.1 200 OK
Content-Type: application/json; charset=utf-8
cache-control: no-cache
content-length: 88

15:56:27.874 [AsyncHttpClient-1-5] DEBUG org.asynchttpclient.netty.channel.ChannelManager - Adding key: http://localhost:57626 for channel [id: 0x56d0afb4, L:/127.0.0.1:56689 - R:localhost/127.0.0.1:57626]
15:56:27.879 [Forwarding isElementDisplayed on session 6886c4ff603b7a208577cf5560b78b36 to remote] DEBUG org.asynchttpclient.netty.request.NettyRequestSender - Using pooled Channel '[id: 0x56d0afb4, L:/127.0.0.1:56689 - R:localhost/127.0.0.1:57626]' for 'POST' to 'http://localhost:57626/session/6886c4ff603b7a208577cf5560b78b36/execute/sync'
15:56:27.879 [Forwarding isElementDisplayed on session 6886c4ff603b7a208577cf5560b78b36 to remote] DEBUG org.asynchttpclient.netty.request.NettyRequestSender - Using open Channel [id: 0x56d0afb4, L:/127.0.0.1:56689 - R:localhost/127.0.0.1:57626] for POST '/session/6886c4ff603b7a208577cf5560b78b36/execute/sync'
15:56:27.965 [AsyncHttpClient-1-5] DEBUG org.asynchttpclient.netty.handler.HttpHandler - 

Request DefaultHttpRequest(decodeResult: success, version: HTTP/1.1)
POST /session/6886c4ff603b7a208577cf5560b78b36/execute/sync HTTP/1.1
User-Agent: selenium/4.1.2 (java windows)
Content-Length: 48780
Content-Type: application/json; charset=utf-8
host: localhost:57626
accept: */*

Response DefaultHttpResponse(decodeResult: success, version: HTTP/1.1)
HTTP/1.1 200 OK
Content-Type: application/json; charset=utf-8
cache-control: no-cache
content-length: 14

15:56:27.965 [AsyncHttpClient-1-5] DEBUG org.asynchttpclient.netty.channel.ChannelManager - Adding key: http://localhost:57626 for channel [id: 0x56d0afb4, L:/127.0.0.1:56689 - R:localhost/127.0.0.1:57626]
15:56:27.974 [Forwarding screenshot on session 6886c4ff603b7a208577cf5560b78b36 to remote] DEBUG org.asynchttpclient.netty.request.NettyRequestSender - Using pooled Channel '[id: 0x56d0afb4, L:/127.0.0.1:56689 - R:localhost/127.0.0.1:57626]' for 'GET' to 'http://localhost:57626/session/6886c4ff603b7a208577cf5560b78b36/screenshot'
15:56:27.974 [Forwarding screenshot on session 6886c4ff603b7a208577cf5560b78b36 to remote] DEBUG org.asynchttpclient.netty.request.NettyRequestSender - Using open Channel [id: 0x56d0afb4, L:/127.0.0.1:56689 - R:localhost/127.0.0.1:57626] for GET '/session/6886c4ff603b7a208577cf5560b78b36/screenshot'
15:56:28.234 [AsyncHttpClient-1-5] DEBUG org.asynchttpclient.netty.handler.HttpHandler - 

Request DefaultFullHttpRequest(decodeResult: success, version: HTTP/1.1, content: EmptyByteBufBE)
GET /session/6886c4ff603b7a208577cf5560b78b36/screenshot HTTP/1.1
User-Agent: selenium/4.1.2 (java windows)
Cache-Control: no-cache
Content-Type: application/json; charset=utf-8
host: localhost:57626
accept: */*

Response DefaultHttpResponse(decodeResult: success, version: HTTP/1.1)
HTTP/1.1 200 OK
Content-Type: application/json; charset=utf-8
cache-control: no-cache
content-length: 36220

15:56:28.235 [AsyncHttpClient-1-5] DEBUG org.asynchttpclient.netty.channel.ChannelManager - Adding key: http://localhost:57626 for channel [id: 0x56d0afb4, L:/127.0.0.1:56689 - R:localhost/127.0.0.1:57626]
15:56:28.237 [main] DEBUG net.serenitybdd.core.photography.Darkroom - Send negative for processing for target\site\serenity\2c5bd899378fa8e4ffa421c28eafb1a5537a230188ad90f2ae84c248ffc74bc0.png
15:56:28.237 [main] DEBUG net.thucydides.core.steps.StepInterceptor - STEP DONE: alertSymbolAppears
15:56:28.237 [Darkroom Processing Line] DEBUG net.serenitybdd.core.photography.DarkroomProcessingLine - Processing screenshot image in /var/screenshots/screenshot-4298705609035589002
15:56:28.237 [Darkroom Processing Line] DEBUG net.serenitybdd.core.photography.DarkroomProcessingLine - Saving screenshot to target\site\serenity\2c5bd899378fa8e4ffa421c28eafb1a5537a230188ad90f2ae84c248ffc74bc0.png
15:56:28.241 [Forwarding findElement on session 6886c4ff603b7a208577cf5560b78b36 to remote] DEBUG org.asynchttpclient.netty.request.NettyRequestSender - Using pooled Channel '[id: 0x56d0afb4, L:/127.0.0.1:56689 - R:localhost/127.0.0.1:57626]' for 'POST' to 'http://localhost:57626/session/6886c4ff603b7a208577cf5560b78b36/element'
15:56:28.242 [Forwarding findElement on session 6886c4ff603b7a208577cf5560b78b36 to remote] DEBUG org.asynchttpclient.netty.request.NettyRequestSender - Using open Channel [id: 0x56d0afb4, L:/127.0.0.1:56689 - R:localhost/127.0.0.1:57626] for POST '/session/6886c4ff603b7a208577cf5560b78b36/element'
15:56:28.254 [AsyncHttpClient-1-5] DEBUG org.asynchttpclient.netty.handler.HttpHandler - 

Request DefaultHttpRequest(decodeResult: success, version: HTTP/1.1)
POST /session/6886c4ff603b7a208577cf5560b78b36/element HTTP/1.1
User-Agent: selenium/4.1.2 (java windows)
Content-Length: 63
Content-Type: application/json; charset=utf-8
host: localhost:57626
accept: */*

Response DefaultHttpResponse(decodeResult: success, version: HTTP/1.1)
HTTP/1.1 200 OK
Content-Type: application/json; charset=utf-8
cache-control: no-cache
content-length: 88

15:56:28.255 [AsyncHttpClient-1-5] DEBUG org.asynchttpclient.netty.channel.ChannelManager - Adding key: http://localhost:57626 for channel [id: 0x56d0afb4, L:/127.0.0.1:56689 - R:localhost/127.0.0.1:57626]
15:56:28.255 [Forwarding getElementText on session 6886c4ff603b7a208577cf5560b78b36 to remote] DEBUG org.asynchttpclient.netty.request.NettyRequestSender - Using pooled Channel '[id: 0x56d0afb4, L:/127.0.0.1:56689 - R:localhost/127.0.0.1:57626]' for 'GET' to 'http://localhost:57626/session/6886c4ff603b7a208577cf5560b78b36/element/c07f9c1c-b2ce-42af-9d5f-f0de85fe84a4/text'
15:56:28.255 [Forwarding getElementText on session 6886c4ff603b7a208577cf5560b78b36 to remote] DEBUG org.asynchttpclient.netty.request.NettyRequestSender - Using open Channel [id: 0x56d0afb4, L:/127.0.0.1:56689 - R:localhost/127.0.0.1:57626] for GET '/session/6886c4ff603b7a208577cf5560b78b36/element/c07f9c1c-b2ce-42af-9d5f-f0de85fe84a4/text'
15:56:28.276 [AsyncHttpClient-1-5] DEBUG org.asynchttpclient.netty.handler.HttpHandler - 

Request DefaultFullHttpRequest(decodeResult: success, version: HTTP/1.1, content: EmptyByteBufBE)
GET /session/6886c4ff603b7a208577cf5560b78b36/element/c07f9c1c-b2ce-42af-9d5f-f0de85fe84a4/text HTTP/1.1
User-Agent: selenium/4.1.2 (java windows)
Cache-Control: no-cache
Content-Type: application/json; charset=utf-8
host: localhost:57626
accept: */*

Response DefaultHttpResponse(decodeResult: success, version: HTTP/1.1)
HTTP/1.1 200 OK
Content-Type: application/json; charset=utf-8
cache-control: no-cache
content-length: 12

15:56:28.276 [AsyncHttpClient-1-5] DEBUG org.asynchttpclient.netty.channel.ChannelManager - Adding key: http://localhost:57626 for channel [id: 0x56d0afb4, L:/127.0.0.1:56689 - R:localhost/127.0.0.1:57626]
  &amp#27;[32mThen &amp#27;[0m&amp#27;[32mI get the &amp#27;[0m&amp#27;[32m&amp#27;[1m"alert message: fullname is required"&amp#27;[0m &amp#27;[90m# starter.stepdefinitions.RegisterSteps.iGetResult(java.lang.String)&amp#27;[0m
15:56:28.288 [Forwarding screenshot on session 6886c4ff603b7a208577cf5560b78b36 to remote] DEBUG org.asynchttpclient.netty.request.NettyRequestSender - Using pooled Channel '[id: 0x56d0afb4, L:/127.0.0.1:56689 - R:localhost/127.0.0.1:57626]' for 'GET' to 'http://localhost:57626/session/6886c4ff603b7a208577cf5560b78b36/screenshot'
15:56:28.288 [Forwarding screenshot on session 6886c4ff603b7a208577cf5560b78b36 to remote] DEBUG org.asynchttpclient.netty.request.NettyRequestSender - Using open Channel [id: 0x56d0afb4, L:/127.0.0.1:56689 - R:localhost/127.0.0.1:57626] for GET '/session/6886c4ff603b7a208577cf5560b78b36/screenshot'
15:56:28.436 [AsyncHttpClient-1-5] DEBUG org.asynchttpclient.netty.handler.HttpHandler - 

Request DefaultFullHttpRequest(decodeResult: success, version: HTTP/1.1, content: EmptyByteBufBE)
GET /session/6886c4ff603b7a208577cf5560b78b36/screenshot HTTP/1.1
User-Agent: selenium/4.1.2 (java windows)
Cache-Control: no-cache
Content-Type: application/json; charset=utf-8
host: localhost:57626
accept: */*

Response DefaultHttpResponse(decodeResult: success, version: HTTP/1.1)
HTTP/1.1 200 OK
Content-Type: application/json; charset=utf-8
cache-control: no-cache
content-length: 36220

15:56:28.436 [AsyncHttpClient-1-5] DEBUG org.asynchttpclient.netty.channel.ChannelManager - Adding key: http://localhost:57626 for channel [id: 0x56d0afb4, L:/127.0.0.1:56689 - R:localhost/127.0.0.1:57626]
15:56:28.438 [main] DEBUG net.serenitybdd.core.photography.Darkroom - Send negative for processing for target\site\serenity\2c5bd899378fa8e4ffa421c28eafb1a5537a230188ad90f2ae84c248ffc74bc0.png
15:56:28.441 [AsyncHttpClient-1-3] DEBUG org.asynchttpclient.netty.handler.WebSocketHandler - Channel Closed: [id: 0xdb982a88, L:/127.0.0.1:56699 ! R:localhost/127.0.0.1:56690] with attribute NettyResponseFuture{currentRetry=5,
	isDone=1,
	isCancelled=0,
	asyncHandler=org.asynchttpclient.ws.WebSocketUpgradeHandler@12e81e0,
	nettyRequest=org.asynchttpclient.netty.request.NettyRequest@2b2e758d,
	future=java.util.concurrent.CompletableFuture@3ef67646[Completed normally],
	uri=ws://localhost:56690/devtools/browser/512417cb-a33f-40f2-9f41-18b2c68d967c,
	keepAlive=true,
	redirectCount=0,
	timeoutsHolder=null,
	inAuth=0,
	touch=1652864181094}
15:56:28.441 [AsyncHttpClient-1-3] DEBUG org.asynchttpclient.netty.channel.ChannelManager - Closing Channel [id: 0xdb982a88, L:/127.0.0.1:56699 ! R:localhost/127.0.0.1:56690] 
15:56:28.443 [Driver Command Executor] DEBUG org.asynchttpclient.netty.request.NettyRequestSender - Using pooled Channel '[id: 0x56d0afb4, L:/127.0.0.1:56689 - R:localhost/127.0.0.1:57626]' for 'DELETE' to 'http://localhost:57626/session/6886c4ff603b7a208577cf5560b78b36'
15:56:28.443 [Driver Command Executor] DEBUG org.asynchttpclient.netty.request.NettyRequestSender - Using open Channel [id: 0x56d0afb4, L:/127.0.0.1:56689 - R:localhost/127.0.0.1:57626] for DELETE '/session/6886c4ff603b7a208577cf5560b78b36'
15:56:28.561 [AsyncHttpClient-1-1] DEBUG org.asynchttpclient.netty.channel.DefaultChannelPool - Entry count for : http://localhost:56690 : 1
15:56:28.643 [AsyncHttpClient-1-2] DEBUG org.asynchttpclient.netty.handler.HttpHandler - Unexpected I/O exception on channel [id: 0xb002a465, L:/127.0.0.1:56698 - R:localhost/127.0.0.1:56690]
java.net.SocketException: Connection reset
	at java.base/sun.nio.ch.SocketChannelImpl.throwConnectionReset(SocketChannelImpl.java:367)
	at java.base/sun.nio.ch.SocketChannelImpl.read(SocketChannelImpl.java:398)
	at io.netty.buffer.PooledByteBuf.setBytes(PooledByteBuf.java:258)
	at io.netty.buffer.AbstractByteBuf.writeBytes(AbstractByteBuf.java:1132)
	at io.netty.channel.socket.nio.NioSocketChannel.doReadBytes(NioSocketChannel.java:350)
	at io.netty.channel.nio.AbstractNioByteChannel$NioByteUnsafe.read(AbstractNioByteChannel.java:151)
	at io.netty.channel.nio.NioEventLoop.processSelectedKey(NioEventLoop.java:722)
	at io.netty.channel.nio.NioEventLoop.processSelectedKeysOptimized(NioEventLoop.java:658)
	at io.netty.channel.nio.NioEventLoop.processSelectedKeys(NioEventLoop.java:584)
	at io.netty.channel.nio.NioEventLoop.run(NioEventLoop.java:496)
	at io.netty.util.concurrent.SingleThreadEventExecutor$4.run(SingleThreadEventExecutor.java:986)
	at io.netty.util.internal.ThreadExecutorMap$2.run(ThreadExecutorMap.java:74)
	at io.netty.util.concurrent.FastThreadLocalRunnable.run(FastThreadLocalRunnable.java:30)
	at java.base/java.lang.Thread.run(Thread.java:832)
15:56:28.644 [AsyncHttpClient-1-2] DEBUG org.asynchttpclient.netty.channel.ChannelManager - Closing Channel [id: 0xb002a465, L:/127.0.0.1:56698 - R:localhost/127.0.0.1:56690] 
15:56:28.644 [AsyncHttpClient-1-2] DEBUG org.asynchttpclient.netty.handler.HttpHandler - Channel Closed: [id: 0xb002a465, L:/127.0.0.1:56698 ! R:localhost/127.0.0.1:56690] with attribute DISCARD
15:56:28.680 [AsyncHttpClient-1-5] DEBUG org.asynchttpclient.netty.handler.HttpHandler - 

Request DefaultFullHttpRequest(decodeResult: success, version: HTTP/1.1, content: EmptyByteBufBE)
DELETE /session/6886c4ff603b7a208577cf5560b78b36 HTTP/1.1
User-Agent: selenium/4.1.2 (java windows)
Content-Type: application/json; charset=utf-8
host: localhost:57626
accept: */*

Response DefaultHttpResponse(decodeResult: success, version: HTTP/1.1)
HTTP/1.1 200 OK
Content-Type: application/json; charset=utf-8
cache-control: no-cache
content-length: 14

15:56:28.680 [AsyncHttpClient-1-5] DEBUG org.asynchttpclient.netty.channel.ChannelManager - Adding key: http://localhost:57626 for channel [id: 0x56d0afb4, L:/127.0.0.1:56689 - R:localhost/127.0.0.1:57626]
15:56:29.029 [AsyncHttpClient-1-5] DEBUG org.asynchttpclient.netty.handler.HttpHandler - Channel Closed: [id: 0x56d0afb4, L:/127.0.0.1:56689 ! R:localhost/127.0.0.1:57626] with attribute DISCARD
]]></system-out>
    <system-err><![CDATA[Starting ChromeDriver 100.0.4896.60 (6a5d10861ce8de5fce22564658033b43cb7de047-refs/branch-heads/4896@{#875}) on port 57626
Only local connections are allowed.
Please see https://chromedriver.chromium.org/security-considerations for suggestions on keeping ChromeDriver safe.
ChromeDriver was started successfully.
[1652864180.486][WARNING]: This version of ChromeDriver has not been tested with Chrome version 101.
May 18, 2022 3:56:21 PM org.openqa.selenium.remote.ProtocolHandshake createSession
INFO: Detected dialect: W3C
May 18, 2022 3:56:21 PM org.openqa.selenium.devtools.CdpVersionFinder findNearestMatch
WARNING: Unable to find an exact match for CDP version 101, so returning the closest version found: 97
May 18, 2022 3:56:21 PM org.openqa.selenium.devtools.CdpVersionFinder findNearestMatch
INFO: Found CDP implementation for version 101 of 97
]]></system-err>
  </testcase>
  <testcase name="Register #5" classname="Register" time="11.906">
    <system-out><![CDATA[
Scenario Outline: Register                          &amp#27;[90m# src/test/resources/features/Register.feature:20&amp#27;[0m
15:56:29.574 [main] INFO io.cucumber.core.plugin.SerenityReporter - Running feature from file:///C:/Users/ponda/Documents/Final_Project/Final_Web/src/test/resources/features/Register.feature
15:56:29.656 [main] DEBUG net.thucydides.core.steps.StepInterceptor - STARTING STEP: RegisterSteps.onRegisterPage - openRegisURL
15:56:29.694 [main] INFO net.serenitybdd.core.webdriver.driverproviders.ChromeDriverProvider - Using automatically driver download
15:56:29.731 [AsyncHttpClient-1-1] DEBUG org.asynchttpclient.netty.channel.DefaultChannelPool - Entry count for : http://localhost:56690 : 1
15:56:29.731 [AsyncHttpClient-1-1] DEBUG org.asynchttpclient.netty.channel.DefaultChannelPool - Entry count for : http://localhost:57626 : 1
15:56:29.731 [AsyncHttpClient-1-1] DEBUG org.asynchttpclient.netty.channel.DefaultChannelPool - Adding Candidate expired Channel [id: 0xb002a465, L:/127.0.0.1:56698 ! R:localhost/127.0.0.1:56690] isIdleTimeoutExpired=false isRemotelyClosed=true isTtlExpired=false
15:56:29.731 [AsyncHttpClient-1-1] DEBUG org.asynchttpclient.netty.channel.DefaultChannelPool - Closing Idle Channel [id: 0xb002a465, L:/127.0.0.1:56698 ! R:localhost/127.0.0.1:56690]
15:56:29.731 [AsyncHttpClient-1-1] DEBUG org.asynchttpclient.netty.channel.DefaultChannelPool - Adding Candidate expired Channel [id: 0x56d0afb4, L:/127.0.0.1:56689 ! R:localhost/127.0.0.1:57626] isIdleTimeoutExpired=false isRemotelyClosed=true isTtlExpired=false
15:56:29.731 [AsyncHttpClient-1-1] DEBUG org.asynchttpclient.netty.channel.DefaultChannelPool - Closing Idle Channel [id: 0x56d0afb4, L:/127.0.0.1:56689 ! R:localhost/127.0.0.1:57626]
15:56:29.731 [AsyncHttpClient-1-1] DEBUG org.asynchttpclient.netty.channel.DefaultChannelPool - Closed 2 connections out of 2 in 0 ms
15:56:30.018 [main] DEBUG io.github.bonigarcia.wdm.cache.ResolutionCache - Resolution chrome=101 in cache (valid until 16:36:25 18/05/2022 WIB)
15:56:30.045 [main] DEBUG io.github.bonigarcia.wdm.cache.ResolutionCache - Resolution chrome101=101.0.4951.41 in cache (valid until 16:04:06 18/05/2022 WIB)
15:56:30.051 [main] INFO io.github.bonigarcia.wdm.WebDriverManager - Using chromedriver 101.0.4951.41 (resolved driver for Chrome 101)
15:56:30.085 [main] DEBUG io.github.bonigarcia.wdm.WebDriverManager - Driver chromedriver 101.0.4951.41 found in cache
15:56:30.087 [main] INFO io.github.bonigarcia.wdm.WebDriverManager - Exporting webdriver.chrome.driver as C:\Users\ponda\.cache\selenium\chromedriver\win32\101.0.4951.41\chromedriver.exe
15:56:30.325 [main] DEBUG net.serenitybdd.core.webdriver.driverproviders.ProvideNewDriver - Instantiating driver
15:56:30.325 [main] DEBUG net.serenitybdd.core.webdriver.driverproviders.ProvideNewDriver - Driver capabilities: Capabilities {acceptInsecureCerts: false, base.url: https://qa.alta.id, browserName: chrome, chrome.driver: src/test/resources/webdrive..., driver: chrome, goog:chromeOptions: {args: [], extensions: []}}
15:56:30.886 [AsyncHttpClient-1-4] DEBUG org.asynchttpclient.netty.channel.NettyConnectListener - Using new Channel '[id: 0xab4559d7, L:/127.0.0.1:56718 - R:localhost/127.0.0.1:54398]' for 'POST' to '/session'
15:56:33.039 [AsyncHttpClient-1-4] DEBUG org.asynchttpclient.netty.handler.HttpHandler - 

Request DefaultHttpRequest(decodeResult: success, version: HTTP/1.1)
POST /session HTTP/1.1
User-Agent: selenium/4.1.2 (java windows)
Content-Length: 599
Content-Type: application/json; charset=utf-8
host: localhost:54398
accept: */*

Response DefaultHttpResponse(decodeResult: success, version: HTTP/1.1)
HTTP/1.1 200 OK
Content-Type: application/json; charset=utf-8
cache-control: no-cache
content-length: 790

15:56:33.039 [AsyncHttpClient-1-4] DEBUG org.asynchttpclient.netty.channel.ChannelManager - Adding key: http://localhost:54398 for channel [id: 0xab4559d7, L:/127.0.0.1:56718 - R:localhost/127.0.0.1:54398]
15:56:33.066 [AsyncHttpClient-1-5] DEBUG org.asynchttpclient.netty.channel.NettyConnectListener - Using new Channel '[id: 0xae6e439a, L:/127.0.0.1:56725 - R:localhost/127.0.0.1:56719]' for 'GET' to '/json/version'
15:56:33.067 [AsyncHttpClient-1-5] DEBUG org.asynchttpclient.netty.handler.HttpHandler - 

Request DefaultFullHttpRequest(decodeResult: success, version: HTTP/1.1, content: EmptyByteBufBE)
GET /json/version HTTP/1.1
User-Agent: selenium/4.1.2 (java windows)
host: localhost:56719
accept: */*

Response DefaultHttpResponse(decodeResult: success, version: HTTP/1.1)
HTTP/1.1 200 OK
Content-Type: application/json; charset=UTF-8
content-length: 427

15:56:33.067 [AsyncHttpClient-1-5] DEBUG org.asynchttpclient.netty.channel.ChannelManager - Adding key: http://localhost:56719 for channel [id: 0xae6e439a, L:/127.0.0.1:56725 - R:localhost/127.0.0.1:56719]
15:56:33.074 [AsyncHttpClient-1-2] DEBUG org.asynchttpclient.netty.channel.NettyConnectListener - Using new Channel '[id: 0x7a4ca6cb, L:/127.0.0.1:56726 - R:localhost/127.0.0.1:56719]' for 'GET' to '/devtools/browser/d18e2e06-306e-4e03-8705-b3c0c354f77b'
15:56:33.075 [AsyncHttpClient-1-2] DEBUG org.asynchttpclient.netty.handler.WebSocketHandler - 

Request DefaultFullHttpRequest(decodeResult: success, version: HTTP/1.1, content: EmptyByteBufBE)
GET /devtools/browser/d18e2e06-306e-4e03-8705-b3c0c354f77b HTTP/1.1
upgrade: websocket
connection: upgrade
sec-websocket-key: YmSW7Ga+PE0RFlv8h8iVoA==
sec-websocket-version: 13
origin: http://localhost:56719
host: localhost:56719
accept: */*
user-agent: AHC/2.1

Response DefaultHttpResponse(decodeResult: success, version: HTTP/1.1)
HTTP/1.1 101 WebSocket Protocol Handshake
Upgrade: WebSocket
Connection: Upgrade
Sec-WebSocket-Accept: HcV8NdqL8Qk75oEXYA3uoM5cQrE=

15:56:33.085 [Forwarding maximizeCurrentWindow on session e99cfe8d2d20fe94465bcf3e96646458 to remote] DEBUG org.asynchttpclient.netty.request.NettyRequestSender - Using pooled Channel '[id: 0xab4559d7, L:/127.0.0.1:56718 - R:localhost/127.0.0.1:54398]' for 'POST' to 'http://localhost:54398/session/e99cfe8d2d20fe94465bcf3e96646458/window/maximize'
15:56:33.085 [Forwarding maximizeCurrentWindow on session e99cfe8d2d20fe94465bcf3e96646458 to remote] DEBUG org.asynchttpclient.netty.request.NettyRequestSender - Using open Channel [id: 0xab4559d7, L:/127.0.0.1:56718 - R:localhost/127.0.0.1:54398] for POST '/session/e99cfe8d2d20fe94465bcf3e96646458/window/maximize'
15:56:33.172 [AsyncHttpClient-1-1] DEBUG org.asynchttpclient.netty.channel.DefaultChannelPool - Entry count for : http://localhost:56719 : 1
15:56:33.316 [AsyncHttpClient-1-4] DEBUG org.asynchttpclient.netty.handler.HttpHandler - 

Request DefaultHttpRequest(decodeResult: success, version: HTTP/1.1)
POST /session/e99cfe8d2d20fe94465bcf3e96646458/window/maximize HTTP/1.1
User-Agent: selenium/4.1.2 (java windows)
Content-Length: 3
Content-Type: application/json; charset=utf-8
host: localhost:54398
accept: */*

Response DefaultHttpResponse(decodeResult: success, version: HTTP/1.1)
HTTP/1.1 200 OK
Content-Type: application/json; charset=utf-8
cache-control: no-cache
content-length: 51

15:56:33.316 [AsyncHttpClient-1-4] DEBUG org.asynchttpclient.netty.channel.ChannelManager - Adding key: http://localhost:54398 for channel [id: 0xab4559d7, L:/127.0.0.1:56718 - R:localhost/127.0.0.1:54398]
15:56:33.318 [Forwarding get on session e99cfe8d2d20fe94465bcf3e96646458 to remote] DEBUG org.asynchttpclient.netty.request.NettyRequestSender - Using pooled Channel '[id: 0xab4559d7, L:/127.0.0.1:56718 - R:localhost/127.0.0.1:54398]' for 'POST' to 'http://localhost:54398/session/e99cfe8d2d20fe94465bcf3e96646458/url'
15:56:33.318 [Forwarding get on session e99cfe8d2d20fe94465bcf3e96646458 to remote] DEBUG org.asynchttpclient.netty.request.NettyRequestSender - Using open Channel [id: 0xab4559d7, L:/127.0.0.1:56718 - R:localhost/127.0.0.1:54398] for POST '/session/e99cfe8d2d20fe94465bcf3e96646458/url'
15:56:34.261 [AsyncHttpClient-1-1] DEBUG org.asynchttpclient.netty.channel.DefaultChannelPool - Entry count for : http://localhost:56719 : 1
15:56:35.360 [AsyncHttpClient-1-1] DEBUG org.asynchttpclient.netty.channel.DefaultChannelPool - Entry count for : http://localhost:56719 : 1
15:56:36.460 [AsyncHttpClient-1-1] DEBUG org.asynchttpclient.netty.channel.DefaultChannelPool - Entry count for : http://localhost:56719 : 1
15:56:36.682 [AsyncHttpClient-1-4] DEBUG org.asynchttpclient.netty.handler.HttpHandler - 

Request DefaultHttpRequest(decodeResult: success, version: HTTP/1.1)
POST /session/e99cfe8d2d20fe94465bcf3e96646458/url HTTP/1.1
User-Agent: selenium/4.1.2 (java windows)
Content-Length: 67
Content-Type: application/json; charset=utf-8
host: localhost:54398
accept: */*

Response DefaultHttpResponse(decodeResult: success, version: HTTP/1.1)
HTTP/1.1 200 OK
Content-Type: application/json; charset=utf-8
cache-control: no-cache
content-length: 14

15:56:36.682 [AsyncHttpClient-1-4] DEBUG org.asynchttpclient.netty.channel.ChannelManager - Adding key: http://localhost:54398 for channel [id: 0xab4559d7, L:/127.0.0.1:56718 - R:localhost/127.0.0.1:54398]
15:56:36.684 [Forwarding setTimeout on session e99cfe8d2d20fe94465bcf3e96646458 to remote] DEBUG org.asynchttpclient.netty.request.NettyRequestSender - Using pooled Channel '[id: 0xab4559d7, L:/127.0.0.1:56718 - R:localhost/127.0.0.1:54398]' for 'POST' to 'http://localhost:54398/session/e99cfe8d2d20fe94465bcf3e96646458/timeouts'
15:56:36.684 [Forwarding setTimeout on session e99cfe8d2d20fe94465bcf3e96646458 to remote] DEBUG org.asynchttpclient.netty.request.NettyRequestSender - Using open Channel [id: 0xab4559d7, L:/127.0.0.1:56718 - R:localhost/127.0.0.1:54398] for POST '/session/e99cfe8d2d20fe94465bcf3e96646458/timeouts'
15:56:36.685 [AsyncHttpClient-1-4] DEBUG org.asynchttpclient.netty.handler.HttpHandler - 

Request DefaultHttpRequest(decodeResult: success, version: HTTP/1.1)
POST /session/e99cfe8d2d20fe94465bcf3e96646458/timeouts HTTP/1.1
User-Agent: selenium/4.1.2 (java windows)
Content-Length: 22
Content-Type: application/json; charset=utf-8
host: localhost:54398
accept: */*

Response DefaultHttpResponse(decodeResult: success, version: HTTP/1.1)
HTTP/1.1 200 OK
Content-Type: application/json; charset=utf-8
cache-control: no-cache
content-length: 14

15:56:36.685 [AsyncHttpClient-1-4] DEBUG org.asynchttpclient.netty.channel.ChannelManager - Adding key: http://localhost:54398 for channel [id: 0xab4559d7, L:/127.0.0.1:56718 - R:localhost/127.0.0.1:54398]
15:56:36.691 [Forwarding getCurrentUrl on session e99cfe8d2d20fe94465bcf3e96646458 to remote] DEBUG org.asynchttpclient.netty.request.NettyRequestSender - Using pooled Channel '[id: 0xab4559d7, L:/127.0.0.1:56718 - R:localhost/127.0.0.1:54398]' for 'GET' to 'http://localhost:54398/session/e99cfe8d2d20fe94465bcf3e96646458/url'
15:56:36.691 [Forwarding getCurrentUrl on session e99cfe8d2d20fe94465bcf3e96646458 to remote] DEBUG org.asynchttpclient.netty.request.NettyRequestSender - Using open Channel [id: 0xab4559d7, L:/127.0.0.1:56718 - R:localhost/127.0.0.1:54398] for GET '/session/e99cfe8d2d20fe94465bcf3e96646458/url'
15:56:36.718 [AsyncHttpClient-1-4] DEBUG org.asynchttpclient.netty.handler.HttpHandler - 

Request DefaultFullHttpRequest(decodeResult: success, version: HTTP/1.1, content: EmptyByteBufBE)
GET /session/e99cfe8d2d20fe94465bcf3e96646458/url HTTP/1.1
User-Agent: selenium/4.1.2 (java windows)
Cache-Control: no-cache
Content-Type: application/json; charset=utf-8
host: localhost:54398
accept: */*

Response DefaultHttpResponse(decodeResult: success, version: HTTP/1.1)
HTTP/1.1 200 OK
Content-Type: application/json; charset=utf-8
cache-control: no-cache
content-length: 44

15:56:36.718 [AsyncHttpClient-1-4] DEBUG org.asynchttpclient.netty.channel.ChannelManager - Adding key: http://localhost:54398 for channel [id: 0xab4559d7, L:/127.0.0.1:56718 - R:localhost/127.0.0.1:54398]
15:56:36.727 [Forwarding screenshot on session e99cfe8d2d20fe94465bcf3e96646458 to remote] DEBUG org.asynchttpclient.netty.request.NettyRequestSender - Using pooled Channel '[id: 0xab4559d7, L:/127.0.0.1:56718 - R:localhost/127.0.0.1:54398]' for 'GET' to 'http://localhost:54398/session/e99cfe8d2d20fe94465bcf3e96646458/screenshot'
15:56:36.727 [Forwarding screenshot on session e99cfe8d2d20fe94465bcf3e96646458 to remote] DEBUG org.asynchttpclient.netty.request.NettyRequestSender - Using open Channel [id: 0xab4559d7, L:/127.0.0.1:56718 - R:localhost/127.0.0.1:54398] for GET '/session/e99cfe8d2d20fe94465bcf3e96646458/screenshot'
15:56:37.065 [AsyncHttpClient-1-4] DEBUG org.asynchttpclient.netty.handler.HttpHandler - 

Request DefaultFullHttpRequest(decodeResult: success, version: HTTP/1.1, content: EmptyByteBufBE)
GET /session/e99cfe8d2d20fe94465bcf3e96646458/screenshot HTTP/1.1
User-Agent: selenium/4.1.2 (java windows)
Cache-Control: no-cache
Content-Type: application/json; charset=utf-8
host: localhost:54398
accept: */*

Response DefaultHttpResponse(decodeResult: success, version: HTTP/1.1)
HTTP/1.1 200 OK
Content-Type: application/json; charset=utf-8
cache-control: no-cache
content-length: 30072

15:56:37.065 [AsyncHttpClient-1-4] DEBUG org.asynchttpclient.netty.channel.ChannelManager - Adding key: http://localhost:54398 for channel [id: 0xab4559d7, L:/127.0.0.1:56718 - R:localhost/127.0.0.1:54398]
15:56:37.067 [main] DEBUG net.serenitybdd.core.photography.Darkroom - Send negative for processing for target\site\serenity\bd159e4f239b6f9d4ba999f8a11b183ce613e281485ea2c4cc7c03dfabddb843.png
15:56:37.067 [main] DEBUG net.thucydides.core.steps.StepInterceptor - STEP DONE: openRegisURL
  &amp#27;[32mGiven &amp#27;[0m&amp#27;[32mI am on register page&amp#27;[0m                       &amp#27;[90m# starter.stepdefinitions.RegisterSteps.onRegisterPage()&amp#27;[0m
15:56:37.087 [main] DEBUG net.thucydides.core.steps.StepInterceptor - STARTING STEP: RegisterSteps.inputNamaLengkap - inputNamaLengkap
15:56:37.090 [Forwarding findElement on session e99cfe8d2d20fe94465bcf3e96646458 to remote] DEBUG org.asynchttpclient.netty.request.NettyRequestSender - Using pooled Channel '[id: 0xab4559d7, L:/127.0.0.1:56718 - R:localhost/127.0.0.1:54398]' for 'POST' to 'http://localhost:54398/session/e99cfe8d2d20fe94465bcf3e96646458/element'
15:56:37.090 [Forwarding findElement on session e99cfe8d2d20fe94465bcf3e96646458 to remote] DEBUG org.asynchttpclient.netty.request.NettyRequestSender - Using open Channel [id: 0xab4559d7, L:/127.0.0.1:56718 - R:localhost/127.0.0.1:54398] for POST '/session/e99cfe8d2d20fe94465bcf3e96646458/element'
15:56:37.108 [AsyncHttpClient-1-4] DEBUG org.asynchttpclient.netty.handler.HttpHandler - 

Request DefaultHttpRequest(decodeResult: success, version: HTTP/1.1)
POST /session/e99cfe8d2d20fe94465bcf3e96646458/element HTTP/1.1
User-Agent: selenium/4.1.2 (java windows)
Content-Length: 93
Content-Type: application/json; charset=utf-8
host: localhost:54398
accept: */*

Response DefaultHttpResponse(decodeResult: success, version: HTTP/1.1)
HTTP/1.1 200 OK
Content-Type: application/json; charset=utf-8
cache-control: no-cache
content-length: 88

15:56:37.108 [AsyncHttpClient-1-4] DEBUG org.asynchttpclient.netty.channel.ChannelManager - Adding key: http://localhost:54398 for channel [id: 0xab4559d7, L:/127.0.0.1:56718 - R:localhost/127.0.0.1:54398]
15:56:37.110 [Forwarding clearElement on session e99cfe8d2d20fe94465bcf3e96646458 to remote] DEBUG org.asynchttpclient.netty.request.NettyRequestSender - Using pooled Channel '[id: 0xab4559d7, L:/127.0.0.1:56718 - R:localhost/127.0.0.1:54398]' for 'POST' to 'http://localhost:54398/session/e99cfe8d2d20fe94465bcf3e96646458/element/4efde011-7b5e-48cd-b859-b046fe8bf9fe/clear'
15:56:37.110 [Forwarding clearElement on session e99cfe8d2d20fe94465bcf3e96646458 to remote] DEBUG org.asynchttpclient.netty.request.NettyRequestSender - Using open Channel [id: 0xab4559d7, L:/127.0.0.1:56718 - R:localhost/127.0.0.1:54398] for POST '/session/e99cfe8d2d20fe94465bcf3e96646458/element/4efde011-7b5e-48cd-b859-b046fe8bf9fe/clear'
15:56:37.161 [AsyncHttpClient-1-4] DEBUG org.asynchttpclient.netty.handler.HttpHandler - 

Request DefaultHttpRequest(decodeResult: success, version: HTTP/1.1)
POST /session/e99cfe8d2d20fe94465bcf3e96646458/element/4efde011-7b5e-48cd-b859-b046fe8bf9fe/clear HTTP/1.1
User-Agent: selenium/4.1.2 (java windows)
Content-Length: 50
Content-Type: application/json; charset=utf-8
host: localhost:54398
accept: */*

Response DefaultHttpResponse(decodeResult: success, version: HTTP/1.1)
HTTP/1.1 200 OK
Content-Type: application/json; charset=utf-8
cache-control: no-cache
content-length: 14

15:56:37.161 [AsyncHttpClient-1-4] DEBUG org.asynchttpclient.netty.channel.ChannelManager - Adding key: http://localhost:54398 for channel [id: 0xab4559d7, L:/127.0.0.1:56718 - R:localhost/127.0.0.1:54398]
15:56:37.163 [Forwarding sendKeysToElement on session e99cfe8d2d20fe94465bcf3e96646458 to remote] DEBUG org.asynchttpclient.netty.request.NettyRequestSender - Using pooled Channel '[id: 0xab4559d7, L:/127.0.0.1:56718 - R:localhost/127.0.0.1:54398]' for 'POST' to 'http://localhost:54398/session/e99cfe8d2d20fe94465bcf3e96646458/element/4efde011-7b5e-48cd-b859-b046fe8bf9fe/value'
15:56:37.163 [Forwarding sendKeysToElement on session e99cfe8d2d20fe94465bcf3e96646458 to remote] DEBUG org.asynchttpclient.netty.request.NettyRequestSender - Using open Channel [id: 0xab4559d7, L:/127.0.0.1:56718 - R:localhost/127.0.0.1:54398] for POST '/session/e99cfe8d2d20fe94465bcf3e96646458/element/4efde011-7b5e-48cd-b859-b046fe8bf9fe/value'
15:56:37.463 [AsyncHttpClient-1-4] DEBUG org.asynchttpclient.netty.handler.HttpHandler - 

Request DefaultHttpRequest(decodeResult: success, version: HTTP/1.1)
POST /session/e99cfe8d2d20fe94465bcf3e96646458/element/4efde011-7b5e-48cd-b859-b046fe8bf9fe/value HTTP/1.1
User-Agent: selenium/4.1.2 (java windows)
Content-Length: 171
Content-Type: application/json; charset=utf-8
host: localhost:54398
accept: */*

Response DefaultHttpResponse(decodeResult: success, version: HTTP/1.1)
HTTP/1.1 200 OK
Content-Type: application/json; charset=utf-8
cache-control: no-cache
content-length: 14

15:56:37.463 [AsyncHttpClient-1-4] DEBUG org.asynchttpclient.netty.channel.ChannelManager - Adding key: http://localhost:54398 for channel [id: 0xab4559d7, L:/127.0.0.1:56718 - R:localhost/127.0.0.1:54398]
15:56:37.477 [Forwarding screenshot on session e99cfe8d2d20fe94465bcf3e96646458 to remote] DEBUG org.asynchttpclient.netty.request.NettyRequestSender - Using pooled Channel '[id: 0xab4559d7, L:/127.0.0.1:56718 - R:localhost/127.0.0.1:54398]' for 'GET' to 'http://localhost:54398/session/e99cfe8d2d20fe94465bcf3e96646458/screenshot'
15:56:37.477 [Forwarding screenshot on session e99cfe8d2d20fe94465bcf3e96646458 to remote] DEBUG org.asynchttpclient.netty.request.NettyRequestSender - Using open Channel [id: 0xab4559d7, L:/127.0.0.1:56718 - R:localhost/127.0.0.1:54398] for GET '/session/e99cfe8d2d20fe94465bcf3e96646458/screenshot'
15:56:37.575 [AsyncHttpClient-1-1] DEBUG org.asynchttpclient.netty.channel.DefaultChannelPool - Entry count for : http://localhost:56719 : 1
15:56:37.715 [AsyncHttpClient-1-4] DEBUG org.asynchttpclient.netty.handler.HttpHandler - 

Request DefaultFullHttpRequest(decodeResult: success, version: HTTP/1.1, content: EmptyByteBufBE)
GET /session/e99cfe8d2d20fe94465bcf3e96646458/screenshot HTTP/1.1
User-Agent: selenium/4.1.2 (java windows)
Cache-Control: no-cache
Content-Type: application/json; charset=utf-8
host: localhost:54398
accept: */*

Response DefaultHttpResponse(decodeResult: success, version: HTTP/1.1)
HTTP/1.1 200 OK
Content-Type: application/json; charset=utf-8
cache-control: no-cache
content-length: 31068

15:56:37.716 [AsyncHttpClient-1-4] DEBUG org.asynchttpclient.netty.channel.ChannelManager - Adding key: http://localhost:54398 for channel [id: 0xab4559d7, L:/127.0.0.1:56718 - R:localhost/127.0.0.1:54398]
15:56:37.718 [main] DEBUG net.serenitybdd.core.photography.Darkroom - Send negative for processing for target\site\serenity\f3dff204249a0f640927cfe58a92358208ef0e4ca9ececd6294ffaf4d990d809.png
15:56:37.718 [main] DEBUG net.thucydides.core.steps.StepInterceptor - STEP DONE: inputNamaLengkap
15:56:37.718 [Darkroom Processing Line] DEBUG net.serenitybdd.core.photography.DarkroomProcessingLine - Processing screenshot image in /var/screenshots/screenshot-499425208255983003
15:56:37.718 [Darkroom Processing Line] DEBUG net.serenitybdd.core.photography.DarkroomProcessingLine - Saving screenshot to target\site\serenity\f3dff204249a0f640927cfe58a92358208ef0e4ca9ececd6294ffaf4d990d809.png
  &amp#27;[32mWhen &amp#27;[0m&amp#27;[32mI input fullname &amp#27;[0m&amp#27;[32m&amp#27;[1m"Kim Jisoo"&amp#27;[0m                 &amp#27;[90m# starter.stepdefinitions.RegisterSteps.inputNamaLengkap(java.lang.String)&amp#27;[0m
15:56:37.749 [main] DEBUG net.thucydides.core.steps.StepInterceptor - STARTING STEP: RegisterSteps.iInputEmail - inputEmailForRegist
15:56:37.752 [Forwarding findElement on session e99cfe8d2d20fe94465bcf3e96646458 to remote] DEBUG org.asynchttpclient.netty.request.NettyRequestSender - Using pooled Channel '[id: 0xab4559d7, L:/127.0.0.1:56718 - R:localhost/127.0.0.1:54398]' for 'POST' to 'http://localhost:54398/session/e99cfe8d2d20fe94465bcf3e96646458/element'
15:56:37.752 [Forwarding findElement on session e99cfe8d2d20fe94465bcf3e96646458 to remote] DEBUG org.asynchttpclient.netty.request.NettyRequestSender - Using open Channel [id: 0xab4559d7, L:/127.0.0.1:56718 - R:localhost/127.0.0.1:54398] for POST '/session/e99cfe8d2d20fe94465bcf3e96646458/element'
15:56:37.780 [AsyncHttpClient-1-4] DEBUG org.asynchttpclient.netty.handler.HttpHandler - 

Request DefaultHttpRequest(decodeResult: success, version: HTTP/1.1)
POST /session/e99cfe8d2d20fe94465bcf3e96646458/element HTTP/1.1
User-Agent: selenium/4.1.2 (java windows)
Content-Length: 86
Content-Type: application/json; charset=utf-8
host: localhost:54398
accept: */*

Response DefaultHttpResponse(decodeResult: success, version: HTTP/1.1)
HTTP/1.1 200 OK
Content-Type: application/json; charset=utf-8
cache-control: no-cache
content-length: 88

15:56:37.780 [AsyncHttpClient-1-4] DEBUG org.asynchttpclient.netty.channel.ChannelManager - Adding key: http://localhost:54398 for channel [id: 0xab4559d7, L:/127.0.0.1:56718 - R:localhost/127.0.0.1:54398]
15:56:37.781 [Forwarding clearElement on session e99cfe8d2d20fe94465bcf3e96646458 to remote] DEBUG org.asynchttpclient.netty.request.NettyRequestSender - Using pooled Channel '[id: 0xab4559d7, L:/127.0.0.1:56718 - R:localhost/127.0.0.1:54398]' for 'POST' to 'http://localhost:54398/session/e99cfe8d2d20fe94465bcf3e96646458/element/c85024a7-ff85-4cb8-889f-fd158ef10a06/clear'
15:56:37.782 [Forwarding clearElement on session e99cfe8d2d20fe94465bcf3e96646458 to remote] DEBUG org.asynchttpclient.netty.request.NettyRequestSender - Using open Channel [id: 0xab4559d7, L:/127.0.0.1:56718 - R:localhost/127.0.0.1:54398] for POST '/session/e99cfe8d2d20fe94465bcf3e96646458/element/c85024a7-ff85-4cb8-889f-fd158ef10a06/clear'
15:56:37.839 [AsyncHttpClient-1-4] DEBUG org.asynchttpclient.netty.handler.HttpHandler - 

Request DefaultHttpRequest(decodeResult: success, version: HTTP/1.1)
POST /session/e99cfe8d2d20fe94465bcf3e96646458/element/c85024a7-ff85-4cb8-889f-fd158ef10a06/clear HTTP/1.1
User-Agent: selenium/4.1.2 (java windows)
Content-Length: 50
Content-Type: application/json; charset=utf-8
host: localhost:54398
accept: */*

Response DefaultHttpResponse(decodeResult: success, version: HTTP/1.1)
HTTP/1.1 200 OK
Content-Type: application/json; charset=utf-8
cache-control: no-cache
content-length: 14

15:56:37.840 [AsyncHttpClient-1-4] DEBUG org.asynchttpclient.netty.channel.ChannelManager - Adding key: http://localhost:54398 for channel [id: 0xab4559d7, L:/127.0.0.1:56718 - R:localhost/127.0.0.1:54398]
15:56:37.843 [Forwarding sendKeysToElement on session e99cfe8d2d20fe94465bcf3e96646458 to remote] DEBUG org.asynchttpclient.netty.request.NettyRequestSender - Using pooled Channel '[id: 0xab4559d7, L:/127.0.0.1:56718 - R:localhost/127.0.0.1:54398]' for 'POST' to 'http://localhost:54398/session/e99cfe8d2d20fe94465bcf3e96646458/element/c85024a7-ff85-4cb8-889f-fd158ef10a06/value'
15:56:37.843 [Forwarding sendKeysToElement on session e99cfe8d2d20fe94465bcf3e96646458 to remote] DEBUG org.asynchttpclient.netty.request.NettyRequestSender - Using open Channel [id: 0xab4559d7, L:/127.0.0.1:56718 - R:localhost/127.0.0.1:54398] for POST '/session/e99cfe8d2d20fe94465bcf3e96646458/element/c85024a7-ff85-4cb8-889f-fd158ef10a06/value'
15:56:37.934 [AsyncHttpClient-1-4] DEBUG org.asynchttpclient.netty.handler.HttpHandler - 

Request DefaultHttpRequest(decodeResult: success, version: HTTP/1.1)
POST /session/e99cfe8d2d20fe94465bcf3e96646458/element/c85024a7-ff85-4cb8-889f-fd158ef10a06/value HTTP/1.1
User-Agent: selenium/4.1.2 (java windows)
Content-Length: 82
Content-Type: application/json; charset=utf-8
host: localhost:54398
accept: */*

Response DefaultHttpResponse(decodeResult: success, version: HTTP/1.1)
HTTP/1.1 200 OK
Content-Type: application/json; charset=utf-8
cache-control: no-cache
content-length: 14

15:56:37.934 [AsyncHttpClient-1-4] DEBUG org.asynchttpclient.netty.channel.ChannelManager - Adding key: http://localhost:54398 for channel [id: 0xab4559d7, L:/127.0.0.1:56718 - R:localhost/127.0.0.1:54398]
15:56:37.947 [Forwarding screenshot on session e99cfe8d2d20fe94465bcf3e96646458 to remote] DEBUG org.asynchttpclient.netty.request.NettyRequestSender - Using pooled Channel '[id: 0xab4559d7, L:/127.0.0.1:56718 - R:localhost/127.0.0.1:54398]' for 'GET' to 'http://localhost:54398/session/e99cfe8d2d20fe94465bcf3e96646458/screenshot'
15:56:37.947 [Forwarding screenshot on session e99cfe8d2d20fe94465bcf3e96646458 to remote] DEBUG org.asynchttpclient.netty.request.NettyRequestSender - Using open Channel [id: 0xab4559d7, L:/127.0.0.1:56718 - R:localhost/127.0.0.1:54398] for GET '/session/e99cfe8d2d20fe94465bcf3e96646458/screenshot'
15:56:38.237 [AsyncHttpClient-1-4] DEBUG org.asynchttpclient.netty.handler.HttpHandler - 

Request DefaultFullHttpRequest(decodeResult: success, version: HTTP/1.1, content: EmptyByteBufBE)
GET /session/e99cfe8d2d20fe94465bcf3e96646458/screenshot HTTP/1.1
User-Agent: selenium/4.1.2 (java windows)
Cache-Control: no-cache
Content-Type: application/json; charset=utf-8
host: localhost:54398
accept: */*

Response DefaultHttpResponse(decodeResult: success, version: HTTP/1.1)
HTTP/1.1 200 OK
Content-Type: application/json; charset=utf-8
cache-control: no-cache
content-length: 31376

15:56:38.237 [AsyncHttpClient-1-4] DEBUG org.asynchttpclient.netty.channel.ChannelManager - Adding key: http://localhost:54398 for channel [id: 0xab4559d7, L:/127.0.0.1:56718 - R:localhost/127.0.0.1:54398]
15:56:38.244 [main] DEBUG net.serenitybdd.core.photography.Darkroom - Send negative for processing for target\site\serenity\4488aaedc0a2841a8dd8e79ea9ce2a2ea6deae60577ee3e93e791dabcd99004a.png
15:56:38.244 [main] DEBUG net.thucydides.core.steps.StepInterceptor - STEP DONE: inputEmailForRegist
  &amp#27;[32mAnd &amp#27;[0m&amp#27;[32mI input email &amp#27;[0m&amp#27;[32m&amp#27;[1m""&amp#27;[0m                              &amp#27;[90m# starter.stepdefinitions.RegisterSteps.iInputEmail(java.lang.String)&amp#27;[0m
15:56:38.247 [Darkroom Processing Line] DEBUG net.serenitybdd.core.photography.DarkroomProcessingLine - Processing screenshot image in /var/screenshots/screenshot-11798147011650933142
15:56:38.247 [Darkroom Processing Line] DEBUG net.serenitybdd.core.photography.DarkroomProcessingLine - Saving screenshot to target\site\serenity\4488aaedc0a2841a8dd8e79ea9ce2a2ea6deae60577ee3e93e791dabcd99004a.png
15:56:38.286 [main] DEBUG net.thucydides.core.steps.StepInterceptor - STARTING STEP: RegisterSteps.inputPass - inputPassForRegist
15:56:38.296 [Forwarding findElement on session e99cfe8d2d20fe94465bcf3e96646458 to remote] DEBUG org.asynchttpclient.netty.request.NettyRequestSender - Using pooled Channel '[id: 0xab4559d7, L:/127.0.0.1:56718 - R:localhost/127.0.0.1:54398]' for 'POST' to 'http://localhost:54398/session/e99cfe8d2d20fe94465bcf3e96646458/element'
15:56:38.296 [Forwarding findElement on session e99cfe8d2d20fe94465bcf3e96646458 to remote] DEBUG org.asynchttpclient.netty.request.NettyRequestSender - Using open Channel [id: 0xab4559d7, L:/127.0.0.1:56718 - R:localhost/127.0.0.1:54398] for POST '/session/e99cfe8d2d20fe94465bcf3e96646458/element'
15:56:38.331 [AsyncHttpClient-1-4] DEBUG org.asynchttpclient.netty.handler.HttpHandler - 

Request DefaultHttpRequest(decodeResult: success, version: HTTP/1.1)
POST /session/e99cfe8d2d20fe94465bcf3e96646458/element HTTP/1.1
User-Agent: selenium/4.1.2 (java windows)
Content-Length: 89
Content-Type: application/json; charset=utf-8
host: localhost:54398
accept: */*

Response DefaultHttpResponse(decodeResult: success, version: HTTP/1.1)
HTTP/1.1 200 OK
Content-Type: application/json; charset=utf-8
cache-control: no-cache
content-length: 88

15:56:38.331 [AsyncHttpClient-1-4] DEBUG org.asynchttpclient.netty.channel.ChannelManager - Adding key: http://localhost:54398 for channel [id: 0xab4559d7, L:/127.0.0.1:56718 - R:localhost/127.0.0.1:54398]
15:56:38.336 [Forwarding clearElement on session e99cfe8d2d20fe94465bcf3e96646458 to remote] DEBUG org.asynchttpclient.netty.request.NettyRequestSender - Using pooled Channel '[id: 0xab4559d7, L:/127.0.0.1:56718 - R:localhost/127.0.0.1:54398]' for 'POST' to 'http://localhost:54398/session/e99cfe8d2d20fe94465bcf3e96646458/element/24ad9f25-0fcd-4046-8612-044b76336d93/clear'
15:56:38.336 [Forwarding clearElement on session e99cfe8d2d20fe94465bcf3e96646458 to remote] DEBUG org.asynchttpclient.netty.request.NettyRequestSender - Using open Channel [id: 0xab4559d7, L:/127.0.0.1:56718 - R:localhost/127.0.0.1:54398] for POST '/session/e99cfe8d2d20fe94465bcf3e96646458/element/24ad9f25-0fcd-4046-8612-044b76336d93/clear'
15:56:38.436 [AsyncHttpClient-1-4] DEBUG org.asynchttpclient.netty.handler.HttpHandler - 

Request DefaultHttpRequest(decodeResult: success, version: HTTP/1.1)
POST /session/e99cfe8d2d20fe94465bcf3e96646458/element/24ad9f25-0fcd-4046-8612-044b76336d93/clear HTTP/1.1
User-Agent: selenium/4.1.2 (java windows)
Content-Length: 50
Content-Type: application/json; charset=utf-8
host: localhost:54398
accept: */*

Response DefaultHttpResponse(decodeResult: success, version: HTTP/1.1)
HTTP/1.1 200 OK
Content-Type: application/json; charset=utf-8
cache-control: no-cache
content-length: 14

15:56:38.436 [AsyncHttpClient-1-4] DEBUG org.asynchttpclient.netty.channel.ChannelManager - Adding key: http://localhost:54398 for channel [id: 0xab4559d7, L:/127.0.0.1:56718 - R:localhost/127.0.0.1:54398]
15:56:38.440 [Forwarding sendKeysToElement on session e99cfe8d2d20fe94465bcf3e96646458 to remote] DEBUG org.asynchttpclient.netty.request.NettyRequestSender - Using pooled Channel '[id: 0xab4559d7, L:/127.0.0.1:56718 - R:localhost/127.0.0.1:54398]' for 'POST' to 'http://localhost:54398/session/e99cfe8d2d20fe94465bcf3e96646458/element/24ad9f25-0fcd-4046-8612-044b76336d93/value'
15:56:38.440 [Forwarding sendKeysToElement on session e99cfe8d2d20fe94465bcf3e96646458 to remote] DEBUG org.asynchttpclient.netty.request.NettyRequestSender - Using open Channel [id: 0xab4559d7, L:/127.0.0.1:56718 - R:localhost/127.0.0.1:54398] for POST '/session/e99cfe8d2d20fe94465bcf3e96646458/element/24ad9f25-0fcd-4046-8612-044b76336d93/value'
15:56:38.664 [AsyncHttpClient-1-1] DEBUG org.asynchttpclient.netty.channel.DefaultChannelPool - Entry count for : http://localhost:56719 : 1
15:56:38.828 [AsyncHttpClient-1-4] DEBUG org.asynchttpclient.netty.handler.HttpHandler - 

Request DefaultHttpRequest(decodeResult: success, version: HTTP/1.1)
POST /session/e99cfe8d2d20fe94465bcf3e96646458/element/24ad9f25-0fcd-4046-8612-044b76336d93/value HTTP/1.1
User-Agent: selenium/4.1.2 (java windows)
Content-Length: 171
Content-Type: application/json; charset=utf-8
host: localhost:54398
accept: */*

Response DefaultHttpResponse(decodeResult: success, version: HTTP/1.1)
HTTP/1.1 200 OK
Content-Type: application/json; charset=utf-8
cache-control: no-cache
content-length: 14

15:56:38.828 [AsyncHttpClient-1-4] DEBUG org.asynchttpclient.netty.channel.ChannelManager - Adding key: http://localhost:54398 for channel [id: 0xab4559d7, L:/127.0.0.1:56718 - R:localhost/127.0.0.1:54398]
15:56:38.844 [Forwarding screenshot on session e99cfe8d2d20fe94465bcf3e96646458 to remote] DEBUG org.asynchttpclient.netty.request.NettyRequestSender - Using pooled Channel '[id: 0xab4559d7, L:/127.0.0.1:56718 - R:localhost/127.0.0.1:54398]' for 'GET' to 'http://localhost:54398/session/e99cfe8d2d20fe94465bcf3e96646458/screenshot'
15:56:38.844 [Forwarding screenshot on session e99cfe8d2d20fe94465bcf3e96646458 to remote] DEBUG org.asynchttpclient.netty.request.NettyRequestSender - Using open Channel [id: 0xab4559d7, L:/127.0.0.1:56718 - R:localhost/127.0.0.1:54398] for GET '/session/e99cfe8d2d20fe94465bcf3e96646458/screenshot'
15:56:39.048 [AsyncHttpClient-1-4] DEBUG org.asynchttpclient.netty.handler.HttpHandler - 

Request DefaultFullHttpRequest(decodeResult: success, version: HTTP/1.1, content: EmptyByteBufBE)
GET /session/e99cfe8d2d20fe94465bcf3e96646458/screenshot HTTP/1.1
User-Agent: selenium/4.1.2 (java windows)
Cache-Control: no-cache
Content-Type: application/json; charset=utf-8
host: localhost:54398
accept: */*

Response DefaultHttpResponse(decodeResult: success, version: HTTP/1.1)
HTTP/1.1 200 OK
Content-Type: application/json; charset=utf-8
cache-control: no-cache
content-length: 32016

15:56:39.049 [AsyncHttpClient-1-4] DEBUG org.asynchttpclient.netty.channel.ChannelManager - Adding key: http://localhost:54398 for channel [id: 0xab4559d7, L:/127.0.0.1:56718 - R:localhost/127.0.0.1:54398]
15:56:39.050 [main] DEBUG net.serenitybdd.core.photography.Darkroom - Send negative for processing for target\site\serenity\a92e833aeeed7673af7a9c343b71eeb02e59dfaa8c95d34257edfe33f5d1209e.png
15:56:39.051 [main] DEBUG net.thucydides.core.steps.StepInterceptor - STEP DONE: inputPassForRegist
  &amp#27;[32mAnd &amp#27;[0m&amp#27;[32mI input pass &amp#27;[0m&amp#27;[32m&amp#27;[1m"Halloo321"&amp#27;[0m                      &amp#27;[90m# starter.stepdefinitions.RegisterSteps.inputPass(java.lang.String)&amp#27;[0m
15:56:39.053 [Darkroom Processing Line] DEBUG net.serenitybdd.core.photography.DarkroomProcessingLine - Processing screenshot image in /var/screenshots/screenshot-1103451746857362911
15:56:39.053 [Darkroom Processing Line] DEBUG net.serenitybdd.core.photography.DarkroomProcessingLine - Saving screenshot to target\site\serenity\a92e833aeeed7673af7a9c343b71eeb02e59dfaa8c95d34257edfe33f5d1209e.png
15:56:39.087 [main] DEBUG net.thucydides.core.steps.StepInterceptor - STARTING STEP: RegisterSteps.clickRegisterButton - clickRegisButton
15:56:39.104 [Forwarding findElement on session e99cfe8d2d20fe94465bcf3e96646458 to remote] DEBUG org.asynchttpclient.netty.request.NettyRequestSender - Using pooled Channel '[id: 0xab4559d7, L:/127.0.0.1:56718 - R:localhost/127.0.0.1:54398]' for 'POST' to 'http://localhost:54398/session/e99cfe8d2d20fe94465bcf3e96646458/element'
15:56:39.104 [Forwarding findElement on session e99cfe8d2d20fe94465bcf3e96646458 to remote] DEBUG org.asynchttpclient.netty.request.NettyRequestSender - Using open Channel [id: 0xab4559d7, L:/127.0.0.1:56718 - R:localhost/127.0.0.1:54398] for POST '/session/e99cfe8d2d20fe94465bcf3e96646458/element'
15:56:39.135 [AsyncHttpClient-1-4] DEBUG org.asynchttpclient.netty.handler.HttpHandler - 

Request DefaultHttpRequest(decodeResult: success, version: HTTP/1.1)
POST /session/e99cfe8d2d20fe94465bcf3e96646458/element HTTP/1.1
User-Agent: selenium/4.1.2 (java windows)
Content-Length: 138
Content-Type: application/json; charset=utf-8
host: localhost:54398
accept: */*

Response DefaultHttpResponse(decodeResult: success, version: HTTP/1.1)
HTTP/1.1 200 OK
Content-Type: application/json; charset=utf-8
cache-control: no-cache
content-length: 88

15:56:39.136 [AsyncHttpClient-1-4] DEBUG org.asynchttpclient.netty.channel.ChannelManager - Adding key: http://localhost:54398 for channel [id: 0xab4559d7, L:/127.0.0.1:56718 - R:localhost/127.0.0.1:54398]
15:56:39.138 [Forwarding getElementTagName on session e99cfe8d2d20fe94465bcf3e96646458 to remote] DEBUG org.asynchttpclient.netty.request.NettyRequestSender - Using pooled Channel '[id: 0xab4559d7, L:/127.0.0.1:56718 - R:localhost/127.0.0.1:54398]' for 'GET' to 'http://localhost:54398/session/e99cfe8d2d20fe94465bcf3e96646458/element/0b6e25c0-b619-4c45-97f6-0de04578075f/name'
15:56:39.138 [Forwarding getElementTagName on session e99cfe8d2d20fe94465bcf3e96646458 to remote] DEBUG org.asynchttpclient.netty.request.NettyRequestSender - Using open Channel [id: 0xab4559d7, L:/127.0.0.1:56718 - R:localhost/127.0.0.1:54398] for GET '/session/e99cfe8d2d20fe94465bcf3e96646458/element/0b6e25c0-b619-4c45-97f6-0de04578075f/name'
15:56:39.148 [AsyncHttpClient-1-4] DEBUG org.asynchttpclient.netty.handler.HttpHandler - 

Request DefaultFullHttpRequest(decodeResult: success, version: HTTP/1.1, content: EmptyByteBufBE)
GET /session/e99cfe8d2d20fe94465bcf3e96646458/element/0b6e25c0-b619-4c45-97f6-0de04578075f/name HTTP/1.1
User-Agent: selenium/4.1.2 (java windows)
Cache-Control: no-cache
Content-Type: application/json; charset=utf-8
host: localhost:54398
accept: */*

Response DefaultHttpResponse(decodeResult: success, version: HTTP/1.1)
HTTP/1.1 200 OK
Content-Type: application/json; charset=utf-8
cache-control: no-cache
content-length: 18

15:56:39.148 [AsyncHttpClient-1-4] DEBUG org.asynchttpclient.netty.channel.ChannelManager - Adding key: http://localhost:54398 for channel [id: 0xab4559d7, L:/127.0.0.1:56718 - R:localhost/127.0.0.1:54398]
15:56:39.150 [Forwarding getElementTagName on session e99cfe8d2d20fe94465bcf3e96646458 to remote] DEBUG org.asynchttpclient.netty.request.NettyRequestSender - Using pooled Channel '[id: 0xab4559d7, L:/127.0.0.1:56718 - R:localhost/127.0.0.1:54398]' for 'GET' to 'http://localhost:54398/session/e99cfe8d2d20fe94465bcf3e96646458/element/0b6e25c0-b619-4c45-97f6-0de04578075f/name'
15:56:39.150 [Forwarding getElementTagName on session e99cfe8d2d20fe94465bcf3e96646458 to remote] DEBUG org.asynchttpclient.netty.request.NettyRequestSender - Using open Channel [id: 0xab4559d7, L:/127.0.0.1:56718 - R:localhost/127.0.0.1:54398] for GET '/session/e99cfe8d2d20fe94465bcf3e96646458/element/0b6e25c0-b619-4c45-97f6-0de04578075f/name'
15:56:39.157 [AsyncHttpClient-1-4] DEBUG org.asynchttpclient.netty.handler.HttpHandler - 

Request DefaultFullHttpRequest(decodeResult: success, version: HTTP/1.1, content: EmptyByteBufBE)
GET /session/e99cfe8d2d20fe94465bcf3e96646458/element/0b6e25c0-b619-4c45-97f6-0de04578075f/name HTTP/1.1
User-Agent: selenium/4.1.2 (java windows)
Cache-Control: no-cache
Content-Type: application/json; charset=utf-8
host: localhost:54398
accept: */*

Response DefaultHttpResponse(decodeResult: success, version: HTTP/1.1)
HTTP/1.1 200 OK
Content-Type: application/json; charset=utf-8
cache-control: no-cache
content-length: 18

15:56:39.157 [AsyncHttpClient-1-4] DEBUG org.asynchttpclient.netty.channel.ChannelManager - Adding key: http://localhost:54398 for channel [id: 0xab4559d7, L:/127.0.0.1:56718 - R:localhost/127.0.0.1:54398]
15:56:39.161 [Forwarding isElementEnabled on session e99cfe8d2d20fe94465bcf3e96646458 to remote] DEBUG org.asynchttpclient.netty.request.NettyRequestSender - Using pooled Channel '[id: 0xab4559d7, L:/127.0.0.1:56718 - R:localhost/127.0.0.1:54398]' for 'GET' to 'http://localhost:54398/session/e99cfe8d2d20fe94465bcf3e96646458/element/0b6e25c0-b619-4c45-97f6-0de04578075f/enabled'
15:56:39.161 [Forwarding isElementEnabled on session e99cfe8d2d20fe94465bcf3e96646458 to remote] DEBUG org.asynchttpclient.netty.request.NettyRequestSender - Using open Channel [id: 0xab4559d7, L:/127.0.0.1:56718 - R:localhost/127.0.0.1:54398] for GET '/session/e99cfe8d2d20fe94465bcf3e96646458/element/0b6e25c0-b619-4c45-97f6-0de04578075f/enabled'
15:56:39.179 [AsyncHttpClient-1-4] DEBUG org.asynchttpclient.netty.handler.HttpHandler - 

Request DefaultFullHttpRequest(decodeResult: success, version: HTTP/1.1, content: EmptyByteBufBE)
GET /session/e99cfe8d2d20fe94465bcf3e96646458/element/0b6e25c0-b619-4c45-97f6-0de04578075f/enabled HTTP/1.1
User-Agent: selenium/4.1.2 (java windows)
Cache-Control: no-cache
Content-Type: application/json; charset=utf-8
host: localhost:54398
accept: */*

Response DefaultHttpResponse(decodeResult: success, version: HTTP/1.1)
HTTP/1.1 200 OK
Content-Type: application/json; charset=utf-8
cache-control: no-cache
content-length: 14

15:56:39.179 [AsyncHttpClient-1-4] DEBUG org.asynchttpclient.netty.channel.ChannelManager - Adding key: http://localhost:54398 for channel [id: 0xab4559d7, L:/127.0.0.1:56718 - R:localhost/127.0.0.1:54398]
15:56:39.181 [Forwarding isElementEnabled on session e99cfe8d2d20fe94465bcf3e96646458 to remote] DEBUG org.asynchttpclient.netty.request.NettyRequestSender - Using pooled Channel '[id: 0xab4559d7, L:/127.0.0.1:56718 - R:localhost/127.0.0.1:54398]' for 'GET' to 'http://localhost:54398/session/e99cfe8d2d20fe94465bcf3e96646458/element/0b6e25c0-b619-4c45-97f6-0de04578075f/enabled'
15:56:39.181 [Forwarding isElementEnabled on session e99cfe8d2d20fe94465bcf3e96646458 to remote] DEBUG org.asynchttpclient.netty.request.NettyRequestSender - Using open Channel [id: 0xab4559d7, L:/127.0.0.1:56718 - R:localhost/127.0.0.1:54398] for GET '/session/e99cfe8d2d20fe94465bcf3e96646458/element/0b6e25c0-b619-4c45-97f6-0de04578075f/enabled'
15:56:39.192 [AsyncHttpClient-1-4] DEBUG org.asynchttpclient.netty.handler.HttpHandler - 

Request DefaultFullHttpRequest(decodeResult: success, version: HTTP/1.1, content: EmptyByteBufBE)
GET /session/e99cfe8d2d20fe94465bcf3e96646458/element/0b6e25c0-b619-4c45-97f6-0de04578075f/enabled HTTP/1.1
User-Agent: selenium/4.1.2 (java windows)
Cache-Control: no-cache
Content-Type: application/json; charset=utf-8
host: localhost:54398
accept: */*

Response DefaultHttpResponse(decodeResult: success, version: HTTP/1.1)
HTTP/1.1 200 OK
Content-Type: application/json; charset=utf-8
cache-control: no-cache
content-length: 14

15:56:39.192 [AsyncHttpClient-1-4] DEBUG org.asynchttpclient.netty.channel.ChannelManager - Adding key: http://localhost:54398 for channel [id: 0xab4559d7, L:/127.0.0.1:56718 - R:localhost/127.0.0.1:54398]
15:56:39.195 [Forwarding findElement on session e99cfe8d2d20fe94465bcf3e96646458 to remote] DEBUG org.asynchttpclient.netty.request.NettyRequestSender - Using pooled Channel '[id: 0xab4559d7, L:/127.0.0.1:56718 - R:localhost/127.0.0.1:54398]' for 'POST' to 'http://localhost:54398/session/e99cfe8d2d20fe94465bcf3e96646458/element'
15:56:39.195 [Forwarding findElement on session e99cfe8d2d20fe94465bcf3e96646458 to remote] DEBUG org.asynchttpclient.netty.request.NettyRequestSender - Using open Channel [id: 0xab4559d7, L:/127.0.0.1:56718 - R:localhost/127.0.0.1:54398] for POST '/session/e99cfe8d2d20fe94465bcf3e96646458/element'
15:56:39.209 [AsyncHttpClient-1-4] DEBUG org.asynchttpclient.netty.handler.HttpHandler - 

Request DefaultHttpRequest(decodeResult: success, version: HTTP/1.1)
POST /session/e99cfe8d2d20fe94465bcf3e96646458/element HTTP/1.1
User-Agent: selenium/4.1.2 (java windows)
Content-Length: 138
Content-Type: application/json; charset=utf-8
host: localhost:54398
accept: */*

Response DefaultHttpResponse(decodeResult: success, version: HTTP/1.1)
HTTP/1.1 200 OK
Content-Type: application/json; charset=utf-8
cache-control: no-cache
content-length: 88

15:56:39.210 [AsyncHttpClient-1-4] DEBUG org.asynchttpclient.netty.channel.ChannelManager - Adding key: http://localhost:54398 for channel [id: 0xab4559d7, L:/127.0.0.1:56718 - R:localhost/127.0.0.1:54398]
15:56:39.212 [Forwarding clickElement on session e99cfe8d2d20fe94465bcf3e96646458 to remote] DEBUG org.asynchttpclient.netty.request.NettyRequestSender - Using pooled Channel '[id: 0xab4559d7, L:/127.0.0.1:56718 - R:localhost/127.0.0.1:54398]' for 'POST' to 'http://localhost:54398/session/e99cfe8d2d20fe94465bcf3e96646458/element/0b6e25c0-b619-4c45-97f6-0de04578075f/click'
15:56:39.212 [Forwarding clickElement on session e99cfe8d2d20fe94465bcf3e96646458 to remote] DEBUG org.asynchttpclient.netty.request.NettyRequestSender - Using open Channel [id: 0xab4559d7, L:/127.0.0.1:56718 - R:localhost/127.0.0.1:54398] for POST '/session/e99cfe8d2d20fe94465bcf3e96646458/element/0b6e25c0-b619-4c45-97f6-0de04578075f/click'
15:56:39.309 [AsyncHttpClient-1-4] DEBUG org.asynchttpclient.netty.handler.HttpHandler - 

Request DefaultHttpRequest(decodeResult: success, version: HTTP/1.1)
POST /session/e99cfe8d2d20fe94465bcf3e96646458/element/0b6e25c0-b619-4c45-97f6-0de04578075f/click HTTP/1.1
User-Agent: selenium/4.1.2 (java windows)
Content-Length: 50
Content-Type: application/json; charset=utf-8
host: localhost:54398
accept: */*

Response DefaultHttpResponse(decodeResult: success, version: HTTP/1.1)
HTTP/1.1 200 OK
Content-Type: application/json; charset=utf-8
cache-control: no-cache
content-length: 14

15:56:39.309 [AsyncHttpClient-1-4] DEBUG org.asynchttpclient.netty.channel.ChannelManager - Adding key: http://localhost:54398 for channel [id: 0xab4559d7, L:/127.0.0.1:56718 - R:localhost/127.0.0.1:54398]
15:56:39.319 [Forwarding screenshot on session e99cfe8d2d20fe94465bcf3e96646458 to remote] DEBUG org.asynchttpclient.netty.request.NettyRequestSender - Using pooled Channel '[id: 0xab4559d7, L:/127.0.0.1:56718 - R:localhost/127.0.0.1:54398]' for 'GET' to 'http://localhost:54398/session/e99cfe8d2d20fe94465bcf3e96646458/screenshot'
15:56:39.319 [Forwarding screenshot on session e99cfe8d2d20fe94465bcf3e96646458 to remote] DEBUG org.asynchttpclient.netty.request.NettyRequestSender - Using open Channel [id: 0xab4559d7, L:/127.0.0.1:56718 - R:localhost/127.0.0.1:54398] for GET '/session/e99cfe8d2d20fe94465bcf3e96646458/screenshot'
15:56:39.779 [AsyncHttpClient-1-1] DEBUG org.asynchttpclient.netty.channel.DefaultChannelPool - Entry count for : http://localhost:56719 : 1
15:56:39.796 [AsyncHttpClient-1-4] DEBUG org.asynchttpclient.netty.handler.HttpHandler - 

Request DefaultFullHttpRequest(decodeResult: success, version: HTTP/1.1, content: EmptyByteBufBE)
GET /session/e99cfe8d2d20fe94465bcf3e96646458/screenshot HTTP/1.1
User-Agent: selenium/4.1.2 (java windows)
Cache-Control: no-cache
Content-Type: application/json; charset=utf-8
host: localhost:54398
accept: */*

Response DefaultHttpResponse(decodeResult: success, version: HTTP/1.1)
HTTP/1.1 200 OK
Content-Type: application/json; charset=utf-8
cache-control: no-cache
content-length: 31292

15:56:39.797 [AsyncHttpClient-1-4] DEBUG org.asynchttpclient.netty.channel.ChannelManager - Adding key: http://localhost:54398 for channel [id: 0xab4559d7, L:/127.0.0.1:56718 - R:localhost/127.0.0.1:54398]
15:56:39.799 [main] DEBUG net.serenitybdd.core.photography.Darkroom - Send negative for processing for target\site\serenity\57b98692b61f7c4379a774f7c99c551c2abea2948df4f6199af119c59a72200e.png
15:56:39.800 [main] DEBUG net.thucydides.core.steps.StepInterceptor - STEP DONE: clickRegisButton
  &amp#27;[32mAnd &amp#27;[0m&amp#27;[32mclick register button&amp#27;[0m                         &amp#27;[90m# starter.stepdefinitions.RegisterSteps.clickRegisterButton()&amp#27;[0m
15:56:39.808 [Darkroom Processing Line] DEBUG net.serenitybdd.core.photography.DarkroomProcessingLine - Processing screenshot image in /var/screenshots/screenshot-14669056110024468402
15:56:39.808 [Darkroom Processing Line] DEBUG net.serenitybdd.core.photography.DarkroomProcessingLine - Saving screenshot to target\site\serenity\57b98692b61f7c4379a774f7c99c551c2abea2948df4f6199af119c59a72200e.png
15:56:39.831 [main] DEBUG net.thucydides.core.steps.StepInterceptor - STARTING STEP: RegisterSteps.iGetResult - alertSymbolAppears
15:56:39.834 [Forwarding findElement on session e99cfe8d2d20fe94465bcf3e96646458 to remote] DEBUG org.asynchttpclient.netty.request.NettyRequestSender - Using pooled Channel '[id: 0xab4559d7, L:/127.0.0.1:56718 - R:localhost/127.0.0.1:54398]' for 'POST' to 'http://localhost:54398/session/e99cfe8d2d20fe94465bcf3e96646458/element'
15:56:39.834 [Forwarding findElement on session e99cfe8d2d20fe94465bcf3e96646458 to remote] DEBUG org.asynchttpclient.netty.request.NettyRequestSender - Using open Channel [id: 0xab4559d7, L:/127.0.0.1:56718 - R:localhost/127.0.0.1:54398] for POST '/session/e99cfe8d2d20fe94465bcf3e96646458/element'
15:56:39.852 [AsyncHttpClient-1-4] DEBUG org.asynchttpclient.netty.handler.HttpHandler - 

Request DefaultHttpRequest(decodeResult: success, version: HTTP/1.1)
POST /session/e99cfe8d2d20fe94465bcf3e96646458/element HTTP/1.1
User-Agent: selenium/4.1.2 (java windows)
Content-Length: 53
Content-Type: application/json; charset=utf-8
host: localhost:54398
accept: */*

Response DefaultHttpResponse(decodeResult: success, version: HTTP/1.1)
HTTP/1.1 400 Bad Request
Content-Type: application/json; charset=utf-8
cache-control: no-cache
content-length: 957

15:56:39.853 [AsyncHttpClient-1-4] DEBUG org.asynchttpclient.netty.channel.ChannelManager - Adding key: http://localhost:54398 for channel [id: 0xab4559d7, L:/127.0.0.1:56718 - R:localhost/127.0.0.1:54398]
15:56:39.855 [Forwarding findElement on session e99cfe8d2d20fe94465bcf3e96646458 to remote] DEBUG org.asynchttpclient.netty.request.NettyRequestSender - Using pooled Channel '[id: 0xab4559d7, L:/127.0.0.1:56718 - R:localhost/127.0.0.1:54398]' for 'POST' to 'http://localhost:54398/session/e99cfe8d2d20fe94465bcf3e96646458/element'
15:56:39.855 [Forwarding findElement on session e99cfe8d2d20fe94465bcf3e96646458 to remote] DEBUG org.asynchttpclient.netty.request.NettyRequestSender - Using open Channel [id: 0xab4559d7, L:/127.0.0.1:56718 - R:localhost/127.0.0.1:54398] for POST '/session/e99cfe8d2d20fe94465bcf3e96646458/element'
15:56:39.886 [AsyncHttpClient-1-4] DEBUG org.asynchttpclient.netty.handler.HttpHandler - 

Request DefaultHttpRequest(decodeResult: success, version: HTTP/1.1)
POST /session/e99cfe8d2d20fe94465bcf3e96646458/element HTTP/1.1
User-Agent: selenium/4.1.2 (java windows)
Content-Length: 63
Content-Type: application/json; charset=utf-8
host: localhost:54398
accept: */*

Response DefaultHttpResponse(decodeResult: success, version: HTTP/1.1)
HTTP/1.1 200 OK
Content-Type: application/json; charset=utf-8
cache-control: no-cache
content-length: 88

15:56:39.886 [AsyncHttpClient-1-4] DEBUG org.asynchttpclient.netty.channel.ChannelManager - Adding key: http://localhost:54398 for channel [id: 0xab4559d7, L:/127.0.0.1:56718 - R:localhost/127.0.0.1:54398]
15:56:39.896 [Forwarding isElementDisplayed on session e99cfe8d2d20fe94465bcf3e96646458 to remote] DEBUG org.asynchttpclient.netty.request.NettyRequestSender - Using pooled Channel '[id: 0xab4559d7, L:/127.0.0.1:56718 - R:localhost/127.0.0.1:54398]' for 'POST' to 'http://localhost:54398/session/e99cfe8d2d20fe94465bcf3e96646458/execute/sync'
15:56:39.896 [Forwarding isElementDisplayed on session e99cfe8d2d20fe94465bcf3e96646458 to remote] DEBUG org.asynchttpclient.netty.request.NettyRequestSender - Using open Channel [id: 0xab4559d7, L:/127.0.0.1:56718 - R:localhost/127.0.0.1:54398] for POST '/session/e99cfe8d2d20fe94465bcf3e96646458/execute/sync'
15:56:39.928 [AsyncHttpClient-1-4] DEBUG org.asynchttpclient.netty.handler.HttpHandler - 

Request DefaultHttpRequest(decodeResult: success, version: HTTP/1.1)
POST /session/e99cfe8d2d20fe94465bcf3e96646458/execute/sync HTTP/1.1
User-Agent: selenium/4.1.2 (java windows)
Content-Length: 48780
Content-Type: application/json; charset=utf-8
host: localhost:54398
accept: */*

Response DefaultHttpResponse(decodeResult: success, version: HTTP/1.1)
HTTP/1.1 200 OK
Content-Type: application/json; charset=utf-8
cache-control: no-cache
content-length: 14

15:56:39.928 [AsyncHttpClient-1-4] DEBUG org.asynchttpclient.netty.channel.ChannelManager - Adding key: http://localhost:54398 for channel [id: 0xab4559d7, L:/127.0.0.1:56718 - R:localhost/127.0.0.1:54398]
15:56:39.933 [Forwarding screenshot on session e99cfe8d2d20fe94465bcf3e96646458 to remote] DEBUG org.asynchttpclient.netty.request.NettyRequestSender - Using pooled Channel '[id: 0xab4559d7, L:/127.0.0.1:56718 - R:localhost/127.0.0.1:54398]' for 'GET' to 'http://localhost:54398/session/e99cfe8d2d20fe94465bcf3e96646458/screenshot'
15:56:39.933 [Forwarding screenshot on session e99cfe8d2d20fe94465bcf3e96646458 to remote] DEBUG org.asynchttpclient.netty.request.NettyRequestSender - Using open Channel [id: 0xab4559d7, L:/127.0.0.1:56718 - R:localhost/127.0.0.1:54398] for GET '/session/e99cfe8d2d20fe94465bcf3e96646458/screenshot'
15:56:40.148 [AsyncHttpClient-1-4] DEBUG org.asynchttpclient.netty.handler.HttpHandler - 

Request DefaultFullHttpRequest(decodeResult: success, version: HTTP/1.1, content: EmptyByteBufBE)
GET /session/e99cfe8d2d20fe94465bcf3e96646458/screenshot HTTP/1.1
User-Agent: selenium/4.1.2 (java windows)
Cache-Control: no-cache
Content-Type: application/json; charset=utf-8
host: localhost:54398
accept: */*

Response DefaultHttpResponse(decodeResult: success, version: HTTP/1.1)
HTTP/1.1 200 OK
Content-Type: application/json; charset=utf-8
cache-control: no-cache
content-length: 33608

15:56:40.148 [AsyncHttpClient-1-4] DEBUG org.asynchttpclient.netty.channel.ChannelManager - Adding key: http://localhost:54398 for channel [id: 0xab4559d7, L:/127.0.0.1:56718 - R:localhost/127.0.0.1:54398]
15:56:40.150 [main] DEBUG net.serenitybdd.core.photography.Darkroom - Send negative for processing for target\site\serenity\eac532be87a0e15a0df0ebd52471898d7f34c5710fe945bd470af500f0d46b34.png
15:56:40.150 [main] DEBUG net.thucydides.core.steps.StepInterceptor - STEP DONE: alertSymbolAppears
15:56:40.151 [Darkroom Processing Line] DEBUG net.serenitybdd.core.photography.DarkroomProcessingLine - Processing screenshot image in /var/screenshots/screenshot-7755074135773655219
15:56:40.151 [Darkroom Processing Line] DEBUG net.serenitybdd.core.photography.DarkroomProcessingLine - Saving screenshot to target\site\serenity\eac532be87a0e15a0df0ebd52471898d7f34c5710fe945bd470af500f0d46b34.png
15:56:40.155 [Forwarding findElement on session e99cfe8d2d20fe94465bcf3e96646458 to remote] DEBUG org.asynchttpclient.netty.request.NettyRequestSender - Using pooled Channel '[id: 0xab4559d7, L:/127.0.0.1:56718 - R:localhost/127.0.0.1:54398]' for 'POST' to 'http://localhost:54398/session/e99cfe8d2d20fe94465bcf3e96646458/element'
15:56:40.155 [Forwarding findElement on session e99cfe8d2d20fe94465bcf3e96646458 to remote] DEBUG org.asynchttpclient.netty.request.NettyRequestSender - Using open Channel [id: 0xab4559d7, L:/127.0.0.1:56718 - R:localhost/127.0.0.1:54398] for POST '/session/e99cfe8d2d20fe94465bcf3e96646458/element'
15:56:40.165 [AsyncHttpClient-1-4] DEBUG org.asynchttpclient.netty.handler.HttpHandler - 

Request DefaultHttpRequest(decodeResult: success, version: HTTP/1.1)
POST /session/e99cfe8d2d20fe94465bcf3e96646458/element HTTP/1.1
User-Agent: selenium/4.1.2 (java windows)
Content-Length: 63
Content-Type: application/json; charset=utf-8
host: localhost:54398
accept: */*

Response DefaultHttpResponse(decodeResult: success, version: HTTP/1.1)
HTTP/1.1 200 OK
Content-Type: application/json; charset=utf-8
cache-control: no-cache
content-length: 88

15:56:40.165 [AsyncHttpClient-1-4] DEBUG org.asynchttpclient.netty.channel.ChannelManager - Adding key: http://localhost:54398 for channel [id: 0xab4559d7, L:/127.0.0.1:56718 - R:localhost/127.0.0.1:54398]
15:56:40.166 [Forwarding getElementText on session e99cfe8d2d20fe94465bcf3e96646458 to remote] DEBUG org.asynchttpclient.netty.request.NettyRequestSender - Using pooled Channel '[id: 0xab4559d7, L:/127.0.0.1:56718 - R:localhost/127.0.0.1:54398]' for 'GET' to 'http://localhost:54398/session/e99cfe8d2d20fe94465bcf3e96646458/element/3dbc3dd7-5fbb-4811-8b73-e78d8c99c666/text'
15:56:40.166 [Forwarding getElementText on session e99cfe8d2d20fe94465bcf3e96646458 to remote] DEBUG org.asynchttpclient.netty.request.NettyRequestSender - Using open Channel [id: 0xab4559d7, L:/127.0.0.1:56718 - R:localhost/127.0.0.1:54398] for GET '/session/e99cfe8d2d20fe94465bcf3e96646458/element/3dbc3dd7-5fbb-4811-8b73-e78d8c99c666/text'
15:56:40.186 [AsyncHttpClient-1-4] DEBUG org.asynchttpclient.netty.handler.HttpHandler - 

Request DefaultFullHttpRequest(decodeResult: success, version: HTTP/1.1, content: EmptyByteBufBE)
GET /session/e99cfe8d2d20fe94465bcf3e96646458/element/3dbc3dd7-5fbb-4811-8b73-e78d8c99c666/text HTTP/1.1
User-Agent: selenium/4.1.2 (java windows)
Cache-Control: no-cache
Content-Type: application/json; charset=utf-8
host: localhost:54398
accept: */*

Response DefaultHttpResponse(decodeResult: success, version: HTTP/1.1)
HTTP/1.1 200 OK
Content-Type: application/json; charset=utf-8
cache-control: no-cache
content-length: 12

15:56:40.186 [AsyncHttpClient-1-4] DEBUG org.asynchttpclient.netty.channel.ChannelManager - Adding key: http://localhost:54398 for channel [id: 0xab4559d7, L:/127.0.0.1:56718 - R:localhost/127.0.0.1:54398]
  &amp#27;[32mThen &amp#27;[0m&amp#27;[32mI get the &amp#27;[0m&amp#27;[32m&amp#27;[1m"alert message: email is required"&amp#27;[0m &amp#27;[90m# starter.stepdefinitions.RegisterSteps.iGetResult(java.lang.String)&amp#27;[0m
15:56:40.207 [Forwarding screenshot on session e99cfe8d2d20fe94465bcf3e96646458 to remote] DEBUG org.asynchttpclient.netty.request.NettyRequestSender - Using pooled Channel '[id: 0xab4559d7, L:/127.0.0.1:56718 - R:localhost/127.0.0.1:54398]' for 'GET' to 'http://localhost:54398/session/e99cfe8d2d20fe94465bcf3e96646458/screenshot'
15:56:40.207 [Forwarding screenshot on session e99cfe8d2d20fe94465bcf3e96646458 to remote] DEBUG org.asynchttpclient.netty.request.NettyRequestSender - Using open Channel [id: 0xab4559d7, L:/127.0.0.1:56718 - R:localhost/127.0.0.1:54398] for GET '/session/e99cfe8d2d20fe94465bcf3e96646458/screenshot'
15:56:40.343 [AsyncHttpClient-1-4] DEBUG org.asynchttpclient.netty.handler.HttpHandler - 

Request DefaultFullHttpRequest(decodeResult: success, version: HTTP/1.1, content: EmptyByteBufBE)
GET /session/e99cfe8d2d20fe94465bcf3e96646458/screenshot HTTP/1.1
User-Agent: selenium/4.1.2 (java windows)
Cache-Control: no-cache
Content-Type: application/json; charset=utf-8
host: localhost:54398
accept: */*

Response DefaultHttpResponse(decodeResult: success, version: HTTP/1.1)
HTTP/1.1 200 OK
Content-Type: application/json; charset=utf-8
cache-control: no-cache
content-length: 33608

15:56:40.344 [AsyncHttpClient-1-4] DEBUG org.asynchttpclient.netty.channel.ChannelManager - Adding key: http://localhost:54398 for channel [id: 0xab4559d7, L:/127.0.0.1:56718 - R:localhost/127.0.0.1:54398]
15:56:40.346 [main] DEBUG net.serenitybdd.core.photography.Darkroom - Send negative for processing for target\site\serenity\eac532be87a0e15a0df0ebd52471898d7f34c5710fe945bd470af500f0d46b34.png
15:56:40.350 [AsyncHttpClient-1-2] DEBUG org.asynchttpclient.netty.handler.WebSocketHandler - Channel Closed: [id: 0x7a4ca6cb, L:/127.0.0.1:56726 ! R:localhost/127.0.0.1:56719] with attribute NettyResponseFuture{currentRetry=5,
	isDone=1,
	isCancelled=0,
	asyncHandler=org.asynchttpclient.ws.WebSocketUpgradeHandler@73f63de7,
	nettyRequest=org.asynchttpclient.netty.request.NettyRequest@670ac829,
	future=java.util.concurrent.CompletableFuture@eda35fc[Completed normally],
	uri=ws://localhost:56719/devtools/browser/d18e2e06-306e-4e03-8705-b3c0c354f77b,
	keepAlive=true,
	redirectCount=0,
	timeoutsHolder=null,
	inAuth=0,
	touch=1652864193076}
15:56:40.350 [AsyncHttpClient-1-2] DEBUG org.asynchttpclient.netty.channel.ChannelManager - Closing Channel [id: 0x7a4ca6cb, L:/127.0.0.1:56726 ! R:localhost/127.0.0.1:56719] 
15:56:40.351 [Driver Command Executor] DEBUG org.asynchttpclient.netty.request.NettyRequestSender - Using pooled Channel '[id: 0xab4559d7, L:/127.0.0.1:56718 - R:localhost/127.0.0.1:54398]' for 'DELETE' to 'http://localhost:54398/session/e99cfe8d2d20fe94465bcf3e96646458'
15:56:40.351 [Driver Command Executor] DEBUG org.asynchttpclient.netty.request.NettyRequestSender - Using open Channel [id: 0xab4559d7, L:/127.0.0.1:56718 - R:localhost/127.0.0.1:54398] for DELETE '/session/e99cfe8d2d20fe94465bcf3e96646458'
15:56:40.569 [AsyncHttpClient-1-5] DEBUG org.asynchttpclient.netty.handler.HttpHandler - Unexpected I/O exception on channel [id: 0xae6e439a, L:/127.0.0.1:56725 - R:localhost/127.0.0.1:56719]
java.net.SocketException: Connection reset
	at java.base/sun.nio.ch.SocketChannelImpl.throwConnectionReset(SocketChannelImpl.java:367)
	at java.base/sun.nio.ch.SocketChannelImpl.read(SocketChannelImpl.java:398)
	at io.netty.buffer.PooledByteBuf.setBytes(PooledByteBuf.java:258)
	at io.netty.buffer.AbstractByteBuf.writeBytes(AbstractByteBuf.java:1132)
	at io.netty.channel.socket.nio.NioSocketChannel.doReadBytes(NioSocketChannel.java:350)
	at io.netty.channel.nio.AbstractNioByteChannel$NioByteUnsafe.read(AbstractNioByteChannel.java:151)
	at io.netty.channel.nio.NioEventLoop.processSelectedKey(NioEventLoop.java:722)
	at io.netty.channel.nio.NioEventLoop.processSelectedKeysOptimized(NioEventLoop.java:658)
	at io.netty.channel.nio.NioEventLoop.processSelectedKeys(NioEventLoop.java:584)
	at io.netty.channel.nio.NioEventLoop.run(NioEventLoop.java:496)
	at io.netty.util.concurrent.SingleThreadEventExecutor$4.run(SingleThreadEventExecutor.java:986)
	at io.netty.util.internal.ThreadExecutorMap$2.run(ThreadExecutorMap.java:74)
	at io.netty.util.concurrent.FastThreadLocalRunnable.run(FastThreadLocalRunnable.java:30)
	at java.base/java.lang.Thread.run(Thread.java:832)
15:56:40.571 [AsyncHttpClient-1-5] DEBUG org.asynchttpclient.netty.channel.ChannelManager - Closing Channel [id: 0xae6e439a, L:/127.0.0.1:56725 - R:localhost/127.0.0.1:56719] 
15:56:40.571 [AsyncHttpClient-1-5] DEBUG org.asynchttpclient.netty.handler.HttpHandler - Channel Closed: [id: 0xae6e439a, L:/127.0.0.1:56725 ! R:localhost/127.0.0.1:56719] with attribute DISCARD
15:56:40.592 [AsyncHttpClient-1-4] DEBUG org.asynchttpclient.netty.handler.HttpHandler - 

Request DefaultFullHttpRequest(decodeResult: success, version: HTTP/1.1, content: EmptyByteBufBE)
DELETE /session/e99cfe8d2d20fe94465bcf3e96646458 HTTP/1.1
User-Agent: selenium/4.1.2 (java windows)
Content-Type: application/json; charset=utf-8
host: localhost:54398
accept: */*

Response DefaultHttpResponse(decodeResult: success, version: HTTP/1.1)
HTTP/1.1 200 OK
Content-Type: application/json; charset=utf-8
cache-control: no-cache
content-length: 14

15:56:40.592 [AsyncHttpClient-1-4] DEBUG org.asynchttpclient.netty.channel.ChannelManager - Adding key: http://localhost:54398 for channel [id: 0xab4559d7, L:/127.0.0.1:56718 - R:localhost/127.0.0.1:54398]
15:56:40.862 [AsyncHttpClient-1-1] DEBUG org.asynchttpclient.netty.channel.DefaultChannelPool - Entry count for : http://localhost:56719 : 1
15:56:40.862 [AsyncHttpClient-1-1] DEBUG org.asynchttpclient.netty.channel.DefaultChannelPool - Entry count for : http://localhost:54398 : 1
15:56:40.862 [AsyncHttpClient-1-1] DEBUG org.asynchttpclient.netty.channel.DefaultChannelPool - Adding Candidate expired Channel [id: 0xae6e439a, L:/127.0.0.1:56725 ! R:localhost/127.0.0.1:56719] isIdleTimeoutExpired=false isRemotelyClosed=true isTtlExpired=false
15:56:40.862 [AsyncHttpClient-1-1] DEBUG org.asynchttpclient.netty.channel.DefaultChannelPool - Closing Idle Channel [id: 0xae6e439a, L:/127.0.0.1:56725 ! R:localhost/127.0.0.1:56719]
15:56:40.862 [AsyncHttpClient-1-1] DEBUG org.asynchttpclient.netty.channel.DefaultChannelPool - Closed 1 connections out of 2 in 0 ms
15:56:40.936 [AsyncHttpClient-1-4] DEBUG org.asynchttpclient.netty.handler.HttpHandler - Channel Closed: [id: 0xab4559d7, L:/127.0.0.1:56718 ! R:localhost/127.0.0.1:54398] with attribute DISCARD
]]></system-out>
    <system-err><![CDATA[Starting ChromeDriver 100.0.4896.60 (6a5d10861ce8de5fce22564658033b43cb7de047-refs/branch-heads/4896@{#875}) on port 54398
Only local connections are allowed.
Please see https://chromedriver.chromium.org/security-considerations for suggestions on keeping ChromeDriver safe.
ChromeDriver was started successfully.
[1652864192.946][WARNING]: This version of ChromeDriver has not been tested with Chrome version 101.
May 18, 2022 3:56:33 PM org.openqa.selenium.remote.ProtocolHandshake createSession
INFO: Detected dialect: W3C
May 18, 2022 3:56:33 PM org.openqa.selenium.devtools.CdpVersionFinder findNearestMatch
WARNING: Unable to find an exact match for CDP version 101, so returning the closest version found: 97
May 18, 2022 3:56:33 PM org.openqa.selenium.devtools.CdpVersionFinder findNearestMatch
INFO: Found CDP implementation for version 101 of 97
]]></system-err>
  </testcase>
  <testcase name="Register #6" classname="Register" time="13.57">
    <system-out><![CDATA[
Scenario Outline: Register                             &amp#27;[90m# src/test/resources/features/Register.feature:21&amp#27;[0m
15:56:41.505 [main] INFO io.cucumber.core.plugin.SerenityReporter - Running feature from file:///C:/Users/ponda/Documents/Final_Project/Final_Web/src/test/resources/features/Register.feature
15:56:41.575 [main] DEBUG net.thucydides.core.steps.StepInterceptor - STARTING STEP: RegisterSteps.onRegisterPage - openRegisURL
15:56:41.576 [main] INFO net.serenitybdd.core.webdriver.driverproviders.ChromeDriverProvider - Using automatically driver download
15:56:41.869 [main] DEBUG io.github.bonigarcia.wdm.cache.ResolutionCache - Resolution chrome=101 in cache (valid until 16:36:25 18/05/2022 WIB)
15:56:41.883 [main] DEBUG io.github.bonigarcia.wdm.cache.ResolutionCache - Resolution chrome101=101.0.4951.41 in cache (valid until 16:04:06 18/05/2022 WIB)
15:56:41.890 [main] INFO io.github.bonigarcia.wdm.WebDriverManager - Using chromedriver 101.0.4951.41 (resolved driver for Chrome 101)
15:56:41.930 [main] DEBUG io.github.bonigarcia.wdm.WebDriverManager - Driver chromedriver 101.0.4951.41 found in cache
15:56:41.932 [main] INFO io.github.bonigarcia.wdm.WebDriverManager - Exporting webdriver.chrome.driver as C:\Users\ponda\.cache\selenium\chromedriver\win32\101.0.4951.41\chromedriver.exe
15:56:41.965 [AsyncHttpClient-1-1] DEBUG org.asynchttpclient.netty.channel.DefaultChannelPool - Entry count for : http://localhost:54398 : 1
15:56:41.965 [AsyncHttpClient-1-1] DEBUG org.asynchttpclient.netty.channel.DefaultChannelPool - Adding Candidate expired Channel [id: 0xab4559d7, L:/127.0.0.1:56718 ! R:localhost/127.0.0.1:54398] isIdleTimeoutExpired=false isRemotelyClosed=true isTtlExpired=false
15:56:41.965 [AsyncHttpClient-1-1] DEBUG org.asynchttpclient.netty.channel.DefaultChannelPool - Closing Idle Channel [id: 0xab4559d7, L:/127.0.0.1:56718 ! R:localhost/127.0.0.1:54398]
15:56:41.965 [AsyncHttpClient-1-1] DEBUG org.asynchttpclient.netty.channel.DefaultChannelPool - Closed 1 connections out of 1 in 0 ms
15:56:42.142 [main] DEBUG net.serenitybdd.core.webdriver.driverproviders.ProvideNewDriver - Instantiating driver
15:56:42.142 [main] DEBUG net.serenitybdd.core.webdriver.driverproviders.ProvideNewDriver - Driver capabilities: Capabilities {acceptInsecureCerts: false, base.url: https://qa.alta.id, browserName: chrome, chrome.driver: src/test/resources/webdrive..., driver: chrome, goog:chromeOptions: {args: [], extensions: []}}
15:56:42.698 [AsyncHttpClient-1-3] DEBUG org.asynchttpclient.netty.channel.NettyConnectListener - Using new Channel '[id: 0xa149e3bf, L:/127.0.0.1:56748 - R:localhost/127.0.0.1:50506]' for 'POST' to '/session'
15:56:44.878 [AsyncHttpClient-1-3] DEBUG org.asynchttpclient.netty.handler.HttpHandler - 

Request DefaultHttpRequest(decodeResult: success, version: HTTP/1.1)
POST /session HTTP/1.1
User-Agent: selenium/4.1.2 (java windows)
Content-Length: 599
Content-Type: application/json; charset=utf-8
host: localhost:50506
accept: */*

Response DefaultHttpResponse(decodeResult: success, version: HTTP/1.1)
HTTP/1.1 200 OK
Content-Type: application/json; charset=utf-8
cache-control: no-cache
content-length: 789

15:56:44.879 [AsyncHttpClient-1-3] DEBUG org.asynchttpclient.netty.channel.ChannelManager - Adding key: http://localhost:50506 for channel [id: 0xa149e3bf, L:/127.0.0.1:56748 - R:localhost/127.0.0.1:50506]
15:56:44.920 [AsyncHttpClient-1-4] DEBUG org.asynchttpclient.netty.channel.NettyConnectListener - Using new Channel '[id: 0x0248ff92, L:/127.0.0.1:56756 - R:localhost/127.0.0.1:56750]' for 'GET' to '/json/version'
15:56:44.921 [AsyncHttpClient-1-4] DEBUG org.asynchttpclient.netty.handler.HttpHandler - 

Request DefaultFullHttpRequest(decodeResult: success, version: HTTP/1.1, content: EmptyByteBufBE)
GET /json/version HTTP/1.1
User-Agent: selenium/4.1.2 (java windows)
host: localhost:56750
accept: */*

Response DefaultHttpResponse(decodeResult: success, version: HTTP/1.1)
HTTP/1.1 200 OK
Content-Type: application/json; charset=UTF-8
content-length: 427

15:56:44.921 [AsyncHttpClient-1-4] DEBUG org.asynchttpclient.netty.channel.ChannelManager - Adding key: http://localhost:56750 for channel [id: 0x0248ff92, L:/127.0.0.1:56756 - R:localhost/127.0.0.1:56750]
15:56:44.928 [AsyncHttpClient-1-5] DEBUG org.asynchttpclient.netty.channel.NettyConnectListener - Using new Channel '[id: 0x54b8cf20, L:/127.0.0.1:56757 - R:localhost/127.0.0.1:56750]' for 'GET' to '/devtools/browser/792db550-683b-496b-b1b5-9a208c81b037'
15:56:44.929 [AsyncHttpClient-1-5] DEBUG org.asynchttpclient.netty.handler.WebSocketHandler - 

Request DefaultFullHttpRequest(decodeResult: success, version: HTTP/1.1, content: EmptyByteBufBE)
GET /devtools/browser/792db550-683b-496b-b1b5-9a208c81b037 HTTP/1.1
upgrade: websocket
connection: upgrade
sec-websocket-key: ZMwEFswSF4T36lAIwilKWg==
sec-websocket-version: 13
origin: http://localhost:56750
host: localhost:56750
accept: */*
user-agent: AHC/2.1

Response DefaultHttpResponse(decodeResult: success, version: HTTP/1.1)
HTTP/1.1 101 WebSocket Protocol Handshake
Upgrade: WebSocket
Connection: Upgrade
Sec-WebSocket-Accept: BpypqbfXBVYWIy1cqn8cmAmXtGk=

15:56:44.937 [Forwarding maximizeCurrentWindow on session afa76e72e97aab6287bb570eef1ab5f4 to remote] DEBUG org.asynchttpclient.netty.request.NettyRequestSender - Using pooled Channel '[id: 0xa149e3bf, L:/127.0.0.1:56748 - R:localhost/127.0.0.1:50506]' for 'POST' to 'http://localhost:50506/session/afa76e72e97aab6287bb570eef1ab5f4/window/maximize'
15:56:44.937 [Forwarding maximizeCurrentWindow on session afa76e72e97aab6287bb570eef1ab5f4 to remote] DEBUG org.asynchttpclient.netty.request.NettyRequestSender - Using open Channel [id: 0xa149e3bf, L:/127.0.0.1:56748 - R:localhost/127.0.0.1:50506] for POST '/session/afa76e72e97aab6287bb570eef1ab5f4/window/maximize'
15:56:45.152 [AsyncHttpClient-1-3] DEBUG org.asynchttpclient.netty.handler.HttpHandler - 

Request DefaultHttpRequest(decodeResult: success, version: HTTP/1.1)
POST /session/afa76e72e97aab6287bb570eef1ab5f4/window/maximize HTTP/1.1
User-Agent: selenium/4.1.2 (java windows)
Content-Length: 3
Content-Type: application/json; charset=utf-8
host: localhost:50506
accept: */*

Response DefaultHttpResponse(decodeResult: success, version: HTTP/1.1)
HTTP/1.1 200 OK
Content-Type: application/json; charset=utf-8
cache-control: no-cache
content-length: 51

15:56:45.153 [AsyncHttpClient-1-3] DEBUG org.asynchttpclient.netty.channel.ChannelManager - Adding key: http://localhost:50506 for channel [id: 0xa149e3bf, L:/127.0.0.1:56748 - R:localhost/127.0.0.1:50506]
15:56:45.154 [Forwarding get on session afa76e72e97aab6287bb570eef1ab5f4 to remote] DEBUG org.asynchttpclient.netty.request.NettyRequestSender - Using pooled Channel '[id: 0xa149e3bf, L:/127.0.0.1:56748 - R:localhost/127.0.0.1:50506]' for 'POST' to 'http://localhost:50506/session/afa76e72e97aab6287bb570eef1ab5f4/url'
15:56:45.155 [Forwarding get on session afa76e72e97aab6287bb570eef1ab5f4 to remote] DEBUG org.asynchttpclient.netty.request.NettyRequestSender - Using open Channel [id: 0xa149e3bf, L:/127.0.0.1:56748 - R:localhost/127.0.0.1:50506] for POST '/session/afa76e72e97aab6287bb570eef1ab5f4/url'
15:56:45.289 [AsyncHttpClient-1-1] DEBUG org.asynchttpclient.netty.channel.DefaultChannelPool - Entry count for : http://localhost:56750 : 1
15:56:46.370 [AsyncHttpClient-1-1] DEBUG org.asynchttpclient.netty.channel.DefaultChannelPool - Entry count for : http://localhost:56750 : 1
15:56:47.460 [AsyncHttpClient-1-1] DEBUG org.asynchttpclient.netty.channel.DefaultChannelPool - Entry count for : http://localhost:56750 : 1
15:56:48.559 [AsyncHttpClient-1-1] DEBUG org.asynchttpclient.netty.channel.DefaultChannelPool - Entry count for : http://localhost:56750 : 1
15:56:49.664 [AsyncHttpClient-1-1] DEBUG org.asynchttpclient.netty.channel.DefaultChannelPool - Entry count for : http://localhost:56750 : 1
15:56:50.113 [AsyncHttpClient-1-3] DEBUG org.asynchttpclient.netty.handler.HttpHandler - 

Request DefaultHttpRequest(decodeResult: success, version: HTTP/1.1)
POST /session/afa76e72e97aab6287bb570eef1ab5f4/url HTTP/1.1
User-Agent: selenium/4.1.2 (java windows)
Content-Length: 67
Content-Type: application/json; charset=utf-8
host: localhost:50506
accept: */*

Response DefaultHttpResponse(decodeResult: success, version: HTTP/1.1)
HTTP/1.1 200 OK
Content-Type: application/json; charset=utf-8
cache-control: no-cache
content-length: 14

15:56:50.114 [AsyncHttpClient-1-3] DEBUG org.asynchttpclient.netty.channel.ChannelManager - Adding key: http://localhost:50506 for channel [id: 0xa149e3bf, L:/127.0.0.1:56748 - R:localhost/127.0.0.1:50506]
15:56:50.115 [Forwarding setTimeout on session afa76e72e97aab6287bb570eef1ab5f4 to remote] DEBUG org.asynchttpclient.netty.request.NettyRequestSender - Using pooled Channel '[id: 0xa149e3bf, L:/127.0.0.1:56748 - R:localhost/127.0.0.1:50506]' for 'POST' to 'http://localhost:50506/session/afa76e72e97aab6287bb570eef1ab5f4/timeouts'
15:56:50.115 [Forwarding setTimeout on session afa76e72e97aab6287bb570eef1ab5f4 to remote] DEBUG org.asynchttpclient.netty.request.NettyRequestSender - Using open Channel [id: 0xa149e3bf, L:/127.0.0.1:56748 - R:localhost/127.0.0.1:50506] for POST '/session/afa76e72e97aab6287bb570eef1ab5f4/timeouts'
15:56:50.117 [AsyncHttpClient-1-3] DEBUG org.asynchttpclient.netty.handler.HttpHandler - 

Request DefaultHttpRequest(decodeResult: success, version: HTTP/1.1)
POST /session/afa76e72e97aab6287bb570eef1ab5f4/timeouts HTTP/1.1
User-Agent: selenium/4.1.2 (java windows)
Content-Length: 22
Content-Type: application/json; charset=utf-8
host: localhost:50506
accept: */*

Response DefaultHttpResponse(decodeResult: success, version: HTTP/1.1)
HTTP/1.1 200 OK
Content-Type: application/json; charset=utf-8
cache-control: no-cache
content-length: 14

15:56:50.118 [AsyncHttpClient-1-3] DEBUG org.asynchttpclient.netty.channel.ChannelManager - Adding key: http://localhost:50506 for channel [id: 0xa149e3bf, L:/127.0.0.1:56748 - R:localhost/127.0.0.1:50506]
15:56:50.121 [Forwarding getCurrentUrl on session afa76e72e97aab6287bb570eef1ab5f4 to remote] DEBUG org.asynchttpclient.netty.request.NettyRequestSender - Using pooled Channel '[id: 0xa149e3bf, L:/127.0.0.1:56748 - R:localhost/127.0.0.1:50506]' for 'GET' to 'http://localhost:50506/session/afa76e72e97aab6287bb570eef1ab5f4/url'
15:56:50.122 [Forwarding getCurrentUrl on session afa76e72e97aab6287bb570eef1ab5f4 to remote] DEBUG org.asynchttpclient.netty.request.NettyRequestSender - Using open Channel [id: 0xa149e3bf, L:/127.0.0.1:56748 - R:localhost/127.0.0.1:50506] for GET '/session/afa76e72e97aab6287bb570eef1ab5f4/url'
15:56:50.133 [AsyncHttpClient-1-3] DEBUG org.asynchttpclient.netty.handler.HttpHandler - 

Request DefaultFullHttpRequest(decodeResult: success, version: HTTP/1.1, content: EmptyByteBufBE)
GET /session/afa76e72e97aab6287bb570eef1ab5f4/url HTTP/1.1
User-Agent: selenium/4.1.2 (java windows)
Cache-Control: no-cache
Content-Type: application/json; charset=utf-8
host: localhost:50506
accept: */*

Response DefaultHttpResponse(decodeResult: success, version: HTTP/1.1)
HTTP/1.1 200 OK
Content-Type: application/json; charset=utf-8
cache-control: no-cache
content-length: 44

15:56:50.133 [AsyncHttpClient-1-3] DEBUG org.asynchttpclient.netty.channel.ChannelManager - Adding key: http://localhost:50506 for channel [id: 0xa149e3bf, L:/127.0.0.1:56748 - R:localhost/127.0.0.1:50506]
15:56:50.141 [Forwarding screenshot on session afa76e72e97aab6287bb570eef1ab5f4 to remote] DEBUG org.asynchttpclient.netty.request.NettyRequestSender - Using pooled Channel '[id: 0xa149e3bf, L:/127.0.0.1:56748 - R:localhost/127.0.0.1:50506]' for 'GET' to 'http://localhost:50506/session/afa76e72e97aab6287bb570eef1ab5f4/screenshot'
15:56:50.142 [Forwarding screenshot on session afa76e72e97aab6287bb570eef1ab5f4 to remote] DEBUG org.asynchttpclient.netty.request.NettyRequestSender - Using open Channel [id: 0xa149e3bf, L:/127.0.0.1:56748 - R:localhost/127.0.0.1:50506] for GET '/session/afa76e72e97aab6287bb570eef1ab5f4/screenshot'
15:56:50.324 [AsyncHttpClient-1-3] DEBUG org.asynchttpclient.netty.handler.HttpHandler - 

Request DefaultFullHttpRequest(decodeResult: success, version: HTTP/1.1, content: EmptyByteBufBE)
GET /session/afa76e72e97aab6287bb570eef1ab5f4/screenshot HTTP/1.1
User-Agent: selenium/4.1.2 (java windows)
Cache-Control: no-cache
Content-Type: application/json; charset=utf-8
host: localhost:50506
accept: */*

Response DefaultHttpResponse(decodeResult: success, version: HTTP/1.1)
HTTP/1.1 200 OK
Content-Type: application/json; charset=utf-8
cache-control: no-cache
content-length: 30072

15:56:50.324 [AsyncHttpClient-1-3] DEBUG org.asynchttpclient.netty.channel.ChannelManager - Adding key: http://localhost:50506 for channel [id: 0xa149e3bf, L:/127.0.0.1:56748 - R:localhost/127.0.0.1:50506]
15:56:50.326 [main] DEBUG net.serenitybdd.core.photography.Darkroom - Send negative for processing for target\site\serenity\bd159e4f239b6f9d4ba999f8a11b183ce613e281485ea2c4cc7c03dfabddb843.png
15:56:50.328 [main] DEBUG net.thucydides.core.steps.StepInterceptor - STEP DONE: openRegisURL
  &amp#27;[32mGiven &amp#27;[0m&amp#27;[32mI am on register page&amp#27;[0m                          &amp#27;[90m# starter.stepdefinitions.RegisterSteps.onRegisterPage()&amp#27;[0m
15:56:50.349 [main] DEBUG net.thucydides.core.steps.StepInterceptor - STARTING STEP: RegisterSteps.inputNamaLengkap - inputNamaLengkap
15:56:50.352 [Forwarding findElement on session afa76e72e97aab6287bb570eef1ab5f4 to remote] DEBUG org.asynchttpclient.netty.request.NettyRequestSender - Using pooled Channel '[id: 0xa149e3bf, L:/127.0.0.1:56748 - R:localhost/127.0.0.1:50506]' for 'POST' to 'http://localhost:50506/session/afa76e72e97aab6287bb570eef1ab5f4/element'
15:56:50.352 [Forwarding findElement on session afa76e72e97aab6287bb570eef1ab5f4 to remote] DEBUG org.asynchttpclient.netty.request.NettyRequestSender - Using open Channel [id: 0xa149e3bf, L:/127.0.0.1:56748 - R:localhost/127.0.0.1:50506] for POST '/session/afa76e72e97aab6287bb570eef1ab5f4/element'
15:56:50.371 [AsyncHttpClient-1-3] DEBUG org.asynchttpclient.netty.handler.HttpHandler - 

Request DefaultHttpRequest(decodeResult: success, version: HTTP/1.1)
POST /session/afa76e72e97aab6287bb570eef1ab5f4/element HTTP/1.1
User-Agent: selenium/4.1.2 (java windows)
Content-Length: 93
Content-Type: application/json; charset=utf-8
host: localhost:50506
accept: */*

Response DefaultHttpResponse(decodeResult: success, version: HTTP/1.1)
HTTP/1.1 200 OK
Content-Type: application/json; charset=utf-8
cache-control: no-cache
content-length: 88

15:56:50.371 [AsyncHttpClient-1-3] DEBUG org.asynchttpclient.netty.channel.ChannelManager - Adding key: http://localhost:50506 for channel [id: 0xa149e3bf, L:/127.0.0.1:56748 - R:localhost/127.0.0.1:50506]
15:56:50.372 [Forwarding clearElement on session afa76e72e97aab6287bb570eef1ab5f4 to remote] DEBUG org.asynchttpclient.netty.request.NettyRequestSender - Using pooled Channel '[id: 0xa149e3bf, L:/127.0.0.1:56748 - R:localhost/127.0.0.1:50506]' for 'POST' to 'http://localhost:50506/session/afa76e72e97aab6287bb570eef1ab5f4/element/71a1aaa7-4147-42c1-9b31-b8c6fb784f89/clear'
15:56:50.372 [Forwarding clearElement on session afa76e72e97aab6287bb570eef1ab5f4 to remote] DEBUG org.asynchttpclient.netty.request.NettyRequestSender - Using open Channel [id: 0xa149e3bf, L:/127.0.0.1:56748 - R:localhost/127.0.0.1:50506] for POST '/session/afa76e72e97aab6287bb570eef1ab5f4/element/71a1aaa7-4147-42c1-9b31-b8c6fb784f89/clear'
15:56:50.422 [AsyncHttpClient-1-3] DEBUG org.asynchttpclient.netty.handler.HttpHandler - 

Request DefaultHttpRequest(decodeResult: success, version: HTTP/1.1)
POST /session/afa76e72e97aab6287bb570eef1ab5f4/element/71a1aaa7-4147-42c1-9b31-b8c6fb784f89/clear HTTP/1.1
User-Agent: selenium/4.1.2 (java windows)
Content-Length: 50
Content-Type: application/json; charset=utf-8
host: localhost:50506
accept: */*

Response DefaultHttpResponse(decodeResult: success, version: HTTP/1.1)
HTTP/1.1 200 OK
Content-Type: application/json; charset=utf-8
cache-control: no-cache
content-length: 14

15:56:50.423 [AsyncHttpClient-1-3] DEBUG org.asynchttpclient.netty.channel.ChannelManager - Adding key: http://localhost:50506 for channel [id: 0xa149e3bf, L:/127.0.0.1:56748 - R:localhost/127.0.0.1:50506]
15:56:50.425 [Forwarding sendKeysToElement on session afa76e72e97aab6287bb570eef1ab5f4 to remote] DEBUG org.asynchttpclient.netty.request.NettyRequestSender - Using pooled Channel '[id: 0xa149e3bf, L:/127.0.0.1:56748 - R:localhost/127.0.0.1:50506]' for 'POST' to 'http://localhost:50506/session/afa76e72e97aab6287bb570eef1ab5f4/element/71a1aaa7-4147-42c1-9b31-b8c6fb784f89/value'
15:56:50.425 [Forwarding sendKeysToElement on session afa76e72e97aab6287bb570eef1ab5f4 to remote] DEBUG org.asynchttpclient.netty.request.NettyRequestSender - Using open Channel [id: 0xa149e3bf, L:/127.0.0.1:56748 - R:localhost/127.0.0.1:50506] for POST '/session/afa76e72e97aab6287bb570eef1ab5f4/element/71a1aaa7-4147-42c1-9b31-b8c6fb784f89/value'
15:56:50.706 [AsyncHttpClient-1-3] DEBUG org.asynchttpclient.netty.handler.HttpHandler - 

Request DefaultHttpRequest(decodeResult: success, version: HTTP/1.1)
POST /session/afa76e72e97aab6287bb570eef1ab5f4/element/71a1aaa7-4147-42c1-9b31-b8c6fb784f89/value HTTP/1.1
User-Agent: selenium/4.1.2 (java windows)
Content-Length: 171
Content-Type: application/json; charset=utf-8
host: localhost:50506
accept: */*

Response DefaultHttpResponse(decodeResult: success, version: HTTP/1.1)
HTTP/1.1 200 OK
Content-Type: application/json; charset=utf-8
cache-control: no-cache
content-length: 14

15:56:50.706 [AsyncHttpClient-1-3] DEBUG org.asynchttpclient.netty.channel.ChannelManager - Adding key: http://localhost:50506 for channel [id: 0xa149e3bf, L:/127.0.0.1:56748 - R:localhost/127.0.0.1:50506]
15:56:50.726 [Forwarding screenshot on session afa76e72e97aab6287bb570eef1ab5f4 to remote] DEBUG org.asynchttpclient.netty.request.NettyRequestSender - Using pooled Channel '[id: 0xa149e3bf, L:/127.0.0.1:56748 - R:localhost/127.0.0.1:50506]' for 'GET' to 'http://localhost:50506/session/afa76e72e97aab6287bb570eef1ab5f4/screenshot'
15:56:50.730 [Forwarding screenshot on session afa76e72e97aab6287bb570eef1ab5f4 to remote] DEBUG org.asynchttpclient.netty.request.NettyRequestSender - Using open Channel [id: 0xa149e3bf, L:/127.0.0.1:56748 - R:localhost/127.0.0.1:50506] for GET '/session/afa76e72e97aab6287bb570eef1ab5f4/screenshot'
15:56:50.764 [AsyncHttpClient-1-1] DEBUG org.asynchttpclient.netty.channel.DefaultChannelPool - Entry count for : http://localhost:56750 : 1
15:56:51.000 [AsyncHttpClient-1-3] DEBUG org.asynchttpclient.netty.handler.HttpHandler - 

Request DefaultFullHttpRequest(decodeResult: success, version: HTTP/1.1, content: EmptyByteBufBE)
GET /session/afa76e72e97aab6287bb570eef1ab5f4/screenshot HTTP/1.1
User-Agent: selenium/4.1.2 (java windows)
Cache-Control: no-cache
Content-Type: application/json; charset=utf-8
host: localhost:50506
accept: */*

Response DefaultHttpResponse(decodeResult: success, version: HTTP/1.1)
HTTP/1.1 200 OK
Content-Type: application/json; charset=utf-8
cache-control: no-cache
content-length: 31068

15:56:51.000 [AsyncHttpClient-1-3] DEBUG org.asynchttpclient.netty.channel.ChannelManager - Adding key: http://localhost:50506 for channel [id: 0xa149e3bf, L:/127.0.0.1:56748 - R:localhost/127.0.0.1:50506]
15:56:51.002 [main] DEBUG net.serenitybdd.core.photography.Darkroom - Send negative for processing for target\site\serenity\aa2972fe23770a52429163e4a1e6c76940a02d8b2540bec34bef1fb9bae4c25e.png
15:56:51.004 [Darkroom Processing Line] DEBUG net.serenitybdd.core.photography.DarkroomProcessingLine - Processing screenshot image in /var/screenshots/screenshot-4007835846911010449
15:56:51.004 [Darkroom Processing Line] DEBUG net.serenitybdd.core.photography.DarkroomProcessingLine - Saving screenshot to target\site\serenity\aa2972fe23770a52429163e4a1e6c76940a02d8b2540bec34bef1fb9bae4c25e.png
15:56:51.006 [main] DEBUG net.thucydides.core.steps.StepInterceptor - STEP DONE: inputNamaLengkap
  &amp#27;[32mWhen &amp#27;[0m&amp#27;[32mI input fullname &amp#27;[0m&amp#27;[32m&amp#27;[1m"Kim Jisoo"&amp#27;[0m                    &amp#27;[90m# starter.stepdefinitions.RegisterSteps.inputNamaLengkap(java.lang.String)&amp#27;[0m
15:56:51.041 [main] DEBUG net.thucydides.core.steps.StepInterceptor - STARTING STEP: RegisterSteps.iInputEmail - inputEmailForRegist
15:56:51.048 [Forwarding findElement on session afa76e72e97aab6287bb570eef1ab5f4 to remote] DEBUG org.asynchttpclient.netty.request.NettyRequestSender - Using pooled Channel '[id: 0xa149e3bf, L:/127.0.0.1:56748 - R:localhost/127.0.0.1:50506]' for 'POST' to 'http://localhost:50506/session/afa76e72e97aab6287bb570eef1ab5f4/element'
15:56:51.048 [Forwarding findElement on session afa76e72e97aab6287bb570eef1ab5f4 to remote] DEBUG org.asynchttpclient.netty.request.NettyRequestSender - Using open Channel [id: 0xa149e3bf, L:/127.0.0.1:56748 - R:localhost/127.0.0.1:50506] for POST '/session/afa76e72e97aab6287bb570eef1ab5f4/element'
15:56:51.068 [AsyncHttpClient-1-3] DEBUG org.asynchttpclient.netty.handler.HttpHandler - 

Request DefaultHttpRequest(decodeResult: success, version: HTTP/1.1)
POST /session/afa76e72e97aab6287bb570eef1ab5f4/element HTTP/1.1
User-Agent: selenium/4.1.2 (java windows)
Content-Length: 86
Content-Type: application/json; charset=utf-8
host: localhost:50506
accept: */*

Response DefaultHttpResponse(decodeResult: success, version: HTTP/1.1)
HTTP/1.1 200 OK
Content-Type: application/json; charset=utf-8
cache-control: no-cache
content-length: 88

15:56:51.068 [AsyncHttpClient-1-3] DEBUG org.asynchttpclient.netty.channel.ChannelManager - Adding key: http://localhost:50506 for channel [id: 0xa149e3bf, L:/127.0.0.1:56748 - R:localhost/127.0.0.1:50506]
15:56:51.070 [Forwarding clearElement on session afa76e72e97aab6287bb570eef1ab5f4 to remote] DEBUG org.asynchttpclient.netty.request.NettyRequestSender - Using pooled Channel '[id: 0xa149e3bf, L:/127.0.0.1:56748 - R:localhost/127.0.0.1:50506]' for 'POST' to 'http://localhost:50506/session/afa76e72e97aab6287bb570eef1ab5f4/element/b2a30aa2-3081-43c1-93d6-d6d63aa00874/clear'
15:56:51.070 [Forwarding clearElement on session afa76e72e97aab6287bb570eef1ab5f4 to remote] DEBUG org.asynchttpclient.netty.request.NettyRequestSender - Using open Channel [id: 0xa149e3bf, L:/127.0.0.1:56748 - R:localhost/127.0.0.1:50506] for POST '/session/afa76e72e97aab6287bb570eef1ab5f4/element/b2a30aa2-3081-43c1-93d6-d6d63aa00874/clear'
15:56:51.122 [AsyncHttpClient-1-3] DEBUG org.asynchttpclient.netty.handler.HttpHandler - 

Request DefaultHttpRequest(decodeResult: success, version: HTTP/1.1)
POST /session/afa76e72e97aab6287bb570eef1ab5f4/element/b2a30aa2-3081-43c1-93d6-d6d63aa00874/clear HTTP/1.1
User-Agent: selenium/4.1.2 (java windows)
Content-Length: 50
Content-Type: application/json; charset=utf-8
host: localhost:50506
accept: */*

Response DefaultHttpResponse(decodeResult: success, version: HTTP/1.1)
HTTP/1.1 200 OK
Content-Type: application/json; charset=utf-8
cache-control: no-cache
content-length: 14

15:56:51.123 [AsyncHttpClient-1-3] DEBUG org.asynchttpclient.netty.channel.ChannelManager - Adding key: http://localhost:50506 for channel [id: 0xa149e3bf, L:/127.0.0.1:56748 - R:localhost/127.0.0.1:50506]
15:56:51.125 [Forwarding sendKeysToElement on session afa76e72e97aab6287bb570eef1ab5f4 to remote] DEBUG org.asynchttpclient.netty.request.NettyRequestSender - Using pooled Channel '[id: 0xa149e3bf, L:/127.0.0.1:56748 - R:localhost/127.0.0.1:50506]' for 'POST' to 'http://localhost:50506/session/afa76e72e97aab6287bb570eef1ab5f4/element/b2a30aa2-3081-43c1-93d6-d6d63aa00874/value'
15:56:51.125 [Forwarding sendKeysToElement on session afa76e72e97aab6287bb570eef1ab5f4 to remote] DEBUG org.asynchttpclient.netty.request.NettyRequestSender - Using open Channel [id: 0xa149e3bf, L:/127.0.0.1:56748 - R:localhost/127.0.0.1:50506] for POST '/session/afa76e72e97aab6287bb570eef1ab5f4/element/b2a30aa2-3081-43c1-93d6-d6d63aa00874/value'
15:56:51.508 [AsyncHttpClient-1-3] DEBUG org.asynchttpclient.netty.handler.HttpHandler - 

Request DefaultHttpRequest(decodeResult: success, version: HTTP/1.1)
POST /session/afa76e72e97aab6287bb570eef1ab5f4/element/b2a30aa2-3081-43c1-93d6-d6d63aa00874/value HTTP/1.1
User-Agent: selenium/4.1.2 (java windows)
Content-Length: 251
Content-Type: application/json; charset=utf-8
host: localhost:50506
accept: */*

Response DefaultHttpResponse(decodeResult: success, version: HTTP/1.1)
HTTP/1.1 200 OK
Content-Type: application/json; charset=utf-8
cache-control: no-cache
content-length: 14

15:56:51.510 [AsyncHttpClient-1-3] DEBUG org.asynchttpclient.netty.channel.ChannelManager - Adding key: http://localhost:50506 for channel [id: 0xa149e3bf, L:/127.0.0.1:56748 - R:localhost/127.0.0.1:50506]
15:56:51.523 [Forwarding screenshot on session afa76e72e97aab6287bb570eef1ab5f4 to remote] DEBUG org.asynchttpclient.netty.request.NettyRequestSender - Using pooled Channel '[id: 0xa149e3bf, L:/127.0.0.1:56748 - R:localhost/127.0.0.1:50506]' for 'GET' to 'http://localhost:50506/session/afa76e72e97aab6287bb570eef1ab5f4/screenshot'
15:56:51.523 [Forwarding screenshot on session afa76e72e97aab6287bb570eef1ab5f4 to remote] DEBUG org.asynchttpclient.netty.request.NettyRequestSender - Using open Channel [id: 0xa149e3bf, L:/127.0.0.1:56748 - R:localhost/127.0.0.1:50506] for GET '/session/afa76e72e97aab6287bb570eef1ab5f4/screenshot'
15:56:51.746 [AsyncHttpClient-1-3] DEBUG org.asynchttpclient.netty.handler.HttpHandler - 

Request DefaultFullHttpRequest(decodeResult: success, version: HTTP/1.1, content: EmptyByteBufBE)
GET /session/afa76e72e97aab6287bb570eef1ab5f4/screenshot HTTP/1.1
User-Agent: selenium/4.1.2 (java windows)
Cache-Control: no-cache
Content-Type: application/json; charset=utf-8
host: localhost:50506
accept: */*

Response DefaultHttpResponse(decodeResult: success, version: HTTP/1.1)
HTTP/1.1 200 OK
Content-Type: application/json; charset=utf-8
cache-control: no-cache
content-length: 34236

15:56:51.747 [AsyncHttpClient-1-3] DEBUG org.asynchttpclient.netty.channel.ChannelManager - Adding key: http://localhost:50506 for channel [id: 0xa149e3bf, L:/127.0.0.1:56748 - R:localhost/127.0.0.1:50506]
15:56:51.750 [main] DEBUG net.serenitybdd.core.photography.Darkroom - Send negative for processing for target\site\serenity\d77ea9875a2ecc45498572f907294a40b1af19f7f003720faa32b30bab45d8a3.png
15:56:51.751 [main] DEBUG net.thucydides.core.steps.StepInterceptor - STEP DONE: inputEmailForRegist
  &amp#27;[32mAnd &amp#27;[0m&amp#27;[32mI input email &amp#27;[0m&amp#27;[32m&amp#27;[1m"jichuuu@gmail.com"&amp#27;[0m                &amp#27;[90m# starter.stepdefinitions.RegisterSteps.iInputEmail(java.lang.String)&amp#27;[0m
15:56:51.752 [Darkroom Processing Line] DEBUG net.serenitybdd.core.photography.DarkroomProcessingLine - Processing screenshot image in /var/screenshots/screenshot-9202323704457494291
15:56:51.752 [Darkroom Processing Line] DEBUG net.serenitybdd.core.photography.DarkroomProcessingLine - Saving screenshot to target\site\serenity\d77ea9875a2ecc45498572f907294a40b1af19f7f003720faa32b30bab45d8a3.png
15:56:51.783 [main] DEBUG net.thucydides.core.steps.StepInterceptor - STARTING STEP: RegisterSteps.inputPass - inputPassForRegist
15:56:51.789 [Forwarding findElement on session afa76e72e97aab6287bb570eef1ab5f4 to remote] DEBUG org.asynchttpclient.netty.request.NettyRequestSender - Using pooled Channel '[id: 0xa149e3bf, L:/127.0.0.1:56748 - R:localhost/127.0.0.1:50506]' for 'POST' to 'http://localhost:50506/session/afa76e72e97aab6287bb570eef1ab5f4/element'
15:56:51.789 [Forwarding findElement on session afa76e72e97aab6287bb570eef1ab5f4 to remote] DEBUG org.asynchttpclient.netty.request.NettyRequestSender - Using open Channel [id: 0xa149e3bf, L:/127.0.0.1:56748 - R:localhost/127.0.0.1:50506] for POST '/session/afa76e72e97aab6287bb570eef1ab5f4/element'
15:56:51.833 [AsyncHttpClient-1-3] DEBUG org.asynchttpclient.netty.handler.HttpHandler - 

Request DefaultHttpRequest(decodeResult: success, version: HTTP/1.1)
POST /session/afa76e72e97aab6287bb570eef1ab5f4/element HTTP/1.1
User-Agent: selenium/4.1.2 (java windows)
Content-Length: 89
Content-Type: application/json; charset=utf-8
host: localhost:50506
accept: */*

Response DefaultHttpResponse(decodeResult: success, version: HTTP/1.1)
HTTP/1.1 200 OK
Content-Type: application/json; charset=utf-8
cache-control: no-cache
content-length: 88

15:56:51.834 [AsyncHttpClient-1-3] DEBUG org.asynchttpclient.netty.channel.ChannelManager - Adding key: http://localhost:50506 for channel [id: 0xa149e3bf, L:/127.0.0.1:56748 - R:localhost/127.0.0.1:50506]
15:56:51.835 [Forwarding clearElement on session afa76e72e97aab6287bb570eef1ab5f4 to remote] DEBUG org.asynchttpclient.netty.request.NettyRequestSender - Using pooled Channel '[id: 0xa149e3bf, L:/127.0.0.1:56748 - R:localhost/127.0.0.1:50506]' for 'POST' to 'http://localhost:50506/session/afa76e72e97aab6287bb570eef1ab5f4/element/5e185910-9fc7-48c5-a811-f3e3a3173638/clear'
15:56:51.835 [Forwarding clearElement on session afa76e72e97aab6287bb570eef1ab5f4 to remote] DEBUG org.asynchttpclient.netty.request.NettyRequestSender - Using open Channel [id: 0xa149e3bf, L:/127.0.0.1:56748 - R:localhost/127.0.0.1:50506] for POST '/session/afa76e72e97aab6287bb570eef1ab5f4/element/5e185910-9fc7-48c5-a811-f3e3a3173638/clear'
15:56:51.870 [AsyncHttpClient-1-1] DEBUG org.asynchttpclient.netty.channel.DefaultChannelPool - Entry count for : http://localhost:56750 : 1
15:56:51.943 [AsyncHttpClient-1-3] DEBUG org.asynchttpclient.netty.handler.HttpHandler - 

Request DefaultHttpRequest(decodeResult: success, version: HTTP/1.1)
POST /session/afa76e72e97aab6287bb570eef1ab5f4/element/5e185910-9fc7-48c5-a811-f3e3a3173638/clear HTTP/1.1
User-Agent: selenium/4.1.2 (java windows)
Content-Length: 50
Content-Type: application/json; charset=utf-8
host: localhost:50506
accept: */*

Response DefaultHttpResponse(decodeResult: success, version: HTTP/1.1)
HTTP/1.1 200 OK
Content-Type: application/json; charset=utf-8
cache-control: no-cache
content-length: 14

15:56:51.943 [AsyncHttpClient-1-3] DEBUG org.asynchttpclient.netty.channel.ChannelManager - Adding key: http://localhost:50506 for channel [id: 0xa149e3bf, L:/127.0.0.1:56748 - R:localhost/127.0.0.1:50506]
15:56:51.946 [Forwarding sendKeysToElement on session afa76e72e97aab6287bb570eef1ab5f4 to remote] DEBUG org.asynchttpclient.netty.request.NettyRequestSender - Using pooled Channel '[id: 0xa149e3bf, L:/127.0.0.1:56748 - R:localhost/127.0.0.1:50506]' for 'POST' to 'http://localhost:50506/session/afa76e72e97aab6287bb570eef1ab5f4/element/5e185910-9fc7-48c5-a811-f3e3a3173638/value'
15:56:51.946 [Forwarding sendKeysToElement on session afa76e72e97aab6287bb570eef1ab5f4 to remote] DEBUG org.asynchttpclient.netty.request.NettyRequestSender - Using open Channel [id: 0xa149e3bf, L:/127.0.0.1:56748 - R:localhost/127.0.0.1:50506] for POST '/session/afa76e72e97aab6287bb570eef1ab5f4/element/5e185910-9fc7-48c5-a811-f3e3a3173638/value'
15:56:52.047 [AsyncHttpClient-1-3] DEBUG org.asynchttpclient.netty.handler.HttpHandler - 

Request DefaultHttpRequest(decodeResult: success, version: HTTP/1.1)
POST /session/afa76e72e97aab6287bb570eef1ab5f4/element/5e185910-9fc7-48c5-a811-f3e3a3173638/value HTTP/1.1
User-Agent: selenium/4.1.2 (java windows)
Content-Length: 82
Content-Type: application/json; charset=utf-8
host: localhost:50506
accept: */*

Response DefaultHttpResponse(decodeResult: success, version: HTTP/1.1)
HTTP/1.1 200 OK
Content-Type: application/json; charset=utf-8
cache-control: no-cache
content-length: 14

15:56:52.048 [AsyncHttpClient-1-3] DEBUG org.asynchttpclient.netty.channel.ChannelManager - Adding key: http://localhost:50506 for channel [id: 0xa149e3bf, L:/127.0.0.1:56748 - R:localhost/127.0.0.1:50506]
15:56:52.067 [Forwarding screenshot on session afa76e72e97aab6287bb570eef1ab5f4 to remote] DEBUG org.asynchttpclient.netty.request.NettyRequestSender - Using pooled Channel '[id: 0xa149e3bf, L:/127.0.0.1:56748 - R:localhost/127.0.0.1:50506]' for 'GET' to 'http://localhost:50506/session/afa76e72e97aab6287bb570eef1ab5f4/screenshot'
15:56:52.067 [Forwarding screenshot on session afa76e72e97aab6287bb570eef1ab5f4 to remote] DEBUG org.asynchttpclient.netty.request.NettyRequestSender - Using open Channel [id: 0xa149e3bf, L:/127.0.0.1:56748 - R:localhost/127.0.0.1:50506] for GET '/session/afa76e72e97aab6287bb570eef1ab5f4/screenshot'
15:56:52.323 [AsyncHttpClient-1-3] DEBUG org.asynchttpclient.netty.handler.HttpHandler - 

Request DefaultFullHttpRequest(decodeResult: success, version: HTTP/1.1, content: EmptyByteBufBE)
GET /session/afa76e72e97aab6287bb570eef1ab5f4/screenshot HTTP/1.1
User-Agent: selenium/4.1.2 (java windows)
Cache-Control: no-cache
Content-Type: application/json; charset=utf-8
host: localhost:50506
accept: */*

Response DefaultHttpResponse(decodeResult: success, version: HTTP/1.1)
HTTP/1.1 200 OK
Content-Type: application/json; charset=utf-8
cache-control: no-cache
content-length: 34044

15:56:52.324 [AsyncHttpClient-1-3] DEBUG org.asynchttpclient.netty.channel.ChannelManager - Adding key: http://localhost:50506 for channel [id: 0xa149e3bf, L:/127.0.0.1:56748 - R:localhost/127.0.0.1:50506]
15:56:52.327 [main] DEBUG net.serenitybdd.core.photography.Darkroom - Send negative for processing for target\site\serenity\77266ee3600e4e13900ab8ff7bc394159b4a68d056d7f9329ff21301caf5c315.png
15:56:52.328 [main] DEBUG net.thucydides.core.steps.StepInterceptor - STEP DONE: inputPassForRegist
  &amp#27;[32mAnd &amp#27;[0m&amp#27;[32mI input pass &amp#27;[0m&amp#27;[32m&amp#27;[1m""&amp#27;[0m                                  &amp#27;[90m# starter.stepdefinitions.RegisterSteps.inputPass(java.lang.String)&amp#27;[0m
15:56:52.329 [Darkroom Processing Line] DEBUG net.serenitybdd.core.photography.DarkroomProcessingLine - Processing screenshot image in /var/screenshots/screenshot-2054497407715346749
15:56:52.329 [Darkroom Processing Line] DEBUG net.serenitybdd.core.photography.DarkroomProcessingLine - Saving screenshot to target\site\serenity\77266ee3600e4e13900ab8ff7bc394159b4a68d056d7f9329ff21301caf5c315.png
15:56:52.360 [main] DEBUG net.thucydides.core.steps.StepInterceptor - STARTING STEP: RegisterSteps.clickRegisterButton - clickRegisButton
15:56:52.367 [Forwarding findElement on session afa76e72e97aab6287bb570eef1ab5f4 to remote] DEBUG org.asynchttpclient.netty.request.NettyRequestSender - Using pooled Channel '[id: 0xa149e3bf, L:/127.0.0.1:56748 - R:localhost/127.0.0.1:50506]' for 'POST' to 'http://localhost:50506/session/afa76e72e97aab6287bb570eef1ab5f4/element'
15:56:52.367 [Forwarding findElement on session afa76e72e97aab6287bb570eef1ab5f4 to remote] DEBUG org.asynchttpclient.netty.request.NettyRequestSender - Using open Channel [id: 0xa149e3bf, L:/127.0.0.1:56748 - R:localhost/127.0.0.1:50506] for POST '/session/afa76e72e97aab6287bb570eef1ab5f4/element'
15:56:52.386 [AsyncHttpClient-1-3] DEBUG org.asynchttpclient.netty.handler.HttpHandler - 

Request DefaultHttpRequest(decodeResult: success, version: HTTP/1.1)
POST /session/afa76e72e97aab6287bb570eef1ab5f4/element HTTP/1.1
User-Agent: selenium/4.1.2 (java windows)
Content-Length: 138
Content-Type: application/json; charset=utf-8
host: localhost:50506
accept: */*

Response DefaultHttpResponse(decodeResult: success, version: HTTP/1.1)
HTTP/1.1 200 OK
Content-Type: application/json; charset=utf-8
cache-control: no-cache
content-length: 88

15:56:52.387 [AsyncHttpClient-1-3] DEBUG org.asynchttpclient.netty.channel.ChannelManager - Adding key: http://localhost:50506 for channel [id: 0xa149e3bf, L:/127.0.0.1:56748 - R:localhost/127.0.0.1:50506]
15:56:52.389 [Forwarding getElementTagName on session afa76e72e97aab6287bb570eef1ab5f4 to remote] DEBUG org.asynchttpclient.netty.request.NettyRequestSender - Using pooled Channel '[id: 0xa149e3bf, L:/127.0.0.1:56748 - R:localhost/127.0.0.1:50506]' for 'GET' to 'http://localhost:50506/session/afa76e72e97aab6287bb570eef1ab5f4/element/fa93e347-8137-4e21-99df-6d8d67a1f213/name'
15:56:52.389 [Forwarding getElementTagName on session afa76e72e97aab6287bb570eef1ab5f4 to remote] DEBUG org.asynchttpclient.netty.request.NettyRequestSender - Using open Channel [id: 0xa149e3bf, L:/127.0.0.1:56748 - R:localhost/127.0.0.1:50506] for GET '/session/afa76e72e97aab6287bb570eef1ab5f4/element/fa93e347-8137-4e21-99df-6d8d67a1f213/name'
15:56:52.399 [AsyncHttpClient-1-3] DEBUG org.asynchttpclient.netty.handler.HttpHandler - 

Request DefaultFullHttpRequest(decodeResult: success, version: HTTP/1.1, content: EmptyByteBufBE)
GET /session/afa76e72e97aab6287bb570eef1ab5f4/element/fa93e347-8137-4e21-99df-6d8d67a1f213/name HTTP/1.1
User-Agent: selenium/4.1.2 (java windows)
Cache-Control: no-cache
Content-Type: application/json; charset=utf-8
host: localhost:50506
accept: */*

Response DefaultHttpResponse(decodeResult: success, version: HTTP/1.1)
HTTP/1.1 200 OK
Content-Type: application/json; charset=utf-8
cache-control: no-cache
content-length: 18

15:56:52.400 [AsyncHttpClient-1-3] DEBUG org.asynchttpclient.netty.channel.ChannelManager - Adding key: http://localhost:50506 for channel [id: 0xa149e3bf, L:/127.0.0.1:56748 - R:localhost/127.0.0.1:50506]
15:56:52.401 [Forwarding getElementTagName on session afa76e72e97aab6287bb570eef1ab5f4 to remote] DEBUG org.asynchttpclient.netty.request.NettyRequestSender - Using pooled Channel '[id: 0xa149e3bf, L:/127.0.0.1:56748 - R:localhost/127.0.0.1:50506]' for 'GET' to 'http://localhost:50506/session/afa76e72e97aab6287bb570eef1ab5f4/element/fa93e347-8137-4e21-99df-6d8d67a1f213/name'
15:56:52.401 [Forwarding getElementTagName on session afa76e72e97aab6287bb570eef1ab5f4 to remote] DEBUG org.asynchttpclient.netty.request.NettyRequestSender - Using open Channel [id: 0xa149e3bf, L:/127.0.0.1:56748 - R:localhost/127.0.0.1:50506] for GET '/session/afa76e72e97aab6287bb570eef1ab5f4/element/fa93e347-8137-4e21-99df-6d8d67a1f213/name'
15:56:52.406 [AsyncHttpClient-1-3] DEBUG org.asynchttpclient.netty.handler.HttpHandler - 

Request DefaultFullHttpRequest(decodeResult: success, version: HTTP/1.1, content: EmptyByteBufBE)
GET /session/afa76e72e97aab6287bb570eef1ab5f4/element/fa93e347-8137-4e21-99df-6d8d67a1f213/name HTTP/1.1
User-Agent: selenium/4.1.2 (java windows)
Cache-Control: no-cache
Content-Type: application/json; charset=utf-8
host: localhost:50506
accept: */*

Response DefaultHttpResponse(decodeResult: success, version: HTTP/1.1)
HTTP/1.1 200 OK
Content-Type: application/json; charset=utf-8
cache-control: no-cache
content-length: 18

15:56:52.406 [AsyncHttpClient-1-3] DEBUG org.asynchttpclient.netty.channel.ChannelManager - Adding key: http://localhost:50506 for channel [id: 0xa149e3bf, L:/127.0.0.1:56748 - R:localhost/127.0.0.1:50506]
15:56:52.412 [Forwarding isElementEnabled on session afa76e72e97aab6287bb570eef1ab5f4 to remote] DEBUG org.asynchttpclient.netty.request.NettyRequestSender - Using pooled Channel '[id: 0xa149e3bf, L:/127.0.0.1:56748 - R:localhost/127.0.0.1:50506]' for 'GET' to 'http://localhost:50506/session/afa76e72e97aab6287bb570eef1ab5f4/element/fa93e347-8137-4e21-99df-6d8d67a1f213/enabled'
15:56:52.412 [Forwarding isElementEnabled on session afa76e72e97aab6287bb570eef1ab5f4 to remote] DEBUG org.asynchttpclient.netty.request.NettyRequestSender - Using open Channel [id: 0xa149e3bf, L:/127.0.0.1:56748 - R:localhost/127.0.0.1:50506] for GET '/session/afa76e72e97aab6287bb570eef1ab5f4/element/fa93e347-8137-4e21-99df-6d8d67a1f213/enabled'
15:56:52.429 [AsyncHttpClient-1-3] DEBUG org.asynchttpclient.netty.handler.HttpHandler - 

Request DefaultFullHttpRequest(decodeResult: success, version: HTTP/1.1, content: EmptyByteBufBE)
GET /session/afa76e72e97aab6287bb570eef1ab5f4/element/fa93e347-8137-4e21-99df-6d8d67a1f213/enabled HTTP/1.1
User-Agent: selenium/4.1.2 (java windows)
Cache-Control: no-cache
Content-Type: application/json; charset=utf-8
host: localhost:50506
accept: */*

Response DefaultHttpResponse(decodeResult: success, version: HTTP/1.1)
HTTP/1.1 200 OK
Content-Type: application/json; charset=utf-8
cache-control: no-cache
content-length: 14

15:56:52.429 [AsyncHttpClient-1-3] DEBUG org.asynchttpclient.netty.channel.ChannelManager - Adding key: http://localhost:50506 for channel [id: 0xa149e3bf, L:/127.0.0.1:56748 - R:localhost/127.0.0.1:50506]
15:56:52.431 [Forwarding isElementEnabled on session afa76e72e97aab6287bb570eef1ab5f4 to remote] DEBUG org.asynchttpclient.netty.request.NettyRequestSender - Using pooled Channel '[id: 0xa149e3bf, L:/127.0.0.1:56748 - R:localhost/127.0.0.1:50506]' for 'GET' to 'http://localhost:50506/session/afa76e72e97aab6287bb570eef1ab5f4/element/fa93e347-8137-4e21-99df-6d8d67a1f213/enabled'
15:56:52.431 [Forwarding isElementEnabled on session afa76e72e97aab6287bb570eef1ab5f4 to remote] DEBUG org.asynchttpclient.netty.request.NettyRequestSender - Using open Channel [id: 0xa149e3bf, L:/127.0.0.1:56748 - R:localhost/127.0.0.1:50506] for GET '/session/afa76e72e97aab6287bb570eef1ab5f4/element/fa93e347-8137-4e21-99df-6d8d67a1f213/enabled'
15:56:52.440 [AsyncHttpClient-1-3] DEBUG org.asynchttpclient.netty.handler.HttpHandler - 

Request DefaultFullHttpRequest(decodeResult: success, version: HTTP/1.1, content: EmptyByteBufBE)
GET /session/afa76e72e97aab6287bb570eef1ab5f4/element/fa93e347-8137-4e21-99df-6d8d67a1f213/enabled HTTP/1.1
User-Agent: selenium/4.1.2 (java windows)
Cache-Control: no-cache
Content-Type: application/json; charset=utf-8
host: localhost:50506
accept: */*

Response DefaultHttpResponse(decodeResult: success, version: HTTP/1.1)
HTTP/1.1 200 OK
Content-Type: application/json; charset=utf-8
cache-control: no-cache
content-length: 14

15:56:52.440 [AsyncHttpClient-1-3] DEBUG org.asynchttpclient.netty.channel.ChannelManager - Adding key: http://localhost:50506 for channel [id: 0xa149e3bf, L:/127.0.0.1:56748 - R:localhost/127.0.0.1:50506]
15:56:52.444 [Forwarding findElement on session afa76e72e97aab6287bb570eef1ab5f4 to remote] DEBUG org.asynchttpclient.netty.request.NettyRequestSender - Using pooled Channel '[id: 0xa149e3bf, L:/127.0.0.1:56748 - R:localhost/127.0.0.1:50506]' for 'POST' to 'http://localhost:50506/session/afa76e72e97aab6287bb570eef1ab5f4/element'
15:56:52.444 [Forwarding findElement on session afa76e72e97aab6287bb570eef1ab5f4 to remote] DEBUG org.asynchttpclient.netty.request.NettyRequestSender - Using open Channel [id: 0xa149e3bf, L:/127.0.0.1:56748 - R:localhost/127.0.0.1:50506] for POST '/session/afa76e72e97aab6287bb570eef1ab5f4/element'
15:56:52.458 [AsyncHttpClient-1-3] DEBUG org.asynchttpclient.netty.handler.HttpHandler - 

Request DefaultHttpRequest(decodeResult: success, version: HTTP/1.1)
POST /session/afa76e72e97aab6287bb570eef1ab5f4/element HTTP/1.1
User-Agent: selenium/4.1.2 (java windows)
Content-Length: 138
Content-Type: application/json; charset=utf-8
host: localhost:50506
accept: */*

Response DefaultHttpResponse(decodeResult: success, version: HTTP/1.1)
HTTP/1.1 200 OK
Content-Type: application/json; charset=utf-8
cache-control: no-cache
content-length: 88

15:56:52.459 [AsyncHttpClient-1-3] DEBUG org.asynchttpclient.netty.channel.ChannelManager - Adding key: http://localhost:50506 for channel [id: 0xa149e3bf, L:/127.0.0.1:56748 - R:localhost/127.0.0.1:50506]
15:56:52.462 [Forwarding clickElement on session afa76e72e97aab6287bb570eef1ab5f4 to remote] DEBUG org.asynchttpclient.netty.request.NettyRequestSender - Using pooled Channel '[id: 0xa149e3bf, L:/127.0.0.1:56748 - R:localhost/127.0.0.1:50506]' for 'POST' to 'http://localhost:50506/session/afa76e72e97aab6287bb570eef1ab5f4/element/fa93e347-8137-4e21-99df-6d8d67a1f213/click'
15:56:52.462 [Forwarding clickElement on session afa76e72e97aab6287bb570eef1ab5f4 to remote] DEBUG org.asynchttpclient.netty.request.NettyRequestSender - Using open Channel [id: 0xa149e3bf, L:/127.0.0.1:56748 - R:localhost/127.0.0.1:50506] for POST '/session/afa76e72e97aab6287bb570eef1ab5f4/element/fa93e347-8137-4e21-99df-6d8d67a1f213/click'
15:56:52.566 [AsyncHttpClient-1-3] DEBUG org.asynchttpclient.netty.handler.HttpHandler - 

Request DefaultHttpRequest(decodeResult: success, version: HTTP/1.1)
POST /session/afa76e72e97aab6287bb570eef1ab5f4/element/fa93e347-8137-4e21-99df-6d8d67a1f213/click HTTP/1.1
User-Agent: selenium/4.1.2 (java windows)
Content-Length: 50
Content-Type: application/json; charset=utf-8
host: localhost:50506
accept: */*

Response DefaultHttpResponse(decodeResult: success, version: HTTP/1.1)
HTTP/1.1 200 OK
Content-Type: application/json; charset=utf-8
cache-control: no-cache
content-length: 14

15:56:52.566 [AsyncHttpClient-1-3] DEBUG org.asynchttpclient.netty.channel.ChannelManager - Adding key: http://localhost:50506 for channel [id: 0xa149e3bf, L:/127.0.0.1:56748 - R:localhost/127.0.0.1:50506]
15:56:52.578 [Forwarding screenshot on session afa76e72e97aab6287bb570eef1ab5f4 to remote] DEBUG org.asynchttpclient.netty.request.NettyRequestSender - Using pooled Channel '[id: 0xa149e3bf, L:/127.0.0.1:56748 - R:localhost/127.0.0.1:50506]' for 'GET' to 'http://localhost:50506/session/afa76e72e97aab6287bb570eef1ab5f4/screenshot'
15:56:52.578 [Forwarding screenshot on session afa76e72e97aab6287bb570eef1ab5f4 to remote] DEBUG org.asynchttpclient.netty.request.NettyRequestSender - Using open Channel [id: 0xa149e3bf, L:/127.0.0.1:56748 - R:localhost/127.0.0.1:50506] for GET '/session/afa76e72e97aab6287bb570eef1ab5f4/screenshot'
15:56:52.986 [AsyncHttpClient-1-1] DEBUG org.asynchttpclient.netty.channel.DefaultChannelPool - Entry count for : http://localhost:56750 : 1
15:56:52.989 [AsyncHttpClient-1-3] DEBUG org.asynchttpclient.netty.handler.HttpHandler - 

Request DefaultFullHttpRequest(decodeResult: success, version: HTTP/1.1, content: EmptyByteBufBE)
GET /session/afa76e72e97aab6287bb570eef1ab5f4/screenshot HTTP/1.1
User-Agent: selenium/4.1.2 (java windows)
Cache-Control: no-cache
Content-Type: application/json; charset=utf-8
host: localhost:50506
accept: */*

Response DefaultHttpResponse(decodeResult: success, version: HTTP/1.1)
HTTP/1.1 200 OK
Content-Type: application/json; charset=utf-8
cache-control: no-cache
content-length: 34456

15:56:52.989 [AsyncHttpClient-1-3] DEBUG org.asynchttpclient.netty.channel.ChannelManager - Adding key: http://localhost:50506 for channel [id: 0xa149e3bf, L:/127.0.0.1:56748 - R:localhost/127.0.0.1:50506]
15:56:52.992 [main] DEBUG net.serenitybdd.core.photography.Darkroom - Send negative for processing for target\site\serenity\6fa97ae3742336b13c3aaec4995a9434741d56aab591d7819ffbf711fdd8bfcf.png
15:56:52.992 [main] DEBUG net.thucydides.core.steps.StepInterceptor - STEP DONE: clickRegisButton
  &amp#27;[32mAnd &amp#27;[0m&amp#27;[32mclick register button&amp#27;[0m                            &amp#27;[90m# starter.stepdefinitions.RegisterSteps.clickRegisterButton()&amp#27;[0m
15:56:52.993 [Darkroom Processing Line] DEBUG net.serenitybdd.core.photography.DarkroomProcessingLine - Processing screenshot image in /var/screenshots/screenshot-11333832376888846471
15:56:52.993 [Darkroom Processing Line] DEBUG net.serenitybdd.core.photography.DarkroomProcessingLine - Saving screenshot to target\site\serenity\6fa97ae3742336b13c3aaec4995a9434741d56aab591d7819ffbf711fdd8bfcf.png
15:56:53.048 [Forwarding screenshot on session afa76e72e97aab6287bb570eef1ab5f4 to remote] DEBUG org.asynchttpclient.netty.request.NettyRequestSender - Using pooled Channel '[id: 0xa149e3bf, L:/127.0.0.1:56748 - R:localhost/127.0.0.1:50506]' for 'GET' to 'http://localhost:50506/session/afa76e72e97aab6287bb570eef1ab5f4/screenshot'
15:56:53.048 [Forwarding screenshot on session afa76e72e97aab6287bb570eef1ab5f4 to remote] DEBUG org.asynchttpclient.netty.request.NettyRequestSender - Using open Channel [id: 0xa149e3bf, L:/127.0.0.1:56748 - R:localhost/127.0.0.1:50506] for GET '/session/afa76e72e97aab6287bb570eef1ab5f4/screenshot'
15:56:53.352 [AsyncHttpClient-1-3] DEBUG org.asynchttpclient.netty.handler.HttpHandler - 

Request DefaultFullHttpRequest(decodeResult: success, version: HTTP/1.1, content: EmptyByteBufBE)
GET /session/afa76e72e97aab6287bb570eef1ab5f4/screenshot HTTP/1.1
User-Agent: selenium/4.1.2 (java windows)
Cache-Control: no-cache
Content-Type: application/json; charset=utf-8
host: localhost:50506
accept: */*

Response DefaultHttpResponse(decodeResult: success, version: HTTP/1.1)
HTTP/1.1 200 OK
Content-Type: application/json; charset=utf-8
cache-control: no-cache
content-length: 36120

15:56:53.353 [AsyncHttpClient-1-3] DEBUG org.asynchttpclient.netty.channel.ChannelManager - Adding key: http://localhost:50506 for channel [id: 0xa149e3bf, L:/127.0.0.1:56748 - R:localhost/127.0.0.1:50506]
15:56:53.355 [main] DEBUG net.serenitybdd.core.photography.Darkroom - Send negative for processing for target\site\serenity\2b600b7a96f8df0ac9ab9c38145d309db6911c457f30c4414a0a85a74cd4845b.png
15:56:53.356 [main] DEBUG net.thucydides.core.steps.StepInterceptor - STARTING STEP: RegisterSteps.iGetResult - alertSymbolAppears
15:56:53.358 [Darkroom Processing Line] DEBUG net.serenitybdd.core.photography.DarkroomProcessingLine - Processing screenshot image in /var/screenshots/screenshot-7816847209669641750
15:56:53.358 [Darkroom Processing Line] DEBUG net.serenitybdd.core.photography.DarkroomProcessingLine - Saving screenshot to target\site\serenity\2b600b7a96f8df0ac9ab9c38145d309db6911c457f30c4414a0a85a74cd4845b.png
15:56:53.359 [Forwarding findElement on session afa76e72e97aab6287bb570eef1ab5f4 to remote] DEBUG org.asynchttpclient.netty.request.NettyRequestSender - Using pooled Channel '[id: 0xa149e3bf, L:/127.0.0.1:56748 - R:localhost/127.0.0.1:50506]' for 'POST' to 'http://localhost:50506/session/afa76e72e97aab6287bb570eef1ab5f4/element'
15:56:53.359 [Forwarding findElement on session afa76e72e97aab6287bb570eef1ab5f4 to remote] DEBUG org.asynchttpclient.netty.request.NettyRequestSender - Using open Channel [id: 0xa149e3bf, L:/127.0.0.1:56748 - R:localhost/127.0.0.1:50506] for POST '/session/afa76e72e97aab6287bb570eef1ab5f4/element'
15:56:53.365 [AsyncHttpClient-1-3] DEBUG org.asynchttpclient.netty.handler.HttpHandler - 

Request DefaultHttpRequest(decodeResult: success, version: HTTP/1.1)
POST /session/afa76e72e97aab6287bb570eef1ab5f4/element HTTP/1.1
User-Agent: selenium/4.1.2 (java windows)
Content-Length: 53
Content-Type: application/json; charset=utf-8
host: localhost:50506
accept: */*

Response DefaultHttpResponse(decodeResult: success, version: HTTP/1.1)
HTTP/1.1 400 Bad Request
Content-Type: application/json; charset=utf-8
cache-control: no-cache
content-length: 957

15:56:53.374 [AsyncHttpClient-1-3] DEBUG org.asynchttpclient.netty.channel.ChannelManager - Adding key: http://localhost:50506 for channel [id: 0xa149e3bf, L:/127.0.0.1:56748 - R:localhost/127.0.0.1:50506]
15:56:53.377 [Forwarding findElement on session afa76e72e97aab6287bb570eef1ab5f4 to remote] DEBUG org.asynchttpclient.netty.request.NettyRequestSender - Using pooled Channel '[id: 0xa149e3bf, L:/127.0.0.1:56748 - R:localhost/127.0.0.1:50506]' for 'POST' to 'http://localhost:50506/session/afa76e72e97aab6287bb570eef1ab5f4/element'
15:56:53.377 [Forwarding findElement on session afa76e72e97aab6287bb570eef1ab5f4 to remote] DEBUG org.asynchttpclient.netty.request.NettyRequestSender - Using open Channel [id: 0xa149e3bf, L:/127.0.0.1:56748 - R:localhost/127.0.0.1:50506] for POST '/session/afa76e72e97aab6287bb570eef1ab5f4/element'
15:56:53.406 [AsyncHttpClient-1-3] DEBUG org.asynchttpclient.netty.handler.HttpHandler - 

Request DefaultHttpRequest(decodeResult: success, version: HTTP/1.1)
POST /session/afa76e72e97aab6287bb570eef1ab5f4/element HTTP/1.1
User-Agent: selenium/4.1.2 (java windows)
Content-Length: 63
Content-Type: application/json; charset=utf-8
host: localhost:50506
accept: */*

Response DefaultHttpResponse(decodeResult: success, version: HTTP/1.1)
HTTP/1.1 200 OK
Content-Type: application/json; charset=utf-8
cache-control: no-cache
content-length: 88

15:56:53.406 [AsyncHttpClient-1-3] DEBUG org.asynchttpclient.netty.channel.ChannelManager - Adding key: http://localhost:50506 for channel [id: 0xa149e3bf, L:/127.0.0.1:56748 - R:localhost/127.0.0.1:50506]
15:56:53.412 [Forwarding isElementDisplayed on session afa76e72e97aab6287bb570eef1ab5f4 to remote] DEBUG org.asynchttpclient.netty.request.NettyRequestSender - Using pooled Channel '[id: 0xa149e3bf, L:/127.0.0.1:56748 - R:localhost/127.0.0.1:50506]' for 'POST' to 'http://localhost:50506/session/afa76e72e97aab6287bb570eef1ab5f4/execute/sync'
15:56:53.412 [Forwarding isElementDisplayed on session afa76e72e97aab6287bb570eef1ab5f4 to remote] DEBUG org.asynchttpclient.netty.request.NettyRequestSender - Using open Channel [id: 0xa149e3bf, L:/127.0.0.1:56748 - R:localhost/127.0.0.1:50506] for POST '/session/afa76e72e97aab6287bb570eef1ab5f4/execute/sync'
15:56:53.442 [AsyncHttpClient-1-3] DEBUG org.asynchttpclient.netty.handler.HttpHandler - 

Request DefaultHttpRequest(decodeResult: success, version: HTTP/1.1)
POST /session/afa76e72e97aab6287bb570eef1ab5f4/execute/sync HTTP/1.1
User-Agent: selenium/4.1.2 (java windows)
Content-Length: 48780
Content-Type: application/json; charset=utf-8
host: localhost:50506
accept: */*

Response DefaultHttpResponse(decodeResult: success, version: HTTP/1.1)
HTTP/1.1 200 OK
Content-Type: application/json; charset=utf-8
cache-control: no-cache
content-length: 14

15:56:53.442 [AsyncHttpClient-1-3] DEBUG org.asynchttpclient.netty.channel.ChannelManager - Adding key: http://localhost:50506 for channel [id: 0xa149e3bf, L:/127.0.0.1:56748 - R:localhost/127.0.0.1:50506]
15:56:53.449 [Forwarding screenshot on session afa76e72e97aab6287bb570eef1ab5f4 to remote] DEBUG org.asynchttpclient.netty.request.NettyRequestSender - Using pooled Channel '[id: 0xa149e3bf, L:/127.0.0.1:56748 - R:localhost/127.0.0.1:50506]' for 'GET' to 'http://localhost:50506/session/afa76e72e97aab6287bb570eef1ab5f4/screenshot'
15:56:53.450 [Forwarding screenshot on session afa76e72e97aab6287bb570eef1ab5f4 to remote] DEBUG org.asynchttpclient.netty.request.NettyRequestSender - Using open Channel [id: 0xa149e3bf, L:/127.0.0.1:56748 - R:localhost/127.0.0.1:50506] for GET '/session/afa76e72e97aab6287bb570eef1ab5f4/screenshot'
15:56:53.623 [AsyncHttpClient-1-3] DEBUG org.asynchttpclient.netty.handler.HttpHandler - 

Request DefaultFullHttpRequest(decodeResult: success, version: HTTP/1.1, content: EmptyByteBufBE)
GET /session/afa76e72e97aab6287bb570eef1ab5f4/screenshot HTTP/1.1
User-Agent: selenium/4.1.2 (java windows)
Cache-Control: no-cache
Content-Type: application/json; charset=utf-8
host: localhost:50506
accept: */*

Response DefaultHttpResponse(decodeResult: success, version: HTTP/1.1)
HTTP/1.1 200 OK
Content-Type: application/json; charset=utf-8
cache-control: no-cache
content-length: 36128

15:56:53.623 [AsyncHttpClient-1-3] DEBUG org.asynchttpclient.netty.channel.ChannelManager - Adding key: http://localhost:50506 for channel [id: 0xa149e3bf, L:/127.0.0.1:56748 - R:localhost/127.0.0.1:50506]
15:56:53.625 [main] DEBUG net.serenitybdd.core.photography.Darkroom - Send negative for processing for target\site\serenity\3b29f9a40b7041fea9a241bc46a332498008561af390e7028701b8f0f2823d40.png
15:56:53.625 [main] DEBUG net.thucydides.core.steps.StepInterceptor - STEP DONE: alertSymbolAppears
15:56:53.626 [Darkroom Processing Line] DEBUG net.serenitybdd.core.photography.DarkroomProcessingLine - Processing screenshot image in /var/screenshots/screenshot-2555349986849338091
15:56:53.626 [Darkroom Processing Line] DEBUG net.serenitybdd.core.photography.DarkroomProcessingLine - Saving screenshot to target\site\serenity\3b29f9a40b7041fea9a241bc46a332498008561af390e7028701b8f0f2823d40.png
15:56:53.630 [Forwarding findElement on session afa76e72e97aab6287bb570eef1ab5f4 to remote] DEBUG org.asynchttpclient.netty.request.NettyRequestSender - Using pooled Channel '[id: 0xa149e3bf, L:/127.0.0.1:56748 - R:localhost/127.0.0.1:50506]' for 'POST' to 'http://localhost:50506/session/afa76e72e97aab6287bb570eef1ab5f4/element'
15:56:53.630 [Forwarding findElement on session afa76e72e97aab6287bb570eef1ab5f4 to remote] DEBUG org.asynchttpclient.netty.request.NettyRequestSender - Using open Channel [id: 0xa149e3bf, L:/127.0.0.1:56748 - R:localhost/127.0.0.1:50506] for POST '/session/afa76e72e97aab6287bb570eef1ab5f4/element'
15:56:53.640 [AsyncHttpClient-1-3] DEBUG org.asynchttpclient.netty.handler.HttpHandler - 

Request DefaultHttpRequest(decodeResult: success, version: HTTP/1.1)
POST /session/afa76e72e97aab6287bb570eef1ab5f4/element HTTP/1.1
User-Agent: selenium/4.1.2 (java windows)
Content-Length: 63
Content-Type: application/json; charset=utf-8
host: localhost:50506
accept: */*

Response DefaultHttpResponse(decodeResult: success, version: HTTP/1.1)
HTTP/1.1 200 OK
Content-Type: application/json; charset=utf-8
cache-control: no-cache
content-length: 88

15:56:53.640 [AsyncHttpClient-1-3] DEBUG org.asynchttpclient.netty.channel.ChannelManager - Adding key: http://localhost:50506 for channel [id: 0xa149e3bf, L:/127.0.0.1:56748 - R:localhost/127.0.0.1:50506]
15:56:53.641 [Forwarding getElementText on session afa76e72e97aab6287bb570eef1ab5f4 to remote] DEBUG org.asynchttpclient.netty.request.NettyRequestSender - Using pooled Channel '[id: 0xa149e3bf, L:/127.0.0.1:56748 - R:localhost/127.0.0.1:50506]' for 'GET' to 'http://localhost:50506/session/afa76e72e97aab6287bb570eef1ab5f4/element/69530667-e5ec-48f5-809b-053c2efce9d9/text'
15:56:53.641 [Forwarding getElementText on session afa76e72e97aab6287bb570eef1ab5f4 to remote] DEBUG org.asynchttpclient.netty.request.NettyRequestSender - Using open Channel [id: 0xa149e3bf, L:/127.0.0.1:56748 - R:localhost/127.0.0.1:50506] for GET '/session/afa76e72e97aab6287bb570eef1ab5f4/element/69530667-e5ec-48f5-809b-053c2efce9d9/text'
15:56:53.662 [AsyncHttpClient-1-3] DEBUG org.asynchttpclient.netty.handler.HttpHandler - 

Request DefaultFullHttpRequest(decodeResult: success, version: HTTP/1.1, content: EmptyByteBufBE)
GET /session/afa76e72e97aab6287bb570eef1ab5f4/element/69530667-e5ec-48f5-809b-053c2efce9d9/text HTTP/1.1
User-Agent: selenium/4.1.2 (java windows)
Cache-Control: no-cache
Content-Type: application/json; charset=utf-8
host: localhost:50506
accept: */*

Response DefaultHttpResponse(decodeResult: success, version: HTTP/1.1)
HTTP/1.1 200 OK
Content-Type: application/json; charset=utf-8
cache-control: no-cache
content-length: 12

15:56:53.662 [AsyncHttpClient-1-3] DEBUG org.asynchttpclient.netty.channel.ChannelManager - Adding key: http://localhost:50506 for channel [id: 0xa149e3bf, L:/127.0.0.1:56748 - R:localhost/127.0.0.1:50506]
  &amp#27;[32mThen &amp#27;[0m&amp#27;[32mI get the &amp#27;[0m&amp#27;[32m&amp#27;[1m"alert message: password is required"&amp#27;[0m &amp#27;[90m# starter.stepdefinitions.RegisterSteps.iGetResult(java.lang.String)&amp#27;[0m
15:56:53.676 [Forwarding screenshot on session afa76e72e97aab6287bb570eef1ab5f4 to remote] DEBUG org.asynchttpclient.netty.request.NettyRequestSender - Using pooled Channel '[id: 0xa149e3bf, L:/127.0.0.1:56748 - R:localhost/127.0.0.1:50506]' for 'GET' to 'http://localhost:50506/session/afa76e72e97aab6287bb570eef1ab5f4/screenshot'
15:56:53.676 [Forwarding screenshot on session afa76e72e97aab6287bb570eef1ab5f4 to remote] DEBUG org.asynchttpclient.netty.request.NettyRequestSender - Using open Channel [id: 0xa149e3bf, L:/127.0.0.1:56748 - R:localhost/127.0.0.1:50506] for GET '/session/afa76e72e97aab6287bb570eef1ab5f4/screenshot'
15:56:53.830 [AsyncHttpClient-1-3] DEBUG org.asynchttpclient.netty.handler.HttpHandler - 

Request DefaultFullHttpRequest(decodeResult: success, version: HTTP/1.1, content: EmptyByteBufBE)
GET /session/afa76e72e97aab6287bb570eef1ab5f4/screenshot HTTP/1.1
User-Agent: selenium/4.1.2 (java windows)
Cache-Control: no-cache
Content-Type: application/json; charset=utf-8
host: localhost:50506
accept: */*

Response DefaultHttpResponse(decodeResult: success, version: HTTP/1.1)
HTTP/1.1 200 OK
Content-Type: application/json; charset=utf-8
cache-control: no-cache
content-length: 36128

15:56:53.831 [AsyncHttpClient-1-3] DEBUG org.asynchttpclient.netty.channel.ChannelManager - Adding key: http://localhost:50506 for channel [id: 0xa149e3bf, L:/127.0.0.1:56748 - R:localhost/127.0.0.1:50506]
15:56:53.833 [main] DEBUG net.serenitybdd.core.photography.Darkroom - Send negative for processing for target\site\serenity\3b29f9a40b7041fea9a241bc46a332498008561af390e7028701b8f0f2823d40.png
15:56:53.836 [AsyncHttpClient-1-5] DEBUG org.asynchttpclient.netty.handler.WebSocketHandler - Channel Closed: [id: 0x54b8cf20, L:/127.0.0.1:56757 ! R:localhost/127.0.0.1:56750] with attribute NettyResponseFuture{currentRetry=5,
	isDone=1,
	isCancelled=0,
	asyncHandler=org.asynchttpclient.ws.WebSocketUpgradeHandler@6d82c724,
	nettyRequest=org.asynchttpclient.netty.request.NettyRequest@31d481ce,
	future=java.util.concurrent.CompletableFuture@2f2751a8[Completed normally],
	uri=ws://localhost:56750/devtools/browser/792db550-683b-496b-b1b5-9a208c81b037,
	keepAlive=true,
	redirectCount=0,
	timeoutsHolder=null,
	inAuth=0,
	touch=1652864204929}
15:56:53.836 [AsyncHttpClient-1-5] DEBUG org.asynchttpclient.netty.channel.ChannelManager - Closing Channel [id: 0x54b8cf20, L:/127.0.0.1:56757 ! R:localhost/127.0.0.1:56750] 
15:56:53.838 [Driver Command Executor] DEBUG org.asynchttpclient.netty.request.NettyRequestSender - Using pooled Channel '[id: 0xa149e3bf, L:/127.0.0.1:56748 - R:localhost/127.0.0.1:50506]' for 'DELETE' to 'http://localhost:50506/session/afa76e72e97aab6287bb570eef1ab5f4'
15:56:53.838 [Driver Command Executor] DEBUG org.asynchttpclient.netty.request.NettyRequestSender - Using open Channel [id: 0xa149e3bf, L:/127.0.0.1:56748 - R:localhost/127.0.0.1:50506] for DELETE '/session/afa76e72e97aab6287bb570eef1ab5f4'
15:56:54.060 [AsyncHttpClient-1-1] DEBUG org.asynchttpclient.netty.channel.DefaultChannelPool - Entry count for : http://localhost:56750 : 1
15:56:54.125 [AsyncHttpClient-1-4] DEBUG org.asynchttpclient.netty.handler.HttpHandler - Unexpected I/O exception on channel [id: 0x0248ff92, L:/127.0.0.1:56756 - R:localhost/127.0.0.1:56750]
java.net.SocketException: Connection reset
	at java.base/sun.nio.ch.SocketChannelImpl.throwConnectionReset(SocketChannelImpl.java:367)
	at java.base/sun.nio.ch.SocketChannelImpl.read(SocketChannelImpl.java:398)
	at io.netty.buffer.PooledByteBuf.setBytes(PooledByteBuf.java:258)
	at io.netty.buffer.AbstractByteBuf.writeBytes(AbstractByteBuf.java:1132)
	at io.netty.channel.socket.nio.NioSocketChannel.doReadBytes(NioSocketChannel.java:350)
	at io.netty.channel.nio.AbstractNioByteChannel$NioByteUnsafe.read(AbstractNioByteChannel.java:151)
	at io.netty.channel.nio.NioEventLoop.processSelectedKey(NioEventLoop.java:722)
	at io.netty.channel.nio.NioEventLoop.processSelectedKeysOptimized(NioEventLoop.java:658)
	at io.netty.channel.nio.NioEventLoop.processSelectedKeys(NioEventLoop.java:584)
	at io.netty.channel.nio.NioEventLoop.run(NioEventLoop.java:496)
	at io.netty.util.concurrent.SingleThreadEventExecutor$4.run(SingleThreadEventExecutor.java:986)
	at io.netty.util.internal.ThreadExecutorMap$2.run(ThreadExecutorMap.java:74)
	at io.netty.util.concurrent.FastThreadLocalRunnable.run(FastThreadLocalRunnable.java:30)
	at java.base/java.lang.Thread.run(Thread.java:832)
15:56:54.125 [AsyncHttpClient-1-4] DEBUG org.asynchttpclient.netty.channel.ChannelManager - Closing Channel [id: 0x0248ff92, L:/127.0.0.1:56756 - R:localhost/127.0.0.1:56750] 
15:56:54.126 [AsyncHttpClient-1-4] DEBUG org.asynchttpclient.netty.handler.HttpHandler - Channel Closed: [id: 0x0248ff92, L:/127.0.0.1:56756 ! R:localhost/127.0.0.1:56750] with attribute DISCARD
15:56:54.152 [AsyncHttpClient-1-3] DEBUG org.asynchttpclient.netty.handler.HttpHandler - 

Request DefaultFullHttpRequest(decodeResult: success, version: HTTP/1.1, content: EmptyByteBufBE)
DELETE /session/afa76e72e97aab6287bb570eef1ab5f4 HTTP/1.1
User-Agent: selenium/4.1.2 (java windows)
Content-Type: application/json; charset=utf-8
host: localhost:50506
accept: */*

Response DefaultHttpResponse(decodeResult: success, version: HTTP/1.1)
HTTP/1.1 200 OK
Content-Type: application/json; charset=utf-8
cache-control: no-cache
content-length: 14

15:56:54.153 [AsyncHttpClient-1-3] DEBUG org.asynchttpclient.netty.channel.ChannelManager - Adding key: http://localhost:50506 for channel [id: 0xa149e3bf, L:/127.0.0.1:56748 - R:localhost/127.0.0.1:50506]
15:56:54.514 [AsyncHttpClient-1-3] DEBUG org.asynchttpclient.netty.handler.HttpHandler - Channel Closed: [id: 0xa149e3bf, L:/127.0.0.1:56748 ! R:localhost/127.0.0.1:50506] with attribute DISCARD
]]></system-out>
    <system-err><![CDATA[Starting ChromeDriver 100.0.4896.60 (6a5d10861ce8de5fce22564658033b43cb7de047-refs/branch-heads/4896@{#875}) on port 50506
Only local connections are allowed.
Please see https://chromedriver.chromium.org/security-considerations for suggestions on keeping ChromeDriver safe.
ChromeDriver was started successfully.
[1652864204.256][WARNING]: This version of ChromeDriver has not been tested with Chrome version 101.
May 18, 2022 3:56:44 PM org.openqa.selenium.remote.ProtocolHandshake createSession
INFO: Detected dialect: W3C
May 18, 2022 3:56:44 PM org.openqa.selenium.devtools.CdpVersionFinder findNearestMatch
WARNING: Unable to find an exact match for CDP version 101, so returning the closest version found: 97
May 18, 2022 3:56:44 PM org.openqa.selenium.devtools.CdpVersionFinder findNearestMatch
INFO: Found CDP implementation for version 101 of 97
]]></system-err>
  </testcase>
</testsuite>